[2026-03-23 21:59:18 +0000] [1] [INFO] Starting gunicorn 23.0.0
[2026-03-23 21:59:18 +0000] [1] [INFO] Listening at: http://0.0.0.0:8080 (1)
[2026-03-23 21:59:18 +0000] [1] [INFO] Using worker: uvicorn.workers.UvicornWorker
[2026-03-23 21:59:18 +0000] [7] [INFO] Booting worker with pid: 7
[2026-03-23 21:59:18 +0000] [8] [INFO] Booting worker with pid: 8
[2026-03-23 21:59:18 +0000] [7] [INFO] Started server process [7]
[2026-03-23 21:59:18 +0000] [7] [INFO] Waiting for application startup.
[2026-03-23 21:59:18 +0000] [7] [INFO] Application startup complete.
[2026-03-23 21:59:18 +0000] [8] [INFO] Started server process [8]
[2026-03-23 21:59:18 +0000] [8] [INFO] Waiting for application startup.
[2026-03-23 21:59:18 +0000] [8] [INFO] Application startup complete.
[2026-03-23 21:59:18 +0000] [11] [INFO] Booting worker with pid: 11
[2026-03-23 21:59:18 +0000] [12] [INFO] Booting worker with pid: 12
[2026-03-23 21:59:18 +0000] [11] [INFO] Started server process [11]
[2026-03-23 21:59:18 +0000] [11] [INFO] Waiting for application startup.
[2026-03-23 21:59:18 +0000] [11] [INFO] Application startup complete.
[2026-03-23 21:59:18 +0000] [12] [INFO] Started server process [12]
[2026-03-23 21:59:18 +0000] [12] [INFO] Waiting for application startup.
[2026-03-23 21:59:18 +0000] [12] [INFO] Application startup complete.
[2026-03-23 21:59:18 +0000] [15] [INFO] Booting worker with pid: 15
[2026-03-23 21:59:18 +0000] [16] [INFO] Booting worker with pid: 16
[2026-03-23 21:59:18 +0000] [15] [INFO] Started server process [15]
[2026-03-23 21:59:18 +0000] [15] [INFO] Waiting for application startup.
[2026-03-23 21:59:18 +0000] [15] [INFO] Application startup complete.
[2026-03-23 21:59:18 +0000] [16] [INFO] Started server process [16]
[2026-03-23 21:59:18 +0000] [16] [INFO] Waiting for application startup.
[2026-03-23 21:59:18 +0000] [16] [INFO] Application startup complete.
[2026-03-23 21:59:18 +0000] [19] [INFO] Booting worker with pid: 19
[2026-03-23 21:59:18 +0000] [19] [INFO] Started server process [19]
[2026-03-23 21:59:18 +0000] [19] [INFO] Waiting for application startup.
[2026-03-23 21:59:18 +0000] [19] [INFO] Application startup complete.
[2026-03-23 21:59:18 +0000] [21] [INFO] Booting worker with pid: 21
[2026-03-23 21:59:18 +0000] [22] [INFO] Booting worker with pid: 22
[2026-03-23 21:59:18 +0000] [23] [INFO] Booting worker with pid: 23
[2026-03-23 21:59:18 +0000] [21] [INFO] Started server process [21]
[2026-03-23 21:59:18 +0000] [21] [INFO] Waiting for application startup.
[2026-03-23 21:59:18 +0000] [21] [INFO] Application startup complete.
[2026-03-23 21:59:18 +0000] [22] [INFO] Started server process [22]
[2026-03-23 21:59:18 +0000] [22] [INFO] Waiting for application startup.
[2026-03-23 21:59:18 +0000] [22] [INFO] Application startup complete.
[2026-03-23 21:59:18 +0000] [23] [INFO] Started server process [23]
[2026-03-23 21:59:18 +0000] [23] [INFO] Waiting for application startup.
[2026-03-23 21:59:18 +0000] [23] [INFO] Application startup complete.
[2026-03-23 21:59:18 +0000] [27] [INFO] Booting worker with pid: 27
[2026-03-23 21:59:18 +0000] [28] [INFO] Booting worker with pid: 28
[2026-03-23 21:59:18 +0000] [27] [INFO] Started server process [27]
[2026-03-23 21:59:18 +0000] [27] [INFO] Waiting for application startup.
[2026-03-23 21:59:18 +0000] [27] [INFO] Application startup complete.
[2026-03-23 21:59:18 +0000] [28] [INFO] Started server process [28]
[2026-03-23 21:59:18 +0000] [28] [INFO] Waiting for application startup.
[2026-03-23 21:59:18 +0000] [28] [INFO] Application startup complete.
[2026-03-23 21:59:18 +0000] [31] [INFO] Booting worker with pid: 31
[2026-03-23 21:59:19 +0000] [31] [INFO] Started server process [31]
[2026-03-23 21:59:19 +0000] [31] [INFO] Waiting for application startup.
[2026-03-23 21:59:19 +0000] [31] [INFO] Application startup complete.
[2026-03-23 21:59:19 +0000] [33] [INFO] Booting worker with pid: 33
[2026-03-23 21:59:19 +0000] [33] [INFO] Started server process [33]
[2026-03-23 21:59:19 +0000] [33] [INFO] Waiting for application startup.
[2026-03-23 21:59:19 +0000] [33] [INFO] Application startup complete.
[2026-03-23 21:59:19 +0000] [35] [INFO] Booting worker with pid: 35
[2026-03-23 21:59:19 +0000] [36] [INFO] Booting worker with pid: 36
[2026-03-23 21:59:19 +0000] [37] [INFO] Booting worker with pid: 37
[2026-03-23 21:59:19 +0000] [35] [INFO] Started server process [35]
[2026-03-23 21:59:19 +0000] [35] [INFO] Waiting for application startup.
[2026-03-23 21:59:19 +0000] [35] [INFO] Application startup complete.
[2026-03-23 21:59:19 +0000] [39] [INFO] Booting worker with pid: 39
[2026-03-23 21:59:19 +0000] [36] [INFO] Started server process [36]
[2026-03-23 21:59:19 +0000] [36] [INFO] Waiting for application startup.
[2026-03-23 21:59:19 +0000] [36] [INFO] Application startup complete.
[2026-03-23 21:59:19 +0000] [37] [INFO] Started server process [37]
[2026-03-23 21:59:19 +0000] [37] [INFO] Waiting for application startup.
[2026-03-23 21:59:19 +0000] [37] [INFO] Application startup complete.
[2026-03-23 21:59:19 +0000] [42] [INFO] Booting worker with pid: 42
[2026-03-23 21:59:19 +0000] [39] [INFO] Started server process [39]
[2026-03-23 21:59:19 +0000] [39] [INFO] Waiting for application startup.
[2026-03-23 21:59:19 +0000] [39] [INFO] Application startup complete.
[2026-03-23 21:59:19 +0000] [44] [INFO] Booting worker with pid: 44
[2026-03-23 21:59:19 +0000] [42] [INFO] Started server process [42]
[2026-03-23 21:59:19 +0000] [42] [INFO] Waiting for application startup.
[2026-03-23 21:59:19 +0000] [42] [INFO] Application startup complete.
[2026-03-23 21:59:19 +0000] [47] [INFO] Booting worker with pid: 47
[2026-03-23 21:59:19 +0000] [44] [INFO] Started server process [44]
[2026-03-23 21:59:19 +0000] [44] [INFO] Waiting for application startup.
[2026-03-23 21:59:19 +0000] [44] [INFO] Application startup complete.
[2026-03-23 21:59:19 +0000] [48] [INFO] Booting worker with pid: 48
[2026-03-23 21:59:19 +0000] [47] [INFO] Started server process [47]
[2026-03-23 21:59:19 +0000] [47] [INFO] Waiting for application startup.
[2026-03-23 21:59:19 +0000] [47] [INFO] Application startup complete.
[2026-03-23 21:59:19 +0000] [50] [INFO] Booting worker with pid: 50
[2026-03-23 21:59:19 +0000] [48] [INFO] Started server process [48]
[2026-03-23 21:59:19 +0000] [48] [INFO] Waiting for application startup.
[2026-03-23 21:59:19 +0000] [48] [INFO] Application startup complete.
[2026-03-23 21:59:19 +0000] [53] [INFO] Booting worker with pid: 53
[2026-03-23 21:59:19 +0000] [50] [INFO] Started server process [50]
[2026-03-23 21:59:19 +0000] [50] [INFO] Waiting for application startup.
[2026-03-23 21:59:19 +0000] [50] [INFO] Application startup complete.
[2026-03-23 21:59:19 +0000] [54] [INFO] Booting worker with pid: 54
[2026-03-23 21:59:19 +0000] [53] [INFO] Started server process [53]
[2026-03-23 21:59:19 +0000] [53] [INFO] Waiting for application startup.
[2026-03-23 21:59:19 +0000] [53] [INFO] Application startup complete.
[2026-03-23 21:59:19 +0000] [54] [INFO] Started server process [54]
[2026-03-23 21:59:19 +0000] [54] [INFO] Waiting for application startup.
[2026-03-23 21:59:19 +0000] [54] [INFO] Application startup complete.
[2026-03-23 21:59:19 +0000] [57] [INFO] Booting worker with pid: 57
[2026-03-23 21:59:19 +0000] [59] [INFO] Booting worker with pid: 59
[2026-03-23 21:59:19 +0000] [57] [INFO] Started server process [57]
[2026-03-23 21:59:19 +0000] [57] [INFO] Waiting for application startup.
[2026-03-23 21:59:19 +0000] [57] [INFO] Application startup complete.
[2026-03-23 21:59:19 +0000] [60] [INFO] Booting worker with pid: 60
[2026-03-23 21:59:19 +0000] [61] [INFO] Booting worker with pid: 61
[2026-03-23 21:59:19 +0000] [59] [INFO] Started server process [59]
[2026-03-23 21:59:19 +0000] [59] [INFO] Waiting for application startup.
[2026-03-23 21:59:19 +0000] [59] [INFO] Application startup complete.
[2026-03-23 21:59:19 +0000] [60] [INFO] Started server process [60]
[2026-03-23 21:59:19 +0000] [60] [INFO] Waiting for application startup.
[2026-03-23 21:59:19 +0000] [60] [INFO] Application startup complete.
[2026-03-23 21:59:19 +0000] [64] [INFO] Booting worker with pid: 64
[2026-03-23 21:59:19 +0000] [66] [INFO] Booting worker with pid: 66
[2026-03-23 21:59:19 +0000] [61] [INFO] Started server process [61]
[2026-03-23 21:59:19 +0000] [61] [INFO] Waiting for application startup.
[2026-03-23 21:59:19 +0000] [61] [INFO] Application startup complete.
[2026-03-23 21:59:19 +0000] [67] [INFO] Booting worker with pid: 67
[2026-03-23 21:59:19 +0000] [68] [INFO] Booting worker with pid: 68
[2026-03-23 21:59:19 +0000] [64] [INFO] Started server process [64]
[2026-03-23 21:59:19 +0000] [64] [INFO] Waiting for application startup.
[2026-03-23 21:59:19 +0000] [64] [INFO] Application startup complete.
[2026-03-23 21:59:19 +0000] [66] [INFO] Started server process [66]
[2026-03-23 21:59:19 +0000] [66] [INFO] Waiting for application startup.
[2026-03-23 21:59:19 +0000] [66] [INFO] Application startup complete.
[2026-03-23 21:59:19 +0000] [67] [INFO] Started server process [67]
[2026-03-23 21:59:19 +0000] [67] [INFO] Waiting for application startup.
[2026-03-23 21:59:19 +0000] [67] [INFO] Application startup complete.
[2026-03-23 21:59:19 +0000] [68] [INFO] Started server process [68]
[2026-03-23 21:59:19 +0000] [68] [INFO] Waiting for application startup.
[2026-03-23 21:59:19 +0000] [68] [INFO] Application startup complete.
[2026-03-23 21:59:19 +0000] [73] [INFO] Booting worker with pid: 73
[2026-03-23 21:59:19 +0000] [74] [INFO] Booting worker with pid: 74
[2026-03-23 21:59:20 +0000] [77] [INFO] Booting worker with pid: 77
[2026-03-23 21:59:20 +0000] [74] [INFO] Started server process [74]
[2026-03-23 21:59:20 +0000] [74] [INFO] Waiting for application startup.
[2026-03-23 21:59:20 +0000] [74] [INFO] Application startup complete.
[2026-03-23 21:59:20 +0000] [73] [INFO] Started server process [73]
[2026-03-23 21:59:20 +0000] [73] [INFO] Waiting for application startup.
[2026-03-23 21:59:20 +0000] [73] [INFO] Application startup complete.
[2026-03-23 21:59:20 +0000] [77] [INFO] Started server process [77]
[2026-03-23 21:59:20 +0000] [77] [INFO] Waiting for application startup.
[2026-03-23 21:59:20 +0000] [77] [INFO] Application startup complete.
[2026-03-23 21:59:20 +0000] [79] [INFO] Booting worker with pid: 79
[2026-03-23 21:59:20 +0000] [80] [INFO] Booting worker with pid: 80
[2026-03-23 21:59:20 +0000] [79] [INFO] Started server process [79]
[2026-03-23 21:59:20 +0000] [79] [INFO] Waiting for application startup.
[2026-03-23 21:59:20 +0000] [79] [INFO] Application startup complete.
[2026-03-23 21:59:20 +0000] [80] [INFO] Started server process [80]
[2026-03-23 21:59:20 +0000] [80] [INFO] Waiting for application startup.
[2026-03-23 21:59:20 +0000] [80] [INFO] Application startup complete.
[2026-03-23 21:59:20 +0000] [83] [INFO] Booting worker with pid: 83
[2026-03-23 21:59:20 +0000] [83] [INFO] Started server process [83]
[2026-03-23 21:59:20 +0000] [83] [INFO] Waiting for application startup.
[2026-03-23 21:59:20 +0000] [83] [INFO] Application startup complete.
[2026-03-23 21:59:20 +0000] [85] [INFO] Booting worker with pid: 85
[2026-03-23 21:59:20 +0000] [86] [INFO] Booting worker with pid: 86
[2026-03-23 21:59:20 +0000] [87] [INFO] Booting worker with pid: 87
[2026-03-23 21:59:20 +0000] [89] [INFO] Booting worker with pid: 89
[2026-03-23 21:59:20 +0000] [85] [INFO] Started server process [85]
[2026-03-23 21:59:20 +0000] [85] [INFO] Waiting for application startup.
[2026-03-23 21:59:20 +0000] [85] [INFO] Application startup complete.
[2026-03-23 21:59:20 +0000] [86] [INFO] Started server process [86]
[2026-03-23 21:59:20 +0000] [86] [INFO] Waiting for application startup.
[2026-03-23 21:59:20 +0000] [86] [INFO] Application startup complete.
[2026-03-23 21:59:20 +0000] [87] [INFO] Started server process [87]
[2026-03-23 21:59:20 +0000] [87] [INFO] Waiting for application startup.
[2026-03-23 21:59:20 +0000] [87] [INFO] Application startup complete.
[2026-03-23 21:59:20 +0000] [93] [INFO] Booting worker with pid: 93
[2026-03-23 21:59:20 +0000] [89] [INFO] Started server process [89]
[2026-03-23 21:59:20 +0000] [89] [INFO] Waiting for application startup.
[2026-03-23 21:59:20 +0000] [89] [INFO] Application startup complete.
[2026-03-23 21:59:20 +0000] [94] [INFO] Booting worker with pid: 94
[2026-03-23 21:59:20 +0000] [93] [INFO] Started server process [93]
[2026-03-23 21:59:20 +0000] [93] [INFO] Waiting for application startup.
[2026-03-23 21:59:20 +0000] [93] [INFO] Application startup complete.
[2026-03-23 21:59:20 +0000] [96] [INFO] Booting worker with pid: 96
[2026-03-23 21:59:20 +0000] [94] [INFO] Started server process [94]
[2026-03-23 21:59:20 +0000] [94] [INFO] Waiting for application startup.
[2026-03-23 21:59:20 +0000] [94] [INFO] Application startup complete.
[2026-03-23 21:59:20 +0000] [98] [INFO] Booting worker with pid: 98
[2026-03-23 21:59:20 +0000] [99] [INFO] Booting worker with pid: 99
[2026-03-23 21:59:20 +0000] [96] [INFO] Started server process [96]
[2026-03-23 21:59:20 +0000] [96] [INFO] Waiting for application startup.
[2026-03-23 21:59:20 +0000] [96] [INFO] Application startup complete.
[2026-03-23 21:59:20 +0000] [98] [INFO] Started server process [98]
[2026-03-23 21:59:20 +0000] [98] [INFO] Waiting for application startup.
[2026-03-23 21:59:20 +0000] [98] [INFO] Application startup complete.
[2026-03-23 21:59:20 +0000] [99] [INFO] Started server process [99]
[2026-03-23 21:59:20 +0000] [99] [INFO] Waiting for application startup.
[2026-03-23 21:59:20 +0000] [99] [INFO] Application startup complete.
[2026-03-23 21:59:20 +0000] [103] [INFO] Booting worker with pid: 103
[2026-03-23 21:59:20 +0000] [104] [INFO] Booting worker with pid: 104
[2026-03-23 21:59:20 +0000] [103] [INFO] Started server process [103]
[2026-03-23 21:59:20 +0000] [103] [INFO] Waiting for application startup.
[2026-03-23 21:59:20 +0000] [103] [INFO] Application startup complete.
[2026-03-23 21:59:20 +0000] [106] [INFO] Booting worker with pid: 106
[2026-03-23 21:59:20 +0000] [104] [INFO] Started server process [104]
[2026-03-23 21:59:20 +0000] [104] [INFO] Waiting for application startup.
[2026-03-23 21:59:20 +0000] [104] [INFO] Application startup complete.
[2026-03-23 21:59:20 +0000] [109] [INFO] Booting worker with pid: 109
[2026-03-23 21:59:20 +0000] [106] [INFO] Started server process [106]
[2026-03-23 21:59:20 +0000] [106] [INFO] Waiting for application startup.
[2026-03-23 21:59:20 +0000] [106] [INFO] Application startup complete.
[2026-03-23 21:59:20 +0000] [110] [INFO] Booting worker with pid: 110
[2026-03-23 21:59:20 +0000] [111] [INFO] Booting worker with pid: 111
[2026-03-23 21:59:20 +0000] [113] [INFO] Booting worker with pid: 113
[2026-03-23 21:59:20 +0000] [109] [INFO] Started server process [109]
[2026-03-23 21:59:20 +0000] [109] [INFO] Waiting for application startup.
[2026-03-23 21:59:20 +0000] [109] [INFO] Application startup complete.
[2026-03-23 21:59:21 +0000] [110] [INFO] Started server process [110]
[2026-03-23 21:59:21 +0000] [110] [INFO] Waiting for application startup.
[2026-03-23 21:59:21 +0000] [110] [INFO] Application startup complete.
[2026-03-23 21:59:21 +0000] [115] [INFO] Booting worker with pid: 115
[2026-03-23 21:59:21 +0000] [118] [INFO] Booting worker with pid: 118
[2026-03-23 21:59:21 +0000] [111] [INFO] Started server process [111]
[2026-03-23 21:59:21 +0000] [111] [INFO] Waiting for application startup.
[2026-03-23 21:59:21 +0000] [111] [INFO] Application startup complete.
[2026-03-23 21:59:21 +0000] [119] [INFO] Booting worker with pid: 119
[2026-03-23 21:59:21 +0000] [113] [INFO] Started server process [113]
[2026-03-23 21:59:21 +0000] [113] [INFO] Waiting for application startup.
[2026-03-23 21:59:21 +0000] [113] [INFO] Application startup complete.
[2026-03-23 21:59:21 +0000] [121] [INFO] Booting worker with pid: 121
[2026-03-23 21:59:21 +0000] [115] [INFO] Started server process [115]
[2026-03-23 21:59:21 +0000] [115] [INFO] Waiting for application startup.
[2026-03-23 21:59:21 +0000] [115] [INFO] Application startup complete.
[2026-03-23 21:59:21 +0000] [118] [INFO] Started server process [118]
[2026-03-23 21:59:21 +0000] [118] [INFO] Waiting for application startup.
[2026-03-23 21:59:21 +0000] [118] [INFO] Application startup complete.
[2026-03-23 21:59:21 +0000] [124] [INFO] Booting worker with pid: 124
[2026-03-23 21:59:21 +0000] [119] [INFO] Started server process [119]
[2026-03-23 21:59:21 +0000] [119] [INFO] Waiting for application startup.
[2026-03-23 21:59:21 +0000] [119] [INFO] Application startup complete.
[2026-03-23 21:59:21 +0000] [121] [INFO] Started server process [121]
[2026-03-23 21:59:21 +0000] [121] [INFO] Waiting for application startup.
[2026-03-23 21:59:21 +0000] [121] [INFO] Application startup complete.
[2026-03-23 21:59:21 +0000] [127] [INFO] Booting worker with pid: 127
[2026-03-23 21:59:21 +0000] [124] [INFO] Started server process [124]
[2026-03-23 21:59:21 +0000] [124] [INFO] Waiting for application startup.
[2026-03-23 21:59:21 +0000] [124] [INFO] Application startup complete.
[2026-03-23 21:59:21 +0000] [129] [INFO] Booting worker with pid: 129
[2026-03-23 21:59:21 +0000] [127] [INFO] Started server process [127]
[2026-03-23 21:59:21 +0000] [127] [INFO] Waiting for application startup.
[2026-03-23 21:59:21 +0000] [127] [INFO] Application startup complete.
[2026-03-23 21:59:21 +0000] [130] [INFO] Booting worker with pid: 130
[2026-03-23 21:59:21 +0000] [132] [INFO] Booting worker with pid: 132
[2026-03-23 21:59:21 +0000] [129] [INFO] Started server process [129]
[2026-03-23 21:59:21 +0000] [129] [INFO] Waiting for application startup.
[2026-03-23 21:59:21 +0000] [129] [INFO] Application startup complete.
[2026-03-23 21:59:21 +0000] [130] [INFO] Started server process [130]
[2026-03-23 21:59:21 +0000] [130] [INFO] Waiting for application startup.
[2026-03-23 21:59:21 +0000] [130] [INFO] Application startup complete.
[2026-03-23 21:59:21 +0000] [132] [INFO] Started server process [132]
[2026-03-23 21:59:21 +0000] [132] [INFO] Waiting for application startup.
[2026-03-23 21:59:21 +0000] [132] [INFO] Application startup complete.
[2026-03-23 21:59:21 +0000] [135] [INFO] Booting worker with pid: 135
[2026-03-23 21:59:21 +0000] [136] [INFO] Booting worker with pid: 136
[2026-03-23 21:59:21 +0000] [135] [INFO] Started server process [135]
[2026-03-23 21:59:21 +0000] [135] [INFO] Waiting for application startup.
[2026-03-23 21:59:21 +0000] [135] [INFO] Application startup complete.
[2026-03-23 21:59:21 +0000] [139] [INFO] Booting worker with pid: 139
[2026-03-23 21:59:21 +0000] [140] [INFO] Booting worker with pid: 140
[2026-03-23 21:59:21 +0000] [136] [INFO] Started server process [136]
[2026-03-23 21:59:21 +0000] [136] [INFO] Waiting for application startup.
[2026-03-23 21:59:21 +0000] [136] [INFO] Application startup complete.
[2026-03-23 21:59:21 +0000] [141] [INFO] Booting worker with pid: 141
[2026-03-23 21:59:21 +0000] [142] [INFO] Booting worker with pid: 142
[2026-03-23 21:59:21 +0000] [139] [INFO] Started server process [139]
[2026-03-23 21:59:21 +0000] [139] [INFO] Waiting for application startup.
[2026-03-23 21:59:21 +0000] [139] [INFO] Application startup complete.
[2026-03-23 21:59:21 +0000] [140] [INFO] Started server process [140]
[2026-03-23 21:59:21 +0000] [140] [INFO] Waiting for application startup.
[2026-03-23 21:59:21 +0000] [140] [INFO] Application startup complete.
[2026-03-23 21:59:21 +0000] [141] [INFO] Started server process [141]
[2026-03-23 21:59:21 +0000] [141] [INFO] Waiting for application startup.
[2026-03-23 21:59:21 +0000] [141] [INFO] Application startup complete.
[2026-03-23 21:59:21 +0000] [147] [INFO] Booting worker with pid: 147
[2026-03-23 21:59:21 +0000] [142] [INFO] Started server process [142]
[2026-03-23 21:59:21 +0000] [142] [INFO] Waiting for application startup.
[2026-03-23 21:59:21 +0000] [142] [INFO] Application startup complete.
[2026-03-23 21:59:21 +0000] [148] [INFO] Booting worker with pid: 148
[2026-03-23 21:59:21 +0000] [147] [INFO] Started server process [147]
[2026-03-23 21:59:21 +0000] [147] [INFO] Waiting for application startup.
[2026-03-23 21:59:21 +0000] [147] [INFO] Application startup complete.
[2026-03-23 21:59:21 +0000] [151] [INFO] Booting worker with pid: 151
[2026-03-23 21:59:21 +0000] [148] [INFO] Started server process [148]
[2026-03-23 21:59:21 +0000] [148] [INFO] Waiting for application startup.
[2026-03-23 21:59:21 +0000] [148] [INFO] Application startup complete.
[2026-03-23 21:59:21 +0000] [152] [INFO] Booting worker with pid: 152
[2026-03-23 21:59:21 +0000] [151] [INFO] Started server process [151]
[2026-03-23 21:59:21 +0000] [151] [INFO] Waiting for application startup.
[2026-03-23 21:59:21 +0000] [151] [INFO] Application startup complete.
[2026-03-23 21:59:21 +0000] [154] [INFO] Booting worker with pid: 154
[2026-03-23 21:59:22 +0000] [152] [INFO] Started server process [152]
[2026-03-23 21:59:22 +0000] [152] [INFO] Waiting for application startup.
[2026-03-23 21:59:22 +0000] [152] [INFO] Application startup complete.
[2026-03-23 21:59:22 +0000] [156] [INFO] Booting worker with pid: 156
[2026-03-23 21:59:22 +0000] [154] [INFO] Started server process [154]
[2026-03-23 21:59:22 +0000] [154] [INFO] Waiting for application startup.
[2026-03-23 21:59:22 +0000] [154] [INFO] Application startup complete.
[2026-03-23 21:59:22 +0000] [158] [INFO] Booting worker with pid: 158
[2026-03-23 21:59:22 +0000] [159] [INFO] Booting worker with pid: 159
[2026-03-23 21:59:22 +0000] [156] [INFO] Started server process [156]
[2026-03-23 21:59:22 +0000] [156] [INFO] Waiting for application startup.
[2026-03-23 21:59:22 +0000] [156] [INFO] Application startup complete.
[2026-03-23 21:59:22 +0000] [161] [INFO] Booting worker with pid: 161
[2026-03-23 21:59:22 +0000] [158] [INFO] Started server process [158]
[2026-03-23 21:59:22 +0000] [158] [INFO] Waiting for application startup.
[2026-03-23 21:59:22 +0000] [158] [INFO] Application startup complete.
[2026-03-23 21:59:22 +0000] [159] [INFO] Started server process [159]
[2026-03-23 21:59:22 +0000] [159] [INFO] Waiting for application startup.
[2026-03-23 21:59:22 +0000] [159] [INFO] Application startup complete.
[2026-03-23 21:59:22 +0000] [164] [INFO] Booting worker with pid: 164
[2026-03-23 21:59:22 +0000] [161] [INFO] Started server process [161]
[2026-03-23 21:59:22 +0000] [161] [INFO] Waiting for application startup.
[2026-03-23 21:59:22 +0000] [161] [INFO] Application startup complete.
[2026-03-23 21:59:22 +0000] [166] [INFO] Booting worker with pid: 166
[2026-03-23 21:59:22 +0000] [164] [INFO] Started server process [164]
[2026-03-23 21:59:22 +0000] [164] [INFO] Waiting for application startup.
[2026-03-23 21:59:22 +0000] [164] [INFO] Application startup complete.
[2026-03-23 21:59:22 +0000] [166] [INFO] Started server process [166]
[2026-03-23 21:59:22 +0000] [166] [INFO] Waiting for application startup.
[2026-03-23 21:59:22 +0000] [166] [INFO] Application startup complete.
[2026-03-23 21:59:22 +0000] [169] [INFO] Booting worker with pid: 169
[2026-03-23 21:59:22 +0000] [170] [INFO] Booting worker with pid: 170
[2026-03-23 21:59:22 +0000] [169] [INFO] Started server process [169]
[2026-03-23 21:59:22 +0000] [169] [INFO] Waiting for application startup.
[2026-03-23 21:59:22 +0000] [169] [INFO] Application startup complete.
[2026-03-23 21:59:22 +0000] [170] [INFO] Started server process [170]
[2026-03-23 21:59:22 +0000] [170] [INFO] Waiting for application startup.
[2026-03-23 21:59:22 +0000] [170] [INFO] Application startup complete.
[2026-03-23 21:59:22 +0000] [173] [INFO] Booting worker with pid: 173
[2026-03-23 21:59:22 +0000] [174] [INFO] Booting worker with pid: 174
[2026-03-23 21:59:22 +0000] [175] [INFO] Booting worker with pid: 175
[2026-03-23 21:59:22 +0000] [176] [INFO] Booting worker with pid: 176
[2026-03-23 21:59:22 +0000] [173] [INFO] Started server process [173]
[2026-03-23 21:59:22 +0000] [173] [INFO] Waiting for application startup.
[2026-03-23 21:59:22 +0000] [173] [INFO] Application startup complete.
[2026-03-23 21:59:22 +0000] [179] [INFO] Booting worker with pid: 179
[2026-03-23 21:59:22 +0000] [174] [INFO] Started server process [174]
[2026-03-23 21:59:22 +0000] [174] [INFO] Waiting for application startup.
[2026-03-23 21:59:22 +0000] [174] [INFO] Application startup complete.
[2026-03-23 21:59:22 +0000] [175] [INFO] Started server process [175]
[2026-03-23 21:59:22 +0000] [175] [INFO] Waiting for application startup.
[2026-03-23 21:59:22 +0000] [175] [INFO] Application startup complete.
[2026-03-23 21:59:22 +0000] [182] [INFO] Booting worker with pid: 182
[2026-03-23 21:59:22 +0000] [176] [INFO] Started server process [176]
[2026-03-23 21:59:22 +0000] [176] [INFO] Waiting for application startup.
[2026-03-23 21:59:22 +0000] [176] [INFO] Application startup complete.
[2026-03-23 21:59:22 +0000] [179] [INFO] Started server process [179]
[2026-03-23 21:59:22 +0000] [179] [INFO] Waiting for application startup.
[2026-03-23 21:59:22 +0000] [179] [INFO] Application startup complete.
[2026-03-23 21:59:22 +0000] [182] [INFO] Started server process [182]
[2026-03-23 21:59:22 +0000] [182] [INFO] Waiting for application startup.
[2026-03-23 21:59:22 +0000] [182] [INFO] Application startup complete.
[2026-03-23 21:59:22 +0000] [185] [INFO] Booting worker with pid: 185
[2026-03-23 21:59:22 +0000] [185] [INFO] Started server process [185]
[2026-03-23 21:59:22 +0000] [185] [INFO] Waiting for application startup.
[2026-03-23 21:59:22 +0000] [185] [INFO] Application startup complete.
[2026-03-23 21:59:22 +0000] [187] [INFO] Booting worker with pid: 187
[2026-03-23 21:59:22 +0000] [189] [INFO] Booting worker with pid: 189
[2026-03-23 21:59:22 +0000] [187] [INFO] Started server process [187]
[2026-03-23 21:59:22 +0000] [187] [INFO] Waiting for application startup.
[2026-03-23 21:59:22 +0000] [187] [INFO] Application startup complete.
[2026-03-23 21:59:22 +0000] [191] [INFO] Booting worker with pid: 191
[2026-03-23 21:59:23 +0000] [189] [INFO] Started server process [189]
[2026-03-23 21:59:23 +0000] [189] [INFO] Waiting for application startup.
[2026-03-23 21:59:23 +0000] [189] [INFO] Application startup complete.
[2026-03-23 21:59:23 +0000] [192] [INFO] Booting worker with pid: 192
[2026-03-23 21:59:23 +0000] [191] [INFO] Started server process [191]
[2026-03-23 21:59:23 +0000] [191] [INFO] Waiting for application startup.
[2026-03-23 21:59:23 +0000] [191] [INFO] Application startup complete.
[2026-03-23 21:59:23 +0000] [194] [INFO] Booting worker with pid: 194
[2026-03-23 21:59:23 +0000] [192] [INFO] Started server process [192]
[2026-03-23 21:59:23 +0000] [192] [INFO] Waiting for application startup.
[2026-03-23 21:59:23 +0000] [192] [INFO] Application startup complete.
[2026-03-23 21:59:23 +0000] [197] [INFO] Booting worker with pid: 197
[2026-03-23 21:59:23 +0000] [194] [INFO] Started server process [194]
[2026-03-23 21:59:23 +0000] [194] [INFO] Waiting for application startup.
[2026-03-23 21:59:23 +0000] [194] [INFO] Application startup complete.
[2026-03-23 21:59:23 +0000] [199] [INFO] Booting worker with pid: 199
[2026-03-23 21:59:23 +0000] [197] [INFO] Started server process [197]
[2026-03-23 21:59:23 +0000] [197] [INFO] Waiting for application startup.
[2026-03-23 21:59:23 +0000] [197] [INFO] Application startup complete.
[2026-03-23 21:59:23 +0000] [201] [INFO] Booting worker with pid: 201
[2026-03-23 21:59:23 +0000] [199] [INFO] Started server process [199]
[2026-03-23 21:59:23 +0000] [199] [INFO] Waiting for application startup.
[2026-03-23 21:59:23 +0000] [199] [INFO] Application startup complete.
[2026-03-23 21:59:23 +0000] [203] [INFO] Booting worker with pid: 203
[2026-03-23 21:59:23 +0000] [201] [INFO] Started server process [201]
[2026-03-23 21:59:23 +0000] [201] [INFO] Waiting for application startup.
[2026-03-23 21:59:23 +0000] [201] [INFO] Application startup complete.
[2026-03-23 21:59:23 +0000] [203] [INFO] Started server process [203]
[2026-03-23 21:59:23 +0000] [203] [INFO] Waiting for application startup.
[2026-03-23 21:59:23 +0000] [203] [INFO] Application startup complete.
[2026-03-23 21:59:23 +0000] [205] [INFO] Booting worker with pid: 205
[2026-03-23 21:59:23 +0000] [206] [INFO] Booting worker with pid: 206
[2026-03-23 21:59:23 +0000] [207] [INFO] Booting worker with pid: 207
[2026-03-23 21:59:23 +0000] [208] [INFO] Booting worker with pid: 208
[2026-03-23 21:59:23 +0000] [205] [INFO] Started server process [205]
[2026-03-23 21:59:23 +0000] [205] [INFO] Waiting for application startup.
[2026-03-23 21:59:23 +0000] [205] [INFO] Application startup complete.
[2026-03-23 21:59:23 +0000] [206] [INFO] Started server process [206]
[2026-03-23 21:59:23 +0000] [206] [INFO] Waiting for application startup.
[2026-03-23 21:59:23 +0000] [206] [INFO] Application startup complete.
[2026-03-23 21:59:23 +0000] [212] [INFO] Booting worker with pid: 212
[2026-03-23 21:59:23 +0000] [213] [INFO] Booting worker with pid: 213
[2026-03-23 21:59:23 +0000] [207] [INFO] Started server process [207]
[2026-03-23 21:59:23 +0000] [207] [INFO] Waiting for application startup.
[2026-03-23 21:59:23 +0000] [207] [INFO] Application startup complete.
[2026-03-23 21:59:23 +0000] [215] [INFO] Booting worker with pid: 215
[2026-03-23 21:59:23 +0000] [208] [INFO] Started server process [208]
[2026-03-23 21:59:23 +0000] [208] [INFO] Waiting for application startup.
[2026-03-23 21:59:23 +0000] [208] [INFO] Application startup complete.
[2026-03-23 21:59:23 +0000] [212] [INFO] Started server process [212]
[2026-03-23 21:59:23 +0000] [212] [INFO] Waiting for application startup.
[2026-03-23 21:59:23 +0000] [212] [INFO] Application startup complete.
[2026-03-23 21:59:23 +0000] [213] [INFO] Started server process [213]
[2026-03-23 21:59:23 +0000] [213] [INFO] Waiting for application startup.
[2026-03-23 21:59:23 +0000] [213] [INFO] Application startup complete.
[2026-03-23 21:59:23 +0000] [219] [INFO] Booting worker with pid: 219
[2026-03-23 21:59:23 +0000] [215] [INFO] Started server process [215]
[2026-03-23 21:59:23 +0000] [215] [INFO] Waiting for application startup.
[2026-03-23 21:59:23 +0000] [220] [INFO] Booting worker with pid: 220
[2026-03-23 21:59:23 +0000] [215] [INFO] Application startup complete.
[2026-03-23 21:59:23 +0000] [219] [INFO] Started server process [219]
[2026-03-23 21:59:23 +0000] [219] [INFO] Waiting for application startup.
[2026-03-23 21:59:23 +0000] [219] [INFO] Application startup complete.
[2026-03-23 21:59:23 +0000] [220] [INFO] Started server process [220]
[2026-03-23 21:59:23 +0000] [220] [INFO] Waiting for application startup.
[2026-03-23 21:59:23 +0000] [220] [INFO] Application startup complete.
[2026-03-23 21:59:23 +0000] [223] [INFO] Booting worker with pid: 223
[2026-03-23 21:59:23 +0000] [224] [INFO] Booting worker with pid: 224
[2026-03-23 21:59:23 +0000] [226] [INFO] Booting worker with pid: 226
[2026-03-23 21:59:23 +0000] [223] [INFO] Started server process [223]
[2026-03-23 21:59:23 +0000] [223] [INFO] Waiting for application startup.
[2026-03-23 21:59:23 +0000] [223] [INFO] Application startup complete.
[2026-03-23 21:59:23 +0000] [224] [INFO] Started server process [224]
[2026-03-23 21:59:23 +0000] [224] [INFO] Waiting for application startup.
[2026-03-23 21:59:23 +0000] [224] [INFO] Application startup complete.
[2026-03-23 21:59:23 +0000] [226] [INFO] Started server process [226]
[2026-03-23 21:59:23 +0000] [226] [INFO] Waiting for application startup.
[2026-03-23 21:59:23 +0000] [226] [INFO] Application startup complete.
[2026-03-23 21:59:23 +0000] [229] [INFO] Booting worker with pid: 229
[2026-03-23 21:59:23 +0000] [230] [INFO] Booting worker with pid: 230
[2026-03-23 21:59:23 +0000] [231] [INFO] Booting worker with pid: 231
[2026-03-23 21:59:24 +0000] [229] [INFO] Started server process [229]
[2026-03-23 21:59:24 +0000] [229] [INFO] Waiting for application startup.
[2026-03-23 21:59:24 +0000] [229] [INFO] Application startup complete.
[2026-03-23 21:59:24 +0000] [234] [INFO] Booting worker with pid: 234
[2026-03-23 21:59:24 +0000] [230] [INFO] Started server process [230]
[2026-03-23 21:59:24 +0000] [230] [INFO] Waiting for application startup.
[2026-03-23 21:59:24 +0000] [230] [INFO] Application startup complete.
[2026-03-23 21:59:24 +0000] [231] [INFO] Started server process [231]
[2026-03-23 21:59:24 +0000] [231] [INFO] Waiting for application startup.
[2026-03-23 21:59:24 +0000] [231] [INFO] Application startup complete.
[2026-03-23 21:59:24 +0000] [236] [INFO] Booting worker with pid: 236
[2026-03-23 21:59:24 +0000] [234] [INFO] Started server process [234]
[2026-03-23 21:59:24 +0000] [234] [INFO] Waiting for application startup.
[2026-03-23 21:59:24 +0000] [234] [INFO] Application startup complete.
[2026-03-23 21:59:24 +0000] [238] [INFO] Booting worker with pid: 238
[2026-03-23 21:59:24 +0000] [239] [INFO] Booting worker with pid: 239
[2026-03-23 21:59:24 +0000] [236] [INFO] Started server process [236]
[2026-03-23 21:59:24 +0000] [236] [INFO] Waiting for application startup.
[2026-03-23 21:59:24 +0000] [236] [INFO] Application startup complete.
[2026-03-23 21:59:24 +0000] [241] [INFO] Booting worker with pid: 241
[2026-03-23 21:59:24 +0000] [242] [INFO] Booting worker with pid: 242
[2026-03-23 21:59:24 +0000] [238] [INFO] Started server process [238]
[2026-03-23 21:59:24 +0000] [238] [INFO] Waiting for application startup.
[2026-03-23 21:59:24 +0000] [238] [INFO] Application startup complete.
[2026-03-23 21:59:24 +0000] [239] [INFO] Started server process [239]
[2026-03-23 21:59:24 +0000] [239] [INFO] Waiting for application startup.
[2026-03-23 21:59:24 +0000] [239] [INFO] Application startup complete.
[2026-03-23 21:59:24 +0000] [247] [INFO] Booting worker with pid: 247
[2026-03-23 21:59:24 +0000] [241] [INFO] Started server process [241]
[2026-03-23 21:59:24 +0000] [241] [INFO] Waiting for application startup.
[2026-03-23 21:59:24 +0000] [241] [INFO] Application startup complete.
[2026-03-23 21:59:24 +0000] [242] [INFO] Started server process [242]
[2026-03-23 21:59:24 +0000] [242] [INFO] Waiting for application startup.
[2026-03-23 21:59:24 +0000] [242] [INFO] Application startup complete.
[2026-03-23 21:59:24 +0000] [247] [INFO] Started server process [247]
[2026-03-23 21:59:24 +0000] [247] [INFO] Waiting for application startup.
[2026-03-23 21:59:24 +0000] [247] [INFO] Application startup complete.
[2026-03-23 21:59:24 +0000] [249] [INFO] Booting worker with pid: 249
[2026-03-23 21:59:24 +0000] [250] [INFO] Booting worker with pid: 250
[2026-03-23 21:59:24 +0000] [249] [INFO] Started server process [249]
[2026-03-23 21:59:24 +0000] [249] [INFO] Waiting for application startup.
[2026-03-23 21:59:24 +0000] [249] [INFO] Application startup complete.
[2026-03-23 21:59:24 +0000] [252] [INFO] Booting worker with pid: 252
[2026-03-23 21:59:24 +0000] [250] [INFO] Started server process [250]
[2026-03-23 21:59:24 +0000] [250] [INFO] Waiting for application startup.
[2026-03-23 21:59:24 +0000] [250] [INFO] Application startup complete.
[2026-03-23 21:59:24 +0000] [255] [INFO] Booting worker with pid: 255
[2026-03-23 21:59:24 +0000] [252] [INFO] Started server process [252]
[2026-03-23 21:59:24 +0000] [252] [INFO] Waiting for application startup.
[2026-03-23 21:59:24 +0000] [252] [INFO] Application startup complete.
[2026-03-23 21:59:24 +0000] [256] [INFO] Booting worker with pid: 256
[2026-03-23 21:59:24 +0000] [255] [INFO] Started server process [255]
[2026-03-23 21:59:24 +0000] [255] [INFO] Waiting for application startup.
[2026-03-23 21:59:24 +0000] [255] [INFO] Application startup complete.
[2026-03-23 21:59:24 +0000] [256] [INFO] Started server process [256]
[2026-03-23 21:59:24 +0000] [256] [INFO] Waiting for application startup.
[2026-03-23 21:59:24 +0000] [256] [INFO] Application startup complete.
[2026-03-23 21:59:24 +0000] [259] [INFO] Booting worker with pid: 259
[2026-03-23 21:59:24 +0000] [259] [INFO] Started server process [259]
[2026-03-23 21:59:24 +0000] [259] [INFO] Waiting for application startup.
[2026-03-23 21:59:24 +0000] [259] [INFO] Application startup complete.
[2026-03-23 21:59:24 +0000] [261] [INFO] Booting worker with pid: 261
[2026-03-23 21:59:24 +0000] [262] [INFO] Booting worker with pid: 262
[2026-03-23 21:59:24 +0000] [261] [INFO] Started server process [261]
[2026-03-23 21:59:24 +0000] [261] [INFO] Waiting for application startup.
[2026-03-23 21:59:24 +0000] [261] [INFO] Application startup complete.
[2026-03-23 21:59:24 +0000] [265] [INFO] Booting worker with pid: 265
[2026-03-23 21:59:24 +0000] [262] [INFO] Started server process [262]
[2026-03-23 21:59:24 +0000] [262] [INFO] Waiting for application startup.
[2026-03-23 21:59:24 +0000] [262] [INFO] Application startup complete.
[2026-03-23 21:59:24 +0000] [265] [INFO] Started server process [265]
[2026-03-23 21:59:24 +0000] [265] [INFO] Waiting for application startup.
[2026-03-23 21:59:24 +0000] [265] [INFO] Application startup complete.
[2026-03-23 21:59:24 +0000] [267] [INFO] Booting worker with pid: 267
[2026-03-23 21:59:24 +0000] [268] [INFO] Booting worker with pid: 268
[2026-03-23 21:59:24 +0000] [267] [INFO] Started server process [267]
[2026-03-23 21:59:24 +0000] [267] [INFO] Waiting for application startup.
[2026-03-23 21:59:24 +0000] [267] [INFO] Application startup complete.
[2026-03-23 21:59:24 +0000] [268] [INFO] Started server process [268]
[2026-03-23 21:59:24 +0000] [268] [INFO] Waiting for application startup.
[2026-03-23 21:59:24 +0000] [268] [INFO] Application startup complete.
[2026-03-23 21:59:24 +0000] [271] [INFO] Booting worker with pid: 271
[2026-03-23 21:59:24 +0000] [272] [INFO] Booting worker with pid: 272
[2026-03-23 21:59:25 +0000] [271] [INFO] Started server process [271]
[2026-03-23 21:59:25 +0000] [271] [INFO] Waiting for application startup.
[2026-03-23 21:59:25 +0000] [271] [INFO] Application startup complete.
[2026-03-23 21:59:25 +0000] [272] [INFO] Started server process [272]
[2026-03-23 21:59:25 +0000] [272] [INFO] Waiting for application startup.
[2026-03-23 21:59:25 +0000] [272] [INFO] Application startup complete.
[2026-03-23 21:59:25 +0000] [275] [INFO] Booting worker with pid: 275
[2026-03-23 21:59:25 +0000] [275] [INFO] Started server process [275]
[2026-03-23 21:59:25 +0000] [275] [INFO] Waiting for application startup.
[2026-03-23 21:59:25 +0000] [275] [INFO] Application startup complete.
[2026-03-23 21:59:25 +0000] [277] [INFO] Booting worker with pid: 277
[2026-03-23 21:59:25 +0000] [279] [INFO] Booting worker with pid: 279
[2026-03-23 21:59:25 +0000] [277] [INFO] Started server process [277]
[2026-03-23 21:59:25 +0000] [277] [INFO] Waiting for application startup.
[2026-03-23 21:59:25 +0000] [277] [INFO] Application startup complete.
[2026-03-23 21:59:25 +0000] [280] [INFO] Booting worker with pid: 280
[2026-03-23 21:59:25 +0000] [279] [INFO] Started server process [279]
[2026-03-23 21:59:25 +0000] [279] [INFO] Waiting for application startup.
[2026-03-23 21:59:25 +0000] [279] [INFO] Application startup complete.
[2026-03-23 21:59:25 +0000] [282] [INFO] Booting worker with pid: 282
[2026-03-23 21:59:25 +0000] [280] [INFO] Started server process [280]
[2026-03-23 21:59:25 +0000] [280] [INFO] Waiting for application startup.
[2026-03-23 21:59:25 +0000] [280] [INFO] Application startup complete.
[2026-03-23 21:59:25 +0000] [282] [INFO] Started server process [282]
[2026-03-23 21:59:25 +0000] [282] [INFO] Waiting for application startup.
[2026-03-23 21:59:25 +0000] [282] [INFO] Application startup complete.
[2026-03-23 21:59:25 +0000] [285] [INFO] Booting worker with pid: 285
[2026-03-23 21:59:25 +0000] [287] [INFO] Booting worker with pid: 287
[2026-03-23 21:59:25 +0000] [285] [INFO] Started server process [285]
[2026-03-23 21:59:25 +0000] [285] [INFO] Waiting for application startup.
[2026-03-23 21:59:25 +0000] [285] [INFO] Application startup complete.
[2026-03-23 21:59:25 +0000] [288] [INFO] Booting worker with pid: 288
[2026-03-23 21:59:25 +0000] [287] [INFO] Started server process [287]
[2026-03-23 21:59:25 +0000] [287] [INFO] Waiting for application startup.
[2026-03-23 21:59:25 +0000] [287] [INFO] Application startup complete.
[2026-03-23 21:59:25 +0000] [290] [INFO] Booting worker with pid: 290
[2026-03-23 21:59:25 +0000] [291] [INFO] Booting worker with pid: 291
[2026-03-23 21:59:25 +0000] [288] [INFO] Started server process [288]
[2026-03-23 21:59:25 +0000] [288] [INFO] Waiting for application startup.
[2026-03-23 21:59:25 +0000] [288] [INFO] Application startup complete.
[2026-03-23 21:59:25 +0000] [290] [INFO] Started server process [290]
[2026-03-23 21:59:25 +0000] [290] [INFO] Waiting for application startup.
[2026-03-23 21:59:25 +0000] [290] [INFO] Application startup complete.
[2026-03-23 21:59:25 +0000] [291] [INFO] Started server process [291]
[2026-03-23 21:59:25 +0000] [291] [INFO] Waiting for application startup.
[2026-03-23 21:59:25 +0000] [291] [INFO] Application startup complete.
[2026-03-23 21:59:25 +0000] [295] [INFO] Booting worker with pid: 295
[2026-03-23 21:59:25 +0000] [296] [INFO] Booting worker with pid: 296
[2026-03-23 21:59:25 +0000] [295] [INFO] Started server process [295]
[2026-03-23 21:59:25 +0000] [295] [INFO] Waiting for application startup.
[2026-03-23 21:59:25 +0000] [295] [INFO] Application startup complete.
[2026-03-23 21:59:25 +0000] [296] [INFO] Started server process [296]
[2026-03-23 21:59:25 +0000] [296] [INFO] Waiting for application startup.
[2026-03-23 21:59:25 +0000] [296] [INFO] Application startup complete.
[2026-03-23 21:59:25 +0000] [299] [INFO] Booting worker with pid: 299
[2026-03-23 21:59:25 +0000] [299] [INFO] Started server process [299]
[2026-03-23 21:59:25 +0000] [299] [INFO] Waiting for application startup.
[2026-03-23 21:59:25 +0000] [299] [INFO] Application startup complete.
[2026-03-23 21:59:25 +0000] [301] [INFO] Booting worker with pid: 301
[2026-03-23 21:59:25 +0000] [302] [INFO] Booting worker with pid: 302
[2026-03-23 21:59:25 +0000] [301] [INFO] Started server process [301]
[2026-03-23 21:59:25 +0000] [301] [INFO] Waiting for application startup.
[2026-03-23 21:59:25 +0000] [301] [INFO] Application startup complete.
[2026-03-23 21:59:25 +0000] [305] [INFO] Booting worker with pid: 305
[2026-03-23 21:59:25 +0000] [302] [INFO] Started server process [302]
[2026-03-23 21:59:25 +0000] [302] [INFO] Waiting for application startup.
[2026-03-23 21:59:25 +0000] [302] [INFO] Application startup complete.
[2026-03-23 21:59:25 +0000] [307] [INFO] Booting worker with pid: 307
[2026-03-23 21:59:25 +0000] [305] [INFO] Started server process [305]
[2026-03-23 21:59:25 +0000] [305] [INFO] Waiting for application startup.
[2026-03-23 21:59:25 +0000] [305] [INFO] Application startup complete.
[2026-03-23 21:59:25 +0000] [309] [INFO] Booting worker with pid: 309
[2026-03-23 21:59:25 +0000] [307] [INFO] Started server process [307]
[2026-03-23 21:59:25 +0000] [307] [INFO] Waiting for application startup.
[2026-03-23 21:59:25 +0000] [307] [INFO] Application startup complete.
[2026-03-23 21:59:25 +0000] [310] [INFO] Booting worker with pid: 310
[2026-03-23 21:59:26 +0000] [309] [INFO] Started server process [309]
[2026-03-23 21:59:26 +0000] [309] [INFO] Waiting for application startup.
[2026-03-23 21:59:26 +0000] [309] [INFO] Application startup complete.
[2026-03-23 21:59:26 +0000] [310] [INFO] Started server process [310]
[2026-03-23 21:59:26 +0000] [310] [INFO] Waiting for application startup.
[2026-03-23 21:59:26 +0000] [310] [INFO] Application startup complete.
[2026-03-23 21:59:26 +0000] [313] [INFO] Booting worker with pid: 313
[2026-03-23 21:59:26 +0000] [314] [INFO] Booting worker with pid: 314
[2026-03-23 21:59:26 +0000] [313] [INFO] Started server process [313]
[2026-03-23 21:59:26 +0000] [313] [INFO] Waiting for application startup.
[2026-03-23 21:59:26 +0000] [313] [INFO] Application startup complete.
[2026-03-23 21:59:26 +0000] [314] [INFO] Started server process [314]
[2026-03-23 21:59:26 +0000] [314] [INFO] Waiting for application startup.
[2026-03-23 21:59:26 +0000] [314] [INFO] Application startup complete.
[2026-03-23 21:59:26 +0000] [317] [INFO] Booting worker with pid: 317
[2026-03-23 21:59:26 +0000] [317] [INFO] Started server process [317]
[2026-03-23 21:59:26 +0000] [317] [INFO] Waiting for application startup.
[2026-03-23 21:59:26 +0000] [317] [INFO] Application startup complete.
[2026-03-23 21:59:26 +0000] [319] [INFO] Booting worker with pid: 319
[2026-03-23 21:59:26 +0000] [320] [INFO] Booting worker with pid: 320
[2026-03-23 21:59:26 +0000] [322] [INFO] Booting worker with pid: 322
[2026-03-23 21:59:26 +0000] [319] [INFO] Started server process [319]
[2026-03-23 21:59:26 +0000] [319] [INFO] Waiting for application startup.
[2026-03-23 21:59:26 +0000] [319] [INFO] Application startup complete.
[2026-03-23 21:59:26 +0000] [320] [INFO] Started server process [320]
[2026-03-23 21:59:26 +0000] [320] [INFO] Waiting for application startup.
[2026-03-23 21:59:26 +0000] [320] [INFO] Application startup complete.
[2026-03-23 21:59:26 +0000] [322] [INFO] Started server process [322]
[2026-03-23 21:59:26 +0000] [322] [INFO] Waiting for application startup.
[2026-03-23 21:59:26 +0000] [322] [INFO] Application startup complete.
[2026-03-23 21:59:26 +0000] [325] [INFO] Booting worker with pid: 325
[2026-03-23 21:59:26 +0000] [326] [INFO] Booting worker with pid: 326
[2026-03-23 21:59:26 +0000] [325] [INFO] Started server process [325]
[2026-03-23 21:59:26 +0000] [325] [INFO] Waiting for application startup.
[2026-03-23 21:59:26 +0000] [325] [INFO] Application startup complete.
[2026-03-23 21:59:26 +0000] [328] [INFO] Booting worker with pid: 328
[2026-03-23 21:59:26 +0000] [326] [INFO] Started server process [326]
[2026-03-23 21:59:26 +0000] [326] [INFO] Waiting for application startup.
[2026-03-23 21:59:26 +0000] [326] [INFO] Application startup complete.
[2026-03-23 21:59:26 +0000] [330] [INFO] Booting worker with pid: 330
[2026-03-23 21:59:26 +0000] [328] [INFO] Started server process [328]
[2026-03-23 21:59:26 +0000] [328] [INFO] Waiting for application startup.
[2026-03-23 21:59:26 +0000] [328] [INFO] Application startup complete.
[2026-03-23 21:59:26 +0000] [332] [INFO] Booting worker with pid: 332
[2026-03-23 21:59:26 +0000] [334] [INFO] Booting worker with pid: 334
[2026-03-23 21:59:26 +0000] [330] [INFO] Started server process [330]
[2026-03-23 21:59:26 +0000] [330] [INFO] Waiting for application startup.
[2026-03-23 21:59:26 +0000] [330] [INFO] Application startup complete.
[2026-03-23 21:59:26 +0000] [336] [INFO] Booting worker with pid: 336
[2026-03-23 21:59:26 +0000] [332] [INFO] Started server process [332]
[2026-03-23 21:59:26 +0000] [332] [INFO] Waiting for application startup.
[2026-03-23 21:59:26 +0000] [332] [INFO] Application startup complete.
[2026-03-23 21:59:26 +0000] [334] [INFO] Started server process [334]
[2026-03-23 21:59:26 +0000] [334] [INFO] Waiting for application startup.
[2026-03-23 21:59:26 +0000] [334] [INFO] Application startup complete.
[2026-03-23 21:59:26 +0000] [336] [INFO] Started server process [336]
[2026-03-23 21:59:26 +0000] [336] [INFO] Waiting for application startup.
[2026-03-23 21:59:26 +0000] [336] [INFO] Application startup complete.
[2026-03-23 21:59:26 +0000] [339] [INFO] Booting worker with pid: 339
[2026-03-23 21:59:26 +0000] [340] [INFO] Booting worker with pid: 340
[2026-03-23 21:59:26 +0000] [341] [INFO] Booting worker with pid: 341
[2026-03-23 21:59:26 +0000] [339] [INFO] Started server process [339]
[2026-03-23 21:59:26 +0000] [339] [INFO] Waiting for application startup.
[2026-03-23 21:59:26 +0000] [339] [INFO] Application startup complete.
[2026-03-23 21:59:26 +0000] [345] [INFO] Booting worker with pid: 345
[2026-03-23 21:59:26 +0000] [341] [INFO] Started server process [341]
[2026-03-23 21:59:26 +0000] [341] [INFO] Waiting for application startup.
[2026-03-23 21:59:26 +0000] [341] [INFO] Application startup complete.
[2026-03-23 21:59:26 +0000] [340] [INFO] Started server process [340]
[2026-03-23 21:59:26 +0000] [340] [INFO] Waiting for application startup.
[2026-03-23 21:59:26 +0000] [340] [INFO] Application startup complete.
[2026-03-23 21:59:26 +0000] [346] [INFO] Booting worker with pid: 346
[2026-03-23 21:59:26 +0000] [347] [INFO] Booting worker with pid: 347
[2026-03-23 21:59:27 +0000] [345] [INFO] Started server process [345]
[2026-03-23 21:59:27 +0000] [345] [INFO] Waiting for application startup.
[2026-03-23 21:59:27 +0000] [345] [INFO] Application startup complete.
[2026-03-23 21:59:27 +0000] [349] [INFO] Booting worker with pid: 349
[2026-03-23 21:59:27 +0000] [351] [INFO] Booting worker with pid: 351
[2026-03-23 21:59:27 +0000] [346] [INFO] Started server process [346]
[2026-03-23 21:59:27 +0000] [346] [INFO] Waiting for application startup.
[2026-03-23 21:59:27 +0000] [346] [INFO] Application startup complete.
[2026-03-23 21:59:27 +0000] [347] [INFO] Started server process [347]
[2026-03-23 21:59:27 +0000] [347] [INFO] Waiting for application startup.
[2026-03-23 21:59:27 +0000] [347] [INFO] Application startup complete.
[2026-03-23 21:59:27 +0000] [353] [INFO] Booting worker with pid: 353
[2026-03-23 21:59:27 +0000] [354] [INFO] Booting worker with pid: 354
[2026-03-23 21:59:27 +0000] [356] [INFO] Booting worker with pid: 356
[2026-03-23 21:59:27 +0000] [359] [INFO] Booting worker with pid: 359
[2026-03-23 21:59:27 +0000] [353] [INFO] Started server process [353]
[2026-03-23 21:59:27 +0000] [349] [INFO] Started server process [349]
[2026-03-23 21:59:27 +0000] [353] [INFO] Waiting for application startup.
[2026-03-23 21:59:27 +0000] [349] [INFO] Waiting for application startup.
[2026-03-23 21:59:27 +0000] [353] [INFO] Application startup complete.
[2026-03-23 21:59:27 +0000] [349] [INFO] Application startup complete.
[2026-03-23 21:59:27 +0000] [351] [INFO] Started server process [351]
[2026-03-23 21:59:27 +0000] [351] [INFO] Waiting for application startup.
[2026-03-23 21:59:27 +0000] [351] [INFO] Application startup complete.
[2026-03-23 21:59:27 +0000] [360] [INFO] Booting worker with pid: 360
[2026-03-23 21:59:27 +0000] [356] [INFO] Started server process [356]
[2026-03-23 21:59:27 +0000] [356] [INFO] Waiting for application startup.
[2026-03-23 21:59:27 +0000] [356] [INFO] Application startup complete.
[2026-03-23 21:59:27 +0000] [359] [INFO] Started server process [359]
[2026-03-23 21:59:27 +0000] [359] [INFO] Waiting for application startup.
[2026-03-23 21:59:27 +0000] [359] [INFO] Application startup complete.
[2026-03-23 21:59:27 +0000] [363] [INFO] Booting worker with pid: 363
[2026-03-23 21:59:27 +0000] [360] [INFO] Started server process [360]
[2026-03-23 21:59:27 +0000] [360] [INFO] Waiting for application startup.
[2026-03-23 21:59:27 +0000] [360] [INFO] Application startup complete.
[2026-03-23 21:59:27 +0000] [366] [INFO] Booting worker with pid: 366
[2026-03-23 21:59:27 +0000] [354] [INFO] Started server process [354]
[2026-03-23 21:59:27 +0000] [354] [INFO] Waiting for application startup.
[2026-03-23 21:59:27 +0000] [354] [INFO] Application startup complete.
[2026-03-23 21:59:27 +0000] [367] [INFO] Booting worker with pid: 367
[2026-03-23 21:59:27 +0000] [369] [INFO] Booting worker with pid: 369
[2026-03-23 21:59:27 +0000] [363] [INFO] Started server process [363]
[2026-03-23 21:59:27 +0000] [363] [INFO] Waiting for application startup.
[2026-03-23 21:59:27 +0000] [363] [INFO] Application startup complete.
[2026-03-23 21:59:27 +0000] [370] [INFO] Booting worker with pid: 370
[2026-03-23 21:59:27 +0000] [367] [INFO] Started server process [367]
[2026-03-23 21:59:27 +0000] [367] [INFO] Waiting for application startup.
[2026-03-23 21:59:27 +0000] [367] [INFO] Application startup complete.
[2026-03-23 21:59:27 +0000] [369] [INFO] Started server process [369]
[2026-03-23 21:59:27 +0000] [369] [INFO] Waiting for application startup.
[2026-03-23 21:59:27 +0000] [369] [INFO] Application startup complete.
[2026-03-23 21:59:27 +0000] [374] [INFO] Booting worker with pid: 374
[2026-03-23 21:59:27 +0000] [366] [INFO] Started server process [366]
[2026-03-23 21:59:27 +0000] [366] [INFO] Waiting for application startup.
[2026-03-23 21:59:27 +0000] [366] [INFO] Application startup complete.
[2026-03-23 21:59:27 +0000] [376] [INFO] Booting worker with pid: 376
[2026-03-23 21:59:27 +0000] [370] [INFO] Started server process [370]
[2026-03-23 21:59:27 +0000] [370] [INFO] Waiting for application startup.
[2026-03-23 21:59:27 +0000] [370] [INFO] Application startup complete.
[2026-03-23 21:59:27 +0000] [377] [INFO] Booting worker with pid: 377
[2026-03-23 21:59:28 +0000] [374] [INFO] Started server process [374]
[2026-03-23 21:59:28 +0000] [374] [INFO] Waiting for application startup.
[2026-03-23 21:59:28 +0000] [374] [INFO] Application startup complete.
[2026-03-23 21:59:28 +0000] [379] [INFO] Booting worker with pid: 379
[2026-03-23 21:59:28 +0000] [380] [INFO] Booting worker with pid: 380
[2026-03-23 21:59:28 +0000] [376] [INFO] Started server process [376]
[2026-03-23 21:59:28 +0000] [376] [INFO] Waiting for application startup.
[2026-03-23 21:59:28 +0000] [376] [INFO] Application startup complete.
[2026-03-23 21:59:28 +0000] [377] [INFO] Started server process [377]
[2026-03-23 21:59:28 +0000] [377] [INFO] Waiting for application startup.
[2026-03-23 21:59:28 +0000] [377] [INFO] Application startup complete.
[2026-03-23 21:59:28 +0000] [383] [INFO] Booting worker with pid: 383
[2026-03-23 21:59:28 +0000] [384] [INFO] Booting worker with pid: 384
[2026-03-23 21:59:28 +0000] [385] [INFO] Booting worker with pid: 385
[2026-03-23 21:59:28 +0000] [379] [INFO] Started server process [379]
[2026-03-23 21:59:28 +0000] [379] [INFO] Waiting for application startup.
[2026-03-23 21:59:28 +0000] [379] [INFO] Application startup complete.
[2026-03-23 21:59:28 +0000] [388] [INFO] Booting worker with pid: 388
[2026-03-23 21:59:28 +0000] [380] [INFO] Started server process [380]
[2026-03-23 21:59:28 +0000] [380] [INFO] Waiting for application startup.
[2026-03-23 21:59:28 +0000] [380] [INFO] Application startup complete.
[2026-03-23 21:59:28 +0000] [383] [INFO] Started server process [383]
[2026-03-23 21:59:28 +0000] [383] [INFO] Waiting for application startup.
[2026-03-23 21:59:28 +0000] [383] [INFO] Application startup complete.
[2026-03-23 21:59:28 +0000] [385] [INFO] Started server process [385]
[2026-03-23 21:59:28 +0000] [385] [INFO] Waiting for application startup.
[2026-03-23 21:59:28 +0000] [385] [INFO] Application startup complete.
[2026-03-23 21:59:28 +0000] [392] [INFO] Booting worker with pid: 392
[2026-03-23 21:59:28 +0000] [384] [INFO] Started server process [384]
[2026-03-23 21:59:28 +0000] [384] [INFO] Waiting for application startup.
[2026-03-23 21:59:28 +0000] [384] [INFO] Application startup complete.
[2026-03-23 21:59:28 +0000] [393] [INFO] Booting worker with pid: 393
[2026-03-23 21:59:28 +0000] [394] [INFO] Booting worker with pid: 394
[2026-03-23 21:59:28 +0000] [393] [INFO] Started server process [393]
[2026-03-23 21:59:28 +0000] [393] [INFO] Waiting for application startup.
[2026-03-23 21:59:28 +0000] [393] [INFO] Application startup complete.
[2026-03-23 21:59:28 +0000] [396] [INFO] Booting worker with pid: 396
[2026-03-23 21:59:28 +0000] [398] [INFO] Booting worker with pid: 398
[2026-03-23 21:59:28 +0000] [399] [INFO] Booting worker with pid: 399
[2026-03-23 21:59:28 +0000] [388] [INFO] Started server process [388]
[2026-03-23 21:59:28 +0000] [388] [INFO] Waiting for application startup.
[2026-03-23 21:59:28 +0000] [388] [INFO] Application startup complete.
[2026-03-23 21:59:28 +0000] [392] [INFO] Started server process [392]
[2026-03-23 21:59:28 +0000] [392] [INFO] Waiting for application startup.
[2026-03-23 21:59:28 +0000] [392] [INFO] Application startup complete.
[2026-03-23 21:59:28 +0000] [396] [INFO] Started server process [396]
[2026-03-23 21:59:28 +0000] [396] [INFO] Waiting for application startup.
[2026-03-23 21:59:28 +0000] [396] [INFO] Application startup complete.
[2026-03-23 21:59:28 +0000] [403] [INFO] Booting worker with pid: 403
[2026-03-23 21:59:28 +0000] [394] [INFO] Started server process [394]
[2026-03-23 21:59:28 +0000] [394] [INFO] Waiting for application startup.
[2026-03-23 21:59:28 +0000] [394] [INFO] Application startup complete.
[2026-03-23 21:59:28 +0000] [399] [INFO] Started server process [399]
[2026-03-23 21:59:28 +0000] [399] [INFO] Waiting for application startup.
[2026-03-23 21:59:28 +0000] [399] [INFO] Application startup complete.
[2026-03-23 21:59:28 +0000] [405] [INFO] Booting worker with pid: 405
[2026-03-23 21:59:28 +0000] [407] [INFO] Booting worker with pid: 407
[2026-03-23 21:59:28 +0000] [398] [INFO] Started server process [398]
[2026-03-23 21:59:28 +0000] [398] [INFO] Waiting for application startup.
[2026-03-23 21:59:28 +0000] [398] [INFO] Application startup complete.
[2026-03-23 21:59:28 +0000] [408] [INFO] Booting worker with pid: 408
[2026-03-23 21:59:28 +0000] [410] [INFO] Booting worker with pid: 410
[2026-03-23 21:59:28 +0000] [405] [INFO] Started server process [405]
[2026-03-23 21:59:28 +0000] [405] [INFO] Waiting for application startup.
[2026-03-23 21:59:28 +0000] [405] [INFO] Application startup complete.
[2026-03-23 21:59:28 +0000] [411] [INFO] Booting worker with pid: 411
[2026-03-23 21:59:28 +0000] [413] [INFO] Booting worker with pid: 413
[2026-03-23 21:59:29 +0000] [408] [INFO] Started server process [408]
[2026-03-23 21:59:29 +0000] [408] [INFO] Waiting for application startup.
[2026-03-23 21:59:29 +0000] [408] [INFO] Application startup complete.
[2026-03-23 21:59:29 +0000] [403] [INFO] Started server process [403]
[2026-03-23 21:59:29 +0000] [403] [INFO] Waiting for application startup.
[2026-03-23 21:59:29 +0000] [403] [INFO] Application startup complete.
[2026-03-23 21:59:29 +0000] [416] [INFO] Booting worker with pid: 416
[2026-03-23 21:59:29 +0000] [407] [INFO] Started server process [407]
[2026-03-23 21:59:29 +0000] [407] [INFO] Waiting for application startup.
[2026-03-23 21:59:29 +0000] [407] [INFO] Application startup complete.
[2026-03-23 21:59:29 +0000] [419] [INFO] Booting worker with pid: 419
[2026-03-23 21:59:29 +0000] [422] [INFO] Booting worker with pid: 422
[2026-03-23 21:59:29 +0000] [416] [INFO] Started server process [416]
[2026-03-23 21:59:29 +0000] [416] [INFO] Waiting for application startup.
[2026-03-23 21:59:29 +0000] [416] [INFO] Application startup complete.
[2026-03-23 21:59:29 +0000] [411] [INFO] Started server process [411]
[2026-03-23 21:59:29 +0000] [411] [INFO] Waiting for application startup.
[2026-03-23 21:59:29 +0000] [411] [INFO] Application startup complete.
[2026-03-23 21:59:29 +0000] [413] [INFO] Started server process [413]
[2026-03-23 21:59:29 +0000] [413] [INFO] Waiting for application startup.
[2026-03-23 21:59:29 +0000] [413] [INFO] Application startup complete.
[2026-03-23 21:59:29 +0000] [410] [INFO] Started server process [410]
[2026-03-23 21:59:29 +0000] [410] [INFO] Waiting for application startup.
[2026-03-23 21:59:29 +0000] [410] [INFO] Application startup complete.
[2026-03-23 21:59:29 +0000] [423] [INFO] Booting worker with pid: 423
[2026-03-23 21:59:29 +0000] [424] [INFO] Booting worker with pid: 424
[2026-03-23 21:59:29 +0000] [419] [INFO] Started server process [419]
[2026-03-23 21:59:29 +0000] [419] [INFO] Waiting for application startup.
[2026-03-23 21:59:29 +0000] [419] [INFO] Application startup complete.
[2026-03-23 21:59:29 +0000] [427] [INFO] Booting worker with pid: 427
[2026-03-23 21:59:29 +0000] [423] [INFO] Started server process [423]
[2026-03-23 21:59:29 +0000] [423] [INFO] Waiting for application startup.
[2026-03-23 21:59:29 +0000] [423] [INFO] Application startup complete.
[2026-03-23 21:59:29 +0000] [424] [INFO] Started server process [424]
[2026-03-23 21:59:29 +0000] [424] [INFO] Waiting for application startup.
[2026-03-23 21:59:29 +0000] [424] [INFO] Application startup complete.
[2026-03-23 21:59:29 +0000] [429] [INFO] Booting worker with pid: 429
[2026-03-23 21:59:29 +0000] [422] [INFO] Started server process [422]
[2026-03-23 21:59:29 +0000] [422] [INFO] Waiting for application startup.
[2026-03-23 21:59:29 +0000] [422] [INFO] Application startup complete.
[2026-03-23 21:59:29 +0000] [432] [INFO] Booting worker with pid: 432
[2026-03-23 21:59:29 +0000] [427] [INFO] Started server process [427]
[2026-03-23 21:59:29 +0000] [427] [INFO] Waiting for application startup.
[2026-03-23 21:59:29 +0000] [427] [INFO] Application startup complete.
[2026-03-23 21:59:29 +0000] [433] [INFO] Booting worker with pid: 433
[2026-03-23 21:59:29 +0000] [432] [INFO] Started server process [432]
[2026-03-23 21:59:29 +0000] [432] [INFO] Waiting for application startup.
[2026-03-23 21:59:29 +0000] [432] [INFO] Application startup complete.
[2026-03-23 21:59:29 +0000] [436] [INFO] Booting worker with pid: 436
[2026-03-23 21:59:29 +0000] [429] [INFO] Started server process [429]
[2026-03-23 21:59:29 +0000] [429] [INFO] Waiting for application startup.
[2026-03-23 21:59:29 +0000] [429] [INFO] Application startup complete.
[2026-03-23 21:59:29 +0000] [437] [INFO] Booting worker with pid: 437
[2026-03-23 21:59:29 +0000] [438] [INFO] Booting worker with pid: 438
[2026-03-23 21:59:29 +0000] [439] [INFO] Booting worker with pid: 439
[2026-03-23 21:59:29 +0000] [433] [INFO] Started server process [433]
[2026-03-23 21:59:29 +0000] [433] [INFO] Waiting for application startup.
[2026-03-23 21:59:29 +0000] [433] [INFO] Application startup complete.
[2026-03-23 21:59:29 +0000] [442] [INFO] Booting worker with pid: 442
[2026-03-23 21:59:29 +0000] [436] [INFO] Started server process [436]
[2026-03-23 21:59:29 +0000] [436] [INFO] Waiting for application startup.
[2026-03-23 21:59:29 +0000] [436] [INFO] Application startup complete.
[2026-03-23 21:59:29 +0000] [443] [INFO] Booting worker with pid: 443
[2026-03-23 21:59:30 +0000] [437] [INFO] Started server process [437]
[2026-03-23 21:59:30 +0000] [437] [INFO] Waiting for application startup.
[2026-03-23 21:59:30 +0000] [442] [INFO] Started server process [442]
[2026-03-23 21:59:30 +0000] [442] [INFO] Waiting for application startup.
[2026-03-23 21:59:30 +0000] [437] [INFO] Application startup complete.
[2026-03-23 21:59:30 +0000] [442] [INFO] Application startup complete.
[2026-03-23 21:59:30 +0000] [447] [INFO] Booting worker with pid: 447
[2026-03-23 21:59:30 +0000] [438] [INFO] Started server process [438]
[2026-03-23 21:59:30 +0000] [438] [INFO] Waiting for application startup.
[2026-03-23 21:59:30 +0000] [438] [INFO] Application startup complete.
[2026-03-23 21:59:30 +0000] [448] [INFO] Booting worker with pid: 448
[2026-03-23 21:59:30 +0000] [449] [INFO] Booting worker with pid: 449
[2026-03-23 21:59:30 +0000] [451] [INFO] Booting worker with pid: 451
[2026-03-23 21:59:30 +0000] [443] [INFO] Started server process [443]
[2026-03-23 21:59:30 +0000] [443] [INFO] Waiting for application startup.
[2026-03-23 21:59:30 +0000] [443] [INFO] Application startup complete.
[2026-03-23 21:59:30 +0000] [439] [INFO] Started server process [439]
[2026-03-23 21:59:30 +0000] [439] [INFO] Waiting for application startup.
[2026-03-23 21:59:30 +0000] [439] [INFO] Application startup complete.
[2026-03-23 21:59:30 +0000] [448] [INFO] Started server process [448]
[2026-03-23 21:59:30 +0000] [448] [INFO] Waiting for application startup.
[2026-03-23 21:59:30 +0000] [448] [INFO] Application startup complete.
[2026-03-23 21:59:30 +0000] [455] [INFO] Booting worker with pid: 455
[2026-03-23 21:59:30 +0000] [447] [INFO] Started server process [447]
[2026-03-23 21:59:30 +0000] [447] [INFO] Waiting for application startup.
[2026-03-23 21:59:30 +0000] [447] [INFO] Application startup complete.
[2026-03-23 21:59:30 +0000] [456] [INFO] Booting worker with pid: 456
[2026-03-23 21:59:30 +0000] [457] [INFO] Booting worker with pid: 457
[2026-03-23 21:59:30 +0000] [451] [INFO] Started server process [451]
[2026-03-23 21:59:30 +0000] [451] [INFO] Waiting for application startup.
[2026-03-23 21:59:30 +0000] [455] [INFO] Started server process [455]
[2026-03-23 21:59:30 +0000] [455] [INFO] Waiting for application startup.
[2026-03-23 21:59:30 +0000] [455] [INFO] Application startup complete.
[2026-03-23 21:59:30 +0000] [451] [INFO] Application startup complete.
[2026-03-23 21:59:30 +0000] [456] [INFO] Started server process [456]
[2026-03-23 21:59:30 +0000] [456] [INFO] Waiting for application startup.
[2026-03-23 21:59:30 +0000] [456] [INFO] Application startup complete.
[2026-03-23 21:59:30 +0000] [461] [INFO] Booting worker with pid: 461
[2026-03-23 21:59:30 +0000] [463] [INFO] Booting worker with pid: 463
[2026-03-23 21:59:30 +0000] [449] [INFO] Started server process [449]
[2026-03-23 21:59:30 +0000] [449] [INFO] Waiting for application startup.
[2026-03-23 21:59:30 +0000] [449] [INFO] Application startup complete.
[2026-03-23 21:59:30 +0000] [464] [INFO] Booting worker with pid: 464
[2026-03-23 21:59:30 +0000] [457] [INFO] Started server process [457]
[2026-03-23 21:59:30 +0000] [457] [INFO] Waiting for application startup.
[2026-03-23 21:59:30 +0000] [457] [INFO] Application startup complete.
[2026-03-23 21:59:30 +0000] [466] [INFO] Booting worker with pid: 466
[2026-03-23 21:59:30 +0000] [467] [INFO] Booting worker with pid: 467
[2026-03-23 21:59:30 +0000] [461] [INFO] Started server process [461]
[2026-03-23 21:59:30 +0000] [461] [INFO] Waiting for application startup.
[2026-03-23 21:59:30 +0000] [461] [INFO] Application startup complete.
[2026-03-23 21:59:30 +0000] [469] [INFO] Booting worker with pid: 469
[2026-03-23 21:59:30 +0000] [464] [INFO] Started server process [464]
[2026-03-23 21:59:30 +0000] [464] [INFO] Waiting for application startup.
[2026-03-23 21:59:30 +0000] [464] [INFO] Application startup complete.
[2026-03-23 21:59:30 +0000] [472] [INFO] Booting worker with pid: 472
[2026-03-23 21:59:30 +0000] [463] [INFO] Started server process [463]
[2026-03-23 21:59:30 +0000] [463] [INFO] Waiting for application startup.
[2026-03-23 21:59:30 +0000] [463] [INFO] Application startup complete.
[2026-03-23 21:59:30 +0000] [473] [INFO] Booting worker with pid: 473
[2026-03-23 21:59:30 +0000] [466] [INFO] Started server process [466]
[2026-03-23 21:59:30 +0000] [466] [INFO] Waiting for application startup.
[2026-03-23 21:59:30 +0000] [466] [INFO] Application startup complete.
[2026-03-23 21:59:30 +0000] [476] [INFO] Booting worker with pid: 476
[2026-03-23 21:59:30 +0000] [467] [INFO] Started server process [467]
[2026-03-23 21:59:30 +0000] [467] [INFO] Waiting for application startup.
[2026-03-23 21:59:30 +0000] [478] [INFO] Booting worker with pid: 478
[2026-03-23 21:59:30 +0000] [467] [INFO] Application startup complete.
[2026-03-23 21:59:30 +0000] [469] [INFO] Started server process [469]
[2026-03-23 21:59:30 +0000] [469] [INFO] Waiting for application startup.
[2026-03-23 21:59:30 +0000] [469] [INFO] Application startup complete.
[2026-03-23 21:59:30 +0000] [479] [INFO] Booting worker with pid: 479
[2026-03-23 21:59:31 +0000] [481] [INFO] Booting worker with pid: 481
[2026-03-23 21:59:31 +0000] [472] [INFO] Started server process [472]
[2026-03-23 21:59:31 +0000] [472] [INFO] Waiting for application startup.
[2026-03-23 21:59:31 +0000] [472] [INFO] Application startup complete.
[2026-03-23 21:59:31 +0000] [478] [INFO] Started server process [478]
[2026-03-23 21:59:31 +0000] [478] [INFO] Waiting for application startup.
[2026-03-23 21:59:31 +0000] [478] [INFO] Application startup complete.
[2026-03-23 21:59:31 +0000] [473] [INFO] Started server process [473]
[2026-03-23 21:59:31 +0000] [473] [INFO] Waiting for application startup.
[2026-03-23 21:59:31 +0000] [473] [INFO] Application startup complete.
[2026-03-23 21:59:31 +0000] [485] [INFO] Booting worker with pid: 485
[2026-03-23 21:59:31 +0000] [476] [INFO] Started server process [476]
[2026-03-23 21:59:31 +0000] [476] [INFO] Waiting for application startup.
[2026-03-23 21:59:31 +0000] [476] [INFO] Application startup complete.
[2026-03-23 21:59:31 +0000] [481] [INFO] Started server process [481]
[2026-03-23 21:59:31 +0000] [481] [INFO] Waiting for application startup.
[2026-03-23 21:59:31 +0000] [481] [INFO] Application startup complete.
[2026-03-23 21:59:31 +0000] [488] [INFO] Booting worker with pid: 488
[2026-03-23 21:59:31 +0000] [479] [INFO] Started server process [479]
[2026-03-23 21:59:31 +0000] [479] [INFO] Waiting for application startup.
[2026-03-23 21:59:31 +0000] [479] [INFO] Application startup complete.
[2026-03-23 21:59:31 +0000] [489] [INFO] Booting worker with pid: 489
[2026-03-23 21:59:31 +0000] [491] [INFO] Booting worker with pid: 491
[2026-03-23 21:59:31 +0000] [485] [INFO] Started server process [485]
[2026-03-23 21:59:31 +0000] [485] [INFO] Waiting for application startup.
[2026-03-23 21:59:31 +0000] [485] [INFO] Application startup complete.
[2026-03-23 21:59:31 +0000] [488] [INFO] Started server process [488]
[2026-03-23 21:59:31 +0000] [488] [INFO] Waiting for application startup.
[2026-03-23 21:59:31 +0000] [488] [INFO] Application startup complete.
[2026-03-23 21:59:31 +0000] [493] [INFO] Booting worker with pid: 493
[2026-03-23 21:59:31 +0000] [489] [INFO] Started server process [489]
[2026-03-23 21:59:31 +0000] [489] [INFO] Waiting for application startup.
[2026-03-23 21:59:31 +0000] [489] [INFO] Application startup complete.
[2026-03-23 21:59:31 +0000] [495] [INFO] Booting worker with pid: 495
[2026-03-23 21:59:31 +0000] [497] [INFO] Booting worker with pid: 497
[2026-03-23 21:59:31 +0000] [498] [INFO] Booting worker with pid: 498
[2026-03-23 21:59:31 +0000] [491] [INFO] Started server process [491]
[2026-03-23 21:59:31 +0000] [491] [INFO] Waiting for application startup.
[2026-03-23 21:59:31 +0000] [491] [INFO] Application startup complete.
[2026-03-23 21:59:31 +0000] [500] [INFO] Booting worker with pid: 500
[2026-03-23 21:59:31 +0000] [493] [INFO] Started server process [493]
[2026-03-23 21:59:31 +0000] [493] [INFO] Waiting for application startup.
[2026-03-23 21:59:31 +0000] [493] [INFO] Application startup complete.
[2026-03-23 21:59:31 +0000] [502] [INFO] Booting worker with pid: 502
[2026-03-23 21:59:31 +0000] [495] [INFO] Started server process [495]
[2026-03-23 21:59:31 +0000] [495] [INFO] Waiting for application startup.
[2026-03-23 21:59:31 +0000] [495] [INFO] Application startup complete.
[2026-03-23 21:59:31 +0000] [504] [INFO] Booting worker with pid: 504
[2026-03-23 21:59:31 +0000] [497] [INFO] Started server process [497]
[2026-03-23 21:59:31 +0000] [497] [INFO] Waiting for application startup.
[2026-03-23 21:59:31 +0000] [497] [INFO] Application startup complete.
[2026-03-23 21:59:31 +0000] [500] [INFO] Started server process [500]
[2026-03-23 21:59:31 +0000] [500] [INFO] Waiting for application startup.
[2026-03-23 21:59:31 +0000] [500] [INFO] Application startup complete.
[2026-03-23 21:59:31 +0000] [498] [INFO] Started server process [498]
[2026-03-23 21:59:31 +0000] [498] [INFO] Waiting for application startup.
[2026-03-23 21:59:31 +0000] [498] [INFO] Application startup complete.
[2026-03-23 21:59:31 +0000] [508] [INFO] Booting worker with pid: 508
[2026-03-23 21:59:31 +0000] [502] [INFO] Started server process [502]
[2026-03-23 21:59:31 +0000] [502] [INFO] Waiting for application startup.
[2026-03-23 21:59:31 +0000] [502] [INFO] Application startup complete.
[2026-03-23 21:59:31 +0000] [504] [INFO] Started server process [504]
[2026-03-23 21:59:31 +0000] [504] [INFO] Waiting for application startup.
[2026-03-23 21:59:31 +0000] [504] [INFO] Application startup complete.
[2026-03-23 21:59:31 +0000] [508] [INFO] Started server process [508]
[2026-03-23 21:59:31 +0000] [508] [INFO] Waiting for application startup.
[2026-03-23 21:59:31 +0000] [508] [INFO] Application startup complete.
[2026-03-23 21:59:31 +0000] [511] [INFO] Booting worker with pid: 511
[2026-03-23 21:59:31 +0000] [511] [INFO] Started server process [511]
[2026-03-23 21:59:31 +0000] [511] [INFO] Waiting for application startup.
[2026-03-23 21:59:31 +0000] [511] [INFO] Application startup complete.
[2026-03-23 21:59:31 +0000] [513] [INFO] Booting worker with pid: 513
[2026-03-23 21:59:31 +0000] [513] [INFO] Started server process [513]
[2026-03-23 21:59:31 +0000] [513] [INFO] Waiting for application startup.
[2026-03-23 21:59:31 +0000] [513] [INFO] Application startup complete.
[2026-03-23 21:59:32 +0000] [515] [INFO] Booting worker with pid: 515
[2026-03-23 21:59:32 +0000] [516] [INFO] Booting worker with pid: 516
[2026-03-23 21:59:32 +0000] [515] [INFO] Started server process [515]
[2026-03-23 21:59:32 +0000] [515] [INFO] Waiting for application startup.
[2026-03-23 21:59:32 +0000] [515] [INFO] Application startup complete.
[2026-03-23 21:59:32 +0000] [516] [INFO] Started server process [516]
[2026-03-23 21:59:32 +0000] [516] [INFO] Waiting for application startup.
[2026-03-23 21:59:32 +0000] [516] [INFO] Application startup complete.
