[serve-worker-0 ] Application started.
[serve-worker-0 ] deno serve: Listening on http://0.0.0.0:8080/ with 64 threads
[serve-worker-8 ] Application started.
[serve-worker-3 ] Application started.
[serve-worker-24] Application started.
[serve-worker-43] Application started.
[serve-worker-9 ] Application started.
[serve-worker-5 ] Application started.
[serve-worker-21] Application started.
[serve-worker-22] Application started.
[serve-worker-13] Application started.
[serve-worker-27] Application started.
[serve-worker-48] Application started.
[serve-worker-11] Application started.
[serve-worker-20] Application started.
[serve-worker-29] Application started.
[serve-worker-7 ] Application started.
[serve-worker-35] Application started.
[serve-worker-26] Application started.
[serve-worker-10] Application started.
[serve-worker-36] Application started.
[serve-worker-4 ] Application started.
[serve-worker-39] Application started.
[serve-worker-34] Application started.
[serve-worker-6 ] Application started.
[serve-worker-15] Application started.
[serve-worker-12] Application started.
[serve-worker-63] Application started.
[serve-worker-25] Application started.
[serve-worker-2 ] Application started.
[serve-worker-38] Application started.
[serve-worker-54] Application started.
[serve-worker-23] Application started.
[serve-worker-32] Application started.
[serve-worker-44] Application started.
[serve-worker-40] Application started.
[serve-worker-33] Application started.
[serve-worker-16] Application started.
[serve-worker-57] Application started.
[serve-worker-14] Application started.
[serve-worker-46] Application started.
[serve-worker-37] Application started.
[serve-worker-47] Application started.
[serve-worker-62] Application started.
[serve-worker-30] Application started.
[serve-worker-59] Application started.
[serve-worker-51] Application started.
[serve-worker-18] Application started.
[serve-worker-61] Application started.
[serve-worker-41] Application started.
[serve-worker-1 ] Application started.
[serve-worker-17] Application started.
[serve-worker-31] Application started.
[serve-worker-28] Application started.
[serve-worker-56] Application started.
[serve-worker-50] Application started.
[serve-worker-55] Application started.
[serve-worker-53] Application started.
[serve-worker-19] Application started.
[serve-worker-58] Application started.
[serve-worker-52] Application started.
[serve-worker-42] Application started.
[serve-worker-60] Application started.
[serve-worker-49] Application started.
[serve-worker-45] Application started.
[serve-worker-45] TypeError: Invalid Header: 'upgrade' header must contain 'websocket'
    at Object.upgradeWebSocket (ext:deno_http/02_websocket.ts:19:11)
    at Object.fetch (file:///app/server.ts:4:41)
    at handler (ext:deno_http/00_serve.ts:718:26)
    at mapped (ext:deno_http/00_serve.ts:391:24)
    at mapped (ext:deno_http/00_serve.ts:471:16)
    at ext:deno_http/00_serve.ts:634:29
    at eventLoopTick (ext:core/01_core.js:177:7)
