[2026-03-23 21:59:42 +0000] [1] [INFO] Starting gunicorn 23.0.0
[2026-03-23 21:59:42 +0000] [1] [INFO] Listening at: http://0.0.0.0:8080 (1)
[2026-03-23 21:59:42 +0000] [1] [INFO] Using worker: uvicorn.workers.UvicornWorker
[2026-03-23 21:59:42 +0000] [7] [INFO] Booting worker with pid: 7
[2026-03-23 21:59:42 +0000] [7] [INFO] Started server process [7]
[2026-03-23 21:59:42 +0000] [7] [INFO] Waiting for application startup.
[2026-03-23 21:59:42 +0000] [7] [INFO] Application startup complete.
[2026-03-23 21:59:42 +0000] [9] [INFO] Booting worker with pid: 9
[2026-03-23 21:59:42 +0000] [9] [INFO] Started server process [9]
[2026-03-23 21:59:42 +0000] [9] [INFO] Waiting for application startup.
[2026-03-23 21:59:42 +0000] [9] [INFO] Application startup complete.
[2026-03-23 21:59:42 +0000] [11] [INFO] Booting worker with pid: 11
[2026-03-23 21:59:42 +0000] [12] [INFO] Booting worker with pid: 12
[2026-03-23 21:59:42 +0000] [14] [INFO] Booting worker with pid: 14
[2026-03-23 21:59:42 +0000] [11] [INFO] Started server process [11]
[2026-03-23 21:59:42 +0000] [11] [INFO] Waiting for application startup.
[2026-03-23 21:59:42 +0000] [11] [INFO] Application startup complete.
[2026-03-23 21:59:42 +0000] [12] [INFO] Started server process [12]
[2026-03-23 21:59:42 +0000] [12] [INFO] Waiting for application startup.
[2026-03-23 21:59:42 +0000] [12] [INFO] Application startup complete.
[2026-03-23 21:59:42 +0000] [16] [INFO] Booting worker with pid: 16
[2026-03-23 21:59:42 +0000] [18] [INFO] Booting worker with pid: 18
[2026-03-23 21:59:42 +0000] [14] [INFO] Started server process [14]
[2026-03-23 21:59:42 +0000] [14] [INFO] Waiting for application startup.
[2026-03-23 21:59:42 +0000] [14] [INFO] Application startup complete.
[2026-03-23 21:59:42 +0000] [16] [INFO] Started server process [16]
[2026-03-23 21:59:42 +0000] [16] [INFO] Waiting for application startup.
[2026-03-23 21:59:42 +0000] [16] [INFO] Application startup complete.
[2026-03-23 21:59:42 +0000] [18] [INFO] Started server process [18]
[2026-03-23 21:59:42 +0000] [18] [INFO] Waiting for application startup.
[2026-03-23 21:59:42 +0000] [18] [INFO] Application startup complete.
[2026-03-23 21:59:42 +0000] [21] [INFO] Booting worker with pid: 21
[2026-03-23 21:59:42 +0000] [22] [INFO] Booting worker with pid: 22
[2026-03-23 21:59:42 +0000] [21] [INFO] Started server process [21]
[2026-03-23 21:59:42 +0000] [21] [INFO] Waiting for application startup.
[2026-03-23 21:59:42 +0000] [21] [INFO] Application startup complete.
[2026-03-23 21:59:42 +0000] [22] [INFO] Started server process [22]
[2026-03-23 21:59:42 +0000] [22] [INFO] Waiting for application startup.
[2026-03-23 21:59:42 +0000] [22] [INFO] Application startup complete.
[2026-03-23 21:59:42 +0000] [25] [INFO] Booting worker with pid: 25
[2026-03-23 21:59:42 +0000] [25] [INFO] Started server process [25]
[2026-03-23 21:59:42 +0000] [25] [INFO] Waiting for application startup.
[2026-03-23 21:59:42 +0000] [25] [INFO] Application startup complete.
[2026-03-23 21:59:42 +0000] [27] [INFO] Booting worker with pid: 27
[2026-03-23 21:59:42 +0000] [27] [INFO] Started server process [27]
[2026-03-23 21:59:42 +0000] [27] [INFO] Waiting for application startup.
[2026-03-23 21:59:42 +0000] [27] [INFO] Application startup complete.
[2026-03-23 21:59:42 +0000] [29] [INFO] Booting worker with pid: 29
[2026-03-23 21:59:42 +0000] [30] [INFO] Booting worker with pid: 30
[2026-03-23 21:59:42 +0000] [32] [INFO] Booting worker with pid: 32
[2026-03-23 21:59:42 +0000] [33] [INFO] Booting worker with pid: 33
[2026-03-23 21:59:42 +0000] [29] [INFO] Started server process [29]
[2026-03-23 21:59:42 +0000] [29] [INFO] Waiting for application startup.
[2026-03-23 21:59:42 +0000] [29] [INFO] Application startup complete.
[2026-03-23 21:59:42 +0000] [30] [INFO] Started server process [30]
[2026-03-23 21:59:42 +0000] [30] [INFO] Waiting for application startup.
[2026-03-23 21:59:42 +0000] [30] [INFO] Application startup complete.
[2026-03-23 21:59:42 +0000] [35] [INFO] Booting worker with pid: 35
[2026-03-23 21:59:43 +0000] [32] [INFO] Started server process [32]
[2026-03-23 21:59:43 +0000] [32] [INFO] Waiting for application startup.
[2026-03-23 21:59:43 +0000] [32] [INFO] Application startup complete.
[2026-03-23 21:59:43 +0000] [33] [INFO] Started server process [33]
[2026-03-23 21:59:43 +0000] [33] [INFO] Waiting for application startup.
[2026-03-23 21:59:43 +0000] [33] [INFO] Application startup complete.
[2026-03-23 21:59:43 +0000] [38] [INFO] Booting worker with pid: 38
[2026-03-23 21:59:43 +0000] [40] [INFO] Booting worker with pid: 40
[2026-03-23 21:59:43 +0000] [35] [INFO] Started server process [35]
[2026-03-23 21:59:43 +0000] [35] [INFO] Waiting for application startup.
[2026-03-23 21:59:43 +0000] [35] [INFO] Application startup complete.
[2026-03-23 21:59:43 +0000] [38] [INFO] Started server process [38]
[2026-03-23 21:59:43 +0000] [38] [INFO] Waiting for application startup.
[2026-03-23 21:59:43 +0000] [38] [INFO] Application startup complete.
[2026-03-23 21:59:43 +0000] [43] [INFO] Booting worker with pid: 43
[2026-03-23 21:59:43 +0000] [40] [INFO] Started server process [40]
[2026-03-23 21:59:43 +0000] [40] [INFO] Waiting for application startup.
[2026-03-23 21:59:43 +0000] [40] [INFO] Application startup complete.
[2026-03-23 21:59:43 +0000] [44] [INFO] Booting worker with pid: 44
[2026-03-23 21:59:43 +0000] [43] [INFO] Started server process [43]
[2026-03-23 21:59:43 +0000] [43] [INFO] Waiting for application startup.
[2026-03-23 21:59:43 +0000] [43] [INFO] Application startup complete.
[2026-03-23 21:59:43 +0000] [44] [INFO] Started server process [44]
[2026-03-23 21:59:43 +0000] [44] [INFO] Waiting for application startup.
[2026-03-23 21:59:43 +0000] [44] [INFO] Application startup complete.
[2026-03-23 21:59:43 +0000] [47] [INFO] Booting worker with pid: 47
[2026-03-23 21:59:43 +0000] [47] [INFO] Started server process [47]
[2026-03-23 21:59:43 +0000] [47] [INFO] Waiting for application startup.
[2026-03-23 21:59:43 +0000] [47] [INFO] Application startup complete.
[2026-03-23 21:59:43 +0000] [49] [INFO] Booting worker with pid: 49
[2026-03-23 21:59:43 +0000] [49] [INFO] Started server process [49]
[2026-03-23 21:59:43 +0000] [49] [INFO] Waiting for application startup.
[2026-03-23 21:59:43 +0000] [49] [INFO] Application startup complete.
[2026-03-23 21:59:43 +0000] [51] [INFO] Booting worker with pid: 51
[2026-03-23 21:59:43 +0000] [51] [INFO] Started server process [51]
[2026-03-23 21:59:43 +0000] [51] [INFO] Waiting for application startup.
[2026-03-23 21:59:43 +0000] [51] [INFO] Application startup complete.
[2026-03-23 21:59:43 +0000] [53] [INFO] Booting worker with pid: 53
[2026-03-23 21:59:43 +0000] [54] [INFO] Booting worker with pid: 54
[2026-03-23 21:59:43 +0000] [53] [INFO] Started server process [53]
[2026-03-23 21:59:43 +0000] [53] [INFO] Waiting for application startup.
[2026-03-23 21:59:43 +0000] [53] [INFO] Application startup complete.
[2026-03-23 21:59:43 +0000] [56] [INFO] Booting worker with pid: 56
[2026-03-23 21:59:43 +0000] [54] [INFO] Started server process [54]
[2026-03-23 21:59:43 +0000] [54] [INFO] Waiting for application startup.
[2026-03-23 21:59:43 +0000] [54] [INFO] Application startup complete.
[2026-03-23 21:59:43 +0000] [58] [INFO] Booting worker with pid: 58
[2026-03-23 21:59:43 +0000] [56] [INFO] Started server process [56]
[2026-03-23 21:59:43 +0000] [56] [INFO] Waiting for application startup.
[2026-03-23 21:59:43 +0000] [56] [INFO] Application startup complete.
[2026-03-23 21:59:43 +0000] [60] [INFO] Booting worker with pid: 60
[2026-03-23 21:59:43 +0000] [58] [INFO] Started server process [58]
[2026-03-23 21:59:43 +0000] [58] [INFO] Waiting for application startup.
[2026-03-23 21:59:43 +0000] [58] [INFO] Application startup complete.
[2026-03-23 21:59:43 +0000] [62] [INFO] Booting worker with pid: 62
[2026-03-23 21:59:43 +0000] [60] [INFO] Started server process [60]
[2026-03-23 21:59:43 +0000] [60] [INFO] Waiting for application startup.
[2026-03-23 21:59:43 +0000] [60] [INFO] Application startup complete.
[2026-03-23 21:59:43 +0000] [64] [INFO] Booting worker with pid: 64
[2026-03-23 21:59:43 +0000] [62] [INFO] Started server process [62]
[2026-03-23 21:59:43 +0000] [62] [INFO] Waiting for application startup.
[2026-03-23 21:59:43 +0000] [62] [INFO] Application startup complete.
[2026-03-23 21:59:43 +0000] [67] [INFO] Booting worker with pid: 67
[2026-03-23 21:59:43 +0000] [64] [INFO] Started server process [64]
[2026-03-23 21:59:43 +0000] [64] [INFO] Waiting for application startup.
[2026-03-23 21:59:43 +0000] [64] [INFO] Application startup complete.
[2026-03-23 21:59:43 +0000] [68] [INFO] Booting worker with pid: 68
[2026-03-23 21:59:43 +0000] [67] [INFO] Started server process [67]
[2026-03-23 21:59:43 +0000] [67] [INFO] Waiting for application startup.
[2026-03-23 21:59:43 +0000] [67] [INFO] Application startup complete.
[2026-03-23 21:59:43 +0000] [70] [INFO] Booting worker with pid: 70
[2026-03-23 21:59:43 +0000] [68] [INFO] Started server process [68]
[2026-03-23 21:59:43 +0000] [68] [INFO] Waiting for application startup.
[2026-03-23 21:59:43 +0000] [68] [INFO] Application startup complete.
[2026-03-23 21:59:44 +0000] [70] [INFO] Started server process [70]
[2026-03-23 21:59:44 +0000] [70] [INFO] Waiting for application startup.
[2026-03-23 21:59:44 +0000] [70] [INFO] Application startup complete.
[2026-03-23 21:59:44 +0000] [73] [INFO] Booting worker with pid: 73
[2026-03-23 21:59:44 +0000] [75] [INFO] Booting worker with pid: 75
[2026-03-23 21:59:44 +0000] [73] [INFO] Started server process [73]
[2026-03-23 21:59:44 +0000] [73] [INFO] Waiting for application startup.
[2026-03-23 21:59:44 +0000] [73] [INFO] Application startup complete.
[2026-03-23 21:59:44 +0000] [77] [INFO] Booting worker with pid: 77
[2026-03-23 21:59:44 +0000] [75] [INFO] Started server process [75]
[2026-03-23 21:59:44 +0000] [75] [INFO] Waiting for application startup.
[2026-03-23 21:59:44 +0000] [75] [INFO] Application startup complete.
[2026-03-23 21:59:44 +0000] [78] [INFO] Booting worker with pid: 78
[2026-03-23 21:59:44 +0000] [77] [INFO] Started server process [77]
[2026-03-23 21:59:44 +0000] [77] [INFO] Waiting for application startup.
[2026-03-23 21:59:44 +0000] [77] [INFO] Application startup complete.
[2026-03-23 21:59:44 +0000] [80] [INFO] Booting worker with pid: 80
[2026-03-23 21:59:44 +0000] [78] [INFO] Started server process [78]
[2026-03-23 21:59:44 +0000] [78] [INFO] Waiting for application startup.
[2026-03-23 21:59:44 +0000] [78] [INFO] Application startup complete.
[2026-03-23 21:59:44 +0000] [82] [INFO] Booting worker with pid: 82
[2026-03-23 21:59:44 +0000] [80] [INFO] Started server process [80]
[2026-03-23 21:59:44 +0000] [80] [INFO] Waiting for application startup.
[2026-03-23 21:59:44 +0000] [80] [INFO] Application startup complete.
[2026-03-23 21:59:44 +0000] [82] [INFO] Started server process [82]
[2026-03-23 21:59:44 +0000] [82] [INFO] Waiting for application startup.
[2026-03-23 21:59:44 +0000] [82] [INFO] Application startup complete.
[2026-03-23 21:59:44 +0000] [85] [INFO] Booting worker with pid: 85
[2026-03-23 21:59:44 +0000] [87] [INFO] Booting worker with pid: 87
[2026-03-23 21:59:44 +0000] [85] [INFO] Started server process [85]
[2026-03-23 21:59:44 +0000] [85] [INFO] Waiting for application startup.
[2026-03-23 21:59:44 +0000] [85] [INFO] Application startup complete.
[2026-03-23 21:59:44 +0000] [87] [INFO] Started server process [87]
[2026-03-23 21:59:44 +0000] [87] [INFO] Waiting for application startup.
[2026-03-23 21:59:44 +0000] [87] [INFO] Application startup complete.
[2026-03-23 21:59:44 +0000] [89] [INFO] Booting worker with pid: 89
[2026-03-23 21:59:44 +0000] [91] [INFO] Booting worker with pid: 91
[2026-03-23 21:59:44 +0000] [89] [INFO] Started server process [89]
[2026-03-23 21:59:44 +0000] [89] [INFO] Waiting for application startup.
[2026-03-23 21:59:44 +0000] [89] [INFO] Application startup complete.
[2026-03-23 21:59:44 +0000] [92] [INFO] Booting worker with pid: 92
[2026-03-23 21:59:44 +0000] [94] [INFO] Booting worker with pid: 94
[2026-03-23 21:59:44 +0000] [91] [INFO] Started server process [91]
[2026-03-23 21:59:44 +0000] [91] [INFO] Waiting for application startup.
[2026-03-23 21:59:44 +0000] [91] [INFO] Application startup complete.
[2026-03-23 21:59:44 +0000] [95] [INFO] Booting worker with pid: 95
[2026-03-23 21:59:44 +0000] [92] [INFO] Started server process [92]
[2026-03-23 21:59:44 +0000] [92] [INFO] Waiting for application startup.
[2026-03-23 21:59:44 +0000] [92] [INFO] Application startup complete.
[2026-03-23 21:59:44 +0000] [94] [INFO] Started server process [94]
[2026-03-23 21:59:44 +0000] [94] [INFO] Waiting for application startup.
[2026-03-23 21:59:44 +0000] [94] [INFO] Application startup complete.
[2026-03-23 21:59:44 +0000] [95] [INFO] Started server process [95]
[2026-03-23 21:59:44 +0000] [95] [INFO] Waiting for application startup.
[2026-03-23 21:59:44 +0000] [95] [INFO] Application startup complete.
[2026-03-23 21:59:44 +0000] [99] [INFO] Booting worker with pid: 99
[2026-03-23 21:59:44 +0000] [100] [INFO] Booting worker with pid: 100
[2026-03-23 21:59:44 +0000] [99] [INFO] Started server process [99]
[2026-03-23 21:59:44 +0000] [99] [INFO] Waiting for application startup.
[2026-03-23 21:59:44 +0000] [99] [INFO] Application startup complete.
[2026-03-23 21:59:44 +0000] [103] [INFO] Booting worker with pid: 103
[2026-03-23 21:59:44 +0000] [100] [INFO] Started server process [100]
[2026-03-23 21:59:44 +0000] [100] [INFO] Waiting for application startup.
[2026-03-23 21:59:44 +0000] [100] [INFO] Application startup complete.
[2026-03-23 21:59:44 +0000] [104] [INFO] Booting worker with pid: 104
[2026-03-23 21:59:45 +0000] [105] [INFO] Booting worker with pid: 105
[2026-03-23 21:59:45 +0000] [103] [INFO] Started server process [103]
[2026-03-23 21:59:45 +0000] [103] [INFO] Waiting for application startup.
[2026-03-23 21:59:45 +0000] [103] [INFO] Application startup complete.
[2026-03-23 21:59:45 +0000] [108] [INFO] Booting worker with pid: 108
[2026-03-23 21:59:45 +0000] [104] [INFO] Started server process [104]
[2026-03-23 21:59:45 +0000] [104] [INFO] Waiting for application startup.
[2026-03-23 21:59:45 +0000] [104] [INFO] Application startup complete.
[2026-03-23 21:59:45 +0000] [105] [INFO] Started server process [105]
[2026-03-23 21:59:45 +0000] [105] [INFO] Waiting for application startup.
[2026-03-23 21:59:45 +0000] [105] [INFO] Application startup complete.
[2026-03-23 21:59:45 +0000] [110] [INFO] Booting worker with pid: 110
[2026-03-23 21:59:45 +0000] [112] [INFO] Booting worker with pid: 112
[2026-03-23 21:59:45 +0000] [108] [INFO] Started server process [108]
[2026-03-23 21:59:45 +0000] [108] [INFO] Waiting for application startup.
[2026-03-23 21:59:45 +0000] [108] [INFO] Application startup complete.
[2026-03-23 21:59:45 +0000] [110] [INFO] Started server process [110]
[2026-03-23 21:59:45 +0000] [110] [INFO] Waiting for application startup.
[2026-03-23 21:59:45 +0000] [115] [INFO] Booting worker with pid: 115
[2026-03-23 21:59:45 +0000] [110] [INFO] Application startup complete.
[2026-03-23 21:59:45 +0000] [112] [INFO] Started server process [112]
[2026-03-23 21:59:45 +0000] [112] [INFO] Waiting for application startup.
[2026-03-23 21:59:45 +0000] [112] [INFO] Application startup complete.
[2026-03-23 21:59:45 +0000] [117] [INFO] Booting worker with pid: 117
[2026-03-23 21:59:45 +0000] [118] [INFO] Booting worker with pid: 118
[2026-03-23 21:59:45 +0000] [115] [INFO] Started server process [115]
[2026-03-23 21:59:45 +0000] [115] [INFO] Waiting for application startup.
[2026-03-23 21:59:45 +0000] [115] [INFO] Application startup complete.
[2026-03-23 21:59:45 +0000] [117] [INFO] Started server process [117]
[2026-03-23 21:59:45 +0000] [117] [INFO] Waiting for application startup.
[2026-03-23 21:59:45 +0000] [117] [INFO] Application startup complete.
[2026-03-23 21:59:45 +0000] [121] [INFO] Booting worker with pid: 121
[2026-03-23 21:59:45 +0000] [118] [INFO] Started server process [118]
[2026-03-23 21:59:45 +0000] [118] [INFO] Waiting for application startup.
[2026-03-23 21:59:45 +0000] [118] [INFO] Application startup complete.
[2026-03-23 21:59:45 +0000] [122] [INFO] Booting worker with pid: 122
[2026-03-23 21:59:45 +0000] [121] [INFO] Started server process [121]
[2026-03-23 21:59:45 +0000] [121] [INFO] Waiting for application startup.
[2026-03-23 21:59:45 +0000] [121] [INFO] Application startup complete.
[2026-03-23 21:59:45 +0000] [124] [INFO] Booting worker with pid: 124
[2026-03-23 21:59:45 +0000] [125] [INFO] Booting worker with pid: 125
[2026-03-23 21:59:45 +0000] [122] [INFO] Started server process [122]
[2026-03-23 21:59:45 +0000] [122] [INFO] Waiting for application startup.
[2026-03-23 21:59:45 +0000] [122] [INFO] Application startup complete.
[2026-03-23 21:59:45 +0000] [124] [INFO] Started server process [124]
[2026-03-23 21:59:45 +0000] [124] [INFO] Waiting for application startup.
[2026-03-23 21:59:45 +0000] [124] [INFO] Application startup complete.
[2026-03-23 21:59:45 +0000] [128] [INFO] Booting worker with pid: 128
[2026-03-23 21:59:45 +0000] [125] [INFO] Started server process [125]
[2026-03-23 21:59:45 +0000] [125] [INFO] Waiting for application startup.
[2026-03-23 21:59:45 +0000] [125] [INFO] Application startup complete.
[2026-03-23 21:59:45 +0000] [130] [INFO] Booting worker with pid: 130
[2026-03-23 21:59:45 +0000] [128] [INFO] Started server process [128]
[2026-03-23 21:59:45 +0000] [128] [INFO] Waiting for application startup.
[2026-03-23 21:59:45 +0000] [128] [INFO] Application startup complete.
[2026-03-23 21:59:45 +0000] [133] [INFO] Booting worker with pid: 133
[2026-03-23 21:59:45 +0000] [130] [INFO] Started server process [130]
[2026-03-23 21:59:45 +0000] [130] [INFO] Waiting for application startup.
[2026-03-23 21:59:45 +0000] [130] [INFO] Application startup complete.
[2026-03-23 21:59:45 +0000] [134] [INFO] Booting worker with pid: 134
[2026-03-23 21:59:45 +0000] [135] [INFO] Booting worker with pid: 135
[2026-03-23 21:59:45 +0000] [133] [INFO] Started server process [133]
[2026-03-23 21:59:45 +0000] [133] [INFO] Waiting for application startup.
[2026-03-23 21:59:45 +0000] [133] [INFO] Application startup complete.
[2026-03-23 21:59:45 +0000] [137] [INFO] Booting worker with pid: 137
[2026-03-23 21:59:45 +0000] [134] [INFO] Started server process [134]
[2026-03-23 21:59:45 +0000] [134] [INFO] Waiting for application startup.
[2026-03-23 21:59:45 +0000] [134] [INFO] Application startup complete.
[2026-03-23 21:59:45 +0000] [135] [INFO] Started server process [135]
[2026-03-23 21:59:45 +0000] [135] [INFO] Waiting for application startup.
[2026-03-23 21:59:45 +0000] [135] [INFO] Application startup complete.
[2026-03-23 21:59:45 +0000] [140] [INFO] Booting worker with pid: 140
[2026-03-23 21:59:45 +0000] [142] [INFO] Booting worker with pid: 142
[2026-03-23 21:59:45 +0000] [137] [INFO] Started server process [137]
[2026-03-23 21:59:45 +0000] [137] [INFO] Waiting for application startup.
[2026-03-23 21:59:45 +0000] [137] [INFO] Application startup complete.
[2026-03-23 21:59:46 +0000] [143] [INFO] Booting worker with pid: 143
[2026-03-23 21:59:46 +0000] [145] [INFO] Booting worker with pid: 145
[2026-03-23 21:59:46 +0000] [140] [INFO] Started server process [140]
[2026-03-23 21:59:46 +0000] [140] [INFO] Waiting for application startup.
[2026-03-23 21:59:46 +0000] [140] [INFO] Application startup complete.
[2026-03-23 21:59:46 +0000] [146] [INFO] Booting worker with pid: 146
[2026-03-23 21:59:46 +0000] [142] [INFO] Started server process [142]
[2026-03-23 21:59:46 +0000] [142] [INFO] Waiting for application startup.
[2026-03-23 21:59:46 +0000] [142] [INFO] Application startup complete.
[2026-03-23 21:59:46 +0000] [143] [INFO] Started server process [143]
[2026-03-23 21:59:46 +0000] [143] [INFO] Waiting for application startup.
[2026-03-23 21:59:46 +0000] [143] [INFO] Application startup complete.
[2026-03-23 21:59:46 +0000] [149] [INFO] Booting worker with pid: 149
[2026-03-23 21:59:46 +0000] [150] [INFO] Booting worker with pid: 150
[2026-03-23 21:59:46 +0000] [146] [INFO] Started server process [146]
[2026-03-23 21:59:46 +0000] [146] [INFO] Waiting for application startup.
[2026-03-23 21:59:46 +0000] [146] [INFO] Application startup complete.
[2026-03-23 21:59:46 +0000] [145] [INFO] Started server process [145]
[2026-03-23 21:59:46 +0000] [145] [INFO] Waiting for application startup.
[2026-03-23 21:59:46 +0000] [145] [INFO] Application startup complete.
[2026-03-23 21:59:46 +0000] [154] [INFO] Booting worker with pid: 154
[2026-03-23 21:59:46 +0000] [149] [INFO] Started server process [149]
[2026-03-23 21:59:46 +0000] [149] [INFO] Waiting for application startup.
[2026-03-23 21:59:46 +0000] [149] [INFO] Application startup complete.
[2026-03-23 21:59:46 +0000] [156] [INFO] Booting worker with pid: 156
[2026-03-23 21:59:46 +0000] [150] [INFO] Started server process [150]
[2026-03-23 21:59:46 +0000] [150] [INFO] Waiting for application startup.
[2026-03-23 21:59:46 +0000] [150] [INFO] Application startup complete.
[2026-03-23 21:59:46 +0000] [157] [INFO] Booting worker with pid: 157
[2026-03-23 21:59:46 +0000] [158] [INFO] Booting worker with pid: 158
[2026-03-23 21:59:46 +0000] [154] [INFO] Started server process [154]
[2026-03-23 21:59:46 +0000] [154] [INFO] Waiting for application startup.
[2026-03-23 21:59:46 +0000] [154] [INFO] Application startup complete.
[2026-03-23 21:59:46 +0000] [156] [INFO] Started server process [156]
[2026-03-23 21:59:46 +0000] [156] [INFO] Waiting for application startup.
[2026-03-23 21:59:46 +0000] [156] [INFO] Application startup complete.
[2026-03-23 21:59:46 +0000] [162] [INFO] Booting worker with pid: 162
[2026-03-23 21:59:46 +0000] [157] [INFO] Started server process [157]
[2026-03-23 21:59:46 +0000] [157] [INFO] Waiting for application startup.
[2026-03-23 21:59:46 +0000] [157] [INFO] Application startup complete.
[2026-03-23 21:59:46 +0000] [164] [INFO] Booting worker with pid: 164
[2026-03-23 21:59:46 +0000] [158] [INFO] Started server process [158]
[2026-03-23 21:59:46 +0000] [158] [INFO] Waiting for application startup.
[2026-03-23 21:59:46 +0000] [158] [INFO] Application startup complete.
[2026-03-23 21:59:46 +0000] [165] [INFO] Booting worker with pid: 165
[2026-03-23 21:59:46 +0000] [166] [INFO] Booting worker with pid: 166
[2026-03-23 21:59:46 +0000] [162] [INFO] Started server process [162]
[2026-03-23 21:59:46 +0000] [162] [INFO] Waiting for application startup.
[2026-03-23 21:59:46 +0000] [162] [INFO] Application startup complete.
[2026-03-23 21:59:46 +0000] [168] [INFO] Booting worker with pid: 168
[2026-03-23 21:59:46 +0000] [164] [INFO] Started server process [164]
[2026-03-23 21:59:46 +0000] [164] [INFO] Waiting for application startup.
[2026-03-23 21:59:46 +0000] [164] [INFO] Application startup complete.
[2026-03-23 21:59:46 +0000] [165] [INFO] Started server process [165]
[2026-03-23 21:59:46 +0000] [165] [INFO] Waiting for application startup.
[2026-03-23 21:59:46 +0000] [165] [INFO] Application startup complete.
[2026-03-23 21:59:46 +0000] [171] [INFO] Booting worker with pid: 171
[2026-03-23 21:59:46 +0000] [172] [INFO] Booting worker with pid: 172
[2026-03-23 21:59:46 +0000] [166] [INFO] Started server process [166]
[2026-03-23 21:59:46 +0000] [166] [INFO] Waiting for application startup.
[2026-03-23 21:59:46 +0000] [166] [INFO] Application startup complete.
[2026-03-23 21:59:46 +0000] [174] [INFO] Booting worker with pid: 174
[2026-03-23 21:59:46 +0000] [168] [INFO] Started server process [168]
[2026-03-23 21:59:46 +0000] [168] [INFO] Waiting for application startup.
[2026-03-23 21:59:46 +0000] [168] [INFO] Application startup complete.
[2026-03-23 21:59:46 +0000] [171] [INFO] Started server process [171]
[2026-03-23 21:59:46 +0000] [171] [INFO] Waiting for application startup.
[2026-03-23 21:59:46 +0000] [171] [INFO] Application startup complete.
[2026-03-23 21:59:46 +0000] [172] [INFO] Started server process [172]
[2026-03-23 21:59:46 +0000] [172] [INFO] Waiting for application startup.
[2026-03-23 21:59:46 +0000] [172] [INFO] Application startup complete.
[2026-03-23 21:59:46 +0000] [178] [INFO] Booting worker with pid: 178
[2026-03-23 21:59:46 +0000] [174] [INFO] Started server process [174]
[2026-03-23 21:59:46 +0000] [174] [INFO] Waiting for application startup.
[2026-03-23 21:59:46 +0000] [174] [INFO] Application startup complete.
[2026-03-23 21:59:46 +0000] [180] [INFO] Booting worker with pid: 180
[2026-03-23 21:59:46 +0000] [178] [INFO] Started server process [178]
[2026-03-23 21:59:46 +0000] [178] [INFO] Waiting for application startup.
[2026-03-23 21:59:46 +0000] [178] [INFO] Application startup complete.
[2026-03-23 21:59:46 +0000] [182] [INFO] Booting worker with pid: 182
[2026-03-23 21:59:46 +0000] [183] [INFO] Booting worker with pid: 183
[2026-03-23 21:59:46 +0000] [180] [INFO] Started server process [180]
[2026-03-23 21:59:46 +0000] [180] [INFO] Waiting for application startup.
[2026-03-23 21:59:46 +0000] [180] [INFO] Application startup complete.
[2026-03-23 21:59:46 +0000] [186] [INFO] Booting worker with pid: 186
[2026-03-23 21:59:46 +0000] [182] [INFO] Started server process [182]
[2026-03-23 21:59:46 +0000] [182] [INFO] Waiting for application startup.
[2026-03-23 21:59:46 +0000] [182] [INFO] Application startup complete.
[2026-03-23 21:59:46 +0000] [187] [INFO] Booting worker with pid: 187
[2026-03-23 21:59:46 +0000] [183] [INFO] Started server process [183]
[2026-03-23 21:59:46 +0000] [183] [INFO] Waiting for application startup.
[2026-03-23 21:59:46 +0000] [183] [INFO] Application startup complete.
[2026-03-23 21:59:47 +0000] [189] [INFO] Booting worker with pid: 189
[2026-03-23 21:59:47 +0000] [186] [INFO] Started server process [186]
[2026-03-23 21:59:47 +0000] [186] [INFO] Waiting for application startup.
[2026-03-23 21:59:47 +0000] [186] [INFO] Application startup complete.
[2026-03-23 21:59:47 +0000] [187] [INFO] Started server process [187]
[2026-03-23 21:59:47 +0000] [187] [INFO] Waiting for application startup.
[2026-03-23 21:59:47 +0000] [187] [INFO] Application startup complete.
[2026-03-23 21:59:47 +0000] [192] [INFO] Booting worker with pid: 192
[2026-03-23 21:59:47 +0000] [189] [INFO] Started server process [189]
[2026-03-23 21:59:47 +0000] [189] [INFO] Waiting for application startup.
[2026-03-23 21:59:47 +0000] [189] [INFO] Application startup complete.
[2026-03-23 21:59:47 +0000] [194] [INFO] Booting worker with pid: 194
[2026-03-23 21:59:47 +0000] [192] [INFO] Started server process [192]
[2026-03-23 21:59:47 +0000] [192] [INFO] Waiting for application startup.
[2026-03-23 21:59:47 +0000] [192] [INFO] Application startup complete.
[2026-03-23 21:59:47 +0000] [196] [INFO] Booting worker with pid: 196
[2026-03-23 21:59:47 +0000] [194] [INFO] Started server process [194]
[2026-03-23 21:59:47 +0000] [194] [INFO] Waiting for application startup.
[2026-03-23 21:59:47 +0000] [194] [INFO] Application startup complete.
[2026-03-23 21:59:47 +0000] [198] [INFO] Booting worker with pid: 198
[2026-03-23 21:59:47 +0000] [196] [INFO] Started server process [196]
[2026-03-23 21:59:47 +0000] [196] [INFO] Waiting for application startup.
[2026-03-23 21:59:47 +0000] [196] [INFO] Application startup complete.
[2026-03-23 21:59:47 +0000] [198] [INFO] Started server process [198]
[2026-03-23 21:59:47 +0000] [198] [INFO] Waiting for application startup.
[2026-03-23 21:59:47 +0000] [198] [INFO] Application startup complete.
[2026-03-23 21:59:47 +0000] [201] [INFO] Booting worker with pid: 201
[2026-03-23 21:59:47 +0000] [202] [INFO] Booting worker with pid: 202
[2026-03-23 21:59:47 +0000] [204] [INFO] Booting worker with pid: 204
[2026-03-23 21:59:47 +0000] [202] [INFO] Started server process [202]
[2026-03-23 21:59:47 +0000] [202] [INFO] Waiting for application startup.
[2026-03-23 21:59:47 +0000] [202] [INFO] Application startup complete.
[2026-03-23 21:59:47 +0000] [206] [INFO] Booting worker with pid: 206
[2026-03-23 21:59:47 +0000] [201] [INFO] Started server process [201]
[2026-03-23 21:59:47 +0000] [201] [INFO] Waiting for application startup.
[2026-03-23 21:59:47 +0000] [201] [INFO] Application startup complete.
[2026-03-23 21:59:47 +0000] [207] [INFO] Booting worker with pid: 207
[2026-03-23 21:59:47 +0000] [204] [INFO] Started server process [204]
[2026-03-23 21:59:47 +0000] [204] [INFO] Waiting for application startup.
[2026-03-23 21:59:47 +0000] [204] [INFO] Application startup complete.
[2026-03-23 21:59:47 +0000] [206] [INFO] Started server process [206]
[2026-03-23 21:59:47 +0000] [206] [INFO] Waiting for application startup.
[2026-03-23 21:59:47 +0000] [206] [INFO] Application startup complete.
[2026-03-23 21:59:47 +0000] [207] [INFO] Started server process [207]
[2026-03-23 21:59:47 +0000] [207] [INFO] Waiting for application startup.
[2026-03-23 21:59:47 +0000] [211] [INFO] Booting worker with pid: 211
[2026-03-23 21:59:47 +0000] [207] [INFO] Application startup complete.
[2026-03-23 21:59:47 +0000] [212] [INFO] Booting worker with pid: 212
[2026-03-23 21:59:47 +0000] [211] [INFO] Started server process [211]
[2026-03-23 21:59:47 +0000] [211] [INFO] Waiting for application startup.
[2026-03-23 21:59:47 +0000] [211] [INFO] Application startup complete.
[2026-03-23 21:59:47 +0000] [215] [INFO] Booting worker with pid: 215
[2026-03-23 21:59:47 +0000] [212] [INFO] Started server process [212]
[2026-03-23 21:59:47 +0000] [212] [INFO] Waiting for application startup.
[2026-03-23 21:59:47 +0000] [212] [INFO] Application startup complete.
[2026-03-23 21:59:47 +0000] [216] [INFO] Booting worker with pid: 216
[2026-03-23 21:59:48 +0000] [217] [INFO] Booting worker with pid: 217
[2026-03-23 21:59:48 +0000] [215] [INFO] Started server process [215]
[2026-03-23 21:59:48 +0000] [215] [INFO] Waiting for application startup.
[2026-03-23 21:59:48 +0000] [215] [INFO] Application startup complete.
[2026-03-23 21:59:48 +0000] [216] [INFO] Started server process [216]
[2026-03-23 21:59:48 +0000] [216] [INFO] Waiting for application startup.
[2026-03-23 21:59:48 +0000] [216] [INFO] Application startup complete.
[2026-03-23 21:59:48 +0000] [220] [INFO] Booting worker with pid: 220
[2026-03-23 21:59:48 +0000] [221] [INFO] Booting worker with pid: 221
[2026-03-23 21:59:48 +0000] [217] [INFO] Started server process [217]
[2026-03-23 21:59:48 +0000] [217] [INFO] Waiting for application startup.
[2026-03-23 21:59:48 +0000] [217] [INFO] Application startup complete.
[2026-03-23 21:59:48 +0000] [224] [INFO] Booting worker with pid: 224
[2026-03-23 21:59:48 +0000] [220] [INFO] Started server process [220]
[2026-03-23 21:59:48 +0000] [220] [INFO] Waiting for application startup.
[2026-03-23 21:59:48 +0000] [220] [INFO] Application startup complete.
[2026-03-23 21:59:48 +0000] [225] [INFO] Booting worker with pid: 225
[2026-03-23 21:59:48 +0000] [221] [INFO] Started server process [221]
[2026-03-23 21:59:48 +0000] [221] [INFO] Waiting for application startup.
[2026-03-23 21:59:48 +0000] [221] [INFO] Application startup complete.
[2026-03-23 21:59:48 +0000] [224] [INFO] Started server process [224]
[2026-03-23 21:59:48 +0000] [224] [INFO] Waiting for application startup.
[2026-03-23 21:59:48 +0000] [224] [INFO] Application startup complete.
[2026-03-23 21:59:48 +0000] [229] [INFO] Booting worker with pid: 229
[2026-03-23 21:59:48 +0000] [225] [INFO] Started server process [225]
[2026-03-23 21:59:48 +0000] [225] [INFO] Waiting for application startup.
[2026-03-23 21:59:48 +0000] [225] [INFO] Application startup complete.
[2026-03-23 21:59:48 +0000] [230] [INFO] Booting worker with pid: 230
[2026-03-23 21:59:48 +0000] [229] [INFO] Started server process [229]
[2026-03-23 21:59:48 +0000] [229] [INFO] Waiting for application startup.
[2026-03-23 21:59:48 +0000] [229] [INFO] Application startup complete.
[2026-03-23 21:59:48 +0000] [233] [INFO] Booting worker with pid: 233
[2026-03-23 21:59:48 +0000] [230] [INFO] Started server process [230]
[2026-03-23 21:59:48 +0000] [230] [INFO] Waiting for application startup.
[2026-03-23 21:59:48 +0000] [230] [INFO] Application startup complete.
[2026-03-23 21:59:48 +0000] [234] [INFO] Booting worker with pid: 234
[2026-03-23 21:59:48 +0000] [233] [INFO] Started server process [233]
[2026-03-23 21:59:48 +0000] [233] [INFO] Waiting for application startup.
[2026-03-23 21:59:48 +0000] [233] [INFO] Application startup complete.
[2026-03-23 21:59:48 +0000] [236] [INFO] Booting worker with pid: 236
[2026-03-23 21:59:48 +0000] [234] [INFO] Started server process [234]
[2026-03-23 21:59:48 +0000] [234] [INFO] Waiting for application startup.
[2026-03-23 21:59:48 +0000] [234] [INFO] Application startup complete.
[2026-03-23 21:59:48 +0000] [236] [INFO] Started server process [236]
[2026-03-23 21:59:48 +0000] [236] [INFO] Waiting for application startup.
[2026-03-23 21:59:48 +0000] [236] [INFO] Application startup complete.
[2026-03-23 21:59:48 +0000] [239] [INFO] Booting worker with pid: 239
[2026-03-23 21:59:48 +0000] [240] [INFO] Booting worker with pid: 240
[2026-03-23 21:59:48 +0000] [242] [INFO] Booting worker with pid: 242
[2026-03-23 21:59:48 +0000] [239] [INFO] Started server process [239]
[2026-03-23 21:59:48 +0000] [239] [INFO] Waiting for application startup.
[2026-03-23 21:59:48 +0000] [239] [INFO] Application startup complete.
[2026-03-23 21:59:48 +0000] [240] [INFO] Started server process [240]
[2026-03-23 21:59:48 +0000] [240] [INFO] Waiting for application startup.
[2026-03-23 21:59:48 +0000] [240] [INFO] Application startup complete.
[2026-03-23 21:59:48 +0000] [242] [INFO] Started server process [242]
[2026-03-23 21:59:48 +0000] [242] [INFO] Waiting for application startup.
[2026-03-23 21:59:48 +0000] [242] [INFO] Application startup complete.
[2026-03-23 21:59:48 +0000] [245] [INFO] Booting worker with pid: 245
[2026-03-23 21:59:48 +0000] [245] [INFO] Started server process [245]
[2026-03-23 21:59:48 +0000] [245] [INFO] Waiting for application startup.
[2026-03-23 21:59:48 +0000] [245] [INFO] Application startup complete.
[2026-03-23 21:59:48 +0000] [247] [INFO] Booting worker with pid: 247
[2026-03-23 21:59:48 +0000] [247] [INFO] Started server process [247]
[2026-03-23 21:59:48 +0000] [247] [INFO] Waiting for application startup.
[2026-03-23 21:59:48 +0000] [247] [INFO] Application startup complete.
[2026-03-23 21:59:48 +0000] [249] [INFO] Booting worker with pid: 249
[2026-03-23 21:59:48 +0000] [250] [INFO] Booting worker with pid: 250
[2026-03-23 21:59:48 +0000] [252] [INFO] Booting worker with pid: 252
[2026-03-23 21:59:48 +0000] [249] [INFO] Started server process [249]
[2026-03-23 21:59:48 +0000] [249] [INFO] Waiting for application startup.
[2026-03-23 21:59:48 +0000] [249] [INFO] Application startup complete.
[2026-03-23 21:59:48 +0000] [250] [INFO] Started server process [250]
[2026-03-23 21:59:48 +0000] [250] [INFO] Waiting for application startup.
[2026-03-23 21:59:48 +0000] [250] [INFO] Application startup complete.
[2026-03-23 21:59:48 +0000] [254] [INFO] Booting worker with pid: 254
[2026-03-23 21:59:48 +0000] [255] [INFO] Booting worker with pid: 255
[2026-03-23 21:59:49 +0000] [252] [INFO] Started server process [252]
[2026-03-23 21:59:49 +0000] [252] [INFO] Waiting for application startup.
[2026-03-23 21:59:49 +0000] [252] [INFO] Application startup complete.
[2026-03-23 21:59:49 +0000] [254] [INFO] Started server process [254]
[2026-03-23 21:59:49 +0000] [254] [INFO] Waiting for application startup.
[2026-03-23 21:59:49 +0000] [254] [INFO] Application startup complete.
[2026-03-23 21:59:49 +0000] [255] [INFO] Started server process [255]
[2026-03-23 21:59:49 +0000] [255] [INFO] Waiting for application startup.
[2026-03-23 21:59:49 +0000] [255] [INFO] Application startup complete.
[2026-03-23 21:59:49 +0000] [259] [INFO] Booting worker with pid: 259
[2026-03-23 21:59:49 +0000] [261] [INFO] Booting worker with pid: 261
[2026-03-23 21:59:49 +0000] [259] [INFO] Started server process [259]
[2026-03-23 21:59:49 +0000] [259] [INFO] Waiting for application startup.
[2026-03-23 21:59:49 +0000] [259] [INFO] Application startup complete.
[2026-03-23 21:59:49 +0000] [262] [INFO] Booting worker with pid: 262
[2026-03-23 21:59:49 +0000] [264] [INFO] Booting worker with pid: 264
[2026-03-23 21:59:49 +0000] [261] [INFO] Started server process [261]
[2026-03-23 21:59:49 +0000] [261] [INFO] Waiting for application startup.
[2026-03-23 21:59:49 +0000] [261] [INFO] Application startup complete.
[2026-03-23 21:59:49 +0000] [262] [INFO] Started server process [262]
[2026-03-23 21:59:49 +0000] [262] [INFO] Waiting for application startup.
[2026-03-23 21:59:49 +0000] [262] [INFO] Application startup complete.
[2026-03-23 21:59:49 +0000] [266] [INFO] Booting worker with pid: 266
[2026-03-23 21:59:49 +0000] [264] [INFO] Started server process [264]
[2026-03-23 21:59:49 +0000] [264] [INFO] Waiting for application startup.
[2026-03-23 21:59:49 +0000] [264] [INFO] Application startup complete.
[2026-03-23 21:59:49 +0000] [269] [INFO] Booting worker with pid: 269
[2026-03-23 21:59:49 +0000] [266] [INFO] Started server process [266]
[2026-03-23 21:59:49 +0000] [266] [INFO] Waiting for application startup.
[2026-03-23 21:59:49 +0000] [266] [INFO] Application startup complete.
[2026-03-23 21:59:49 +0000] [269] [INFO] Started server process [269]
[2026-03-23 21:59:49 +0000] [269] [INFO] Waiting for application startup.
[2026-03-23 21:59:49 +0000] [269] [INFO] Application startup complete.
[2026-03-23 21:59:49 +0000] [271] [INFO] Booting worker with pid: 271
[2026-03-23 21:59:49 +0000] [272] [INFO] Booting worker with pid: 272
[2026-03-23 21:59:49 +0000] [275] [INFO] Booting worker with pid: 275
[2026-03-23 21:59:49 +0000] [271] [INFO] Started server process [271]
[2026-03-23 21:59:49 +0000] [271] [INFO] Waiting for application startup.
[2026-03-23 21:59:49 +0000] [271] [INFO] Application startup complete.
[2026-03-23 21:59:49 +0000] [272] [INFO] Started server process [272]
[2026-03-23 21:59:49 +0000] [272] [INFO] Waiting for application startup.
[2026-03-23 21:59:49 +0000] [272] [INFO] Application startup complete.
[2026-03-23 21:59:49 +0000] [276] [INFO] Booting worker with pid: 276
[2026-03-23 21:59:49 +0000] [275] [INFO] Started server process [275]
[2026-03-23 21:59:49 +0000] [275] [INFO] Waiting for application startup.
[2026-03-23 21:59:49 +0000] [275] [INFO] Application startup complete.
[2026-03-23 21:59:49 +0000] [278] [INFO] Booting worker with pid: 278
[2026-03-23 21:59:49 +0000] [276] [INFO] Started server process [276]
[2026-03-23 21:59:49 +0000] [276] [INFO] Waiting for application startup.
[2026-03-23 21:59:49 +0000] [276] [INFO] Application startup complete.
[2026-03-23 21:59:49 +0000] [278] [INFO] Started server process [278]
[2026-03-23 21:59:49 +0000] [278] [INFO] Waiting for application startup.
[2026-03-23 21:59:49 +0000] [278] [INFO] Application startup complete.
[2026-03-23 21:59:49 +0000] [281] [INFO] Booting worker with pid: 281
[2026-03-23 21:59:49 +0000] [282] [INFO] Booting worker with pid: 282
[2026-03-23 21:59:49 +0000] [283] [INFO] Booting worker with pid: 283
[2026-03-23 21:59:49 +0000] [281] [INFO] Started server process [281]
[2026-03-23 21:59:49 +0000] [281] [INFO] Waiting for application startup.
[2026-03-23 21:59:49 +0000] [281] [INFO] Application startup complete.
[2026-03-23 21:59:49 +0000] [282] [INFO] Started server process [282]
[2026-03-23 21:59:49 +0000] [282] [INFO] Waiting for application startup.
[2026-03-23 21:59:49 +0000] [282] [INFO] Application startup complete.
[2026-03-23 21:59:49 +0000] [287] [INFO] Booting worker with pid: 287
[2026-03-23 21:59:49 +0000] [283] [INFO] Started server process [283]
[2026-03-23 21:59:49 +0000] [283] [INFO] Waiting for application startup.
[2026-03-23 21:59:49 +0000] [283] [INFO] Application startup complete.
[2026-03-23 21:59:49 +0000] [287] [INFO] Started server process [287]
[2026-03-23 21:59:49 +0000] [287] [INFO] Waiting for application startup.
[2026-03-23 21:59:49 +0000] [287] [INFO] Application startup complete.
[2026-03-23 21:59:49 +0000] [289] [INFO] Booting worker with pid: 289
[2026-03-23 21:59:49 +0000] [289] [INFO] Started server process [289]
[2026-03-23 21:59:49 +0000] [289] [INFO] Waiting for application startup.
[2026-03-23 21:59:49 +0000] [289] [INFO] Application startup complete.
[2026-03-23 21:59:49 +0000] [291] [INFO] Booting worker with pid: 291
[2026-03-23 21:59:49 +0000] [293] [INFO] Booting worker with pid: 293
[2026-03-23 21:59:49 +0000] [291] [INFO] Started server process [291]
[2026-03-23 21:59:49 +0000] [291] [INFO] Waiting for application startup.
[2026-03-23 21:59:49 +0000] [291] [INFO] Application startup complete.
[2026-03-23 21:59:49 +0000] [294] [INFO] Booting worker with pid: 294
[2026-03-23 21:59:50 +0000] [296] [INFO] Booting worker with pid: 296
[2026-03-23 21:59:50 +0000] [293] [INFO] Started server process [293]
[2026-03-23 21:59:50 +0000] [293] [INFO] Waiting for application startup.
[2026-03-23 21:59:50 +0000] [293] [INFO] Application startup complete.
[2026-03-23 21:59:50 +0000] [297] [INFO] Booting worker with pid: 297
[2026-03-23 21:59:50 +0000] [294] [INFO] Started server process [294]
[2026-03-23 21:59:50 +0000] [294] [INFO] Waiting for application startup.
[2026-03-23 21:59:50 +0000] [294] [INFO] Application startup complete.
[2026-03-23 21:59:50 +0000] [296] [INFO] Started server process [296]
[2026-03-23 21:59:50 +0000] [296] [INFO] Waiting for application startup.
[2026-03-23 21:59:50 +0000] [296] [INFO] Application startup complete.
[2026-03-23 21:59:50 +0000] [297] [INFO] Started server process [297]
[2026-03-23 21:59:50 +0000] [297] [INFO] Waiting for application startup.
[2026-03-23 21:59:50 +0000] [297] [INFO] Application startup complete.
[2026-03-23 21:59:50 +0000] [301] [INFO] Booting worker with pid: 301
[2026-03-23 21:59:50 +0000] [302] [INFO] Booting worker with pid: 302
[2026-03-23 21:59:50 +0000] [301] [INFO] Started server process [301]
[2026-03-23 21:59:50 +0000] [301] [INFO] Waiting for application startup.
[2026-03-23 21:59:50 +0000] [301] [INFO] Application startup complete.
[2026-03-23 21:59:50 +0000] [302] [INFO] Started server process [302]
[2026-03-23 21:59:50 +0000] [302] [INFO] Waiting for application startup.
[2026-03-23 21:59:50 +0000] [302] [INFO] Application startup complete.
[2026-03-23 21:59:50 +0000] [305] [INFO] Booting worker with pid: 305
[2026-03-23 21:59:50 +0000] [306] [INFO] Booting worker with pid: 306
[2026-03-23 21:59:50 +0000] [305] [INFO] Started server process [305]
[2026-03-23 21:59:50 +0000] [305] [INFO] Waiting for application startup.
[2026-03-23 21:59:50 +0000] [305] [INFO] Application startup complete.
[2026-03-23 21:59:50 +0000] [306] [INFO] Started server process [306]
[2026-03-23 21:59:50 +0000] [306] [INFO] Waiting for application startup.
[2026-03-23 21:59:50 +0000] [306] [INFO] Application startup complete.
[2026-03-23 21:59:50 +0000] [309] [INFO] Booting worker with pid: 309
[2026-03-23 21:59:50 +0000] [310] [INFO] Booting worker with pid: 310
[2026-03-23 21:59:50 +0000] [309] [INFO] Started server process [309]
[2026-03-23 21:59:50 +0000] [309] [INFO] Waiting for application startup.
[2026-03-23 21:59:50 +0000] [309] [INFO] Application startup complete.
[2026-03-23 21:59:50 +0000] [313] [INFO] Booting worker with pid: 313
[2026-03-23 21:59:50 +0000] [310] [INFO] Started server process [310]
[2026-03-23 21:59:50 +0000] [310] [INFO] Waiting for application startup.
[2026-03-23 21:59:50 +0000] [310] [INFO] Application startup complete.
[2026-03-23 21:59:50 +0000] [313] [INFO] Started server process [313]
[2026-03-23 21:59:50 +0000] [313] [INFO] Waiting for application startup.
[2026-03-23 21:59:50 +0000] [313] [INFO] Application startup complete.
[2026-03-23 21:59:50 +0000] [315] [INFO] Booting worker with pid: 315
[2026-03-23 21:59:50 +0000] [316] [INFO] Booting worker with pid: 316
[2026-03-23 21:59:50 +0000] [317] [INFO] Booting worker with pid: 317
[2026-03-23 21:59:50 +0000] [315] [INFO] Started server process [315]
[2026-03-23 21:59:50 +0000] [315] [INFO] Waiting for application startup.
[2026-03-23 21:59:50 +0000] [315] [INFO] Application startup complete.
[2026-03-23 21:59:50 +0000] [316] [INFO] Started server process [316]
[2026-03-23 21:59:50 +0000] [316] [INFO] Waiting for application startup.
[2026-03-23 21:59:50 +0000] [316] [INFO] Application startup complete.
[2026-03-23 21:59:50 +0000] [320] [INFO] Booting worker with pid: 320
[2026-03-23 21:59:50 +0000] [322] [INFO] Booting worker with pid: 322
[2026-03-23 21:59:50 +0000] [317] [INFO] Started server process [317]
[2026-03-23 21:59:50 +0000] [317] [INFO] Waiting for application startup.
[2026-03-23 21:59:50 +0000] [317] [INFO] Application startup complete.
[2026-03-23 21:59:50 +0000] [323] [INFO] Booting worker with pid: 323
[2026-03-23 21:59:50 +0000] [325] [INFO] Booting worker with pid: 325
[2026-03-23 21:59:50 +0000] [320] [INFO] Started server process [320]
[2026-03-23 21:59:50 +0000] [320] [INFO] Waiting for application startup.
[2026-03-23 21:59:50 +0000] [320] [INFO] Application startup complete.
[2026-03-23 21:59:50 +0000] [322] [INFO] Started server process [322]
[2026-03-23 21:59:50 +0000] [322] [INFO] Waiting for application startup.
[2026-03-23 21:59:50 +0000] [322] [INFO] Application startup complete.
[2026-03-23 21:59:50 +0000] [323] [INFO] Started server process [323]
[2026-03-23 21:59:50 +0000] [323] [INFO] Waiting for application startup.
[2026-03-23 21:59:50 +0000] [323] [INFO] Application startup complete.
[2026-03-23 21:59:50 +0000] [328] [INFO] Booting worker with pid: 328
[2026-03-23 21:59:50 +0000] [325] [INFO] Started server process [325]
[2026-03-23 21:59:50 +0000] [325] [INFO] Waiting for application startup.
[2026-03-23 21:59:50 +0000] [325] [INFO] Application startup complete.
[2026-03-23 21:59:50 +0000] [328] [INFO] Started server process [328]
[2026-03-23 21:59:50 +0000] [328] [INFO] Waiting for application startup.
[2026-03-23 21:59:50 +0000] [328] [INFO] Application startup complete.
[2026-03-23 21:59:50 +0000] [331] [INFO] Booting worker with pid: 331
[2026-03-23 21:59:50 +0000] [331] [INFO] Started server process [331]
[2026-03-23 21:59:50 +0000] [331] [INFO] Waiting for application startup.
[2026-03-23 21:59:50 +0000] [331] [INFO] Application startup complete.
[2026-03-23 21:59:50 +0000] [333] [INFO] Booting worker with pid: 333
[2026-03-23 21:59:50 +0000] [333] [INFO] Started server process [333]
[2026-03-23 21:59:50 +0000] [333] [INFO] Waiting for application startup.
[2026-03-23 21:59:50 +0000] [333] [INFO] Application startup complete.
[2026-03-23 21:59:50 +0000] [335] [INFO] Booting worker with pid: 335
[2026-03-23 21:59:51 +0000] [336] [INFO] Booting worker with pid: 336
[2026-03-23 21:59:51 +0000] [335] [INFO] Started server process [335]
[2026-03-23 21:59:51 +0000] [335] [INFO] Waiting for application startup.
[2026-03-23 21:59:51 +0000] [335] [INFO] Application startup complete.
[2026-03-23 21:59:51 +0000] [336] [INFO] Started server process [336]
[2026-03-23 21:59:51 +0000] [336] [INFO] Waiting for application startup.
[2026-03-23 21:59:51 +0000] [336] [INFO] Application startup complete.
[2026-03-23 21:59:51 +0000] [339] [INFO] Booting worker with pid: 339
[2026-03-23 21:59:51 +0000] [339] [INFO] Started server process [339]
[2026-03-23 21:59:51 +0000] [339] [INFO] Waiting for application startup.
[2026-03-23 21:59:51 +0000] [339] [INFO] Application startup complete.
[2026-03-23 21:59:51 +0000] [341] [INFO] Booting worker with pid: 341
[2026-03-23 21:59:51 +0000] [342] [INFO] Booting worker with pid: 342
[2026-03-23 21:59:51 +0000] [341] [INFO] Started server process [341]
[2026-03-23 21:59:51 +0000] [341] [INFO] Waiting for application startup.
[2026-03-23 21:59:51 +0000] [341] [INFO] Application startup complete.
[2026-03-23 21:59:51 +0000] [344] [INFO] Booting worker with pid: 344
[2026-03-23 21:59:51 +0000] [342] [INFO] Started server process [342]
[2026-03-23 21:59:51 +0000] [342] [INFO] Waiting for application startup.
[2026-03-23 21:59:51 +0000] [342] [INFO] Application startup complete.
[2026-03-23 21:59:51 +0000] [344] [INFO] Started server process [344]
[2026-03-23 21:59:51 +0000] [344] [INFO] Waiting for application startup.
[2026-03-23 21:59:51 +0000] [344] [INFO] Application startup complete.
[2026-03-23 21:59:51 +0000] [347] [INFO] Booting worker with pid: 347
[2026-03-23 21:59:51 +0000] [348] [INFO] Booting worker with pid: 348
[2026-03-23 21:59:51 +0000] [347] [INFO] Started server process [347]
[2026-03-23 21:59:51 +0000] [347] [INFO] Waiting for application startup.
[2026-03-23 21:59:51 +0000] [347] [INFO] Application startup complete.
[2026-03-23 21:59:51 +0000] [351] [INFO] Booting worker with pid: 351
[2026-03-23 21:59:51 +0000] [348] [INFO] Started server process [348]
[2026-03-23 21:59:51 +0000] [348] [INFO] Waiting for application startup.
[2026-03-23 21:59:51 +0000] [348] [INFO] Application startup complete.
[2026-03-23 21:59:51 +0000] [352] [INFO] Booting worker with pid: 352
[2026-03-23 21:59:51 +0000] [353] [INFO] Booting worker with pid: 353
[2026-03-23 21:59:51 +0000] [355] [INFO] Booting worker with pid: 355
[2026-03-23 21:59:51 +0000] [357] [INFO] Booting worker with pid: 357
[2026-03-23 21:59:51 +0000] [351] [INFO] Started server process [351]
[2026-03-23 21:59:51 +0000] [351] [INFO] Waiting for application startup.
[2026-03-23 21:59:51 +0000] [351] [INFO] Application startup complete.
[2026-03-23 21:59:51 +0000] [352] [INFO] Started server process [352]
[2026-03-23 21:59:51 +0000] [352] [INFO] Waiting for application startup.
[2026-03-23 21:59:51 +0000] [352] [INFO] Application startup complete.
[2026-03-23 21:59:51 +0000] [359] [INFO] Booting worker with pid: 359
[2026-03-23 21:59:51 +0000] [355] [INFO] Started server process [355]
[2026-03-23 21:59:51 +0000] [355] [INFO] Waiting for application startup.
[2026-03-23 21:59:51 +0000] [355] [INFO] Application startup complete.
[2026-03-23 21:59:51 +0000] [357] [INFO] Started server process [357]
[2026-03-23 21:59:51 +0000] [357] [INFO] Waiting for application startup.
[2026-03-23 21:59:51 +0000] [357] [INFO] Application startup complete.
[2026-03-23 21:59:51 +0000] [361] [INFO] Booting worker with pid: 361
[2026-03-23 21:59:51 +0000] [353] [INFO] Started server process [353]
[2026-03-23 21:59:51 +0000] [353] [INFO] Waiting for application startup.
[2026-03-23 21:59:51 +0000] [353] [INFO] Application startup complete.
[2026-03-23 21:59:51 +0000] [364] [INFO] Booting worker with pid: 364
[2026-03-23 21:59:51 +0000] [359] [INFO] Started server process [359]
[2026-03-23 21:59:51 +0000] [359] [INFO] Waiting for application startup.
[2026-03-23 21:59:51 +0000] [359] [INFO] Application startup complete.
[2026-03-23 21:59:51 +0000] [365] [INFO] Booting worker with pid: 365
[2026-03-23 21:59:51 +0000] [364] [INFO] Started server process [364]
[2026-03-23 21:59:51 +0000] [364] [INFO] Waiting for application startup.
[2026-03-23 21:59:51 +0000] [364] [INFO] Application startup complete.
[2026-03-23 21:59:52 +0000] [367] [INFO] Booting worker with pid: 367
[2026-03-23 21:59:52 +0000] [370] [INFO] Booting worker with pid: 370
[2026-03-23 21:59:52 +0000] [365] [INFO] Started server process [365]
[2026-03-23 21:59:52 +0000] [365] [INFO] Waiting for application startup.
[2026-03-23 21:59:52 +0000] [365] [INFO] Application startup complete.
[2026-03-23 21:59:52 +0000] [372] [INFO] Booting worker with pid: 372
[2026-03-23 21:59:52 +0000] [367] [INFO] Started server process [367]
[2026-03-23 21:59:52 +0000] [367] [INFO] Waiting for application startup.
[2026-03-23 21:59:52 +0000] [367] [INFO] Application startup complete.
[2026-03-23 21:59:52 +0000] [361] [INFO] Started server process [361]
[2026-03-23 21:59:52 +0000] [361] [INFO] Waiting for application startup.
[2026-03-23 21:59:52 +0000] [361] [INFO] Application startup complete.
[2026-03-23 21:59:52 +0000] [374] [INFO] Booting worker with pid: 374
[2026-03-23 21:59:52 +0000] [375] [INFO] Booting worker with pid: 375
[2026-03-23 21:59:52 +0000] [370] [INFO] Started server process [370]
[2026-03-23 21:59:52 +0000] [370] [INFO] Waiting for application startup.
[2026-03-23 21:59:52 +0000] [370] [INFO] Application startup complete.
[2026-03-23 21:59:52 +0000] [376] [INFO] Booting worker with pid: 376
[2026-03-23 21:59:52 +0000] [377] [INFO] Booting worker with pid: 377
[2026-03-23 21:59:52 +0000] [372] [INFO] Started server process [372]
[2026-03-23 21:59:52 +0000] [372] [INFO] Waiting for application startup.
[2026-03-23 21:59:52 +0000] [372] [INFO] Application startup complete.
[2026-03-23 21:59:52 +0000] [374] [INFO] Started server process [374]
[2026-03-23 21:59:52 +0000] [374] [INFO] Waiting for application startup.
[2026-03-23 21:59:52 +0000] [374] [INFO] Application startup complete.
[2026-03-23 21:59:52 +0000] [380] [INFO] Booting worker with pid: 380
[2026-03-23 21:59:52 +0000] [375] [INFO] Started server process [375]
[2026-03-23 21:59:52 +0000] [375] [INFO] Waiting for application startup.
[2026-03-23 21:59:52 +0000] [375] [INFO] Application startup complete.
[2026-03-23 21:59:52 +0000] [377] [INFO] Started server process [377]
[2026-03-23 21:59:52 +0000] [377] [INFO] Waiting for application startup.
[2026-03-23 21:59:52 +0000] [377] [INFO] Application startup complete.
[2026-03-23 21:59:52 +0000] [383] [INFO] Booting worker with pid: 383
[2026-03-23 21:59:52 +0000] [376] [INFO] Started server process [376]
[2026-03-23 21:59:52 +0000] [376] [INFO] Waiting for application startup.
[2026-03-23 21:59:52 +0000] [376] [INFO] Application startup complete.
[2026-03-23 21:59:52 +0000] [380] [INFO] Started server process [380]
[2026-03-23 21:59:52 +0000] [380] [INFO] Waiting for application startup.
[2026-03-23 21:59:52 +0000] [380] [INFO] Application startup complete.
[2026-03-23 21:59:52 +0000] [386] [INFO] Booting worker with pid: 386
[2026-03-23 21:59:52 +0000] [383] [INFO] Started server process [383]
[2026-03-23 21:59:52 +0000] [383] [INFO] Waiting for application startup.
[2026-03-23 21:59:52 +0000] [383] [INFO] Application startup complete.
[2026-03-23 21:59:52 +0000] [388] [INFO] Booting worker with pid: 388
[2026-03-23 21:59:52 +0000] [388] [INFO] Started server process [388]
[2026-03-23 21:59:52 +0000] [388] [INFO] Waiting for application startup.
[2026-03-23 21:59:52 +0000] [388] [INFO] Application startup complete.
[2026-03-23 21:59:52 +0000] [391] [INFO] Booting worker with pid: 391
[2026-03-23 21:59:52 +0000] [386] [INFO] Started server process [386]
[2026-03-23 21:59:52 +0000] [386] [INFO] Waiting for application startup.
[2026-03-23 21:59:52 +0000] [386] [INFO] Application startup complete.
[2026-03-23 21:59:52 +0000] [392] [INFO] Booting worker with pid: 392
[2026-03-23 21:59:52 +0000] [394] [INFO] Booting worker with pid: 394
[2026-03-23 21:59:52 +0000] [391] [INFO] Started server process [391]
[2026-03-23 21:59:52 +0000] [391] [INFO] Waiting for application startup.
[2026-03-23 21:59:52 +0000] [391] [INFO] Application startup complete.
[2026-03-23 21:59:52 +0000] [395] [INFO] Booting worker with pid: 395
[2026-03-23 21:59:52 +0000] [396] [INFO] Booting worker with pid: 396
[2026-03-23 21:59:52 +0000] [397] [INFO] Booting worker with pid: 397
[2026-03-23 21:59:53 +0000] [400] [INFO] Booting worker with pid: 400
[2026-03-23 21:59:53 +0000] [396] [INFO] Started server process [396]
[2026-03-23 21:59:53 +0000] [396] [INFO] Waiting for application startup.
[2026-03-23 21:59:53 +0000] [396] [INFO] Application startup complete.
[2026-03-23 21:59:53 +0000] [397] [INFO] Started server process [397]
[2026-03-23 21:59:53 +0000] [397] [INFO] Waiting for application startup.
[2026-03-23 21:59:53 +0000] [397] [INFO] Application startup complete.
[2026-03-23 21:59:53 +0000] [394] [INFO] Started server process [394]
[2026-03-23 21:59:53 +0000] [394] [INFO] Waiting for application startup.
[2026-03-23 21:59:53 +0000] [394] [INFO] Application startup complete.
[2026-03-23 21:59:53 +0000] [395] [INFO] Started server process [395]
[2026-03-23 21:59:53 +0000] [395] [INFO] Waiting for application startup.
[2026-03-23 21:59:53 +0000] [395] [INFO] Application startup complete.
[2026-03-23 21:59:53 +0000] [392] [INFO] Started server process [392]
[2026-03-23 21:59:53 +0000] [392] [INFO] Waiting for application startup.
[2026-03-23 21:59:53 +0000] [392] [INFO] Application startup complete.
[2026-03-23 21:59:53 +0000] [404] [INFO] Booting worker with pid: 404
[2026-03-23 21:59:53 +0000] [405] [INFO] Booting worker with pid: 405
[2026-03-23 21:59:53 +0000] [406] [INFO] Booting worker with pid: 406
[2026-03-23 21:59:53 +0000] [405] [INFO] Started server process [405]
[2026-03-23 21:59:53 +0000] [405] [INFO] Waiting for application startup.
[2026-03-23 21:59:53 +0000] [405] [INFO] Application startup complete.
[2026-03-23 21:59:53 +0000] [409] [INFO] Booting worker with pid: 409
[2026-03-23 21:59:53 +0000] [400] [INFO] Started server process [400]
[2026-03-23 21:59:53 +0000] [400] [INFO] Waiting for application startup.
[2026-03-23 21:59:53 +0000] [400] [INFO] Application startup complete.
[2026-03-23 21:59:53 +0000] [406] [INFO] Started server process [406]
[2026-03-23 21:59:53 +0000] [406] [INFO] Waiting for application startup.
[2026-03-23 21:59:53 +0000] [406] [INFO] Application startup complete.
[2026-03-23 21:59:53 +0000] [412] [INFO] Booting worker with pid: 412
[2026-03-23 21:59:53 +0000] [404] [INFO] Started server process [404]
[2026-03-23 21:59:53 +0000] [404] [INFO] Waiting for application startup.
[2026-03-23 21:59:53 +0000] [404] [INFO] Application startup complete.
[2026-03-23 21:59:53 +0000] [413] [INFO] Booting worker with pid: 413
[2026-03-23 21:59:53 +0000] [414] [INFO] Booting worker with pid: 414
[2026-03-23 21:59:53 +0000] [415] [INFO] Booting worker with pid: 415
[2026-03-23 21:59:53 +0000] [417] [INFO] Booting worker with pid: 417
[2026-03-23 21:59:53 +0000] [409] [INFO] Started server process [409]
[2026-03-23 21:59:53 +0000] [409] [INFO] Waiting for application startup.
[2026-03-23 21:59:53 +0000] [409] [INFO] Application startup complete.
[2026-03-23 21:59:53 +0000] [413] [INFO] Started server process [413]
[2026-03-23 21:59:53 +0000] [413] [INFO] Waiting for application startup.
[2026-03-23 21:59:53 +0000] [413] [INFO] Application startup complete.
[2026-03-23 21:59:53 +0000] [421] [INFO] Booting worker with pid: 421
[2026-03-23 21:59:53 +0000] [414] [INFO] Started server process [414]
[2026-03-23 21:59:53 +0000] [414] [INFO] Waiting for application startup.
[2026-03-23 21:59:53 +0000] [414] [INFO] Application startup complete.
[2026-03-23 21:59:53 +0000] [415] [INFO] Started server process [415]
[2026-03-23 21:59:53 +0000] [415] [INFO] Waiting for application startup.
[2026-03-23 21:59:53 +0000] [415] [INFO] Application startup complete.
[2026-03-23 21:59:53 +0000] [423] [INFO] Booting worker with pid: 423
[2026-03-23 21:59:53 +0000] [412] [INFO] Started server process [412]
[2026-03-23 21:59:53 +0000] [412] [INFO] Waiting for application startup.
[2026-03-23 21:59:53 +0000] [412] [INFO] Application startup complete.
[2026-03-23 21:59:53 +0000] [424] [INFO] Booting worker with pid: 424
[2026-03-23 21:59:53 +0000] [426] [INFO] Booting worker with pid: 426
[2026-03-23 21:59:53 +0000] [421] [INFO] Started server process [421]
[2026-03-23 21:59:53 +0000] [421] [INFO] Waiting for application startup.
[2026-03-23 21:59:53 +0000] [421] [INFO] Application startup complete.
[2026-03-23 21:59:53 +0000] [428] [INFO] Booting worker with pid: 428
[2026-03-23 21:59:53 +0000] [429] [INFO] Booting worker with pid: 429
[2026-03-23 21:59:53 +0000] [417] [INFO] Started server process [417]
[2026-03-23 21:59:53 +0000] [417] [INFO] Waiting for application startup.
[2026-03-23 21:59:53 +0000] [417] [INFO] Application startup complete.
[2026-03-23 21:59:53 +0000] [423] [INFO] Started server process [423]
[2026-03-23 21:59:53 +0000] [423] [INFO] Waiting for application startup.
[2026-03-23 21:59:53 +0000] [423] [INFO] Application startup complete.
[2026-03-23 21:59:53 +0000] [433] [INFO] Booting worker with pid: 433
[2026-03-23 21:59:54 +0000] [424] [INFO] Started server process [424]
[2026-03-23 21:59:54 +0000] [424] [INFO] Waiting for application startup.
[2026-03-23 21:59:54 +0000] [424] [INFO] Application startup complete.
[2026-03-23 21:59:54 +0000] [426] [INFO] Started server process [426]
[2026-03-23 21:59:54 +0000] [426] [INFO] Waiting for application startup.
[2026-03-23 21:59:54 +0000] [426] [INFO] Application startup complete.
[2026-03-23 21:59:54 +0000] [429] [INFO] Started server process [429]
[2026-03-23 21:59:54 +0000] [429] [INFO] Waiting for application startup.
[2026-03-23 21:59:54 +0000] [429] [INFO] Application startup complete.
[2026-03-23 21:59:54 +0000] [428] [INFO] Started server process [428]
[2026-03-23 21:59:54 +0000] [428] [INFO] Waiting for application startup.
[2026-03-23 21:59:54 +0000] [428] [INFO] Application startup complete.
[2026-03-23 21:59:54 +0000] [436] [INFO] Booting worker with pid: 436
[2026-03-23 21:59:54 +0000] [437] [INFO] Booting worker with pid: 437
[2026-03-23 21:59:54 +0000] [439] [INFO] Booting worker with pid: 439
[2026-03-23 21:59:54 +0000] [433] [INFO] Started server process [433]
[2026-03-23 21:59:54 +0000] [433] [INFO] Waiting for application startup.
[2026-03-23 21:59:54 +0000] [433] [INFO] Application startup complete.
[2026-03-23 21:59:54 +0000] [436] [INFO] Started server process [436]
[2026-03-23 21:59:54 +0000] [436] [INFO] Waiting for application startup.
[2026-03-23 21:59:54 +0000] [436] [INFO] Application startup complete.
[2026-03-23 21:59:54 +0000] [441] [INFO] Booting worker with pid: 441
[2026-03-23 21:59:54 +0000] [442] [INFO] Booting worker with pid: 442
[2026-03-23 21:59:54 +0000] [444] [INFO] Booting worker with pid: 444
[2026-03-23 21:59:54 +0000] [437] [INFO] Started server process [437]
[2026-03-23 21:59:54 +0000] [437] [INFO] Waiting for application startup.
[2026-03-23 21:59:54 +0000] [437] [INFO] Application startup complete.
[2026-03-23 21:59:54 +0000] [447] [INFO] Booting worker with pid: 447
[2026-03-23 21:59:54 +0000] [441] [INFO] Started server process [441]
[2026-03-23 21:59:54 +0000] [441] [INFO] Waiting for application startup.
[2026-03-23 21:59:54 +0000] [441] [INFO] Application startup complete.
[2026-03-23 21:59:54 +0000] [439] [INFO] Started server process [439]
[2026-03-23 21:59:54 +0000] [439] [INFO] Waiting for application startup.
[2026-03-23 21:59:54 +0000] [439] [INFO] Application startup complete.
[2026-03-23 21:59:54 +0000] [449] [INFO] Booting worker with pid: 449
[2026-03-23 21:59:54 +0000] [442] [INFO] Started server process [442]
[2026-03-23 21:59:54 +0000] [442] [INFO] Waiting for application startup.
[2026-03-23 21:59:54 +0000] [442] [INFO] Application startup complete.
[2026-03-23 21:59:54 +0000] [450] [INFO] Booting worker with pid: 450
[2026-03-23 21:59:54 +0000] [447] [INFO] Started server process [447]
[2026-03-23 21:59:54 +0000] [447] [INFO] Waiting for application startup.
[2026-03-23 21:59:54 +0000] [447] [INFO] Application startup complete.
[2026-03-23 21:59:54 +0000] [454] [INFO] Booting worker with pid: 454
[2026-03-23 21:59:54 +0000] [455] [INFO] Booting worker with pid: 455
[2026-03-23 21:59:54 +0000] [449] [INFO] Started server process [449]
[2026-03-23 21:59:54 +0000] [449] [INFO] Waiting for application startup.
[2026-03-23 21:59:54 +0000] [449] [INFO] Application startup complete.
[2026-03-23 21:59:54 +0000] [444] [INFO] Started server process [444]
[2026-03-23 21:59:54 +0000] [444] [INFO] Waiting for application startup.
[2026-03-23 21:59:54 +0000] [450] [INFO] Started server process [450]
[2026-03-23 21:59:54 +0000] [450] [INFO] Waiting for application startup.
[2026-03-23 21:59:54 +0000] [450] [INFO] Application startup complete.
[2026-03-23 21:59:54 +0000] [457] [INFO] Booting worker with pid: 457
[2026-03-23 21:59:54 +0000] [444] [INFO] Application startup complete.
[2026-03-23 21:59:55 +0000] [459] [INFO] Booting worker with pid: 459
[2026-03-23 21:59:55 +0000] [454] [INFO] Started server process [454]
[2026-03-23 21:59:55 +0000] [454] [INFO] Waiting for application startup.
[2026-03-23 21:59:55 +0000] [454] [INFO] Application startup complete.
[2026-03-23 21:59:55 +0000] [455] [INFO] Started server process [455]
[2026-03-23 21:59:55 +0000] [455] [INFO] Waiting for application startup.
[2026-03-23 21:59:55 +0000] [455] [INFO] Application startup complete.
[2026-03-23 21:59:55 +0000] [461] [INFO] Booting worker with pid: 461
[2026-03-23 21:59:55 +0000] [459] [INFO] Started server process [459]
[2026-03-23 21:59:55 +0000] [459] [INFO] Waiting for application startup.
[2026-03-23 21:59:55 +0000] [459] [INFO] Application startup complete.
[2026-03-23 21:59:55 +0000] [464] [INFO] Booting worker with pid: 464
[2026-03-23 21:59:55 +0000] [457] [INFO] Started server process [457]
[2026-03-23 21:59:55 +0000] [457] [INFO] Waiting for application startup.
[2026-03-23 21:59:55 +0000] [457] [INFO] Application startup complete.
[2026-03-23 21:59:55 +0000] [465] [INFO] Booting worker with pid: 465
[2026-03-23 21:59:55 +0000] [461] [INFO] Started server process [461]
[2026-03-23 21:59:55 +0000] [461] [INFO] Waiting for application startup.
[2026-03-23 21:59:55 +0000] [461] [INFO] Application startup complete.
[2026-03-23 21:59:55 +0000] [467] [INFO] Booting worker with pid: 467
[2026-03-23 21:59:55 +0000] [465] [INFO] Started server process [465]
[2026-03-23 21:59:55 +0000] [465] [INFO] Waiting for application startup.
[2026-03-23 21:59:55 +0000] [465] [INFO] Application startup complete.
[2026-03-23 21:59:55 +0000] [469] [INFO] Booting worker with pid: 469
[2026-03-23 21:59:55 +0000] [464] [INFO] Started server process [464]
[2026-03-23 21:59:55 +0000] [464] [INFO] Waiting for application startup.
[2026-03-23 21:59:55 +0000] [464] [INFO] Application startup complete.
[2026-03-23 21:59:55 +0000] [467] [INFO] Started server process [467]
[2026-03-23 21:59:55 +0000] [467] [INFO] Waiting for application startup.
[2026-03-23 21:59:55 +0000] [467] [INFO] Application startup complete.
[2026-03-23 21:59:55 +0000] [472] [INFO] Booting worker with pid: 472
[2026-03-23 21:59:55 +0000] [473] [INFO] Booting worker with pid: 473
[2026-03-23 21:59:55 +0000] [469] [INFO] Started server process [469]
[2026-03-23 21:59:55 +0000] [469] [INFO] Waiting for application startup.
[2026-03-23 21:59:55 +0000] [469] [INFO] Application startup complete.
[2026-03-23 21:59:55 +0000] [476] [INFO] Booting worker with pid: 476
[2026-03-23 21:59:55 +0000] [472] [INFO] Started server process [472]
[2026-03-23 21:59:55 +0000] [472] [INFO] Waiting for application startup.
[2026-03-23 21:59:55 +0000] [472] [INFO] Application startup complete.
[2026-03-23 21:59:55 +0000] [473] [INFO] Started server process [473]
[2026-03-23 21:59:55 +0000] [473] [INFO] Waiting for application startup.
[2026-03-23 21:59:55 +0000] [473] [INFO] Application startup complete.
[2026-03-23 21:59:55 +0000] [479] [INFO] Booting worker with pid: 479
[2026-03-23 21:59:55 +0000] [480] [INFO] Booting worker with pid: 480
[2026-03-23 21:59:55 +0000] [476] [INFO] Started server process [476]
[2026-03-23 21:59:55 +0000] [476] [INFO] Waiting for application startup.
[2026-03-23 21:59:55 +0000] [476] [INFO] Application startup complete.
[2026-03-23 21:59:55 +0000] [481] [INFO] Booting worker with pid: 481
[2026-03-23 21:59:55 +0000] [479] [INFO] Started server process [479]
[2026-03-23 21:59:55 +0000] [479] [INFO] Waiting for application startup.
[2026-03-23 21:59:55 +0000] [479] [INFO] Application startup complete.
[2026-03-23 21:59:55 +0000] [480] [INFO] Started server process [480]
[2026-03-23 21:59:55 +0000] [480] [INFO] Waiting for application startup.
[2026-03-23 21:59:55 +0000] [480] [INFO] Application startup complete.
[2026-03-23 21:59:55 +0000] [481] [INFO] Started server process [481]
[2026-03-23 21:59:55 +0000] [481] [INFO] Waiting for application startup.
[2026-03-23 21:59:55 +0000] [481] [INFO] Application startup complete.
[2026-03-23 21:59:55 +0000] [485] [INFO] Booting worker with pid: 485
[2026-03-23 21:59:55 +0000] [486] [INFO] Booting worker with pid: 486
[2026-03-23 21:59:55 +0000] [487] [INFO] Booting worker with pid: 487
[2026-03-23 21:59:55 +0000] [485] [INFO] Started server process [485]
[2026-03-23 21:59:55 +0000] [485] [INFO] Waiting for application startup.
[2026-03-23 21:59:55 +0000] [485] [INFO] Application startup complete.
[2026-03-23 21:59:55 +0000] [486] [INFO] Started server process [486]
[2026-03-23 21:59:55 +0000] [486] [INFO] Waiting for application startup.
[2026-03-23 21:59:55 +0000] [486] [INFO] Application startup complete.
[2026-03-23 21:59:55 +0000] [491] [INFO] Booting worker with pid: 491
[2026-03-23 21:59:55 +0000] [487] [INFO] Started server process [487]
[2026-03-23 21:59:55 +0000] [487] [INFO] Waiting for application startup.
[2026-03-23 21:59:55 +0000] [487] [INFO] Application startup complete.
[2026-03-23 21:59:55 +0000] [492] [INFO] Booting worker with pid: 492
[2026-03-23 21:59:55 +0000] [493] [INFO] Booting worker with pid: 493
[2026-03-23 21:59:55 +0000] [491] [INFO] Started server process [491]
[2026-03-23 21:59:55 +0000] [491] [INFO] Waiting for application startup.
[2026-03-23 21:59:55 +0000] [491] [INFO] Application startup complete.
[2026-03-23 21:59:55 +0000] [492] [INFO] Started server process [492]
[2026-03-23 21:59:55 +0000] [492] [INFO] Waiting for application startup.
[2026-03-23 21:59:55 +0000] [492] [INFO] Application startup complete.
[2026-03-23 21:59:55 +0000] [496] [INFO] Booting worker with pid: 496
[2026-03-23 21:59:55 +0000] [498] [INFO] Booting worker with pid: 498
[2026-03-23 21:59:55 +0000] [493] [INFO] Started server process [493]
[2026-03-23 21:59:55 +0000] [493] [INFO] Waiting for application startup.
[2026-03-23 21:59:55 +0000] [493] [INFO] Application startup complete.
[2026-03-23 21:59:56 +0000] [500] [INFO] Booting worker with pid: 500
[2026-03-23 21:59:56 +0000] [501] [INFO] Booting worker with pid: 501
[2026-03-23 21:59:56 +0000] [496] [INFO] Started server process [496]
[2026-03-23 21:59:56 +0000] [496] [INFO] Waiting for application startup.
[2026-03-23 21:59:56 +0000] [496] [INFO] Application startup complete.
[2026-03-23 21:59:56 +0000] [498] [INFO] Started server process [498]
[2026-03-23 21:59:56 +0000] [498] [INFO] Waiting for application startup.
[2026-03-23 21:59:56 +0000] [498] [INFO] Application startup complete.
[2026-03-23 21:59:56 +0000] [500] [INFO] Started server process [500]
[2026-03-23 21:59:56 +0000] [500] [INFO] Waiting for application startup.
[2026-03-23 21:59:56 +0000] [500] [INFO] Application startup complete.
[2026-03-23 21:59:56 +0000] [501] [INFO] Started server process [501]
[2026-03-23 21:59:56 +0000] [501] [INFO] Waiting for application startup.
[2026-03-23 21:59:56 +0000] [501] [INFO] Application startup complete.
[2026-03-23 21:59:56 +0000] [505] [INFO] Booting worker with pid: 505
[2026-03-23 21:59:56 +0000] [505] [INFO] Started server process [505]
[2026-03-23 21:59:56 +0000] [505] [INFO] Waiting for application startup.
[2026-03-23 21:59:56 +0000] [505] [INFO] Application startup complete.
[2026-03-23 21:59:56 +0000] [507] [INFO] Booting worker with pid: 507
[2026-03-23 21:59:56 +0000] [508] [INFO] Booting worker with pid: 508
[2026-03-23 21:59:56 +0000] [507] [INFO] Started server process [507]
[2026-03-23 21:59:56 +0000] [507] [INFO] Waiting for application startup.
[2026-03-23 21:59:56 +0000] [507] [INFO] Application startup complete.
[2026-03-23 21:59:56 +0000] [508] [INFO] Started server process [508]
[2026-03-23 21:59:56 +0000] [508] [INFO] Waiting for application startup.
[2026-03-23 21:59:56 +0000] [508] [INFO] Application startup complete.
[2026-03-23 21:59:56 +0000] [511] [INFO] Booting worker with pid: 511
[2026-03-23 21:59:56 +0000] [513] [INFO] Booting worker with pid: 513
[2026-03-23 21:59:56 +0000] [511] [INFO] Started server process [511]
[2026-03-23 21:59:56 +0000] [511] [INFO] Waiting for application startup.
[2026-03-23 21:59:56 +0000] [511] [INFO] Application startup complete.
[2026-03-23 21:59:56 +0000] [514] [INFO] Booting worker with pid: 514
[2026-03-23 21:59:56 +0000] [513] [INFO] Started server process [513]
[2026-03-23 21:59:56 +0000] [513] [INFO] Waiting for application startup.
[2026-03-23 21:59:56 +0000] [513] [INFO] Application startup complete.
[2026-03-23 21:59:56 +0000] [514] [INFO] Started server process [514]
[2026-03-23 21:59:56 +0000] [514] [INFO] Waiting for application startup.
[2026-03-23 21:59:56 +0000] [514] [INFO] Application startup complete.
[2026-03-23 21:59:56 +0000] [517] [INFO] Booting worker with pid: 517
[2026-03-23 21:59:56 +0000] [517] [INFO] Started server process [517]
[2026-03-23 21:59:56 +0000] [517] [INFO] Waiting for application startup.
[2026-03-23 21:59:56 +0000] [517] [INFO] Application startup complete.
