[1] Puma starting in cluster mode...
[1] * Puma version: 6.6.1 ("Return to Forever")
[1] * Ruby version: ruby 3.4.9 (2026-03-11 revision 76cca827ab) +PRISM [x86_64-linux]
[1] *  Min threads: 4
[1] *  Max threads: 4
[1] *  Environment: development
[1] *   Master PID: 1
[1] *      Workers: 128
[1] *     Restarts: (✔) hot (✖) phased (✖) refork
[1] * Preloading application
[1] * Listening on http://0.0.0.0:8080
[1] Use Ctrl-C to stop
[1] - Worker 0 (PID: 8) booted in 0.29s, phase: 0
[1] - Worker 1 (PID: 11) booted in 0.29s, phase: 0
[1] - Worker 2 (PID: 15) booted in 0.29s, phase: 0
[1] - Worker 3 (PID: 23) booted in 0.29s, phase: 0
[1] - Worker 4 (PID: 30) booted in 0.28s, phase: 0
[1] - Worker 5 (PID: 43) booted in 0.28s, phase: 0
[1] - Worker 6 (PID: 55) booted in 0.28s, phase: 0
[1] - Worker 7 (PID: 68) booted in 0.28s, phase: 0
[1] - Worker 8 (PID: 89) booted in 0.28s, phase: 0
[1] - Worker 9 (PID: 99) booted in 0.28s, phase: 0
[1] - Worker 10 (PID: 115) booted in 0.28s, phase: 0
[1] - Worker 11 (PID: 123) booted in 0.28s, phase: 0
[1] - Worker 12 (PID: 135) booted in 0.27s, phase: 0
[1] - Worker 13 (PID: 145) booted in 0.27s, phase: 0
[1] - Worker 14 (PID: 176) booted in 0.27s, phase: 0
[1] - Worker 15 (PID: 180) booted in 0.26s, phase: 0
[1] - Worker 16 (PID: 187) booted in 0.26s, phase: 0
[1] - Worker 17 (PID: 195) booted in 0.26s, phase: 0
[1] - Worker 18 (PID: 207) booted in 0.26s, phase: 0
[1] - Worker 19 (PID: 219) booted in 0.26s, phase: 0
[1] - Worker 20 (PID: 231) booted in 0.26s, phase: 0
[1] - Worker 21 (PID: 244) booted in 0.26s, phase: 0
[1] - Worker 22 (PID: 255) booted in 0.26s, phase: 0
[1] - Worker 23 (PID: 267) booted in 0.25s, phase: 0
[1] - Worker 24 (PID: 279) booted in 0.25s, phase: 0
[1] - Worker 25 (PID: 291) booted in 0.25s, phase: 0
[1] - Worker 26 (PID: 303) booted in 0.25s, phase: 0
[1] - Worker 27 (PID: 315) booted in 0.25s, phase: 0
[1] - Worker 28 (PID: 328) booted in 0.25s, phase: 0
[1] - Worker 29 (PID: 352) booted in 0.24s, phase: 0
[1] - Worker 30 (PID: 364) booted in 0.24s, phase: 0
[1] - Worker 31 (PID: 367) booted in 0.24s, phase: 0
[1] - Worker 32 (PID: 376) booted in 0.24s, phase: 0
[1] - Worker 33 (PID: 387) booted in 0.24s, phase: 0
[1] - Worker 34 (PID: 397) booted in 0.23s, phase: 0
[1] - Worker 35 (PID: 408) booted in 0.23s, phase: 0
[1] - Worker 36 (PID: 422) booted in 0.23s, phase: 0
[1] - Worker 37 (PID: 432) booted in 0.23s, phase: 0
[1] - Worker 38 (PID: 447) booted in 0.23s, phase: 0
[1] - Worker 39 (PID: 458) booted in 0.23s, phase: 0
[1] - Worker 40 (PID: 470) booted in 0.22s, phase: 0
[1] - Worker 41 (PID: 479) booted in 0.22s, phase: 0
[1] - Worker 42 (PID: 496) booted in 0.22s, phase: 0
[1] - Worker 43 (PID: 511) booted in 0.22s, phase: 0
[1] - Worker 44 (PID: 523) booted in 0.22s, phase: 0
[1] - Worker 45 (PID: 530) booted in 0.21s, phase: 0
[1] - Worker 46 (PID: 542) booted in 0.21s, phase: 0
[1] - Worker 47 (PID: 553) booted in 0.21s, phase: 0
[1] - Worker 48 (PID: 566) booted in 0.21s, phase: 0
[1] - Worker 49 (PID: 578) booted in 0.21s, phase: 0
[1] - Worker 50 (PID: 589) booted in 0.21s, phase: 0
[1] - Worker 51 (PID: 602) booted in 0.2s, phase: 0
[1] - Worker 52 (PID: 613) booted in 0.2s, phase: 0
[1] - Worker 53 (PID: 625) booted in 0.2s, phase: 0
[1] - Worker 54 (PID: 637) booted in 0.2s, phase: 0
[1] - Worker 55 (PID: 651) booted in 0.2s, phase: 0
[1] - Worker 56 (PID: 661) booted in 0.2s, phase: 0
[1] - Worker 57 (PID: 674) booted in 0.19s, phase: 0
[1] - Worker 58 (PID: 687) booted in 0.19s, phase: 0
[1] - Worker 59 (PID: 698) booted in 0.19s, phase: 0
[1] - Worker 60 (PID: 709) booted in 0.19s, phase: 0
[1] - Worker 61 (PID: 722) booted in 0.19s, phase: 0
[1] - Worker 62 (PID: 735) booted in 0.18s, phase: 0
[1] - Worker 63 (PID: 745) booted in 0.18s, phase: 0
[1] - Worker 64 (PID: 758) booted in 0.18s, phase: 0
[1] - Worker 65 (PID: 769) booted in 0.18s, phase: 0
[1] - Worker 66 (PID: 782) booted in 0.18s, phase: 0
[1] - Worker 67 (PID: 794) booted in 0.18s, phase: 0
[1] - Worker 68 (PID: 803) booted in 0.17s, phase: 0
[1] - Worker 69 (PID: 817) booted in 0.17s, phase: 0
[1] - Worker 70 (PID: 829) booted in 0.17s, phase: 0
[1] - Worker 71 (PID: 841) booted in 0.17s, phase: 0
[1] - Worker 72 (PID: 853) booted in 0.17s, phase: 0
[1] - Worker 73 (PID: 872) booted in 0.16s, phase: 0
[1] - Worker 74 (PID: 883) booted in 0.16s, phase: 0
[1] - Worker 75 (PID: 895) booted in 0.16s, phase: 0
[1] - Worker 76 (PID: 902) booted in 0.16s, phase: 0
[1] - Worker 77 (PID: 912) booted in 0.16s, phase: 0
[1] - Worker 78 (PID: 923) booted in 0.16s, phase: 0
[1] - Worker 79 (PID: 932) booted in 0.15s, phase: 0
[1] - Worker 80 (PID: 951) booted in 0.15s, phase: 0
[1] - Worker 81 (PID: 963) booted in 0.15s, phase: 0
[1] - Worker 82 (PID: 981) booted in 0.15s, phase: 0
[1] - Worker 83 (PID: 991) booted in 0.14s, phase: 0
[1] - Worker 84 (PID: 1004) booted in 0.14s, phase: 0
[1] - Worker 85 (PID: 1015) booted in 0.14s, phase: 0
[1] - Worker 86 (PID: 1026) booted in 0.14s, phase: 0
[1] - Worker 87 (PID: 1036) booted in 0.13s, phase: 0
[1] - Worker 88 (PID: 1052) booted in 0.13s, phase: 0
[1] - Worker 89 (PID: 1063) booted in 0.13s, phase: 0
[1] - Worker 90 (PID: 1072) booted in 0.13s, phase: 0
[1] - Worker 91 (PID: 1083) booted in 0.13s, phase: 0
[1] - Worker 92 (PID: 1093) booted in 0.13s, phase: 0
[1] - Worker 93 (PID: 1107) booted in 0.12s, phase: 0
[1] - Worker 94 (PID: 1117) booted in 0.12s, phase: 0
[1] - Worker 95 (PID: 1131) booted in 0.12s, phase: 0
[1] - Worker 96 (PID: 1143) booted in 0.12s, phase: 0
[1] - Worker 97 (PID: 1155) booted in 0.12s, phase: 0
[1] - Worker 98 (PID: 1167) booted in 0.11s, phase: 0
[1] - Worker 99 (PID: 1179) booted in 0.11s, phase: 0
[1] - Worker 100 (PID: 1190) booted in 0.11s, phase: 0
[1] - Worker 101 (PID: 1201) booted in 0.11s, phase: 0
[1] - Worker 102 (PID: 1214) booted in 0.11s, phase: 0
[1] - Worker 103 (PID: 1222) booted in 0.11s, phase: 0
[1] - Worker 104 (PID: 1229) booted in 0.1s, phase: 0
[1] - Worker 105 (PID: 1233) booted in 0.1s, phase: 0
[1] - Worker 106 (PID: 1264) booted in 0.09s, phase: 0
[1] - Worker 107 (PID: 1278) booted in 0.09s, phase: 0
[1] - Worker 108 (PID: 1289) booted in 0.09s, phase: 0
[1] - Worker 109 (PID: 1296) booted in 0.09s, phase: 0
[1] - Worker 110 (PID: 1309) booted in 0.09s, phase: 0
[1] - Worker 111 (PID: 1321) booted in 0.08s, phase: 0
[1] - Worker 112 (PID: 1333) booted in 0.08s, phase: 0
[1] - Worker 113 (PID: 1346) booted in 0.08s, phase: 0
[1] - Worker 114 (PID: 1357) booted in 0.08s, phase: 0
[1] - Worker 115 (PID: 1368) booted in 0.08s, phase: 0
[1] - Worker 116 (PID: 1380) booted in 0.08s, phase: 0
[1] - Worker 117 (PID: 1393) booted in 0.07s, phase: 0
[1] - Worker 118 (PID: 1406) booted in 0.07s, phase: 0
[1] - Worker 119 (PID: 1416) booted in 0.07s, phase: 0
[1] - Worker 120 (PID: 1430) booted in 0.07s, phase: 0
[1] - Worker 121 (PID: 1443) booted in 0.07s, phase: 0
[1] - Worker 122 (PID: 1454) booted in 0.06s, phase: 0
[1] - Worker 123 (PID: 1466) booted in 0.06s, phase: 0
[1] - Worker 124 (PID: 1478) booted in 0.06s, phase: 0
[1] - Worker 125 (PID: 1487) booted in 0.06s, phase: 0
[1] - Worker 126 (PID: 1502) booted in 0.06s, phase: 0
[1] - Worker 127 (PID: 1515) booted in 0.06s, phase: 0
