[2026-03-23 21:58:54 +0000] [1] [INFO] Starting gunicorn 23.0.0
[2026-03-23 21:58:54 +0000] [1] [INFO] Listening at: http://0.0.0.0:8080 (1)
[2026-03-23 21:58:54 +0000] [1] [INFO] Using worker: uvicorn.workers.UvicornWorker
[2026-03-23 21:58:54 +0000] [7] [INFO] Booting worker with pid: 7
[2026-03-23 21:58:54 +0000] [9] [INFO] Booting worker with pid: 9
[2026-03-23 21:58:54 +0000] [7] [INFO] Started server process [7]
[2026-03-23 21:58:54 +0000] [7] [INFO] Waiting for application startup.
[2026-03-23 21:58:54 +0000] [7] [INFO] Application startup complete.
[2026-03-23 21:58:54 +0000] [10] [INFO] Booting worker with pid: 10
[2026-03-23 21:58:54 +0000] [9] [INFO] Started server process [9]
[2026-03-23 21:58:54 +0000] [9] [INFO] Waiting for application startup.
[2026-03-23 21:58:54 +0000] [9] [INFO] Application startup complete.
[2026-03-23 21:58:54 +0000] [10] [INFO] Started server process [10]
[2026-03-23 21:58:54 +0000] [10] [INFO] Waiting for application startup.
[2026-03-23 21:58:54 +0000] [10] [INFO] Application startup complete.
[2026-03-23 21:58:54 +0000] [13] [INFO] Booting worker with pid: 13
[2026-03-23 21:58:54 +0000] [14] [INFO] Booting worker with pid: 14
[2026-03-23 21:58:54 +0000] [13] [INFO] Started server process [13]
[2026-03-23 21:58:54 +0000] [13] [INFO] Waiting for application startup.
[2026-03-23 21:58:54 +0000] [13] [INFO] Application startup complete.
[2026-03-23 21:58:55 +0000] [14] [INFO] Started server process [14]
[2026-03-23 21:58:55 +0000] [14] [INFO] Waiting for application startup.
[2026-03-23 21:58:55 +0000] [14] [INFO] Application startup complete.
[2026-03-23 21:58:55 +0000] [17] [INFO] Booting worker with pid: 17
[2026-03-23 21:58:55 +0000] [18] [INFO] Booting worker with pid: 18
[2026-03-23 21:58:55 +0000] [17] [INFO] Started server process [17]
[2026-03-23 21:58:55 +0000] [17] [INFO] Waiting for application startup.
[2026-03-23 21:58:55 +0000] [17] [INFO] Application startup complete.
[2026-03-23 21:58:55 +0000] [18] [INFO] Started server process [18]
[2026-03-23 21:58:55 +0000] [18] [INFO] Waiting for application startup.
[2026-03-23 21:58:55 +0000] [18] [INFO] Application startup complete.
[2026-03-23 21:58:55 +0000] [21] [INFO] Booting worker with pid: 21
[2026-03-23 21:58:55 +0000] [21] [INFO] Started server process [21]
[2026-03-23 21:58:55 +0000] [21] [INFO] Waiting for application startup.
[2026-03-23 21:58:55 +0000] [21] [INFO] Application startup complete.
[2026-03-23 21:58:55 +0000] [23] [INFO] Booting worker with pid: 23
[2026-03-23 21:58:55 +0000] [24] [INFO] Booting worker with pid: 24
[2026-03-23 21:58:55 +0000] [26] [INFO] Booting worker with pid: 26
[2026-03-23 21:58:55 +0000] [23] [INFO] Started server process [23]
[2026-03-23 21:58:55 +0000] [23] [INFO] Waiting for application startup.
[2026-03-23 21:58:55 +0000] [23] [INFO] Application startup complete.
[2026-03-23 21:58:55 +0000] [27] [INFO] Booting worker with pid: 27
[2026-03-23 21:58:55 +0000] [24] [INFO] Started server process [24]
[2026-03-23 21:58:55 +0000] [24] [INFO] Waiting for application startup.
[2026-03-23 21:58:55 +0000] [24] [INFO] Application startup complete.
[2026-03-23 21:58:55 +0000] [26] [INFO] Started server process [26]
[2026-03-23 21:58:55 +0000] [26] [INFO] Waiting for application startup.
[2026-03-23 21:58:55 +0000] [26] [INFO] Application startup complete.
[2026-03-23 21:58:55 +0000] [30] [INFO] Booting worker with pid: 30
[2026-03-23 21:58:55 +0000] [32] [INFO] Booting worker with pid: 32
[2026-03-23 21:58:55 +0000] [27] [INFO] Started server process [27]
[2026-03-23 21:58:55 +0000] [27] [INFO] Waiting for application startup.
[2026-03-23 21:58:55 +0000] [27] [INFO] Application startup complete.
[2026-03-23 21:58:55 +0000] [34] [INFO] Booting worker with pid: 34
[2026-03-23 21:58:55 +0000] [30] [INFO] Started server process [30]
[2026-03-23 21:58:55 +0000] [30] [INFO] Waiting for application startup.
[2026-03-23 21:58:55 +0000] [30] [INFO] Application startup complete.
[2026-03-23 21:58:55 +0000] [32] [INFO] Started server process [32]
[2026-03-23 21:58:55 +0000] [32] [INFO] Waiting for application startup.
[2026-03-23 21:58:55 +0000] [32] [INFO] Application startup complete.
[2026-03-23 21:58:55 +0000] [36] [INFO] Booting worker with pid: 36
[2026-03-23 21:58:55 +0000] [37] [INFO] Booting worker with pid: 37
[2026-03-23 21:58:55 +0000] [34] [INFO] Started server process [34]
[2026-03-23 21:58:55 +0000] [34] [INFO] Waiting for application startup.
[2026-03-23 21:58:55 +0000] [34] [INFO] Application startup complete.
[2026-03-23 21:58:55 +0000] [36] [INFO] Started server process [36]
[2026-03-23 21:58:55 +0000] [36] [INFO] Waiting for application startup.
[2026-03-23 21:58:55 +0000] [36] [INFO] Application startup complete.
[2026-03-23 21:58:55 +0000] [37] [INFO] Started server process [37]
[2026-03-23 21:58:55 +0000] [37] [INFO] Waiting for application startup.
[2026-03-23 21:58:55 +0000] [37] [INFO] Application startup complete.
[2026-03-23 21:58:55 +0000] [41] [INFO] Booting worker with pid: 41
[2026-03-23 21:58:55 +0000] [43] [INFO] Booting worker with pid: 43
[2026-03-23 21:58:55 +0000] [41] [INFO] Started server process [41]
[2026-03-23 21:58:55 +0000] [41] [INFO] Waiting for application startup.
[2026-03-23 21:58:55 +0000] [41] [INFO] Application startup complete.
[2026-03-23 21:58:55 +0000] [44] [INFO] Booting worker with pid: 44
[2026-03-23 21:58:55 +0000] [43] [INFO] Started server process [43]
[2026-03-23 21:58:55 +0000] [43] [INFO] Waiting for application startup.
[2026-03-23 21:58:55 +0000] [43] [INFO] Application startup complete.
[2026-03-23 21:58:55 +0000] [47] [INFO] Booting worker with pid: 47
[2026-03-23 21:58:55 +0000] [44] [INFO] Started server process [44]
[2026-03-23 21:58:55 +0000] [44] [INFO] Waiting for application startup.
[2026-03-23 21:58:55 +0000] [44] [INFO] Application startup complete.
[2026-03-23 21:58:55 +0000] [48] [INFO] Booting worker with pid: 48
[2026-03-23 21:58:55 +0000] [47] [INFO] Started server process [47]
[2026-03-23 21:58:55 +0000] [47] [INFO] Waiting for application startup.
[2026-03-23 21:58:55 +0000] [47] [INFO] Application startup complete.
[2026-03-23 21:58:55 +0000] [51] [INFO] Booting worker with pid: 51
[2026-03-23 21:58:55 +0000] [48] [INFO] Started server process [48]
[2026-03-23 21:58:55 +0000] [48] [INFO] Waiting for application startup.
[2026-03-23 21:58:55 +0000] [48] [INFO] Application startup complete.
[2026-03-23 21:58:55 +0000] [52] [INFO] Booting worker with pid: 52
[2026-03-23 21:58:55 +0000] [51] [INFO] Started server process [51]
[2026-03-23 21:58:55 +0000] [51] [INFO] Waiting for application startup.
[2026-03-23 21:58:55 +0000] [51] [INFO] Application startup complete.
[2026-03-23 21:58:55 +0000] [52] [INFO] Started server process [52]
[2026-03-23 21:58:55 +0000] [52] [INFO] Waiting for application startup.
[2026-03-23 21:58:55 +0000] [52] [INFO] Application startup complete.
[2026-03-23 21:58:55 +0000] [55] [INFO] Booting worker with pid: 55
[2026-03-23 21:58:55 +0000] [56] [INFO] Booting worker with pid: 56
[2026-03-23 21:58:56 +0000] [55] [INFO] Started server process [55]
[2026-03-23 21:58:56 +0000] [55] [INFO] Waiting for application startup.
[2026-03-23 21:58:56 +0000] [55] [INFO] Application startup complete.
[2026-03-23 21:58:56 +0000] [56] [INFO] Started server process [56]
[2026-03-23 21:58:56 +0000] [56] [INFO] Waiting for application startup.
[2026-03-23 21:58:56 +0000] [56] [INFO] Application startup complete.
[2026-03-23 21:58:56 +0000] [59] [INFO] Booting worker with pid: 59
[2026-03-23 21:58:56 +0000] [60] [INFO] Booting worker with pid: 60
[2026-03-23 21:58:56 +0000] [59] [INFO] Started server process [59]
[2026-03-23 21:58:56 +0000] [59] [INFO] Waiting for application startup.
[2026-03-23 21:58:56 +0000] [59] [INFO] Application startup complete.
[2026-03-23 21:58:56 +0000] [63] [INFO] Booting worker with pid: 63
[2026-03-23 21:58:56 +0000] [60] [INFO] Started server process [60]
[2026-03-23 21:58:56 +0000] [60] [INFO] Waiting for application startup.
[2026-03-23 21:58:56 +0000] [60] [INFO] Application startup complete.
[2026-03-23 21:58:56 +0000] [65] [INFO] Booting worker with pid: 65
[2026-03-23 21:58:56 +0000] [63] [INFO] Started server process [63]
[2026-03-23 21:58:56 +0000] [63] [INFO] Waiting for application startup.
[2026-03-23 21:58:56 +0000] [63] [INFO] Application startup complete.
[2026-03-23 21:58:56 +0000] [66] [INFO] Booting worker with pid: 66
[2026-03-23 21:58:56 +0000] [67] [INFO] Booting worker with pid: 67
[2026-03-23 21:58:56 +0000] [65] [INFO] Started server process [65]
[2026-03-23 21:58:56 +0000] [65] [INFO] Waiting for application startup.
[2026-03-23 21:58:56 +0000] [65] [INFO] Application startup complete.
[2026-03-23 21:58:56 +0000] [70] [INFO] Booting worker with pid: 70
[2026-03-23 21:58:56 +0000] [66] [INFO] Started server process [66]
[2026-03-23 21:58:56 +0000] [66] [INFO] Waiting for application startup.
[2026-03-23 21:58:56 +0000] [66] [INFO] Application startup complete.
[2026-03-23 21:58:56 +0000] [71] [INFO] Booting worker with pid: 71
[2026-03-23 21:58:56 +0000] [67] [INFO] Started server process [67]
[2026-03-23 21:58:56 +0000] [67] [INFO] Waiting for application startup.
[2026-03-23 21:58:56 +0000] [67] [INFO] Application startup complete.
[2026-03-23 21:58:56 +0000] [73] [INFO] Booting worker with pid: 73
[2026-03-23 21:58:56 +0000] [70] [INFO] Started server process [70]
[2026-03-23 21:58:56 +0000] [70] [INFO] Waiting for application startup.
[2026-03-23 21:58:56 +0000] [70] [INFO] Application startup complete.
[2026-03-23 21:58:56 +0000] [71] [INFO] Started server process [71]
[2026-03-23 21:58:56 +0000] [71] [INFO] Waiting for application startup.
[2026-03-23 21:58:56 +0000] [71] [INFO] Application startup complete.
[2026-03-23 21:58:56 +0000] [77] [INFO] Booting worker with pid: 77
[2026-03-23 21:58:56 +0000] [73] [INFO] Started server process [73]
[2026-03-23 21:58:56 +0000] [73] [INFO] Waiting for application startup.
[2026-03-23 21:58:56 +0000] [73] [INFO] Application startup complete.
[2026-03-23 21:58:56 +0000] [79] [INFO] Booting worker with pid: 79
[2026-03-23 21:58:56 +0000] [77] [INFO] Started server process [77]
[2026-03-23 21:58:56 +0000] [77] [INFO] Waiting for application startup.
[2026-03-23 21:58:56 +0000] [77] [INFO] Application startup complete.
[2026-03-23 21:58:56 +0000] [79] [INFO] Started server process [79]
[2026-03-23 21:58:56 +0000] [79] [INFO] Waiting for application startup.
[2026-03-23 21:58:56 +0000] [79] [INFO] Application startup complete.
[2026-03-23 21:58:56 +0000] [81] [INFO] Booting worker with pid: 81
[2026-03-23 21:58:56 +0000] [82] [INFO] Booting worker with pid: 82
[2026-03-23 21:58:56 +0000] [81] [INFO] Started server process [81]
[2026-03-23 21:58:56 +0000] [81] [INFO] Waiting for application startup.
[2026-03-23 21:58:56 +0000] [81] [INFO] Application startup complete.
[2026-03-23 21:58:56 +0000] [82] [INFO] Started server process [82]
[2026-03-23 21:58:56 +0000] [82] [INFO] Waiting for application startup.
[2026-03-23 21:58:56 +0000] [82] [INFO] Application startup complete.
[2026-03-23 21:58:56 +0000] [85] [INFO] Booting worker with pid: 85
[2026-03-23 21:58:56 +0000] [86] [INFO] Booting worker with pid: 86
[2026-03-23 21:58:56 +0000] [85] [INFO] Started server process [85]
[2026-03-23 21:58:56 +0000] [85] [INFO] Waiting for application startup.
[2026-03-23 21:58:56 +0000] [85] [INFO] Application startup complete.
[2026-03-23 21:58:56 +0000] [86] [INFO] Started server process [86]
[2026-03-23 21:58:56 +0000] [86] [INFO] Waiting for application startup.
[2026-03-23 21:58:56 +0000] [86] [INFO] Application startup complete.
[2026-03-23 21:58:56 +0000] [89] [INFO] Booting worker with pid: 89
[2026-03-23 21:58:56 +0000] [89] [INFO] Started server process [89]
[2026-03-23 21:58:56 +0000] [89] [INFO] Waiting for application startup.
[2026-03-23 21:58:56 +0000] [89] [INFO] Application startup complete.
[2026-03-23 21:58:56 +0000] [91] [INFO] Booting worker with pid: 91
[2026-03-23 21:58:56 +0000] [91] [INFO] Started server process [91]
[2026-03-23 21:58:56 +0000] [91] [INFO] Waiting for application startup.
[2026-03-23 21:58:56 +0000] [91] [INFO] Application startup complete.
[2026-03-23 21:58:56 +0000] [93] [INFO] Booting worker with pid: 93
[2026-03-23 21:58:57 +0000] [93] [INFO] Started server process [93]
[2026-03-23 21:58:57 +0000] [93] [INFO] Waiting for application startup.
[2026-03-23 21:58:57 +0000] [93] [INFO] Application startup complete.
[2026-03-23 21:58:57 +0000] [95] [INFO] Booting worker with pid: 95
[2026-03-23 21:58:57 +0000] [97] [INFO] Booting worker with pid: 97
[2026-03-23 21:58:57 +0000] [95] [INFO] Started server process [95]
[2026-03-23 21:58:57 +0000] [95] [INFO] Waiting for application startup.
[2026-03-23 21:58:57 +0000] [95] [INFO] Application startup complete.
[2026-03-23 21:58:57 +0000] [98] [INFO] Booting worker with pid: 98
[2026-03-23 21:58:57 +0000] [97] [INFO] Started server process [97]
[2026-03-23 21:58:57 +0000] [97] [INFO] Waiting for application startup.
[2026-03-23 21:58:57 +0000] [97] [INFO] Application startup complete.
[2026-03-23 21:58:57 +0000] [101] [INFO] Booting worker with pid: 101
[2026-03-23 21:58:57 +0000] [98] [INFO] Started server process [98]
[2026-03-23 21:58:57 +0000] [98] [INFO] Waiting for application startup.
[2026-03-23 21:58:57 +0000] [98] [INFO] Application startup complete.
[2026-03-23 21:58:57 +0000] [102] [INFO] Booting worker with pid: 102
[2026-03-23 21:58:57 +0000] [101] [INFO] Started server process [101]
[2026-03-23 21:58:57 +0000] [101] [INFO] Waiting for application startup.
[2026-03-23 21:58:57 +0000] [101] [INFO] Application startup complete.
[2026-03-23 21:58:57 +0000] [105] [INFO] Booting worker with pid: 105
[2026-03-23 21:58:57 +0000] [102] [INFO] Started server process [102]
[2026-03-23 21:58:57 +0000] [102] [INFO] Waiting for application startup.
[2026-03-23 21:58:57 +0000] [102] [INFO] Application startup complete.
[2026-03-23 21:58:57 +0000] [106] [INFO] Booting worker with pid: 106
[2026-03-23 21:58:57 +0000] [108] [INFO] Booting worker with pid: 108
[2026-03-23 21:58:57 +0000] [105] [INFO] Started server process [105]
[2026-03-23 21:58:57 +0000] [105] [INFO] Waiting for application startup.
[2026-03-23 21:58:57 +0000] [105] [INFO] Application startup complete.
[2026-03-23 21:58:57 +0000] [109] [INFO] Booting worker with pid: 109
[2026-03-23 21:58:57 +0000] [106] [INFO] Started server process [106]
[2026-03-23 21:58:57 +0000] [106] [INFO] Waiting for application startup.
[2026-03-23 21:58:57 +0000] [106] [INFO] Application startup complete.
[2026-03-23 21:58:57 +0000] [108] [INFO] Started server process [108]
[2026-03-23 21:58:57 +0000] [108] [INFO] Waiting for application startup.
[2026-03-23 21:58:57 +0000] [108] [INFO] Application startup complete.
[2026-03-23 21:58:57 +0000] [109] [INFO] Started server process [109]
[2026-03-23 21:58:57 +0000] [109] [INFO] Waiting for application startup.
[2026-03-23 21:58:57 +0000] [109] [INFO] Application startup complete.
[2026-03-23 21:58:57 +0000] [113] [INFO] Booting worker with pid: 113
[2026-03-23 21:58:57 +0000] [114] [INFO] Booting worker with pid: 114
[2026-03-23 21:58:57 +0000] [113] [INFO] Started server process [113]
[2026-03-23 21:58:57 +0000] [113] [INFO] Waiting for application startup.
[2026-03-23 21:58:57 +0000] [113] [INFO] Application startup complete.
[2026-03-23 21:58:57 +0000] [114] [INFO] Started server process [114]
[2026-03-23 21:58:57 +0000] [114] [INFO] Waiting for application startup.
[2026-03-23 21:58:57 +0000] [114] [INFO] Application startup complete.
[2026-03-23 21:58:57 +0000] [117] [INFO] Booting worker with pid: 117
[2026-03-23 21:58:57 +0000] [117] [INFO] Started server process [117]
[2026-03-23 21:58:57 +0000] [117] [INFO] Waiting for application startup.
[2026-03-23 21:58:57 +0000] [117] [INFO] Application startup complete.
[2026-03-23 21:58:57 +0000] [119] [INFO] Booting worker with pid: 119
[2026-03-23 21:58:57 +0000] [120] [INFO] Booting worker with pid: 120
[2026-03-23 21:58:57 +0000] [119] [INFO] Started server process [119]
[2026-03-23 21:58:57 +0000] [119] [INFO] Waiting for application startup.
[2026-03-23 21:58:57 +0000] [119] [INFO] Application startup complete.
[2026-03-23 21:58:57 +0000] [123] [INFO] Booting worker with pid: 123
[2026-03-23 21:58:57 +0000] [120] [INFO] Started server process [120]
[2026-03-23 21:58:57 +0000] [120] [INFO] Waiting for application startup.
[2026-03-23 21:58:57 +0000] [120] [INFO] Application startup complete.
[2026-03-23 21:58:57 +0000] [124] [INFO] Booting worker with pid: 124
[2026-03-23 21:58:57 +0000] [126] [INFO] Booting worker with pid: 126
[2026-03-23 21:58:57 +0000] [123] [INFO] Started server process [123]
[2026-03-23 21:58:57 +0000] [123] [INFO] Waiting for application startup.
[2026-03-23 21:58:57 +0000] [123] [INFO] Application startup complete.
[2026-03-23 21:58:57 +0000] [128] [INFO] Booting worker with pid: 128
[2026-03-23 21:58:57 +0000] [124] [INFO] Started server process [124]
[2026-03-23 21:58:57 +0000] [124] [INFO] Waiting for application startup.
[2026-03-23 21:58:57 +0000] [124] [INFO] Application startup complete.
[2026-03-23 21:58:57 +0000] [126] [INFO] Started server process [126]
[2026-03-23 21:58:57 +0000] [126] [INFO] Waiting for application startup.
[2026-03-23 21:58:57 +0000] [130] [INFO] Booting worker with pid: 130
[2026-03-23 21:58:57 +0000] [126] [INFO] Application startup complete.
[2026-03-23 21:58:57 +0000] [128] [INFO] Started server process [128]
[2026-03-23 21:58:57 +0000] [128] [INFO] Waiting for application startup.
[2026-03-23 21:58:57 +0000] [128] [INFO] Application startup complete.
[2026-03-23 21:58:57 +0000] [130] [INFO] Started server process [130]
[2026-03-23 21:58:57 +0000] [130] [INFO] Waiting for application startup.
[2026-03-23 21:58:57 +0000] [130] [INFO] Application startup complete.
[2026-03-23 21:58:57 +0000] [133] [INFO] Booting worker with pid: 133
[2026-03-23 21:58:57 +0000] [134] [INFO] Booting worker with pid: 134
[2026-03-23 21:58:58 +0000] [133] [INFO] Started server process [133]
[2026-03-23 21:58:58 +0000] [133] [INFO] Waiting for application startup.
[2026-03-23 21:58:58 +0000] [133] [INFO] Application startup complete.
[2026-03-23 21:58:58 +0000] [134] [INFO] Started server process [134]
[2026-03-23 21:58:58 +0000] [134] [INFO] Waiting for application startup.
[2026-03-23 21:58:58 +0000] [134] [INFO] Application startup complete.
[2026-03-23 21:58:58 +0000] [137] [INFO] Booting worker with pid: 137
[2026-03-23 21:58:58 +0000] [138] [INFO] Booting worker with pid: 138
[2026-03-23 21:58:58 +0000] [140] [INFO] Booting worker with pid: 140
[2026-03-23 21:58:58 +0000] [137] [INFO] Started server process [137]
[2026-03-23 21:58:58 +0000] [137] [INFO] Waiting for application startup.
[2026-03-23 21:58:58 +0000] [137] [INFO] Application startup complete.
[2026-03-23 21:58:58 +0000] [138] [INFO] Started server process [138]
[2026-03-23 21:58:58 +0000] [138] [INFO] Waiting for application startup.
[2026-03-23 21:58:58 +0000] [138] [INFO] Application startup complete.
[2026-03-23 21:58:58 +0000] [142] [INFO] Booting worker with pid: 142
[2026-03-23 21:58:58 +0000] [140] [INFO] Started server process [140]
[2026-03-23 21:58:58 +0000] [140] [INFO] Waiting for application startup.
[2026-03-23 21:58:58 +0000] [140] [INFO] Application startup complete.
[2026-03-23 21:58:58 +0000] [144] [INFO] Booting worker with pid: 144
[2026-03-23 21:58:58 +0000] [145] [INFO] Booting worker with pid: 145
[2026-03-23 21:58:58 +0000] [147] [INFO] Booting worker with pid: 147
[2026-03-23 21:58:58 +0000] [142] [INFO] Started server process [142]
[2026-03-23 21:58:58 +0000] [142] [INFO] Waiting for application startup.
[2026-03-23 21:58:58 +0000] [142] [INFO] Application startup complete.
[2026-03-23 21:58:58 +0000] [144] [INFO] Started server process [144]
[2026-03-23 21:58:58 +0000] [144] [INFO] Waiting for application startup.
[2026-03-23 21:58:58 +0000] [144] [INFO] Application startup complete.
[2026-03-23 21:58:58 +0000] [145] [INFO] Started server process [145]
[2026-03-23 21:58:58 +0000] [145] [INFO] Waiting for application startup.
[2026-03-23 21:58:58 +0000] [145] [INFO] Application startup complete.
[2026-03-23 21:58:58 +0000] [147] [INFO] Started server process [147]
[2026-03-23 21:58:58 +0000] [147] [INFO] Waiting for application startup.
[2026-03-23 21:58:58 +0000] [147] [INFO] Application startup complete.
[2026-03-23 21:58:58 +0000] [151] [INFO] Booting worker with pid: 151
[2026-03-23 21:58:58 +0000] [152] [INFO] Booting worker with pid: 152
[2026-03-23 21:58:58 +0000] [151] [INFO] Started server process [151]
[2026-03-23 21:58:58 +0000] [151] [INFO] Waiting for application startup.
[2026-03-23 21:58:58 +0000] [151] [INFO] Application startup complete.
[2026-03-23 21:58:58 +0000] [155] [INFO] Booting worker with pid: 155
[2026-03-23 21:58:58 +0000] [152] [INFO] Started server process [152]
[2026-03-23 21:58:58 +0000] [152] [INFO] Waiting for application startup.
[2026-03-23 21:58:58 +0000] [152] [INFO] Application startup complete.
[2026-03-23 21:58:58 +0000] [157] [INFO] Booting worker with pid: 157
[2026-03-23 21:58:58 +0000] [155] [INFO] Started server process [155]
[2026-03-23 21:58:58 +0000] [155] [INFO] Waiting for application startup.
[2026-03-23 21:58:58 +0000] [155] [INFO] Application startup complete.
[2026-03-23 21:58:58 +0000] [158] [INFO] Booting worker with pid: 158
[2026-03-23 21:58:58 +0000] [157] [INFO] Started server process [157]
[2026-03-23 21:58:58 +0000] [157] [INFO] Waiting for application startup.
[2026-03-23 21:58:58 +0000] [157] [INFO] Application startup complete.
[2026-03-23 21:58:58 +0000] [160] [INFO] Booting worker with pid: 160
[2026-03-23 21:58:58 +0000] [158] [INFO] Started server process [158]
[2026-03-23 21:58:58 +0000] [158] [INFO] Waiting for application startup.
[2026-03-23 21:58:58 +0000] [158] [INFO] Application startup complete.
[2026-03-23 21:58:58 +0000] [163] [INFO] Booting worker with pid: 163
[2026-03-23 21:58:58 +0000] [160] [INFO] Started server process [160]
[2026-03-23 21:58:58 +0000] [160] [INFO] Waiting for application startup.
[2026-03-23 21:58:58 +0000] [160] [INFO] Application startup complete.
[2026-03-23 21:58:58 +0000] [163] [INFO] Started server process [163]
[2026-03-23 21:58:58 +0000] [163] [INFO] Waiting for application startup.
[2026-03-23 21:58:58 +0000] [163] [INFO] Application startup complete.
[2026-03-23 21:58:58 +0000] [165] [INFO] Booting worker with pid: 165
[2026-03-23 21:58:58 +0000] [166] [INFO] Booting worker with pid: 166
[2026-03-23 21:58:58 +0000] [168] [INFO] Booting worker with pid: 168
[2026-03-23 21:58:58 +0000] [165] [INFO] Started server process [165]
[2026-03-23 21:58:58 +0000] [165] [INFO] Waiting for application startup.
[2026-03-23 21:58:58 +0000] [165] [INFO] Application startup complete.
[2026-03-23 21:58:58 +0000] [166] [INFO] Started server process [166]
[2026-03-23 21:58:58 +0000] [166] [INFO] Waiting for application startup.
[2026-03-23 21:58:58 +0000] [166] [INFO] Application startup complete.
[2026-03-23 21:58:58 +0000] [168] [INFO] Started server process [168]
[2026-03-23 21:58:58 +0000] [168] [INFO] Waiting for application startup.
[2026-03-23 21:58:58 +0000] [168] [INFO] Application startup complete.
[2026-03-23 21:58:58 +0000] [171] [INFO] Booting worker with pid: 171
[2026-03-23 21:58:58 +0000] [172] [INFO] Booting worker with pid: 172
[2026-03-23 21:58:58 +0000] [171] [INFO] Started server process [171]
[2026-03-23 21:58:58 +0000] [171] [INFO] Waiting for application startup.
[2026-03-23 21:58:58 +0000] [171] [INFO] Application startup complete.
[2026-03-23 21:58:58 +0000] [172] [INFO] Started server process [172]
[2026-03-23 21:58:58 +0000] [172] [INFO] Waiting for application startup.
[2026-03-23 21:58:58 +0000] [172] [INFO] Application startup complete.
[2026-03-23 21:58:58 +0000] [175] [INFO] Booting worker with pid: 175
[2026-03-23 21:58:58 +0000] [176] [INFO] Booting worker with pid: 176
[2026-03-23 21:58:59 +0000] [179] [INFO] Booting worker with pid: 179
[2026-03-23 21:58:59 +0000] [175] [INFO] Started server process [175]
[2026-03-23 21:58:59 +0000] [175] [INFO] Waiting for application startup.
[2026-03-23 21:58:59 +0000] [175] [INFO] Application startup complete.
[2026-03-23 21:58:59 +0000] [176] [INFO] Started server process [176]
[2026-03-23 21:58:59 +0000] [176] [INFO] Waiting for application startup.
[2026-03-23 21:58:59 +0000] [176] [INFO] Application startup complete.
[2026-03-23 21:58:59 +0000] [180] [INFO] Booting worker with pid: 180
[2026-03-23 21:58:59 +0000] [181] [INFO] Booting worker with pid: 181
[2026-03-23 21:58:59 +0000] [179] [INFO] Started server process [179]
[2026-03-23 21:58:59 +0000] [179] [INFO] Waiting for application startup.
[2026-03-23 21:58:59 +0000] [179] [INFO] Application startup complete.
[2026-03-23 21:58:59 +0000] [181] [INFO] Started server process [181]
[2026-03-23 21:58:59 +0000] [181] [INFO] Waiting for application startup.
[2026-03-23 21:58:59 +0000] [181] [INFO] Application startup complete.
[2026-03-23 21:58:59 +0000] [180] [INFO] Started server process [180]
[2026-03-23 21:58:59 +0000] [180] [INFO] Waiting for application startup.
[2026-03-23 21:58:59 +0000] [180] [INFO] Application startup complete.
[2026-03-23 21:58:59 +0000] [185] [INFO] Booting worker with pid: 185
[2026-03-23 21:58:59 +0000] [187] [INFO] Booting worker with pid: 187
[2026-03-23 21:58:59 +0000] [185] [INFO] Started server process [185]
[2026-03-23 21:58:59 +0000] [185] [INFO] Waiting for application startup.
[2026-03-23 21:58:59 +0000] [185] [INFO] Application startup complete.
[2026-03-23 21:58:59 +0000] [188] [INFO] Booting worker with pid: 188
[2026-03-23 21:58:59 +0000] [189] [INFO] Booting worker with pid: 189
[2026-03-23 21:58:59 +0000] [187] [INFO] Started server process [187]
[2026-03-23 21:58:59 +0000] [187] [INFO] Waiting for application startup.
[2026-03-23 21:58:59 +0000] [187] [INFO] Application startup complete.
[2026-03-23 21:58:59 +0000] [189] [INFO] Started server process [189]
[2026-03-23 21:58:59 +0000] [189] [INFO] Waiting for application startup.
[2026-03-23 21:58:59 +0000] [189] [INFO] Application startup complete.
[2026-03-23 21:58:59 +0000] [193] [INFO] Booting worker with pid: 193
[2026-03-23 21:58:59 +0000] [188] [INFO] Started server process [188]
[2026-03-23 21:58:59 +0000] [188] [INFO] Waiting for application startup.
[2026-03-23 21:58:59 +0000] [188] [INFO] Application startup complete.
[2026-03-23 21:58:59 +0000] [193] [INFO] Started server process [193]
[2026-03-23 21:58:59 +0000] [193] [INFO] Waiting for application startup.
[2026-03-23 21:58:59 +0000] [193] [INFO] Application startup complete.
[2026-03-23 21:58:59 +0000] [195] [INFO] Booting worker with pid: 195
[2026-03-23 21:58:59 +0000] [196] [INFO] Booting worker with pid: 196
[2026-03-23 21:58:59 +0000] [195] [INFO] Started server process [195]
[2026-03-23 21:58:59 +0000] [195] [INFO] Waiting for application startup.
[2026-03-23 21:58:59 +0000] [195] [INFO] Application startup complete.
[2026-03-23 21:58:59 +0000] [198] [INFO] Booting worker with pid: 198
[2026-03-23 21:58:59 +0000] [196] [INFO] Started server process [196]
[2026-03-23 21:58:59 +0000] [196] [INFO] Waiting for application startup.
[2026-03-23 21:58:59 +0000] [196] [INFO] Application startup complete.
[2026-03-23 21:58:59 +0000] [201] [INFO] Booting worker with pid: 201
[2026-03-23 21:58:59 +0000] [198] [INFO] Started server process [198]
[2026-03-23 21:58:59 +0000] [198] [INFO] Waiting for application startup.
[2026-03-23 21:58:59 +0000] [198] [INFO] Application startup complete.
[2026-03-23 21:58:59 +0000] [202] [INFO] Booting worker with pid: 202
[2026-03-23 21:58:59 +0000] [203] [INFO] Booting worker with pid: 203
[2026-03-23 21:58:59 +0000] [201] [INFO] Started server process [201]
[2026-03-23 21:58:59 +0000] [201] [INFO] Waiting for application startup.
[2026-03-23 21:58:59 +0000] [201] [INFO] Application startup complete.
[2026-03-23 21:58:59 +0000] [207] [INFO] Booting worker with pid: 207
[2026-03-23 21:58:59 +0000] [202] [INFO] Started server process [202]
[2026-03-23 21:58:59 +0000] [202] [INFO] Waiting for application startup.
[2026-03-23 21:58:59 +0000] [202] [INFO] Application startup complete.
[2026-03-23 21:58:59 +0000] [203] [INFO] Started server process [203]
[2026-03-23 21:58:59 +0000] [203] [INFO] Waiting for application startup.
[2026-03-23 21:58:59 +0000] [203] [INFO] Application startup complete.
[2026-03-23 21:58:59 +0000] [209] [INFO] Booting worker with pid: 209
[2026-03-23 21:58:59 +0000] [207] [INFO] Started server process [207]
[2026-03-23 21:58:59 +0000] [207] [INFO] Waiting for application startup.
[2026-03-23 21:58:59 +0000] [207] [INFO] Application startup complete.
[2026-03-23 21:58:59 +0000] [209] [INFO] Started server process [209]
[2026-03-23 21:58:59 +0000] [209] [INFO] Waiting for application startup.
[2026-03-23 21:58:59 +0000] [209] [INFO] Application startup complete.
[2026-03-23 21:58:59 +0000] [211] [INFO] Booting worker with pid: 211
[2026-03-23 21:58:59 +0000] [211] [INFO] Started server process [211]
[2026-03-23 21:58:59 +0000] [211] [INFO] Waiting for application startup.
[2026-03-23 21:58:59 +0000] [211] [INFO] Application startup complete.
[2026-03-23 21:58:59 +0000] [213] [INFO] Booting worker with pid: 213
[2026-03-23 21:58:59 +0000] [214] [INFO] Booting worker with pid: 214
[2026-03-23 21:58:59 +0000] [213] [INFO] Started server process [213]
[2026-03-23 21:58:59 +0000] [213] [INFO] Waiting for application startup.
[2026-03-23 21:58:59 +0000] [213] [INFO] Application startup complete.
[2026-03-23 21:58:59 +0000] [217] [INFO] Booting worker with pid: 217
[2026-03-23 21:58:59 +0000] [214] [INFO] Started server process [214]
[2026-03-23 21:58:59 +0000] [214] [INFO] Waiting for application startup.
[2026-03-23 21:58:59 +0000] [214] [INFO] Application startup complete.
[2026-03-23 21:58:59 +0000] [217] [INFO] Started server process [217]
[2026-03-23 21:58:59 +0000] [217] [INFO] Waiting for application startup.
[2026-03-23 21:58:59 +0000] [217] [INFO] Application startup complete.
[2026-03-23 21:58:59 +0000] [219] [INFO] Booting worker with pid: 219
[2026-03-23 21:59:00 +0000] [219] [INFO] Started server process [219]
[2026-03-23 21:59:00 +0000] [219] [INFO] Waiting for application startup.
[2026-03-23 21:59:00 +0000] [219] [INFO] Application startup complete.
[2026-03-23 21:59:00 +0000] [221] [INFO] Booting worker with pid: 221
[2026-03-23 21:59:00 +0000] [222] [INFO] Booting worker with pid: 222
[2026-03-23 21:59:00 +0000] [221] [INFO] Started server process [221]
[2026-03-23 21:59:00 +0000] [221] [INFO] Waiting for application startup.
[2026-03-23 21:59:00 +0000] [221] [INFO] Application startup complete.
[2026-03-23 21:59:00 +0000] [222] [INFO] Started server process [222]
[2026-03-23 21:59:00 +0000] [222] [INFO] Waiting for application startup.
[2026-03-23 21:59:00 +0000] [222] [INFO] Application startup complete.
[2026-03-23 21:59:00 +0000] [225] [INFO] Booting worker with pid: 225
[2026-03-23 21:59:00 +0000] [225] [INFO] Started server process [225]
[2026-03-23 21:59:00 +0000] [225] [INFO] Waiting for application startup.
[2026-03-23 21:59:00 +0000] [225] [INFO] Application startup complete.
[2026-03-23 21:59:00 +0000] [227] [INFO] Booting worker with pid: 227
[2026-03-23 21:59:00 +0000] [229] [INFO] Booting worker with pid: 229
[2026-03-23 21:59:00 +0000] [227] [INFO] Started server process [227]
[2026-03-23 21:59:00 +0000] [227] [INFO] Waiting for application startup.
[2026-03-23 21:59:00 +0000] [227] [INFO] Application startup complete.
[2026-03-23 21:59:00 +0000] [229] [INFO] Started server process [229]
[2026-03-23 21:59:00 +0000] [229] [INFO] Waiting for application startup.
[2026-03-23 21:59:00 +0000] [229] [INFO] Application startup complete.
[2026-03-23 21:59:00 +0000] [231] [INFO] Booting worker with pid: 231
[2026-03-23 21:59:00 +0000] [231] [INFO] Started server process [231]
[2026-03-23 21:59:00 +0000] [231] [INFO] Waiting for application startup.
[2026-03-23 21:59:00 +0000] [231] [INFO] Application startup complete.
[2026-03-23 21:59:00 +0000] [233] [INFO] Booting worker with pid: 233
[2026-03-23 21:59:00 +0000] [233] [INFO] Started server process [233]
[2026-03-23 21:59:00 +0000] [233] [INFO] Waiting for application startup.
[2026-03-23 21:59:00 +0000] [233] [INFO] Application startup complete.
[2026-03-23 21:59:00 +0000] [235] [INFO] Booting worker with pid: 235
[2026-03-23 21:59:00 +0000] [235] [INFO] Started server process [235]
[2026-03-23 21:59:00 +0000] [235] [INFO] Waiting for application startup.
[2026-03-23 21:59:00 +0000] [235] [INFO] Application startup complete.
[2026-03-23 21:59:00 +0000] [237] [INFO] Booting worker with pid: 237
[2026-03-23 21:59:00 +0000] [237] [INFO] Started server process [237]
[2026-03-23 21:59:00 +0000] [237] [INFO] Waiting for application startup.
[2026-03-23 21:59:00 +0000] [237] [INFO] Application startup complete.
[2026-03-23 21:59:00 +0000] [239] [INFO] Booting worker with pid: 239
[2026-03-23 21:59:00 +0000] [239] [INFO] Started server process [239]
[2026-03-23 21:59:00 +0000] [239] [INFO] Waiting for application startup.
[2026-03-23 21:59:00 +0000] [239] [INFO] Application startup complete.
[2026-03-23 21:59:00 +0000] [241] [INFO] Booting worker with pid: 241
[2026-03-23 21:59:00 +0000] [241] [INFO] Started server process [241]
[2026-03-23 21:59:00 +0000] [241] [INFO] Waiting for application startup.
[2026-03-23 21:59:00 +0000] [241] [INFO] Application startup complete.
[2026-03-23 21:59:00 +0000] [243] [INFO] Booting worker with pid: 243
[2026-03-23 21:59:00 +0000] [244] [INFO] Booting worker with pid: 244
[2026-03-23 21:59:00 +0000] [243] [INFO] Started server process [243]
[2026-03-23 21:59:00 +0000] [243] [INFO] Waiting for application startup.
[2026-03-23 21:59:00 +0000] [243] [INFO] Application startup complete.
[2026-03-23 21:59:01 +0000] [246] [INFO] Booting worker with pid: 246
[2026-03-23 21:59:01 +0000] [244] [INFO] Started server process [244]
[2026-03-23 21:59:01 +0000] [244] [INFO] Waiting for application startup.
[2026-03-23 21:59:01 +0000] [244] [INFO] Application startup complete.
[2026-03-23 21:59:01 +0000] [246] [INFO] Started server process [246]
[2026-03-23 21:59:01 +0000] [246] [INFO] Waiting for application startup.
[2026-03-23 21:59:01 +0000] [246] [INFO] Application startup complete.
[2026-03-23 21:59:01 +0000] [249] [INFO] Booting worker with pid: 249
[2026-03-23 21:59:01 +0000] [249] [INFO] Started server process [249]
[2026-03-23 21:59:01 +0000] [249] [INFO] Waiting for application startup.
[2026-03-23 21:59:01 +0000] [249] [INFO] Application startup complete.
[2026-03-23 21:59:01 +0000] [251] [INFO] Booting worker with pid: 251
[2026-03-23 21:59:01 +0000] [252] [INFO] Booting worker with pid: 252
[2026-03-23 21:59:01 +0000] [254] [INFO] Booting worker with pid: 254
[2026-03-23 21:59:01 +0000] [251] [INFO] Started server process [251]
[2026-03-23 21:59:01 +0000] [251] [INFO] Waiting for application startup.
[2026-03-23 21:59:01 +0000] [251] [INFO] Application startup complete.
[2026-03-23 21:59:01 +0000] [256] [INFO] Booting worker with pid: 256
[2026-03-23 21:59:01 +0000] [252] [INFO] Started server process [252]
[2026-03-23 21:59:01 +0000] [252] [INFO] Waiting for application startup.
[2026-03-23 21:59:01 +0000] [252] [INFO] Application startup complete.
[2026-03-23 21:59:01 +0000] [254] [INFO] Started server process [254]
[2026-03-23 21:59:01 +0000] [254] [INFO] Waiting for application startup.
[2026-03-23 21:59:01 +0000] [254] [INFO] Application startup complete.
[2026-03-23 21:59:01 +0000] [256] [INFO] Started server process [256]
[2026-03-23 21:59:01 +0000] [256] [INFO] Waiting for application startup.
[2026-03-23 21:59:01 +0000] [256] [INFO] Application startup complete.
[2026-03-23 21:59:01 +0000] [259] [INFO] Booting worker with pid: 259
[2026-03-23 21:59:01 +0000] [259] [INFO] Started server process [259]
[2026-03-23 21:59:01 +0000] [259] [INFO] Waiting for application startup.
[2026-03-23 21:59:01 +0000] [259] [INFO] Application startup complete.
[2026-03-23 21:59:01 +0000] [261] [INFO] Booting worker with pid: 261
[2026-03-23 21:59:01 +0000] [262] [INFO] Booting worker with pid: 262
[2026-03-23 21:59:01 +0000] [261] [INFO] Started server process [261]
[2026-03-23 21:59:01 +0000] [261] [INFO] Waiting for application startup.
[2026-03-23 21:59:01 +0000] [261] [INFO] Application startup complete.
[2026-03-23 21:59:01 +0000] [262] [INFO] Started server process [262]
[2026-03-23 21:59:01 +0000] [262] [INFO] Waiting for application startup.
[2026-03-23 21:59:01 +0000] [262] [INFO] Application startup complete.
[2026-03-23 21:59:01 +0000] [265] [INFO] Booting worker with pid: 265
[2026-03-23 21:59:01 +0000] [266] [INFO] Booting worker with pid: 266
[2026-03-23 21:59:01 +0000] [268] [INFO] Booting worker with pid: 268
[2026-03-23 21:59:01 +0000] [269] [INFO] Booting worker with pid: 269
[2026-03-23 21:59:01 +0000] [265] [INFO] Started server process [265]
[2026-03-23 21:59:01 +0000] [265] [INFO] Waiting for application startup.
[2026-03-23 21:59:01 +0000] [265] [INFO] Application startup complete.
[2026-03-23 21:59:01 +0000] [266] [INFO] Started server process [266]
[2026-03-23 21:59:01 +0000] [266] [INFO] Waiting for application startup.
[2026-03-23 21:59:01 +0000] [266] [INFO] Application startup complete.
[2026-03-23 21:59:01 +0000] [268] [INFO] Started server process [268]
[2026-03-23 21:59:01 +0000] [268] [INFO] Waiting for application startup.
[2026-03-23 21:59:01 +0000] [268] [INFO] Application startup complete.
[2026-03-23 21:59:01 +0000] [269] [INFO] Started server process [269]
[2026-03-23 21:59:01 +0000] [269] [INFO] Waiting for application startup.
[2026-03-23 21:59:01 +0000] [269] [INFO] Application startup complete.
[2026-03-23 21:59:01 +0000] [273] [INFO] Booting worker with pid: 273
[2026-03-23 21:59:01 +0000] [274] [INFO] Booting worker with pid: 274
[2026-03-23 21:59:01 +0000] [275] [INFO] Booting worker with pid: 275
[2026-03-23 21:59:01 +0000] [273] [INFO] Started server process [273]
[2026-03-23 21:59:01 +0000] [273] [INFO] Waiting for application startup.
[2026-03-23 21:59:01 +0000] [273] [INFO] Application startup complete.
[2026-03-23 21:59:01 +0000] [274] [INFO] Started server process [274]
[2026-03-23 21:59:01 +0000] [274] [INFO] Waiting for application startup.
[2026-03-23 21:59:01 +0000] [274] [INFO] Application startup complete.
[2026-03-23 21:59:01 +0000] [279] [INFO] Booting worker with pid: 279
[2026-03-23 21:59:01 +0000] [275] [INFO] Started server process [275]
[2026-03-23 21:59:01 +0000] [275] [INFO] Waiting for application startup.
[2026-03-23 21:59:01 +0000] [275] [INFO] Application startup complete.
[2026-03-23 21:59:01 +0000] [280] [INFO] Booting worker with pid: 280
[2026-03-23 21:59:01 +0000] [279] [INFO] Started server process [279]
[2026-03-23 21:59:01 +0000] [279] [INFO] Waiting for application startup.
[2026-03-23 21:59:01 +0000] [279] [INFO] Application startup complete.
[2026-03-23 21:59:01 +0000] [280] [INFO] Started server process [280]
[2026-03-23 21:59:01 +0000] [280] [INFO] Waiting for application startup.
[2026-03-23 21:59:01 +0000] [280] [INFO] Application startup complete.
[2026-03-23 21:59:01 +0000] [283] [INFO] Booting worker with pid: 283
[2026-03-23 21:59:01 +0000] [284] [INFO] Booting worker with pid: 284
[2026-03-23 21:59:01 +0000] [285] [INFO] Booting worker with pid: 285
[2026-03-23 21:59:01 +0000] [283] [INFO] Started server process [283]
[2026-03-23 21:59:01 +0000] [283] [INFO] Waiting for application startup.
[2026-03-23 21:59:01 +0000] [283] [INFO] Application startup complete.
[2026-03-23 21:59:01 +0000] [288] [INFO] Booting worker with pid: 288
[2026-03-23 21:59:01 +0000] [284] [INFO] Started server process [284]
[2026-03-23 21:59:01 +0000] [284] [INFO] Waiting for application startup.
[2026-03-23 21:59:01 +0000] [284] [INFO] Application startup complete.
[2026-03-23 21:59:01 +0000] [285] [INFO] Started server process [285]
[2026-03-23 21:59:01 +0000] [285] [INFO] Waiting for application startup.
[2026-03-23 21:59:01 +0000] [285] [INFO] Application startup complete.
[2026-03-23 21:59:02 +0000] [288] [INFO] Started server process [288]
[2026-03-23 21:59:02 +0000] [288] [INFO] Waiting for application startup.
[2026-03-23 21:59:02 +0000] [288] [INFO] Application startup complete.
[2026-03-23 21:59:02 +0000] [291] [INFO] Booting worker with pid: 291
[2026-03-23 21:59:02 +0000] [291] [INFO] Started server process [291]
[2026-03-23 21:59:02 +0000] [291] [INFO] Waiting for application startup.
[2026-03-23 21:59:02 +0000] [291] [INFO] Application startup complete.
[2026-03-23 21:59:02 +0000] [293] [INFO] Booting worker with pid: 293
[2026-03-23 21:59:02 +0000] [294] [INFO] Booting worker with pid: 294
[2026-03-23 21:59:02 +0000] [295] [INFO] Booting worker with pid: 295
[2026-03-23 21:59:02 +0000] [293] [INFO] Started server process [293]
[2026-03-23 21:59:02 +0000] [293] [INFO] Waiting for application startup.
[2026-03-23 21:59:02 +0000] [293] [INFO] Application startup complete.
[2026-03-23 21:59:02 +0000] [294] [INFO] Started server process [294]
[2026-03-23 21:59:02 +0000] [294] [INFO] Waiting for application startup.
[2026-03-23 21:59:02 +0000] [294] [INFO] Application startup complete.
[2026-03-23 21:59:02 +0000] [295] [INFO] Started server process [295]
[2026-03-23 21:59:02 +0000] [295] [INFO] Waiting for application startup.
[2026-03-23 21:59:02 +0000] [295] [INFO] Application startup complete.
[2026-03-23 21:59:02 +0000] [299] [INFO] Booting worker with pid: 299
[2026-03-23 21:59:02 +0000] [301] [INFO] Booting worker with pid: 301
[2026-03-23 21:59:02 +0000] [299] [INFO] Started server process [299]
[2026-03-23 21:59:02 +0000] [299] [INFO] Waiting for application startup.
[2026-03-23 21:59:02 +0000] [299] [INFO] Application startup complete.
[2026-03-23 21:59:02 +0000] [302] [INFO] Booting worker with pid: 302
[2026-03-23 21:59:02 +0000] [301] [INFO] Started server process [301]
[2026-03-23 21:59:02 +0000] [301] [INFO] Waiting for application startup.
[2026-03-23 21:59:02 +0000] [301] [INFO] Application startup complete.
[2026-03-23 21:59:02 +0000] [302] [INFO] Started server process [302]
[2026-03-23 21:59:02 +0000] [302] [INFO] Waiting for application startup.
[2026-03-23 21:59:02 +0000] [302] [INFO] Application startup complete.
[2026-03-23 21:59:02 +0000] [305] [INFO] Booting worker with pid: 305
[2026-03-23 21:59:02 +0000] [306] [INFO] Booting worker with pid: 306
[2026-03-23 21:59:02 +0000] [305] [INFO] Started server process [305]
[2026-03-23 21:59:02 +0000] [305] [INFO] Waiting for application startup.
[2026-03-23 21:59:02 +0000] [305] [INFO] Application startup complete.
[2026-03-23 21:59:02 +0000] [308] [INFO] Booting worker with pid: 308
[2026-03-23 21:59:02 +0000] [309] [INFO] Booting worker with pid: 309
[2026-03-23 21:59:02 +0000] [306] [INFO] Started server process [306]
[2026-03-23 21:59:02 +0000] [306] [INFO] Waiting for application startup.
[2026-03-23 21:59:02 +0000] [306] [INFO] Application startup complete.
[2026-03-23 21:59:02 +0000] [308] [INFO] Started server process [308]
[2026-03-23 21:59:02 +0000] [308] [INFO] Waiting for application startup.
[2026-03-23 21:59:02 +0000] [308] [INFO] Application startup complete.
[2026-03-23 21:59:02 +0000] [313] [INFO] Booting worker with pid: 313
[2026-03-23 21:59:02 +0000] [309] [INFO] Started server process [309]
[2026-03-23 21:59:02 +0000] [309] [INFO] Waiting for application startup.
[2026-03-23 21:59:02 +0000] [309] [INFO] Application startup complete.
[2026-03-23 21:59:02 +0000] [314] [INFO] Booting worker with pid: 314
[2026-03-23 21:59:02 +0000] [313] [INFO] Started server process [313]
[2026-03-23 21:59:02 +0000] [313] [INFO] Waiting for application startup.
[2026-03-23 21:59:02 +0000] [313] [INFO] Application startup complete.
[2026-03-23 21:59:02 +0000] [314] [INFO] Started server process [314]
[2026-03-23 21:59:02 +0000] [314] [INFO] Waiting for application startup.
[2026-03-23 21:59:02 +0000] [314] [INFO] Application startup complete.
[2026-03-23 21:59:02 +0000] [317] [INFO] Booting worker with pid: 317
[2026-03-23 21:59:02 +0000] [318] [INFO] Booting worker with pid: 318
[2026-03-23 21:59:02 +0000] [319] [INFO] Booting worker with pid: 319
[2026-03-23 21:59:02 +0000] [317] [INFO] Started server process [317]
[2026-03-23 21:59:02 +0000] [317] [INFO] Waiting for application startup.
[2026-03-23 21:59:02 +0000] [317] [INFO] Application startup complete.
[2026-03-23 21:59:02 +0000] [318] [INFO] Started server process [318]
[2026-03-23 21:59:02 +0000] [318] [INFO] Waiting for application startup.
[2026-03-23 21:59:02 +0000] [318] [INFO] Application startup complete.
[2026-03-23 21:59:02 +0000] [319] [INFO] Started server process [319]
[2026-03-23 21:59:02 +0000] [319] [INFO] Waiting for application startup.
[2026-03-23 21:59:02 +0000] [319] [INFO] Application startup complete.
[2026-03-23 21:59:02 +0000] [323] [INFO] Booting worker with pid: 323
[2026-03-23 21:59:02 +0000] [324] [INFO] Booting worker with pid: 324
[2026-03-23 21:59:02 +0000] [325] [INFO] Booting worker with pid: 325
[2026-03-23 21:59:02 +0000] [323] [INFO] Started server process [323]
[2026-03-23 21:59:02 +0000] [323] [INFO] Waiting for application startup.
[2026-03-23 21:59:02 +0000] [323] [INFO] Application startup complete.
[2026-03-23 21:59:03 +0000] [327] [INFO] Booting worker with pid: 327
[2026-03-23 21:59:03 +0000] [325] [INFO] Started server process [325]
[2026-03-23 21:59:03 +0000] [325] [INFO] Waiting for application startup.
[2026-03-23 21:59:03 +0000] [325] [INFO] Application startup complete.
[2026-03-23 21:59:03 +0000] [329] [INFO] Booting worker with pid: 329
[2026-03-23 21:59:03 +0000] [331] [INFO] Booting worker with pid: 331
[2026-03-23 21:59:03 +0000] [324] [INFO] Started server process [324]
[2026-03-23 21:59:03 +0000] [324] [INFO] Waiting for application startup.
[2026-03-23 21:59:03 +0000] [324] [INFO] Application startup complete.
[2026-03-23 21:59:03 +0000] [332] [INFO] Booting worker with pid: 332
[2026-03-23 21:59:03 +0000] [329] [INFO] Started server process [329]
[2026-03-23 21:59:03 +0000] [329] [INFO] Waiting for application startup.
[2026-03-23 21:59:03 +0000] [329] [INFO] Application startup complete.
[2026-03-23 21:59:03 +0000] [335] [INFO] Booting worker with pid: 335
[2026-03-23 21:59:03 +0000] [331] [INFO] Started server process [331]
[2026-03-23 21:59:03 +0000] [331] [INFO] Waiting for application startup.
[2026-03-23 21:59:03 +0000] [331] [INFO] Application startup complete.
[2026-03-23 21:59:03 +0000] [336] [INFO] Booting worker with pid: 336
[2026-03-23 21:59:03 +0000] [339] [INFO] Booting worker with pid: 339
[2026-03-23 21:59:03 +0000] [332] [INFO] Started server process [332]
[2026-03-23 21:59:03 +0000] [332] [INFO] Waiting for application startup.
[2026-03-23 21:59:03 +0000] [332] [INFO] Application startup complete.
[2026-03-23 21:59:03 +0000] [327] [INFO] Started server process [327]
[2026-03-23 21:59:03 +0000] [327] [INFO] Waiting for application startup.
[2026-03-23 21:59:03 +0000] [327] [INFO] Application startup complete.
[2026-03-23 21:59:03 +0000] [340] [INFO] Booting worker with pid: 340
[2026-03-23 21:59:03 +0000] [342] [INFO] Booting worker with pid: 342
[2026-03-23 21:59:03 +0000] [343] [INFO] Booting worker with pid: 343
[2026-03-23 21:59:03 +0000] [335] [INFO] Started server process [335]
[2026-03-23 21:59:03 +0000] [335] [INFO] Waiting for application startup.
[2026-03-23 21:59:03 +0000] [335] [INFO] Application startup complete.
[2026-03-23 21:59:03 +0000] [340] [INFO] Started server process [340]
[2026-03-23 21:59:03 +0000] [340] [INFO] Waiting for application startup.
[2026-03-23 21:59:03 +0000] [340] [INFO] Application startup complete.
[2026-03-23 21:59:03 +0000] [345] [INFO] Booting worker with pid: 345
[2026-03-23 21:59:03 +0000] [347] [INFO] Booting worker with pid: 347
[2026-03-23 21:59:03 +0000] [343] [INFO] Started server process [343]
[2026-03-23 21:59:03 +0000] [343] [INFO] Waiting for application startup.
[2026-03-23 21:59:03 +0000] [343] [INFO] Application startup complete.
[2026-03-23 21:59:03 +0000] [351] [INFO] Booting worker with pid: 351
[2026-03-23 21:59:03 +0000] [345] [INFO] Started server process [345]
[2026-03-23 21:59:03 +0000] [345] [INFO] Waiting for application startup.
[2026-03-23 21:59:03 +0000] [345] [INFO] Application startup complete.
[2026-03-23 21:59:03 +0000] [342] [INFO] Started server process [342]
[2026-03-23 21:59:03 +0000] [342] [INFO] Waiting for application startup.
[2026-03-23 21:59:03 +0000] [342] [INFO] Application startup complete.
[2026-03-23 21:59:03 +0000] [347] [INFO] Started server process [347]
[2026-03-23 21:59:03 +0000] [347] [INFO] Waiting for application startup.
[2026-03-23 21:59:03 +0000] [347] [INFO] Application startup complete.
[2026-03-23 21:59:03 +0000] [355] [INFO] Booting worker with pid: 355
[2026-03-23 21:59:03 +0000] [351] [INFO] Started server process [351]
[2026-03-23 21:59:03 +0000] [351] [INFO] Waiting for application startup.
[2026-03-23 21:59:03 +0000] [351] [INFO] Application startup complete.
[2026-03-23 21:59:03 +0000] [339] [INFO] Started server process [339]
[2026-03-23 21:59:03 +0000] [339] [INFO] Waiting for application startup.
[2026-03-23 21:59:03 +0000] [339] [INFO] Application startup complete.
[2026-03-23 21:59:03 +0000] [336] [INFO] Started server process [336]
[2026-03-23 21:59:03 +0000] [336] [INFO] Waiting for application startup.
[2026-03-23 21:59:03 +0000] [336] [INFO] Application startup complete.
[2026-03-23 21:59:03 +0000] [356] [INFO] Booting worker with pid: 356
[2026-03-23 21:59:03 +0000] [355] [INFO] Started server process [355]
[2026-03-23 21:59:03 +0000] [355] [INFO] Waiting for application startup.
[2026-03-23 21:59:03 +0000] [355] [INFO] Application startup complete.
[2026-03-23 21:59:03 +0000] [358] [INFO] Booting worker with pid: 358
[2026-03-23 21:59:04 +0000] [356] [INFO] Started server process [356]
[2026-03-23 21:59:04 +0000] [356] [INFO] Waiting for application startup.
[2026-03-23 21:59:04 +0000] [356] [INFO] Application startup complete.
[2026-03-23 21:59:04 +0000] [360] [INFO] Booting worker with pid: 360
[2026-03-23 21:59:04 +0000] [361] [INFO] Booting worker with pid: 361
[2026-03-23 21:59:04 +0000] [360] [INFO] Started server process [360]
[2026-03-23 21:59:04 +0000] [360] [INFO] Waiting for application startup.
[2026-03-23 21:59:04 +0000] [360] [INFO] Application startup complete.
[2026-03-23 21:59:04 +0000] [363] [INFO] Booting worker with pid: 363
[2026-03-23 21:59:04 +0000] [358] [INFO] Started server process [358]
[2026-03-23 21:59:04 +0000] [358] [INFO] Waiting for application startup.
[2026-03-23 21:59:04 +0000] [358] [INFO] Application startup complete.
[2026-03-23 21:59:04 +0000] [366] [INFO] Booting worker with pid: 366
[2026-03-23 21:59:04 +0000] [363] [INFO] Started server process [363]
[2026-03-23 21:59:04 +0000] [363] [INFO] Waiting for application startup.
[2026-03-23 21:59:04 +0000] [363] [INFO] Application startup complete.
[2026-03-23 21:59:04 +0000] [368] [INFO] Booting worker with pid: 368
[2026-03-23 21:59:04 +0000] [361] [INFO] Started server process [361]
[2026-03-23 21:59:04 +0000] [361] [INFO] Waiting for application startup.
[2026-03-23 21:59:04 +0000] [361] [INFO] Application startup complete.
[2026-03-23 21:59:04 +0000] [369] [INFO] Booting worker with pid: 369
[2026-03-23 21:59:04 +0000] [371] [INFO] Booting worker with pid: 371
[2026-03-23 21:59:04 +0000] [366] [INFO] Started server process [366]
[2026-03-23 21:59:04 +0000] [366] [INFO] Waiting for application startup.
[2026-03-23 21:59:04 +0000] [366] [INFO] Application startup complete.
[2026-03-23 21:59:04 +0000] [373] [INFO] Booting worker with pid: 373
[2026-03-23 21:59:04 +0000] [368] [INFO] Started server process [368]
[2026-03-23 21:59:04 +0000] [368] [INFO] Waiting for application startup.
[2026-03-23 21:59:04 +0000] [368] [INFO] Application startup complete.
[2026-03-23 21:59:04 +0000] [374] [INFO] Booting worker with pid: 374
[2026-03-23 21:59:04 +0000] [375] [INFO] Booting worker with pid: 375
[2026-03-23 21:59:04 +0000] [378] [INFO] Booting worker with pid: 378
[2026-03-23 21:59:04 +0000] [371] [INFO] Started server process [371]
[2026-03-23 21:59:04 +0000] [371] [INFO] Waiting for application startup.
[2026-03-23 21:59:04 +0000] [371] [INFO] Application startup complete.
[2026-03-23 21:59:04 +0000] [373] [INFO] Started server process [373]
[2026-03-23 21:59:04 +0000] [373] [INFO] Waiting for application startup.
[2026-03-23 21:59:04 +0000] [373] [INFO] Application startup complete.
[2026-03-23 21:59:04 +0000] [369] [INFO] Started server process [369]
[2026-03-23 21:59:04 +0000] [369] [INFO] Waiting for application startup.
[2026-03-23 21:59:04 +0000] [369] [INFO] Application startup complete.
[2026-03-23 21:59:04 +0000] [380] [INFO] Booting worker with pid: 380
[2026-03-23 21:59:04 +0000] [375] [INFO] Started server process [375]
[2026-03-23 21:59:04 +0000] [375] [INFO] Waiting for application startup.
[2026-03-23 21:59:04 +0000] [375] [INFO] Application startup complete.
[2026-03-23 21:59:04 +0000] [383] [INFO] Booting worker with pid: 383
[2026-03-23 21:59:04 +0000] [378] [INFO] Started server process [378]
[2026-03-23 21:59:04 +0000] [378] [INFO] Waiting for application startup.
[2026-03-23 21:59:04 +0000] [378] [INFO] Application startup complete.
[2026-03-23 21:59:04 +0000] [384] [INFO] Booting worker with pid: 384
[2026-03-23 21:59:04 +0000] [380] [INFO] Started server process [380]
[2026-03-23 21:59:04 +0000] [380] [INFO] Waiting for application startup.
[2026-03-23 21:59:04 +0000] [380] [INFO] Application startup complete.
[2026-03-23 21:59:04 +0000] [387] [INFO] Booting worker with pid: 387
[2026-03-23 21:59:04 +0000] [374] [INFO] Started server process [374]
[2026-03-23 21:59:04 +0000] [374] [INFO] Waiting for application startup.
[2026-03-23 21:59:04 +0000] [374] [INFO] Application startup complete.
[2026-03-23 21:59:04 +0000] [383] [INFO] Started server process [383]
[2026-03-23 21:59:04 +0000] [383] [INFO] Waiting for application startup.
[2026-03-23 21:59:04 +0000] [383] [INFO] Application startup complete.
[2026-03-23 21:59:04 +0000] [390] [INFO] Booting worker with pid: 390
[2026-03-23 21:59:04 +0000] [384] [INFO] Started server process [384]
[2026-03-23 21:59:04 +0000] [384] [INFO] Waiting for application startup.
[2026-03-23 21:59:04 +0000] [384] [INFO] Application startup complete.
[2026-03-23 21:59:05 +0000] [391] [INFO] Booting worker with pid: 391
[2026-03-23 21:59:05 +0000] [387] [INFO] Started server process [387]
[2026-03-23 21:59:05 +0000] [387] [INFO] Waiting for application startup.
[2026-03-23 21:59:05 +0000] [387] [INFO] Application startup complete.
[2026-03-23 21:59:05 +0000] [393] [INFO] Booting worker with pid: 393
[2026-03-23 21:59:05 +0000] [394] [INFO] Booting worker with pid: 394
[2026-03-23 21:59:05 +0000] [395] [INFO] Booting worker with pid: 395
[2026-03-23 21:59:05 +0000] [398] [INFO] Booting worker with pid: 398
[2026-03-23 21:59:05 +0000] [391] [INFO] Started server process [391]
[2026-03-23 21:59:05 +0000] [391] [INFO] Waiting for application startup.
[2026-03-23 21:59:05 +0000] [391] [INFO] Application startup complete.
[2026-03-23 21:59:05 +0000] [399] [INFO] Booting worker with pid: 399
[2026-03-23 21:59:05 +0000] [390] [INFO] Started server process [390]
[2026-03-23 21:59:05 +0000] [390] [INFO] Waiting for application startup.
[2026-03-23 21:59:05 +0000] [390] [INFO] Application startup complete.
[2026-03-23 21:59:05 +0000] [400] [INFO] Booting worker with pid: 400
[2026-03-23 21:59:05 +0000] [401] [INFO] Booting worker with pid: 401
[2026-03-23 21:59:05 +0000] [394] [INFO] Started server process [394]
[2026-03-23 21:59:05 +0000] [394] [INFO] Waiting for application startup.
[2026-03-23 21:59:05 +0000] [394] [INFO] Application startup complete.
[2026-03-23 21:59:05 +0000] [404] [INFO] Booting worker with pid: 404
[2026-03-23 21:59:05 +0000] [393] [INFO] Started server process [393]
[2026-03-23 21:59:05 +0000] [393] [INFO] Waiting for application startup.
[2026-03-23 21:59:05 +0000] [393] [INFO] Application startup complete.
[2026-03-23 21:59:05 +0000] [407] [INFO] Booting worker with pid: 407
[2026-03-23 21:59:05 +0000] [399] [INFO] Started server process [399]
[2026-03-23 21:59:05 +0000] [399] [INFO] Waiting for application startup.
[2026-03-23 21:59:05 +0000] [395] [INFO] Started server process [395]
[2026-03-23 21:59:05 +0000] [399] [INFO] Application startup complete.
[2026-03-23 21:59:05 +0000] [395] [INFO] Waiting for application startup.
[2026-03-23 21:59:05 +0000] [395] [INFO] Application startup complete.
[2026-03-23 21:59:05 +0000] [398] [INFO] Started server process [398]
[2026-03-23 21:59:05 +0000] [398] [INFO] Waiting for application startup.
[2026-03-23 21:59:05 +0000] [398] [INFO] Application startup complete.
[2026-03-23 21:59:05 +0000] [400] [INFO] Started server process [400]
[2026-03-23 21:59:05 +0000] [400] [INFO] Waiting for application startup.
[2026-03-23 21:59:05 +0000] [400] [INFO] Application startup complete.
[2026-03-23 21:59:05 +0000] [411] [INFO] Booting worker with pid: 411
[2026-03-23 21:59:05 +0000] [412] [INFO] Booting worker with pid: 412
[2026-03-23 21:59:05 +0000] [401] [INFO] Started server process [401]
[2026-03-23 21:59:05 +0000] [401] [INFO] Waiting for application startup.
[2026-03-23 21:59:05 +0000] [401] [INFO] Application startup complete.
[2026-03-23 21:59:05 +0000] [407] [INFO] Started server process [407]
[2026-03-23 21:59:05 +0000] [407] [INFO] Waiting for application startup.
[2026-03-23 21:59:05 +0000] [407] [INFO] Application startup complete.
[2026-03-23 21:59:05 +0000] [414] [INFO] Booting worker with pid: 414
[2026-03-23 21:59:05 +0000] [411] [INFO] Started server process [411]
[2026-03-23 21:59:05 +0000] [411] [INFO] Waiting for application startup.
[2026-03-23 21:59:05 +0000] [411] [INFO] Application startup complete.
[2026-03-23 21:59:05 +0000] [404] [INFO] Started server process [404]
[2026-03-23 21:59:05 +0000] [404] [INFO] Waiting for application startup.
[2026-03-23 21:59:05 +0000] [404] [INFO] Application startup complete.
[2026-03-23 21:59:05 +0000] [417] [INFO] Booting worker with pid: 417
[2026-03-23 21:59:05 +0000] [418] [INFO] Booting worker with pid: 418
[2026-03-23 21:59:05 +0000] [412] [INFO] Started server process [412]
[2026-03-23 21:59:05 +0000] [412] [INFO] Waiting for application startup.
[2026-03-23 21:59:05 +0000] [412] [INFO] Application startup complete.
[2026-03-23 21:59:05 +0000] [421] [INFO] Booting worker with pid: 421
[2026-03-23 21:59:05 +0000] [414] [INFO] Started server process [414]
[2026-03-23 21:59:05 +0000] [414] [INFO] Waiting for application startup.
[2026-03-23 21:59:05 +0000] [422] [INFO] Booting worker with pid: 422
[2026-03-23 21:59:05 +0000] [414] [INFO] Application startup complete.
[2026-03-23 21:59:05 +0000] [423] [INFO] Booting worker with pid: 423
[2026-03-23 21:59:05 +0000] [425] [INFO] Booting worker with pid: 425
[2026-03-23 21:59:05 +0000] [426] [INFO] Booting worker with pid: 426
[2026-03-23 21:59:05 +0000] [418] [INFO] Started server process [418]
[2026-03-23 21:59:05 +0000] [418] [INFO] Waiting for application startup.
[2026-03-23 21:59:05 +0000] [418] [INFO] Application startup complete.
[2026-03-23 21:59:05 +0000] [417] [INFO] Started server process [417]
[2026-03-23 21:59:05 +0000] [417] [INFO] Waiting for application startup.
[2026-03-23 21:59:05 +0000] [417] [INFO] Application startup complete.
[2026-03-23 21:59:05 +0000] [421] [INFO] Started server process [421]
[2026-03-23 21:59:05 +0000] [421] [INFO] Waiting for application startup.
[2026-03-23 21:59:05 +0000] [421] [INFO] Application startup complete.
[2026-03-23 21:59:05 +0000] [429] [INFO] Booting worker with pid: 429
[2026-03-23 21:59:05 +0000] [430] [INFO] Booting worker with pid: 430
[2026-03-23 21:59:05 +0000] [433] [INFO] Booting worker with pid: 433
[2026-03-23 21:59:05 +0000] [425] [INFO] Started server process [425]
[2026-03-23 21:59:05 +0000] [425] [INFO] Waiting for application startup.
[2026-03-23 21:59:05 +0000] [425] [INFO] Application startup complete.
[2026-03-23 21:59:06 +0000] [422] [INFO] Started server process [422]
[2026-03-23 21:59:06 +0000] [422] [INFO] Waiting for application startup.
[2026-03-23 21:59:06 +0000] [422] [INFO] Application startup complete.
[2026-03-23 21:59:06 +0000] [423] [INFO] Started server process [423]
[2026-03-23 21:59:06 +0000] [423] [INFO] Waiting for application startup.
[2026-03-23 21:59:06 +0000] [423] [INFO] Application startup complete.
[2026-03-23 21:59:06 +0000] [436] [INFO] Booting worker with pid: 436
[2026-03-23 21:59:06 +0000] [430] [INFO] Started server process [430]
[2026-03-23 21:59:06 +0000] [430] [INFO] Waiting for application startup.
[2026-03-23 21:59:06 +0000] [430] [INFO] Application startup complete.
[2026-03-23 21:59:06 +0000] [429] [INFO] Started server process [429]
[2026-03-23 21:59:06 +0000] [429] [INFO] Waiting for application startup.
[2026-03-23 21:59:06 +0000] [429] [INFO] Application startup complete.
[2026-03-23 21:59:06 +0000] [440] [INFO] Booting worker with pid: 440
[2026-03-23 21:59:06 +0000] [426] [INFO] Started server process [426]
[2026-03-23 21:59:06 +0000] [426] [INFO] Waiting for application startup.
[2026-03-23 21:59:06 +0000] [426] [INFO] Application startup complete.
[2026-03-23 21:59:06 +0000] [433] [INFO] Started server process [433]
[2026-03-23 21:59:06 +0000] [433] [INFO] Waiting for application startup.
[2026-03-23 21:59:06 +0000] [433] [INFO] Application startup complete.
[2026-03-23 21:59:06 +0000] [441] [INFO] Booting worker with pid: 441
[2026-03-23 21:59:06 +0000] [442] [INFO] Booting worker with pid: 442
[2026-03-23 21:59:06 +0000] [444] [INFO] Booting worker with pid: 444
[2026-03-23 21:59:06 +0000] [440] [INFO] Started server process [440]
[2026-03-23 21:59:06 +0000] [440] [INFO] Waiting for application startup.
[2026-03-23 21:59:06 +0000] [440] [INFO] Application startup complete.
[2026-03-23 21:59:06 +0000] [445] [INFO] Booting worker with pid: 445
[2026-03-23 21:59:06 +0000] [436] [INFO] Started server process [436]
[2026-03-23 21:59:06 +0000] [436] [INFO] Waiting for application startup.
[2026-03-23 21:59:06 +0000] [436] [INFO] Application startup complete.
[2026-03-23 21:59:06 +0000] [447] [INFO] Booting worker with pid: 447
[2026-03-23 21:59:06 +0000] [445] [INFO] Started server process [445]
[2026-03-23 21:59:06 +0000] [445] [INFO] Waiting for application startup.
[2026-03-23 21:59:06 +0000] [445] [INFO] Application startup complete.
[2026-03-23 21:59:06 +0000] [451] [INFO] Booting worker with pid: 451
[2026-03-23 21:59:06 +0000] [441] [INFO] Started server process [441]
[2026-03-23 21:59:06 +0000] [441] [INFO] Waiting for application startup.
[2026-03-23 21:59:06 +0000] [441] [INFO] Application startup complete.
[2026-03-23 21:59:06 +0000] [442] [INFO] Started server process [442]
[2026-03-23 21:59:06 +0000] [442] [INFO] Waiting for application startup.
[2026-03-23 21:59:06 +0000] [442] [INFO] Application startup complete.
[2026-03-23 21:59:06 +0000] [444] [INFO] Started server process [444]
[2026-03-23 21:59:06 +0000] [444] [INFO] Waiting for application startup.
[2026-03-23 21:59:06 +0000] [444] [INFO] Application startup complete.
[2026-03-23 21:59:06 +0000] [447] [INFO] Started server process [447]
[2026-03-23 21:59:06 +0000] [447] [INFO] Waiting for application startup.
[2026-03-23 21:59:06 +0000] [447] [INFO] Application startup complete.
[2026-03-23 21:59:06 +0000] [454] [INFO] Booting worker with pid: 454
[2026-03-23 21:59:06 +0000] [455] [INFO] Booting worker with pid: 455
[2026-03-23 21:59:06 +0000] [457] [INFO] Booting worker with pid: 457
[2026-03-23 21:59:06 +0000] [451] [INFO] Started server process [451]
[2026-03-23 21:59:06 +0000] [451] [INFO] Waiting for application startup.
[2026-03-23 21:59:06 +0000] [451] [INFO] Application startup complete.
[2026-03-23 21:59:06 +0000] [458] [INFO] Booting worker with pid: 458
[2026-03-23 21:59:06 +0000] [455] [INFO] Started server process [455]
[2026-03-23 21:59:06 +0000] [455] [INFO] Waiting for application startup.
[2026-03-23 21:59:06 +0000] [455] [INFO] Application startup complete.
[2026-03-23 21:59:06 +0000] [454] [INFO] Started server process [454]
[2026-03-23 21:59:06 +0000] [454] [INFO] Waiting for application startup.
[2026-03-23 21:59:06 +0000] [454] [INFO] Application startup complete.
[2026-03-23 21:59:06 +0000] [461] [INFO] Booting worker with pid: 461
[2026-03-23 21:59:06 +0000] [458] [INFO] Started server process [458]
[2026-03-23 21:59:06 +0000] [458] [INFO] Waiting for application startup.
[2026-03-23 21:59:06 +0000] [458] [INFO] Application startup complete.
[2026-03-23 21:59:06 +0000] [457] [INFO] Started server process [457]
[2026-03-23 21:59:06 +0000] [457] [INFO] Waiting for application startup.
[2026-03-23 21:59:06 +0000] [457] [INFO] Application startup complete.
[2026-03-23 21:59:06 +0000] [464] [INFO] Booting worker with pid: 464
[2026-03-23 21:59:06 +0000] [466] [INFO] Booting worker with pid: 466
[2026-03-23 21:59:06 +0000] [467] [INFO] Booting worker with pid: 467
[2026-03-23 21:59:06 +0000] [461] [INFO] Started server process [461]
[2026-03-23 21:59:06 +0000] [461] [INFO] Waiting for application startup.
[2026-03-23 21:59:06 +0000] [461] [INFO] Application startup complete.
[2026-03-23 21:59:06 +0000] [469] [INFO] Booting worker with pid: 469
[2026-03-23 21:59:06 +0000] [464] [INFO] Started server process [464]
[2026-03-23 21:59:06 +0000] [464] [INFO] Waiting for application startup.
[2026-03-23 21:59:06 +0000] [464] [INFO] Application startup complete.
[2026-03-23 21:59:06 +0000] [470] [INFO] Booting worker with pid: 470
[2026-03-23 21:59:06 +0000] [466] [INFO] Started server process [466]
[2026-03-23 21:59:07 +0000] [466] [INFO] Waiting for application startup.
[2026-03-23 21:59:07 +0000] [466] [INFO] Application startup complete.
[2026-03-23 21:59:07 +0000] [472] [INFO] Booting worker with pid: 472
[2026-03-23 21:59:07 +0000] [467] [INFO] Started server process [467]
[2026-03-23 21:59:07 +0000] [467] [INFO] Waiting for application startup.
[2026-03-23 21:59:07 +0000] [467] [INFO] Application startup complete.
[2026-03-23 21:59:07 +0000] [469] [INFO] Started server process [469]
[2026-03-23 21:59:07 +0000] [469] [INFO] Waiting for application startup.
[2026-03-23 21:59:07 +0000] [469] [INFO] Application startup complete.
[2026-03-23 21:59:07 +0000] [476] [INFO] Booting worker with pid: 476
[2026-03-23 21:59:07 +0000] [470] [INFO] Started server process [470]
[2026-03-23 21:59:07 +0000] [470] [INFO] Waiting for application startup.
[2026-03-23 21:59:07 +0000] [470] [INFO] Application startup complete.
[2026-03-23 21:59:07 +0000] [478] [INFO] Booting worker with pid: 478
[2026-03-23 21:59:07 +0000] [472] [INFO] Started server process [472]
[2026-03-23 21:59:07 +0000] [472] [INFO] Waiting for application startup.
[2026-03-23 21:59:07 +0000] [472] [INFO] Application startup complete.
[2026-03-23 21:59:07 +0000] [479] [INFO] Booting worker with pid: 479
[2026-03-23 21:59:07 +0000] [481] [INFO] Booting worker with pid: 481
[2026-03-23 21:59:07 +0000] [476] [INFO] Started server process [476]
[2026-03-23 21:59:07 +0000] [476] [INFO] Waiting for application startup.
[2026-03-23 21:59:07 +0000] [476] [INFO] Application startup complete.
[2026-03-23 21:59:07 +0000] [482] [INFO] Booting worker with pid: 482
[2026-03-23 21:59:07 +0000] [483] [INFO] Booting worker with pid: 483
[2026-03-23 21:59:07 +0000] [485] [INFO] Booting worker with pid: 485
[2026-03-23 21:59:07 +0000] [478] [INFO] Started server process [478]
[2026-03-23 21:59:07 +0000] [478] [INFO] Waiting for application startup.
[2026-03-23 21:59:07 +0000] [478] [INFO] Application startup complete.
[2026-03-23 21:59:07 +0000] [482] [INFO] Started server process [482]
[2026-03-23 21:59:07 +0000] [482] [INFO] Waiting for application startup.
[2026-03-23 21:59:07 +0000] [482] [INFO] Application startup complete.
[2026-03-23 21:59:07 +0000] [487] [INFO] Booting worker with pid: 487
[2026-03-23 21:59:07 +0000] [481] [INFO] Started server process [481]
[2026-03-23 21:59:07 +0000] [481] [INFO] Waiting for application startup.
[2026-03-23 21:59:07 +0000] [481] [INFO] Application startup complete.
[2026-03-23 21:59:07 +0000] [479] [INFO] Started server process [479]
[2026-03-23 21:59:07 +0000] [479] [INFO] Waiting for application startup.
[2026-03-23 21:59:07 +0000] [479] [INFO] Application startup complete.
[2026-03-23 21:59:07 +0000] [490] [INFO] Booting worker with pid: 490
[2026-03-23 21:59:07 +0000] [483] [INFO] Started server process [483]
[2026-03-23 21:59:07 +0000] [483] [INFO] Waiting for application startup.
[2026-03-23 21:59:07 +0000] [483] [INFO] Application startup complete.
[2026-03-23 21:59:07 +0000] [487] [INFO] Started server process [487]
[2026-03-23 21:59:07 +0000] [487] [INFO] Waiting for application startup.
[2026-03-23 21:59:07 +0000] [487] [INFO] Application startup complete.
[2026-03-23 21:59:07 +0000] [493] [INFO] Booting worker with pid: 493
[2026-03-23 21:59:07 +0000] [490] [INFO] Started server process [490]
[2026-03-23 21:59:07 +0000] [490] [INFO] Waiting for application startup.
[2026-03-23 21:59:07 +0000] [490] [INFO] Application startup complete.
[2026-03-23 21:59:07 +0000] [485] [INFO] Started server process [485]
[2026-03-23 21:59:07 +0000] [485] [INFO] Waiting for application startup.
[2026-03-23 21:59:07 +0000] [485] [INFO] Application startup complete.
[2026-03-23 21:59:07 +0000] [496] [INFO] Booting worker with pid: 496
[2026-03-23 21:59:07 +0000] [498] [INFO] Booting worker with pid: 498
[2026-03-23 21:59:07 +0000] [493] [INFO] Started server process [493]
[2026-03-23 21:59:07 +0000] [493] [INFO] Waiting for application startup.
[2026-03-23 21:59:07 +0000] [493] [INFO] Application startup complete.
[2026-03-23 21:59:07 +0000] [496] [INFO] Started server process [496]
[2026-03-23 21:59:07 +0000] [496] [INFO] Waiting for application startup.
[2026-03-23 21:59:07 +0000] [496] [INFO] Application startup complete.
[2026-03-23 21:59:07 +0000] [500] [INFO] Booting worker with pid: 500
[2026-03-23 21:59:07 +0000] [498] [INFO] Started server process [498]
[2026-03-23 21:59:07 +0000] [498] [INFO] Waiting for application startup.
[2026-03-23 21:59:07 +0000] [498] [INFO] Application startup complete.
[2026-03-23 21:59:07 +0000] [502] [INFO] Booting worker with pid: 502
[2026-03-23 21:59:07 +0000] [500] [INFO] Started server process [500]
[2026-03-23 21:59:07 +0000] [500] [INFO] Waiting for application startup.
[2026-03-23 21:59:07 +0000] [500] [INFO] Application startup complete.
[2026-03-23 21:59:07 +0000] [504] [INFO] Booting worker with pid: 504
[2026-03-23 21:59:07 +0000] [502] [INFO] Started server process [502]
[2026-03-23 21:59:07 +0000] [502] [INFO] Waiting for application startup.
[2026-03-23 21:59:07 +0000] [502] [INFO] Application startup complete.
[2026-03-23 21:59:07 +0000] [506] [INFO] Booting worker with pid: 506
[2026-03-23 21:59:07 +0000] [507] [INFO] Booting worker with pid: 507
[2026-03-23 21:59:08 +0000] [504] [INFO] Started server process [504]
[2026-03-23 21:59:08 +0000] [504] [INFO] Waiting for application startup.
[2026-03-23 21:59:08 +0000] [504] [INFO] Application startup complete.
[2026-03-23 21:59:08 +0000] [506] [INFO] Started server process [506]
[2026-03-23 21:59:08 +0000] [506] [INFO] Waiting for application startup.
[2026-03-23 21:59:08 +0000] [506] [INFO] Application startup complete.
[2026-03-23 21:59:08 +0000] [507] [INFO] Started server process [507]
[2026-03-23 21:59:08 +0000] [507] [INFO] Waiting for application startup.
[2026-03-23 21:59:08 +0000] [507] [INFO] Application startup complete.
[2026-03-23 21:59:08 +0000] [511] [INFO] Booting worker with pid: 511
[2026-03-23 21:59:08 +0000] [513] [INFO] Booting worker with pid: 513
[2026-03-23 21:59:08 +0000] [511] [INFO] Started server process [511]
[2026-03-23 21:59:08 +0000] [511] [INFO] Waiting for application startup.
[2026-03-23 21:59:08 +0000] [511] [INFO] Application startup complete.
[2026-03-23 21:59:08 +0000] [514] [INFO] Booting worker with pid: 514
[2026-03-23 21:59:08 +0000] [513] [INFO] Started server process [513]
[2026-03-23 21:59:08 +0000] [513] [INFO] Waiting for application startup.
[2026-03-23 21:59:08 +0000] [513] [INFO] Application startup complete.
[2026-03-23 21:59:08 +0000] [516] [INFO] Booting worker with pid: 516
[2026-03-23 21:59:08 +0000] [514] [INFO] Started server process [514]
[2026-03-23 21:59:08 +0000] [514] [INFO] Waiting for application startup.
[2026-03-23 21:59:08 +0000] [514] [INFO] Application startup complete.
[2026-03-23 21:59:08 +0000] [516] [INFO] Started server process [516]
[2026-03-23 21:59:08 +0000] [516] [INFO] Waiting for application startup.
[2026-03-23 21:59:08 +0000] [516] [INFO] Application startup complete.
