[1] Puma starting in cluster mode...
[1] * Puma version: 6.6.1 ("Return to Forever")
[1] * Ruby version: ruby 3.4.9 (2026-03-11 revision 76cca827ab) +PRISM [x86_64-linux]
[1] *  Min threads: 4
[1] *  Max threads: 4
[1] *  Environment: development
[1] *   Master PID: 1
[1] *      Workers: 128
[1] *     Restarts: (✔) hot (✖) phased (✖) refork
[1] * Preloading application
[1] * Listening on http://0.0.0.0:8080
[1] Use Ctrl-C to stop
[1] - Worker 0 (PID: 8) booted in 0.29s, phase: 0
[1] - Worker 1 (PID: 11) booted in 0.29s, phase: 0
[1] - Worker 2 (PID: 15) booted in 0.29s, phase: 0
[1] - Worker 3 (PID: 23) booted in 0.29s, phase: 0
[1] - Worker 4 (PID: 31) booted in 0.28s, phase: 0
[1] - Worker 5 (PID: 44) booted in 0.28s, phase: 0
[1] - Worker 6 (PID: 59) booted in 0.28s, phase: 0
[1] - Worker 7 (PID: 68) booted in 0.28s, phase: 0
[1] - Worker 8 (PID: 91) booted in 0.28s, phase: 0
[1] - Worker 9 (PID: 103) booted in 0.28s, phase: 0
[1] - Worker 10 (PID: 114) booted in 0.28s, phase: 0
[1] - Worker 11 (PID: 126) booted in 0.28s, phase: 0
[1] - Worker 12 (PID: 135) booted in 0.28s, phase: 0
[1] - Worker 13 (PID: 147) booted in 0.27s, phase: 0
[1] - Worker 14 (PID: 172) booted in 0.27s, phase: 0
[1] - Worker 15 (PID: 180) booted in 0.27s, phase: 0
[1] - Worker 16 (PID: 187) booted in 0.27s, phase: 0
[1] - Worker 17 (PID: 197) booted in 0.26s, phase: 0
[1] - Worker 18 (PID: 207) booted in 0.26s, phase: 0
[1] - Worker 19 (PID: 219) booted in 0.26s, phase: 0
[1] - Worker 20 (PID: 231) booted in 0.26s, phase: 0
[1] - Worker 21 (PID: 243) booted in 0.26s, phase: 0
[1] - Worker 22 (PID: 255) booted in 0.26s, phase: 0
[1] - Worker 23 (PID: 267) booted in 0.26s, phase: 0
[1] - Worker 24 (PID: 279) booted in 0.26s, phase: 0
[1] - Worker 25 (PID: 294) booted in 0.25s, phase: 0
[1] - Worker 26 (PID: 305) booted in 0.25s, phase: 0
[1] - Worker 27 (PID: 317) booted in 0.25s, phase: 0
[1] - Worker 28 (PID: 327) booted in 0.25s, phase: 0
[1] - Worker 29 (PID: 352) booted in 0.24s, phase: 0
[1] - Worker 30 (PID: 364) booted in 0.24s, phase: 0
[1] - Worker 31 (PID: 371) booted in 0.24s, phase: 0
[1] - Worker 32 (PID: 380) booted in 0.24s, phase: 0
[1] - Worker 33 (PID: 392) booted in 0.24s, phase: 0
[1] - Worker 34 (PID: 403) booted in 0.23s, phase: 0
[1] - Worker 35 (PID: 415) booted in 0.23s, phase: 0
[1] - Worker 36 (PID: 422) booted in 0.23s, phase: 0
[1] - Worker 37 (PID: 432) booted in 0.23s, phase: 0
[1] - Worker 38 (PID: 446) booted in 0.23s, phase: 0
[1] - Worker 39 (PID: 459) booted in 0.22s, phase: 0
[1] - Worker 40 (PID: 468) booted in 0.22s, phase: 0
[1] - Worker 41 (PID: 480) booted in 0.22s, phase: 0
[1] - Worker 42 (PID: 492) booted in 0.22s, phase: 0
[1] - Worker 43 (PID: 506) booted in 0.22s, phase: 0
[1] - Worker 44 (PID: 517) booted in 0.22s, phase: 0
[1] - Worker 45 (PID: 531) booted in 0.22s, phase: 0
[1] - Worker 46 (PID: 541) booted in 0.21s, phase: 0
[1] - Worker 47 (PID: 555) booted in 0.21s, phase: 0
[1] - Worker 48 (PID: 565) booted in 0.21s, phase: 0
[1] - Worker 49 (PID: 578) booted in 0.21s, phase: 0
[1] - Worker 50 (PID: 591) booted in 0.21s, phase: 0
[1] - Worker 51 (PID: 603) booted in 0.2s, phase: 0
[1] - Worker 52 (PID: 615) booted in 0.2s, phase: 0
[1] - Worker 53 (PID: 627) booted in 0.2s, phase: 0
[1] - Worker 54 (PID: 640) booted in 0.2s, phase: 0
[1] - Worker 55 (PID: 656) booted in 0.2s, phase: 0
[1] - Worker 56 (PID: 667) booted in 0.19s, phase: 0
[1] - Worker 57 (PID: 679) booted in 0.19s, phase: 0
[1] - Worker 58 (PID: 686) booted in 0.19s, phase: 0
[1] - Worker 59 (PID: 699) booted in 0.19s, phase: 0
[1] - Worker 60 (PID: 711) booted in 0.19s, phase: 0
[1] - Worker 61 (PID: 722) booted in 0.18s, phase: 0
[1] - Worker 62 (PID: 735) booted in 0.18s, phase: 0
[1] - Worker 63 (PID: 746) booted in 0.18s, phase: 0
[1] - Worker 64 (PID: 757) booted in 0.18s, phase: 0
[1] - Worker 65 (PID: 769) booted in 0.18s, phase: 0
[1] - Worker 66 (PID: 782) booted in 0.18s, phase: 0
[1] - Worker 67 (PID: 794) booted in 0.17s, phase: 0
[1] - Worker 68 (PID: 806) booted in 0.17s, phase: 0
[1] - Worker 69 (PID: 819) booted in 0.17s, phase: 0
[1] - Worker 70 (PID: 831) booted in 0.17s, phase: 0
[1] - Worker 71 (PID: 843) booted in 0.17s, phase: 0
[1] - Worker 72 (PID: 855) booted in 0.17s, phase: 0
[1] - Worker 73 (PID: 866) booted in 0.16s, phase: 0
[1] - Worker 74 (PID: 878) booted in 0.16s, phase: 0
[1] - Worker 75 (PID: 889) booted in 0.16s, phase: 0
[1] - Worker 76 (PID: 900) booted in 0.16s, phase: 0
[1] - Worker 77 (PID: 915) booted in 0.16s, phase: 0
[1] - Worker 78 (PID: 926) booted in 0.16s, phase: 0
[1] - Worker 79 (PID: 939) booted in 0.15s, phase: 0
[1] - Worker 80 (PID: 951) booted in 0.15s, phase: 0
[1] - Worker 81 (PID: 960) booted in 0.15s, phase: 0
[1] - Worker 82 (PID: 975) booted in 0.15s, phase: 0
[1] - Worker 83 (PID: 987) booted in 0.15s, phase: 0
[1] - Worker 84 (PID: 998) booted in 0.14s, phase: 0
[1] - Worker 85 (PID: 1010) booted in 0.14s, phase: 0
[1] - Worker 86 (PID: 1020) booted in 0.14s, phase: 0
[1] - Worker 87 (PID: 1028) booted in 0.14s, phase: 0
[1] - Worker 88 (PID: 1033) booted in 0.14s, phase: 0
[1] - Worker 89 (PID: 1068) booted in 0.13s, phase: 0
[1] - Worker 90 (PID: 1079) booted in 0.13s, phase: 0
[1] - Worker 91 (PID: 1087) booted in 0.12s, phase: 0
[1] - Worker 92 (PID: 1093) booted in 0.12s, phase: 0
[1] - Worker 93 (PID: 1105) booted in 0.12s, phase: 0
[1] - Worker 94 (PID: 1119) booted in 0.12s, phase: 0
[1] - Worker 95 (PID: 1126) booted in 0.12s, phase: 0
[1] - Worker 96 (PID: 1143) booted in 0.12s, phase: 0
[1] - Worker 97 (PID: 1154) booted in 0.11s, phase: 0
[1] - Worker 98 (PID: 1166) booted in 0.11s, phase: 0
[1] - Worker 99 (PID: 1178) booted in 0.11s, phase: 0
[1] - Worker 100 (PID: 1191) booted in 0.11s, phase: 0
[1] - Worker 101 (PID: 1203) booted in 0.11s, phase: 0
[1] - Worker 102 (PID: 1215) booted in 0.1s, phase: 0
[1] - Worker 103 (PID: 1227) booted in 0.1s, phase: 0
[1] - Worker 104 (PID: 1238) booted in 0.1s, phase: 0
[1] - Worker 105 (PID: 1247) booted in 0.1s, phase: 0
[1] - Worker 106 (PID: 1258) booted in 0.1s, phase: 0
[1] - Worker 107 (PID: 1268) booted in 0.1s, phase: 0
[1] - Worker 108 (PID: 1281) booted in 0.09s, phase: 0
[1] - Worker 109 (PID: 1299) booted in 0.09s, phase: 0
[1] - Worker 110 (PID: 1311) booted in 0.09s, phase: 0
[1] - Worker 111 (PID: 1323) booted in 0.09s, phase: 0
[1] - Worker 112 (PID: 1334) booted in 0.09s, phase: 0
[1] - Worker 113 (PID: 1347) booted in 0.09s, phase: 0
[1] - Worker 114 (PID: 1359) booted in 0.08s, phase: 0
[1] - Worker 115 (PID: 1371) booted in 0.08s, phase: 0
[1] - Worker 116 (PID: 1383) booted in 0.08s, phase: 0
[1] - Worker 117 (PID: 1395) booted in 0.08s, phase: 0
[1] - Worker 118 (PID: 1403) booted in 0.08s, phase: 0
[1] - Worker 119 (PID: 1419) booted in 0.08s, phase: 0
[1] - Worker 120 (PID: 1431) booted in 0.07s, phase: 0
[1] - Worker 121 (PID: 1443) booted in 0.07s, phase: 0
[1] - Worker 122 (PID: 1455) booted in 0.07s, phase: 0
[1] - Worker 123 (PID: 1467) booted in 0.07s, phase: 0
[1] - Worker 124 (PID: 1478) booted in 0.07s, phase: 0
[1] - Worker 125 (PID: 1491) booted in 0.07s, phase: 0
[1] - Worker 126 (PID: 1503) booted in 0.06s, phase: 0
[1] - Worker 127 (PID: 1515) booted in 0.06s, phase: 0
