[2026-03-23 22:01:22 +0000] [1] [INFO] Starting gunicorn 23.0.0
[2026-03-23 22:01:22 +0000] [1] [INFO] Listening at: http://0.0.0.0:8080 (1)
[2026-03-23 22:01:22 +0000] [1] [INFO] Using worker: uvicorn.workers.UvicornWorker
[2026-03-23 22:01:22 +0000] [7] [INFO] Booting worker with pid: 7
[2026-03-23 22:01:22 +0000] [8] [INFO] Booting worker with pid: 8
[2026-03-23 22:01:22 +0000] [7] [INFO] Started server process [7]
[2026-03-23 22:01:22 +0000] [7] [INFO] Waiting for application startup.
[2026-03-23 22:01:22 +0000] [7] [INFO] Application startup complete.
[2026-03-23 22:01:22 +0000] [8] [INFO] Started server process [8]
[2026-03-23 22:01:22 +0000] [8] [INFO] Waiting for application startup.
[2026-03-23 22:01:22 +0000] [8] [INFO] Application startup complete.
[2026-03-23 22:01:22 +0000] [11] [INFO] Booting worker with pid: 11
[2026-03-23 22:01:22 +0000] [12] [INFO] Booting worker with pid: 12
[2026-03-23 22:01:22 +0000] [14] [INFO] Booting worker with pid: 14
[2026-03-23 22:01:22 +0000] [11] [INFO] Started server process [11]
[2026-03-23 22:01:22 +0000] [11] [INFO] Waiting for application startup.
[2026-03-23 22:01:22 +0000] [11] [INFO] Application startup complete.
[2026-03-23 22:01:22 +0000] [12] [INFO] Started server process [12]
[2026-03-23 22:01:22 +0000] [12] [INFO] Waiting for application startup.
[2026-03-23 22:01:22 +0000] [12] [INFO] Application startup complete.
[2026-03-23 22:01:22 +0000] [16] [INFO] Booting worker with pid: 16
[2026-03-23 22:01:22 +0000] [14] [INFO] Started server process [14]
[2026-03-23 22:01:22 +0000] [14] [INFO] Waiting for application startup.
[2026-03-23 22:01:22 +0000] [14] [INFO] Application startup complete.
[2026-03-23 22:01:22 +0000] [19] [INFO] Booting worker with pid: 19
[2026-03-23 22:01:22 +0000] [16] [INFO] Started server process [16]
[2026-03-23 22:01:22 +0000] [16] [INFO] Waiting for application startup.
[2026-03-23 22:01:22 +0000] [16] [INFO] Application startup complete.
[2026-03-23 22:01:22 +0000] [19] [INFO] Started server process [19]
[2026-03-23 22:01:22 +0000] [19] [INFO] Waiting for application startup.
[2026-03-23 22:01:22 +0000] [19] [INFO] Application startup complete.
[2026-03-23 22:01:22 +0000] [21] [INFO] Booting worker with pid: 21
[2026-03-23 22:01:22 +0000] [22] [INFO] Booting worker with pid: 22
[2026-03-23 22:01:22 +0000] [21] [INFO] Started server process [21]
[2026-03-23 22:01:22 +0000] [21] [INFO] Waiting for application startup.
[2026-03-23 22:01:22 +0000] [21] [INFO] Application startup complete.
[2026-03-23 22:01:22 +0000] [22] [INFO] Started server process [22]
[2026-03-23 22:01:22 +0000] [22] [INFO] Waiting for application startup.
[2026-03-23 22:01:22 +0000] [22] [INFO] Application startup complete.
[2026-03-23 22:01:22 +0000] [25] [INFO] Booting worker with pid: 25
[2026-03-23 22:01:22 +0000] [25] [INFO] Started server process [25]
[2026-03-23 22:01:22 +0000] [25] [INFO] Waiting for application startup.
[2026-03-23 22:01:22 +0000] [25] [INFO] Application startup complete.
[2026-03-23 22:01:22 +0000] [27] [INFO] Booting worker with pid: 27
[2026-03-23 22:01:22 +0000] [28] [INFO] Booting worker with pid: 28
[2026-03-23 22:01:22 +0000] [27] [INFO] Started server process [27]
[2026-03-23 22:01:22 +0000] [27] [INFO] Waiting for application startup.
[2026-03-23 22:01:22 +0000] [27] [INFO] Application startup complete.
[2026-03-23 22:01:22 +0000] [28] [INFO] Started server process [28]
[2026-03-23 22:01:22 +0000] [28] [INFO] Waiting for application startup.
[2026-03-23 22:01:22 +0000] [28] [INFO] Application startup complete.
[2026-03-23 22:01:22 +0000] [31] [INFO] Booting worker with pid: 31
[2026-03-23 22:01:22 +0000] [32] [INFO] Booting worker with pid: 32
[2026-03-23 22:01:23 +0000] [31] [INFO] Started server process [31]
[2026-03-23 22:01:23 +0000] [31] [INFO] Waiting for application startup.
[2026-03-23 22:01:23 +0000] [31] [INFO] Application startup complete.
[2026-03-23 22:01:23 +0000] [32] [INFO] Started server process [32]
[2026-03-23 22:01:23 +0000] [32] [INFO] Waiting for application startup.
[2026-03-23 22:01:23 +0000] [32] [INFO] Application startup complete.
[2026-03-23 22:01:23 +0000] [35] [INFO] Booting worker with pid: 35
[2026-03-23 22:01:23 +0000] [36] [INFO] Booting worker with pid: 36
[2026-03-23 22:01:23 +0000] [37] [INFO] Booting worker with pid: 37
[2026-03-23 22:01:23 +0000] [35] [INFO] Started server process [35]
[2026-03-23 22:01:23 +0000] [35] [INFO] Waiting for application startup.
[2026-03-23 22:01:23 +0000] [35] [INFO] Application startup complete.
[2026-03-23 22:01:23 +0000] [36] [INFO] Started server process [36]
[2026-03-23 22:01:23 +0000] [36] [INFO] Waiting for application startup.
[2026-03-23 22:01:23 +0000] [36] [INFO] Application startup complete.
[2026-03-23 22:01:23 +0000] [37] [INFO] Started server process [37]
[2026-03-23 22:01:23 +0000] [37] [INFO] Waiting for application startup.
[2026-03-23 22:01:23 +0000] [37] [INFO] Application startup complete.
[2026-03-23 22:01:23 +0000] [41] [INFO] Booting worker with pid: 41
[2026-03-23 22:01:23 +0000] [42] [INFO] Booting worker with pid: 42
[2026-03-23 22:01:23 +0000] [41] [INFO] Started server process [41]
[2026-03-23 22:01:23 +0000] [41] [INFO] Waiting for application startup.
[2026-03-23 22:01:23 +0000] [41] [INFO] Application startup complete.
[2026-03-23 22:01:23 +0000] [44] [INFO] Booting worker with pid: 44
[2026-03-23 22:01:23 +0000] [45] [INFO] Booting worker with pid: 45
[2026-03-23 22:01:23 +0000] [42] [INFO] Started server process [42]
[2026-03-23 22:01:23 +0000] [42] [INFO] Waiting for application startup.
[2026-03-23 22:01:23 +0000] [42] [INFO] Application startup complete.
[2026-03-23 22:01:23 +0000] [48] [INFO] Booting worker with pid: 48
[2026-03-23 22:01:23 +0000] [44] [INFO] Started server process [44]
[2026-03-23 22:01:23 +0000] [44] [INFO] Waiting for application startup.
[2026-03-23 22:01:23 +0000] [44] [INFO] Application startup complete.
[2026-03-23 22:01:23 +0000] [45] [INFO] Started server process [45]
[2026-03-23 22:01:23 +0000] [45] [INFO] Waiting for application startup.
[2026-03-23 22:01:23 +0000] [45] [INFO] Application startup complete.
[2026-03-23 22:01:23 +0000] [51] [INFO] Booting worker with pid: 51
[2026-03-23 22:01:23 +0000] [52] [INFO] Booting worker with pid: 52
[2026-03-23 22:01:23 +0000] [48] [INFO] Started server process [48]
[2026-03-23 22:01:23 +0000] [48] [INFO] Waiting for application startup.
[2026-03-23 22:01:23 +0000] [48] [INFO] Application startup complete.
[2026-03-23 22:01:23 +0000] [55] [INFO] Booting worker with pid: 55
[2026-03-23 22:01:23 +0000] [56] [INFO] Booting worker with pid: 56
[2026-03-23 22:01:23 +0000] [51] [INFO] Started server process [51]
[2026-03-23 22:01:23 +0000] [51] [INFO] Waiting for application startup.
[2026-03-23 22:01:23 +0000] [51] [INFO] Application startup complete.
[2026-03-23 22:01:23 +0000] [52] [INFO] Started server process [52]
[2026-03-23 22:01:23 +0000] [52] [INFO] Waiting for application startup.
[2026-03-23 22:01:23 +0000] [52] [INFO] Application startup complete.
[2026-03-23 22:01:23 +0000] [58] [INFO] Booting worker with pid: 58
[2026-03-23 22:01:23 +0000] [55] [INFO] Started server process [55]
[2026-03-23 22:01:23 +0000] [55] [INFO] Waiting for application startup.
[2026-03-23 22:01:23 +0000] [55] [INFO] Application startup complete.
[2026-03-23 22:01:23 +0000] [56] [INFO] Started server process [56]
[2026-03-23 22:01:23 +0000] [56] [INFO] Waiting for application startup.
[2026-03-23 22:01:23 +0000] [56] [INFO] Application startup complete.
[2026-03-23 22:01:23 +0000] [58] [INFO] Started server process [58]
[2026-03-23 22:01:23 +0000] [58] [INFO] Waiting for application startup.
[2026-03-23 22:01:23 +0000] [58] [INFO] Application startup complete.
[2026-03-23 22:01:23 +0000] [61] [INFO] Booting worker with pid: 61
[2026-03-23 22:01:23 +0000] [61] [INFO] Started server process [61]
[2026-03-23 22:01:23 +0000] [61] [INFO] Waiting for application startup.
[2026-03-23 22:01:23 +0000] [61] [INFO] Application startup complete.
[2026-03-23 22:01:23 +0000] [63] [INFO] Booting worker with pid: 63
[2026-03-23 22:01:23 +0000] [63] [INFO] Started server process [63]
[2026-03-23 22:01:23 +0000] [63] [INFO] Waiting for application startup.
[2026-03-23 22:01:23 +0000] [63] [INFO] Application startup complete.
[2026-03-23 22:01:23 +0000] [65] [INFO] Booting worker with pid: 65
[2026-03-23 22:01:23 +0000] [66] [INFO] Booting worker with pid: 66
[2026-03-23 22:01:23 +0000] [67] [INFO] Booting worker with pid: 67
[2026-03-23 22:01:23 +0000] [65] [INFO] Started server process [65]
[2026-03-23 22:01:23 +0000] [65] [INFO] Waiting for application startup.
[2026-03-23 22:01:23 +0000] [65] [INFO] Application startup complete.
[2026-03-23 22:01:23 +0000] [69] [INFO] Booting worker with pid: 69
[2026-03-23 22:01:23 +0000] [70] [INFO] Booting worker with pid: 70
[2026-03-23 22:01:23 +0000] [66] [INFO] Started server process [66]
[2026-03-23 22:01:23 +0000] [66] [INFO] Waiting for application startup.
[2026-03-23 22:01:23 +0000] [66] [INFO] Application startup complete.
[2026-03-23 22:01:23 +0000] [67] [INFO] Started server process [67]
[2026-03-23 22:01:23 +0000] [67] [INFO] Waiting for application startup.
[2026-03-23 22:01:23 +0000] [67] [INFO] Application startup complete.
[2026-03-23 22:01:23 +0000] [69] [INFO] Started server process [69]
[2026-03-23 22:01:23 +0000] [69] [INFO] Waiting for application startup.
[2026-03-23 22:01:23 +0000] [69] [INFO] Application startup complete.
[2026-03-23 22:01:23 +0000] [70] [INFO] Started server process [70]
[2026-03-23 22:01:23 +0000] [70] [INFO] Waiting for application startup.
[2026-03-23 22:01:23 +0000] [70] [INFO] Application startup complete.
[2026-03-23 22:01:23 +0000] [75] [INFO] Booting worker with pid: 75
[2026-03-23 22:01:24 +0000] [75] [INFO] Started server process [75]
[2026-03-23 22:01:24 +0000] [75] [INFO] Waiting for application startup.
[2026-03-23 22:01:24 +0000] [75] [INFO] Application startup complete.
[2026-03-23 22:01:24 +0000] [77] [INFO] Booting worker with pid: 77
[2026-03-23 22:01:24 +0000] [78] [INFO] Booting worker with pid: 78
[2026-03-23 22:01:24 +0000] [77] [INFO] Started server process [77]
[2026-03-23 22:01:24 +0000] [77] [INFO] Waiting for application startup.
[2026-03-23 22:01:24 +0000] [77] [INFO] Application startup complete.
[2026-03-23 22:01:24 +0000] [80] [INFO] Booting worker with pid: 80
[2026-03-23 22:01:24 +0000] [81] [INFO] Booting worker with pid: 81
[2026-03-23 22:01:24 +0000] [78] [INFO] Started server process [78]
[2026-03-23 22:01:24 +0000] [78] [INFO] Waiting for application startup.
[2026-03-23 22:01:24 +0000] [78] [INFO] Application startup complete.
[2026-03-23 22:01:24 +0000] [85] [INFO] Booting worker with pid: 85
[2026-03-23 22:01:24 +0000] [80] [INFO] Started server process [80]
[2026-03-23 22:01:24 +0000] [80] [INFO] Waiting for application startup.
[2026-03-23 22:01:24 +0000] [80] [INFO] Application startup complete.
[2026-03-23 22:01:24 +0000] [81] [INFO] Started server process [81]
[2026-03-23 22:01:24 +0000] [81] [INFO] Waiting for application startup.
[2026-03-23 22:01:24 +0000] [81] [INFO] Application startup complete.
[2026-03-23 22:01:24 +0000] [86] [INFO] Booting worker with pid: 86
[2026-03-23 22:01:24 +0000] [85] [INFO] Started server process [85]
[2026-03-23 22:01:24 +0000] [85] [INFO] Waiting for application startup.
[2026-03-23 22:01:24 +0000] [85] [INFO] Application startup complete.
[2026-03-23 22:01:24 +0000] [89] [INFO] Booting worker with pid: 89
[2026-03-23 22:01:24 +0000] [86] [INFO] Started server process [86]
[2026-03-23 22:01:24 +0000] [86] [INFO] Waiting for application startup.
[2026-03-23 22:01:24 +0000] [86] [INFO] Application startup complete.
[2026-03-23 22:01:24 +0000] [89] [INFO] Started server process [89]
[2026-03-23 22:01:24 +0000] [89] [INFO] Waiting for application startup.
[2026-03-23 22:01:24 +0000] [89] [INFO] Application startup complete.
[2026-03-23 22:01:24 +0000] [91] [INFO] Booting worker with pid: 91
[2026-03-23 22:01:24 +0000] [92] [INFO] Booting worker with pid: 92
[2026-03-23 22:01:24 +0000] [91] [INFO] Started server process [91]
[2026-03-23 22:01:24 +0000] [91] [INFO] Waiting for application startup.
[2026-03-23 22:01:24 +0000] [91] [INFO] Application startup complete.
[2026-03-23 22:01:24 +0000] [94] [INFO] Booting worker with pid: 94
[2026-03-23 22:01:24 +0000] [92] [INFO] Started server process [92]
[2026-03-23 22:01:24 +0000] [92] [INFO] Waiting for application startup.
[2026-03-23 22:01:24 +0000] [92] [INFO] Application startup complete.
[2026-03-23 22:01:24 +0000] [97] [INFO] Booting worker with pid: 97
[2026-03-23 22:01:24 +0000] [94] [INFO] Started server process [94]
[2026-03-23 22:01:24 +0000] [94] [INFO] Waiting for application startup.
[2026-03-23 22:01:24 +0000] [94] [INFO] Application startup complete.
[2026-03-23 22:01:24 +0000] [99] [INFO] Booting worker with pid: 99
[2026-03-23 22:01:24 +0000] [97] [INFO] Started server process [97]
[2026-03-23 22:01:24 +0000] [97] [INFO] Waiting for application startup.
[2026-03-23 22:01:24 +0000] [97] [INFO] Application startup complete.
[2026-03-23 22:01:24 +0000] [100] [INFO] Booting worker with pid: 100
[2026-03-23 22:01:24 +0000] [102] [INFO] Booting worker with pid: 102
[2026-03-23 22:01:24 +0000] [99] [INFO] Started server process [99]
[2026-03-23 22:01:24 +0000] [99] [INFO] Waiting for application startup.
[2026-03-23 22:01:24 +0000] [99] [INFO] Application startup complete.
[2026-03-23 22:01:24 +0000] [100] [INFO] Started server process [100]
[2026-03-23 22:01:24 +0000] [100] [INFO] Waiting for application startup.
[2026-03-23 22:01:24 +0000] [100] [INFO] Application startup complete.
[2026-03-23 22:01:24 +0000] [105] [INFO] Booting worker with pid: 105
[2026-03-23 22:01:24 +0000] [102] [INFO] Started server process [102]
[2026-03-23 22:01:24 +0000] [102] [INFO] Waiting for application startup.
[2026-03-23 22:01:24 +0000] [102] [INFO] Application startup complete.
[2026-03-23 22:01:24 +0000] [106] [INFO] Booting worker with pid: 106
[2026-03-23 22:01:24 +0000] [108] [INFO] Booting worker with pid: 108
[2026-03-23 22:01:24 +0000] [105] [INFO] Started server process [105]
[2026-03-23 22:01:24 +0000] [105] [INFO] Waiting for application startup.
[2026-03-23 22:01:24 +0000] [105] [INFO] Application startup complete.
[2026-03-23 22:01:25 +0000] [109] [INFO] Booting worker with pid: 109
[2026-03-23 22:01:25 +0000] [106] [INFO] Started server process [106]
[2026-03-23 22:01:25 +0000] [106] [INFO] Waiting for application startup.
[2026-03-23 22:01:25 +0000] [106] [INFO] Application startup complete.
[2026-03-23 22:01:25 +0000] [108] [INFO] Started server process [108]
[2026-03-23 22:01:25 +0000] [108] [INFO] Waiting for application startup.
[2026-03-23 22:01:25 +0000] [108] [INFO] Application startup complete.
[2026-03-23 22:01:25 +0000] [112] [INFO] Booting worker with pid: 112
[2026-03-23 22:01:25 +0000] [114] [INFO] Booting worker with pid: 114
[2026-03-23 22:01:25 +0000] [109] [INFO] Started server process [109]
[2026-03-23 22:01:25 +0000] [109] [INFO] Waiting for application startup.
[2026-03-23 22:01:25 +0000] [109] [INFO] Application startup complete.
[2026-03-23 22:01:25 +0000] [112] [INFO] Started server process [112]
[2026-03-23 22:01:25 +0000] [112] [INFO] Waiting for application startup.
[2026-03-23 22:01:25 +0000] [112] [INFO] Application startup complete.
[2026-03-23 22:01:25 +0000] [116] [INFO] Booting worker with pid: 116
[2026-03-23 22:01:25 +0000] [114] [INFO] Started server process [114]
[2026-03-23 22:01:25 +0000] [114] [INFO] Waiting for application startup.
[2026-03-23 22:01:25 +0000] [114] [INFO] Application startup complete.
[2026-03-23 22:01:25 +0000] [118] [INFO] Booting worker with pid: 118
[2026-03-23 22:01:25 +0000] [120] [INFO] Booting worker with pid: 120
[2026-03-23 22:01:25 +0000] [116] [INFO] Started server process [116]
[2026-03-23 22:01:25 +0000] [116] [INFO] Waiting for application startup.
[2026-03-23 22:01:25 +0000] [116] [INFO] Application startup complete.
[2026-03-23 22:01:25 +0000] [122] [INFO] Booting worker with pid: 122
[2026-03-23 22:01:25 +0000] [123] [INFO] Booting worker with pid: 123
[2026-03-23 22:01:25 +0000] [118] [INFO] Started server process [118]
[2026-03-23 22:01:25 +0000] [118] [INFO] Waiting for application startup.
[2026-03-23 22:01:25 +0000] [118] [INFO] Application startup complete.
[2026-03-23 22:01:25 +0000] [120] [INFO] Started server process [120]
[2026-03-23 22:01:25 +0000] [120] [INFO] Waiting for application startup.
[2026-03-23 22:01:25 +0000] [120] [INFO] Application startup complete.
[2026-03-23 22:01:25 +0000] [122] [INFO] Started server process [122]
[2026-03-23 22:01:25 +0000] [122] [INFO] Waiting for application startup.
[2026-03-23 22:01:25 +0000] [122] [INFO] Application startup complete.
[2026-03-23 22:01:25 +0000] [127] [INFO] Booting worker with pid: 127
[2026-03-23 22:01:25 +0000] [123] [INFO] Started server process [123]
[2026-03-23 22:01:25 +0000] [123] [INFO] Waiting for application startup.
[2026-03-23 22:01:25 +0000] [123] [INFO] Application startup complete.
[2026-03-23 22:01:25 +0000] [128] [INFO] Booting worker with pid: 128
[2026-03-23 22:01:25 +0000] [129] [INFO] Booting worker with pid: 129
[2026-03-23 22:01:25 +0000] [130] [INFO] Booting worker with pid: 130
[2026-03-23 22:01:25 +0000] [127] [INFO] Started server process [127]
[2026-03-23 22:01:25 +0000] [127] [INFO] Waiting for application startup.
[2026-03-23 22:01:25 +0000] [127] [INFO] Application startup complete.
[2026-03-23 22:01:25 +0000] [128] [INFO] Started server process [128]
[2026-03-23 22:01:25 +0000] [128] [INFO] Waiting for application startup.
[2026-03-23 22:01:25 +0000] [128] [INFO] Application startup complete.
[2026-03-23 22:01:25 +0000] [134] [INFO] Booting worker with pid: 134
[2026-03-23 22:01:25 +0000] [129] [INFO] Started server process [129]
[2026-03-23 22:01:25 +0000] [129] [INFO] Waiting for application startup.
[2026-03-23 22:01:25 +0000] [129] [INFO] Application startup complete.
[2026-03-23 22:01:25 +0000] [130] [INFO] Started server process [130]
[2026-03-23 22:01:25 +0000] [130] [INFO] Waiting for application startup.
[2026-03-23 22:01:25 +0000] [130] [INFO] Application startup complete.
[2026-03-23 22:01:25 +0000] [136] [INFO] Booting worker with pid: 136
[2026-03-23 22:01:25 +0000] [138] [INFO] Booting worker with pid: 138
[2026-03-23 22:01:25 +0000] [134] [INFO] Started server process [134]
[2026-03-23 22:01:25 +0000] [134] [INFO] Waiting for application startup.
[2026-03-23 22:01:25 +0000] [134] [INFO] Application startup complete.
[2026-03-23 22:01:25 +0000] [139] [INFO] Booting worker with pid: 139
[2026-03-23 22:01:25 +0000] [140] [INFO] Booting worker with pid: 140
[2026-03-23 22:01:25 +0000] [141] [INFO] Booting worker with pid: 141
[2026-03-23 22:01:25 +0000] [143] [INFO] Booting worker with pid: 143
[2026-03-23 22:01:25 +0000] [136] [INFO] Started server process [136]
[2026-03-23 22:01:25 +0000] [136] [INFO] Waiting for application startup.
[2026-03-23 22:01:25 +0000] [136] [INFO] Application startup complete.
[2026-03-23 22:01:25 +0000] [138] [INFO] Started server process [138]
[2026-03-23 22:01:25 +0000] [138] [INFO] Waiting for application startup.
[2026-03-23 22:01:25 +0000] [138] [INFO] Application startup complete.
[2026-03-23 22:01:25 +0000] [147] [INFO] Booting worker with pid: 147
[2026-03-23 22:01:25 +0000] [139] [INFO] Started server process [139]
[2026-03-23 22:01:25 +0000] [139] [INFO] Waiting for application startup.
[2026-03-23 22:01:25 +0000] [139] [INFO] Application startup complete.
[2026-03-23 22:01:25 +0000] [140] [INFO] Started server process [140]
[2026-03-23 22:01:25 +0000] [140] [INFO] Waiting for application startup.
[2026-03-23 22:01:25 +0000] [140] [INFO] Application startup complete.
[2026-03-23 22:01:25 +0000] [141] [INFO] Started server process [141]
[2026-03-23 22:01:25 +0000] [141] [INFO] Waiting for application startup.
[2026-03-23 22:01:25 +0000] [141] [INFO] Application startup complete.
[2026-03-23 22:01:25 +0000] [143] [INFO] Started server process [143]
[2026-03-23 22:01:25 +0000] [143] [INFO] Waiting for application startup.
[2026-03-23 22:01:25 +0000] [143] [INFO] Application startup complete.
[2026-03-23 22:01:25 +0000] [147] [INFO] Started server process [147]
[2026-03-23 22:01:25 +0000] [147] [INFO] Waiting for application startup.
[2026-03-23 22:01:25 +0000] [147] [INFO] Application startup complete.
[2026-03-23 22:01:25 +0000] [151] [INFO] Booting worker with pid: 151
[2026-03-23 22:01:25 +0000] [152] [INFO] Booting worker with pid: 152
[2026-03-23 22:01:26 +0000] [151] [INFO] Started server process [151]
[2026-03-23 22:01:26 +0000] [151] [INFO] Waiting for application startup.
[2026-03-23 22:01:26 +0000] [151] [INFO] Application startup complete.
[2026-03-23 22:01:26 +0000] [155] [INFO] Booting worker with pid: 155
[2026-03-23 22:01:26 +0000] [152] [INFO] Started server process [152]
[2026-03-23 22:01:26 +0000] [152] [INFO] Waiting for application startup.
[2026-03-23 22:01:26 +0000] [152] [INFO] Application startup complete.
[2026-03-23 22:01:26 +0000] [156] [INFO] Booting worker with pid: 156
[2026-03-23 22:01:26 +0000] [155] [INFO] Started server process [155]
[2026-03-23 22:01:26 +0000] [155] [INFO] Waiting for application startup.
[2026-03-23 22:01:26 +0000] [155] [INFO] Application startup complete.
[2026-03-23 22:01:26 +0000] [158] [INFO] Booting worker with pid: 158
[2026-03-23 22:01:26 +0000] [160] [INFO] Booting worker with pid: 160
[2026-03-23 22:01:26 +0000] [156] [INFO] Started server process [156]
[2026-03-23 22:01:26 +0000] [156] [INFO] Waiting for application startup.
[2026-03-23 22:01:26 +0000] [156] [INFO] Application startup complete.
[2026-03-23 22:01:26 +0000] [158] [INFO] Started server process [158]
[2026-03-23 22:01:26 +0000] [158] [INFO] Waiting for application startup.
[2026-03-23 22:01:26 +0000] [158] [INFO] Application startup complete.
[2026-03-23 22:01:26 +0000] [162] [INFO] Booting worker with pid: 162
[2026-03-23 22:01:26 +0000] [160] [INFO] Started server process [160]
[2026-03-23 22:01:26 +0000] [160] [INFO] Waiting for application startup.
[2026-03-23 22:01:26 +0000] [160] [INFO] Application startup complete.
[2026-03-23 22:01:26 +0000] [164] [INFO] Booting worker with pid: 164
[2026-03-23 22:01:26 +0000] [165] [INFO] Booting worker with pid: 165
[2026-03-23 22:01:26 +0000] [166] [INFO] Booting worker with pid: 166
[2026-03-23 22:01:26 +0000] [167] [INFO] Booting worker with pid: 167
[2026-03-23 22:01:26 +0000] [162] [INFO] Started server process [162]
[2026-03-23 22:01:26 +0000] [162] [INFO] Waiting for application startup.
[2026-03-23 22:01:26 +0000] [162] [INFO] Application startup complete.
[2026-03-23 22:01:26 +0000] [169] [INFO] Booting worker with pid: 169
[2026-03-23 22:01:26 +0000] [165] [INFO] Started server process [165]
[2026-03-23 22:01:26 +0000] [165] [INFO] Waiting for application startup.
[2026-03-23 22:01:26 +0000] [165] [INFO] Application startup complete.
[2026-03-23 22:01:26 +0000] [164] [INFO] Started server process [164]
[2026-03-23 22:01:26 +0000] [164] [INFO] Waiting for application startup.
[2026-03-23 22:01:26 +0000] [164] [INFO] Application startup complete.
[2026-03-23 22:01:26 +0000] [174] [INFO] Booting worker with pid: 174
[2026-03-23 22:01:26 +0000] [166] [INFO] Started server process [166]
[2026-03-23 22:01:26 +0000] [166] [INFO] Waiting for application startup.
[2026-03-23 22:01:26 +0000] [166] [INFO] Application startup complete.
[2026-03-23 22:01:26 +0000] [167] [INFO] Started server process [167]
[2026-03-23 22:01:26 +0000] [167] [INFO] Waiting for application startup.
[2026-03-23 22:01:26 +0000] [167] [INFO] Application startup complete.
[2026-03-23 22:01:26 +0000] [176] [INFO] Booting worker with pid: 176
[2026-03-23 22:01:26 +0000] [169] [INFO] Started server process [169]
[2026-03-23 22:01:26 +0000] [169] [INFO] Waiting for application startup.
[2026-03-23 22:01:26 +0000] [169] [INFO] Application startup complete.
[2026-03-23 22:01:26 +0000] [177] [INFO] Booting worker with pid: 177
[2026-03-23 22:01:26 +0000] [176] [INFO] Started server process [176]
[2026-03-23 22:01:26 +0000] [176] [INFO] Waiting for application startup.
[2026-03-23 22:01:26 +0000] [176] [INFO] Application startup complete.
[2026-03-23 22:01:26 +0000] [174] [INFO] Started server process [174]
[2026-03-23 22:01:26 +0000] [174] [INFO] Waiting for application startup.
[2026-03-23 22:01:26 +0000] [174] [INFO] Application startup complete.
[2026-03-23 22:01:26 +0000] [180] [INFO] Booting worker with pid: 180
[2026-03-23 22:01:26 +0000] [181] [INFO] Booting worker with pid: 181
[2026-03-23 22:01:26 +0000] [177] [INFO] Started server process [177]
[2026-03-23 22:01:26 +0000] [177] [INFO] Waiting for application startup.
[2026-03-23 22:01:26 +0000] [177] [INFO] Application startup complete.
[2026-03-23 22:01:26 +0000] [183] [INFO] Booting worker with pid: 183
[2026-03-23 22:01:26 +0000] [180] [INFO] Started server process [180]
[2026-03-23 22:01:26 +0000] [180] [INFO] Waiting for application startup.
[2026-03-23 22:01:26 +0000] [180] [INFO] Application startup complete.
[2026-03-23 22:01:26 +0000] [181] [INFO] Started server process [181]
[2026-03-23 22:01:26 +0000] [181] [INFO] Waiting for application startup.
[2026-03-23 22:01:26 +0000] [181] [INFO] Application startup complete.
[2026-03-23 22:01:27 +0000] [186] [INFO] Booting worker with pid: 186
[2026-03-23 22:01:27 +0000] [188] [INFO] Booting worker with pid: 188
[2026-03-23 22:01:27 +0000] [183] [INFO] Started server process [183]
[2026-03-23 22:01:27 +0000] [183] [INFO] Waiting for application startup.
[2026-03-23 22:01:27 +0000] [183] [INFO] Application startup complete.
[2026-03-23 22:01:27 +0000] [189] [INFO] Booting worker with pid: 189
[2026-03-23 22:01:27 +0000] [191] [INFO] Booting worker with pid: 191
[2026-03-23 22:01:27 +0000] [188] [INFO] Started server process [188]
[2026-03-23 22:01:27 +0000] [188] [INFO] Waiting for application startup.
[2026-03-23 22:01:27 +0000] [188] [INFO] Application startup complete.
[2026-03-23 22:01:27 +0000] [193] [INFO] Booting worker with pid: 193
[2026-03-23 22:01:27 +0000] [186] [INFO] Started server process [186]
[2026-03-23 22:01:27 +0000] [186] [INFO] Waiting for application startup.
[2026-03-23 22:01:27 +0000] [186] [INFO] Application startup complete.
[2026-03-23 22:01:27 +0000] [189] [INFO] Started server process [189]
[2026-03-23 22:01:27 +0000] [189] [INFO] Waiting for application startup.
[2026-03-23 22:01:27 +0000] [189] [INFO] Application startup complete.
[2026-03-23 22:01:27 +0000] [195] [INFO] Booting worker with pid: 195
[2026-03-23 22:01:27 +0000] [191] [INFO] Started server process [191]
[2026-03-23 22:01:27 +0000] [191] [INFO] Waiting for application startup.
[2026-03-23 22:01:27 +0000] [191] [INFO] Application startup complete.
[2026-03-23 22:01:27 +0000] [193] [INFO] Started server process [193]
[2026-03-23 22:01:27 +0000] [193] [INFO] Waiting for application startup.
[2026-03-23 22:01:27 +0000] [193] [INFO] Application startup complete.
[2026-03-23 22:01:27 +0000] [198] [INFO] Booting worker with pid: 198
[2026-03-23 22:01:27 +0000] [195] [INFO] Started server process [195]
[2026-03-23 22:01:27 +0000] [195] [INFO] Waiting for application startup.
[2026-03-23 22:01:27 +0000] [195] [INFO] Application startup complete.
[2026-03-23 22:01:27 +0000] [201] [INFO] Booting worker with pid: 201
[2026-03-23 22:01:27 +0000] [198] [INFO] Started server process [198]
[2026-03-23 22:01:27 +0000] [198] [INFO] Waiting for application startup.
[2026-03-23 22:01:27 +0000] [198] [INFO] Application startup complete.
[2026-03-23 22:01:27 +0000] [202] [INFO] Booting worker with pid: 202
[2026-03-23 22:01:27 +0000] [203] [INFO] Booting worker with pid: 203
[2026-03-23 22:01:27 +0000] [201] [INFO] Started server process [201]
[2026-03-23 22:01:27 +0000] [201] [INFO] Waiting for application startup.
[2026-03-23 22:01:27 +0000] [201] [INFO] Application startup complete.
[2026-03-23 22:01:27 +0000] [205] [INFO] Booting worker with pid: 205
[2026-03-23 22:01:27 +0000] [206] [INFO] Booting worker with pid: 206
[2026-03-23 22:01:27 +0000] [208] [INFO] Booting worker with pid: 208
[2026-03-23 22:01:27 +0000] [202] [INFO] Started server process [202]
[2026-03-23 22:01:27 +0000] [202] [INFO] Waiting for application startup.
[2026-03-23 22:01:27 +0000] [202] [INFO] Application startup complete.
[2026-03-23 22:01:27 +0000] [210] [INFO] Booting worker with pid: 210
[2026-03-23 22:01:27 +0000] [203] [INFO] Started server process [203]
[2026-03-23 22:01:27 +0000] [203] [INFO] Waiting for application startup.
[2026-03-23 22:01:27 +0000] [203] [INFO] Application startup complete.
[2026-03-23 22:01:27 +0000] [205] [INFO] Started server process [205]
[2026-03-23 22:01:27 +0000] [205] [INFO] Waiting for application startup.
[2026-03-23 22:01:27 +0000] [205] [INFO] Application startup complete.
[2026-03-23 22:01:27 +0000] [206] [INFO] Started server process [206]
[2026-03-23 22:01:27 +0000] [206] [INFO] Waiting for application startup.
[2026-03-23 22:01:27 +0000] [206] [INFO] Application startup complete.
[2026-03-23 22:01:27 +0000] [208] [INFO] Started server process [208]
[2026-03-23 22:01:27 +0000] [208] [INFO] Waiting for application startup.
[2026-03-23 22:01:27 +0000] [208] [INFO] Application startup complete.
[2026-03-23 22:01:27 +0000] [214] [INFO] Booting worker with pid: 214
[2026-03-23 22:01:27 +0000] [215] [INFO] Booting worker with pid: 215
[2026-03-23 22:01:27 +0000] [216] [INFO] Booting worker with pid: 216
[2026-03-23 22:01:27 +0000] [220] [INFO] Booting worker with pid: 220
[2026-03-23 22:01:27 +0000] [221] [INFO] Booting worker with pid: 221
[2026-03-23 22:01:27 +0000] [214] [INFO] Started server process [214]
[2026-03-23 22:01:27 +0000] [214] [INFO] Waiting for application startup.
[2026-03-23 22:01:27 +0000] [214] [INFO] Application startup complete.
[2026-03-23 22:01:27 +0000] [215] [INFO] Started server process [215]
[2026-03-23 22:01:27 +0000] [215] [INFO] Waiting for application startup.
[2026-03-23 22:01:27 +0000] [215] [INFO] Application startup complete.
[2026-03-23 22:01:27 +0000] [210] [INFO] Started server process [210]
[2026-03-23 22:01:27 +0000] [210] [INFO] Waiting for application startup.
[2026-03-23 22:01:27 +0000] [210] [INFO] Application startup complete.
[2026-03-23 22:01:27 +0000] [216] [INFO] Started server process [216]
[2026-03-23 22:01:27 +0000] [216] [INFO] Waiting for application startup.
[2026-03-23 22:01:27 +0000] [216] [INFO] Application startup complete.
[2026-03-23 22:01:27 +0000] [223] [INFO] Booting worker with pid: 223
[2026-03-23 22:01:28 +0000] [220] [INFO] Started server process [220]
[2026-03-23 22:01:28 +0000] [220] [INFO] Waiting for application startup.
[2026-03-23 22:01:28 +0000] [220] [INFO] Application startup complete.
[2026-03-23 22:01:28 +0000] [225] [INFO] Booting worker with pid: 225
[2026-03-23 22:01:28 +0000] [223] [INFO] Started server process [223]
[2026-03-23 22:01:28 +0000] [223] [INFO] Waiting for application startup.
[2026-03-23 22:01:28 +0000] [223] [INFO] Application startup complete.
[2026-03-23 22:01:28 +0000] [227] [INFO] Booting worker with pid: 227
[2026-03-23 22:01:28 +0000] [228] [INFO] Booting worker with pid: 228
[2026-03-23 22:01:28 +0000] [229] [INFO] Booting worker with pid: 229
[2026-03-23 22:01:28 +0000] [225] [INFO] Started server process [225]
[2026-03-23 22:01:28 +0000] [225] [INFO] Waiting for application startup.
[2026-03-23 22:01:28 +0000] [225] [INFO] Application startup complete.
[2026-03-23 22:01:28 +0000] [221] [INFO] Started server process [221]
[2026-03-23 22:01:28 +0000] [221] [INFO] Waiting for application startup.
[2026-03-23 22:01:28 +0000] [221] [INFO] Application startup complete.
[2026-03-23 22:01:28 +0000] [233] [INFO] Booting worker with pid: 233
[2026-03-23 22:01:28 +0000] [227] [INFO] Started server process [227]
[2026-03-23 22:01:28 +0000] [227] [INFO] Waiting for application startup.
[2026-03-23 22:01:28 +0000] [227] [INFO] Application startup complete.
[2026-03-23 22:01:28 +0000] [228] [INFO] Started server process [228]
[2026-03-23 22:01:28 +0000] [228] [INFO] Waiting for application startup.
[2026-03-23 22:01:28 +0000] [228] [INFO] Application startup complete.
[2026-03-23 22:01:28 +0000] [229] [INFO] Started server process [229]
[2026-03-23 22:01:28 +0000] [229] [INFO] Waiting for application startup.
[2026-03-23 22:01:28 +0000] [229] [INFO] Application startup complete.
[2026-03-23 22:01:28 +0000] [233] [INFO] Started server process [233]
[2026-03-23 22:01:28 +0000] [233] [INFO] Waiting for application startup.
[2026-03-23 22:01:28 +0000] [233] [INFO] Application startup complete.
[2026-03-23 22:01:28 +0000] [237] [INFO] Booting worker with pid: 237
[2026-03-23 22:01:28 +0000] [237] [INFO] Started server process [237]
[2026-03-23 22:01:28 +0000] [237] [INFO] Waiting for application startup.
[2026-03-23 22:01:28 +0000] [237] [INFO] Application startup complete.
[2026-03-23 22:01:28 +0000] [239] [INFO] Booting worker with pid: 239
[2026-03-23 22:01:28 +0000] [240] [INFO] Booting worker with pid: 240
[2026-03-23 22:01:28 +0000] [243] [INFO] Booting worker with pid: 243
[2026-03-23 22:01:28 +0000] [239] [INFO] Started server process [239]
[2026-03-23 22:01:28 +0000] [239] [INFO] Waiting for application startup.
[2026-03-23 22:01:28 +0000] [239] [INFO] Application startup complete.
[2026-03-23 22:01:28 +0000] [240] [INFO] Started server process [240]
[2026-03-23 22:01:28 +0000] [240] [INFO] Waiting for application startup.
[2026-03-23 22:01:28 +0000] [240] [INFO] Application startup complete.
[2026-03-23 22:01:28 +0000] [244] [INFO] Booting worker with pid: 244
[2026-03-23 22:01:28 +0000] [243] [INFO] Started server process [243]
[2026-03-23 22:01:28 +0000] [243] [INFO] Waiting for application startup.
[2026-03-23 22:01:28 +0000] [243] [INFO] Application startup complete.
[2026-03-23 22:01:28 +0000] [246] [INFO] Booting worker with pid: 246
[2026-03-23 22:01:28 +0000] [247] [INFO] Booting worker with pid: 247
[2026-03-23 22:01:28 +0000] [244] [INFO] Started server process [244]
[2026-03-23 22:01:28 +0000] [244] [INFO] Waiting for application startup.
[2026-03-23 22:01:28 +0000] [244] [INFO] Application startup complete.
[2026-03-23 22:01:28 +0000] [246] [INFO] Started server process [246]
[2026-03-23 22:01:28 +0000] [246] [INFO] Waiting for application startup.
[2026-03-23 22:01:28 +0000] [246] [INFO] Application startup complete.
[2026-03-23 22:01:28 +0000] [251] [INFO] Booting worker with pid: 251
[2026-03-23 22:01:28 +0000] [247] [INFO] Started server process [247]
[2026-03-23 22:01:28 +0000] [247] [INFO] Waiting for application startup.
[2026-03-23 22:01:28 +0000] [247] [INFO] Application startup complete.
[2026-03-23 22:01:28 +0000] [252] [INFO] Booting worker with pid: 252
[2026-03-23 22:01:28 +0000] [251] [INFO] Started server process [251]
[2026-03-23 22:01:28 +0000] [251] [INFO] Waiting for application startup.
[2026-03-23 22:01:28 +0000] [251] [INFO] Application startup complete.
[2026-03-23 22:01:28 +0000] [252] [INFO] Started server process [252]
[2026-03-23 22:01:28 +0000] [252] [INFO] Waiting for application startup.
[2026-03-23 22:01:28 +0000] [252] [INFO] Application startup complete.
[2026-03-23 22:01:28 +0000] [255] [INFO] Booting worker with pid: 255
[2026-03-23 22:01:28 +0000] [256] [INFO] Booting worker with pid: 256
[2026-03-23 22:01:28 +0000] [255] [INFO] Started server process [255]
[2026-03-23 22:01:28 +0000] [255] [INFO] Waiting for application startup.
[2026-03-23 22:01:28 +0000] [255] [INFO] Application startup complete.
[2026-03-23 22:01:28 +0000] [256] [INFO] Started server process [256]
[2026-03-23 22:01:28 +0000] [256] [INFO] Waiting for application startup.
[2026-03-23 22:01:28 +0000] [256] [INFO] Application startup complete.
[2026-03-23 22:01:28 +0000] [259] [INFO] Booting worker with pid: 259
[2026-03-23 22:01:28 +0000] [260] [INFO] Booting worker with pid: 260
[2026-03-23 22:01:28 +0000] [259] [INFO] Started server process [259]
[2026-03-23 22:01:28 +0000] [259] [INFO] Waiting for application startup.
[2026-03-23 22:01:28 +0000] [259] [INFO] Application startup complete.
[2026-03-23 22:01:28 +0000] [260] [INFO] Started server process [260]
[2026-03-23 22:01:28 +0000] [260] [INFO] Waiting for application startup.
[2026-03-23 22:01:28 +0000] [260] [INFO] Application startup complete.
[2026-03-23 22:01:28 +0000] [263] [INFO] Booting worker with pid: 263
[2026-03-23 22:01:28 +0000] [264] [INFO] Booting worker with pid: 264
[2026-03-23 22:01:28 +0000] [267] [INFO] Booting worker with pid: 267
[2026-03-23 22:01:28 +0000] [263] [INFO] Started server process [263]
[2026-03-23 22:01:28 +0000] [263] [INFO] Waiting for application startup.
[2026-03-23 22:01:28 +0000] [263] [INFO] Application startup complete.
[2026-03-23 22:01:28 +0000] [264] [INFO] Started server process [264]
[2026-03-23 22:01:28 +0000] [264] [INFO] Waiting for application startup.
[2026-03-23 22:01:28 +0000] [264] [INFO] Application startup complete.
[2026-03-23 22:01:28 +0000] [268] [INFO] Booting worker with pid: 268
[2026-03-23 22:01:28 +0000] [269] [INFO] Booting worker with pid: 269
[2026-03-23 22:01:28 +0000] [267] [INFO] Started server process [267]
[2026-03-23 22:01:28 +0000] [267] [INFO] Waiting for application startup.
[2026-03-23 22:01:29 +0000] [267] [INFO] Application startup complete.
[2026-03-23 22:01:29 +0000] [273] [INFO] Booting worker with pid: 273
[2026-03-23 22:01:29 +0000] [269] [INFO] Started server process [269]
[2026-03-23 22:01:29 +0000] [268] [INFO] Started server process [268]
[2026-03-23 22:01:29 +0000] [268] [INFO] Waiting for application startup.
[2026-03-23 22:01:29 +0000] [269] [INFO] Waiting for application startup.
[2026-03-23 22:01:29 +0000] [268] [INFO] Application startup complete.
[2026-03-23 22:01:29 +0000] [269] [INFO] Application startup complete.
[2026-03-23 22:01:29 +0000] [273] [INFO] Started server process [273]
[2026-03-23 22:01:29 +0000] [273] [INFO] Waiting for application startup.
[2026-03-23 22:01:29 +0000] [273] [INFO] Application startup complete.
[2026-03-23 22:01:29 +0000] [275] [INFO] Booting worker with pid: 275
[2026-03-23 22:01:29 +0000] [276] [INFO] Booting worker with pid: 276
[2026-03-23 22:01:29 +0000] [277] [INFO] Booting worker with pid: 277
[2026-03-23 22:01:29 +0000] [275] [INFO] Started server process [275]
[2026-03-23 22:01:29 +0000] [275] [INFO] Waiting for application startup.
[2026-03-23 22:01:29 +0000] [275] [INFO] Application startup complete.
[2026-03-23 22:01:29 +0000] [276] [INFO] Started server process [276]
[2026-03-23 22:01:29 +0000] [276] [INFO] Waiting for application startup.
[2026-03-23 22:01:29 +0000] [276] [INFO] Application startup complete.
[2026-03-23 22:01:29 +0000] [277] [INFO] Started server process [277]
[2026-03-23 22:01:29 +0000] [277] [INFO] Waiting for application startup.
[2026-03-23 22:01:29 +0000] [277] [INFO] Application startup complete.
[2026-03-23 22:01:29 +0000] [281] [INFO] Booting worker with pid: 281
[2026-03-23 22:01:29 +0000] [282] [INFO] Booting worker with pid: 282
[2026-03-23 22:01:29 +0000] [284] [INFO] Booting worker with pid: 284
[2026-03-23 22:01:29 +0000] [281] [INFO] Started server process [281]
[2026-03-23 22:01:29 +0000] [281] [INFO] Waiting for application startup.
[2026-03-23 22:01:29 +0000] [281] [INFO] Application startup complete.
[2026-03-23 22:01:29 +0000] [282] [INFO] Started server process [282]
[2026-03-23 22:01:29 +0000] [282] [INFO] Waiting for application startup.
[2026-03-23 22:01:29 +0000] [282] [INFO] Application startup complete.
[2026-03-23 22:01:29 +0000] [287] [INFO] Booting worker with pid: 287
[2026-03-23 22:01:29 +0000] [284] [INFO] Started server process [284]
[2026-03-23 22:01:29 +0000] [284] [INFO] Waiting for application startup.
[2026-03-23 22:01:29 +0000] [284] [INFO] Application startup complete.
[2026-03-23 22:01:29 +0000] [287] [INFO] Started server process [287]
[2026-03-23 22:01:29 +0000] [287] [INFO] Waiting for application startup.
[2026-03-23 22:01:29 +0000] [287] [INFO] Application startup complete.
[2026-03-23 22:01:29 +0000] [289] [INFO] Booting worker with pid: 289
[2026-03-23 22:01:29 +0000] [289] [INFO] Started server process [289]
[2026-03-23 22:01:29 +0000] [289] [INFO] Waiting for application startup.
[2026-03-23 22:01:29 +0000] [289] [INFO] Application startup complete.
[2026-03-23 22:01:29 +0000] [291] [INFO] Booting worker with pid: 291
[2026-03-23 22:01:29 +0000] [291] [INFO] Started server process [291]
[2026-03-23 22:01:29 +0000] [291] [INFO] Waiting for application startup.
[2026-03-23 22:01:29 +0000] [291] [INFO] Application startup complete.
[2026-03-23 22:01:29 +0000] [293] [INFO] Booting worker with pid: 293
[2026-03-23 22:01:29 +0000] [293] [INFO] Started server process [293]
[2026-03-23 22:01:29 +0000] [293] [INFO] Waiting for application startup.
[2026-03-23 22:01:29 +0000] [293] [INFO] Application startup complete.
[2026-03-23 22:01:29 +0000] [295] [INFO] Booting worker with pid: 295
[2026-03-23 22:01:29 +0000] [295] [INFO] Started server process [295]
[2026-03-23 22:01:29 +0000] [295] [INFO] Waiting for application startup.
[2026-03-23 22:01:29 +0000] [295] [INFO] Application startup complete.
[2026-03-23 22:01:29 +0000] [297] [INFO] Booting worker with pid: 297
[2026-03-23 22:01:29 +0000] [297] [INFO] Started server process [297]
[2026-03-23 22:01:29 +0000] [297] [INFO] Waiting for application startup.
[2026-03-23 22:01:29 +0000] [297] [INFO] Application startup complete.
[2026-03-23 22:01:29 +0000] [299] [INFO] Booting worker with pid: 299
[2026-03-23 22:01:29 +0000] [300] [INFO] Booting worker with pid: 300
[2026-03-23 22:01:29 +0000] [301] [INFO] Booting worker with pid: 301
[2026-03-23 22:01:29 +0000] [299] [INFO] Started server process [299]
[2026-03-23 22:01:29 +0000] [299] [INFO] Waiting for application startup.
[2026-03-23 22:01:29 +0000] [299] [INFO] Application startup complete.
[2026-03-23 22:01:29 +0000] [300] [INFO] Started server process [300]
[2026-03-23 22:01:29 +0000] [300] [INFO] Waiting for application startup.
[2026-03-23 22:01:29 +0000] [300] [INFO] Application startup complete.
[2026-03-23 22:01:29 +0000] [304] [INFO] Booting worker with pid: 304
[2026-03-23 22:01:29 +0000] [301] [INFO] Started server process [301]
[2026-03-23 22:01:29 +0000] [301] [INFO] Waiting for application startup.
[2026-03-23 22:01:29 +0000] [301] [INFO] Application startup complete.
[2026-03-23 22:01:29 +0000] [306] [INFO] Booting worker with pid: 306
[2026-03-23 22:01:30 +0000] [304] [INFO] Started server process [304]
[2026-03-23 22:01:30 +0000] [304] [INFO] Waiting for application startup.
[2026-03-23 22:01:30 +0000] [304] [INFO] Application startup complete.
[2026-03-23 22:01:30 +0000] [309] [INFO] Booting worker with pid: 309
[2026-03-23 22:01:30 +0000] [306] [INFO] Started server process [306]
[2026-03-23 22:01:30 +0000] [306] [INFO] Waiting for application startup.
[2026-03-23 22:01:30 +0000] [306] [INFO] Application startup complete.
[2026-03-23 22:01:30 +0000] [310] [INFO] Booting worker with pid: 310
[2026-03-23 22:01:30 +0000] [309] [INFO] Started server process [309]
[2026-03-23 22:01:30 +0000] [309] [INFO] Waiting for application startup.
[2026-03-23 22:01:30 +0000] [309] [INFO] Application startup complete.
[2026-03-23 22:01:30 +0000] [310] [INFO] Started server process [310]
[2026-03-23 22:01:30 +0000] [310] [INFO] Waiting for application startup.
[2026-03-23 22:01:30 +0000] [310] [INFO] Application startup complete.
[2026-03-23 22:01:30 +0000] [313] [INFO] Booting worker with pid: 313
[2026-03-23 22:01:30 +0000] [313] [INFO] Started server process [313]
[2026-03-23 22:01:30 +0000] [313] [INFO] Waiting for application startup.
[2026-03-23 22:01:30 +0000] [313] [INFO] Application startup complete.
[2026-03-23 22:01:30 +0000] [315] [INFO] Booting worker with pid: 315
[2026-03-23 22:01:30 +0000] [316] [INFO] Booting worker with pid: 316
[2026-03-23 22:01:30 +0000] [317] [INFO] Booting worker with pid: 317
[2026-03-23 22:01:30 +0000] [315] [INFO] Started server process [315]
[2026-03-23 22:01:30 +0000] [315] [INFO] Waiting for application startup.
[2026-03-23 22:01:30 +0000] [315] [INFO] Application startup complete.
[2026-03-23 22:01:30 +0000] [316] [INFO] Started server process [316]
[2026-03-23 22:01:30 +0000] [316] [INFO] Waiting for application startup.
[2026-03-23 22:01:30 +0000] [316] [INFO] Application startup complete.
[2026-03-23 22:01:30 +0000] [317] [INFO] Started server process [317]
[2026-03-23 22:01:30 +0000] [317] [INFO] Waiting for application startup.
[2026-03-23 22:01:30 +0000] [317] [INFO] Application startup complete.
[2026-03-23 22:01:30 +0000] [321] [INFO] Booting worker with pid: 321
[2026-03-23 22:01:30 +0000] [321] [INFO] Started server process [321]
[2026-03-23 22:01:30 +0000] [321] [INFO] Waiting for application startup.
[2026-03-23 22:01:30 +0000] [321] [INFO] Application startup complete.
[2026-03-23 22:01:30 +0000] [323] [INFO] Booting worker with pid: 323
[2026-03-23 22:01:30 +0000] [323] [INFO] Started server process [323]
[2026-03-23 22:01:30 +0000] [323] [INFO] Waiting for application startup.
[2026-03-23 22:01:30 +0000] [323] [INFO] Application startup complete.
[2026-03-23 22:01:30 +0000] [325] [INFO] Booting worker with pid: 325
[2026-03-23 22:01:30 +0000] [326] [INFO] Booting worker with pid: 326
[2026-03-23 22:01:30 +0000] [325] [INFO] Started server process [325]
[2026-03-23 22:01:30 +0000] [325] [INFO] Waiting for application startup.
[2026-03-23 22:01:30 +0000] [325] [INFO] Application startup complete.
[2026-03-23 22:01:30 +0000] [326] [INFO] Started server process [326]
[2026-03-23 22:01:30 +0000] [326] [INFO] Waiting for application startup.
[2026-03-23 22:01:30 +0000] [326] [INFO] Application startup complete.
[2026-03-23 22:01:30 +0000] [329] [INFO] Booting worker with pid: 329
[2026-03-23 22:01:30 +0000] [329] [INFO] Started server process [329]
[2026-03-23 22:01:30 +0000] [329] [INFO] Waiting for application startup.
[2026-03-23 22:01:30 +0000] [329] [INFO] Application startup complete.
[2026-03-23 22:01:30 +0000] [331] [INFO] Booting worker with pid: 331
[2026-03-23 22:01:30 +0000] [332] [INFO] Booting worker with pid: 332
[2026-03-23 22:01:30 +0000] [333] [INFO] Booting worker with pid: 333
[2026-03-23 22:01:30 +0000] [331] [INFO] Started server process [331]
[2026-03-23 22:01:30 +0000] [331] [INFO] Waiting for application startup.
[2026-03-23 22:01:30 +0000] [331] [INFO] Application startup complete.
[2026-03-23 22:01:30 +0000] [335] [INFO] Booting worker with pid: 335
[2026-03-23 22:01:30 +0000] [332] [INFO] Started server process [332]
[2026-03-23 22:01:30 +0000] [332] [INFO] Waiting for application startup.
[2026-03-23 22:01:30 +0000] [332] [INFO] Application startup complete.
[2026-03-23 22:01:30 +0000] [337] [INFO] Booting worker with pid: 337
[2026-03-23 22:01:30 +0000] [335] [INFO] Started server process [335]
[2026-03-23 22:01:30 +0000] [335] [INFO] Waiting for application startup.
[2026-03-23 22:01:30 +0000] [335] [INFO] Application startup complete.
[2026-03-23 22:01:30 +0000] [339] [INFO] Booting worker with pid: 339
[2026-03-23 22:01:30 +0000] [341] [INFO] Booting worker with pid: 341
[2026-03-23 22:01:30 +0000] [337] [INFO] Started server process [337]
[2026-03-23 22:01:30 +0000] [337] [INFO] Waiting for application startup.
[2026-03-23 22:01:30 +0000] [337] [INFO] Application startup complete.
[2026-03-23 22:01:30 +0000] [333] [INFO] Started server process [333]
[2026-03-23 22:01:30 +0000] [333] [INFO] Waiting for application startup.
[2026-03-23 22:01:30 +0000] [333] [INFO] Application startup complete.
[2026-03-23 22:01:30 +0000] [343] [INFO] Booting worker with pid: 343
[2026-03-23 22:01:30 +0000] [345] [INFO] Booting worker with pid: 345
[2026-03-23 22:01:30 +0000] [339] [INFO] Started server process [339]
[2026-03-23 22:01:30 +0000] [339] [INFO] Waiting for application startup.
[2026-03-23 22:01:30 +0000] [339] [INFO] Application startup complete.
[2026-03-23 22:01:30 +0000] [346] [INFO] Booting worker with pid: 346
[2026-03-23 22:01:31 +0000] [341] [INFO] Started server process [341]
[2026-03-23 22:01:31 +0000] [341] [INFO] Waiting for application startup.
[2026-03-23 22:01:31 +0000] [341] [INFO] Application startup complete.
[2026-03-23 22:01:31 +0000] [348] [INFO] Booting worker with pid: 348
[2026-03-23 22:01:31 +0000] [343] [INFO] Started server process [343]
[2026-03-23 22:01:31 +0000] [343] [INFO] Waiting for application startup.
[2026-03-23 22:01:31 +0000] [343] [INFO] Application startup complete.
[2026-03-23 22:01:31 +0000] [345] [INFO] Started server process [345]
[2026-03-23 22:01:31 +0000] [345] [INFO] Waiting for application startup.
[2026-03-23 22:01:31 +0000] [345] [INFO] Application startup complete.
[2026-03-23 22:01:31 +0000] [346] [INFO] Started server process [346]
[2026-03-23 22:01:31 +0000] [346] [INFO] Waiting for application startup.
[2026-03-23 22:01:31 +0000] [346] [INFO] Application startup complete.
[2026-03-23 22:01:31 +0000] [352] [INFO] Booting worker with pid: 352
[2026-03-23 22:01:31 +0000] [348] [INFO] Started server process [348]
[2026-03-23 22:01:31 +0000] [348] [INFO] Waiting for application startup.
[2026-03-23 22:01:31 +0000] [348] [INFO] Application startup complete.
[2026-03-23 22:01:31 +0000] [355] [INFO] Booting worker with pid: 355
[2026-03-23 22:01:31 +0000] [352] [INFO] Started server process [352]
[2026-03-23 22:01:31 +0000] [352] [INFO] Waiting for application startup.
[2026-03-23 22:01:31 +0000] [352] [INFO] Application startup complete.
[2026-03-23 22:01:31 +0000] [357] [INFO] Booting worker with pid: 357
[2026-03-23 22:01:31 +0000] [355] [INFO] Started server process [355]
[2026-03-23 22:01:31 +0000] [355] [INFO] Waiting for application startup.
[2026-03-23 22:01:31 +0000] [355] [INFO] Application startup complete.
[2026-03-23 22:01:31 +0000] [358] [INFO] Booting worker with pid: 358
[2026-03-23 22:01:31 +0000] [357] [INFO] Started server process [357]
[2026-03-23 22:01:31 +0000] [357] [INFO] Waiting for application startup.
[2026-03-23 22:01:31 +0000] [357] [INFO] Application startup complete.
[2026-03-23 22:01:31 +0000] [358] [INFO] Started server process [358]
[2026-03-23 22:01:31 +0000] [358] [INFO] Waiting for application startup.
[2026-03-23 22:01:31 +0000] [358] [INFO] Application startup complete.
[2026-03-23 22:01:31 +0000] [361] [INFO] Booting worker with pid: 361
[2026-03-23 22:01:31 +0000] [362] [INFO] Booting worker with pid: 362
[2026-03-23 22:01:31 +0000] [363] [INFO] Booting worker with pid: 363
[2026-03-23 22:01:31 +0000] [361] [INFO] Started server process [361]
[2026-03-23 22:01:31 +0000] [361] [INFO] Waiting for application startup.
[2026-03-23 22:01:31 +0000] [361] [INFO] Application startup complete.
[2026-03-23 22:01:31 +0000] [362] [INFO] Started server process [362]
[2026-03-23 22:01:31 +0000] [362] [INFO] Waiting for application startup.
[2026-03-23 22:01:31 +0000] [362] [INFO] Application startup complete.
[2026-03-23 22:01:31 +0000] [363] [INFO] Started server process [363]
[2026-03-23 22:01:31 +0000] [363] [INFO] Waiting for application startup.
[2026-03-23 22:01:31 +0000] [363] [INFO] Application startup complete.
[2026-03-23 22:01:31 +0000] [367] [INFO] Booting worker with pid: 367
[2026-03-23 22:01:31 +0000] [368] [INFO] Booting worker with pid: 368
[2026-03-23 22:01:31 +0000] [367] [INFO] Started server process [367]
[2026-03-23 22:01:31 +0000] [367] [INFO] Waiting for application startup.
[2026-03-23 22:01:31 +0000] [367] [INFO] Application startup complete.
[2026-03-23 22:01:31 +0000] [371] [INFO] Booting worker with pid: 371
[2026-03-23 22:01:31 +0000] [368] [INFO] Started server process [368]
[2026-03-23 22:01:31 +0000] [368] [INFO] Waiting for application startup.
[2026-03-23 22:01:31 +0000] [368] [INFO] Application startup complete.
[2026-03-23 22:01:31 +0000] [372] [INFO] Booting worker with pid: 372
[2026-03-23 22:01:31 +0000] [373] [INFO] Booting worker with pid: 373
[2026-03-23 22:01:31 +0000] [375] [INFO] Booting worker with pid: 375
[2026-03-23 22:01:31 +0000] [371] [INFO] Started server process [371]
[2026-03-23 22:01:31 +0000] [371] [INFO] Waiting for application startup.
[2026-03-23 22:01:31 +0000] [371] [INFO] Application startup complete.
[2026-03-23 22:01:31 +0000] [372] [INFO] Started server process [372]
[2026-03-23 22:01:31 +0000] [372] [INFO] Waiting for application startup.
[2026-03-23 22:01:31 +0000] [372] [INFO] Application startup complete.
[2026-03-23 22:01:31 +0000] [373] [INFO] Started server process [373]
[2026-03-23 22:01:31 +0000] [373] [INFO] Waiting for application startup.
[2026-03-23 22:01:31 +0000] [373] [INFO] Application startup complete.
[2026-03-23 22:01:31 +0000] [378] [INFO] Booting worker with pid: 378
[2026-03-23 22:01:31 +0000] [380] [INFO] Booting worker with pid: 380
[2026-03-23 22:01:31 +0000] [375] [INFO] Started server process [375]
[2026-03-23 22:01:31 +0000] [375] [INFO] Waiting for application startup.
[2026-03-23 22:01:31 +0000] [375] [INFO] Application startup complete.
[2026-03-23 22:01:31 +0000] [381] [INFO] Booting worker with pid: 381
[2026-03-23 22:01:31 +0000] [378] [INFO] Started server process [378]
[2026-03-23 22:01:31 +0000] [378] [INFO] Waiting for application startup.
[2026-03-23 22:01:31 +0000] [378] [INFO] Application startup complete.
[2026-03-23 22:01:31 +0000] [384] [INFO] Booting worker with pid: 384
[2026-03-23 22:01:31 +0000] [380] [INFO] Started server process [380]
[2026-03-23 22:01:31 +0000] [380] [INFO] Waiting for application startup.
[2026-03-23 22:01:31 +0000] [380] [INFO] Application startup complete.
[2026-03-23 22:01:31 +0000] [386] [INFO] Booting worker with pid: 386
[2026-03-23 22:01:32 +0000] [387] [INFO] Booting worker with pid: 387
[2026-03-23 22:01:32 +0000] [381] [INFO] Started server process [381]
[2026-03-23 22:01:32 +0000] [381] [INFO] Waiting for application startup.
[2026-03-23 22:01:32 +0000] [381] [INFO] Application startup complete.
[2026-03-23 22:01:32 +0000] [388] [INFO] Booting worker with pid: 388
[2026-03-23 22:01:32 +0000] [387] [INFO] Started server process [387]
[2026-03-23 22:01:32 +0000] [387] [INFO] Waiting for application startup.
[2026-03-23 22:01:32 +0000] [387] [INFO] Application startup complete.
[2026-03-23 22:01:32 +0000] [390] [INFO] Booting worker with pid: 390
[2026-03-23 22:01:32 +0000] [386] [INFO] Started server process [386]
[2026-03-23 22:01:32 +0000] [386] [INFO] Waiting for application startup.
[2026-03-23 22:01:32 +0000] [386] [INFO] Application startup complete.
[2026-03-23 22:01:32 +0000] [392] [INFO] Booting worker with pid: 392
[2026-03-23 22:01:32 +0000] [384] [INFO] Started server process [384]
[2026-03-23 22:01:32 +0000] [384] [INFO] Waiting for application startup.
[2026-03-23 22:01:32 +0000] [384] [INFO] Application startup complete.
[2026-03-23 22:01:32 +0000] [388] [INFO] Started server process [388]
[2026-03-23 22:01:32 +0000] [388] [INFO] Waiting for application startup.
[2026-03-23 22:01:32 +0000] [388] [INFO] Application startup complete.
[2026-03-23 22:01:32 +0000] [395] [INFO] Booting worker with pid: 395
[2026-03-23 22:01:32 +0000] [392] [INFO] Started server process [392]
[2026-03-23 22:01:32 +0000] [392] [INFO] Waiting for application startup.
[2026-03-23 22:01:32 +0000] [392] [INFO] Application startup complete.
[2026-03-23 22:01:32 +0000] [397] [INFO] Booting worker with pid: 397
[2026-03-23 22:01:32 +0000] [398] [INFO] Booting worker with pid: 398
[2026-03-23 22:01:32 +0000] [395] [INFO] Started server process [395]
[2026-03-23 22:01:32 +0000] [395] [INFO] Waiting for application startup.
[2026-03-23 22:01:32 +0000] [395] [INFO] Application startup complete.
[2026-03-23 22:01:32 +0000] [400] [INFO] Booting worker with pid: 400
[2026-03-23 22:01:32 +0000] [397] [INFO] Started server process [397]
[2026-03-23 22:01:32 +0000] [397] [INFO] Waiting for application startup.
[2026-03-23 22:01:32 +0000] [397] [INFO] Application startup complete.
[2026-03-23 22:01:32 +0000] [398] [INFO] Started server process [398]
[2026-03-23 22:01:32 +0000] [398] [INFO] Waiting for application startup.
[2026-03-23 22:01:32 +0000] [398] [INFO] Application startup complete.
[2026-03-23 22:01:32 +0000] [403] [INFO] Booting worker with pid: 403
[2026-03-23 22:01:32 +0000] [404] [INFO] Booting worker with pid: 404
[2026-03-23 22:01:32 +0000] [403] [INFO] Started server process [403]
[2026-03-23 22:01:32 +0000] [403] [INFO] Waiting for application startup.
[2026-03-23 22:01:32 +0000] [403] [INFO] Application startup complete.
[2026-03-23 22:01:32 +0000] [408] [INFO] Booting worker with pid: 408
[2026-03-23 22:01:32 +0000] [400] [INFO] Started server process [400]
[2026-03-23 22:01:32 +0000] [400] [INFO] Waiting for application startup.
[2026-03-23 22:01:32 +0000] [400] [INFO] Application startup complete.
[2026-03-23 22:01:32 +0000] [410] [INFO] Booting worker with pid: 410
[2026-03-23 22:01:32 +0000] [404] [INFO] Started server process [404]
[2026-03-23 22:01:32 +0000] [404] [INFO] Waiting for application startup.
[2026-03-23 22:01:32 +0000] [404] [INFO] Application startup complete.
[2026-03-23 22:01:32 +0000] [390] [INFO] Started server process [390]
[2026-03-23 22:01:32 +0000] [390] [INFO] Waiting for application startup.
[2026-03-23 22:01:32 +0000] [390] [INFO] Application startup complete.
[2026-03-23 22:01:32 +0000] [411] [INFO] Booting worker with pid: 411
[2026-03-23 22:01:32 +0000] [408] [INFO] Started server process [408]
[2026-03-23 22:01:32 +0000] [408] [INFO] Waiting for application startup.
[2026-03-23 22:01:32 +0000] [408] [INFO] Application startup complete.
[2026-03-23 22:01:32 +0000] [413] [INFO] Booting worker with pid: 413
[2026-03-23 22:01:33 +0000] [414] [INFO] Booting worker with pid: 414
[2026-03-23 22:01:33 +0000] [415] [INFO] Booting worker with pid: 415
[2026-03-23 22:01:33 +0000] [410] [INFO] Started server process [410]
[2026-03-23 22:01:33 +0000] [410] [INFO] Waiting for application startup.
[2026-03-23 22:01:33 +0000] [410] [INFO] Application startup complete.
[2026-03-23 22:01:33 +0000] [418] [INFO] Booting worker with pid: 418
[2026-03-23 22:01:33 +0000] [411] [INFO] Started server process [411]
[2026-03-23 22:01:33 +0000] [411] [INFO] Waiting for application startup.
[2026-03-23 22:01:33 +0000] [411] [INFO] Application startup complete.
[2026-03-23 22:01:33 +0000] [419] [INFO] Booting worker with pid: 419
[2026-03-23 22:01:33 +0000] [421] [INFO] Booting worker with pid: 421
[2026-03-23 22:01:33 +0000] [414] [INFO] Started server process [414]
[2026-03-23 22:01:33 +0000] [414] [INFO] Waiting for application startup.
[2026-03-23 22:01:33 +0000] [414] [INFO] Application startup complete.
[2026-03-23 22:01:33 +0000] [423] [INFO] Booting worker with pid: 423
[2026-03-23 22:01:33 +0000] [413] [INFO] Started server process [413]
[2026-03-23 22:01:33 +0000] [413] [INFO] Waiting for application startup.
[2026-03-23 22:01:33 +0000] [413] [INFO] Application startup complete.
[2026-03-23 22:01:33 +0000] [424] [INFO] Booting worker with pid: 424
[2026-03-23 22:01:33 +0000] [418] [INFO] Started server process [418]
[2026-03-23 22:01:33 +0000] [418] [INFO] Waiting for application startup.
[2026-03-23 22:01:33 +0000] [418] [INFO] Application startup complete.
[2026-03-23 22:01:33 +0000] [426] [INFO] Booting worker with pid: 426
[2026-03-23 22:01:33 +0000] [428] [INFO] Booting worker with pid: 428
[2026-03-23 22:01:33 +0000] [429] [INFO] Booting worker with pid: 429
[2026-03-23 22:01:33 +0000] [415] [INFO] Started server process [415]
[2026-03-23 22:01:33 +0000] [415] [INFO] Waiting for application startup.
[2026-03-23 22:01:33 +0000] [415] [INFO] Application startup complete.
[2026-03-23 22:01:33 +0000] [424] [INFO] Started server process [424]
[2026-03-23 22:01:33 +0000] [424] [INFO] Waiting for application startup.
[2026-03-23 22:01:33 +0000] [424] [INFO] Application startup complete.
[2026-03-23 22:01:33 +0000] [432] [INFO] Booting worker with pid: 432
[2026-03-23 22:01:33 +0000] [428] [INFO] Started server process [428]
[2026-03-23 22:01:33 +0000] [428] [INFO] Waiting for application startup.
[2026-03-23 22:01:33 +0000] [428] [INFO] Application startup complete.
[2026-03-23 22:01:33 +0000] [434] [INFO] Booting worker with pid: 434
[2026-03-23 22:01:33 +0000] [423] [INFO] Started server process [423]
[2026-03-23 22:01:33 +0000] [423] [INFO] Waiting for application startup.
[2026-03-23 22:01:33 +0000] [423] [INFO] Application startup complete.
[2026-03-23 22:01:33 +0000] [429] [INFO] Started server process [429]
[2026-03-23 22:01:33 +0000] [429] [INFO] Waiting for application startup.
[2026-03-23 22:01:33 +0000] [429] [INFO] Application startup complete.
[2026-03-23 22:01:33 +0000] [426] [INFO] Started server process [426]
[2026-03-23 22:01:33 +0000] [426] [INFO] Waiting for application startup.
[2026-03-23 22:01:33 +0000] [426] [INFO] Application startup complete.
[2026-03-23 22:01:33 +0000] [437] [INFO] Booting worker with pid: 437
[2026-03-23 22:01:33 +0000] [440] [INFO] Booting worker with pid: 440
[2026-03-23 22:01:33 +0000] [442] [INFO] Booting worker with pid: 442
[2026-03-23 22:01:33 +0000] [444] [INFO] Booting worker with pid: 444
[2026-03-23 22:01:33 +0000] [437] [INFO] Started server process [437]
[2026-03-23 22:01:33 +0000] [437] [INFO] Waiting for application startup.
[2026-03-23 22:01:33 +0000] [437] [INFO] Application startup complete.
[2026-03-23 22:01:33 +0000] [432] [INFO] Started server process [432]
[2026-03-23 22:01:33 +0000] [432] [INFO] Waiting for application startup.
[2026-03-23 22:01:33 +0000] [432] [INFO] Application startup complete.
[2026-03-23 22:01:33 +0000] [419] [INFO] Started server process [419]
[2026-03-23 22:01:33 +0000] [419] [INFO] Waiting for application startup.
[2026-03-23 22:01:33 +0000] [419] [INFO] Application startup complete.
[2026-03-23 22:01:33 +0000] [421] [INFO] Started server process [421]
[2026-03-23 22:01:33 +0000] [421] [INFO] Waiting for application startup.
[2026-03-23 22:01:33 +0000] [421] [INFO] Application startup complete.
[2026-03-23 22:01:33 +0000] [446] [INFO] Booting worker with pid: 446
[2026-03-23 22:01:33 +0000] [434] [INFO] Started server process [434]
[2026-03-23 22:01:33 +0000] [434] [INFO] Waiting for application startup.
[2026-03-23 22:01:33 +0000] [434] [INFO] Application startup complete.
[2026-03-23 22:01:33 +0000] [449] [INFO] Booting worker with pid: 449
[2026-03-23 22:01:33 +0000] [442] [INFO] Started server process [442]
[2026-03-23 22:01:33 +0000] [442] [INFO] Waiting for application startup.
[2026-03-23 22:01:33 +0000] [442] [INFO] Application startup complete.
[2026-03-23 22:01:34 +0000] [446] [INFO] Started server process [446]
[2026-03-23 22:01:34 +0000] [446] [INFO] Waiting for application startup.
[2026-03-23 22:01:34 +0000] [446] [INFO] Application startup complete.
[2026-03-23 22:01:34 +0000] [451] [INFO] Booting worker with pid: 451
[2026-03-23 22:01:34 +0000] [452] [INFO] Booting worker with pid: 452
[2026-03-23 22:01:34 +0000] [449] [INFO] Started server process [449]
[2026-03-23 22:01:34 +0000] [449] [INFO] Waiting for application startup.
[2026-03-23 22:01:34 +0000] [449] [INFO] Application startup complete.
[2026-03-23 22:01:34 +0000] [440] [INFO] Started server process [440]
[2026-03-23 22:01:34 +0000] [440] [INFO] Waiting for application startup.
[2026-03-23 22:01:34 +0000] [444] [INFO] Started server process [444]
[2026-03-23 22:01:34 +0000] [444] [INFO] Waiting for application startup.
[2026-03-23 22:01:34 +0000] [444] [INFO] Application startup complete.
[2026-03-23 22:01:34 +0000] [440] [INFO] Application startup complete.
[2026-03-23 22:01:34 +0000] [455] [INFO] Booting worker with pid: 455
[2026-03-23 22:01:34 +0000] [457] [INFO] Booting worker with pid: 457
[2026-03-23 22:01:34 +0000] [452] [INFO] Started server process [452]
[2026-03-23 22:01:34 +0000] [452] [INFO] Waiting for application startup.
[2026-03-23 22:01:34 +0000] [452] [INFO] Application startup complete.
[2026-03-23 22:01:34 +0000] [459] [INFO] Booting worker with pid: 459
[2026-03-23 22:01:34 +0000] [451] [INFO] Started server process [451]
[2026-03-23 22:01:34 +0000] [451] [INFO] Waiting for application startup.
[2026-03-23 22:01:34 +0000] [451] [INFO] Application startup complete.
[2026-03-23 22:01:34 +0000] [461] [INFO] Booting worker with pid: 461
[2026-03-23 22:01:34 +0000] [455] [INFO] Started server process [455]
[2026-03-23 22:01:34 +0000] [455] [INFO] Waiting for application startup.
[2026-03-23 22:01:34 +0000] [455] [INFO] Application startup complete.
[2026-03-23 22:01:34 +0000] [462] [INFO] Booting worker with pid: 462
[2026-03-23 22:01:34 +0000] [463] [INFO] Booting worker with pid: 463
[2026-03-23 22:01:34 +0000] [461] [INFO] Started server process [461]
[2026-03-23 22:01:34 +0000] [461] [INFO] Waiting for application startup.
[2026-03-23 22:01:34 +0000] [461] [INFO] Application startup complete.
[2026-03-23 22:01:34 +0000] [467] [INFO] Booting worker with pid: 467
[2026-03-23 22:01:34 +0000] [462] [INFO] Started server process [462]
[2026-03-23 22:01:34 +0000] [462] [INFO] Waiting for application startup.
[2026-03-23 22:01:34 +0000] [462] [INFO] Application startup complete.
[2026-03-23 22:01:34 +0000] [469] [INFO] Booting worker with pid: 469
[2026-03-23 22:01:34 +0000] [463] [INFO] Started server process [463]
[2026-03-23 22:01:34 +0000] [463] [INFO] Waiting for application startup.
[2026-03-23 22:01:34 +0000] [463] [INFO] Application startup complete.
[2026-03-23 22:01:34 +0000] [457] [INFO] Started server process [457]
[2026-03-23 22:01:34 +0000] [457] [INFO] Waiting for application startup.
[2026-03-23 22:01:34 +0000] [457] [INFO] Application startup complete.
[2026-03-23 22:01:34 +0000] [471] [INFO] Booting worker with pid: 471
[2026-03-23 22:01:34 +0000] [459] [INFO] Started server process [459]
[2026-03-23 22:01:34 +0000] [459] [INFO] Waiting for application startup.
[2026-03-23 22:01:34 +0000] [459] [INFO] Application startup complete.
[2026-03-23 22:01:34 +0000] [472] [INFO] Booting worker with pid: 472
[2026-03-23 22:01:34 +0000] [473] [INFO] Booting worker with pid: 473
[2026-03-23 22:01:34 +0000] [475] [INFO] Booting worker with pid: 475
[2026-03-23 22:01:34 +0000] [469] [INFO] Started server process [469]
[2026-03-23 22:01:34 +0000] [469] [INFO] Waiting for application startup.
[2026-03-23 22:01:34 +0000] [469] [INFO] Application startup complete.
[2026-03-23 22:01:34 +0000] [477] [INFO] Booting worker with pid: 477
[2026-03-23 22:01:35 +0000] [475] [INFO] Started server process [475]
[2026-03-23 22:01:35 +0000] [475] [INFO] Waiting for application startup.
[2026-03-23 22:01:35 +0000] [475] [INFO] Application startup complete.
[2026-03-23 22:01:35 +0000] [481] [INFO] Booting worker with pid: 481
[2026-03-23 22:01:35 +0000] [467] [INFO] Started server process [467]
[2026-03-23 22:01:35 +0000] [467] [INFO] Waiting for application startup.
[2026-03-23 22:01:35 +0000] [467] [INFO] Application startup complete.
[2026-03-23 22:01:35 +0000] [472] [INFO] Started server process [472]
[2026-03-23 22:01:35 +0000] [472] [INFO] Waiting for application startup.
[2026-03-23 22:01:35 +0000] [472] [INFO] Application startup complete.
[2026-03-23 22:01:35 +0000] [484] [INFO] Booting worker with pid: 484
[2026-03-23 22:01:35 +0000] [477] [INFO] Started server process [477]
[2026-03-23 22:01:35 +0000] [477] [INFO] Waiting for application startup.
[2026-03-23 22:01:35 +0000] [477] [INFO] Application startup complete.
[2026-03-23 22:01:35 +0000] [471] [INFO] Started server process [471]
[2026-03-23 22:01:35 +0000] [471] [INFO] Waiting for application startup.
[2026-03-23 22:01:35 +0000] [471] [INFO] Application startup complete.
[2026-03-23 22:01:35 +0000] [485] [INFO] Booting worker with pid: 485
[2026-03-23 22:01:35 +0000] [473] [INFO] Started server process [473]
[2026-03-23 22:01:35 +0000] [473] [INFO] Waiting for application startup.
[2026-03-23 22:01:35 +0000] [473] [INFO] Application startup complete.
[2026-03-23 22:01:35 +0000] [481] [INFO] Started server process [481]
[2026-03-23 22:01:35 +0000] [481] [INFO] Waiting for application startup.
[2026-03-23 22:01:35 +0000] [481] [INFO] Application startup complete.
[2026-03-23 22:01:35 +0000] [487] [INFO] Booting worker with pid: 487
[2026-03-23 22:01:35 +0000] [484] [INFO] Started server process [484]
[2026-03-23 22:01:35 +0000] [484] [INFO] Waiting for application startup.
[2026-03-23 22:01:35 +0000] [484] [INFO] Application startup complete.
[2026-03-23 22:01:35 +0000] [485] [INFO] Started server process [485]
[2026-03-23 22:01:35 +0000] [485] [INFO] Waiting for application startup.
[2026-03-23 22:01:35 +0000] [485] [INFO] Application startup complete.
[2026-03-23 22:01:35 +0000] [491] [INFO] Booting worker with pid: 491
[2026-03-23 22:01:35 +0000] [487] [INFO] Started server process [487]
[2026-03-23 22:01:35 +0000] [487] [INFO] Waiting for application startup.
[2026-03-23 22:01:35 +0000] [487] [INFO] Application startup complete.
[2026-03-23 22:01:35 +0000] [492] [INFO] Booting worker with pid: 492
[2026-03-23 22:01:35 +0000] [493] [INFO] Booting worker with pid: 493
[2026-03-23 22:01:35 +0000] [494] [INFO] Booting worker with pid: 494
[2026-03-23 22:01:35 +0000] [495] [INFO] Booting worker with pid: 495
[2026-03-23 22:01:35 +0000] [491] [INFO] Started server process [491]
[2026-03-23 22:01:35 +0000] [491] [INFO] Waiting for application startup.
[2026-03-23 22:01:35 +0000] [491] [INFO] Application startup complete.
[2026-03-23 22:01:35 +0000] [497] [INFO] Booting worker with pid: 497
[2026-03-23 22:01:35 +0000] [498] [INFO] Booting worker with pid: 498
[2026-03-23 22:01:35 +0000] [492] [INFO] Started server process [492]
[2026-03-23 22:01:35 +0000] [492] [INFO] Waiting for application startup.
[2026-03-23 22:01:35 +0000] [492] [INFO] Application startup complete.
[2026-03-23 22:01:35 +0000] [494] [INFO] Started server process [494]
[2026-03-23 22:01:35 +0000] [494] [INFO] Waiting for application startup.
[2026-03-23 22:01:35 +0000] [494] [INFO] Application startup complete.
[2026-03-23 22:01:35 +0000] [493] [INFO] Started server process [493]
[2026-03-23 22:01:35 +0000] [493] [INFO] Waiting for application startup.
[2026-03-23 22:01:35 +0000] [493] [INFO] Application startup complete.
[2026-03-23 22:01:35 +0000] [495] [INFO] Started server process [495]
[2026-03-23 22:01:35 +0000] [495] [INFO] Waiting for application startup.
[2026-03-23 22:01:35 +0000] [495] [INFO] Application startup complete.
[2026-03-23 22:01:35 +0000] [497] [INFO] Started server process [497]
[2026-03-23 22:01:35 +0000] [497] [INFO] Waiting for application startup.
[2026-03-23 22:01:35 +0000] [497] [INFO] Application startup complete.
[2026-03-23 22:01:35 +0000] [498] [INFO] Started server process [498]
[2026-03-23 22:01:35 +0000] [498] [INFO] Waiting for application startup.
[2026-03-23 22:01:35 +0000] [498] [INFO] Application startup complete.
[2026-03-23 22:01:35 +0000] [505] [INFO] Booting worker with pid: 505
[2026-03-23 22:01:35 +0000] [506] [INFO] Booting worker with pid: 506
[2026-03-23 22:01:35 +0000] [505] [INFO] Started server process [505]
[2026-03-23 22:01:35 +0000] [505] [INFO] Waiting for application startup.
[2026-03-23 22:01:35 +0000] [505] [INFO] Application startup complete.
[2026-03-23 22:01:35 +0000] [509] [INFO] Booting worker with pid: 509
[2026-03-23 22:01:35 +0000] [506] [INFO] Started server process [506]
[2026-03-23 22:01:35 +0000] [506] [INFO] Waiting for application startup.
[2026-03-23 22:01:35 +0000] [506] [INFO] Application startup complete.
[2026-03-23 22:01:35 +0000] [511] [INFO] Booting worker with pid: 511
[2026-03-23 22:01:35 +0000] [509] [INFO] Started server process [509]
[2026-03-23 22:01:35 +0000] [509] [INFO] Waiting for application startup.
[2026-03-23 22:01:35 +0000] [509] [INFO] Application startup complete.
[2026-03-23 22:01:35 +0000] [512] [INFO] Booting worker with pid: 512
[2026-03-23 22:01:36 +0000] [511] [INFO] Started server process [511]
[2026-03-23 22:01:36 +0000] [511] [INFO] Waiting for application startup.
[2026-03-23 22:01:36 +0000] [511] [INFO] Application startup complete.
[2026-03-23 22:01:36 +0000] [512] [INFO] Started server process [512]
[2026-03-23 22:01:36 +0000] [512] [INFO] Waiting for application startup.
[2026-03-23 22:01:36 +0000] [512] [INFO] Application startup complete.
[2026-03-23 22:01:36 +0000] [515] [INFO] Booting worker with pid: 515
[2026-03-23 22:01:36 +0000] [517] [INFO] Booting worker with pid: 517
[2026-03-23 22:01:36 +0000] [515] [INFO] Started server process [515]
[2026-03-23 22:01:36 +0000] [515] [INFO] Waiting for application startup.
[2026-03-23 22:01:36 +0000] [515] [INFO] Application startup complete.
[2026-03-23 22:01:36 +0000] [517] [INFO] Started server process [517]
[2026-03-23 22:01:36 +0000] [517] [INFO] Waiting for application startup.
[2026-03-23 22:01:36 +0000] [517] [INFO] Application startup complete.
