[1] Puma starting in cluster mode...
[1] * Puma version: 6.6.1 ("Return to Forever")
[1] * Ruby version: ruby 3.4.9 (2026-03-11 revision 76cca827ab) +PRISM [x86_64-linux]
[1] *  Min threads: 4
[1] *  Max threads: 4
[1] *  Environment: development
[1] *   Master PID: 1
[1] *      Workers: 128
[1] *     Restarts: (✔) hot (✖) phased (✖) refork
[1] * Preloading application
[1] * Listening on http://0.0.0.0:8080
[1] Use Ctrl-C to stop
[1] - Worker 0 (PID: 8) booted in 0.3s, phase: 0
[1] - Worker 1 (PID: 11) booted in 0.3s, phase: 0
[1] - Worker 2 (PID: 15) booted in 0.3s, phase: 0
[1] - Worker 3 (PID: 23) booted in 0.3s, phase: 0
[1] - Worker 4 (PID: 31) booted in 0.3s, phase: 0
[1] - Worker 5 (PID: 39) booted in 0.3s, phase: 0
[1] - Worker 6 (PID: 56) booted in 0.3s, phase: 0
[1] - Worker 7 (PID: 68) booted in 0.29s, phase: 0
[1] - Worker 8 (PID: 93) booted in 0.29s, phase: 0
[1] - Worker 9 (PID: 99) booted in 0.29s, phase: 0
[1] - Worker 10 (PID: 115) booted in 0.29s, phase: 0
[1] - Worker 11 (PID: 126) booted in 0.29s, phase: 0
[1] - Worker 12 (PID: 135) booted in 0.29s, phase: 0
[1] - Worker 13 (PID: 147) booted in 0.29s, phase: 0
[1] - Worker 14 (PID: 171) booted in 0.28s, phase: 0
[1] - Worker 15 (PID: 180) booted in 0.28s, phase: 0
[1] - Worker 16 (PID: 187) booted in 0.28s, phase: 0
[1] - Worker 17 (PID: 195) booted in 0.28s, phase: 0
[1] - Worker 18 (PID: 207) booted in 0.27s, phase: 0
[1] - Worker 19 (PID: 220) booted in 0.27s, phase: 0
[1] - Worker 20 (PID: 231) booted in 0.27s, phase: 0
[1] - Worker 21 (PID: 243) booted in 0.27s, phase: 0
[1] - Worker 22 (PID: 254) booted in 0.27s, phase: 0
[1] - Worker 23 (PID: 267) booted in 0.27s, phase: 0
[1] - Worker 24 (PID: 279) booted in 0.27s, phase: 0
[1] - Worker 25 (PID: 291) booted in 0.26s, phase: 0
[1] - Worker 26 (PID: 303) booted in 0.26s, phase: 0
[1] - Worker 27 (PID: 315) booted in 0.26s, phase: 0
[1] - Worker 28 (PID: 327) booted in 0.26s, phase: 0
[1] - Worker 29 (PID: 348) booted in 0.26s, phase: 0
[1] - Worker 30 (PID: 363) booted in 0.25s, phase: 0
[1] - Worker 31 (PID: 367) booted in 0.25s, phase: 0
[1] - Worker 32 (PID: 375) booted in 0.25s, phase: 0
[1] - Worker 33 (PID: 386) booted in 0.25s, phase: 0
[1] - Worker 34 (PID: 398) booted in 0.25s, phase: 0
[1] - Worker 35 (PID: 409) booted in 0.25s, phase: 0
[1] - Worker 36 (PID: 420) booted in 0.25s, phase: 0
[1] - Worker 37 (PID: 431) booted in 0.24s, phase: 0
[1] - Worker 38 (PID: 446) booted in 0.24s, phase: 0
[1] - Worker 39 (PID: 457) booted in 0.24s, phase: 0
[1] - Worker 40 (PID: 469) booted in 0.24s, phase: 0
[1] - Worker 41 (PID: 483) booted in 0.24s, phase: 0
[1] - Worker 42 (PID: 492) booted in 0.23s, phase: 0
[1] - Worker 43 (PID: 507) booted in 0.23s, phase: 0
[1] - Worker 44 (PID: 519) booted in 0.23s, phase: 0
[1] - Worker 45 (PID: 529) booted in 0.23s, phase: 0
[1] - Worker 46 (PID: 543) booted in 0.23s, phase: 0
[1] - Worker 47 (PID: 555) booted in 0.23s, phase: 0
[1] - Worker 48 (PID: 565) booted in 0.23s, phase: 0
[1] - Worker 49 (PID: 579) booted in 0.22s, phase: 0
[1] - Worker 50 (PID: 591) booted in 0.22s, phase: 0
[1] - Worker 51 (PID: 600) booted in 0.22s, phase: 0
[1] - Worker 52 (PID: 614) booted in 0.22s, phase: 0
[1] - Worker 53 (PID: 625) booted in 0.22s, phase: 0
[1] - Worker 54 (PID: 639) booted in 0.22s, phase: 0
[1] - Worker 55 (PID: 650) booted in 0.21s, phase: 0
[1] - Worker 56 (PID: 662) booted in 0.21s, phase: 0
[1] - Worker 57 (PID: 675) booted in 0.21s, phase: 0
[1] - Worker 58 (PID: 687) booted in 0.21s, phase: 0
[1] - Worker 59 (PID: 696) booted in 0.21s, phase: 0
[1] - Worker 60 (PID: 709) booted in 0.2s, phase: 0
[1] - Worker 61 (PID: 723) booted in 0.2s, phase: 0
[1] - Worker 62 (PID: 736) booted in 0.2s, phase: 0
[1] - Worker 63 (PID: 747) booted in 0.2s, phase: 0
[1] - Worker 64 (PID: 755) booted in 0.2s, phase: 0
[1] - Worker 65 (PID: 770) booted in 0.2s, phase: 0
[1] - Worker 66 (PID: 781) booted in 0.19s, phase: 0
[1] - Worker 67 (PID: 795) booted in 0.19s, phase: 0
[1] - Worker 68 (PID: 813) booted in 0.19s, phase: 0
[1] - Worker 69 (PID: 823) booted in 0.19s, phase: 0
[1] - Worker 70 (PID: 835) booted in 0.19s, phase: 0
[1] - Worker 71 (PID: 842) booted in 0.18s, phase: 0
[1] - Worker 72 (PID: 852) booted in 0.18s, phase: 0
[1] - Worker 73 (PID: 865) booted in 0.18s, phase: 0
[1] - Worker 74 (PID: 878) booted in 0.18s, phase: 0
[1] - Worker 75 (PID: 890) booted in 0.18s, phase: 0
[1] - Worker 76 (PID: 903) booted in 0.18s, phase: 0
[1] - Worker 77 (PID: 914) booted in 0.17s, phase: 0
[1] - Worker 78 (PID: 926) booted in 0.17s, phase: 0
[1] - Worker 79 (PID: 940) booted in 0.17s, phase: 0
[1] - Worker 80 (PID: 956) booted in 0.17s, phase: 0
[1] - Worker 81 (PID: 967) booted in 0.17s, phase: 0
[1] - Worker 82 (PID: 979) booted in 0.16s, phase: 0
[1] - Worker 83 (PID: 987) booted in 0.16s, phase: 0
[1] - Worker 84 (PID: 999) booted in 0.16s, phase: 0
[1] - Worker 85 (PID: 1011) booted in 0.16s, phase: 0
[1] - Worker 86 (PID: 1022) booted in 0.16s, phase: 0
[1] - Worker 87 (PID: 1035) booted in 0.16s, phase: 0
[1] - Worker 88 (PID: 1045) booted in 0.15s, phase: 0
[1] - Worker 89 (PID: 1056) booted in 0.15s, phase: 0
[1] - Worker 90 (PID: 1072) booted in 0.15s, phase: 0
[1] - Worker 91 (PID: 1087) booted in 0.15s, phase: 0
[1] - Worker 92 (PID: 1098) booted in 0.15s, phase: 0
[1] - Worker 93 (PID: 1116) booted in 0.14s, phase: 0
[1] - Worker 94 (PID: 1124) booted in 0.14s, phase: 0
[1] - Worker 95 (PID: 1135) booted in 0.14s, phase: 0
[1] - Worker 96 (PID: 1140) booted in 0.14s, phase: 0
[1] - Worker 97 (PID: 1155) booted in 0.13s, phase: 0
[1] - Worker 98 (PID: 1167) booted in 0.13s, phase: 0
[1] - Worker 99 (PID: 1181) booted in 0.13s, phase: 0
[1] - Worker 100 (PID: 1192) booted in 0.13s, phase: 0
[1] - Worker 101 (PID: 1203) booted in 0.13s, phase: 0
[1] - Worker 102 (PID: 1213) booted in 0.13s, phase: 0
[1] - Worker 103 (PID: 1225) booted in 0.12s, phase: 0
[1] - Worker 104 (PID: 1238) booted in 0.12s, phase: 0
[1] - Worker 105 (PID: 1251) booted in 0.12s, phase: 0
[1] - Worker 106 (PID: 1262) booted in 0.12s, phase: 0
[1] - Worker 107 (PID: 1275) booted in 0.12s, phase: 0
[1] - Worker 108 (PID: 1282) booted in 0.12s, phase: 0
[1] - Worker 109 (PID: 1290) booted in 0.11s, phase: 0
[1] - Worker 110 (PID: 1293) booted in 0.11s, phase: 0
[1] - Worker 111 (PID: 1324) booted in 0.1s, phase: 0
[1] - Worker 112 (PID: 1339) booted in 0.1s, phase: 0
[1] - Worker 113 (PID: 1355) booted in 0.1s, phase: 0
[1] - Worker 114 (PID: 1363) booted in 0.09s, phase: 0
[1] - Worker 115 (PID: 1374) booted in 0.09s, phase: 0
[1] - Worker 116 (PID: 1382) booted in 0.09s, phase: 0
[1] - Worker 117 (PID: 1395) booted in 0.09s, phase: 0
[1] - Worker 118 (PID: 1407) booted in 0.09s, phase: 0
[1] - Worker 119 (PID: 1424) booted in 0.08s, phase: 0
[1] - Worker 120 (PID: 1440) booted in 0.08s, phase: 0
[1] - Worker 121 (PID: 1448) booted in 0.08s, phase: 0
[1] - Worker 122 (PID: 1459) booted in 0.07s, phase: 0
[1] - Worker 123 (PID: 1471) booted in 0.07s, phase: 0
[1] - Worker 124 (PID: 1484) booted in 0.07s, phase: 0
[1] - Worker 125 (PID: 1495) booted in 0.07s, phase: 0
[1] - Worker 126 (PID: 1507) booted in 0.06s, phase: 0
[1] - Worker 127 (PID: 1515) booted in 0.06s, phase: 0
