{"level":"info","ts":1776988886.7346761,"msg":"maxprocs: Leaving GOMAXPROCS=64: CPU quota undefined"}
{"level":"info","ts":1776988886.734697,"msg":"GOMEMLIMIT is updated","GOMEMLIMIT":243039869337,"previous":9223372036854775807}
{"level":"info","ts":1776988886.7347,"msg":"using config from file","file":"/etc/caddy/Caddyfile"}
{"level":"info","ts":1776988886.7347016,"msg":"adapted config to JSON","adapter":"caddyfile"}
{"level":"warn","ts":1776988886.734704,"logger":"admin","msg":"admin endpoint disabled"}
{"level":"info","ts":1776988886.736103,"logger":"tls.cache.maintenance","msg":"started background certificate maintenance","cache":"0x305c277ba180"}
{"level":"info","ts":1776988886.7369509,"logger":"http.auto_https","msg":"automatic HTTPS is completely disabled for server","server_name":"srv0"}
{"level":"info","ts":1776988886.736969,"logger":"http.auto_https","msg":"automatic HTTPS is completely disabled for server","server_name":"srv1"}
{"level":"info","ts":1776988886.8824854,"logger":"frankenphp","msg":"async worker thread started","worker":"m#/app/worker.php","thread":2}
{"level":"info","ts":1776988886.8824563,"logger":"frankenphp","msg":"async worker thread started","worker":"m#/app/worker.php","thread":1}
{"level":"info","ts":1776988886.883065,"logger":"frankenphp","msg":"async worker thread started","worker":"m#/app/worker.php","thread":3}
{"level":"info","ts":1776988886.8830733,"logger":"frankenphp","msg":"async worker thread started","worker":"m#/app/worker.php","thread":4}
{"level":"info","ts":1776988886.8831553,"logger":"frankenphp","msg":"async worker thread started","worker":"m#/app/worker.php","thread":6}
{"level":"info","ts":1776988886.8831615,"logger":"frankenphp","msg":"async worker thread started","worker":"m#/app/worker.php","thread":5}
{"level":"info","ts":1776988886.8831666,"logger":"frankenphp","msg":"async worker thread started","worker":"m#/app/worker.php","thread":7}
{"level":"info","ts":1776988886.8832452,"logger":"frankenphp","msg":"async worker thread started","worker":"m#/app/worker.php","thread":8}
{"level":"info","ts":1776988886.883254,"logger":"frankenphp","msg":"async worker thread started","worker":"m#/app/worker.php","thread":9}
{"level":"info","ts":1776988886.883295,"logger":"frankenphp","msg":"async worker thread started","worker":"m#/app/worker.php","thread":10}
{"level":"info","ts":1776988886.8834858,"logger":"frankenphp","msg":"async worker thread started","worker":"m#/app/worker.php","thread":11}
{"level":"info","ts":1776988886.8834908,"logger":"frankenphp","msg":"async worker thread started","worker":"m#/app/worker.php","thread":12}
{"level":"info","ts":1776988886.883569,"logger":"frankenphp","msg":"async worker thread started","worker":"m#/app/worker.php","thread":13}
{"level":"info","ts":1776988886.883713,"logger":"frankenphp","msg":"async worker thread started","worker":"m#/app/worker.php","thread":14}
{"level":"info","ts":1776988886.883806,"logger":"frankenphp","msg":"async worker thread started","worker":"m#/app/worker.php","thread":15}
{"level":"info","ts":1776988886.8838634,"logger":"frankenphp","msg":"async worker thread started","worker":"m#/app/worker.php","thread":16}
{"level":"info","ts":1776988886.883979,"logger":"frankenphp","msg":"async worker thread started","worker":"m#/app/worker.php","thread":17}
{"level":"info","ts":1776988886.8842416,"logger":"frankenphp","msg":"async worker thread started","worker":"m#/app/worker.php","thread":20}
{"level":"info","ts":1776988886.8841279,"logger":"frankenphp","msg":"async worker thread started","worker":"m#/app/worker.php","thread":18}
{"level":"info","ts":1776988886.884326,"logger":"frankenphp","msg":"async worker thread started","worker":"m#/app/worker.php","thread":19}
{"level":"info","ts":1776988886.8847606,"logger":"frankenphp","msg":"async worker thread started","worker":"m#/app/worker.php","thread":25}
{"level":"info","ts":1776988886.8848703,"logger":"frankenphp","msg":"async worker thread started","worker":"m#/app/worker.php","thread":24}
{"level":"info","ts":1776988886.884929,"logger":"frankenphp","msg":"async worker thread started","worker":"m#/app/worker.php","thread":23}
{"level":"info","ts":1776988886.8845556,"logger":"frankenphp","msg":"async worker thread started","worker":"m#/app/worker.php","thread":22}
{"level":"info","ts":1776988886.8845336,"logger":"frankenphp","msg":"async worker thread started","worker":"m#/app/worker.php","thread":21}
{"level":"info","ts":1776988886.8852842,"logger":"frankenphp","msg":"async worker thread started","worker":"m#/app/worker.php","thread":26}
{"level":"info","ts":1776988886.8853092,"logger":"frankenphp","msg":"async worker thread started","worker":"m#/app/worker.php","thread":27}
{"level":"info","ts":1776988886.8854046,"logger":"frankenphp","msg":"async worker thread started","worker":"m#/app/worker.php","thread":28}
{"level":"info","ts":1776988886.8854384,"logger":"frankenphp","msg":"async worker thread started","worker":"m#/app/worker.php","thread":29}
{"level":"info","ts":1776988886.8855264,"logger":"frankenphp","msg":"async worker thread started","worker":"m#/app/worker.php","thread":30}
{"level":"info","ts":1776988886.8855398,"logger":"frankenphp","msg":"async worker thread started","worker":"m#/app/worker.php","thread":31}
{"level":"info","ts":1776988886.9026895,"logger":"frankenphp","msg":"async worker thread started","worker":"m#/app/worker.php","thread":32}
{"level":"info","ts":1776988886.902789,"logger":"frankenphp","msg":"async worker thread started","worker":"m#/app/worker.php","thread":33}
{"level":"info","ts":1776988886.9028385,"logger":"frankenphp","msg":"async worker thread started","worker":"m#/app/worker.php","thread":34}
{"level":"info","ts":1776988886.9030092,"logger":"frankenphp","msg":"async worker thread started","worker":"m#/app/worker.php","thread":35}
{"level":"info","ts":1776988886.920741,"logger":"frankenphp","msg":"async worker thread started","worker":"m#/app/worker.php","thread":36}
{"level":"info","ts":1776988886.920754,"logger":"frankenphp","msg":"async worker thread started","worker":"m#/app/worker.php","thread":37}
{"level":"info","ts":1776988886.9208527,"logger":"frankenphp","msg":"async worker thread started","worker":"m#/app/worker.php","thread":39}
{"level":"info","ts":1776988886.9208806,"logger":"frankenphp","msg":"async worker thread started","worker":"m#/app/worker.php","thread":38}
{"level":"info","ts":1776988886.9209452,"logger":"frankenphp","msg":"async worker thread started","worker":"m#/app/worker.php","thread":40}
{"level":"info","ts":1776988886.9210932,"logger":"frankenphp","msg":"async worker thread started","worker":"m#/app/worker.php","thread":42}
{"level":"info","ts":1776988886.9211233,"logger":"frankenphp","msg":"async worker thread started","worker":"m#/app/worker.php","thread":41}
{"level":"info","ts":1776988886.9211943,"logger":"frankenphp","msg":"async worker thread started","worker":"m#/app/worker.php","thread":43}
{"level":"info","ts":1776988886.9212036,"logger":"frankenphp","msg":"async worker thread started","worker":"m#/app/worker.php","thread":44}
{"level":"info","ts":1776988886.9212892,"logger":"frankenphp","msg":"async worker thread started","worker":"m#/app/worker.php","thread":45}
{"level":"info","ts":1776988886.9213204,"logger":"frankenphp","msg":"async worker thread started","worker":"m#/app/worker.php","thread":46}
{"level":"info","ts":1776988886.9215028,"logger":"frankenphp","msg":"async worker thread started","worker":"m#/app/worker.php","thread":47}
{"level":"info","ts":1776988886.9215777,"logger":"frankenphp","msg":"async worker thread started","worker":"m#/app/worker.php","thread":48}
{"level":"info","ts":1776988886.9216092,"logger":"frankenphp","msg":"async worker thread started","worker":"m#/app/worker.php","thread":49}
{"level":"info","ts":1776988886.9220114,"logger":"frankenphp","msg":"async worker thread started","worker":"m#/app/worker.php","thread":56}
{"level":"info","ts":1776988886.921717,"logger":"frankenphp","msg":"async worker thread started","worker":"m#/app/worker.php","thread":50}
{"level":"info","ts":1776988886.9217684,"logger":"frankenphp","msg":"async worker thread started","worker":"m#/app/worker.php","thread":52}
{"level":"info","ts":1776988886.9218082,"logger":"frankenphp","msg":"async worker thread started","worker":"m#/app/worker.php","thread":51}
{"level":"info","ts":1776988886.9218583,"logger":"frankenphp","msg":"async worker thread started","worker":"m#/app/worker.php","thread":53}
{"level":"info","ts":1776988886.9219348,"logger":"frankenphp","msg":"async worker thread started","worker":"m#/app/worker.php","thread":54}
{"level":"info","ts":1776988886.921956,"logger":"frankenphp","msg":"async worker thread started","worker":"m#/app/worker.php","thread":55}
{"level":"info","ts":1776988886.944721,"logger":"frankenphp","msg":"async worker thread started","worker":"m#/app/worker.php","thread":57}
{"level":"info","ts":1776988886.9447823,"logger":"frankenphp","msg":"async worker thread started","worker":"m#/app/worker.php","thread":58}
{"level":"info","ts":1776988886.9448793,"logger":"frankenphp","msg":"async worker thread started","worker":"m#/app/worker.php","thread":59}
{"level":"info","ts":1776988886.9450257,"logger":"frankenphp","msg":"async worker thread started","worker":"m#/app/worker.php","thread":60}
{"level":"info","ts":1776988886.945052,"logger":"frankenphp","msg":"async worker thread started","worker":"m#/app/worker.php","thread":62}
{"level":"info","ts":1776988886.9450529,"logger":"frankenphp","msg":"async worker thread started","worker":"m#/app/worker.php","thread":61}
{"level":"info","ts":1776988886.946296,"logger":"frankenphp","msg":"async worker thread started","worker":"m#/app/worker.php","thread":63}
{"level":"info","ts":1776988886.9463668,"logger":"frankenphp","msg":"async worker thread started","worker":"m#/app/worker.php","thread":64}
{"level":"info","ts":1776988886.9463782,"logger":"frankenphp","msg":"async worker thread started","worker":"m#/app/worker.php_0","thread":65}
{"level":"info","ts":1776988886.9464464,"logger":"frankenphp","msg":"async worker thread started","worker":"m#/app/worker.php_0","thread":66}
{"level":"info","ts":1776988886.9464507,"logger":"frankenphp","msg":"async worker thread started","worker":"m#/app/worker.php_0","thread":67}
{"level":"info","ts":1776988886.9465277,"logger":"frankenphp","msg":"async worker thread started","worker":"m#/app/worker.php_0","thread":68}
{"level":"info","ts":1776988886.9465284,"logger":"frankenphp","msg":"async worker thread started","worker":"m#/app/worker.php_0","thread":69}
{"level":"info","ts":1776988886.9465508,"logger":"frankenphp","msg":"async worker thread started","worker":"m#/app/worker.php_0","thread":70}
{"level":"info","ts":1776988886.9466095,"logger":"frankenphp","msg":"async worker thread started","worker":"m#/app/worker.php_0","thread":71}
{"level":"info","ts":1776988886.9466183,"logger":"frankenphp","msg":"async worker thread started","worker":"m#/app/worker.php_0","thread":72}
{"level":"info","ts":1776988886.9466865,"logger":"frankenphp","msg":"async worker thread started","worker":"m#/app/worker.php_0","thread":73}
{"level":"info","ts":1776988886.9467819,"logger":"frankenphp","msg":"async worker thread started","worker":"m#/app/worker.php_0","thread":75}
{"level":"info","ts":1776988886.9467645,"logger":"frankenphp","msg":"async worker thread started","worker":"m#/app/worker.php_0","thread":74}
{"level":"info","ts":1776988886.94682,"logger":"frankenphp","msg":"async worker thread started","worker":"m#/app/worker.php_0","thread":76}
{"level":"info","ts":1776988886.946877,"logger":"frankenphp","msg":"async worker thread started","worker":"m#/app/worker.php_0","thread":77}
{"level":"info","ts":1776988886.9687538,"logger":"frankenphp","msg":"async worker thread started","worker":"m#/app/worker.php_0","thread":78}
{"level":"info","ts":1776988886.9687748,"logger":"frankenphp","msg":"async worker thread started","worker":"m#/app/worker.php_0","thread":79}
{"level":"info","ts":1776988886.9688578,"logger":"frankenphp","msg":"async worker thread started","worker":"m#/app/worker.php_0","thread":80}
{"level":"info","ts":1776988886.9688592,"logger":"frankenphp","msg":"async worker thread started","worker":"m#/app/worker.php_0","thread":81}
{"level":"info","ts":1776988886.9689398,"logger":"frankenphp","msg":"async worker thread started","worker":"m#/app/worker.php_0","thread":83}
{"level":"info","ts":1776988886.9689393,"logger":"frankenphp","msg":"async worker thread started","worker":"m#/app/worker.php_0","thread":82}
{"level":"info","ts":1776988886.9689953,"logger":"frankenphp","msg":"async worker thread started","worker":"m#/app/worker.php_0","thread":84}
{"level":"info","ts":1776988886.9691017,"logger":"frankenphp","msg":"async worker thread started","worker":"m#/app/worker.php_0","thread":85}
{"level":"info","ts":1776988886.969164,"logger":"frankenphp","msg":"async worker thread started","worker":"m#/app/worker.php_0","thread":87}
{"level":"info","ts":1776988886.969204,"logger":"frankenphp","msg":"async worker thread started","worker":"m#/app/worker.php_0","thread":88}
{"level":"info","ts":1776988886.9692094,"logger":"frankenphp","msg":"async worker thread started","worker":"m#/app/worker.php_0","thread":89}
{"level":"info","ts":1776988886.9693022,"logger":"frankenphp","msg":"async worker thread started","worker":"m#/app/worker.php_0","thread":86}
{"level":"info","ts":1776988886.96931,"logger":"frankenphp","msg":"async worker thread started","worker":"m#/app/worker.php_0","thread":90}
{"level":"info","ts":1776988886.9694085,"logger":"frankenphp","msg":"async worker thread started","worker":"m#/app/worker.php_0","thread":92}
{"level":"info","ts":1776988886.9694018,"logger":"frankenphp","msg":"async worker thread started","worker":"m#/app/worker.php_0","thread":91}
{"level":"info","ts":1776988886.9694545,"logger":"frankenphp","msg":"async worker thread started","worker":"m#/app/worker.php_0","thread":93}
{"level":"info","ts":1776988886.9695866,"logger":"frankenphp","msg":"async worker thread started","worker":"m#/app/worker.php_0","thread":95}
{"level":"info","ts":1776988886.9695992,"logger":"frankenphp","msg":"async worker thread started","worker":"m#/app/worker.php_0","thread":96}
{"level":"info","ts":1776988886.969649,"logger":"frankenphp","msg":"async worker thread started","worker":"m#/app/worker.php_0","thread":97}
{"level":"info","ts":1776988886.969683,"logger":"frankenphp","msg":"async worker thread started","worker":"m#/app/worker.php_0","thread":98}
{"level":"info","ts":1776988886.969582,"logger":"frankenphp","msg":"async worker thread started","worker":"m#/app/worker.php_0","thread":94}
{"level":"info","ts":1776988886.9698062,"logger":"frankenphp","msg":"async worker thread started","worker":"m#/app/worker.php_0","thread":99}
{"level":"info","ts":1776988886.9699216,"logger":"frankenphp","msg":"async worker thread started","worker":"m#/app/worker.php_0","thread":100}
{"level":"info","ts":1776988886.970003,"logger":"frankenphp","msg":"async worker thread started","worker":"m#/app/worker.php_0","thread":102}
{"level":"info","ts":1776988886.9701293,"logger":"frankenphp","msg":"async worker thread started","worker":"m#/app/worker.php_0","thread":103}
{"level":"info","ts":1776988886.9701643,"logger":"frankenphp","msg":"async worker thread started","worker":"m#/app/worker.php_0","thread":104}
{"level":"info","ts":1776988886.9702096,"logger":"frankenphp","msg":"async worker thread started","worker":"m#/app/worker.php_0","thread":101}
{"level":"info","ts":1776988886.9702892,"logger":"frankenphp","msg":"async worker thread started","worker":"m#/app/worker.php_0","thread":105}
{"level":"info","ts":1776988886.970364,"logger":"frankenphp","msg":"async worker thread started","worker":"m#/app/worker.php_0","thread":106}
{"level":"info","ts":1776988886.9704041,"logger":"frankenphp","msg":"async worker thread started","worker":"m#/app/worker.php_0","thread":108}
{"level":"info","ts":1776988886.970368,"logger":"frankenphp","msg":"async worker thread started","worker":"m#/app/worker.php_0","thread":107}
{"level":"info","ts":1776988886.9704497,"logger":"frankenphp","msg":"async worker thread started","worker":"m#/app/worker.php_0","thread":109}
{"level":"info","ts":1776988886.9706829,"logger":"frankenphp","msg":"async worker thread started","worker":"m#/app/worker.php_0","thread":112}
{"level":"info","ts":1776988886.9706967,"logger":"frankenphp","msg":"async worker thread started","worker":"m#/app/worker.php_0","thread":110}
{"level":"info","ts":1776988886.9706476,"logger":"frankenphp","msg":"async worker thread started","worker":"m#/app/worker.php_0","thread":111}
{"level":"info","ts":1776988886.9707558,"logger":"frankenphp","msg":"async worker thread started","worker":"m#/app/worker.php_0","thread":113}
{"level":"info","ts":1776988886.9716713,"logger":"frankenphp","msg":"async worker thread started","worker":"m#/app/worker.php_0","thread":115}
{"level":"info","ts":1776988886.9717252,"logger":"frankenphp","msg":"async worker thread started","worker":"m#/app/worker.php_0","thread":116}
{"level":"info","ts":1776988886.9717317,"logger":"frankenphp","msg":"async worker thread started","worker":"m#/app/worker.php_0","thread":114}
{"level":"info","ts":1776988886.9717662,"logger":"frankenphp","msg":"async worker thread started","worker":"m#/app/worker.php_0","thread":117}
{"level":"info","ts":1776988886.9718282,"logger":"frankenphp","msg":"async worker thread started","worker":"m#/app/worker.php_0","thread":118}
{"level":"info","ts":1776988886.9720054,"logger":"frankenphp","msg":"async worker thread started","worker":"m#/app/worker.php_0","thread":121}
{"level":"info","ts":1776988886.971871,"logger":"frankenphp","msg":"async worker thread started","worker":"m#/app/worker.php_0","thread":120}
{"level":"info","ts":1776988886.972005,"logger":"frankenphp","msg":"async worker thread started","worker":"m#/app/worker.php_0","thread":119}
{"level":"info","ts":1776988886.972062,"logger":"frankenphp","msg":"async worker thread started","worker":"m#/app/worker.php_0","thread":122}
{"level":"info","ts":1776988886.9720929,"logger":"frankenphp","msg":"async worker thread started","worker":"m#/app/worker.php_0","thread":123}
{"level":"info","ts":1776988886.9721572,"logger":"frankenphp","msg":"async worker thread started","worker":"m#/app/worker.php_0","thread":124}
{"level":"info","ts":1776988886.9721885,"logger":"frankenphp","msg":"async worker thread started","worker":"m#/app/worker.php_0","thread":125}
{"level":"info","ts":1776988886.9726005,"logger":"frankenphp","msg":"FrankenPHP started 🐘","php_version":"8.6.0-dev","num_threads":129,"max_threads":129}
{"level":"info","ts":1776988886.9722445,"logger":"frankenphp","msg":"async worker thread started","worker":"m#/app/worker.php_0","thread":127}
{"level":"info","ts":1776988886.9722161,"logger":"frankenphp","msg":"async worker thread started","worker":"m#/app/worker.php_0","thread":126}
{"level":"info","ts":1776988886.972272,"logger":"frankenphp","msg":"async worker thread started","worker":"m#/app/worker.php_0","thread":128}
{"level":"warn","ts":1776988886.9735367,"logger":"http","msg":"HTTP/2 skipped because it requires TLS","network":"tcp","addr":":8080"}
{"level":"warn","ts":1776988886.9735456,"logger":"http","msg":"HTTP/3 skipped because it requires TLS","network":"tcp","addr":":8080"}
{"level":"info","ts":1776988886.9735477,"logger":"http.log","msg":"server running","name":"srv0","protocols":["h1","h2","h3"]}
{"level":"info","ts":1776988886.9736416,"logger":"http","msg":"enabling HTTP/3 listener","addr":":8443"}
{"level":"info","ts":1776988886.975222,"logger":"http.log","msg":"server running","name":"srv1","protocols":["h1","h2","h3"]}
{"level":"info","ts":1776988886.978327,"msg":"autosaved config (load with --resume flag)","file":"/root/.config/caddy/autosave.json"}
{"level":"info","ts":1776988886.9783456,"msg":"serving initial configuration"}
{"level":"info","ts":1776988886.9822628,"logger":"tls","msg":"cleaning storage unit","storage":"FileStorage:/root/.local/share/caddy"}
{"level":"info","ts":1776988886.9862237,"logger":"tls","msg":"finished cleaning storage units"}
