[1] Puma starting in cluster mode...
[1] * Puma version: 6.6.1 ("Return to Forever")
[1] * Ruby version: ruby 3.4.9 (2026-03-11 revision 76cca827ab) +PRISM [x86_64-linux]
[1] *  Min threads: 4
[1] *  Max threads: 4
[1] *  Environment: development
[1] *   Master PID: 1
[1] *      Workers: 128
[1] *     Restarts: (✔) hot (✖) phased (✖) refork
[1] * Preloading application
[1] * Listening on http://0.0.0.0:8080
[1] Use Ctrl-C to stop
[1] - Worker 0 (PID: 8) booted in 0.31s, phase: 0
[1] - Worker 1 (PID: 11) booted in 0.31s, phase: 0
[1] - Worker 2 (PID: 19) booted in 0.3s, phase: 0
[1] - Worker 3 (PID: 22) booted in 0.3s, phase: 0
[1] - Worker 4 (PID: 40) booted in 0.3s, phase: 0
[1] - Worker 5 (PID: 55) booted in 0.3s, phase: 0
[1] - Worker 6 (PID: 63) booted in 0.3s, phase: 0
[1] - Worker 7 (PID: 71) booted in 0.29s, phase: 0
[1] - Worker 8 (PID: 89) booted in 0.29s, phase: 0
[1] - Worker 9 (PID: 99) booted in 0.29s, phase: 0
[1] - Worker 10 (PID: 116) booted in 0.29s, phase: 0
[1] - Worker 11 (PID: 128) booted in 0.29s, phase: 0
[1] - Worker 12 (PID: 139) booted in 0.29s, phase: 0
[1] - Worker 13 (PID: 150) booted in 0.28s, phase: 0
[1] - Worker 14 (PID: 174) booted in 0.28s, phase: 0
[1] - Worker 15 (PID: 180) booted in 0.28s, phase: 0
[1] - Worker 16 (PID: 189) booted in 0.27s, phase: 0
[1] - Worker 17 (PID: 200) booted in 0.27s, phase: 0
[1] - Worker 18 (PID: 215) booted in 0.27s, phase: 0
[1] - Worker 19 (PID: 225) booted in 0.27s, phase: 0
[1] - Worker 20 (PID: 237) booted in 0.26s, phase: 0
[1] - Worker 21 (PID: 247) booted in 0.26s, phase: 0
[1] - Worker 22 (PID: 259) booted in 0.26s, phase: 0
[1] - Worker 23 (PID: 267) booted in 0.26s, phase: 0
[1] - Worker 24 (PID: 279) booted in 0.26s, phase: 0
[1] - Worker 25 (PID: 291) booted in 0.26s, phase: 0
[1] - Worker 26 (PID: 312) booted in 0.25s, phase: 0
[1] - Worker 27 (PID: 320) booted in 0.25s, phase: 0
[1] - Worker 28 (PID: 331) booted in 0.25s, phase: 0
[1] - Worker 29 (PID: 350) booted in 0.24s, phase: 0
[1] - Worker 30 (PID: 364) booted in 0.24s, phase: 0
[1] - Worker 31 (PID: 367) booted in 0.24s, phase: 0
[1] - Worker 32 (PID: 375) booted in 0.24s, phase: 0
[1] - Worker 33 (PID: 383) booted in 0.24s, phase: 0
[1] - Worker 34 (PID: 397) booted in 0.24s, phase: 0
[1] - Worker 35 (PID: 404) booted in 0.24s, phase: 0
[1] - Worker 36 (PID: 421) booted in 0.23s, phase: 0
[1] - Worker 37 (PID: 433) booted in 0.23s, phase: 0
[1] - Worker 38 (PID: 444) booted in 0.23s, phase: 0
[1] - Worker 39 (PID: 456) booted in 0.23s, phase: 0
[1] - Worker 40 (PID: 468) booted in 0.23s, phase: 0
[1] - Worker 41 (PID: 480) booted in 0.23s, phase: 0
[1] - Worker 42 (PID: 492) booted in 0.23s, phase: 0
[1] - Worker 43 (PID: 508) booted in 0.22s, phase: 0
[1] - Worker 44 (PID: 523) booted in 0.22s, phase: 0
[1] - Worker 45 (PID: 535) booted in 0.22s, phase: 0
[1] - Worker 46 (PID: 547) booted in 0.22s, phase: 0
[1] - Worker 47 (PID: 554) booted in 0.21s, phase: 0
[1] - Worker 48 (PID: 567) booted in 0.21s, phase: 0
[1] - Worker 49 (PID: 585) booted in 0.21s, phase: 0
[1] - Worker 50 (PID: 597) booted in 0.21s, phase: 0
[1] - Worker 51 (PID: 607) booted in 0.2s, phase: 0
[1] - Worker 52 (PID: 615) booted in 0.2s, phase: 0
[1] - Worker 53 (PID: 627) booted in 0.2s, phase: 0
[1] - Worker 54 (PID: 638) booted in 0.2s, phase: 0
[1] - Worker 55 (PID: 648) booted in 0.2s, phase: 0
[1] - Worker 56 (PID: 662) booted in 0.2s, phase: 0
[1] - Worker 57 (PID: 677) booted in 0.19s, phase: 0
[1] - Worker 58 (PID: 687) booted in 0.19s, phase: 0
[1] - Worker 59 (PID: 702) booted in 0.19s, phase: 0
[1] - Worker 60 (PID: 711) booted in 0.19s, phase: 0
[1] - Worker 61 (PID: 720) booted in 0.19s, phase: 0
[1] - Worker 62 (PID: 735) booted in 0.18s, phase: 0
[1] - Worker 63 (PID: 746) booted in 0.18s, phase: 0
[1] - Worker 64 (PID: 759) booted in 0.18s, phase: 0
[1] - Worker 65 (PID: 769) booted in 0.18s, phase: 0
[1] - Worker 66 (PID: 783) booted in 0.18s, phase: 0
[1] - Worker 67 (PID: 794) booted in 0.18s, phase: 0
[1] - Worker 68 (PID: 805) booted in 0.17s, phase: 0
[1] - Worker 69 (PID: 819) booted in 0.17s, phase: 0
[1] - Worker 70 (PID: 830) booted in 0.17s, phase: 0
[1] - Worker 71 (PID: 843) booted in 0.17s, phase: 0
[1] - Worker 72 (PID: 855) booted in 0.17s, phase: 0
[1] - Worker 73 (PID: 867) booted in 0.17s, phase: 0
[1] - Worker 74 (PID: 876) booted in 0.16s, phase: 0
[1] - Worker 75 (PID: 891) booted in 0.16s, phase: 0
[1] - Worker 76 (PID: 903) booted in 0.16s, phase: 0
[1] - Worker 77 (PID: 914) booted in 0.16s, phase: 0
[1] - Worker 78 (PID: 926) booted in 0.16s, phase: 0
[1] - Worker 79 (PID: 938) booted in 0.16s, phase: 0
[1] - Worker 80 (PID: 949) booted in 0.15s, phase: 0
[1] - Worker 81 (PID: 963) booted in 0.15s, phase: 0
[1] - Worker 82 (PID: 973) booted in 0.15s, phase: 0
[1] - Worker 83 (PID: 986) booted in 0.15s, phase: 0
[1] - Worker 84 (PID: 999) booted in 0.15s, phase: 0
[1] - Worker 85 (PID: 1011) booted in 0.15s, phase: 0
[1] - Worker 86 (PID: 1019) booted in 0.14s, phase: 0
[1] - Worker 87 (PID: 1027) booted in 0.14s, phase: 0
[1] - Worker 88 (PID: 1033) booted in 0.14s, phase: 0
[1] - Worker 89 (PID: 1064) booted in 0.13s, phase: 0
[1] - Worker 90 (PID: 1075) booted in 0.13s, phase: 0
[1] - Worker 91 (PID: 1087) booted in 0.13s, phase: 0
[1] - Worker 92 (PID: 1092) booted in 0.13s, phase: 0
[1] - Worker 93 (PID: 1105) booted in 0.12s, phase: 0
[1] - Worker 94 (PID: 1117) booted in 0.12s, phase: 0
[1] - Worker 95 (PID: 1130) booted in 0.12s, phase: 0
[1] - Worker 96 (PID: 1141) booted in 0.12s, phase: 0
[1] - Worker 97 (PID: 1152) booted in 0.12s, phase: 0
[1] - Worker 98 (PID: 1166) booted in 0.12s, phase: 0
[1] - Worker 99 (PID: 1179) booted in 0.11s, phase: 0
[1] - Worker 100 (PID: 1191) booted in 0.11s, phase: 0
[1] - Worker 101 (PID: 1203) booted in 0.11s, phase: 0
[1] - Worker 102 (PID: 1215) booted in 0.11s, phase: 0
[1] - Worker 103 (PID: 1223) booted in 0.11s, phase: 0
[1] - Worker 104 (PID: 1239) booted in 0.1s, phase: 0
[1] - Worker 105 (PID: 1250) booted in 0.1s, phase: 0
[1] - Worker 106 (PID: 1263) booted in 0.1s, phase: 0
[1] - Worker 107 (PID: 1275) booted in 0.1s, phase: 0
[1] - Worker 108 (PID: 1287) booted in 0.1s, phase: 0
[1] - Worker 109 (PID: 1297) booted in 0.1s, phase: 0
[1] - Worker 110 (PID: 1311) booted in 0.09s, phase: 0
[1] - Worker 111 (PID: 1320) booted in 0.09s, phase: 0
[1] - Worker 112 (PID: 1335) booted in 0.09s, phase: 0
[1] - Worker 113 (PID: 1347) booted in 0.09s, phase: 0
[1] - Worker 114 (PID: 1359) booted in 0.09s, phase: 0
[1] - Worker 115 (PID: 1370) booted in 0.09s, phase: 0
[1] - Worker 116 (PID: 1383) booted in 0.08s, phase: 0
[1] - Worker 117 (PID: 1395) booted in 0.08s, phase: 0
[1] - Worker 118 (PID: 1404) booted in 0.08s, phase: 0
[1] - Worker 119 (PID: 1418) booted in 0.08s, phase: 0
[1] - Worker 120 (PID: 1429) booted in 0.08s, phase: 0
[1] - Worker 121 (PID: 1443) booted in 0.08s, phase: 0
[1] - Worker 122 (PID: 1454) booted in 0.07s, phase: 0
[1] - Worker 123 (PID: 1467) booted in 0.07s, phase: 0
[1] - Worker 124 (PID: 1478) booted in 0.07s, phase: 0
[1] - Worker 125 (PID: 1491) booted in 0.07s, phase: 0
[1] - Worker 126 (PID: 1501) booted in 0.07s, phase: 0
[1] - Worker 127 (PID: 1514) booted in 0.06s, phase: 0
2026-03-23 23:46:03 +0000 HTTP parse error, malformed request: #<Puma::HttpParserError: Invalid HTTP format, parsing fails. Are you trying to open an SSL connection to a non-SSL Puma?>
2026-03-23 23:46:03 +0000 HTTP parse error, malformed request: #<Puma::HttpParserError: Invalid HTTP format, parsing fails. Are you trying to open an SSL connection to a non-SSL Puma?>
2026-03-23 23:46:03 +0000 HTTP parse error, malformed request: #<Puma::HttpParserError: Invalid HTTP format, parsing fails. Are you trying to open an SSL connection to a non-SSL Puma?>
2026-03-23 23:46:03 +0000 HTTP parse error, malformed request: #<Puma::HttpParserError: Invalid HTTP format, parsing fails. Are you trying to open an SSL connection to a non-SSL Puma?>
2026-03-23 23:46:03 +0000 HTTP parse error, malformed request: #<Puma::HttpParserError: Invalid HTTP format, parsing fails. Are you trying to open an SSL connection to a non-SSL Puma?>
2026-03-23 23:46:03 +0000 HTTP parse error, malformed request: #<Puma::HttpParserError: Invalid HTTP format, parsing fails. Are you trying to open an SSL connection to a non-SSL Puma?>
2026-03-23 23:46:03 +0000 HTTP parse error, malformed request: #<Puma::HttpParserError: Invalid HTTP format, parsing fails. Are you trying to open an SSL connection to a non-SSL Puma?>
2026-03-23 23:46:03 +0000 HTTP parse error, malformed request: #<Puma::HttpParserError: Invalid HTTP format, parsing fails. Are you trying to open an SSL connection to a non-SSL Puma?>
2026-03-23 23:46:03 +0000 HTTP parse error, malformed request: #<Puma::HttpParserError: Invalid HTTP format, parsing fails. Are you trying to open an SSL connection to a non-SSL Puma?>
2026-03-23 23:46:03 +0000 HTTP parse error, malformed request: #<Puma::HttpParserError: Invalid HTTP format, parsing fails. Are you trying to open an SSL connection to a non-SSL Puma?>
2026-03-23 23:46:03 +0000 HTTP parse error, malformed request: #<Puma::HttpParserError: Invalid HTTP format, parsing fails. Are you trying to open an SSL connection to a non-SSL Puma?>
2026-03-23 23:46:03 +0000 HTTP parse error, malformed request: #<Puma::HttpParserError: Invalid HTTP format, parsing fails. Are you trying to open an SSL connection to a non-SSL Puma?>
2026-03-23 23:46:03 +0000 HTTP parse error, malformed request: #<Puma::HttpParserError: Invalid HTTP format, parsing fails. Are you trying to open an SSL connection to a non-SSL Puma?>
2026-03-23 23:46:03 +0000 HTTP parse error, malformed request: #<Puma::HttpParserError: Invalid HTTP format, parsing fails. Are you trying to open an SSL connection to a non-SSL Puma?>
2026-03-23 23:46:03 +0000 HTTP parse error, malformed request: #<Puma::HttpParserError: Invalid HTTP format, parsing fails. Are you trying to open an SSL connection to a non-SSL Puma?>
2026-03-23 23:46:03 +0000 HTTP parse error, malformed request: #<Puma::HttpParserError: Invalid HTTP format, parsing fails. Are you trying to open an SSL connection to a non-SSL Puma?>
2026-03-23 23:46:03 +0000 HTTP parse error, malformed request: #<Puma::HttpParserError: Invalid HTTP format, parsing fails. Are you trying to open an SSL connection to a non-SSL Puma?>
2026-03-23 23:46:03 +0000 HTTP parse error, malformed request: #<Puma::HttpParserError: Invalid HTTP format, parsing fails. Are you trying to open an SSL connection to a non-SSL Puma?>
2026-03-23 23:46:03 +0000 HTTP parse error, malformed request: #<Puma::HttpParserError: Invalid HTTP format, parsing fails. Are you trying to open an SSL connection to a non-SSL Puma?>
2026-03-23 23:46:03 +0000 HTTP parse error, malformed request: #<Puma::HttpParserError: Invalid HTTP format, parsing fails. Are you trying to open an SSL connection to a non-SSL Puma?>
2026-03-23 23:46:03 +0000 HTTP parse error, malformed request: #<Puma::HttpParserError: Invalid HTTP format, parsing fails. Are you trying to open an SSL connection to a non-SSL Puma?>
2026-03-23 23:46:03 +0000 HTTP parse error, malformed request: #<Puma::HttpParserError: Invalid HTTP format, parsing fails. Are you trying to open an SSL connection to a non-SSL Puma?>
2026-03-23 23:46:03 +0000 HTTP parse error, malformed request: #<Puma::HttpParserError: Invalid HTTP format, parsing fails. Are you trying to open an SSL connection to a non-SSL Puma?>
2026-03-23 23:46:03 +0000 HTTP parse error, malformed request: #<Puma::HttpParserError: Invalid HTTP format, parsing fails. Are you trying to open an SSL connection to a non-SSL Puma?>
2026-03-23 23:46:03 +0000 HTTP parse error, malformed request: #<Puma::HttpParserError: Invalid HTTP format, parsing fails. Are you trying to open an SSL connection to a non-SSL Puma?>
2026-03-23 23:46:03 +0000 HTTP parse error, malformed request: #<Puma::HttpParserError: Invalid HTTP format, parsing fails. Are you trying to open an SSL connection to a non-SSL Puma?>
2026-03-23 23:46:03 +0000 HTTP parse error, malformed request: #<Puma::HttpParserError: Invalid HTTP format, parsing fails. Are you trying to open an SSL connection to a non-SSL Puma?>
2026-03-23 23:46:03 +0000 HTTP parse error, malformed request: #<Puma::HttpParserError: Invalid HTTP format, parsing fails. Are you trying to open an SSL connection to a non-SSL Puma?>
2026-03-23 23:46:03 +0000 HTTP parse error, malformed request: #<Puma::HttpParserError: Invalid HTTP format, parsing fails. Are you trying to open an SSL connection to a non-SSL Puma?>
2026-03-23 23:46:03 +0000 HTTP parse error, malformed request: #<Puma::HttpParserError: Invalid HTTP format, parsing fails. Are you trying to open an SSL connection to a non-SSL Puma?>
2026-03-23 23:46:03 +0000 HTTP parse error, malformed request: #<Puma::HttpParserError: Invalid HTTP format, parsing fails. Are you trying to open an SSL connection to a non-SSL Puma?>
2026-03-23 23:46:03 +0000 HTTP parse error, malformed request: #<Puma::HttpParserError: Invalid HTTP format, parsing fails. Are you trying to open an SSL connection to a non-SSL Puma?>
2026-03-23 23:46:03 +0000 HTTP parse error, malformed request: #<Puma::HttpParserError: Invalid HTTP format, parsing fails. Are you trying to open an SSL connection to a non-SSL Puma?>
2026-03-23 23:46:03 +0000 HTTP parse error, malformed request: #<Puma::HttpParserError: Invalid HTTP format, parsing fails. Are you trying to open an SSL connection to a non-SSL Puma?>
2026-03-23 23:46:03 +0000 HTTP parse error, malformed request: #<Puma::HttpParserError: Invalid HTTP format, parsing fails. Are you trying to open an SSL connection to a non-SSL Puma?>
2026-03-23 23:46:03 +0000 HTTP parse error, malformed request: #<Puma::HttpParserError: Invalid HTTP format, parsing fails. Are you trying to open an SSL connection to a non-SSL Puma?>
2026-03-23 23:46:03 +0000 HTTP parse error, malformed request: #<Puma::HttpParserError: Invalid HTTP format, parsing fails. Are you trying to open an SSL connection to a non-SSL Puma?>
2026-03-23 23:46:03 +0000 HTTP parse error, malformed request: #<Puma::HttpParserError: Invalid HTTP format, parsing fails. Are you trying to open an SSL connection to a non-SSL Puma?>
2026-03-23 23:46:03 +0000 HTTP parse error, malformed request: #<Puma::HttpParserError: Invalid HTTP format, parsing fails. Are you trying to open an SSL connection to a non-SSL Puma?>
2026-03-23 23:46:03 +0000 HTTP parse error, malformed request: #<Puma::HttpParserError: Invalid HTTP format, parsing fails. Are you trying to open an SSL connection to a non-SSL Puma?>
2026-03-23 23:46:03 +0000 HTTP parse error, malformed request: #<Puma::HttpParserError: Invalid HTTP format, parsing fails. Are you trying to open an SSL connection to a non-SSL Puma?>
2026-03-23 23:46:03 +0000 HTTP parse error, malformed request: #<Puma::HttpParserError: Invalid HTTP format, parsing fails. Are you trying to open an SSL connection to a non-SSL Puma?>
2026-03-23 23:46:03 +0000 HTTP parse error, malformed request: #<Puma::HttpParserError: Invalid HTTP format, parsing fails. Are you trying to open an SSL connection to a non-SSL Puma?>
2026-03-23 23:46:03 +0000 HTTP parse error, malformed request: #<Puma::HttpParserError: Invalid HTTP format, parsing fails. Are you trying to open an SSL connection to a non-SSL Puma?>
2026-03-23 23:46:03 +0000 HTTP parse error, malformed request: #<Puma::HttpParserError: Invalid HTTP format, parsing fails. Are you trying to open an SSL connection to a non-SSL Puma?>
2026-03-23 23:46:03 +0000 HTTP parse error, malformed request: #<Puma::HttpParserError: Invalid HTTP format, parsing fails. Are you trying to open an SSL connection to a non-SSL Puma?>
2026-03-23 23:46:03 +0000 HTTP parse error, malformed request: #<Puma::HttpParserError: Invalid HTTP format, parsing fails. Are you trying to open an SSL connection to a non-SSL Puma?>
2026-03-23 23:46:03 +0000 HTTP parse error, malformed request: #<Puma::HttpParserError: Invalid HTTP format, parsing fails. Are you trying to open an SSL connection to a non-SSL Puma?>
2026-03-23 23:46:03 +0000 HTTP parse error, malformed request: #<Puma::HttpParserError: Invalid HTTP format, parsing fails. Are you trying to open an SSL connection to a non-SSL Puma?>
2026-03-23 23:46:03 +0000 HTTP parse error, malformed request: #<Puma::HttpParserError: Invalid HTTP format, parsing fails. Are you trying to open an SSL connection to a non-SSL Puma?>
2026-03-23 23:46:03 +0000 HTTP parse error, malformed request: #<Puma::HttpParserError: Invalid HTTP format, parsing fails. Are you trying to open an SSL connection to a non-SSL Puma?>
2026-03-23 23:46:03 +0000 HTTP parse error, malformed request: #<Puma::HttpParserError: Invalid HTTP format, parsing fails. Are you trying to open an SSL connection to a non-SSL Puma?>
2026-03-23 23:46:03 +0000 HTTP parse error, malformed request: #<Puma::HttpParserError: Invalid HTTP format, parsing fails. Are you trying to open an SSL connection to a non-SSL Puma?>
2026-03-23 23:46:03 +0000 HTTP parse error, malformed request: #<Puma::HttpParserError: Invalid HTTP format, parsing fails. Are you trying to open an SSL connection to a non-SSL Puma?>
2026-03-23 23:46:03 +0000 HTTP parse error, malformed request: #<Puma::HttpParserError: Invalid HTTP format, parsing fails. Are you trying to open an SSL connection to a non-SSL Puma?>
2026-03-23 23:46:03 +0000 HTTP parse error, malformed request: #<Puma::HttpParserError: Invalid HTTP format, parsing fails. Are you trying to open an SSL connection to a non-SSL Puma?>
2026-03-23 23:46:03 +0000 HTTP parse error, malformed request: #<Puma::HttpParserError: Invalid HTTP format, parsing fails. Are you trying to open an SSL connection to a non-SSL Puma?>
2026-03-23 23:46:03 +0000 HTTP parse error, malformed request: #<Puma::HttpParserError: Invalid HTTP format, parsing fails. Are you trying to open an SSL connection to a non-SSL Puma?>
2026-03-23 23:46:03 +0000 HTTP parse error, malformed request: #<Puma::HttpParserError: Invalid HTTP format, parsing fails. Are you trying to open an SSL connection to a non-SSL Puma?>
2026-03-23 23:46:03 +0000 HTTP parse error, malformed request: #<Puma::HttpParserError: Invalid HTTP format, parsing fails. Are you trying to open an SSL connection to a non-SSL Puma?>
2026-03-23 23:46:03 +0000 HTTP parse error, malformed request: #<Puma::HttpParserError: Invalid HTTP format, parsing fails. Are you trying to open an SSL connection to a non-SSL Puma?>
2026-03-23 23:46:03 +0000 HTTP parse error, malformed request: #<Puma::HttpParserError: Invalid HTTP format, parsing fails. Are you trying to open an SSL connection to a non-SSL Puma?>
2026-03-23 23:46:03 +0000 HTTP parse error, malformed request: #<Puma::HttpParserError: Invalid HTTP format, parsing fails. Are you trying to open an SSL connection to a non-SSL Puma?>
2026-03-23 23:46:03 +0000 HTTP parse error, malformed request: #<Puma::HttpParserError: Invalid HTTP format, parsing fails. Are you trying to open an SSL connection to a non-SSL Puma?>
2026-03-23 23:46:03 +0000 HTTP parse error, malformed request: #<Puma::HttpParserError: Invalid HTTP format, parsing fails. Are you trying to open an SSL connection to a non-SSL Puma?>
2026-03-23 23:46:03 +0000 HTTP parse error, malformed request: #<Puma::HttpParserError: Invalid HTTP format, parsing fails. Are you trying to open an SSL connection to a non-SSL Puma?>
2026-03-23 23:46:03 +0000 HTTP parse error, malformed request: #<Puma::HttpParserError: Invalid HTTP format, parsing fails. Are you trying to open an SSL connection to a non-SSL Puma?>
2026-03-23 23:46:03 +0000 HTTP parse error, malformed request: #<Puma::HttpParserError: Invalid HTTP format, parsing fails. Are you trying to open an SSL connection to a non-SSL Puma?>
2026-03-23 23:46:03 +0000 HTTP parse error, malformed request: #<Puma::HttpParserError: Invalid HTTP format, parsing fails. Are you trying to open an SSL connection to a non-SSL Puma?>
2026-03-23 23:46:03 +0000 HTTP parse error, malformed request: #<Puma::HttpParserError: Invalid HTTP format, parsing fails. Are you trying to open an SSL connection to a non-SSL Puma?>
2026-03-23 23:46:03 +0000 HTTP parse error, malformed request: #<Puma::HttpParserError: Invalid HTTP format, parsing fails. Are you trying to open an SSL connection to a non-SSL Puma?>
2026-03-23 23:46:03 +0000 HTTP parse error, malformed request: #<Puma::HttpParserError: Invalid HTTP format, parsing fails. Are you trying to open an SSL connection to a non-SSL Puma?>
2026-03-23 23:46:03 +0000 HTTP parse error, malformed request: #<Puma::HttpParserError: Invalid HTTP format, parsing fails. Are you trying to open an SSL connection to a non-SSL Puma?>
2026-03-23 23:46:03 +0000 HTTP parse error, malformed request: #<Puma::HttpParserError: Invalid HTTP format, parsing fails. Are you trying to open an SSL connection to a non-SSL Puma?>
2026-03-23 23:46:03 +0000 HTTP parse error, malformed request: #<Puma::HttpParserError: Invalid HTTP format, parsing fails. Are you trying to open an SSL connection to a non-SSL Puma?>
2026-03-23 23:46:03 +0000 HTTP parse error, malformed request: #<Puma::HttpParserError: Invalid HTTP format, parsing fails. Are you trying to open an SSL connection to a non-SSL Puma?>
2026-03-23 23:46:03 +0000 HTTP parse error, malformed request: #<Puma::HttpParserError: Invalid HTTP format, parsing fails. Are you trying to open an SSL connection to a non-SSL Puma?>
2026-03-23 23:46:03 +0000 HTTP parse error, malformed request: #<Puma::HttpParserError: Invalid HTTP format, parsing fails. Are you trying to open an SSL connection to a non-SSL Puma?>
2026-03-23 23:46:03 +0000 HTTP parse error, malformed request: #<Puma::HttpParserError: Invalid HTTP format, parsing fails. Are you trying to open an SSL connection to a non-SSL Puma?>
2026-03-23 23:46:03 +0000 HTTP parse error, malformed request: #<Puma::HttpParserError: Invalid HTTP format, parsing fails. Are you trying to open an SSL connection to a non-SSL Puma?>
2026-03-23 23:46:03 +0000 HTTP parse error, malformed request: #<Puma::HttpParserError: Invalid HTTP format, parsing fails. Are you trying to open an SSL connection to a non-SSL Puma?>
2026-03-23 23:46:03 +0000 HTTP parse error, malformed request: #<Puma::HttpParserError: Invalid HTTP format, parsing fails. Are you trying to open an SSL connection to a non-SSL Puma?>
2026-03-23 23:46:03 +0000 HTTP parse error, malformed request: #<Puma::HttpParserError: Invalid HTTP format, parsing fails. Are you trying to open an SSL connection to a non-SSL Puma?>
2026-03-23 23:46:03 +0000 HTTP parse error, malformed request: #<Puma::HttpParserError: Invalid HTTP format, parsing fails. Are you trying to open an SSL connection to a non-SSL Puma?>
2026-03-23 23:46:03 +0000 HTTP parse error, malformed request: #<Puma::HttpParserError: Invalid HTTP format, parsing fails. Are you trying to open an SSL connection to a non-SSL Puma?>
2026-03-23 23:46:03 +0000 HTTP parse error, malformed request: #<Puma::HttpParserError: Invalid HTTP format, parsing fails. Are you trying to open an SSL connection to a non-SSL Puma?>
2026-03-23 23:46:03 +0000 HTTP parse error, malformed request: #<Puma::HttpParserError: Invalid HTTP format, parsing fails. Are you trying to open an SSL connection to a non-SSL Puma?>
2026-03-23 23:46:03 +0000 HTTP parse error, malformed request: #<Puma::HttpParserError: Invalid HTTP format, parsing fails. Are you trying to open an SSL connection to a non-SSL Puma?>
2026-03-23 23:46:03 +0000 HTTP parse error, malformed request: #<Puma::HttpParserError: Invalid HTTP format, parsing fails. Are you trying to open an SSL connection to a non-SSL Puma?>
2026-03-23 23:46:03 +0000 HTTP parse error, malformed request: #<Puma::HttpParserError: Invalid HTTP format, parsing fails. Are you trying to open an SSL connection to a non-SSL Puma?>
2026-03-23 23:46:03 +0000 HTTP parse error, malformed request: #<Puma::HttpParserError: Invalid HTTP format, parsing fails. Are you trying to open an SSL connection to a non-SSL Puma?>
2026-03-23 23:46:03 +0000 HTTP parse error, malformed request: #<Puma::HttpParserError: Invalid HTTP format, parsing fails. Are you trying to open an SSL connection to a non-SSL Puma?>
2026-03-23 23:46:03 +0000 HTTP parse error, malformed request: #<Puma::HttpParserError: Invalid HTTP format, parsing fails. Are you trying to open an SSL connection to a non-SSL Puma?>
2026-03-23 23:46:03 +0000 HTTP parse error, malformed request: #<Puma::HttpParserError: Invalid HTTP format, parsing fails. Are you trying to open an SSL connection to a non-SSL Puma?>
2026-03-23 23:46:03 +0000 HTTP parse error, malformed request: #<Puma::HttpParserError: Invalid HTTP format, parsing fails. Are you trying to open an SSL connection to a non-SSL Puma?>
2026-03-23 23:46:03 +0000 HTTP parse error, malformed request: #<Puma::HttpParserError: Invalid HTTP format, parsing fails. Are you trying to open an SSL connection to a non-SSL Puma?>
2026-03-23 23:46:03 +0000 HTTP parse error, malformed request: #<Puma::HttpParserError: Invalid HTTP format, parsing fails. Are you trying to open an SSL connection to a non-SSL Puma?>
2026-03-23 23:46:03 +0000 HTTP parse error, malformed request: #<Puma::HttpParserError: Invalid HTTP format, parsing fails. Are you trying to open an SSL connection to a non-SSL Puma?>
2026-03-23 23:46:03 +0000 HTTP parse error, malformed request: #<Puma::HttpParserError: Invalid HTTP format, parsing fails. Are you trying to open an SSL connection to a non-SSL Puma?>
2026-03-23 23:46:03 +0000 HTTP parse error, malformed request: #<Puma::HttpParserError: Invalid HTTP format, parsing fails. Are you trying to open an SSL connection to a non-SSL Puma?>
2026-03-23 23:46:03 +0000 HTTP parse error, malformed request: #<Puma::HttpParserError: Invalid HTTP format, parsing fails. Are you trying to open an SSL connection to a non-SSL Puma?>
2026-03-23 23:46:03 +0000 HTTP parse error, malformed request: #<Puma::HttpParserError: Invalid HTTP format, parsing fails. Are you trying to open an SSL connection to a non-SSL Puma?>
2026-03-23 23:46:03 +0000 HTTP parse error, malformed request: #<Puma::HttpParserError: Invalid HTTP format, parsing fails. Are you trying to open an SSL connection to a non-SSL Puma?>
2026-03-23 23:46:03 +0000 HTTP parse error, malformed request: #<Puma::HttpParserError: Invalid HTTP format, parsing fails. Are you trying to open an SSL connection to a non-SSL Puma?>
2026-03-23 23:46:03 +0000 HTTP parse error, malformed request: #<Puma::HttpParserError: Invalid HTTP format, parsing fails. Are you trying to open an SSL connection to a non-SSL Puma?>
2026-03-23 23:46:03 +0000 HTTP parse error, malformed request: #<Puma::HttpParserError: Invalid HTTP format, parsing fails. Are you trying to open an SSL connection to a non-SSL Puma?>
2026-03-23 23:46:03 +0000 HTTP parse error, malformed request: #<Puma::HttpParserError: Invalid HTTP format, parsing fails. Are you trying to open an SSL connection to a non-SSL Puma?>
2026-03-23 23:46:03 +0000 HTTP parse error, malformed request: #<Puma::HttpParserError: Invalid HTTP format, parsing fails. Are you trying to open an SSL connection to a non-SSL Puma?>
2026-03-23 23:46:11 +0000 HTTP parse error, malformed request: #<Puma::HttpParserError: Invalid HTTP format, parsing fails. Are you trying to open an SSL connection to a non-SSL Puma?>
2026-03-23 23:46:11 +0000 HTTP parse error, malformed request: #<Puma::HttpParserError: Invalid HTTP format, parsing fails. Are you trying to open an SSL connection to a non-SSL Puma?>
2026-03-23 23:46:11 +0000 HTTP parse error, malformed request: #<Puma::HttpParserError: Invalid HTTP format, parsing fails. Are you trying to open an SSL connection to a non-SSL Puma?>
2026-03-23 23:46:11 +0000 HTTP parse error, malformed request: #<Puma::HttpParserError: Invalid HTTP format, parsing fails. Are you trying to open an SSL connection to a non-SSL Puma?>
2026-03-23 23:46:11 +0000 HTTP parse error, malformed request: #<Puma::HttpParserError: Invalid HTTP format, parsing fails. Are you trying to open an SSL connection to a non-SSL Puma?>
2026-03-23 23:46:11 +0000 HTTP parse error, malformed request: #<Puma::HttpParserError: Invalid HTTP format, parsing fails. Are you trying to open an SSL connection to a non-SSL Puma?>
2026-03-23 23:46:11 +0000 HTTP parse error, malformed request: #<Puma::HttpParserError: Invalid HTTP format, parsing fails. Are you trying to open an SSL connection to a non-SSL Puma?>
2026-03-23 23:46:11 +0000 HTTP parse error, malformed request: #<Puma::HttpParserError: Invalid HTTP format, parsing fails. Are you trying to open an SSL connection to a non-SSL Puma?>
2026-03-23 23:46:11 +0000 HTTP parse error, malformed request: #<Puma::HttpParserError: Invalid HTTP format, parsing fails. Are you trying to open an SSL connection to a non-SSL Puma?>
2026-03-23 23:46:11 +0000 HTTP parse error, malformed request: #<Puma::HttpParserError: Invalid HTTP format, parsing fails. Are you trying to open an SSL connection to a non-SSL Puma?>
2026-03-23 23:46:11 +0000 HTTP parse error, malformed request: #<Puma::HttpParserError: Invalid HTTP format, parsing fails. Are you trying to open an SSL connection to a non-SSL Puma?>
2026-03-23 23:46:11 +0000 HTTP parse error, malformed request: #<Puma::HttpParserError: Invalid HTTP format, parsing fails. Are you trying to open an SSL connection to a non-SSL Puma?>
2026-03-23 23:46:11 +0000 HTTP parse error, malformed request: #<Puma::HttpParserError: Invalid HTTP format, parsing fails. Are you trying to open an SSL connection to a non-SSL Puma?>
2026-03-23 23:46:11 +0000 HTTP parse error, malformed request: #<Puma::HttpParserError: Invalid HTTP format, parsing fails. Are you trying to open an SSL connection to a non-SSL Puma?>
2026-03-23 23:46:11 +0000 HTTP parse error, malformed request: #<Puma::HttpParserError: Invalid HTTP format, parsing fails. Are you trying to open an SSL connection to a non-SSL Puma?>
2026-03-23 23:46:11 +0000 HTTP parse error, malformed request: #<Puma::HttpParserError: Invalid HTTP format, parsing fails. Are you trying to open an SSL connection to a non-SSL Puma?>
2026-03-23 23:46:11 +0000 HTTP parse error, malformed request: #<Puma::HttpParserError: Invalid HTTP format, parsing fails. Are you trying to open an SSL connection to a non-SSL Puma?>
2026-03-23 23:46:11 +0000 HTTP parse error, malformed request: #<Puma::HttpParserError: Invalid HTTP format, parsing fails. Are you trying to open an SSL connection to a non-SSL Puma?>
2026-03-23 23:46:11 +0000 HTTP parse error, malformed request: #<Puma::HttpParserError: Invalid HTTP format, parsing fails. Are you trying to open an SSL connection to a non-SSL Puma?>
2026-03-23 23:46:11 +0000 HTTP parse error, malformed request: #<Puma::HttpParserError: Invalid HTTP format, parsing fails. Are you trying to open an SSL connection to a non-SSL Puma?>
2026-03-23 23:46:11 +0000 HTTP parse error, malformed request: #<Puma::HttpParserError: Invalid HTTP format, parsing fails. Are you trying to open an SSL connection to a non-SSL Puma?>
2026-03-23 23:46:11 +0000 HTTP parse error, malformed request: #<Puma::HttpParserError: Invalid HTTP format, parsing fails. Are you trying to open an SSL connection to a non-SSL Puma?>
2026-03-23 23:46:11 +0000 HTTP parse error, malformed request: #<Puma::HttpParserError: Invalid HTTP format, parsing fails. Are you trying to open an SSL connection to a non-SSL Puma?>
2026-03-23 23:46:11 +0000 HTTP parse error, malformed request: #<Puma::HttpParserError: Invalid HTTP format, parsing fails. Are you trying to open an SSL connection to a non-SSL Puma?>
2026-03-23 23:46:11 +0000 HTTP parse error, malformed request: #<Puma::HttpParserError: Invalid HTTP format, parsing fails. Are you trying to open an SSL connection to a non-SSL Puma?>
2026-03-23 23:46:11 +0000 HTTP parse error, malformed request: #<Puma::HttpParserError: Invalid HTTP format, parsing fails. Are you trying to open an SSL connection to a non-SSL Puma?>
2026-03-23 23:46:11 +0000 HTTP parse error, malformed request: #<Puma::HttpParserError: Invalid HTTP format, parsing fails. Are you trying to open an SSL connection to a non-SSL Puma?>
2026-03-23 23:46:11 +0000 HTTP parse error, malformed request: #<Puma::HttpParserError: Invalid HTTP format, parsing fails. Are you trying to open an SSL connection to a non-SSL Puma?>
2026-03-23 23:46:11 +0000 HTTP parse error, malformed request: #<Puma::HttpParserError: Invalid HTTP format, parsing fails. Are you trying to open an SSL connection to a non-SSL Puma?>
2026-03-23 23:46:11 +0000 HTTP parse error, malformed request: #<Puma::HttpParserError: Invalid HTTP format, parsing fails. Are you trying to open an SSL connection to a non-SSL Puma?>
2026-03-23 23:46:11 +0000 HTTP parse error, malformed request: #<Puma::HttpParserError: Invalid HTTP format, parsing fails. Are you trying to open an SSL connection to a non-SSL Puma?>
2026-03-23 23:46:11 +0000 HTTP parse error, malformed request: #<Puma::HttpParserError: Invalid HTTP format, parsing fails. Are you trying to open an SSL connection to a non-SSL Puma?>
2026-03-23 23:46:11 +0000 HTTP parse error, malformed request: #<Puma::HttpParserError: Invalid HTTP format, parsing fails. Are you trying to open an SSL connection to a non-SSL Puma?>
2026-03-23 23:46:11 +0000 HTTP parse error, malformed request: #<Puma::HttpParserError: Invalid HTTP format, parsing fails. Are you trying to open an SSL connection to a non-SSL Puma?>
2026-03-23 23:46:11 +0000 HTTP parse error, malformed request: #<Puma::HttpParserError: Invalid HTTP format, parsing fails. Are you trying to open an SSL connection to a non-SSL Puma?>
2026-03-23 23:46:11 +0000 HTTP parse error, malformed request: #<Puma::HttpParserError: Invalid HTTP format, parsing fails. Are you trying to open an SSL connection to a non-SSL Puma?>
2026-03-23 23:46:11 +0000 HTTP parse error, malformed request: #<Puma::HttpParserError: Invalid HTTP format, parsing fails. Are you trying to open an SSL connection to a non-SSL Puma?>
2026-03-23 23:46:11 +0000 HTTP parse error, malformed request: #<Puma::HttpParserError: Invalid HTTP format, parsing fails. Are you trying to open an SSL connection to a non-SSL Puma?>
2026-03-23 23:46:11 +0000 HTTP parse error, malformed request: #<Puma::HttpParserError: Invalid HTTP format, parsing fails. Are you trying to open an SSL connection to a non-SSL Puma?>
2026-03-23 23:46:11 +0000 HTTP parse error, malformed request: #<Puma::HttpParserError: Invalid HTTP format, parsing fails. Are you trying to open an SSL connection to a non-SSL Puma?>
2026-03-23 23:46:11 +0000 HTTP parse error, malformed request: #<Puma::HttpParserError: Invalid HTTP format, parsing fails. Are you trying to open an SSL connection to a non-SSL Puma?>
2026-03-23 23:46:11 +0000 HTTP parse error, malformed request: #<Puma::HttpParserError: Invalid HTTP format, parsing fails. Are you trying to open an SSL connection to a non-SSL Puma?>
2026-03-23 23:46:11 +0000 HTTP parse error, malformed request: #<Puma::HttpParserError: Invalid HTTP format, parsing fails. Are you trying to open an SSL connection to a non-SSL Puma?>
2026-03-23 23:46:11 +0000 HTTP parse error, malformed request: #<Puma::HttpParserError: Invalid HTTP format, parsing fails. Are you trying to open an SSL connection to a non-SSL Puma?>
2026-03-23 23:46:11 +0000 HTTP parse error, malformed request: #<Puma::HttpParserError: Invalid HTTP format, parsing fails. Are you trying to open an SSL connection to a non-SSL Puma?>
2026-03-23 23:46:11 +0000 HTTP parse error, malformed request: #<Puma::HttpParserError: Invalid HTTP format, parsing fails. Are you trying to open an SSL connection to a non-SSL Puma?>
2026-03-23 23:46:11 +0000 HTTP parse error, malformed request: #<Puma::HttpParserError: Invalid HTTP format, parsing fails. Are you trying to open an SSL connection to a non-SSL Puma?>
2026-03-23 23:46:11 +0000 HTTP parse error, malformed request: #<Puma::HttpParserError: Invalid HTTP format, parsing fails. Are you trying to open an SSL connection to a non-SSL Puma?>
2026-03-23 23:46:11 +0000 HTTP parse error, malformed request: #<Puma::HttpParserError: Invalid HTTP format, parsing fails. Are you trying to open an SSL connection to a non-SSL Puma?>
2026-03-23 23:46:11 +0000 HTTP parse error, malformed request: #<Puma::HttpParserError: Invalid HTTP format, parsing fails. Are you trying to open an SSL connection to a non-SSL Puma?>
2026-03-23 23:46:11 +0000 HTTP parse error, malformed request: #<Puma::HttpParserError: Invalid HTTP format, parsing fails. Are you trying to open an SSL connection to a non-SSL Puma?>
2026-03-23 23:46:11 +0000 HTTP parse error, malformed request: #<Puma::HttpParserError: Invalid HTTP format, parsing fails. Are you trying to open an SSL connection to a non-SSL Puma?>
2026-03-23 23:46:11 +0000 HTTP parse error, malformed request: #<Puma::HttpParserError: Invalid HTTP format, parsing fails. Are you trying to open an SSL connection to a non-SSL Puma?>
2026-03-23 23:46:11 +0000 HTTP parse error, malformed request: #<Puma::HttpParserError: Invalid HTTP format, parsing fails. Are you trying to open an SSL connection to a non-SSL Puma?>
2026-03-23 23:46:11 +0000 HTTP parse error, malformed request: #<Puma::HttpParserError: Invalid HTTP format, parsing fails. Are you trying to open an SSL connection to a non-SSL Puma?>
2026-03-23 23:46:11 +0000 HTTP parse error, malformed request: #<Puma::HttpParserError: Invalid HTTP format, parsing fails. Are you trying to open an SSL connection to a non-SSL Puma?>
2026-03-23 23:46:11 +0000 HTTP parse error, malformed request: #<Puma::HttpParserError: Invalid HTTP format, parsing fails. Are you trying to open an SSL connection to a non-SSL Puma?>
2026-03-23 23:46:11 +0000 HTTP parse error, malformed request: #<Puma::HttpParserError: Invalid HTTP format, parsing fails. Are you trying to open an SSL connection to a non-SSL Puma?>
2026-03-23 23:46:11 +0000 HTTP parse error, malformed request: #<Puma::HttpParserError: Invalid HTTP format, parsing fails. Are you trying to open an SSL connection to a non-SSL Puma?>
2026-03-23 23:46:11 +0000 HTTP parse error, malformed request: #<Puma::HttpParserError: Invalid HTTP format, parsing fails. Are you trying to open an SSL connection to a non-SSL Puma?>
2026-03-23 23:46:11 +0000 HTTP parse error, malformed request: #<Puma::HttpParserError: Invalid HTTP format, parsing fails. Are you trying to open an SSL connection to a non-SSL Puma?>
2026-03-23 23:46:11 +0000 HTTP parse error, malformed request: #<Puma::HttpParserError: Invalid HTTP format, parsing fails. Are you trying to open an SSL connection to a non-SSL Puma?>
2026-03-23 23:46:11 +0000 HTTP parse error, malformed request: #<Puma::HttpParserError: Invalid HTTP format, parsing fails. Are you trying to open an SSL connection to a non-SSL Puma?>
2026-03-23 23:46:11 +0000 HTTP parse error, malformed request: #<Puma::HttpParserError: Invalid HTTP format, parsing fails. Are you trying to open an SSL connection to a non-SSL Puma?>
2026-03-23 23:46:11 +0000 HTTP parse error, malformed request: #<Puma::HttpParserError: Invalid HTTP format, parsing fails. Are you trying to open an SSL connection to a non-SSL Puma?>
2026-03-23 23:46:11 +0000 HTTP parse error, malformed request: #<Puma::HttpParserError: Invalid HTTP format, parsing fails. Are you trying to open an SSL connection to a non-SSL Puma?>
2026-03-23 23:46:11 +0000 HTTP parse error, malformed request: #<Puma::HttpParserError: Invalid HTTP format, parsing fails. Are you trying to open an SSL connection to a non-SSL Puma?>
2026-03-23 23:46:11 +0000 HTTP parse error, malformed request: #<Puma::HttpParserError: Invalid HTTP format, parsing fails. Are you trying to open an SSL connection to a non-SSL Puma?>
2026-03-23 23:46:11 +0000 HTTP parse error, malformed request: #<Puma::HttpParserError: Invalid HTTP format, parsing fails. Are you trying to open an SSL connection to a non-SSL Puma?>
2026-03-23 23:46:11 +0000 HTTP parse error, malformed request: #<Puma::HttpParserError: Invalid HTTP format, parsing fails. Are you trying to open an SSL connection to a non-SSL Puma?>
2026-03-23 23:46:11 +0000 HTTP parse error, malformed request: #<Puma::HttpParserError: Invalid HTTP format, parsing fails. Are you trying to open an SSL connection to a non-SSL Puma?>
2026-03-23 23:46:11 +0000 HTTP parse error, malformed request: #<Puma::HttpParserError: Invalid HTTP format, parsing fails. Are you trying to open an SSL connection to a non-SSL Puma?>
2026-03-23 23:46:11 +0000 HTTP parse error, malformed request: #<Puma::HttpParserError: Invalid HTTP format, parsing fails. Are you trying to open an SSL connection to a non-SSL Puma?>
2026-03-23 23:46:11 +0000 HTTP parse error, malformed request: #<Puma::HttpParserError: Invalid HTTP format, parsing fails. Are you trying to open an SSL connection to a non-SSL Puma?>
2026-03-23 23:46:11 +0000 HTTP parse error, malformed request: #<Puma::HttpParserError: Invalid HTTP format, parsing fails. Are you trying to open an SSL connection to a non-SSL Puma?>
2026-03-23 23:46:11 +0000 HTTP parse error, malformed request: #<Puma::HttpParserError: Invalid HTTP format, parsing fails. Are you trying to open an SSL connection to a non-SSL Puma?>
2026-03-23 23:46:11 +0000 HTTP parse error, malformed request: #<Puma::HttpParserError: Invalid HTTP format, parsing fails. Are you trying to open an SSL connection to a non-SSL Puma?>
2026-03-23 23:46:11 +0000 HTTP parse error, malformed request: #<Puma::HttpParserError: Invalid HTTP format, parsing fails. Are you trying to open an SSL connection to a non-SSL Puma?>
2026-03-23 23:46:11 +0000 HTTP parse error, malformed request: #<Puma::HttpParserError: Invalid HTTP format, parsing fails. Are you trying to open an SSL connection to a non-SSL Puma?>
2026-03-23 23:46:11 +0000 HTTP parse error, malformed request: #<Puma::HttpParserError: Invalid HTTP format, parsing fails. Are you trying to open an SSL connection to a non-SSL Puma?>
2026-03-23 23:46:11 +0000 HTTP parse error, malformed request: #<Puma::HttpParserError: Invalid HTTP format, parsing fails. Are you trying to open an SSL connection to a non-SSL Puma?>
2026-03-23 23:46:11 +0000 HTTP parse error, malformed request: #<Puma::HttpParserError: Invalid HTTP format, parsing fails. Are you trying to open an SSL connection to a non-SSL Puma?>
2026-03-23 23:46:11 +0000 HTTP parse error, malformed request: #<Puma::HttpParserError: Invalid HTTP format, parsing fails. Are you trying to open an SSL connection to a non-SSL Puma?>
2026-03-23 23:46:11 +0000 HTTP parse error, malformed request: #<Puma::HttpParserError: Invalid HTTP format, parsing fails. Are you trying to open an SSL connection to a non-SSL Puma?>
2026-03-23 23:46:11 +0000 HTTP parse error, malformed request: #<Puma::HttpParserError: Invalid HTTP format, parsing fails. Are you trying to open an SSL connection to a non-SSL Puma?>
2026-03-23 23:46:11 +0000 HTTP parse error, malformed request: #<Puma::HttpParserError: Invalid HTTP format, parsing fails. Are you trying to open an SSL connection to a non-SSL Puma?>
2026-03-23 23:46:11 +0000 HTTP parse error, malformed request: #<Puma::HttpParserError: Invalid HTTP format, parsing fails. Are you trying to open an SSL connection to a non-SSL Puma?>
2026-03-23 23:46:11 +0000 HTTP parse error, malformed request: #<Puma::HttpParserError: Invalid HTTP format, parsing fails. Are you trying to open an SSL connection to a non-SSL Puma?>
2026-03-23 23:46:11 +0000 HTTP parse error, malformed request: #<Puma::HttpParserError: Invalid HTTP format, parsing fails. Are you trying to open an SSL connection to a non-SSL Puma?>
2026-03-23 23:46:11 +0000 HTTP parse error, malformed request: #<Puma::HttpParserError: Invalid HTTP format, parsing fails. Are you trying to open an SSL connection to a non-SSL Puma?>
2026-03-23 23:46:11 +0000 HTTP parse error, malformed request: #<Puma::HttpParserError: Invalid HTTP format, parsing fails. Are you trying to open an SSL connection to a non-SSL Puma?>
2026-03-23 23:46:11 +0000 HTTP parse error, malformed request: #<Puma::HttpParserError: Invalid HTTP format, parsing fails. Are you trying to open an SSL connection to a non-SSL Puma?>
2026-03-23 23:46:11 +0000 HTTP parse error, malformed request: #<Puma::HttpParserError: Invalid HTTP format, parsing fails. Are you trying to open an SSL connection to a non-SSL Puma?>
2026-03-23 23:46:11 +0000 HTTP parse error, malformed request: #<Puma::HttpParserError: Invalid HTTP format, parsing fails. Are you trying to open an SSL connection to a non-SSL Puma?>
2026-03-23 23:46:11 +0000 HTTP parse error, malformed request: #<Puma::HttpParserError: Invalid HTTP format, parsing fails. Are you trying to open an SSL connection to a non-SSL Puma?>
2026-03-23 23:46:11 +0000 HTTP parse error, malformed request: #<Puma::HttpParserError: Invalid HTTP format, parsing fails. Are you trying to open an SSL connection to a non-SSL Puma?>
2026-03-23 23:46:11 +0000 HTTP parse error, malformed request: #<Puma::HttpParserError: Invalid HTTP format, parsing fails. Are you trying to open an SSL connection to a non-SSL Puma?>
2026-03-23 23:46:11 +0000 HTTP parse error, malformed request: #<Puma::HttpParserError: Invalid HTTP format, parsing fails. Are you trying to open an SSL connection to a non-SSL Puma?>
2026-03-23 23:46:11 +0000 HTTP parse error, malformed request: #<Puma::HttpParserError: Invalid HTTP format, parsing fails. Are you trying to open an SSL connection to a non-SSL Puma?>
2026-03-23 23:46:11 +0000 HTTP parse error, malformed request: #<Puma::HttpParserError: Invalid HTTP format, parsing fails. Are you trying to open an SSL connection to a non-SSL Puma?>
2026-03-23 23:46:11 +0000 HTTP parse error, malformed request: #<Puma::HttpParserError: Invalid HTTP format, parsing fails. Are you trying to open an SSL connection to a non-SSL Puma?>
2026-03-23 23:46:11 +0000 HTTP parse error, malformed request: #<Puma::HttpParserError: Invalid HTTP format, parsing fails. Are you trying to open an SSL connection to a non-SSL Puma?>
2026-03-23 23:46:11 +0000 HTTP parse error, malformed request: #<Puma::HttpParserError: Invalid HTTP format, parsing fails. Are you trying to open an SSL connection to a non-SSL Puma?>
2026-03-23 23:46:11 +0000 HTTP parse error, malformed request: #<Puma::HttpParserError: Invalid HTTP format, parsing fails. Are you trying to open an SSL connection to a non-SSL Puma?>
2026-03-23 23:46:11 +0000 HTTP parse error, malformed request: #<Puma::HttpParserError: Invalid HTTP format, parsing fails. Are you trying to open an SSL connection to a non-SSL Puma?>
2026-03-23 23:46:11 +0000 HTTP parse error, malformed request: #<Puma::HttpParserError: Invalid HTTP format, parsing fails. Are you trying to open an SSL connection to a non-SSL Puma?>
2026-03-23 23:46:11 +0000 HTTP parse error, malformed request: #<Puma::HttpParserError: Invalid HTTP format, parsing fails. Are you trying to open an SSL connection to a non-SSL Puma?>
2026-03-23 23:46:11 +0000 HTTP parse error, malformed request: #<Puma::HttpParserError: Invalid HTTP format, parsing fails. Are you trying to open an SSL connection to a non-SSL Puma?>
2026-03-23 23:46:11 +0000 HTTP parse error, malformed request: #<Puma::HttpParserError: Invalid HTTP format, parsing fails. Are you trying to open an SSL connection to a non-SSL Puma?>
2026-03-23 23:46:11 +0000 HTTP parse error, malformed request: #<Puma::HttpParserError: Invalid HTTP format, parsing fails. Are you trying to open an SSL connection to a non-SSL Puma?>
2026-03-23 23:46:11 +0000 HTTP parse error, malformed request: #<Puma::HttpParserError: Invalid HTTP format, parsing fails. Are you trying to open an SSL connection to a non-SSL Puma?>
2026-03-23 23:46:11 +0000 HTTP parse error, malformed request: #<Puma::HttpParserError: Invalid HTTP format, parsing fails. Are you trying to open an SSL connection to a non-SSL Puma?>
2026-03-23 23:46:18 +0000 HTTP parse error, malformed request: #<Puma::HttpParserError: Invalid HTTP format, parsing fails. Are you trying to open an SSL connection to a non-SSL Puma?>
2026-03-23 23:46:18 +0000 HTTP parse error, malformed request: #<Puma::HttpParserError: Invalid HTTP format, parsing fails. Are you trying to open an SSL connection to a non-SSL Puma?>
2026-03-23 23:46:18 +0000 HTTP parse error, malformed request: #<Puma::HttpParserError: Invalid HTTP format, parsing fails. Are you trying to open an SSL connection to a non-SSL Puma?>
2026-03-23 23:46:18 +0000 HTTP parse error, malformed request: #<Puma::HttpParserError: Invalid HTTP format, parsing fails. Are you trying to open an SSL connection to a non-SSL Puma?>
2026-03-23 23:46:18 +0000 HTTP parse error, malformed request: #<Puma::HttpParserError: Invalid HTTP format, parsing fails. Are you trying to open an SSL connection to a non-SSL Puma?>
2026-03-23 23:46:18 +0000 HTTP parse error, malformed request: #<Puma::HttpParserError: Invalid HTTP format, parsing fails. Are you trying to open an SSL connection to a non-SSL Puma?>
2026-03-23 23:46:18 +0000 HTTP parse error, malformed request: #<Puma::HttpParserError: Invalid HTTP format, parsing fails. Are you trying to open an SSL connection to a non-SSL Puma?>
2026-03-23 23:46:18 +0000 HTTP parse error, malformed request: #<Puma::HttpParserError: Invalid HTTP format, parsing fails. Are you trying to open an SSL connection to a non-SSL Puma?>
2026-03-23 23:46:18 +0000 HTTP parse error, malformed request: #<Puma::HttpParserError: Invalid HTTP format, parsing fails. Are you trying to open an SSL connection to a non-SSL Puma?>
2026-03-23 23:46:18 +0000 HTTP parse error, malformed request: #<Puma::HttpParserError: Invalid HTTP format, parsing fails. Are you trying to open an SSL connection to a non-SSL Puma?>
2026-03-23 23:46:18 +0000 HTTP parse error, malformed request: #<Puma::HttpParserError: Invalid HTTP format, parsing fails. Are you trying to open an SSL connection to a non-SSL Puma?>
2026-03-23 23:46:18 +0000 HTTP parse error, malformed request: #<Puma::HttpParserError: Invalid HTTP format, parsing fails. Are you trying to open an SSL connection to a non-SSL Puma?>
2026-03-23 23:46:18 +0000 HTTP parse error, malformed request: #<Puma::HttpParserError: Invalid HTTP format, parsing fails. Are you trying to open an SSL connection to a non-SSL Puma?>
2026-03-23 23:46:18 +0000 HTTP parse error, malformed request: #<Puma::HttpParserError: Invalid HTTP format, parsing fails. Are you trying to open an SSL connection to a non-SSL Puma?>
2026-03-23 23:46:18 +0000 HTTP parse error, malformed request: #<Puma::HttpParserError: Invalid HTTP format, parsing fails. Are you trying to open an SSL connection to a non-SSL Puma?>
2026-03-23 23:46:18 +0000 HTTP parse error, malformed request: #<Puma::HttpParserError: Invalid HTTP format, parsing fails. Are you trying to open an SSL connection to a non-SSL Puma?>
2026-03-23 23:46:18 +0000 HTTP parse error, malformed request: #<Puma::HttpParserError: Invalid HTTP format, parsing fails. Are you trying to open an SSL connection to a non-SSL Puma?>
2026-03-23 23:46:18 +0000 HTTP parse error, malformed request: #<Puma::HttpParserError: Invalid HTTP format, parsing fails. Are you trying to open an SSL connection to a non-SSL Puma?>
2026-03-23 23:46:18 +0000 HTTP parse error, malformed request: #<Puma::HttpParserError: Invalid HTTP format, parsing fails. Are you trying to open an SSL connection to a non-SSL Puma?>
2026-03-23 23:46:18 +0000 HTTP parse error, malformed request: #<Puma::HttpParserError: Invalid HTTP format, parsing fails. Are you trying to open an SSL connection to a non-SSL Puma?>
2026-03-23 23:46:18 +0000 HTTP parse error, malformed request: #<Puma::HttpParserError: Invalid HTTP format, parsing fails. Are you trying to open an SSL connection to a non-SSL Puma?>
2026-03-23 23:46:18 +0000 HTTP parse error, malformed request: #<Puma::HttpParserError: Invalid HTTP format, parsing fails. Are you trying to open an SSL connection to a non-SSL Puma?>
2026-03-23 23:46:18 +0000 HTTP parse error, malformed request: #<Puma::HttpParserError: Invalid HTTP format, parsing fails. Are you trying to open an SSL connection to a non-SSL Puma?>
2026-03-23 23:46:18 +0000 HTTP parse error, malformed request: #<Puma::HttpParserError: Invalid HTTP format, parsing fails. Are you trying to open an SSL connection to a non-SSL Puma?>
2026-03-23 23:46:18 +0000 HTTP parse error, malformed request: #<Puma::HttpParserError: Invalid HTTP format, parsing fails. Are you trying to open an SSL connection to a non-SSL Puma?>
2026-03-23 23:46:18 +0000 HTTP parse error, malformed request: #<Puma::HttpParserError: Invalid HTTP format, parsing fails. Are you trying to open an SSL connection to a non-SSL Puma?>
2026-03-23 23:46:18 +0000 HTTP parse error, malformed request: #<Puma::HttpParserError: Invalid HTTP format, parsing fails. Are you trying to open an SSL connection to a non-SSL Puma?>
2026-03-23 23:46:18 +0000 HTTP parse error, malformed request: #<Puma::HttpParserError: Invalid HTTP format, parsing fails. Are you trying to open an SSL connection to a non-SSL Puma?>
2026-03-23 23:46:18 +0000 HTTP parse error, malformed request: #<Puma::HttpParserError: Invalid HTTP format, parsing fails. Are you trying to open an SSL connection to a non-SSL Puma?>
2026-03-23 23:46:18 +0000 HTTP parse error, malformed request: #<Puma::HttpParserError: Invalid HTTP format, parsing fails. Are you trying to open an SSL connection to a non-SSL Puma?>
2026-03-23 23:46:18 +0000 HTTP parse error, malformed request: #<Puma::HttpParserError: Invalid HTTP format, parsing fails. Are you trying to open an SSL connection to a non-SSL Puma?>
2026-03-23 23:46:18 +0000 HTTP parse error, malformed request: #<Puma::HttpParserError: Invalid HTTP format, parsing fails. Are you trying to open an SSL connection to a non-SSL Puma?>
2026-03-23 23:46:18 +0000 HTTP parse error, malformed request: #<Puma::HttpParserError: Invalid HTTP format, parsing fails. Are you trying to open an SSL connection to a non-SSL Puma?>
2026-03-23 23:46:18 +0000 HTTP parse error, malformed request: #<Puma::HttpParserError: Invalid HTTP format, parsing fails. Are you trying to open an SSL connection to a non-SSL Puma?>
2026-03-23 23:46:18 +0000 HTTP parse error, malformed request: #<Puma::HttpParserError: Invalid HTTP format, parsing fails. Are you trying to open an SSL connection to a non-SSL Puma?>
2026-03-23 23:46:18 +0000 HTTP parse error, malformed request: #<Puma::HttpParserError: Invalid HTTP format, parsing fails. Are you trying to open an SSL connection to a non-SSL Puma?>
2026-03-23 23:46:18 +0000 HTTP parse error, malformed request: #<Puma::HttpParserError: Invalid HTTP format, parsing fails. Are you trying to open an SSL connection to a non-SSL Puma?>
2026-03-23 23:46:18 +0000 HTTP parse error, malformed request: #<Puma::HttpParserError: Invalid HTTP format, parsing fails. Are you trying to open an SSL connection to a non-SSL Puma?>
2026-03-23 23:46:18 +0000 HTTP parse error, malformed request: #<Puma::HttpParserError: Invalid HTTP format, parsing fails. Are you trying to open an SSL connection to a non-SSL Puma?>
2026-03-23 23:46:18 +0000 HTTP parse error, malformed request: #<Puma::HttpParserError: Invalid HTTP format, parsing fails. Are you trying to open an SSL connection to a non-SSL Puma?>
2026-03-23 23:46:18 +0000 HTTP parse error, malformed request: #<Puma::HttpParserError: Invalid HTTP format, parsing fails. Are you trying to open an SSL connection to a non-SSL Puma?>
2026-03-23 23:46:18 +0000 HTTP parse error, malformed request: #<Puma::HttpParserError: Invalid HTTP format, parsing fails. Are you trying to open an SSL connection to a non-SSL Puma?>
2026-03-23 23:46:18 +0000 HTTP parse error, malformed request: #<Puma::HttpParserError: Invalid HTTP format, parsing fails. Are you trying to open an SSL connection to a non-SSL Puma?>
2026-03-23 23:46:18 +0000 HTTP parse error, malformed request: #<Puma::HttpParserError: Invalid HTTP format, parsing fails. Are you trying to open an SSL connection to a non-SSL Puma?>
2026-03-23 23:46:18 +0000 HTTP parse error, malformed request: #<Puma::HttpParserError: Invalid HTTP format, parsing fails. Are you trying to open an SSL connection to a non-SSL Puma?>
2026-03-23 23:46:18 +0000 HTTP parse error, malformed request: #<Puma::HttpParserError: Invalid HTTP format, parsing fails. Are you trying to open an SSL connection to a non-SSL Puma?>
2026-03-23 23:46:18 +0000 HTTP parse error, malformed request: #<Puma::HttpParserError: Invalid HTTP format, parsing fails. Are you trying to open an SSL connection to a non-SSL Puma?>
2026-03-23 23:46:18 +0000 HTTP parse error, malformed request: #<Puma::HttpParserError: Invalid HTTP format, parsing fails. Are you trying to open an SSL connection to a non-SSL Puma?>
2026-03-23 23:46:18 +0000 HTTP parse error, malformed request: #<Puma::HttpParserError: Invalid HTTP format, parsing fails. Are you trying to open an SSL connection to a non-SSL Puma?>
2026-03-23 23:46:18 +0000 HTTP parse error, malformed request: #<Puma::HttpParserError: Invalid HTTP format, parsing fails. Are you trying to open an SSL connection to a non-SSL Puma?>
2026-03-23 23:46:18 +0000 HTTP parse error, malformed request: #<Puma::HttpParserError: Invalid HTTP format, parsing fails. Are you trying to open an SSL connection to a non-SSL Puma?>
2026-03-23 23:46:18 +0000 HTTP parse error, malformed request: #<Puma::HttpParserError: Invalid HTTP format, parsing fails. Are you trying to open an SSL connection to a non-SSL Puma?>
2026-03-23 23:46:18 +0000 HTTP parse error, malformed request: #<Puma::HttpParserError: Invalid HTTP format, parsing fails. Are you trying to open an SSL connection to a non-SSL Puma?>
2026-03-23 23:46:18 +0000 HTTP parse error, malformed request: #<Puma::HttpParserError: Invalid HTTP format, parsing fails. Are you trying to open an SSL connection to a non-SSL Puma?>
2026-03-23 23:46:18 +0000 HTTP parse error, malformed request: #<Puma::HttpParserError: Invalid HTTP format, parsing fails. Are you trying to open an SSL connection to a non-SSL Puma?>
2026-03-23 23:46:18 +0000 HTTP parse error, malformed request: #<Puma::HttpParserError: Invalid HTTP format, parsing fails. Are you trying to open an SSL connection to a non-SSL Puma?>
2026-03-23 23:46:18 +0000 HTTP parse error, malformed request: #<Puma::HttpParserError: Invalid HTTP format, parsing fails. Are you trying to open an SSL connection to a non-SSL Puma?>
2026-03-23 23:46:18 +0000 HTTP parse error, malformed request: #<Puma::HttpParserError: Invalid HTTP format, parsing fails. Are you trying to open an SSL connection to a non-SSL Puma?>
2026-03-23 23:46:18 +0000 HTTP parse error, malformed request: #<Puma::HttpParserError: Invalid HTTP format, parsing fails. Are you trying to open an SSL connection to a non-SSL Puma?>
2026-03-23 23:46:18 +0000 HTTP parse error, malformed request: #<Puma::HttpParserError: Invalid HTTP format, parsing fails. Are you trying to open an SSL connection to a non-SSL Puma?>
2026-03-23 23:46:18 +0000 HTTP parse error, malformed request: #<Puma::HttpParserError: Invalid HTTP format, parsing fails. Are you trying to open an SSL connection to a non-SSL Puma?>
2026-03-23 23:46:18 +0000 HTTP parse error, malformed request: #<Puma::HttpParserError: Invalid HTTP format, parsing fails. Are you trying to open an SSL connection to a non-SSL Puma?>
2026-03-23 23:46:18 +0000 HTTP parse error, malformed request: #<Puma::HttpParserError: Invalid HTTP format, parsing fails. Are you trying to open an SSL connection to a non-SSL Puma?>
2026-03-23 23:46:18 +0000 HTTP parse error, malformed request: #<Puma::HttpParserError: Invalid HTTP format, parsing fails. Are you trying to open an SSL connection to a non-SSL Puma?>
2026-03-23 23:46:18 +0000 HTTP parse error, malformed request: #<Puma::HttpParserError: Invalid HTTP format, parsing fails. Are you trying to open an SSL connection to a non-SSL Puma?>
2026-03-23 23:46:18 +0000 HTTP parse error, malformed request: #<Puma::HttpParserError: Invalid HTTP format, parsing fails. Are you trying to open an SSL connection to a non-SSL Puma?>
2026-03-23 23:46:18 +0000 HTTP parse error, malformed request: #<Puma::HttpParserError: Invalid HTTP format, parsing fails. Are you trying to open an SSL connection to a non-SSL Puma?>
2026-03-23 23:46:18 +0000 HTTP parse error, malformed request: #<Puma::HttpParserError: Invalid HTTP format, parsing fails. Are you trying to open an SSL connection to a non-SSL Puma?>
2026-03-23 23:46:18 +0000 HTTP parse error, malformed request: #<Puma::HttpParserError: Invalid HTTP format, parsing fails. Are you trying to open an SSL connection to a non-SSL Puma?>
2026-03-23 23:46:18 +0000 HTTP parse error, malformed request: #<Puma::HttpParserError: Invalid HTTP format, parsing fails. Are you trying to open an SSL connection to a non-SSL Puma?>
2026-03-23 23:46:18 +0000 HTTP parse error, malformed request: #<Puma::HttpParserError: Invalid HTTP format, parsing fails. Are you trying to open an SSL connection to a non-SSL Puma?>
2026-03-23 23:46:18 +0000 HTTP parse error, malformed request: #<Puma::HttpParserError: Invalid HTTP format, parsing fails. Are you trying to open an SSL connection to a non-SSL Puma?>
2026-03-23 23:46:18 +0000 HTTP parse error, malformed request: #<Puma::HttpParserError: Invalid HTTP format, parsing fails. Are you trying to open an SSL connection to a non-SSL Puma?>
2026-03-23 23:46:18 +0000 HTTP parse error, malformed request: #<Puma::HttpParserError: Invalid HTTP format, parsing fails. Are you trying to open an SSL connection to a non-SSL Puma?>
2026-03-23 23:46:18 +0000 HTTP parse error, malformed request: #<Puma::HttpParserError: Invalid HTTP format, parsing fails. Are you trying to open an SSL connection to a non-SSL Puma?>
2026-03-23 23:46:18 +0000 HTTP parse error, malformed request: #<Puma::HttpParserError: Invalid HTTP format, parsing fails. Are you trying to open an SSL connection to a non-SSL Puma?>
2026-03-23 23:46:18 +0000 HTTP parse error, malformed request: #<Puma::HttpParserError: Invalid HTTP format, parsing fails. Are you trying to open an SSL connection to a non-SSL Puma?>
2026-03-23 23:46:18 +0000 HTTP parse error, malformed request: #<Puma::HttpParserError: Invalid HTTP format, parsing fails. Are you trying to open an SSL connection to a non-SSL Puma?>
2026-03-23 23:46:18 +0000 HTTP parse error, malformed request: #<Puma::HttpParserError: Invalid HTTP format, parsing fails. Are you trying to open an SSL connection to a non-SSL Puma?>
2026-03-23 23:46:18 +0000 HTTP parse error, malformed request: #<Puma::HttpParserError: Invalid HTTP format, parsing fails. Are you trying to open an SSL connection to a non-SSL Puma?>
2026-03-23 23:46:18 +0000 HTTP parse error, malformed request: #<Puma::HttpParserError: Invalid HTTP format, parsing fails. Are you trying to open an SSL connection to a non-SSL Puma?>
2026-03-23 23:46:18 +0000 HTTP parse error, malformed request: #<Puma::HttpParserError: Invalid HTTP format, parsing fails. Are you trying to open an SSL connection to a non-SSL Puma?>
2026-03-23 23:46:18 +0000 HTTP parse error, malformed request: #<Puma::HttpParserError: Invalid HTTP format, parsing fails. Are you trying to open an SSL connection to a non-SSL Puma?>
2026-03-23 23:46:18 +0000 HTTP parse error, malformed request: #<Puma::HttpParserError: Invalid HTTP format, parsing fails. Are you trying to open an SSL connection to a non-SSL Puma?>
2026-03-23 23:46:18 +0000 HTTP parse error, malformed request: #<Puma::HttpParserError: Invalid HTTP format, parsing fails. Are you trying to open an SSL connection to a non-SSL Puma?>
2026-03-23 23:46:18 +0000 HTTP parse error, malformed request: #<Puma::HttpParserError: Invalid HTTP format, parsing fails. Are you trying to open an SSL connection to a non-SSL Puma?>
2026-03-23 23:46:18 +0000 HTTP parse error, malformed request: #<Puma::HttpParserError: Invalid HTTP format, parsing fails. Are you trying to open an SSL connection to a non-SSL Puma?>
2026-03-23 23:46:18 +0000 HTTP parse error, malformed request: #<Puma::HttpParserError: Invalid HTTP format, parsing fails. Are you trying to open an SSL connection to a non-SSL Puma?>
2026-03-23 23:46:18 +0000 HTTP parse error, malformed request: #<Puma::HttpParserError: Invalid HTTP format, parsing fails. Are you trying to open an SSL connection to a non-SSL Puma?>
2026-03-23 23:46:18 +0000 HTTP parse error, malformed request: #<Puma::HttpParserError: Invalid HTTP format, parsing fails. Are you trying to open an SSL connection to a non-SSL Puma?>
2026-03-23 23:46:18 +0000 HTTP parse error, malformed request: #<Puma::HttpParserError: Invalid HTTP format, parsing fails. Are you trying to open an SSL connection to a non-SSL Puma?>
2026-03-23 23:46:18 +0000 HTTP parse error, malformed request: #<Puma::HttpParserError: Invalid HTTP format, parsing fails. Are you trying to open an SSL connection to a non-SSL Puma?>
2026-03-23 23:46:18 +0000 HTTP parse error, malformed request: #<Puma::HttpParserError: Invalid HTTP format, parsing fails. Are you trying to open an SSL connection to a non-SSL Puma?>
2026-03-23 23:46:18 +0000 HTTP parse error, malformed request: #<Puma::HttpParserError: Invalid HTTP format, parsing fails. Are you trying to open an SSL connection to a non-SSL Puma?>
2026-03-23 23:46:18 +0000 HTTP parse error, malformed request: #<Puma::HttpParserError: Invalid HTTP format, parsing fails. Are you trying to open an SSL connection to a non-SSL Puma?>
2026-03-23 23:46:18 +0000 HTTP parse error, malformed request: #<Puma::HttpParserError: Invalid HTTP format, parsing fails. Are you trying to open an SSL connection to a non-SSL Puma?>
2026-03-23 23:46:18 +0000 HTTP parse error, malformed request: #<Puma::HttpParserError: Invalid HTTP format, parsing fails. Are you trying to open an SSL connection to a non-SSL Puma?>
2026-03-23 23:46:18 +0000 HTTP parse error, malformed request: #<Puma::HttpParserError: Invalid HTTP format, parsing fails. Are you trying to open an SSL connection to a non-SSL Puma?>
2026-03-23 23:46:18 +0000 HTTP parse error, malformed request: #<Puma::HttpParserError: Invalid HTTP format, parsing fails. Are you trying to open an SSL connection to a non-SSL Puma?>
2026-03-23 23:46:18 +0000 HTTP parse error, malformed request: #<Puma::HttpParserError: Invalid HTTP format, parsing fails. Are you trying to open an SSL connection to a non-SSL Puma?>
2026-03-23 23:46:18 +0000 HTTP parse error, malformed request: #<Puma::HttpParserError: Invalid HTTP format, parsing fails. Are you trying to open an SSL connection to a non-SSL Puma?>
2026-03-23 23:46:18 +0000 HTTP parse error, malformed request: #<Puma::HttpParserError: Invalid HTTP format, parsing fails. Are you trying to open an SSL connection to a non-SSL Puma?>
2026-03-23 23:46:18 +0000 HTTP parse error, malformed request: #<Puma::HttpParserError: Invalid HTTP format, parsing fails. Are you trying to open an SSL connection to a non-SSL Puma?>
2026-03-23 23:46:18 +0000 HTTP parse error, malformed request: #<Puma::HttpParserError: Invalid HTTP format, parsing fails. Are you trying to open an SSL connection to a non-SSL Puma?>
2026-03-23 23:46:18 +0000 HTTP parse error, malformed request: #<Puma::HttpParserError: Invalid HTTP format, parsing fails. Are you trying to open an SSL connection to a non-SSL Puma?>
2026-03-23 23:46:18 +0000 HTTP parse error, malformed request: #<Puma::HttpParserError: Invalid HTTP format, parsing fails. Are you trying to open an SSL connection to a non-SSL Puma?>
2026-03-23 23:46:18 +0000 HTTP parse error, malformed request: #<Puma::HttpParserError: Invalid HTTP format, parsing fails. Are you trying to open an SSL connection to a non-SSL Puma?>
2026-03-23 23:46:18 +0000 HTTP parse error, malformed request: #<Puma::HttpParserError: Invalid HTTP format, parsing fails. Are you trying to open an SSL connection to a non-SSL Puma?>
2026-03-23 23:46:18 +0000 HTTP parse error, malformed request: #<Puma::HttpParserError: Invalid HTTP format, parsing fails. Are you trying to open an SSL connection to a non-SSL Puma?>
2026-03-23 23:46:18 +0000 HTTP parse error, malformed request: #<Puma::HttpParserError: Invalid HTTP format, parsing fails. Are you trying to open an SSL connection to a non-SSL Puma?>
2026-03-23 23:46:18 +0000 HTTP parse error, malformed request: #<Puma::HttpParserError: Invalid HTTP format, parsing fails. Are you trying to open an SSL connection to a non-SSL Puma?>
2026-03-23 23:46:18 +0000 HTTP parse error, malformed request: #<Puma::HttpParserError: Invalid HTTP format, parsing fails. Are you trying to open an SSL connection to a non-SSL Puma?>
2026-03-23 23:46:18 +0000 HTTP parse error, malformed request: #<Puma::HttpParserError: Invalid HTTP format, parsing fails. Are you trying to open an SSL connection to a non-SSL Puma?>
2026-03-23 23:46:18 +0000 HTTP parse error, malformed request: #<Puma::HttpParserError: Invalid HTTP format, parsing fails. Are you trying to open an SSL connection to a non-SSL Puma?>
2026-03-23 23:46:18 +0000 HTTP parse error, malformed request: #<Puma::HttpParserError: Invalid HTTP format, parsing fails. Are you trying to open an SSL connection to a non-SSL Puma?>
2026-03-23 23:46:18 +0000 HTTP parse error, malformed request: #<Puma::HttpParserError: Invalid HTTP format, parsing fails. Are you trying to open an SSL connection to a non-SSL Puma?>
2026-03-23 23:46:18 +0000 HTTP parse error, malformed request: #<Puma::HttpParserError: Invalid HTTP format, parsing fails. Are you trying to open an SSL connection to a non-SSL Puma?>
