[serve-worker-0 ] Application started.
[serve-worker-0 ] deno serve: Listening on http://0.0.0.0:8080/ with 128 threads
[serve-worker-3 ] Application started.
[serve-worker-1 ] Application started.
[serve-worker-96] Application started.
[serve-worker-104] Application started.
[serve-worker-2 ] Application started.
[serve-worker-70] Application started.
[serve-worker-30] Application started.
[serve-worker-5 ] Application started.
[serve-worker-81] Application started.
[serve-worker-46] Application started.
[serve-worker-57] Application started.
[serve-worker-89] Application started.
[serve-worker-109] Application started.
[serve-worker-67] Application started.
[serve-worker-54] Application started.
[serve-worker-73] Application started.
[serve-worker-127] Application started.
[serve-worker-11] Application started.
[serve-worker-111] Application started.
[serve-worker-121] Application started.
[serve-worker-88] Application started.
[serve-worker-124] Application started.
[serve-worker-102] Application started.
[serve-worker-47] Application started.
[serve-worker-116] Application started.
[serve-worker-32] Application started.
[serve-worker-84] Application started.
[serve-worker-95] Application started.
[serve-worker-6 ] Application started.
[serve-worker-49] Application started.
[serve-worker-21] Application started.
[serve-worker-114] Application started.
[serve-worker-35] Application started.
[serve-worker-106] Application started.
[serve-worker-125] Application started.
[serve-worker-94] Application started.
[serve-worker-28] Application started.
[serve-worker-8 ] Application started.
[serve-worker-79] Application started.
[serve-worker-7 ] Application started.
[serve-worker-24] Application started.
[serve-worker-99] Application started.
[serve-worker-92] Application started.
[serve-worker-15] Application started.
[serve-worker-33] Application started.
[serve-worker-20] Application started.
[serve-worker-45] Application started.
[serve-worker-117] Application started.
[serve-worker-65] Application started.
[serve-worker-44] Application started.
[serve-worker-72] Application started.
[serve-worker-55] Application started.
[serve-worker-18] Application started.
[serve-worker-119] Application started.
[serve-worker-108] Application started.
[serve-worker-75] Application started.
[serve-worker-63] Application started.
[serve-worker-41] Application started.
[serve-worker-103] Application started.
[serve-worker-13] Application started.
[serve-worker-126] Application started.
[serve-worker-86] Application started.
[serve-worker-76] Application started.
[serve-worker-118] Application started.
[serve-worker-105] Application started.
[serve-worker-10] Application started.
[serve-worker-100] Application started.
[serve-worker-42] Application started.
[serve-worker-122] Application started.
[serve-worker-36] Application started.
[serve-worker-120] Application started.
[serve-worker-9 ] Application started.
[serve-worker-64] Application started.
[serve-worker-39] Application started.
[serve-worker-58] Application started.
[serve-worker-22] Application started.
[serve-worker-14] Application started.
[serve-worker-59] Application started.
[serve-worker-56] Application started.
[serve-worker-43] Application started.
[serve-worker-29] Application started.
[serve-worker-16] Application started.
[serve-worker-50] Application started.
[serve-worker-74] Application started.
[serve-worker-97] Application started.
[serve-worker-19] Application started.
[serve-worker-68] Application started.
[serve-worker-27] Application started.
[serve-worker-98] Application started.
[serve-worker-61] Application started.
[serve-worker-31] Application started.
[serve-worker-48] Application started.
[serve-worker-51] Application started.
[serve-worker-112] Application started.
[serve-worker-101] Application started.
[serve-worker-91] Application started.
[serve-worker-69] Application started.
[serve-worker-115] Application started.
[serve-worker-66] Application started.
[serve-worker-71] Application started.
[serve-worker-40] Application started.
[serve-worker-87] Application started.
[serve-worker-90] Application started.
[serve-worker-110] Application started.
[serve-worker-93] Application started.
[serve-worker-34] Application started.
[serve-worker-52] Application started.
[serve-worker-12] Application started.
[serve-worker-25] Application started.
[serve-worker-82] Application started.
[serve-worker-23] Application started.
[serve-worker-78] Application started.
[serve-worker-62] Application started.
[serve-worker-53] Application started.
[serve-worker-38] Application started.
[serve-worker-60] Application started.
[serve-worker-83] Application started.
[serve-worker-107] Application started.
[serve-worker-80] Application started.
[serve-worker-85] Application started.
[serve-worker-123] Application started.
[serve-worker-26] Application started.
[serve-worker-113] Application started.
[serve-worker-17] Application started.
[serve-worker-4 ] Application started.
[serve-worker-77] Application started.
[serve-worker-37] Application started.
[serve-worker-60] TypeError: Invalid Header: 'upgrade' header must contain 'websocket'
    at Object.upgradeWebSocket (ext:deno_http/02_websocket.ts:19:11)
    at Object.fetch (file:///app/server.ts:4:41)
    at handler (ext:deno_http/00_serve.ts:718:26)
    at mapped (ext:deno_http/00_serve.ts:391:24)
    at mapped (ext:deno_http/00_serve.ts:471:16)
    at ext:deno_http/00_serve.ts:634:29
    at eventLoopTick (ext:core/01_core.js:177:7)
