
  Pyronova v2.0.2 [hybrid mode]
  Listening on http://0.0.0.0:8080
  Sub-interpreters: 32 | IO threads: 32 (CPUs: 64)
  Routes: 5 sub-interp + 2 GIL + 0 async
  Script: /app/app.py


  Pyronova v2.0.2 [hybrid mode]
  Listening on https://0.0.0.0:8081
  Sub-interpreters: 32 | IO threads: 32 (CPUs: 64)
  Routes: 5 sub-interp + 2 GIL + 0 async
  Script: /app/app.py


  Pyronova v2.0.2 [hybrid mode]
  Listening on https://0.0.0.0:8443
  Sub-interpreters: 32 | IO threads: 32 (CPUs: 64)
  Routes: 5 sub-interp + 2 GIL + 0 async
  Script: /app/app.py

Traceback (most recent call last):
Traceback (most recent call last):
Traceback (most recent call last):
Traceback (most recent call last):
  File "/app/app.py", line 131, in upload
    size = req.stream.drain_count()
Traceback (most recent call last):
Traceback (most recent call last):
Traceback (most recent call last):
Traceback (most recent call last):
Traceback (most recent call last):
  File "/app/app.py", line 131, in upload
    size = req.stream.drain_count()
Traceback (most recent call last):
Traceback (most recent call last):
Traceback (most recent call last):
OSError: body read: error reading a body from connection
{"timestamp":"2026-04-21T21:19:49.447434Z","level":"ERROR","fields":{"message":"handler raised an exception","error":"OSError: body read: error reading a body from connection"},"target":"pyronova::server"}
Traceback (most recent call last):
  File "/app/app.py", line 131, in upload
    size = req.stream.drain_count()
  File "/app/app.py", line 131, in upload
    size = req.stream.drain_count()
  File "/app/app.py", line 131, in upload
    size = req.stream.drain_count()
  File "/app/app.py", line 131, in upload
    size = req.stream.drain_count()
  File "/app/app.py", line 131, in upload
    size = req.stream.drain_count()
Traceback (most recent call last):
Traceback (most recent call last):
  File "/app/app.py", line 131, in upload
    size = req.stream.drain_count()
  File "/app/app.py", line 131, in upload
    size = req.stream.drain_count()
  File "/app/app.py", line 131, in upload
    size = req.stream.drain_count()
OSError: body read: error reading a body from connection
{"timestamp":"2026-04-21T21:19:49.448416Z","level":"ERROR","fields":{"message":"handler raised an exception","error":"OSError: body read: error reading a body from connection"},"target":"pyronova::server"}
Traceback (most recent call last):
OSError: body read: error reading a body from connection
{"timestamp":"2026-04-21T21:19:49.448621Z","level":"ERROR","fields":{"message":"handler raised an exception","error":"OSError: body read: error reading a body from connection"},"target":"pyronova::server"}
OSError: body read: error reading a body from connection
{"timestamp":"2026-04-21T21:19:49.448681Z","level":"ERROR","fields":{"message":"handler raised an exception","error":"OSError: body read: error reading a body from connection"},"target":"pyronova::server"}
OSError: body read: error reading a body from connection
{"timestamp":"2026-04-21T21:19:49.448738Z","level":"ERROR","fields":{"message":"handler raised an exception","error":"OSError: body read: error reading a body from connection"},"target":"pyronova::server"}
  File "/app/app.py", line 131, in upload
    size = req.stream.drain_count()
  File "/app/app.py", line 131, in upload
    size = req.stream.drain_count()
  File "/app/app.py", line 131, in upload
    size = req.stream.drain_count()
  File "/app/app.py", line 131, in upload
    size = req.stream.drain_count()
OSError: body read: error reading a body from connection
{"timestamp":"2026-04-21T21:19:49.448892Z","level":"ERROR","fields":{"message":"handler raised an exception","error":"OSError: body read: error reading a body from connection"},"target":"pyronova::server"}
OSError: body read: error reading a body from connection
{"timestamp":"2026-04-21T21:19:49.448960Z","level":"ERROR","fields":{"message":"handler raised an exception","error":"OSError: body read: error reading a body from connection"},"target":"pyronova::server"}
  File "/app/app.py", line 131, in upload
    size = req.stream.drain_count()
  File "/app/app.py", line 131, in upload
    size = req.stream.drain_count()
OSError: body read: error reading a body from connection
{"timestamp":"2026-04-21T21:19:49.449057Z","level":"ERROR","fields":{"message":"handler raised an exception","error":"OSError: body read: error reading a body from connection"},"target":"pyronova::server"}
OSError: body read: error reading a body from connection
{"timestamp":"2026-04-21T21:19:49.449121Z","level":"ERROR","fields":{"message":"handler raised an exception","error":"OSError: body read: error reading a body from connection"},"target":"pyronova::server"}
OSError: body read: error reading a body from connection
{"timestamp":"2026-04-21T21:19:49.449176Z","level":"ERROR","fields":{"message":"handler raised an exception","error":"OSError: body read: error reading a body from connection"},"target":"pyronova::server"}
OSError: body read: error reading a body from connection
{"timestamp":"2026-04-21T21:19:49.449234Z","level":"ERROR","fields":{"message":"handler raised an exception","error":"OSError: body read: error reading a body from connection"},"target":"pyronova::server"}
Traceback (most recent call last):
OSError: body read: error reading a body from connection
{"timestamp":"2026-04-21T21:19:49.449432Z","level":"ERROR","fields":{"message":"handler raised an exception","error":"OSError: body read: error reading a body from connection"},"target":"pyronova::server"}
OSError: body read: error reading a body from connection
{"timestamp":"2026-04-21T21:19:49.449492Z","level":"ERROR","fields":{"message":"handler raised an exception","error":"OSError: body read: error reading a body from connection"},"target":"pyronova::server"}
OSError: body read: error reading a body from connection
{"timestamp":"2026-04-21T21:19:49.449551Z","level":"ERROR","fields":{"message":"handler raised an exception","error":"OSError: body read: error reading a body from connection"},"target":"pyronova::server"}
Traceback (most recent call last):
  File "/app/app.py", line 131, in upload
    size = req.stream.drain_count()
Traceback (most recent call last):
Traceback (most recent call last):
OSError: body read: error reading a body from connection
{"timestamp":"2026-04-21T21:19:49.450004Z","level":"ERROR","fields":{"message":"handler raised an exception","error":"OSError: body read: error reading a body from connection"},"target":"pyronova::server"}
OSError: body read: error reading a body from connection
{"timestamp":"2026-04-21T21:19:49.450061Z","level":"ERROR","fields":{"message":"handler raised an exception","error":"OSError: body read: error reading a body from connection"},"target":"pyronova::server"}
  File "/app/app.py", line 131, in upload
    size = req.stream.drain_count()
  File "/app/app.py", line 131, in upload
    size = req.stream.drain_count()
OSError: body read: error reading a body from connection
{"timestamp":"2026-04-21T21:19:49.450164Z","level":"ERROR","fields":{"message":"handler raised an exception","error":"OSError: body read: error reading a body from connection"},"target":"pyronova::server"}
OSError: body read: error reading a body from connection
{"timestamp":"2026-04-21T21:19:49.450215Z","level":"ERROR","fields":{"message":"handler raised an exception","error":"OSError: body read: error reading a body from connection"},"target":"pyronova::server"}
OSError: body read: error reading a body from connection
{"timestamp":"2026-04-21T21:19:49.450270Z","level":"ERROR","fields":{"message":"handler raised an exception","error":"OSError: body read: error reading a body from connection"},"target":"pyronova::server"}
  File "/app/app.py", line 131, in upload
    size = req.stream.drain_count()
OSError: body read: error reading a body from connection
{"timestamp":"2026-04-21T21:19:49.450332Z","level":"ERROR","fields":{"message":"handler raised an exception","error":"OSError: body read: error reading a body from connection"},"target":"pyronova::server"}
Traceback (most recent call last):
Traceback (most recent call last):
Traceback (most recent call last):
  File "/app/app.py", line 131, in upload
    size = req.stream.drain_count()
Traceback (most recent call last):
Traceback (most recent call last):
Traceback (most recent call last):
Traceback (most recent call last):
Traceback (most recent call last):
Traceback (most recent call last):
Traceback (most recent call last):
  File "/app/app.py", line 131, in upload
    size = req.stream.drain_count()
Traceback (most recent call last):
Traceback (most recent call last):
  File "/app/app.py", line 131, in upload
    size = req.stream.drain_count()
  File "/app/app.py", line 131, in upload
    size = req.stream.drain_count()
  File "/app/app.py", line 131, in upload
    size = req.stream.drain_count()
  File "/app/app.py", line 131, in upload
    size = req.stream.drain_count()
  File "/app/app.py", line 131, in upload
    size = req.stream.drain_count()
  File "/app/app.py", line 131, in upload
    size = req.stream.drain_count()
OSError: body read: error reading a body from connection
{"timestamp":"2026-04-21T21:19:56.791181Z","level":"ERROR","fields":{"message":"handler raised an exception","error":"OSError: body read: error reading a body from connection"},"target":"pyronova::server"}
OSError: body read: error reading a body from connection
{"timestamp":"2026-04-21T21:19:56.791233Z","level":"ERROR","fields":{"message":"handler raised an exception","error":"OSError: body read: error reading a body from connection"},"target":"pyronova::server"}
  File "/app/app.py", line 131, in upload
    size = req.stream.drain_count()
  File "/app/app.py", line 131, in upload
    size = req.stream.drain_count()
OSError: body read: error reading a body from connection
{"timestamp":"2026-04-21T21:19:56.791335Z","level":"ERROR","fields":{"message":"handler raised an exception","error":"OSError: body read: error reading a body from connection"},"target":"pyronova::server"}
OSError: body read: error reading a body from connection
{"timestamp":"2026-04-21T21:19:56.791387Z","level":"ERROR","fields":{"message":"handler raised an exception","error":"OSError: body read: error reading a body from connection"},"target":"pyronova::server"}
OSError: body read: error reading a body from connection
{"timestamp":"2026-04-21T21:19:56.791441Z","level":"ERROR","fields":{"message":"handler raised an exception","error":"OSError: body read: error reading a body from connection"},"target":"pyronova::server"}
OSError: body read: error reading a body from connection
{"timestamp":"2026-04-21T21:19:56.791489Z","level":"ERROR","fields":{"message":"handler raised an exception","error":"OSError: body read: error reading a body from connection"},"target":"pyronova::server"}
OSError: body read: error reading a body from connection
{"timestamp":"2026-04-21T21:19:56.791543Z","level":"ERROR","fields":{"message":"handler raised an exception","error":"OSError: body read: error reading a body from connection"},"target":"pyronova::server"}
OSError: body read: error reading a body from connection
{"timestamp":"2026-04-21T21:19:56.791611Z","level":"ERROR","fields":{"message":"handler raised an exception","error":"OSError: body read: error reading a body from connection"},"target":"pyronova::server"}
Traceback (most recent call last):
OSError: body read: error reading a body from connection
{"timestamp":"2026-04-21T21:19:56.791805Z","level":"ERROR","fields":{"message":"handler raised an exception","error":"OSError: body read: error reading a body from connection"},"target":"pyronova::server"}
OSError: body read: error reading a body from connection
{"timestamp":"2026-04-21T21:19:56.791854Z","level":"ERROR","fields":{"message":"handler raised an exception","error":"OSError: body read: error reading a body from connection"},"target":"pyronova::server"}
Traceback (most recent call last):
  File "/app/app.py", line 131, in upload
    size = req.stream.drain_count()
Traceback (most recent call last):
Traceback (most recent call last):
Traceback (most recent call last):
Traceback (most recent call last):
OSError: body read: error reading a body from connection
{"timestamp":"2026-04-21T21:19:56.792702Z","level":"ERROR","fields":{"message":"handler raised an exception","error":"OSError: body read: error reading a body from connection"},"target":"pyronova::server"}
  File "/app/app.py", line 131, in upload
    size = req.stream.drain_count()
  File "/app/app.py", line 131, in upload
    size = req.stream.drain_count()
  File "/app/app.py", line 131, in upload
    size = req.stream.drain_count()
  File "/app/app.py", line 131, in upload
    size = req.stream.drain_count()
  File "/app/app.py", line 131, in upload
    size = req.stream.drain_count()
  File "/app/app.py", line 131, in upload
    size = req.stream.drain_count()
OSError: body read: error reading a body from connection
{"timestamp":"2026-04-21T21:19:56.792932Z","level":"ERROR","fields":{"message":"handler raised an exception","error":"OSError: body read: error reading a body from connection"},"target":"pyronova::server"}
OSError: body read: error reading a body from connection
{"timestamp":"2026-04-21T21:19:56.793011Z","level":"ERROR","fields":{"message":"handler raised an exception","error":"OSError: body read: error reading a body from connection"},"target":"pyronova::server"}
OSError: body read: error reading a body from connection
{"timestamp":"2026-04-21T21:19:56.793067Z","level":"ERROR","fields":{"message":"handler raised an exception","error":"OSError: body read: error reading a body from connection"},"target":"pyronova::server"}
  File "/app/app.py", line 131, in upload
    size = req.stream.drain_count()
OSError: body read: error reading a body from connection
{"timestamp":"2026-04-21T21:19:56.793149Z","level":"ERROR","fields":{"message":"handler raised an exception","error":"OSError: body read: error reading a body from connection"},"target":"pyronova::server"}
OSError: body read: error reading a body from connection
{"timestamp":"2026-04-21T21:19:56.793205Z","level":"ERROR","fields":{"message":"handler raised an exception","error":"OSError: body read: error reading a body from connection"},"target":"pyronova::server"}
OSError: body read: error reading a body from connection
{"timestamp":"2026-04-21T21:19:56.793270Z","level":"ERROR","fields":{"message":"handler raised an exception","error":"OSError: body read: error reading a body from connection"},"target":"pyronova::server"}
OSError: body read: error reading a body from connection
{"timestamp":"2026-04-21T21:19:56.793327Z","level":"ERROR","fields":{"message":"handler raised an exception","error":"OSError: body read: error reading a body from connection"},"target":"pyronova::server"}
Traceback (most recent call last):
Traceback (most recent call last):
Traceback (most recent call last):
Traceback (most recent call last):
Traceback (most recent call last):
Traceback (most recent call last):
Traceback (most recent call last):
Traceback (most recent call last):
Traceback (most recent call last):
Traceback (most recent call last):
Traceback (most recent call last):
  File "/app/app.py", line 131, in upload
    size = req.stream.drain_count()
Traceback (most recent call last):
Traceback (most recent call last):
Traceback (most recent call last):
  File "/app/app.py", line 131, in upload
    size = req.stream.drain_count()
  File "/app/app.py", line 131, in upload
    size = req.stream.drain_count()
  File "/app/app.py", line 131, in upload
    size = req.stream.drain_count()
Traceback (most recent call last):
Traceback (most recent call last):
  File "/app/app.py", line 131, in upload
    size = req.stream.drain_count()
Traceback (most recent call last):
  File "/app/app.py", line 131, in upload
    size = req.stream.drain_count()
  File "/app/app.py", line 131, in upload
    size = req.stream.drain_count()
Traceback (most recent call last):
Traceback (most recent call last):
  File "/app/app.py", line 131, in upload
    size = req.stream.drain_count()
  File "/app/app.py", line 131, in upload
    size = req.stream.drain_count()
  File "/app/app.py", line 131, in upload
    size = req.stream.drain_count()
OSError: body read: error reading a body from connection
{"timestamp":"2026-04-21T21:20:04.136002Z","level":"ERROR","fields":{"message":"handler raised an exception","error":"OSError: body read: error reading a body from connection"},"target":"pyronova::server"}
OSError: body read: error reading a body from connection
{"timestamp":"2026-04-21T21:20:04.136064Z","level":"ERROR","fields":{"message":"handler raised an exception","error":"OSError: body read: error reading a body from connection"},"target":"pyronova::server"}
OSError: body read: error reading a body from connection
{"timestamp":"2026-04-21T21:20:04.136134Z","level":"ERROR","fields":{"message":"handler raised an exception","error":"OSError: body read: error reading a body from connection"},"target":"pyronova::server"}
  File "/app/app.py", line 131, in upload
    size = req.stream.drain_count()
  File "/app/app.py", line 131, in upload
    size = req.stream.drain_count()
Traceback (most recent call last):
  File "/app/app.py", line 131, in upload
    size = req.stream.drain_count()
OSError: body read: error reading a body from connection
{"timestamp":"2026-04-21T21:20:04.136386Z","level":"ERROR","fields":{"message":"handler raised an exception","error":"OSError: body read: error reading a body from connection"},"target":"pyronova::server"}
Traceback (most recent call last):
  File "/app/app.py", line 131, in upload
    size = req.stream.drain_count()
  File "/app/app.py", line 131, in upload
    size = req.stream.drain_count()
Traceback (most recent call last):
OSError: body read: error reading a body from connection
{"timestamp":"2026-04-21T21:20:04.136713Z","level":"ERROR","fields":{"message":"handler raised an exception","error":"OSError: body read: error reading a body from connection"},"target":"pyronova::server"}
OSError: body read: error reading a body from connection
{"timestamp":"2026-04-21T21:20:04.136767Z","level":"ERROR","fields":{"message":"handler raised an exception","error":"OSError: body read: error reading a body from connection"},"target":"pyronova::server"}
  File "/app/app.py", line 131, in upload
    size = req.stream.drain_count()
  File "/app/app.py", line 131, in upload
    size = req.stream.drain_count()
OSError: body read: error reading a body from connection
{"timestamp":"2026-04-21T21:20:04.136871Z","level":"ERROR","fields":{"message":"handler raised an exception","error":"OSError: body read: error reading a body from connection"},"target":"pyronova::server"}
Traceback (most recent call last):
OSError: body read: error reading a body from connection
{"timestamp":"2026-04-21T21:20:04.137022Z","level":"ERROR","fields":{"message":"handler raised an exception","error":"OSError: body read: error reading a body from connection"},"target":"pyronova::server"}
  File "/app/app.py", line 131, in upload
    size = req.stream.drain_count()
  File "/app/app.py", line 131, in upload
    size = req.stream.drain_count()
OSError: body read: error reading a body from connection
{"timestamp":"2026-04-21T21:20:04.137120Z","level":"ERROR","fields":{"message":"handler raised an exception","error":"OSError: body read: error reading a body from connection"},"target":"pyronova::server"}
Traceback (most recent call last):
  File "/app/app.py", line 131, in upload
    size = req.stream.drain_count()
OSError: body read: error reading a body from connection
{"timestamp":"2026-04-21T21:20:04.137283Z","level":"ERROR","fields":{"message":"handler raised an exception","error":"OSError: body read: error reading a body from connection"},"target":"pyronova::server"}
OSError: body read: error reading a body from connection
{"timestamp":"2026-04-21T21:20:04.137334Z","level":"ERROR","fields":{"message":"handler raised an exception","error":"OSError: body read: error reading a body from connection"},"target":"pyronova::server"}
OSError: body read: error reading a body from connection
{"timestamp":"2026-04-21T21:20:04.137395Z","level":"ERROR","fields":{"message":"handler raised an exception","error":"OSError: body read: error reading a body from connection"},"target":"pyronova::server"}
OSError: body read: error reading a body from connection
{"timestamp":"2026-04-21T21:20:04.137458Z","level":"ERROR","fields":{"message":"handler raised an exception","error":"OSError: body read: error reading a body from connection"},"target":"pyronova::server"}
OSError: body read: error reading a body from connection
{"timestamp":"2026-04-21T21:20:04.137519Z","level":"ERROR","fields":{"message":"handler raised an exception","error":"OSError: body read: error reading a body from connection"},"target":"pyronova::server"}
OSError: body read: error reading a body from connection
{"timestamp":"2026-04-21T21:20:04.137573Z","level":"ERROR","fields":{"message":"handler raised an exception","error":"OSError: body read: error reading a body from connection"},"target":"pyronova::server"}
OSError: body read: error reading a body from connection
{"timestamp":"2026-04-21T21:20:04.137618Z","level":"ERROR","fields":{"message":"handler raised an exception","error":"OSError: body read: error reading a body from connection"},"target":"pyronova::server"}
  File "/app/app.py", line 131, in upload
    size = req.stream.drain_count()
OSError: body read: error reading a body from connection
{"timestamp":"2026-04-21T21:20:04.137695Z","level":"ERROR","fields":{"message":"handler raised an exception","error":"OSError: body read: error reading a body from connection"},"target":"pyronova::server"}
OSError: body read: error reading a body from connection
{"timestamp":"2026-04-21T21:20:04.137747Z","level":"ERROR","fields":{"message":"handler raised an exception","error":"OSError: body read: error reading a body from connection"},"target":"pyronova::server"}
Traceback (most recent call last):
OSError: body read: error reading a body from connection
{"timestamp":"2026-04-21T21:20:04.137911Z","level":"ERROR","fields":{"message":"handler raised an exception","error":"OSError: body read: error reading a body from connection"},"target":"pyronova::server"}
  File "/app/app.py", line 131, in upload
    size = req.stream.drain_count()
  File "/app/app.py", line 131, in upload
    size = req.stream.drain_count()
  File "/app/app.py", line 131, in upload
    size = req.stream.drain_count()
  File "/app/app.py", line 131, in upload
    size = req.stream.drain_count()
OSError: body read: error reading a body from connection
{"timestamp":"2026-04-21T21:20:04.138047Z","level":"ERROR","fields":{"message":"handler raised an exception","error":"OSError: body read: error reading a body from connection"},"target":"pyronova::server"}
OSError: body read: error reading a body from connection
{"timestamp":"2026-04-21T21:20:04.138099Z","level":"ERROR","fields":{"message":"handler raised an exception","error":"OSError: body read: error reading a body from connection"},"target":"pyronova::server"}
Traceback (most recent call last):
OSError: body read: error reading a body from connection
{"timestamp":"2026-04-21T21:20:04.138283Z","level":"ERROR","fields":{"message":"handler raised an exception","error":"OSError: body read: error reading a body from connection"},"target":"pyronova::server"}
OSError: body read: error reading a body from connection
{"timestamp":"2026-04-21T21:20:04.138342Z","level":"ERROR","fields":{"message":"handler raised an exception","error":"OSError: body read: error reading a body from connection"},"target":"pyronova::server"}
OSError: body read: error reading a body from connection
{"timestamp":"2026-04-21T21:20:04.138399Z","level":"ERROR","fields":{"message":"handler raised an exception","error":"OSError: body read: error reading a body from connection"},"target":"pyronova::server"}
OSError: body read: error reading a body from connection
{"timestamp":"2026-04-21T21:20:04.138468Z","level":"ERROR","fields":{"message":"handler raised an exception","error":"OSError: body read: error reading a body from connection"},"target":"pyronova::server"}
  File "/app/app.py", line 131, in upload
    size = req.stream.drain_count()
OSError: body read: error reading a body from connection
{"timestamp":"2026-04-21T21:20:04.138541Z","level":"ERROR","fields":{"message":"handler raised an exception","error":"OSError: body read: error reading a body from connection"},"target":"pyronova::server"}
