[1] Puma starting in cluster mode...
[1] * Puma version: 7.2.0 ("On The Corner")
[1] * Ruby version: ruby 4.0.2 (2026-03-17 revision d3da9fec82) +YJIT +MN +PRISM [x86_64-linux]
[1] *  Min threads: 3
[1] *  Max threads: 3
[1] *  Environment: production
[1] *   Master PID: 1
[1] *      Workers: 64
[1] *     Restarts: (✔) hot (✖) phased (✖) refork
[1] * Preloading application
[1] * Listening on http://0.0.0.0:8080
[1] Use Ctrl-C to stop
[1] ! WARNING: Detected `RUBY_MN_THREADS=1`
[1] ! This setting is known to cause performance regressions with Puma.
[1] ! Consider disabling this environment variable: https://github.com/puma/puma/issues/3720
[1] - Worker 0 (PID: 8) booted in 0.14s, phase: 0
[1] - Worker 1 (PID: 12) booted in 0.14s, phase: 0
[1] - Worker 2 (PID: 16) booted in 0.14s, phase: 0
[1] - Worker 3 (PID: 20) booted in 0.14s, phase: 0
[1] - Worker 4 (PID: 24) booted in 0.14s, phase: 0
[1] - Worker 5 (PID: 28) booted in 0.13s, phase: 0
[1] - Worker 6 (PID: 33) booted in 0.13s, phase: 0
[1] - Worker 7 (PID: 38) booted in 0.13s, phase: 0
[1] - Worker 8 (PID: 43) booted in 0.13s, phase: 0
[1] - Worker 9 (PID: 49) booted in 0.13s, phase: 0
[1] - Worker 10 (PID: 53) booted in 0.12s, phase: 0
[1] - Worker 11 (PID: 60) booted in 0.12s, phase: 0
[1] - Worker 12 (PID: 66) booted in 0.12s, phase: 0
[1] - Worker 13 (PID: 71) booted in 0.12s, phase: 0
[1] - Worker 14 (PID: 81) booted in 0.11s, phase: 0
[1] - Worker 15 (PID: 87) booted in 0.11s, phase: 0
[1] - Worker 16 (PID: 93) booted in 0.11s, phase: 0
[1] - Worker 17 (PID: 99) booted in 0.11s, phase: 0
[1] - Worker 18 (PID: 104) booted in 0.11s, phase: 0
[1] - Worker 19 (PID: 109) booted in 0.11s, phase: 0
[1] - Worker 20 (PID: 115) booted in 0.11s, phase: 0
[1] - Worker 21 (PID: 121) booted in 0.1s, phase: 0
[1] - Worker 22 (PID: 127) booted in 0.1s, phase: 0
[1] - Worker 23 (PID: 132) booted in 0.1s, phase: 0
[1] - Worker 24 (PID: 137) booted in 0.1s, phase: 0
[1] - Worker 25 (PID: 143) booted in 0.1s, phase: 0
[1] - Worker 26 (PID: 149) booted in 0.1s, phase: 0
[1] - Worker 27 (PID: 155) booted in 0.09s, phase: 0
[1] - Worker 28 (PID: 161) booted in 0.09s, phase: 0
[1] - Worker 29 (PID: 169) booted in 0.09s, phase: 0
[1] - Worker 30 (PID: 177) booted in 0.09s, phase: 0
[1] - Worker 31 (PID: 183) booted in 0.08s, phase: 0
[1] - Worker 32 (PID: 189) booted in 0.08s, phase: 0
[1] - Worker 33 (PID: 194) booted in 0.08s, phase: 0
[1] - Worker 34 (PID: 200) booted in 0.08s, phase: 0
[1] - Worker 35 (PID: 206) booted in 0.08s, phase: 0
[1] - Worker 36 (PID: 211) booted in 0.07s, phase: 0
[1] - Worker 37 (PID: 217) booted in 0.07s, phase: 0
[1] - Worker 38 (PID: 222) booted in 0.07s, phase: 0
[1] - Worker 39 (PID: 228) booted in 0.07s, phase: 0
[1] - Worker 40 (PID: 233) booted in 0.07s, phase: 0
[1] - Worker 41 (PID: 239) booted in 0.07s, phase: 0
[1] - Worker 42 (PID: 245) booted in 0.06s, phase: 0
[1] - Worker 43 (PID: 251) booted in 0.06s, phase: 0
[1] - Worker 44 (PID: 257) booted in 0.06s, phase: 0
[1] - Worker 45 (PID: 263) booted in 0.06s, phase: 0
[1] - Worker 46 (PID: 269) booted in 0.06s, phase: 0
[1] - Worker 47 (PID: 275) booted in 0.05s, phase: 0
[1] - Worker 48 (PID: 281) booted in 0.05s, phase: 0
[1] - Worker 49 (PID: 287) booted in 0.05s, phase: 0
[1] - Worker 50 (PID: 293) booted in 0.05s, phase: 0
[1] - Worker 51 (PID: 299) booted in 0.05s, phase: 0
[1] - Worker 52 (PID: 305) booted in 0.04s, phase: 0
[1] - Worker 53 (PID: 311) booted in 0.04s, phase: 0
[1] - Worker 54 (PID: 317) booted in 0.04s, phase: 0
[1] - Worker 55 (PID: 323) booted in 0.04s, phase: 0
[1] - Worker 56 (PID: 329) booted in 0.04s, phase: 0
[1] - Worker 57 (PID: 335) booted in 0.03s, phase: 0
[1] - Worker 58 (PID: 341) booted in 0.03s, phase: 0
[1] - Worker 59 (PID: 347) booted in 0.03s, phase: 0
[1] - Worker 60 (PID: 353) booted in 0.03s, phase: 0
[1] - Worker 61 (PID: 359) booted in 0.03s, phase: 0
[1] - Worker 62 (PID: 365) booted in 0.03s, phase: 0
[1] - Worker 63 (PID: 371) booted in 0.02s, phase: 0
