[1] Puma starting in cluster mode...
[1] * Puma version: 6.6.1 ("Return to Forever")
[1] * Ruby version: ruby 3.4.9 (2026-03-11 revision 76cca827ab) +PRISM [x86_64-linux]
[1] *  Min threads: 4
[1] *  Max threads: 4
[1] *  Environment: development
[1] *   Master PID: 1
[1] *      Workers: 128
[1] *     Restarts: (✔) hot (✖) phased (✖) refork
[1] * Preloading application
[1] * Listening on http://0.0.0.0:8080
[1] Use Ctrl-C to stop
[1] - Worker 0 (PID: 8) booted in 0.33s, phase: 0
[1] - Worker 1 (PID: 11) booted in 0.33s, phase: 0
[1] - Worker 2 (PID: 15) booted in 0.33s, phase: 0
[1] - Worker 3 (PID: 24) booted in 0.33s, phase: 0
[1] - Worker 4 (PID: 39) booted in 0.32s, phase: 0
[1] - Worker 5 (PID: 49) booted in 0.32s, phase: 0
[1] - Worker 6 (PID: 58) booted in 0.32s, phase: 0
[1] - Worker 7 (PID: 70) booted in 0.32s, phase: 0
[1] - Worker 8 (PID: 88) booted in 0.32s, phase: 0
[1] - Worker 9 (PID: 99) booted in 0.32s, phase: 0
[1] - Worker 10 (PID: 114) booted in 0.32s, phase: 0
[1] - Worker 11 (PID: 123) booted in 0.32s, phase: 0
[1] - Worker 12 (PID: 135) booted in 0.31s, phase: 0
[1] - Worker 13 (PID: 147) booted in 0.31s, phase: 0
[1] - Worker 14 (PID: 176) booted in 0.31s, phase: 0
[1] - Worker 15 (PID: 180) booted in 0.31s, phase: 0
[1] - Worker 16 (PID: 187) booted in 0.3s, phase: 0
[1] - Worker 17 (PID: 194) booted in 0.3s, phase: 0
[1] - Worker 18 (PID: 209) booted in 0.3s, phase: 0
[1] - Worker 19 (PID: 232) booted in 0.3s, phase: 0
[1] - Worker 20 (PID: 235) booted in 0.29s, phase: 0
[1] - Worker 21 (PID: 247) booted in 0.29s, phase: 0
[1] - Worker 22 (PID: 256) booted in 0.29s, phase: 0
[1] - Worker 23 (PID: 271) booted in 0.29s, phase: 0
[1] - Worker 24 (PID: 281) booted in 0.29s, phase: 0
[1] - Worker 25 (PID: 291) booted in 0.29s, phase: 0
[1] - Worker 26 (PID: 303) booted in 0.28s, phase: 0
[1] - Worker 27 (PID: 316) booted in 0.28s, phase: 0
[1] - Worker 28 (PID: 324) booted in 0.28s, phase: 0
[1] - Worker 29 (PID: 352) booted in 0.28s, phase: 0
[1] - Worker 30 (PID: 364) booted in 0.28s, phase: 0
[1] - Worker 31 (PID: 371) booted in 0.27s, phase: 0
[1] - Worker 32 (PID: 376) booted in 0.27s, phase: 0
[1] - Worker 33 (PID: 386) booted in 0.27s, phase: 0
[1] - Worker 34 (PID: 396) booted in 0.27s, phase: 0
[1] - Worker 35 (PID: 411) booted in 0.27s, phase: 0
[1] - Worker 36 (PID: 427) booted in 0.26s, phase: 0
[1] - Worker 37 (PID: 439) booted in 0.26s, phase: 0
[1] - Worker 38 (PID: 451) booted in 0.26s, phase: 0
[1] - Worker 39 (PID: 464) booted in 0.26s, phase: 0
[1] - Worker 40 (PID: 476) booted in 0.25s, phase: 0
[1] - Worker 41 (PID: 487) booted in 0.25s, phase: 0
[1] - Worker 42 (PID: 499) booted in 0.25s, phase: 0
[1] - Worker 43 (PID: 506) booted in 0.25s, phase: 0
[1] - Worker 44 (PID: 515) booted in 0.25s, phase: 0
[1] - Worker 45 (PID: 530) booted in 0.25s, phase: 0
[1] - Worker 46 (PID: 537) booted in 0.24s, phase: 0
[1] - Worker 47 (PID: 554) booted in 0.24s, phase: 0
[1] - Worker 48 (PID: 564) booted in 0.24s, phase: 0
[1] - Worker 49 (PID: 577) booted in 0.24s, phase: 0
[1] - Worker 50 (PID: 590) booted in 0.24s, phase: 0
[1] - Worker 51 (PID: 602) booted in 0.24s, phase: 0
[1] - Worker 52 (PID: 612) booted in 0.23s, phase: 0
[1] - Worker 53 (PID: 625) booted in 0.23s, phase: 0
[1] - Worker 54 (PID: 638) booted in 0.23s, phase: 0
[1] - Worker 55 (PID: 648) booted in 0.23s, phase: 0
[1] - Worker 56 (PID: 659) booted in 0.23s, phase: 0
[1] - Worker 57 (PID: 672) booted in 0.23s, phase: 0
[1] - Worker 58 (PID: 684) booted in 0.22s, phase: 0
[1] - Worker 59 (PID: 695) booted in 0.22s, phase: 0
[1] - Worker 60 (PID: 705) booted in 0.22s, phase: 0
[1] - Worker 61 (PID: 715) booted in 0.22s, phase: 0
[1] - Worker 62 (PID: 728) booted in 0.22s, phase: 0
[1] - Worker 63 (PID: 742) booted in 0.22s, phase: 0
[1] - Worker 64 (PID: 758) booted in 0.22s, phase: 0
[1] - Worker 65 (PID: 770) booted in 0.21s, phase: 0
[1] - Worker 66 (PID: 782) booted in 0.21s, phase: 0
[1] - Worker 67 (PID: 794) booted in 0.21s, phase: 0
[1] - Worker 68 (PID: 803) booted in 0.21s, phase: 0
[1] - Worker 69 (PID: 816) booted in 0.21s, phase: 0
[1] - Worker 70 (PID: 825) booted in 0.21s, phase: 0
[1] - Worker 71 (PID: 839) booted in 0.2s, phase: 0
[1] - Worker 72 (PID: 853) booted in 0.2s, phase: 0
[1] - Worker 73 (PID: 866) booted in 0.2s, phase: 0
[1] - Worker 74 (PID: 885) booted in 0.2s, phase: 0
[1] - Worker 75 (PID: 895) booted in 0.2s, phase: 0
[1] - Worker 76 (PID: 909) booted in 0.19s, phase: 0
[1] - Worker 77 (PID: 919) booted in 0.19s, phase: 0
[1] - Worker 78 (PID: 931) booted in 0.19s, phase: 0
[1] - Worker 79 (PID: 938) booted in 0.19s, phase: 0
[1] - Worker 80 (PID: 964) booted in 0.18s, phase: 0
[1] - Worker 81 (PID: 972) booted in 0.18s, phase: 0
[1] - Worker 82 (PID: 980) booted in 0.17s, phase: 0
[1] - Worker 83 (PID: 991) booted in 0.17s, phase: 0
[1] - Worker 84 (PID: 1003) booted in 0.17s, phase: 0
[1] - Worker 85 (PID: 1016) booted in 0.17s, phase: 0
[1] - Worker 86 (PID: 1031) booted in 0.16s, phase: 0
[1] - Worker 87 (PID: 1040) booted in 0.16s, phase: 0
[1] - Worker 88 (PID: 1051) booted in 0.16s, phase: 0
[1] - Worker 89 (PID: 1063) booted in 0.15s, phase: 0
[1] - Worker 90 (PID: 1077) booted in 0.15s, phase: 0
[1] - Worker 91 (PID: 1087) booted in 0.15s, phase: 0
[1] - Worker 92 (PID: 1100) booted in 0.14s, phase: 0
[1] - Worker 93 (PID: 1113) booted in 0.14s, phase: 0
[1] - Worker 94 (PID: 1123) booted in 0.14s, phase: 0
[1] - Worker 95 (PID: 1129) booted in 0.14s, phase: 0
[1] - Worker 96 (PID: 1139) booted in 0.14s, phase: 0
[1] - Worker 97 (PID: 1151) booted in 0.13s, phase: 0
[1] - Worker 98 (PID: 1165) booted in 0.13s, phase: 0
[1] - Worker 99 (PID: 1178) booted in 0.13s, phase: 0
[1] - Worker 100 (PID: 1188) booted in 0.13s, phase: 0
[1] - Worker 101 (PID: 1202) booted in 0.13s, phase: 0
[1] - Worker 102 (PID: 1215) booted in 0.12s, phase: 0
[1] - Worker 103 (PID: 1231) booted in 0.12s, phase: 0
[1] - Worker 104 (PID: 1239) booted in 0.12s, phase: 0
[1] - Worker 105 (PID: 1249) booted in 0.12s, phase: 0
[1] - Worker 106 (PID: 1260) booted in 0.11s, phase: 0
[1] - Worker 107 (PID: 1268) booted in 0.11s, phase: 0
[1] - Worker 108 (PID: 1292) booted in 0.1s, phase: 0
[1] - Worker 109 (PID: 1303) booted in 0.1s, phase: 0
[1] - Worker 110 (PID: 1315) booted in 0.1s, phase: 0
[1] - Worker 111 (PID: 1321) booted in 0.09s, phase: 0
[1] - Worker 112 (PID: 1337) booted in 0.09s, phase: 0
[1] - Worker 113 (PID: 1351) booted in 0.09s, phase: 0
[1] - Worker 114 (PID: 1357) booted in 0.09s, phase: 0
[1] - Worker 115 (PID: 1369) booted in 0.09s, phase: 0
[1] - Worker 116 (PID: 1381) booted in 0.08s, phase: 0
[1] - Worker 117 (PID: 1395) booted in 0.08s, phase: 0
[1] - Worker 118 (PID: 1407) booted in 0.08s, phase: 0
[1] - Worker 119 (PID: 1417) booted in 0.08s, phase: 0
[1] - Worker 120 (PID: 1428) booted in 0.08s, phase: 0
[1] - Worker 121 (PID: 1443) booted in 0.07s, phase: 0
[1] - Worker 122 (PID: 1455) booted in 0.07s, phase: 0
[1] - Worker 123 (PID: 1466) booted in 0.07s, phase: 0
[1] - Worker 124 (PID: 1479) booted in 0.07s, phase: 0
[1] - Worker 125 (PID: 1491) booted in 0.07s, phase: 0
[1] - Worker 126 (PID: 1502) booted in 0.06s, phase: 0
[1] - Worker 127 (PID: 1515) booted in 0.06s, phase: 0
