[2026-03-23 22:00:06 +0000] [1] [INFO] Starting gunicorn 23.0.0
[2026-03-23 22:00:06 +0000] [1] [INFO] Listening at: http://0.0.0.0:8080 (1)
[2026-03-23 22:00:06 +0000] [1] [INFO] Using worker: uvicorn.workers.UvicornWorker
[2026-03-23 22:00:06 +0000] [7] [INFO] Booting worker with pid: 7
[2026-03-23 22:00:06 +0000] [8] [INFO] Booting worker with pid: 8
[2026-03-23 22:00:06 +0000] [7] [INFO] Started server process [7]
[2026-03-23 22:00:06 +0000] [7] [INFO] Waiting for application startup.
[2026-03-23 22:00:06 +0000] [7] [INFO] Application startup complete.
[2026-03-23 22:00:06 +0000] [8] [INFO] Started server process [8]
[2026-03-23 22:00:06 +0000] [8] [INFO] Waiting for application startup.
[2026-03-23 22:00:06 +0000] [8] [INFO] Application startup complete.
[2026-03-23 22:00:06 +0000] [11] [INFO] Booting worker with pid: 11
[2026-03-23 22:00:06 +0000] [13] [INFO] Booting worker with pid: 13
[2026-03-23 22:00:06 +0000] [11] [INFO] Started server process [11]
[2026-03-23 22:00:06 +0000] [11] [INFO] Waiting for application startup.
[2026-03-23 22:00:06 +0000] [11] [INFO] Application startup complete.
[2026-03-23 22:00:06 +0000] [14] [INFO] Booting worker with pid: 14
[2026-03-23 22:00:06 +0000] [13] [INFO] Started server process [13]
[2026-03-23 22:00:06 +0000] [13] [INFO] Waiting for application startup.
[2026-03-23 22:00:06 +0000] [13] [INFO] Application startup complete.
[2026-03-23 22:00:06 +0000] [14] [INFO] Started server process [14]
[2026-03-23 22:00:06 +0000] [14] [INFO] Waiting for application startup.
[2026-03-23 22:00:06 +0000] [14] [INFO] Application startup complete.
[2026-03-23 22:00:06 +0000] [17] [INFO] Booting worker with pid: 17
[2026-03-23 22:00:06 +0000] [19] [INFO] Booting worker with pid: 19
[2026-03-23 22:00:06 +0000] [17] [INFO] Started server process [17]
[2026-03-23 22:00:06 +0000] [17] [INFO] Waiting for application startup.
[2026-03-23 22:00:06 +0000] [17] [INFO] Application startup complete.
[2026-03-23 22:00:06 +0000] [19] [INFO] Started server process [19]
[2026-03-23 22:00:06 +0000] [19] [INFO] Waiting for application startup.
[2026-03-23 22:00:06 +0000] [19] [INFO] Application startup complete.
[2026-03-23 22:00:06 +0000] [21] [INFO] Booting worker with pid: 21
[2026-03-23 22:00:06 +0000] [21] [INFO] Started server process [21]
[2026-03-23 22:00:06 +0000] [21] [INFO] Waiting for application startup.
[2026-03-23 22:00:06 +0000] [21] [INFO] Application startup complete.
[2026-03-23 22:00:06 +0000] [23] [INFO] Booting worker with pid: 23
[2026-03-23 22:00:06 +0000] [25] [INFO] Booting worker with pid: 25
[2026-03-23 22:00:06 +0000] [23] [INFO] Started server process [23]
[2026-03-23 22:00:06 +0000] [23] [INFO] Waiting for application startup.
[2026-03-23 22:00:06 +0000] [23] [INFO] Application startup complete.
[2026-03-23 22:00:06 +0000] [26] [INFO] Booting worker with pid: 26
[2026-03-23 22:00:06 +0000] [25] [INFO] Started server process [25]
[2026-03-23 22:00:06 +0000] [25] [INFO] Waiting for application startup.
[2026-03-23 22:00:06 +0000] [25] [INFO] Application startup complete.
[2026-03-23 22:00:06 +0000] [28] [INFO] Booting worker with pid: 28
[2026-03-23 22:00:06 +0000] [26] [INFO] Started server process [26]
[2026-03-23 22:00:06 +0000] [26] [INFO] Waiting for application startup.
[2026-03-23 22:00:06 +0000] [26] [INFO] Application startup complete.
[2026-03-23 22:00:06 +0000] [28] [INFO] Started server process [28]
[2026-03-23 22:00:06 +0000] [28] [INFO] Waiting for application startup.
[2026-03-23 22:00:06 +0000] [28] [INFO] Application startup complete.
[2026-03-23 22:00:06 +0000] [31] [INFO] Booting worker with pid: 31
[2026-03-23 22:00:06 +0000] [32] [INFO] Booting worker with pid: 32
[2026-03-23 22:00:07 +0000] [33] [INFO] Booting worker with pid: 33
[2026-03-23 22:00:07 +0000] [32] [INFO] Started server process [32]
[2026-03-23 22:00:07 +0000] [32] [INFO] Waiting for application startup.
[2026-03-23 22:00:07 +0000] [32] [INFO] Application startup complete.
[2026-03-23 22:00:07 +0000] [31] [INFO] Started server process [31]
[2026-03-23 22:00:07 +0000] [31] [INFO] Waiting for application startup.
[2026-03-23 22:00:07 +0000] [31] [INFO] Application startup complete.
[2026-03-23 22:00:07 +0000] [36] [INFO] Booting worker with pid: 36
[2026-03-23 22:00:07 +0000] [38] [INFO] Booting worker with pid: 38
[2026-03-23 22:00:07 +0000] [39] [INFO] Booting worker with pid: 39
[2026-03-23 22:00:07 +0000] [33] [INFO] Started server process [33]
[2026-03-23 22:00:07 +0000] [33] [INFO] Waiting for application startup.
[2026-03-23 22:00:07 +0000] [33] [INFO] Application startup complete.
[2026-03-23 22:00:07 +0000] [36] [INFO] Started server process [36]
[2026-03-23 22:00:07 +0000] [36] [INFO] Waiting for application startup.
[2026-03-23 22:00:07 +0000] [36] [INFO] Application startup complete.
[2026-03-23 22:00:07 +0000] [42] [INFO] Booting worker with pid: 42
[2026-03-23 22:00:07 +0000] [38] [INFO] Started server process [38]
[2026-03-23 22:00:07 +0000] [38] [INFO] Waiting for application startup.
[2026-03-23 22:00:07 +0000] [38] [INFO] Application startup complete.
[2026-03-23 22:00:07 +0000] [39] [INFO] Started server process [39]
[2026-03-23 22:00:07 +0000] [39] [INFO] Waiting for application startup.
[2026-03-23 22:00:07 +0000] [39] [INFO] Application startup complete.
[2026-03-23 22:00:07 +0000] [44] [INFO] Booting worker with pid: 44
[2026-03-23 22:00:07 +0000] [42] [INFO] Started server process [42]
[2026-03-23 22:00:07 +0000] [42] [INFO] Waiting for application startup.
[2026-03-23 22:00:07 +0000] [42] [INFO] Application startup complete.
[2026-03-23 22:00:07 +0000] [44] [INFO] Started server process [44]
[2026-03-23 22:00:07 +0000] [44] [INFO] Waiting for application startup.
[2026-03-23 22:00:07 +0000] [44] [INFO] Application startup complete.
[2026-03-23 22:00:07 +0000] [47] [INFO] Booting worker with pid: 47
[2026-03-23 22:00:07 +0000] [49] [INFO] Booting worker with pid: 49
[2026-03-23 22:00:07 +0000] [47] [INFO] Started server process [47]
[2026-03-23 22:00:07 +0000] [47] [INFO] Waiting for application startup.
[2026-03-23 22:00:07 +0000] [47] [INFO] Application startup complete.
[2026-03-23 22:00:07 +0000] [50] [INFO] Booting worker with pid: 50
[2026-03-23 22:00:07 +0000] [51] [INFO] Booting worker with pid: 51
[2026-03-23 22:00:07 +0000] [52] [INFO] Booting worker with pid: 52
[2026-03-23 22:00:07 +0000] [49] [INFO] Started server process [49]
[2026-03-23 22:00:07 +0000] [49] [INFO] Waiting for application startup.
[2026-03-23 22:00:07 +0000] [49] [INFO] Application startup complete.
[2026-03-23 22:00:07 +0000] [50] [INFO] Started server process [50]
[2026-03-23 22:00:07 +0000] [50] [INFO] Waiting for application startup.
[2026-03-23 22:00:07 +0000] [50] [INFO] Application startup complete.
[2026-03-23 22:00:07 +0000] [51] [INFO] Started server process [51]
[2026-03-23 22:00:07 +0000] [51] [INFO] Waiting for application startup.
[2026-03-23 22:00:07 +0000] [51] [INFO] Application startup complete.
[2026-03-23 22:00:07 +0000] [52] [INFO] Started server process [52]
[2026-03-23 22:00:07 +0000] [52] [INFO] Waiting for application startup.
[2026-03-23 22:00:07 +0000] [52] [INFO] Application startup complete.
[2026-03-23 22:00:07 +0000] [57] [INFO] Booting worker with pid: 57
[2026-03-23 22:00:07 +0000] [58] [INFO] Booting worker with pid: 58
[2026-03-23 22:00:07 +0000] [57] [INFO] Started server process [57]
[2026-03-23 22:00:07 +0000] [57] [INFO] Waiting for application startup.
[2026-03-23 22:00:07 +0000] [57] [INFO] Application startup complete.
[2026-03-23 22:00:07 +0000] [61] [INFO] Booting worker with pid: 61
[2026-03-23 22:00:07 +0000] [62] [INFO] Booting worker with pid: 62
[2026-03-23 22:00:07 +0000] [58] [INFO] Started server process [58]
[2026-03-23 22:00:07 +0000] [58] [INFO] Waiting for application startup.
[2026-03-23 22:00:07 +0000] [58] [INFO] Application startup complete.
[2026-03-23 22:00:07 +0000] [61] [INFO] Started server process [61]
[2026-03-23 22:00:07 +0000] [61] [INFO] Waiting for application startup.
[2026-03-23 22:00:07 +0000] [61] [INFO] Application startup complete.
[2026-03-23 22:00:07 +0000] [62] [INFO] Started server process [62]
[2026-03-23 22:00:07 +0000] [62] [INFO] Waiting for application startup.
[2026-03-23 22:00:07 +0000] [62] [INFO] Application startup complete.
[2026-03-23 22:00:07 +0000] [65] [INFO] Booting worker with pid: 65
[2026-03-23 22:00:07 +0000] [66] [INFO] Booting worker with pid: 66
[2026-03-23 22:00:07 +0000] [65] [INFO] Started server process [65]
[2026-03-23 22:00:07 +0000] [65] [INFO] Waiting for application startup.
[2026-03-23 22:00:07 +0000] [65] [INFO] Application startup complete.
[2026-03-23 22:00:07 +0000] [66] [INFO] Started server process [66]
[2026-03-23 22:00:07 +0000] [66] [INFO] Waiting for application startup.
[2026-03-23 22:00:07 +0000] [66] [INFO] Application startup complete.
[2026-03-23 22:00:07 +0000] [69] [INFO] Booting worker with pid: 69
[2026-03-23 22:00:07 +0000] [69] [INFO] Started server process [69]
[2026-03-23 22:00:07 +0000] [69] [INFO] Waiting for application startup.
[2026-03-23 22:00:07 +0000] [69] [INFO] Application startup complete.
[2026-03-23 22:00:07 +0000] [71] [INFO] Booting worker with pid: 71
[2026-03-23 22:00:07 +0000] [72] [INFO] Booting worker with pid: 72
[2026-03-23 22:00:07 +0000] [73] [INFO] Booting worker with pid: 73
[2026-03-23 22:00:07 +0000] [74] [INFO] Booting worker with pid: 74
[2026-03-23 22:00:07 +0000] [71] [INFO] Started server process [71]
[2026-03-23 22:00:07 +0000] [71] [INFO] Waiting for application startup.
[2026-03-23 22:00:07 +0000] [71] [INFO] Application startup complete.
[2026-03-23 22:00:07 +0000] [72] [INFO] Started server process [72]
[2026-03-23 22:00:07 +0000] [72] [INFO] Waiting for application startup.
[2026-03-23 22:00:07 +0000] [72] [INFO] Application startup complete.
[2026-03-23 22:00:07 +0000] [73] [INFO] Started server process [73]
[2026-03-23 22:00:07 +0000] [73] [INFO] Waiting for application startup.
[2026-03-23 22:00:07 +0000] [73] [INFO] Application startup complete.
[2026-03-23 22:00:07 +0000] [74] [INFO] Started server process [74]
[2026-03-23 22:00:07 +0000] [74] [INFO] Waiting for application startup.
[2026-03-23 22:00:07 +0000] [74] [INFO] Application startup complete.
[2026-03-23 22:00:07 +0000] [79] [INFO] Booting worker with pid: 79
[2026-03-23 22:00:07 +0000] [80] [INFO] Booting worker with pid: 80
[2026-03-23 22:00:08 +0000] [79] [INFO] Started server process [79]
[2026-03-23 22:00:08 +0000] [79] [INFO] Waiting for application startup.
[2026-03-23 22:00:08 +0000] [79] [INFO] Application startup complete.
[2026-03-23 22:00:08 +0000] [83] [INFO] Booting worker with pid: 83
[2026-03-23 22:00:08 +0000] [80] [INFO] Started server process [80]
[2026-03-23 22:00:08 +0000] [80] [INFO] Waiting for application startup.
[2026-03-23 22:00:08 +0000] [80] [INFO] Application startup complete.
[2026-03-23 22:00:08 +0000] [85] [INFO] Booting worker with pid: 85
[2026-03-23 22:00:08 +0000] [83] [INFO] Started server process [83]
[2026-03-23 22:00:08 +0000] [83] [INFO] Waiting for application startup.
[2026-03-23 22:00:08 +0000] [83] [INFO] Application startup complete.
[2026-03-23 22:00:08 +0000] [87] [INFO] Booting worker with pid: 87
[2026-03-23 22:00:08 +0000] [85] [INFO] Started server process [85]
[2026-03-23 22:00:08 +0000] [85] [INFO] Waiting for application startup.
[2026-03-23 22:00:08 +0000] [85] [INFO] Application startup complete.
[2026-03-23 22:00:08 +0000] [88] [INFO] Booting worker with pid: 88
[2026-03-23 22:00:08 +0000] [89] [INFO] Booting worker with pid: 89
[2026-03-23 22:00:08 +0000] [91] [INFO] Booting worker with pid: 91
[2026-03-23 22:00:08 +0000] [87] [INFO] Started server process [87]
[2026-03-23 22:00:08 +0000] [87] [INFO] Waiting for application startup.
[2026-03-23 22:00:08 +0000] [87] [INFO] Application startup complete.
[2026-03-23 22:00:08 +0000] [88] [INFO] Started server process [88]
[2026-03-23 22:00:08 +0000] [88] [INFO] Waiting for application startup.
[2026-03-23 22:00:08 +0000] [88] [INFO] Application startup complete.
[2026-03-23 22:00:08 +0000] [95] [INFO] Booting worker with pid: 95
[2026-03-23 22:00:08 +0000] [89] [INFO] Started server process [89]
[2026-03-23 22:00:08 +0000] [89] [INFO] Waiting for application startup.
[2026-03-23 22:00:08 +0000] [89] [INFO] Application startup complete.
[2026-03-23 22:00:08 +0000] [91] [INFO] Started server process [91]
[2026-03-23 22:00:08 +0000] [91] [INFO] Waiting for application startup.
[2026-03-23 22:00:08 +0000] [91] [INFO] Application startup complete.
[2026-03-23 22:00:08 +0000] [95] [INFO] Started server process [95]
[2026-03-23 22:00:08 +0000] [95] [INFO] Waiting for application startup.
[2026-03-23 22:00:08 +0000] [95] [INFO] Application startup complete.
[2026-03-23 22:00:08 +0000] [97] [INFO] Booting worker with pid: 97
[2026-03-23 22:00:08 +0000] [98] [INFO] Booting worker with pid: 98
[2026-03-23 22:00:08 +0000] [97] [INFO] Started server process [97]
[2026-03-23 22:00:08 +0000] [97] [INFO] Waiting for application startup.
[2026-03-23 22:00:08 +0000] [97] [INFO] Application startup complete.
[2026-03-23 22:00:08 +0000] [100] [INFO] Booting worker with pid: 100
[2026-03-23 22:00:08 +0000] [98] [INFO] Started server process [98]
[2026-03-23 22:00:08 +0000] [98] [INFO] Waiting for application startup.
[2026-03-23 22:00:08 +0000] [98] [INFO] Application startup complete.
[2026-03-23 22:00:08 +0000] [102] [INFO] Booting worker with pid: 102
[2026-03-23 22:00:08 +0000] [104] [INFO] Booting worker with pid: 104
[2026-03-23 22:00:08 +0000] [100] [INFO] Started server process [100]
[2026-03-23 22:00:08 +0000] [100] [INFO] Waiting for application startup.
[2026-03-23 22:00:08 +0000] [100] [INFO] Application startup complete.
[2026-03-23 22:00:08 +0000] [105] [INFO] Booting worker with pid: 105
[2026-03-23 22:00:08 +0000] [107] [INFO] Booting worker with pid: 107
[2026-03-23 22:00:08 +0000] [102] [INFO] Started server process [102]
[2026-03-23 22:00:08 +0000] [102] [INFO] Waiting for application startup.
[2026-03-23 22:00:08 +0000] [102] [INFO] Application startup complete.
[2026-03-23 22:00:08 +0000] [110] [INFO] Booting worker with pid: 110
[2026-03-23 22:00:08 +0000] [104] [INFO] Started server process [104]
[2026-03-23 22:00:08 +0000] [104] [INFO] Waiting for application startup.
[2026-03-23 22:00:08 +0000] [104] [INFO] Application startup complete.
[2026-03-23 22:00:08 +0000] [105] [INFO] Started server process [105]
[2026-03-23 22:00:08 +0000] [105] [INFO] Waiting for application startup.
[2026-03-23 22:00:08 +0000] [105] [INFO] Application startup complete.
[2026-03-23 22:00:08 +0000] [111] [INFO] Booting worker with pid: 111
[2026-03-23 22:00:08 +0000] [113] [INFO] Booting worker with pid: 113
[2026-03-23 22:00:08 +0000] [107] [INFO] Started server process [107]
[2026-03-23 22:00:08 +0000] [107] [INFO] Waiting for application startup.
[2026-03-23 22:00:08 +0000] [107] [INFO] Application startup complete.
[2026-03-23 22:00:08 +0000] [114] [INFO] Booting worker with pid: 114
[2026-03-23 22:00:08 +0000] [116] [INFO] Booting worker with pid: 116
[2026-03-23 22:00:08 +0000] [110] [INFO] Started server process [110]
[2026-03-23 22:00:08 +0000] [110] [INFO] Waiting for application startup.
[2026-03-23 22:00:08 +0000] [110] [INFO] Application startup complete.
[2026-03-23 22:00:08 +0000] [111] [INFO] Started server process [111]
[2026-03-23 22:00:08 +0000] [111] [INFO] Waiting for application startup.
[2026-03-23 22:00:08 +0000] [111] [INFO] Application startup complete.
[2026-03-23 22:00:08 +0000] [113] [INFO] Started server process [113]
[2026-03-23 22:00:08 +0000] [113] [INFO] Waiting for application startup.
[2026-03-23 22:00:08 +0000] [113] [INFO] Application startup complete.
[2026-03-23 22:00:08 +0000] [121] [INFO] Booting worker with pid: 121
[2026-03-23 22:00:08 +0000] [114] [INFO] Started server process [114]
[2026-03-23 22:00:08 +0000] [114] [INFO] Waiting for application startup.
[2026-03-23 22:00:08 +0000] [114] [INFO] Application startup complete.
[2026-03-23 22:00:08 +0000] [116] [INFO] Started server process [116]
[2026-03-23 22:00:08 +0000] [116] [INFO] Waiting for application startup.
[2026-03-23 22:00:08 +0000] [116] [INFO] Application startup complete.
[2026-03-23 22:00:08 +0000] [122] [INFO] Booting worker with pid: 122
[2026-03-23 22:00:08 +0000] [123] [INFO] Booting worker with pid: 123
[2026-03-23 22:00:08 +0000] [126] [INFO] Booting worker with pid: 126
[2026-03-23 22:00:08 +0000] [122] [INFO] Started server process [122]
[2026-03-23 22:00:08 +0000] [122] [INFO] Waiting for application startup.
[2026-03-23 22:00:08 +0000] [122] [INFO] Application startup complete.
[2026-03-23 22:00:08 +0000] [127] [INFO] Booting worker with pid: 127
[2026-03-23 22:00:08 +0000] [121] [INFO] Started server process [121]
[2026-03-23 22:00:08 +0000] [121] [INFO] Waiting for application startup.
[2026-03-23 22:00:08 +0000] [121] [INFO] Application startup complete.
[2026-03-23 22:00:08 +0000] [129] [INFO] Booting worker with pid: 129
[2026-03-23 22:00:09 +0000] [123] [INFO] Started server process [123]
[2026-03-23 22:00:09 +0000] [123] [INFO] Waiting for application startup.
[2026-03-23 22:00:09 +0000] [123] [INFO] Application startup complete.
[2026-03-23 22:00:09 +0000] [127] [INFO] Started server process [127]
[2026-03-23 22:00:09 +0000] [127] [INFO] Waiting for application startup.
[2026-03-23 22:00:09 +0000] [127] [INFO] Application startup complete.
[2026-03-23 22:00:09 +0000] [126] [INFO] Started server process [126]
[2026-03-23 22:00:09 +0000] [126] [INFO] Waiting for application startup.
[2026-03-23 22:00:09 +0000] [126] [INFO] Application startup complete.
[2026-03-23 22:00:09 +0000] [132] [INFO] Booting worker with pid: 132
[2026-03-23 22:00:09 +0000] [134] [INFO] Booting worker with pid: 134
[2026-03-23 22:00:09 +0000] [129] [INFO] Started server process [129]
[2026-03-23 22:00:09 +0000] [129] [INFO] Waiting for application startup.
[2026-03-23 22:00:09 +0000] [129] [INFO] Application startup complete.
[2026-03-23 22:00:09 +0000] [132] [INFO] Started server process [132]
[2026-03-23 22:00:09 +0000] [132] [INFO] Waiting for application startup.
[2026-03-23 22:00:09 +0000] [132] [INFO] Application startup complete.
[2026-03-23 22:00:09 +0000] [134] [INFO] Started server process [134]
[2026-03-23 22:00:09 +0000] [134] [INFO] Waiting for application startup.
[2026-03-23 22:00:09 +0000] [134] [INFO] Application startup complete.
[2026-03-23 22:00:09 +0000] [137] [INFO] Booting worker with pid: 137
[2026-03-23 22:00:09 +0000] [138] [INFO] Booting worker with pid: 138
[2026-03-23 22:00:09 +0000] [137] [INFO] Started server process [137]
[2026-03-23 22:00:09 +0000] [137] [INFO] Waiting for application startup.
[2026-03-23 22:00:09 +0000] [137] [INFO] Application startup complete.
[2026-03-23 22:00:09 +0000] [140] [INFO] Booting worker with pid: 140
[2026-03-23 22:00:09 +0000] [141] [INFO] Booting worker with pid: 141
[2026-03-23 22:00:09 +0000] [143] [INFO] Booting worker with pid: 143
[2026-03-23 22:00:09 +0000] [138] [INFO] Started server process [138]
[2026-03-23 22:00:09 +0000] [138] [INFO] Waiting for application startup.
[2026-03-23 22:00:09 +0000] [138] [INFO] Application startup complete.
[2026-03-23 22:00:09 +0000] [144] [INFO] Booting worker with pid: 144
[2026-03-23 22:00:09 +0000] [141] [INFO] Started server process [141]
[2026-03-23 22:00:09 +0000] [141] [INFO] Waiting for application startup.
[2026-03-23 22:00:09 +0000] [141] [INFO] Application startup complete.
[2026-03-23 22:00:09 +0000] [147] [INFO] Booting worker with pid: 147
[2026-03-23 22:00:09 +0000] [140] [INFO] Started server process [140]
[2026-03-23 22:00:09 +0000] [140] [INFO] Waiting for application startup.
[2026-03-23 22:00:09 +0000] [140] [INFO] Application startup complete.
[2026-03-23 22:00:09 +0000] [143] [INFO] Started server process [143]
[2026-03-23 22:00:09 +0000] [143] [INFO] Waiting for application startup.
[2026-03-23 22:00:09 +0000] [143] [INFO] Application startup complete.
[2026-03-23 22:00:09 +0000] [150] [INFO] Booting worker with pid: 150
[2026-03-23 22:00:09 +0000] [144] [INFO] Started server process [144]
[2026-03-23 22:00:09 +0000] [144] [INFO] Waiting for application startup.
[2026-03-23 22:00:09 +0000] [144] [INFO] Application startup complete.
[2026-03-23 22:00:09 +0000] [147] [INFO] Started server process [147]
[2026-03-23 22:00:09 +0000] [147] [INFO] Waiting for application startup.
[2026-03-23 22:00:09 +0000] [147] [INFO] Application startup complete.
[2026-03-23 22:00:09 +0000] [152] [INFO] Booting worker with pid: 152
[2026-03-23 22:00:09 +0000] [153] [INFO] Booting worker with pid: 153
[2026-03-23 22:00:09 +0000] [150] [INFO] Started server process [150]
[2026-03-23 22:00:09 +0000] [150] [INFO] Waiting for application startup.
[2026-03-23 22:00:09 +0000] [150] [INFO] Application startup complete.
[2026-03-23 22:00:09 +0000] [155] [INFO] Booting worker with pid: 155
[2026-03-23 22:00:09 +0000] [152] [INFO] Started server process [152]
[2026-03-23 22:00:09 +0000] [152] [INFO] Waiting for application startup.
[2026-03-23 22:00:09 +0000] [152] [INFO] Application startup complete.
[2026-03-23 22:00:09 +0000] [153] [INFO] Started server process [153]
[2026-03-23 22:00:09 +0000] [153] [INFO] Waiting for application startup.
[2026-03-23 22:00:09 +0000] [153] [INFO] Application startup complete.
[2026-03-23 22:00:09 +0000] [158] [INFO] Booting worker with pid: 158
[2026-03-23 22:00:09 +0000] [155] [INFO] Started server process [155]
[2026-03-23 22:00:09 +0000] [155] [INFO] Waiting for application startup.
[2026-03-23 22:00:09 +0000] [155] [INFO] Application startup complete.
[2026-03-23 22:00:09 +0000] [160] [INFO] Booting worker with pid: 160
[2026-03-23 22:00:09 +0000] [158] [INFO] Started server process [158]
[2026-03-23 22:00:09 +0000] [158] [INFO] Waiting for application startup.
[2026-03-23 22:00:09 +0000] [158] [INFO] Application startup complete.
[2026-03-23 22:00:09 +0000] [162] [INFO] Booting worker with pid: 162
[2026-03-23 22:00:09 +0000] [160] [INFO] Started server process [160]
[2026-03-23 22:00:09 +0000] [160] [INFO] Waiting for application startup.
[2026-03-23 22:00:09 +0000] [160] [INFO] Application startup complete.
[2026-03-23 22:00:09 +0000] [164] [INFO] Booting worker with pid: 164
[2026-03-23 22:00:10 +0000] [162] [INFO] Started server process [162]
[2026-03-23 22:00:10 +0000] [162] [INFO] Waiting for application startup.
[2026-03-23 22:00:10 +0000] [162] [INFO] Application startup complete.
[2026-03-23 22:00:10 +0000] [166] [INFO] Booting worker with pid: 166
[2026-03-23 22:00:10 +0000] [167] [INFO] Booting worker with pid: 167
[2026-03-23 22:00:10 +0000] [164] [INFO] Started server process [164]
[2026-03-23 22:00:10 +0000] [164] [INFO] Waiting for application startup.
[2026-03-23 22:00:10 +0000] [164] [INFO] Application startup complete.
[2026-03-23 22:00:10 +0000] [170] [INFO] Booting worker with pid: 170
[2026-03-23 22:00:10 +0000] [172] [INFO] Booting worker with pid: 172
[2026-03-23 22:00:10 +0000] [166] [INFO] Started server process [166]
[2026-03-23 22:00:10 +0000] [166] [INFO] Waiting for application startup.
[2026-03-23 22:00:10 +0000] [166] [INFO] Application startup complete.
[2026-03-23 22:00:10 +0000] [167] [INFO] Started server process [167]
[2026-03-23 22:00:10 +0000] [167] [INFO] Waiting for application startup.
[2026-03-23 22:00:10 +0000] [167] [INFO] Application startup complete.
[2026-03-23 22:00:10 +0000] [175] [INFO] Booting worker with pid: 175
[2026-03-23 22:00:10 +0000] [172] [INFO] Started server process [172]
[2026-03-23 22:00:10 +0000] [172] [INFO] Waiting for application startup.
[2026-03-23 22:00:10 +0000] [172] [INFO] Application startup complete.
[2026-03-23 22:00:10 +0000] [170] [INFO] Started server process [170]
[2026-03-23 22:00:10 +0000] [170] [INFO] Waiting for application startup.
[2026-03-23 22:00:10 +0000] [170] [INFO] Application startup complete.
[2026-03-23 22:00:10 +0000] [176] [INFO] Booting worker with pid: 176
[2026-03-23 22:00:10 +0000] [177] [INFO] Booting worker with pid: 177
[2026-03-23 22:00:10 +0000] [180] [INFO] Booting worker with pid: 180
[2026-03-23 22:00:10 +0000] [179] [INFO] Booting worker with pid: 179
[2026-03-23 22:00:10 +0000] [182] [INFO] Booting worker with pid: 182
[2026-03-23 22:00:10 +0000] [176] [INFO] Started server process [176]
[2026-03-23 22:00:10 +0000] [176] [INFO] Waiting for application startup.
[2026-03-23 22:00:10 +0000] [176] [INFO] Application startup complete.
[2026-03-23 22:00:10 +0000] [183] [INFO] Booting worker with pid: 183
[2026-03-23 22:00:10 +0000] [175] [INFO] Started server process [175]
[2026-03-23 22:00:10 +0000] [175] [INFO] Waiting for application startup.
[2026-03-23 22:00:10 +0000] [175] [INFO] Application startup complete.
[2026-03-23 22:00:10 +0000] [180] [INFO] Started server process [180]
[2026-03-23 22:00:10 +0000] [180] [INFO] Waiting for application startup.
[2026-03-23 22:00:10 +0000] [180] [INFO] Application startup complete.
[2026-03-23 22:00:10 +0000] [179] [INFO] Started server process [179]
[2026-03-23 22:00:10 +0000] [179] [INFO] Waiting for application startup.
[2026-03-23 22:00:10 +0000] [179] [INFO] Application startup complete.
[2026-03-23 22:00:10 +0000] [177] [INFO] Started server process [177]
[2026-03-23 22:00:10 +0000] [177] [INFO] Waiting for application startup.
[2026-03-23 22:00:10 +0000] [177] [INFO] Application startup complete.
[2026-03-23 22:00:10 +0000] [188] [INFO] Booting worker with pid: 188
[2026-03-23 22:00:10 +0000] [182] [INFO] Started server process [182]
[2026-03-23 22:00:10 +0000] [182] [INFO] Waiting for application startup.
[2026-03-23 22:00:10 +0000] [182] [INFO] Application startup complete.
[2026-03-23 22:00:10 +0000] [183] [INFO] Started server process [183]
[2026-03-23 22:00:10 +0000] [183] [INFO] Waiting for application startup.
[2026-03-23 22:00:10 +0000] [183] [INFO] Application startup complete.
[2026-03-23 22:00:10 +0000] [190] [INFO] Booting worker with pid: 190
[2026-03-23 22:00:10 +0000] [188] [INFO] Started server process [188]
[2026-03-23 22:00:10 +0000] [188] [INFO] Waiting for application startup.
[2026-03-23 22:00:10 +0000] [188] [INFO] Application startup complete.
[2026-03-23 22:00:10 +0000] [192] [INFO] Booting worker with pid: 192
[2026-03-23 22:00:10 +0000] [194] [INFO] Booting worker with pid: 194
[2026-03-23 22:00:10 +0000] [190] [INFO] Started server process [190]
[2026-03-23 22:00:10 +0000] [190] [INFO] Waiting for application startup.
[2026-03-23 22:00:10 +0000] [190] [INFO] Application startup complete.
[2026-03-23 22:00:10 +0000] [192] [INFO] Started server process [192]
[2026-03-23 22:00:10 +0000] [192] [INFO] Waiting for application startup.
[2026-03-23 22:00:10 +0000] [192] [INFO] Application startup complete.
[2026-03-23 22:00:10 +0000] [196] [INFO] Booting worker with pid: 196
[2026-03-23 22:00:10 +0000] [194] [INFO] Started server process [194]
[2026-03-23 22:00:10 +0000] [194] [INFO] Waiting for application startup.
[2026-03-23 22:00:10 +0000] [194] [INFO] Application startup complete.
[2026-03-23 22:00:10 +0000] [198] [INFO] Booting worker with pid: 198
[2026-03-23 22:00:10 +0000] [199] [INFO] Booting worker with pid: 199
[2026-03-23 22:00:10 +0000] [196] [INFO] Started server process [196]
[2026-03-23 22:00:10 +0000] [196] [INFO] Waiting for application startup.
[2026-03-23 22:00:10 +0000] [196] [INFO] Application startup complete.
[2026-03-23 22:00:10 +0000] [198] [INFO] Started server process [198]
[2026-03-23 22:00:10 +0000] [198] [INFO] Waiting for application startup.
[2026-03-23 22:00:10 +0000] [198] [INFO] Application startup complete.
[2026-03-23 22:00:10 +0000] [202] [INFO] Booting worker with pid: 202
[2026-03-23 22:00:10 +0000] [204] [INFO] Booting worker with pid: 204
[2026-03-23 22:00:10 +0000] [199] [INFO] Started server process [199]
[2026-03-23 22:00:10 +0000] [199] [INFO] Waiting for application startup.
[2026-03-23 22:00:10 +0000] [199] [INFO] Application startup complete.
[2026-03-23 22:00:10 +0000] [205] [INFO] Booting worker with pid: 205
[2026-03-23 22:00:11 +0000] [206] [INFO] Booting worker with pid: 206
[2026-03-23 22:00:11 +0000] [202] [INFO] Started server process [202]
[2026-03-23 22:00:11 +0000] [202] [INFO] Waiting for application startup.
[2026-03-23 22:00:11 +0000] [202] [INFO] Application startup complete.
[2026-03-23 22:00:11 +0000] [208] [INFO] Booting worker with pid: 208
[2026-03-23 22:00:11 +0000] [204] [INFO] Started server process [204]
[2026-03-23 22:00:11 +0000] [204] [INFO] Waiting for application startup.
[2026-03-23 22:00:11 +0000] [204] [INFO] Application startup complete.
[2026-03-23 22:00:11 +0000] [205] [INFO] Started server process [205]
[2026-03-23 22:00:11 +0000] [205] [INFO] Waiting for application startup.
[2026-03-23 22:00:11 +0000] [205] [INFO] Application startup complete.
[2026-03-23 22:00:11 +0000] [206] [INFO] Started server process [206]
[2026-03-23 22:00:11 +0000] [206] [INFO] Waiting for application startup.
[2026-03-23 22:00:11 +0000] [206] [INFO] Application startup complete.
[2026-03-23 22:00:11 +0000] [213] [INFO] Booting worker with pid: 213
[2026-03-23 22:00:11 +0000] [208] [INFO] Started server process [208]
[2026-03-23 22:00:11 +0000] [208] [INFO] Waiting for application startup.
[2026-03-23 22:00:11 +0000] [208] [INFO] Application startup complete.
[2026-03-23 22:00:11 +0000] [214] [INFO] Booting worker with pid: 214
[2026-03-23 22:00:11 +0000] [216] [INFO] Booting worker with pid: 216
[2026-03-23 22:00:11 +0000] [213] [INFO] Started server process [213]
[2026-03-23 22:00:11 +0000] [213] [INFO] Waiting for application startup.
[2026-03-23 22:00:11 +0000] [213] [INFO] Application startup complete.
[2026-03-23 22:00:11 +0000] [214] [INFO] Started server process [214]
[2026-03-23 22:00:11 +0000] [214] [INFO] Waiting for application startup.
[2026-03-23 22:00:11 +0000] [214] [INFO] Application startup complete.
[2026-03-23 22:00:11 +0000] [219] [INFO] Booting worker with pid: 219
[2026-03-23 22:00:11 +0000] [216] [INFO] Started server process [216]
[2026-03-23 22:00:11 +0000] [216] [INFO] Waiting for application startup.
[2026-03-23 22:00:11 +0000] [216] [INFO] Application startup complete.
[2026-03-23 22:00:11 +0000] [219] [INFO] Started server process [219]
[2026-03-23 22:00:11 +0000] [219] [INFO] Waiting for application startup.
[2026-03-23 22:00:11 +0000] [219] [INFO] Application startup complete.
[2026-03-23 22:00:11 +0000] [221] [INFO] Booting worker with pid: 221
[2026-03-23 22:00:11 +0000] [222] [INFO] Booting worker with pid: 222
[2026-03-23 22:00:11 +0000] [221] [INFO] Started server process [221]
[2026-03-23 22:00:11 +0000] [221] [INFO] Waiting for application startup.
[2026-03-23 22:00:11 +0000] [221] [INFO] Application startup complete.
[2026-03-23 22:00:11 +0000] [224] [INFO] Booting worker with pid: 224
[2026-03-23 22:00:11 +0000] [222] [INFO] Started server process [222]
[2026-03-23 22:00:11 +0000] [222] [INFO] Waiting for application startup.
[2026-03-23 22:00:11 +0000] [222] [INFO] Application startup complete.
[2026-03-23 22:00:11 +0000] [224] [INFO] Started server process [224]
[2026-03-23 22:00:11 +0000] [224] [INFO] Waiting for application startup.
[2026-03-23 22:00:11 +0000] [224] [INFO] Application startup complete.
[2026-03-23 22:00:11 +0000] [227] [INFO] Booting worker with pid: 227
[2026-03-23 22:00:11 +0000] [228] [INFO] Booting worker with pid: 228
[2026-03-23 22:00:11 +0000] [227] [INFO] Started server process [227]
[2026-03-23 22:00:11 +0000] [227] [INFO] Waiting for application startup.
[2026-03-23 22:00:11 +0000] [227] [INFO] Application startup complete.
[2026-03-23 22:00:11 +0000] [228] [INFO] Started server process [228]
[2026-03-23 22:00:11 +0000] [228] [INFO] Waiting for application startup.
[2026-03-23 22:00:11 +0000] [228] [INFO] Application startup complete.
[2026-03-23 22:00:11 +0000] [231] [INFO] Booting worker with pid: 231
[2026-03-23 22:00:11 +0000] [232] [INFO] Booting worker with pid: 232
[2026-03-23 22:00:11 +0000] [231] [INFO] Started server process [231]
[2026-03-23 22:00:11 +0000] [231] [INFO] Waiting for application startup.
[2026-03-23 22:00:11 +0000] [231] [INFO] Application startup complete.
[2026-03-23 22:00:11 +0000] [234] [INFO] Booting worker with pid: 234
[2026-03-23 22:00:11 +0000] [235] [INFO] Booting worker with pid: 235
[2026-03-23 22:00:11 +0000] [232] [INFO] Started server process [232]
[2026-03-23 22:00:11 +0000] [232] [INFO] Waiting for application startup.
[2026-03-23 22:00:11 +0000] [232] [INFO] Application startup complete.
[2026-03-23 22:00:11 +0000] [237] [INFO] Booting worker with pid: 237
[2026-03-23 22:00:11 +0000] [234] [INFO] Started server process [234]
[2026-03-23 22:00:11 +0000] [234] [INFO] Waiting for application startup.
[2026-03-23 22:00:11 +0000] [234] [INFO] Application startup complete.
[2026-03-23 22:00:11 +0000] [240] [INFO] Booting worker with pid: 240
[2026-03-23 22:00:11 +0000] [235] [INFO] Started server process [235]
[2026-03-23 22:00:11 +0000] [235] [INFO] Waiting for application startup.
[2026-03-23 22:00:11 +0000] [235] [INFO] Application startup complete.
[2026-03-23 22:00:11 +0000] [237] [INFO] Started server process [237]
[2026-03-23 22:00:11 +0000] [237] [INFO] Waiting for application startup.
[2026-03-23 22:00:11 +0000] [237] [INFO] Application startup complete.
[2026-03-23 22:00:11 +0000] [242] [INFO] Booting worker with pid: 242
[2026-03-23 22:00:12 +0000] [240] [INFO] Started server process [240]
[2026-03-23 22:00:12 +0000] [240] [INFO] Waiting for application startup.
[2026-03-23 22:00:12 +0000] [240] [INFO] Application startup complete.
[2026-03-23 22:00:12 +0000] [242] [INFO] Started server process [242]
[2026-03-23 22:00:12 +0000] [242] [INFO] Waiting for application startup.
[2026-03-23 22:00:12 +0000] [242] [INFO] Application startup complete.
[2026-03-23 22:00:12 +0000] [245] [INFO] Booting worker with pid: 245
[2026-03-23 22:00:12 +0000] [246] [INFO] Booting worker with pid: 246
[2026-03-23 22:00:12 +0000] [245] [INFO] Started server process [245]
[2026-03-23 22:00:12 +0000] [245] [INFO] Waiting for application startup.
[2026-03-23 22:00:12 +0000] [245] [INFO] Application startup complete.
[2026-03-23 22:00:12 +0000] [248] [INFO] Booting worker with pid: 248
[2026-03-23 22:00:12 +0000] [250] [INFO] Booting worker with pid: 250
[2026-03-23 22:00:12 +0000] [246] [INFO] Started server process [246]
[2026-03-23 22:00:12 +0000] [246] [INFO] Waiting for application startup.
[2026-03-23 22:00:12 +0000] [246] [INFO] Application startup complete.
[2026-03-23 22:00:12 +0000] [248] [INFO] Started server process [248]
[2026-03-23 22:00:12 +0000] [248] [INFO] Waiting for application startup.
[2026-03-23 22:00:12 +0000] [248] [INFO] Application startup complete.
[2026-03-23 22:00:12 +0000] [250] [INFO] Started server process [250]
[2026-03-23 22:00:12 +0000] [250] [INFO] Waiting for application startup.
[2026-03-23 22:00:12 +0000] [250] [INFO] Application startup complete.
[2026-03-23 22:00:12 +0000] [253] [INFO] Booting worker with pid: 253
[2026-03-23 22:00:12 +0000] [254] [INFO] Booting worker with pid: 254
[2026-03-23 22:00:12 +0000] [253] [INFO] Started server process [253]
[2026-03-23 22:00:12 +0000] [253] [INFO] Waiting for application startup.
[2026-03-23 22:00:12 +0000] [253] [INFO] Application startup complete.
[2026-03-23 22:00:12 +0000] [256] [INFO] Booting worker with pid: 256
[2026-03-23 22:00:12 +0000] [254] [INFO] Started server process [254]
[2026-03-23 22:00:12 +0000] [254] [INFO] Waiting for application startup.
[2026-03-23 22:00:12 +0000] [254] [INFO] Application startup complete.
[2026-03-23 22:00:12 +0000] [256] [INFO] Started server process [256]
[2026-03-23 22:00:12 +0000] [256] [INFO] Waiting for application startup.
[2026-03-23 22:00:12 +0000] [256] [INFO] Application startup complete.
[2026-03-23 22:00:12 +0000] [259] [INFO] Booting worker with pid: 259
[2026-03-23 22:00:12 +0000] [260] [INFO] Booting worker with pid: 260
[2026-03-23 22:00:12 +0000] [261] [INFO] Booting worker with pid: 261
[2026-03-23 22:00:12 +0000] [262] [INFO] Booting worker with pid: 262
[2026-03-23 22:00:12 +0000] [259] [INFO] Started server process [259]
[2026-03-23 22:00:12 +0000] [259] [INFO] Waiting for application startup.
[2026-03-23 22:00:12 +0000] [259] [INFO] Application startup complete.
[2026-03-23 22:00:12 +0000] [260] [INFO] Started server process [260]
[2026-03-23 22:00:12 +0000] [260] [INFO] Waiting for application startup.
[2026-03-23 22:00:12 +0000] [260] [INFO] Application startup complete.
[2026-03-23 22:00:12 +0000] [261] [INFO] Started server process [261]
[2026-03-23 22:00:12 +0000] [261] [INFO] Waiting for application startup.
[2026-03-23 22:00:12 +0000] [261] [INFO] Application startup complete.
[2026-03-23 22:00:12 +0000] [266] [INFO] Booting worker with pid: 266
[2026-03-23 22:00:12 +0000] [262] [INFO] Started server process [262]
[2026-03-23 22:00:12 +0000] [262] [INFO] Waiting for application startup.
[2026-03-23 22:00:12 +0000] [262] [INFO] Application startup complete.
[2026-03-23 22:00:12 +0000] [268] [INFO] Booting worker with pid: 268
[2026-03-23 22:00:12 +0000] [270] [INFO] Booting worker with pid: 270
[2026-03-23 22:00:12 +0000] [266] [INFO] Started server process [266]
[2026-03-23 22:00:12 +0000] [266] [INFO] Waiting for application startup.
[2026-03-23 22:00:12 +0000] [266] [INFO] Application startup complete.
[2026-03-23 22:00:12 +0000] [268] [INFO] Started server process [268]
[2026-03-23 22:00:12 +0000] [268] [INFO] Waiting for application startup.
[2026-03-23 22:00:12 +0000] [268] [INFO] Application startup complete.
[2026-03-23 22:00:12 +0000] [270] [INFO] Started server process [270]
[2026-03-23 22:00:12 +0000] [270] [INFO] Waiting for application startup.
[2026-03-23 22:00:12 +0000] [270] [INFO] Application startup complete.
[2026-03-23 22:00:12 +0000] [273] [INFO] Booting worker with pid: 273
[2026-03-23 22:00:12 +0000] [274] [INFO] Booting worker with pid: 274
[2026-03-23 22:00:12 +0000] [273] [INFO] Started server process [273]
[2026-03-23 22:00:12 +0000] [273] [INFO] Waiting for application startup.
[2026-03-23 22:00:12 +0000] [273] [INFO] Application startup complete.
[2026-03-23 22:00:12 +0000] [276] [INFO] Booting worker with pid: 276
[2026-03-23 22:00:12 +0000] [274] [INFO] Started server process [274]
[2026-03-23 22:00:12 +0000] [274] [INFO] Waiting for application startup.
[2026-03-23 22:00:12 +0000] [274] [INFO] Application startup complete.
[2026-03-23 22:00:12 +0000] [278] [INFO] Booting worker with pid: 278
[2026-03-23 22:00:12 +0000] [276] [INFO] Started server process [276]
[2026-03-23 22:00:12 +0000] [276] [INFO] Waiting for application startup.
[2026-03-23 22:00:12 +0000] [276] [INFO] Application startup complete.
[2026-03-23 22:00:12 +0000] [281] [INFO] Booting worker with pid: 281
[2026-03-23 22:00:12 +0000] [278] [INFO] Started server process [278]
[2026-03-23 22:00:12 +0000] [278] [INFO] Waiting for application startup.
[2026-03-23 22:00:12 +0000] [278] [INFO] Application startup complete.
[2026-03-23 22:00:12 +0000] [282] [INFO] Booting worker with pid: 282
[2026-03-23 22:00:12 +0000] [281] [INFO] Started server process [281]
[2026-03-23 22:00:12 +0000] [281] [INFO] Waiting for application startup.
[2026-03-23 22:00:12 +0000] [281] [INFO] Application startup complete.
[2026-03-23 22:00:12 +0000] [285] [INFO] Booting worker with pid: 285
[2026-03-23 22:00:12 +0000] [282] [INFO] Started server process [282]
[2026-03-23 22:00:12 +0000] [282] [INFO] Waiting for application startup.
[2026-03-23 22:00:12 +0000] [282] [INFO] Application startup complete.
[2026-03-23 22:00:12 +0000] [286] [INFO] Booting worker with pid: 286
[2026-03-23 22:00:13 +0000] [285] [INFO] Started server process [285]
[2026-03-23 22:00:13 +0000] [285] [INFO] Waiting for application startup.
[2026-03-23 22:00:13 +0000] [285] [INFO] Application startup complete.
[2026-03-23 22:00:13 +0000] [286] [INFO] Started server process [286]
[2026-03-23 22:00:13 +0000] [286] [INFO] Waiting for application startup.
[2026-03-23 22:00:13 +0000] [286] [INFO] Application startup complete.
[2026-03-23 22:00:13 +0000] [289] [INFO] Booting worker with pid: 289
[2026-03-23 22:00:13 +0000] [290] [INFO] Booting worker with pid: 290
[2026-03-23 22:00:13 +0000] [293] [INFO] Booting worker with pid: 293
[2026-03-23 22:00:13 +0000] [289] [INFO] Started server process [289]
[2026-03-23 22:00:13 +0000] [289] [INFO] Waiting for application startup.
[2026-03-23 22:00:13 +0000] [289] [INFO] Application startup complete.
[2026-03-23 22:00:13 +0000] [290] [INFO] Started server process [290]
[2026-03-23 22:00:13 +0000] [290] [INFO] Waiting for application startup.
[2026-03-23 22:00:13 +0000] [290] [INFO] Application startup complete.
[2026-03-23 22:00:13 +0000] [294] [INFO] Booting worker with pid: 294
[2026-03-23 22:00:13 +0000] [295] [INFO] Booting worker with pid: 295
[2026-03-23 22:00:13 +0000] [293] [INFO] Started server process [293]
[2026-03-23 22:00:13 +0000] [293] [INFO] Waiting for application startup.
[2026-03-23 22:00:13 +0000] [293] [INFO] Application startup complete.
[2026-03-23 22:00:13 +0000] [298] [INFO] Booting worker with pid: 298
[2026-03-23 22:00:13 +0000] [294] [INFO] Started server process [294]
[2026-03-23 22:00:13 +0000] [294] [INFO] Waiting for application startup.
[2026-03-23 22:00:13 +0000] [294] [INFO] Application startup complete.
[2026-03-23 22:00:13 +0000] [295] [INFO] Started server process [295]
[2026-03-23 22:00:13 +0000] [295] [INFO] Waiting for application startup.
[2026-03-23 22:00:13 +0000] [295] [INFO] Application startup complete.
[2026-03-23 22:00:13 +0000] [301] [INFO] Booting worker with pid: 301
[2026-03-23 22:00:13 +0000] [298] [INFO] Started server process [298]
[2026-03-23 22:00:13 +0000] [298] [INFO] Waiting for application startup.
[2026-03-23 22:00:13 +0000] [298] [INFO] Application startup complete.
[2026-03-23 22:00:13 +0000] [302] [INFO] Booting worker with pid: 302
[2026-03-23 22:00:13 +0000] [303] [INFO] Booting worker with pid: 303
[2026-03-23 22:00:13 +0000] [301] [INFO] Started server process [301]
[2026-03-23 22:00:13 +0000] [301] [INFO] Waiting for application startup.
[2026-03-23 22:00:13 +0000] [301] [INFO] Application startup complete.
[2026-03-23 22:00:13 +0000] [302] [INFO] Started server process [302]
[2026-03-23 22:00:13 +0000] [302] [INFO] Waiting for application startup.
[2026-03-23 22:00:13 +0000] [302] [INFO] Application startup complete.
[2026-03-23 22:00:13 +0000] [303] [INFO] Started server process [303]
[2026-03-23 22:00:13 +0000] [303] [INFO] Waiting for application startup.
[2026-03-23 22:00:13 +0000] [303] [INFO] Application startup complete.
[2026-03-23 22:00:13 +0000] [307] [INFO] Booting worker with pid: 307
[2026-03-23 22:00:13 +0000] [308] [INFO] Booting worker with pid: 308
[2026-03-23 22:00:13 +0000] [307] [INFO] Started server process [307]
[2026-03-23 22:00:13 +0000] [307] [INFO] Waiting for application startup.
[2026-03-23 22:00:13 +0000] [307] [INFO] Application startup complete.
[2026-03-23 22:00:13 +0000] [310] [INFO] Booting worker with pid: 310
[2026-03-23 22:00:13 +0000] [308] [INFO] Started server process [308]
[2026-03-23 22:00:13 +0000] [308] [INFO] Waiting for application startup.
[2026-03-23 22:00:13 +0000] [308] [INFO] Application startup complete.
[2026-03-23 22:00:13 +0000] [310] [INFO] Started server process [310]
[2026-03-23 22:00:13 +0000] [310] [INFO] Waiting for application startup.
[2026-03-23 22:00:13 +0000] [310] [INFO] Application startup complete.
[2026-03-23 22:00:13 +0000] [313] [INFO] Booting worker with pid: 313
[2026-03-23 22:00:13 +0000] [315] [INFO] Booting worker with pid: 315
[2026-03-23 22:00:13 +0000] [313] [INFO] Started server process [313]
[2026-03-23 22:00:13 +0000] [313] [INFO] Waiting for application startup.
[2026-03-23 22:00:13 +0000] [313] [INFO] Application startup complete.
[2026-03-23 22:00:13 +0000] [315] [INFO] Started server process [315]
[2026-03-23 22:00:13 +0000] [315] [INFO] Waiting for application startup.
[2026-03-23 22:00:13 +0000] [315] [INFO] Application startup complete.
[2026-03-23 22:00:13 +0000] [317] [INFO] Booting worker with pid: 317
[2026-03-23 22:00:13 +0000] [319] [INFO] Booting worker with pid: 319
[2026-03-23 22:00:13 +0000] [317] [INFO] Started server process [317]
[2026-03-23 22:00:13 +0000] [317] [INFO] Waiting for application startup.
[2026-03-23 22:00:13 +0000] [317] [INFO] Application startup complete.
[2026-03-23 22:00:13 +0000] [320] [INFO] Booting worker with pid: 320
[2026-03-23 22:00:13 +0000] [319] [INFO] Started server process [319]
[2026-03-23 22:00:13 +0000] [319] [INFO] Waiting for application startup.
[2026-03-23 22:00:13 +0000] [319] [INFO] Application startup complete.
[2026-03-23 22:00:13 +0000] [323] [INFO] Booting worker with pid: 323
[2026-03-23 22:00:13 +0000] [320] [INFO] Started server process [320]
[2026-03-23 22:00:13 +0000] [320] [INFO] Waiting for application startup.
[2026-03-23 22:00:13 +0000] [320] [INFO] Application startup complete.
[2026-03-23 22:00:13 +0000] [324] [INFO] Booting worker with pid: 324
[2026-03-23 22:00:13 +0000] [323] [INFO] Started server process [323]
[2026-03-23 22:00:13 +0000] [323] [INFO] Waiting for application startup.
[2026-03-23 22:00:13 +0000] [323] [INFO] Application startup complete.
[2026-03-23 22:00:13 +0000] [324] [INFO] Started server process [324]
[2026-03-23 22:00:13 +0000] [324] [INFO] Waiting for application startup.
[2026-03-23 22:00:13 +0000] [324] [INFO] Application startup complete.
[2026-03-23 22:00:13 +0000] [327] [INFO] Booting worker with pid: 327
[2026-03-23 22:00:14 +0000] [327] [INFO] Started server process [327]
[2026-03-23 22:00:14 +0000] [327] [INFO] Waiting for application startup.
[2026-03-23 22:00:14 +0000] [327] [INFO] Application startup complete.
[2026-03-23 22:00:14 +0000] [329] [INFO] Booting worker with pid: 329
[2026-03-23 22:00:14 +0000] [330] [INFO] Booting worker with pid: 330
[2026-03-23 22:00:14 +0000] [331] [INFO] Booting worker with pid: 331
[2026-03-23 22:00:14 +0000] [329] [INFO] Started server process [329]
[2026-03-23 22:00:14 +0000] [329] [INFO] Waiting for application startup.
[2026-03-23 22:00:14 +0000] [329] [INFO] Application startup complete.
[2026-03-23 22:00:14 +0000] [333] [INFO] Booting worker with pid: 333
[2026-03-23 22:00:14 +0000] [330] [INFO] Started server process [330]
[2026-03-23 22:00:14 +0000] [330] [INFO] Waiting for application startup.
[2026-03-23 22:00:14 +0000] [330] [INFO] Application startup complete.
[2026-03-23 22:00:14 +0000] [331] [INFO] Started server process [331]
[2026-03-23 22:00:14 +0000] [331] [INFO] Waiting for application startup.
[2026-03-23 22:00:14 +0000] [331] [INFO] Application startup complete.
[2026-03-23 22:00:14 +0000] [333] [INFO] Started server process [333]
[2026-03-23 22:00:14 +0000] [333] [INFO] Waiting for application startup.
[2026-03-23 22:00:14 +0000] [333] [INFO] Application startup complete.
[2026-03-23 22:00:14 +0000] [337] [INFO] Booting worker with pid: 337
[2026-03-23 22:00:14 +0000] [338] [INFO] Booting worker with pid: 338
[2026-03-23 22:00:14 +0000] [337] [INFO] Started server process [337]
[2026-03-23 22:00:14 +0000] [337] [INFO] Waiting for application startup.
[2026-03-23 22:00:14 +0000] [337] [INFO] Application startup complete.
[2026-03-23 22:00:14 +0000] [338] [INFO] Started server process [338]
[2026-03-23 22:00:14 +0000] [338] [INFO] Waiting for application startup.
[2026-03-23 22:00:14 +0000] [338] [INFO] Application startup complete.
[2026-03-23 22:00:14 +0000] [341] [INFO] Booting worker with pid: 341
[2026-03-23 22:00:14 +0000] [343] [INFO] Booting worker with pid: 343
[2026-03-23 22:00:14 +0000] [341] [INFO] Started server process [341]
[2026-03-23 22:00:14 +0000] [341] [INFO] Waiting for application startup.
[2026-03-23 22:00:14 +0000] [341] [INFO] Application startup complete.
[2026-03-23 22:00:14 +0000] [345] [INFO] Booting worker with pid: 345
[2026-03-23 22:00:14 +0000] [343] [INFO] Started server process [343]
[2026-03-23 22:00:14 +0000] [343] [INFO] Waiting for application startup.
[2026-03-23 22:00:14 +0000] [343] [INFO] Application startup complete.
[2026-03-23 22:00:14 +0000] [346] [INFO] Booting worker with pid: 346
[2026-03-23 22:00:14 +0000] [345] [INFO] Started server process [345]
[2026-03-23 22:00:14 +0000] [345] [INFO] Waiting for application startup.
[2026-03-23 22:00:14 +0000] [345] [INFO] Application startup complete.
[2026-03-23 22:00:14 +0000] [349] [INFO] Booting worker with pid: 349
[2026-03-23 22:00:14 +0000] [346] [INFO] Started server process [346]
[2026-03-23 22:00:14 +0000] [346] [INFO] Waiting for application startup.
[2026-03-23 22:00:14 +0000] [346] [INFO] Application startup complete.
[2026-03-23 22:00:14 +0000] [350] [INFO] Booting worker with pid: 350
[2026-03-23 22:00:14 +0000] [349] [INFO] Started server process [349]
[2026-03-23 22:00:14 +0000] [349] [INFO] Waiting for application startup.
[2026-03-23 22:00:14 +0000] [349] [INFO] Application startup complete.
[2026-03-23 22:00:14 +0000] [352] [INFO] Booting worker with pid: 352
[2026-03-23 22:00:14 +0000] [350] [INFO] Started server process [350]
[2026-03-23 22:00:14 +0000] [350] [INFO] Waiting for application startup.
[2026-03-23 22:00:14 +0000] [350] [INFO] Application startup complete.
[2026-03-23 22:00:14 +0000] [352] [INFO] Started server process [352]
[2026-03-23 22:00:14 +0000] [352] [INFO] Waiting for application startup.
[2026-03-23 22:00:14 +0000] [352] [INFO] Application startup complete.
[2026-03-23 22:00:14 +0000] [355] [INFO] Booting worker with pid: 355
[2026-03-23 22:00:14 +0000] [357] [INFO] Booting worker with pid: 357
[2026-03-23 22:00:14 +0000] [355] [INFO] Started server process [355]
[2026-03-23 22:00:14 +0000] [355] [INFO] Waiting for application startup.
[2026-03-23 22:00:14 +0000] [355] [INFO] Application startup complete.
[2026-03-23 22:00:14 +0000] [359] [INFO] Booting worker with pid: 359
[2026-03-23 22:00:14 +0000] [357] [INFO] Started server process [357]
[2026-03-23 22:00:14 +0000] [357] [INFO] Waiting for application startup.
[2026-03-23 22:00:14 +0000] [357] [INFO] Application startup complete.
[2026-03-23 22:00:14 +0000] [359] [INFO] Started server process [359]
[2026-03-23 22:00:14 +0000] [359] [INFO] Waiting for application startup.
[2026-03-23 22:00:14 +0000] [359] [INFO] Application startup complete.
[2026-03-23 22:00:14 +0000] [361] [INFO] Booting worker with pid: 361
[2026-03-23 22:00:15 +0000] [361] [INFO] Started server process [361]
[2026-03-23 22:00:15 +0000] [361] [INFO] Waiting for application startup.
[2026-03-23 22:00:15 +0000] [361] [INFO] Application startup complete.
[2026-03-23 22:00:15 +0000] [363] [INFO] Booting worker with pid: 363
[2026-03-23 22:00:15 +0000] [364] [INFO] Booting worker with pid: 364
[2026-03-23 22:00:15 +0000] [366] [INFO] Booting worker with pid: 366
[2026-03-23 22:00:15 +0000] [363] [INFO] Started server process [363]
[2026-03-23 22:00:15 +0000] [363] [INFO] Waiting for application startup.
[2026-03-23 22:00:15 +0000] [363] [INFO] Application startup complete.
[2026-03-23 22:00:15 +0000] [364] [INFO] Started server process [364]
[2026-03-23 22:00:15 +0000] [364] [INFO] Waiting for application startup.
[2026-03-23 22:00:15 +0000] [364] [INFO] Application startup complete.
[2026-03-23 22:00:15 +0000] [368] [INFO] Booting worker with pid: 368
[2026-03-23 22:00:15 +0000] [366] [INFO] Started server process [366]
[2026-03-23 22:00:15 +0000] [366] [INFO] Waiting for application startup.
[2026-03-23 22:00:15 +0000] [366] [INFO] Application startup complete.
[2026-03-23 22:00:15 +0000] [370] [INFO] Booting worker with pid: 370
[2026-03-23 22:00:15 +0000] [372] [INFO] Booting worker with pid: 372
[2026-03-23 22:00:15 +0000] [368] [INFO] Started server process [368]
[2026-03-23 22:00:15 +0000] [368] [INFO] Waiting for application startup.
[2026-03-23 22:00:15 +0000] [368] [INFO] Application startup complete.
[2026-03-23 22:00:15 +0000] [373] [INFO] Booting worker with pid: 373
[2026-03-23 22:00:15 +0000] [375] [INFO] Booting worker with pid: 375
[2026-03-23 22:00:15 +0000] [370] [INFO] Started server process [370]
[2026-03-23 22:00:15 +0000] [370] [INFO] Waiting for application startup.
[2026-03-23 22:00:15 +0000] [370] [INFO] Application startup complete.
[2026-03-23 22:00:15 +0000] [372] [INFO] Started server process [372]
[2026-03-23 22:00:15 +0000] [372] [INFO] Waiting for application startup.
[2026-03-23 22:00:15 +0000] [372] [INFO] Application startup complete.
[2026-03-23 22:00:15 +0000] [373] [INFO] Started server process [373]
[2026-03-23 22:00:15 +0000] [373] [INFO] Waiting for application startup.
[2026-03-23 22:00:15 +0000] [373] [INFO] Application startup complete.
[2026-03-23 22:00:15 +0000] [375] [INFO] Started server process [375]
[2026-03-23 22:00:15 +0000] [375] [INFO] Waiting for application startup.
[2026-03-23 22:00:15 +0000] [375] [INFO] Application startup complete.
[2026-03-23 22:00:15 +0000] [379] [INFO] Booting worker with pid: 379
[2026-03-23 22:00:15 +0000] [380] [INFO] Booting worker with pid: 380
[2026-03-23 22:00:15 +0000] [382] [INFO] Booting worker with pid: 382
[2026-03-23 22:00:15 +0000] [379] [INFO] Started server process [379]
[2026-03-23 22:00:15 +0000] [379] [INFO] Waiting for application startup.
[2026-03-23 22:00:15 +0000] [379] [INFO] Application startup complete.
[2026-03-23 22:00:15 +0000] [384] [INFO] Booting worker with pid: 384
[2026-03-23 22:00:15 +0000] [380] [INFO] Started server process [380]
[2026-03-23 22:00:15 +0000] [380] [INFO] Waiting for application startup.
[2026-03-23 22:00:15 +0000] [380] [INFO] Application startup complete.
[2026-03-23 22:00:15 +0000] [382] [INFO] Started server process [382]
[2026-03-23 22:00:15 +0000] [382] [INFO] Waiting for application startup.
[2026-03-23 22:00:15 +0000] [382] [INFO] Application startup complete.
[2026-03-23 22:00:15 +0000] [386] [INFO] Booting worker with pid: 386
[2026-03-23 22:00:15 +0000] [384] [INFO] Started server process [384]
[2026-03-23 22:00:15 +0000] [384] [INFO] Waiting for application startup.
[2026-03-23 22:00:15 +0000] [384] [INFO] Application startup complete.
[2026-03-23 22:00:15 +0000] [389] [INFO] Booting worker with pid: 389
[2026-03-23 22:00:15 +0000] [386] [INFO] Started server process [386]
[2026-03-23 22:00:15 +0000] [386] [INFO] Waiting for application startup.
[2026-03-23 22:00:15 +0000] [386] [INFO] Application startup complete.
[2026-03-23 22:00:15 +0000] [390] [INFO] Booting worker with pid: 390
[2026-03-23 22:00:15 +0000] [389] [INFO] Started server process [389]
[2026-03-23 22:00:15 +0000] [389] [INFO] Waiting for application startup.
[2026-03-23 22:00:15 +0000] [389] [INFO] Application startup complete.
[2026-03-23 22:00:15 +0000] [392] [INFO] Booting worker with pid: 392
[2026-03-23 22:00:15 +0000] [390] [INFO] Started server process [390]
[2026-03-23 22:00:15 +0000] [390] [INFO] Waiting for application startup.
[2026-03-23 22:00:15 +0000] [390] [INFO] Application startup complete.
[2026-03-23 22:00:15 +0000] [392] [INFO] Started server process [392]
[2026-03-23 22:00:15 +0000] [392] [INFO] Waiting for application startup.
[2026-03-23 22:00:15 +0000] [392] [INFO] Application startup complete.
[2026-03-23 22:00:15 +0000] [395] [INFO] Booting worker with pid: 395
[2026-03-23 22:00:15 +0000] [395] [INFO] Started server process [395]
[2026-03-23 22:00:15 +0000] [395] [INFO] Waiting for application startup.
[2026-03-23 22:00:15 +0000] [395] [INFO] Application startup complete.
[2026-03-23 22:00:15 +0000] [397] [INFO] Booting worker with pid: 397
[2026-03-23 22:00:15 +0000] [399] [INFO] Booting worker with pid: 399
[2026-03-23 22:00:15 +0000] [397] [INFO] Started server process [397]
[2026-03-23 22:00:15 +0000] [397] [INFO] Waiting for application startup.
[2026-03-23 22:00:15 +0000] [397] [INFO] Application startup complete.
[2026-03-23 22:00:16 +0000] [400] [INFO] Booting worker with pid: 400
[2026-03-23 22:00:16 +0000] [399] [INFO] Started server process [399]
[2026-03-23 22:00:16 +0000] [399] [INFO] Waiting for application startup.
[2026-03-23 22:00:16 +0000] [399] [INFO] Application startup complete.
[2026-03-23 22:00:16 +0000] [402] [INFO] Booting worker with pid: 402
[2026-03-23 22:00:16 +0000] [400] [INFO] Started server process [400]
[2026-03-23 22:00:16 +0000] [400] [INFO] Waiting for application startup.
[2026-03-23 22:00:16 +0000] [400] [INFO] Application startup complete.
[2026-03-23 22:00:16 +0000] [404] [INFO] Booting worker with pid: 404
[2026-03-23 22:00:16 +0000] [405] [INFO] Booting worker with pid: 405
[2026-03-23 22:00:16 +0000] [402] [INFO] Started server process [402]
[2026-03-23 22:00:16 +0000] [402] [INFO] Waiting for application startup.
[2026-03-23 22:00:16 +0000] [402] [INFO] Application startup complete.
[2026-03-23 22:00:16 +0000] [409] [INFO] Booting worker with pid: 409
[2026-03-23 22:00:16 +0000] [404] [INFO] Started server process [404]
[2026-03-23 22:00:16 +0000] [404] [INFO] Waiting for application startup.
[2026-03-23 22:00:16 +0000] [404] [INFO] Application startup complete.
[2026-03-23 22:00:16 +0000] [405] [INFO] Started server process [405]
[2026-03-23 22:00:16 +0000] [405] [INFO] Waiting for application startup.
[2026-03-23 22:00:16 +0000] [405] [INFO] Application startup complete.
[2026-03-23 22:00:16 +0000] [411] [INFO] Booting worker with pid: 411
[2026-03-23 22:00:16 +0000] [409] [INFO] Started server process [409]
[2026-03-23 22:00:16 +0000] [409] [INFO] Waiting for application startup.
[2026-03-23 22:00:16 +0000] [409] [INFO] Application startup complete.
[2026-03-23 22:00:16 +0000] [412] [INFO] Booting worker with pid: 412
[2026-03-23 22:00:16 +0000] [411] [INFO] Started server process [411]
[2026-03-23 22:00:16 +0000] [411] [INFO] Waiting for application startup.
[2026-03-23 22:00:16 +0000] [411] [INFO] Application startup complete.
[2026-03-23 22:00:16 +0000] [415] [INFO] Booting worker with pid: 415
[2026-03-23 22:00:16 +0000] [412] [INFO] Started server process [412]
[2026-03-23 22:00:16 +0000] [412] [INFO] Waiting for application startup.
[2026-03-23 22:00:16 +0000] [412] [INFO] Application startup complete.
[2026-03-23 22:00:16 +0000] [415] [INFO] Started server process [415]
[2026-03-23 22:00:16 +0000] [415] [INFO] Waiting for application startup.
[2026-03-23 22:00:16 +0000] [415] [INFO] Application startup complete.
[2026-03-23 22:00:16 +0000] [417] [INFO] Booting worker with pid: 417
[2026-03-23 22:00:16 +0000] [418] [INFO] Booting worker with pid: 418
[2026-03-23 22:00:16 +0000] [417] [INFO] Started server process [417]
[2026-03-23 22:00:16 +0000] [417] [INFO] Waiting for application startup.
[2026-03-23 22:00:16 +0000] [417] [INFO] Application startup complete.
[2026-03-23 22:00:16 +0000] [418] [INFO] Started server process [418]
[2026-03-23 22:00:16 +0000] [418] [INFO] Waiting for application startup.
[2026-03-23 22:00:16 +0000] [418] [INFO] Application startup complete.
[2026-03-23 22:00:16 +0000] [421] [INFO] Booting worker with pid: 421
[2026-03-23 22:00:16 +0000] [423] [INFO] Booting worker with pid: 423
[2026-03-23 22:00:16 +0000] [421] [INFO] Started server process [421]
[2026-03-23 22:00:16 +0000] [421] [INFO] Waiting for application startup.
[2026-03-23 22:00:16 +0000] [421] [INFO] Application startup complete.
[2026-03-23 22:00:16 +0000] [424] [INFO] Booting worker with pid: 424
[2026-03-23 22:00:16 +0000] [425] [INFO] Booting worker with pid: 425
[2026-03-23 22:00:16 +0000] [427] [INFO] Booting worker with pid: 427
[2026-03-23 22:00:16 +0000] [423] [INFO] Started server process [423]
[2026-03-23 22:00:16 +0000] [423] [INFO] Waiting for application startup.
[2026-03-23 22:00:16 +0000] [423] [INFO] Application startup complete.
[2026-03-23 22:00:16 +0000] [428] [INFO] Booting worker with pid: 428
[2026-03-23 22:00:16 +0000] [430] [INFO] Booting worker with pid: 430
[2026-03-23 22:00:16 +0000] [424] [INFO] Started server process [424]
[2026-03-23 22:00:16 +0000] [424] [INFO] Waiting for application startup.
[2026-03-23 22:00:16 +0000] [424] [INFO] Application startup complete.
[2026-03-23 22:00:16 +0000] [425] [INFO] Started server process [425]
[2026-03-23 22:00:16 +0000] [425] [INFO] Waiting for application startup.
[2026-03-23 22:00:16 +0000] [425] [INFO] Application startup complete.
[2026-03-23 22:00:16 +0000] [433] [INFO] Booting worker with pid: 433
[2026-03-23 22:00:16 +0000] [427] [INFO] Started server process [427]
[2026-03-23 22:00:16 +0000] [427] [INFO] Waiting for application startup.
[2026-03-23 22:00:16 +0000] [427] [INFO] Application startup complete.
[2026-03-23 22:00:16 +0000] [428] [INFO] Started server process [428]
[2026-03-23 22:00:16 +0000] [428] [INFO] Waiting for application startup.
[2026-03-23 22:00:16 +0000] [428] [INFO] Application startup complete.
[2026-03-23 22:00:16 +0000] [436] [INFO] Booting worker with pid: 436
[2026-03-23 22:00:16 +0000] [430] [INFO] Started server process [430]
[2026-03-23 22:00:16 +0000] [430] [INFO] Waiting for application startup.
[2026-03-23 22:00:16 +0000] [430] [INFO] Application startup complete.
[2026-03-23 22:00:16 +0000] [433] [INFO] Started server process [433]
[2026-03-23 22:00:16 +0000] [433] [INFO] Waiting for application startup.
[2026-03-23 22:00:16 +0000] [433] [INFO] Application startup complete.
[2026-03-23 22:00:16 +0000] [439] [INFO] Booting worker with pid: 439
[2026-03-23 22:00:16 +0000] [436] [INFO] Started server process [436]
[2026-03-23 22:00:16 +0000] [436] [INFO] Waiting for application startup.
[2026-03-23 22:00:16 +0000] [436] [INFO] Application startup complete.
[2026-03-23 22:00:17 +0000] [439] [INFO] Started server process [439]
[2026-03-23 22:00:17 +0000] [439] [INFO] Waiting for application startup.
[2026-03-23 22:00:17 +0000] [439] [INFO] Application startup complete.
[2026-03-23 22:00:17 +0000] [441] [INFO] Booting worker with pid: 441
[2026-03-23 22:00:17 +0000] [442] [INFO] Booting worker with pid: 442
[2026-03-23 22:00:17 +0000] [443] [INFO] Booting worker with pid: 443
[2026-03-23 22:00:17 +0000] [441] [INFO] Started server process [441]
[2026-03-23 22:00:17 +0000] [441] [INFO] Waiting for application startup.
[2026-03-23 22:00:17 +0000] [441] [INFO] Application startup complete.
[2026-03-23 22:00:17 +0000] [442] [INFO] Started server process [442]
[2026-03-23 22:00:17 +0000] [442] [INFO] Waiting for application startup.
[2026-03-23 22:00:17 +0000] [442] [INFO] Application startup complete.
[2026-03-23 22:00:17 +0000] [443] [INFO] Started server process [443]
[2026-03-23 22:00:17 +0000] [443] [INFO] Waiting for application startup.
[2026-03-23 22:00:17 +0000] [443] [INFO] Application startup complete.
[2026-03-23 22:00:17 +0000] [447] [INFO] Booting worker with pid: 447
[2026-03-23 22:00:17 +0000] [448] [INFO] Booting worker with pid: 448
[2026-03-23 22:00:17 +0000] [447] [INFO] Started server process [447]
[2026-03-23 22:00:17 +0000] [447] [INFO] Waiting for application startup.
[2026-03-23 22:00:17 +0000] [447] [INFO] Application startup complete.
[2026-03-23 22:00:17 +0000] [448] [INFO] Started server process [448]
[2026-03-23 22:00:17 +0000] [448] [INFO] Waiting for application startup.
[2026-03-23 22:00:17 +0000] [448] [INFO] Application startup complete.
[2026-03-23 22:00:17 +0000] [451] [INFO] Booting worker with pid: 451
[2026-03-23 22:00:17 +0000] [452] [INFO] Booting worker with pid: 452
[2026-03-23 22:00:17 +0000] [453] [INFO] Booting worker with pid: 453
[2026-03-23 22:00:17 +0000] [452] [INFO] Started server process [452]
[2026-03-23 22:00:17 +0000] [452] [INFO] Waiting for application startup.
[2026-03-23 22:00:17 +0000] [452] [INFO] Application startup complete.
[2026-03-23 22:00:17 +0000] [455] [INFO] Booting worker with pid: 455
[2026-03-23 22:00:17 +0000] [453] [INFO] Started server process [453]
[2026-03-23 22:00:17 +0000] [453] [INFO] Waiting for application startup.
[2026-03-23 22:00:17 +0000] [453] [INFO] Application startup complete.
[2026-03-23 22:00:17 +0000] [458] [INFO] Booting worker with pid: 458
[2026-03-23 22:00:17 +0000] [455] [INFO] Started server process [455]
[2026-03-23 22:00:17 +0000] [455] [INFO] Waiting for application startup.
[2026-03-23 22:00:17 +0000] [455] [INFO] Application startup complete.
[2026-03-23 22:00:17 +0000] [458] [INFO] Started server process [458]
[2026-03-23 22:00:17 +0000] [458] [INFO] Waiting for application startup.
[2026-03-23 22:00:17 +0000] [460] [INFO] Booting worker with pid: 460
[2026-03-23 22:00:17 +0000] [458] [INFO] Application startup complete.
[2026-03-23 22:00:17 +0000] [451] [INFO] Started server process [451]
[2026-03-23 22:00:17 +0000] [451] [INFO] Waiting for application startup.
[2026-03-23 22:00:17 +0000] [451] [INFO] Application startup complete.
[2026-03-23 22:00:17 +0000] [462] [INFO] Booting worker with pid: 462
[2026-03-23 22:00:17 +0000] [463] [INFO] Booting worker with pid: 463
[2026-03-23 22:00:17 +0000] [464] [INFO] Booting worker with pid: 464
[2026-03-23 22:00:17 +0000] [462] [INFO] Started server process [462]
[2026-03-23 22:00:17 +0000] [462] [INFO] Waiting for application startup.
[2026-03-23 22:00:17 +0000] [462] [INFO] Application startup complete.
[2026-03-23 22:00:17 +0000] [463] [INFO] Started server process [463]
[2026-03-23 22:00:17 +0000] [463] [INFO] Waiting for application startup.
[2026-03-23 22:00:17 +0000] [463] [INFO] Application startup complete.
[2026-03-23 22:00:17 +0000] [467] [INFO] Booting worker with pid: 467
[2026-03-23 22:00:17 +0000] [464] [INFO] Started server process [464]
[2026-03-23 22:00:17 +0000] [464] [INFO] Waiting for application startup.
[2026-03-23 22:00:17 +0000] [464] [INFO] Application startup complete.
[2026-03-23 22:00:17 +0000] [467] [INFO] Started server process [467]
[2026-03-23 22:00:17 +0000] [467] [INFO] Waiting for application startup.
[2026-03-23 22:00:17 +0000] [467] [INFO] Application startup complete.
[2026-03-23 22:00:17 +0000] [471] [INFO] Booting worker with pid: 471
[2026-03-23 22:00:17 +0000] [460] [INFO] Started server process [460]
[2026-03-23 22:00:17 +0000] [460] [INFO] Waiting for application startup.
[2026-03-23 22:00:17 +0000] [460] [INFO] Application startup complete.
[2026-03-23 22:00:17 +0000] [472] [INFO] Booting worker with pid: 472
[2026-03-23 22:00:17 +0000] [471] [INFO] Started server process [471]
[2026-03-23 22:00:17 +0000] [471] [INFO] Waiting for application startup.
[2026-03-23 22:00:17 +0000] [471] [INFO] Application startup complete.
[2026-03-23 22:00:18 +0000] [475] [INFO] Booting worker with pid: 475
[2026-03-23 22:00:18 +0000] [472] [INFO] Started server process [472]
[2026-03-23 22:00:18 +0000] [472] [INFO] Waiting for application startup.
[2026-03-23 22:00:18 +0000] [472] [INFO] Application startup complete.
[2026-03-23 22:00:18 +0000] [476] [INFO] Booting worker with pid: 476
[2026-03-23 22:00:18 +0000] [477] [INFO] Booting worker with pid: 477
[2026-03-23 22:00:18 +0000] [475] [INFO] Started server process [475]
[2026-03-23 22:00:18 +0000] [475] [INFO] Waiting for application startup.
[2026-03-23 22:00:18 +0000] [475] [INFO] Application startup complete.
[2026-03-23 22:00:18 +0000] [476] [INFO] Started server process [476]
[2026-03-23 22:00:18 +0000] [476] [INFO] Waiting for application startup.
[2026-03-23 22:00:18 +0000] [476] [INFO] Application startup complete.
[2026-03-23 22:00:18 +0000] [480] [INFO] Booting worker with pid: 480
[2026-03-23 22:00:18 +0000] [481] [INFO] Booting worker with pid: 481
[2026-03-23 22:00:18 +0000] [477] [INFO] Started server process [477]
[2026-03-23 22:00:18 +0000] [477] [INFO] Waiting for application startup.
[2026-03-23 22:00:18 +0000] [477] [INFO] Application startup complete.
[2026-03-23 22:00:18 +0000] [483] [INFO] Booting worker with pid: 483
[2026-03-23 22:00:18 +0000] [480] [INFO] Started server process [480]
[2026-03-23 22:00:18 +0000] [480] [INFO] Waiting for application startup.
[2026-03-23 22:00:18 +0000] [480] [INFO] Application startup complete.
[2026-03-23 22:00:18 +0000] [481] [INFO] Started server process [481]
[2026-03-23 22:00:18 +0000] [481] [INFO] Waiting for application startup.
[2026-03-23 22:00:18 +0000] [481] [INFO] Application startup complete.
[2026-03-23 22:00:18 +0000] [487] [INFO] Booting worker with pid: 487
[2026-03-23 22:00:18 +0000] [483] [INFO] Started server process [483]
[2026-03-23 22:00:18 +0000] [483] [INFO] Waiting for application startup.
[2026-03-23 22:00:18 +0000] [483] [INFO] Application startup complete.
[2026-03-23 22:00:18 +0000] [487] [INFO] Started server process [487]
[2026-03-23 22:00:18 +0000] [487] [INFO] Waiting for application startup.
[2026-03-23 22:00:18 +0000] [487] [INFO] Application startup complete.
[2026-03-23 22:00:18 +0000] [489] [INFO] Booting worker with pid: 489
[2026-03-23 22:00:18 +0000] [491] [INFO] Booting worker with pid: 491
[2026-03-23 22:00:18 +0000] [489] [INFO] Started server process [489]
[2026-03-23 22:00:18 +0000] [489] [INFO] Waiting for application startup.
[2026-03-23 22:00:18 +0000] [489] [INFO] Application startup complete.
[2026-03-23 22:00:18 +0000] [493] [INFO] Booting worker with pid: 493
[2026-03-23 22:00:18 +0000] [491] [INFO] Started server process [491]
[2026-03-23 22:00:18 +0000] [491] [INFO] Waiting for application startup.
[2026-03-23 22:00:18 +0000] [491] [INFO] Application startup complete.
[2026-03-23 22:00:18 +0000] [495] [INFO] Booting worker with pid: 495
[2026-03-23 22:00:18 +0000] [493] [INFO] Started server process [493]
[2026-03-23 22:00:18 +0000] [493] [INFO] Waiting for application startup.
[2026-03-23 22:00:18 +0000] [493] [INFO] Application startup complete.
[2026-03-23 22:00:18 +0000] [497] [INFO] Booting worker with pid: 497
[2026-03-23 22:00:18 +0000] [495] [INFO] Started server process [495]
[2026-03-23 22:00:18 +0000] [495] [INFO] Waiting for application startup.
[2026-03-23 22:00:18 +0000] [495] [INFO] Application startup complete.
[2026-03-23 22:00:18 +0000] [498] [INFO] Booting worker with pid: 498
[2026-03-23 22:00:18 +0000] [500] [INFO] Booting worker with pid: 500
[2026-03-23 22:00:18 +0000] [497] [INFO] Started server process [497]
[2026-03-23 22:00:18 +0000] [497] [INFO] Waiting for application startup.
[2026-03-23 22:00:18 +0000] [497] [INFO] Application startup complete.
[2026-03-23 22:00:18 +0000] [498] [INFO] Started server process [498]
[2026-03-23 22:00:18 +0000] [498] [INFO] Waiting for application startup.
[2026-03-23 22:00:18 +0000] [498] [INFO] Application startup complete.
[2026-03-23 22:00:18 +0000] [500] [INFO] Started server process [500]
[2026-03-23 22:00:18 +0000] [500] [INFO] Waiting for application startup.
[2026-03-23 22:00:18 +0000] [500] [INFO] Application startup complete.
[2026-03-23 22:00:18 +0000] [503] [INFO] Booting worker with pid: 503
[2026-03-23 22:00:18 +0000] [505] [INFO] Booting worker with pid: 505
[2026-03-23 22:00:18 +0000] [503] [INFO] Started server process [503]
[2026-03-23 22:00:18 +0000] [503] [INFO] Waiting for application startup.
[2026-03-23 22:00:18 +0000] [503] [INFO] Application startup complete.
[2026-03-23 22:00:18 +0000] [506] [INFO] Booting worker with pid: 506
[2026-03-23 22:00:18 +0000] [507] [INFO] Booting worker with pid: 507
[2026-03-23 22:00:18 +0000] [508] [INFO] Booting worker with pid: 508
[2026-03-23 22:00:18 +0000] [505] [INFO] Started server process [505]
[2026-03-23 22:00:18 +0000] [505] [INFO] Waiting for application startup.
[2026-03-23 22:00:18 +0000] [505] [INFO] Application startup complete.
[2026-03-23 22:00:19 +0000] [510] [INFO] Booting worker with pid: 510
[2026-03-23 22:00:19 +0000] [506] [INFO] Started server process [506]
[2026-03-23 22:00:19 +0000] [506] [INFO] Waiting for application startup.
[2026-03-23 22:00:19 +0000] [506] [INFO] Application startup complete.
[2026-03-23 22:00:19 +0000] [513] [INFO] Booting worker with pid: 513
[2026-03-23 22:00:19 +0000] [507] [INFO] Started server process [507]
[2026-03-23 22:00:19 +0000] [507] [INFO] Waiting for application startup.
[2026-03-23 22:00:19 +0000] [507] [INFO] Application startup complete.
[2026-03-23 22:00:19 +0000] [508] [INFO] Started server process [508]
[2026-03-23 22:00:19 +0000] [508] [INFO] Waiting for application startup.
[2026-03-23 22:00:19 +0000] [508] [INFO] Application startup complete.
[2026-03-23 22:00:19 +0000] [515] [INFO] Booting worker with pid: 515
[2026-03-23 22:00:19 +0000] [510] [INFO] Started server process [510]
[2026-03-23 22:00:19 +0000] [510] [INFO] Waiting for application startup.
[2026-03-23 22:00:19 +0000] [510] [INFO] Application startup complete.
[2026-03-23 22:00:19 +0000] [513] [INFO] Started server process [513]
[2026-03-23 22:00:19 +0000] [513] [INFO] Waiting for application startup.
[2026-03-23 22:00:19 +0000] [513] [INFO] Application startup complete.
[2026-03-23 22:00:19 +0000] [515] [INFO] Started server process [515]
[2026-03-23 22:00:19 +0000] [515] [INFO] Waiting for application startup.
[2026-03-23 22:00:19 +0000] [515] [INFO] Application startup complete.
