[2026-03-23 22:03:23 +0000] [1] [INFO] Starting gunicorn 23.0.0
[2026-03-23 22:03:23 +0000] [1] [INFO] Listening at: http://0.0.0.0:8080 (1)
[2026-03-23 22:03:23 +0000] [1] [INFO] Using worker: uvicorn.workers.UvicornWorker
[2026-03-23 22:03:23 +0000] [7] [INFO] Booting worker with pid: 7
[2026-03-23 22:03:23 +0000] [8] [INFO] Booting worker with pid: 8
[2026-03-23 22:03:23 +0000] [9] [INFO] Booting worker with pid: 9
[2026-03-23 22:03:23 +0000] [7] [INFO] Started server process [7]
[2026-03-23 22:03:23 +0000] [7] [INFO] Waiting for application startup.
[2026-03-23 22:03:23 +0000] [7] [INFO] Application startup complete.
[2026-03-23 22:03:23 +0000] [8] [INFO] Started server process [8]
[2026-03-23 22:03:23 +0000] [8] [INFO] Waiting for application startup.
[2026-03-23 22:03:23 +0000] [8] [INFO] Application startup complete.
[2026-03-23 22:03:23 +0000] [9] [INFO] Started server process [9]
[2026-03-23 22:03:23 +0000] [9] [INFO] Waiting for application startup.
[2026-03-23 22:03:23 +0000] [9] [INFO] Application startup complete.
[2026-03-23 22:03:23 +0000] [13] [INFO] Booting worker with pid: 13
[2026-03-23 22:03:23 +0000] [14] [INFO] Booting worker with pid: 14
[2026-03-23 22:03:23 +0000] [13] [INFO] Started server process [13]
[2026-03-23 22:03:23 +0000] [13] [INFO] Waiting for application startup.
[2026-03-23 22:03:23 +0000] [13] [INFO] Application startup complete.
[2026-03-23 22:03:23 +0000] [14] [INFO] Started server process [14]
[2026-03-23 22:03:23 +0000] [14] [INFO] Waiting for application startup.
[2026-03-23 22:03:23 +0000] [14] [INFO] Application startup complete.
[2026-03-23 22:03:23 +0000] [17] [INFO] Booting worker with pid: 17
[2026-03-23 22:03:23 +0000] [17] [INFO] Started server process [17]
[2026-03-23 22:03:23 +0000] [17] [INFO] Waiting for application startup.
[2026-03-23 22:03:23 +0000] [19] [INFO] Booting worker with pid: 19
[2026-03-23 22:03:23 +0000] [17] [INFO] Application startup complete.
[2026-03-23 22:03:23 +0000] [19] [INFO] Started server process [19]
[2026-03-23 22:03:23 +0000] [19] [INFO] Waiting for application startup.
[2026-03-23 22:03:23 +0000] [19] [INFO] Application startup complete.
[2026-03-23 22:03:23 +0000] [21] [INFO] Booting worker with pid: 21
[2026-03-23 22:03:24 +0000] [21] [INFO] Started server process [21]
[2026-03-23 22:03:24 +0000] [21] [INFO] Waiting for application startup.
[2026-03-23 22:03:24 +0000] [21] [INFO] Application startup complete.
[2026-03-23 22:03:24 +0000] [23] [INFO] Booting worker with pid: 23
[2026-03-23 22:03:24 +0000] [25] [INFO] Booting worker with pid: 25
[2026-03-23 22:03:24 +0000] [23] [INFO] Started server process [23]
[2026-03-23 22:03:24 +0000] [23] [INFO] Waiting for application startup.
[2026-03-23 22:03:24 +0000] [23] [INFO] Application startup complete.
[2026-03-23 22:03:24 +0000] [25] [INFO] Started server process [25]
[2026-03-23 22:03:24 +0000] [25] [INFO] Waiting for application startup.
[2026-03-23 22:03:24 +0000] [25] [INFO] Application startup complete.
[2026-03-23 22:03:24 +0000] [27] [INFO] Booting worker with pid: 27
[2026-03-23 22:03:24 +0000] [28] [INFO] Booting worker with pid: 28
[2026-03-23 22:03:24 +0000] [27] [INFO] Started server process [27]
[2026-03-23 22:03:24 +0000] [27] [INFO] Waiting for application startup.
[2026-03-23 22:03:24 +0000] [27] [INFO] Application startup complete.
[2026-03-23 22:03:24 +0000] [28] [INFO] Started server process [28]
[2026-03-23 22:03:24 +0000] [28] [INFO] Waiting for application startup.
[2026-03-23 22:03:24 +0000] [28] [INFO] Application startup complete.
[2026-03-23 22:03:24 +0000] [31] [INFO] Booting worker with pid: 31
[2026-03-23 22:03:24 +0000] [33] [INFO] Booting worker with pid: 33
[2026-03-23 22:03:24 +0000] [34] [INFO] Booting worker with pid: 34
[2026-03-23 22:03:24 +0000] [31] [INFO] Started server process [31]
[2026-03-23 22:03:24 +0000] [31] [INFO] Waiting for application startup.
[2026-03-23 22:03:24 +0000] [31] [INFO] Application startup complete.
[2026-03-23 22:03:24 +0000] [37] [INFO] Booting worker with pid: 37
[2026-03-23 22:03:24 +0000] [33] [INFO] Started server process [33]
[2026-03-23 22:03:24 +0000] [33] [INFO] Waiting for application startup.
[2026-03-23 22:03:24 +0000] [33] [INFO] Application startup complete.
[2026-03-23 22:03:24 +0000] [34] [INFO] Started server process [34]
[2026-03-23 22:03:24 +0000] [34] [INFO] Waiting for application startup.
[2026-03-23 22:03:24 +0000] [34] [INFO] Application startup complete.
[2026-03-23 22:03:24 +0000] [38] [INFO] Booting worker with pid: 38
[2026-03-23 22:03:24 +0000] [39] [INFO] Booting worker with pid: 39
[2026-03-23 22:03:24 +0000] [37] [INFO] Started server process [37]
[2026-03-23 22:03:24 +0000] [37] [INFO] Waiting for application startup.
[2026-03-23 22:03:24 +0000] [37] [INFO] Application startup complete.
[2026-03-23 22:03:24 +0000] [38] [INFO] Started server process [38]
[2026-03-23 22:03:24 +0000] [38] [INFO] Waiting for application startup.
[2026-03-23 22:03:24 +0000] [38] [INFO] Application startup complete.
[2026-03-23 22:03:24 +0000] [39] [INFO] Started server process [39]
[2026-03-23 22:03:24 +0000] [39] [INFO] Waiting for application startup.
[2026-03-23 22:03:24 +0000] [39] [INFO] Application startup complete.
[2026-03-23 22:03:24 +0000] [43] [INFO] Booting worker with pid: 43
[2026-03-23 22:03:24 +0000] [43] [INFO] Started server process [43]
[2026-03-23 22:03:24 +0000] [43] [INFO] Waiting for application startup.
[2026-03-23 22:03:24 +0000] [43] [INFO] Application startup complete.
[2026-03-23 22:03:24 +0000] [45] [INFO] Booting worker with pid: 45
[2026-03-23 22:03:24 +0000] [46] [INFO] Booting worker with pid: 46
[2026-03-23 22:03:24 +0000] [48] [INFO] Booting worker with pid: 48
[2026-03-23 22:03:24 +0000] [45] [INFO] Started server process [45]
[2026-03-23 22:03:24 +0000] [45] [INFO] Waiting for application startup.
[2026-03-23 22:03:24 +0000] [45] [INFO] Application startup complete.
[2026-03-23 22:03:24 +0000] [46] [INFO] Started server process [46]
[2026-03-23 22:03:24 +0000] [46] [INFO] Waiting for application startup.
[2026-03-23 22:03:24 +0000] [46] [INFO] Application startup complete.
[2026-03-23 22:03:24 +0000] [48] [INFO] Started server process [48]
[2026-03-23 22:03:24 +0000] [48] [INFO] Waiting for application startup.
[2026-03-23 22:03:24 +0000] [48] [INFO] Application startup complete.
[2026-03-23 22:03:24 +0000] [51] [INFO] Booting worker with pid: 51
[2026-03-23 22:03:24 +0000] [51] [INFO] Started server process [51]
[2026-03-23 22:03:24 +0000] [51] [INFO] Waiting for application startup.
[2026-03-23 22:03:24 +0000] [51] [INFO] Application startup complete.
[2026-03-23 22:03:24 +0000] [53] [INFO] Booting worker with pid: 53
[2026-03-23 22:03:24 +0000] [53] [INFO] Started server process [53]
[2026-03-23 22:03:24 +0000] [53] [INFO] Waiting for application startup.
[2026-03-23 22:03:24 +0000] [55] [INFO] Booting worker with pid: 55
[2026-03-23 22:03:24 +0000] [53] [INFO] Application startup complete.
[2026-03-23 22:03:25 +0000] [56] [INFO] Booting worker with pid: 56
[2026-03-23 22:03:25 +0000] [55] [INFO] Started server process [55]
[2026-03-23 22:03:25 +0000] [55] [INFO] Waiting for application startup.
[2026-03-23 22:03:25 +0000] [55] [INFO] Application startup complete.
[2026-03-23 22:03:25 +0000] [56] [INFO] Started server process [56]
[2026-03-23 22:03:25 +0000] [56] [INFO] Waiting for application startup.
[2026-03-23 22:03:25 +0000] [56] [INFO] Application startup complete.
[2026-03-23 22:03:25 +0000] [59] [INFO] Booting worker with pid: 59
[2026-03-23 22:03:25 +0000] [61] [INFO] Booting worker with pid: 61
[2026-03-23 22:03:25 +0000] [59] [INFO] Started server process [59]
[2026-03-23 22:03:25 +0000] [59] [INFO] Waiting for application startup.
[2026-03-23 22:03:25 +0000] [59] [INFO] Application startup complete.
[2026-03-23 22:03:25 +0000] [62] [INFO] Booting worker with pid: 62
[2026-03-23 22:03:25 +0000] [61] [INFO] Started server process [61]
[2026-03-23 22:03:25 +0000] [61] [INFO] Waiting for application startup.
[2026-03-23 22:03:25 +0000] [61] [INFO] Application startup complete.
[2026-03-23 22:03:25 +0000] [64] [INFO] Booting worker with pid: 64
[2026-03-23 22:03:25 +0000] [62] [INFO] Started server process [62]
[2026-03-23 22:03:25 +0000] [62] [INFO] Waiting for application startup.
[2026-03-23 22:03:25 +0000] [62] [INFO] Application startup complete.
[2026-03-23 22:03:25 +0000] [66] [INFO] Booting worker with pid: 66
[2026-03-23 22:03:25 +0000] [64] [INFO] Started server process [64]
[2026-03-23 22:03:25 +0000] [64] [INFO] Waiting for application startup.
[2026-03-23 22:03:25 +0000] [64] [INFO] Application startup complete.
[2026-03-23 22:03:25 +0000] [66] [INFO] Started server process [66]
[2026-03-23 22:03:25 +0000] [66] [INFO] Waiting for application startup.
[2026-03-23 22:03:25 +0000] [66] [INFO] Application startup complete.
[2026-03-23 22:03:25 +0000] [69] [INFO] Booting worker with pid: 69
[2026-03-23 22:03:25 +0000] [69] [INFO] Started server process [69]
[2026-03-23 22:03:25 +0000] [69] [INFO] Waiting for application startup.
[2026-03-23 22:03:25 +0000] [69] [INFO] Application startup complete.
[2026-03-23 22:03:25 +0000] [71] [INFO] Booting worker with pid: 71
[2026-03-23 22:03:25 +0000] [72] [INFO] Booting worker with pid: 72
[2026-03-23 22:03:25 +0000] [73] [INFO] Booting worker with pid: 73
[2026-03-23 22:03:25 +0000] [71] [INFO] Started server process [71]
[2026-03-23 22:03:25 +0000] [71] [INFO] Waiting for application startup.
[2026-03-23 22:03:25 +0000] [71] [INFO] Application startup complete.
[2026-03-23 22:03:25 +0000] [72] [INFO] Started server process [72]
[2026-03-23 22:03:25 +0000] [72] [INFO] Waiting for application startup.
[2026-03-23 22:03:25 +0000] [72] [INFO] Application startup complete.
[2026-03-23 22:03:25 +0000] [77] [INFO] Booting worker with pid: 77
[2026-03-23 22:03:25 +0000] [73] [INFO] Started server process [73]
[2026-03-23 22:03:25 +0000] [73] [INFO] Waiting for application startup.
[2026-03-23 22:03:25 +0000] [73] [INFO] Application startup complete.
[2026-03-23 22:03:25 +0000] [78] [INFO] Booting worker with pid: 78
[2026-03-23 22:03:25 +0000] [77] [INFO] Started server process [77]
[2026-03-23 22:03:25 +0000] [77] [INFO] Waiting for application startup.
[2026-03-23 22:03:25 +0000] [77] [INFO] Application startup complete.
[2026-03-23 22:03:25 +0000] [80] [INFO] Booting worker with pid: 80
[2026-03-23 22:03:25 +0000] [78] [INFO] Started server process [78]
[2026-03-23 22:03:25 +0000] [78] [INFO] Waiting for application startup.
[2026-03-23 22:03:25 +0000] [78] [INFO] Application startup complete.
[2026-03-23 22:03:25 +0000] [82] [INFO] Booting worker with pid: 82
[2026-03-23 22:03:25 +0000] [80] [INFO] Started server process [80]
[2026-03-23 22:03:25 +0000] [80] [INFO] Waiting for application startup.
[2026-03-23 22:03:25 +0000] [80] [INFO] Application startup complete.
[2026-03-23 22:03:25 +0000] [84] [INFO] Booting worker with pid: 84
[2026-03-23 22:03:25 +0000] [82] [INFO] Started server process [82]
[2026-03-23 22:03:25 +0000] [82] [INFO] Waiting for application startup.
[2026-03-23 22:03:25 +0000] [82] [INFO] Application startup complete.
[2026-03-23 22:03:25 +0000] [86] [INFO] Booting worker with pid: 86
[2026-03-23 22:03:25 +0000] [84] [INFO] Started server process [84]
[2026-03-23 22:03:25 +0000] [84] [INFO] Waiting for application startup.
[2026-03-23 22:03:25 +0000] [84] [INFO] Application startup complete.
[2026-03-23 22:03:25 +0000] [86] [INFO] Started server process [86]
[2026-03-23 22:03:25 +0000] [86] [INFO] Waiting for application startup.
[2026-03-23 22:03:25 +0000] [86] [INFO] Application startup complete.
[2026-03-23 22:03:25 +0000] [89] [INFO] Booting worker with pid: 89
[2026-03-23 22:03:25 +0000] [91] [INFO] Booting worker with pid: 91
[2026-03-23 22:03:25 +0000] [89] [INFO] Started server process [89]
[2026-03-23 22:03:25 +0000] [89] [INFO] Waiting for application startup.
[2026-03-23 22:03:25 +0000] [89] [INFO] Application startup complete.
[2026-03-23 22:03:26 +0000] [91] [INFO] Started server process [91]
[2026-03-23 22:03:26 +0000] [91] [INFO] Waiting for application startup.
[2026-03-23 22:03:26 +0000] [91] [INFO] Application startup complete.
[2026-03-23 22:03:26 +0000] [93] [INFO] Booting worker with pid: 93
[2026-03-23 22:03:26 +0000] [94] [INFO] Booting worker with pid: 94
[2026-03-23 22:03:26 +0000] [95] [INFO] Booting worker with pid: 95
[2026-03-23 22:03:26 +0000] [93] [INFO] Started server process [93]
[2026-03-23 22:03:26 +0000] [93] [INFO] Waiting for application startup.
[2026-03-23 22:03:26 +0000] [93] [INFO] Application startup complete.
[2026-03-23 22:03:26 +0000] [94] [INFO] Started server process [94]
[2026-03-23 22:03:26 +0000] [94] [INFO] Waiting for application startup.
[2026-03-23 22:03:26 +0000] [94] [INFO] Application startup complete.
[2026-03-23 22:03:26 +0000] [99] [INFO] Booting worker with pid: 99
[2026-03-23 22:03:26 +0000] [95] [INFO] Started server process [95]
[2026-03-23 22:03:26 +0000] [95] [INFO] Waiting for application startup.
[2026-03-23 22:03:26 +0000] [95] [INFO] Application startup complete.
[2026-03-23 22:03:26 +0000] [99] [INFO] Started server process [99]
[2026-03-23 22:03:26 +0000] [99] [INFO] Waiting for application startup.
[2026-03-23 22:03:26 +0000] [99] [INFO] Application startup complete.
[2026-03-23 22:03:26 +0000] [101] [INFO] Booting worker with pid: 101
[2026-03-23 22:03:26 +0000] [101] [INFO] Started server process [101]
[2026-03-23 22:03:26 +0000] [101] [INFO] Waiting for application startup.
[2026-03-23 22:03:26 +0000] [101] [INFO] Application startup complete.
[2026-03-23 22:03:26 +0000] [103] [INFO] Booting worker with pid: 103
[2026-03-23 22:03:26 +0000] [103] [INFO] Started server process [103]
[2026-03-23 22:03:26 +0000] [103] [INFO] Waiting for application startup.
[2026-03-23 22:03:26 +0000] [103] [INFO] Application startup complete.
[2026-03-23 22:03:26 +0000] [105] [INFO] Booting worker with pid: 105
[2026-03-23 22:03:26 +0000] [105] [INFO] Started server process [105]
[2026-03-23 22:03:26 +0000] [105] [INFO] Waiting for application startup.
[2026-03-23 22:03:26 +0000] [105] [INFO] Application startup complete.
[2026-03-23 22:03:26 +0000] [107] [INFO] Booting worker with pid: 107
[2026-03-23 22:03:26 +0000] [107] [INFO] Started server process [107]
[2026-03-23 22:03:26 +0000] [107] [INFO] Waiting for application startup.
[2026-03-23 22:03:26 +0000] [107] [INFO] Application startup complete.
[2026-03-23 22:03:26 +0000] [109] [INFO] Booting worker with pid: 109
[2026-03-23 22:03:26 +0000] [109] [INFO] Started server process [109]
[2026-03-23 22:03:26 +0000] [109] [INFO] Waiting for application startup.
[2026-03-23 22:03:26 +0000] [109] [INFO] Application startup complete.
[2026-03-23 22:03:26 +0000] [111] [INFO] Booting worker with pid: 111
[2026-03-23 22:03:26 +0000] [112] [INFO] Booting worker with pid: 112
[2026-03-23 22:03:26 +0000] [111] [INFO] Started server process [111]
[2026-03-23 22:03:26 +0000] [111] [INFO] Waiting for application startup.
[2026-03-23 22:03:26 +0000] [111] [INFO] Application startup complete.
[2026-03-23 22:03:26 +0000] [114] [INFO] Booting worker with pid: 114
[2026-03-23 22:03:26 +0000] [112] [INFO] Started server process [112]
[2026-03-23 22:03:26 +0000] [112] [INFO] Waiting for application startup.
[2026-03-23 22:03:26 +0000] [112] [INFO] Application startup complete.
[2026-03-23 22:03:26 +0000] [116] [INFO] Booting worker with pid: 116
[2026-03-23 22:03:26 +0000] [117] [INFO] Booting worker with pid: 117
[2026-03-23 22:03:26 +0000] [119] [INFO] Booting worker with pid: 119
[2026-03-23 22:03:26 +0000] [114] [INFO] Started server process [114]
[2026-03-23 22:03:26 +0000] [114] [INFO] Waiting for application startup.
[2026-03-23 22:03:26 +0000] [114] [INFO] Application startup complete.
[2026-03-23 22:03:26 +0000] [116] [INFO] Started server process [116]
[2026-03-23 22:03:26 +0000] [116] [INFO] Waiting for application startup.
[2026-03-23 22:03:26 +0000] [116] [INFO] Application startup complete.
[2026-03-23 22:03:26 +0000] [117] [INFO] Started server process [117]
[2026-03-23 22:03:26 +0000] [117] [INFO] Waiting for application startup.
[2026-03-23 22:03:26 +0000] [117] [INFO] Application startup complete.
[2026-03-23 22:03:26 +0000] [122] [INFO] Booting worker with pid: 122
[2026-03-23 22:03:26 +0000] [119] [INFO] Started server process [119]
[2026-03-23 22:03:26 +0000] [119] [INFO] Waiting for application startup.
[2026-03-23 22:03:26 +0000] [119] [INFO] Application startup complete.
[2026-03-23 22:03:26 +0000] [124] [INFO] Booting worker with pid: 124
[2026-03-23 22:03:27 +0000] [122] [INFO] Started server process [122]
[2026-03-23 22:03:27 +0000] [122] [INFO] Waiting for application startup.
[2026-03-23 22:03:27 +0000] [122] [INFO] Application startup complete.
[2026-03-23 22:03:27 +0000] [127] [INFO] Booting worker with pid: 127
[2026-03-23 22:03:27 +0000] [124] [INFO] Started server process [124]
[2026-03-23 22:03:27 +0000] [124] [INFO] Waiting for application startup.
[2026-03-23 22:03:27 +0000] [124] [INFO] Application startup complete.
[2026-03-23 22:03:27 +0000] [129] [INFO] Booting worker with pid: 129
[2026-03-23 22:03:27 +0000] [127] [INFO] Started server process [127]
[2026-03-23 22:03:27 +0000] [127] [INFO] Waiting for application startup.
[2026-03-23 22:03:27 +0000] [127] [INFO] Application startup complete.
[2026-03-23 22:03:27 +0000] [130] [INFO] Booting worker with pid: 130
[2026-03-23 22:03:27 +0000] [129] [INFO] Started server process [129]
[2026-03-23 22:03:27 +0000] [129] [INFO] Waiting for application startup.
[2026-03-23 22:03:27 +0000] [129] [INFO] Application startup complete.
[2026-03-23 22:03:27 +0000] [132] [INFO] Booting worker with pid: 132
[2026-03-23 22:03:27 +0000] [134] [INFO] Booting worker with pid: 134
[2026-03-23 22:03:27 +0000] [135] [INFO] Booting worker with pid: 135
[2026-03-23 22:03:27 +0000] [130] [INFO] Started server process [130]
[2026-03-23 22:03:27 +0000] [130] [INFO] Waiting for application startup.
[2026-03-23 22:03:27 +0000] [130] [INFO] Application startup complete.
[2026-03-23 22:03:27 +0000] [136] [INFO] Booting worker with pid: 136
[2026-03-23 22:03:27 +0000] [137] [INFO] Booting worker with pid: 137
[2026-03-23 22:03:27 +0000] [132] [INFO] Started server process [132]
[2026-03-23 22:03:27 +0000] [132] [INFO] Waiting for application startup.
[2026-03-23 22:03:27 +0000] [132] [INFO] Application startup complete.
[2026-03-23 22:03:27 +0000] [134] [INFO] Started server process [134]
[2026-03-23 22:03:27 +0000] [134] [INFO] Waiting for application startup.
[2026-03-23 22:03:27 +0000] [134] [INFO] Application startup complete.
[2026-03-23 22:03:27 +0000] [135] [INFO] Started server process [135]
[2026-03-23 22:03:27 +0000] [135] [INFO] Waiting for application startup.
[2026-03-23 22:03:27 +0000] [135] [INFO] Application startup complete.
[2026-03-23 22:03:27 +0000] [142] [INFO] Booting worker with pid: 142
[2026-03-23 22:03:27 +0000] [136] [INFO] Started server process [136]
[2026-03-23 22:03:27 +0000] [136] [INFO] Waiting for application startup.
[2026-03-23 22:03:27 +0000] [136] [INFO] Application startup complete.
[2026-03-23 22:03:27 +0000] [137] [INFO] Started server process [137]
[2026-03-23 22:03:27 +0000] [137] [INFO] Waiting for application startup.
[2026-03-23 22:03:27 +0000] [137] [INFO] Application startup complete.
[2026-03-23 22:03:27 +0000] [145] [INFO] Booting worker with pid: 145
[2026-03-23 22:03:27 +0000] [142] [INFO] Started server process [142]
[2026-03-23 22:03:27 +0000] [142] [INFO] Waiting for application startup.
[2026-03-23 22:03:27 +0000] [142] [INFO] Application startup complete.
[2026-03-23 22:03:27 +0000] [146] [INFO] Booting worker with pid: 146
[2026-03-23 22:03:27 +0000] [145] [INFO] Started server process [145]
[2026-03-23 22:03:27 +0000] [145] [INFO] Waiting for application startup.
[2026-03-23 22:03:27 +0000] [145] [INFO] Application startup complete.
[2026-03-23 22:03:27 +0000] [148] [INFO] Booting worker with pid: 148
[2026-03-23 22:03:27 +0000] [150] [INFO] Booting worker with pid: 150
[2026-03-23 22:03:27 +0000] [146] [INFO] Started server process [146]
[2026-03-23 22:03:27 +0000] [146] [INFO] Waiting for application startup.
[2026-03-23 22:03:27 +0000] [146] [INFO] Application startup complete.
[2026-03-23 22:03:27 +0000] [151] [INFO] Booting worker with pid: 151
[2026-03-23 22:03:27 +0000] [148] [INFO] Started server process [148]
[2026-03-23 22:03:27 +0000] [148] [INFO] Waiting for application startup.
[2026-03-23 22:03:27 +0000] [148] [INFO] Application startup complete.
[2026-03-23 22:03:27 +0000] [153] [INFO] Booting worker with pid: 153
[2026-03-23 22:03:27 +0000] [150] [INFO] Started server process [150]
[2026-03-23 22:03:27 +0000] [150] [INFO] Waiting for application startup.
[2026-03-23 22:03:27 +0000] [150] [INFO] Application startup complete.
[2026-03-23 22:03:27 +0000] [151] [INFO] Started server process [151]
[2026-03-23 22:03:27 +0000] [151] [INFO] Waiting for application startup.
[2026-03-23 22:03:27 +0000] [151] [INFO] Application startup complete.
[2026-03-23 22:03:27 +0000] [156] [INFO] Booting worker with pid: 156
[2026-03-23 22:03:27 +0000] [157] [INFO] Booting worker with pid: 157
[2026-03-23 22:03:27 +0000] [159] [INFO] Booting worker with pid: 159
[2026-03-23 22:03:27 +0000] [160] [INFO] Booting worker with pid: 160
[2026-03-23 22:03:27 +0000] [153] [INFO] Started server process [153]
[2026-03-23 22:03:27 +0000] [153] [INFO] Waiting for application startup.
[2026-03-23 22:03:27 +0000] [153] [INFO] Application startup complete.
[2026-03-23 22:03:27 +0000] [161] [INFO] Booting worker with pid: 161
[2026-03-23 22:03:27 +0000] [156] [INFO] Started server process [156]
[2026-03-23 22:03:27 +0000] [156] [INFO] Waiting for application startup.
[2026-03-23 22:03:27 +0000] [156] [INFO] Application startup complete.
[2026-03-23 22:03:27 +0000] [157] [INFO] Started server process [157]
[2026-03-23 22:03:27 +0000] [157] [INFO] Waiting for application startup.
[2026-03-23 22:03:27 +0000] [157] [INFO] Application startup complete.
[2026-03-23 22:03:27 +0000] [166] [INFO] Booting worker with pid: 166
[2026-03-23 22:03:27 +0000] [159] [INFO] Started server process [159]
[2026-03-23 22:03:27 +0000] [159] [INFO] Waiting for application startup.
[2026-03-23 22:03:27 +0000] [159] [INFO] Application startup complete.
[2026-03-23 22:03:27 +0000] [160] [INFO] Started server process [160]
[2026-03-23 22:03:27 +0000] [160] [INFO] Waiting for application startup.
[2026-03-23 22:03:27 +0000] [160] [INFO] Application startup complete.
[2026-03-23 22:03:27 +0000] [167] [INFO] Booting worker with pid: 167
[2026-03-23 22:03:27 +0000] [161] [INFO] Started server process [161]
[2026-03-23 22:03:27 +0000] [161] [INFO] Waiting for application startup.
[2026-03-23 22:03:27 +0000] [161] [INFO] Application startup complete.
[2026-03-23 22:03:28 +0000] [169] [INFO] Booting worker with pid: 169
[2026-03-23 22:03:28 +0000] [170] [INFO] Booting worker with pid: 170
[2026-03-23 22:03:28 +0000] [172] [INFO] Booting worker with pid: 172
[2026-03-23 22:03:28 +0000] [166] [INFO] Started server process [166]
[2026-03-23 22:03:28 +0000] [166] [INFO] Waiting for application startup.
[2026-03-23 22:03:28 +0000] [166] [INFO] Application startup complete.
[2026-03-23 22:03:28 +0000] [167] [INFO] Started server process [167]
[2026-03-23 22:03:28 +0000] [167] [INFO] Waiting for application startup.
[2026-03-23 22:03:28 +0000] [167] [INFO] Application startup complete.
[2026-03-23 22:03:28 +0000] [176] [INFO] Booting worker with pid: 176
[2026-03-23 22:03:28 +0000] [169] [INFO] Started server process [169]
[2026-03-23 22:03:28 +0000] [169] [INFO] Waiting for application startup.
[2026-03-23 22:03:28 +0000] [169] [INFO] Application startup complete.
[2026-03-23 22:03:28 +0000] [170] [INFO] Started server process [170]
[2026-03-23 22:03:28 +0000] [170] [INFO] Waiting for application startup.
[2026-03-23 22:03:28 +0000] [170] [INFO] Application startup complete.
[2026-03-23 22:03:28 +0000] [172] [INFO] Started server process [172]
[2026-03-23 22:03:28 +0000] [172] [INFO] Waiting for application startup.
[2026-03-23 22:03:28 +0000] [172] [INFO] Application startup complete.
[2026-03-23 22:03:28 +0000] [178] [INFO] Booting worker with pid: 178
[2026-03-23 22:03:28 +0000] [176] [INFO] Started server process [176]
[2026-03-23 22:03:28 +0000] [176] [INFO] Waiting for application startup.
[2026-03-23 22:03:28 +0000] [176] [INFO] Application startup complete.
[2026-03-23 22:03:28 +0000] [181] [INFO] Booting worker with pid: 181
[2026-03-23 22:03:28 +0000] [178] [INFO] Started server process [178]
[2026-03-23 22:03:28 +0000] [178] [INFO] Waiting for application startup.
[2026-03-23 22:03:28 +0000] [178] [INFO] Application startup complete.
[2026-03-23 22:03:28 +0000] [182] [INFO] Booting worker with pid: 182
[2026-03-23 22:03:28 +0000] [181] [INFO] Started server process [181]
[2026-03-23 22:03:28 +0000] [181] [INFO] Waiting for application startup.
[2026-03-23 22:03:28 +0000] [181] [INFO] Application startup complete.
[2026-03-23 22:03:28 +0000] [184] [INFO] Booting worker with pid: 184
[2026-03-23 22:03:28 +0000] [182] [INFO] Started server process [182]
[2026-03-23 22:03:28 +0000] [182] [INFO] Waiting for application startup.
[2026-03-23 22:03:28 +0000] [182] [INFO] Application startup complete.
[2026-03-23 22:03:28 +0000] [187] [INFO] Booting worker with pid: 187
[2026-03-23 22:03:28 +0000] [184] [INFO] Started server process [184]
[2026-03-23 22:03:28 +0000] [184] [INFO] Waiting for application startup.
[2026-03-23 22:03:28 +0000] [184] [INFO] Application startup complete.
[2026-03-23 22:03:28 +0000] [188] [INFO] Booting worker with pid: 188
[2026-03-23 22:03:28 +0000] [187] [INFO] Started server process [187]
[2026-03-23 22:03:28 +0000] [187] [INFO] Waiting for application startup.
[2026-03-23 22:03:28 +0000] [187] [INFO] Application startup complete.
[2026-03-23 22:03:28 +0000] [191] [INFO] Booting worker with pid: 191
[2026-03-23 22:03:28 +0000] [188] [INFO] Started server process [188]
[2026-03-23 22:03:28 +0000] [188] [INFO] Waiting for application startup.
[2026-03-23 22:03:28 +0000] [188] [INFO] Application startup complete.
[2026-03-23 22:03:28 +0000] [193] [INFO] Booting worker with pid: 193
[2026-03-23 22:03:28 +0000] [191] [INFO] Started server process [191]
[2026-03-23 22:03:28 +0000] [191] [INFO] Waiting for application startup.
[2026-03-23 22:03:28 +0000] [191] [INFO] Application startup complete.
[2026-03-23 22:03:28 +0000] [195] [INFO] Booting worker with pid: 195
[2026-03-23 22:03:28 +0000] [193] [INFO] Started server process [193]
[2026-03-23 22:03:28 +0000] [193] [INFO] Waiting for application startup.
[2026-03-23 22:03:28 +0000] [193] [INFO] Application startup complete.
[2026-03-23 22:03:28 +0000] [196] [INFO] Booting worker with pid: 196
[2026-03-23 22:03:28 +0000] [197] [INFO] Booting worker with pid: 197
[2026-03-23 22:03:28 +0000] [199] [INFO] Booting worker with pid: 199
[2026-03-23 22:03:28 +0000] [195] [INFO] Started server process [195]
[2026-03-23 22:03:28 +0000] [195] [INFO] Waiting for application startup.
[2026-03-23 22:03:28 +0000] [195] [INFO] Application startup complete.
[2026-03-23 22:03:28 +0000] [196] [INFO] Started server process [196]
[2026-03-23 22:03:28 +0000] [196] [INFO] Waiting for application startup.
[2026-03-23 22:03:28 +0000] [196] [INFO] Application startup complete.
[2026-03-23 22:03:28 +0000] [202] [INFO] Booting worker with pid: 202
[2026-03-23 22:03:28 +0000] [197] [INFO] Started server process [197]
[2026-03-23 22:03:28 +0000] [197] [INFO] Waiting for application startup.
[2026-03-23 22:03:28 +0000] [197] [INFO] Application startup complete.
[2026-03-23 22:03:28 +0000] [204] [INFO] Booting worker with pid: 204
[2026-03-23 22:03:29 +0000] [199] [INFO] Started server process [199]
[2026-03-23 22:03:29 +0000] [199] [INFO] Waiting for application startup.
[2026-03-23 22:03:29 +0000] [199] [INFO] Application startup complete.
[2026-03-23 22:03:29 +0000] [202] [INFO] Started server process [202]
[2026-03-23 22:03:29 +0000] [202] [INFO] Waiting for application startup.
[2026-03-23 22:03:29 +0000] [202] [INFO] Application startup complete.
[2026-03-23 22:03:29 +0000] [206] [INFO] Booting worker with pid: 206
[2026-03-23 22:03:29 +0000] [204] [INFO] Started server process [204]
[2026-03-23 22:03:29 +0000] [204] [INFO] Waiting for application startup.
[2026-03-23 22:03:29 +0000] [204] [INFO] Application startup complete.
[2026-03-23 22:03:29 +0000] [208] [INFO] Booting worker with pid: 208
[2026-03-23 22:03:29 +0000] [206] [INFO] Started server process [206]
[2026-03-23 22:03:29 +0000] [206] [INFO] Waiting for application startup.
[2026-03-23 22:03:29 +0000] [206] [INFO] Application startup complete.
[2026-03-23 22:03:29 +0000] [210] [INFO] Booting worker with pid: 210
[2026-03-23 22:03:29 +0000] [208] [INFO] Started server process [208]
[2026-03-23 22:03:29 +0000] [208] [INFO] Waiting for application startup.
[2026-03-23 22:03:29 +0000] [208] [INFO] Application startup complete.
[2026-03-23 22:03:29 +0000] [212] [INFO] Booting worker with pid: 212
[2026-03-23 22:03:29 +0000] [213] [INFO] Booting worker with pid: 213
[2026-03-23 22:03:29 +0000] [210] [INFO] Started server process [210]
[2026-03-23 22:03:29 +0000] [210] [INFO] Waiting for application startup.
[2026-03-23 22:03:29 +0000] [210] [INFO] Application startup complete.
[2026-03-23 22:03:29 +0000] [215] [INFO] Booting worker with pid: 215
[2026-03-23 22:03:29 +0000] [212] [INFO] Started server process [212]
[2026-03-23 22:03:29 +0000] [212] [INFO] Waiting for application startup.
[2026-03-23 22:03:29 +0000] [212] [INFO] Application startup complete.
[2026-03-23 22:03:29 +0000] [218] [INFO] Booting worker with pid: 218
[2026-03-23 22:03:29 +0000] [213] [INFO] Started server process [213]
[2026-03-23 22:03:29 +0000] [213] [INFO] Waiting for application startup.
[2026-03-23 22:03:29 +0000] [213] [INFO] Application startup complete.
[2026-03-23 22:03:29 +0000] [219] [INFO] Booting worker with pid: 219
[2026-03-23 22:03:29 +0000] [221] [INFO] Booting worker with pid: 221
[2026-03-23 22:03:29 +0000] [215] [INFO] Started server process [215]
[2026-03-23 22:03:29 +0000] [215] [INFO] Waiting for application startup.
[2026-03-23 22:03:29 +0000] [215] [INFO] Application startup complete.
[2026-03-23 22:03:29 +0000] [218] [INFO] Started server process [218]
[2026-03-23 22:03:29 +0000] [218] [INFO] Waiting for application startup.
[2026-03-23 22:03:29 +0000] [218] [INFO] Application startup complete.
[2026-03-23 22:03:29 +0000] [224] [INFO] Booting worker with pid: 224
[2026-03-23 22:03:29 +0000] [219] [INFO] Started server process [219]
[2026-03-23 22:03:29 +0000] [219] [INFO] Waiting for application startup.
[2026-03-23 22:03:29 +0000] [219] [INFO] Application startup complete.
[2026-03-23 22:03:29 +0000] [221] [INFO] Started server process [221]
[2026-03-23 22:03:29 +0000] [221] [INFO] Waiting for application startup.
[2026-03-23 22:03:29 +0000] [221] [INFO] Application startup complete.
[2026-03-23 22:03:29 +0000] [226] [INFO] Booting worker with pid: 226
[2026-03-23 22:03:29 +0000] [227] [INFO] Booting worker with pid: 227
[2026-03-23 22:03:29 +0000] [224] [INFO] Started server process [224]
[2026-03-23 22:03:29 +0000] [224] [INFO] Waiting for application startup.
[2026-03-23 22:03:29 +0000] [224] [INFO] Application startup complete.
[2026-03-23 22:03:29 +0000] [230] [INFO] Booting worker with pid: 230
[2026-03-23 22:03:29 +0000] [232] [INFO] Booting worker with pid: 232
[2026-03-23 22:03:29 +0000] [226] [INFO] Started server process [226]
[2026-03-23 22:03:29 +0000] [226] [INFO] Waiting for application startup.
[2026-03-23 22:03:29 +0000] [226] [INFO] Application startup complete.
[2026-03-23 22:03:29 +0000] [227] [INFO] Started server process [227]
[2026-03-23 22:03:29 +0000] [227] [INFO] Waiting for application startup.
[2026-03-23 22:03:29 +0000] [227] [INFO] Application startup complete.
[2026-03-23 22:03:29 +0000] [235] [INFO] Booting worker with pid: 235
[2026-03-23 22:03:29 +0000] [230] [INFO] Started server process [230]
[2026-03-23 22:03:29 +0000] [230] [INFO] Waiting for application startup.
[2026-03-23 22:03:29 +0000] [230] [INFO] Application startup complete.
[2026-03-23 22:03:29 +0000] [232] [INFO] Started server process [232]
[2026-03-23 22:03:29 +0000] [232] [INFO] Waiting for application startup.
[2026-03-23 22:03:29 +0000] [232] [INFO] Application startup complete.
[2026-03-23 22:03:29 +0000] [236] [INFO] Booting worker with pid: 236
[2026-03-23 22:03:29 +0000] [237] [INFO] Booting worker with pid: 237
[2026-03-23 22:03:30 +0000] [236] [INFO] Started server process [236]
[2026-03-23 22:03:30 +0000] [236] [INFO] Waiting for application startup.
[2026-03-23 22:03:30 +0000] [236] [INFO] Application startup complete.
[2026-03-23 22:03:30 +0000] [235] [INFO] Started server process [235]
[2026-03-23 22:03:30 +0000] [235] [INFO] Waiting for application startup.
[2026-03-23 22:03:30 +0000] [235] [INFO] Application startup complete.
[2026-03-23 22:03:30 +0000] [240] [INFO] Booting worker with pid: 240
[2026-03-23 22:03:30 +0000] [237] [INFO] Started server process [237]
[2026-03-23 22:03:30 +0000] [237] [INFO] Waiting for application startup.
[2026-03-23 22:03:30 +0000] [237] [INFO] Application startup complete.
[2026-03-23 22:03:30 +0000] [242] [INFO] Booting worker with pid: 242
[2026-03-23 22:03:30 +0000] [243] [INFO] Booting worker with pid: 243
[2026-03-23 22:03:30 +0000] [240] [INFO] Started server process [240]
[2026-03-23 22:03:30 +0000] [240] [INFO] Waiting for application startup.
[2026-03-23 22:03:30 +0000] [240] [INFO] Application startup complete.
[2026-03-23 22:03:30 +0000] [245] [INFO] Booting worker with pid: 245
[2026-03-23 22:03:30 +0000] [242] [INFO] Started server process [242]
[2026-03-23 22:03:30 +0000] [242] [INFO] Waiting for application startup.
[2026-03-23 22:03:30 +0000] [242] [INFO] Application startup complete.
[2026-03-23 22:03:30 +0000] [243] [INFO] Started server process [243]
[2026-03-23 22:03:30 +0000] [243] [INFO] Waiting for application startup.
[2026-03-23 22:03:30 +0000] [243] [INFO] Application startup complete.
[2026-03-23 22:03:30 +0000] [248] [INFO] Booting worker with pid: 248
[2026-03-23 22:03:30 +0000] [245] [INFO] Started server process [245]
[2026-03-23 22:03:30 +0000] [245] [INFO] Waiting for application startup.
[2026-03-23 22:03:30 +0000] [245] [INFO] Application startup complete.
[2026-03-23 22:03:30 +0000] [248] [INFO] Started server process [248]
[2026-03-23 22:03:30 +0000] [248] [INFO] Waiting for application startup.
[2026-03-23 22:03:30 +0000] [248] [INFO] Application startup complete.
[2026-03-23 22:03:30 +0000] [251] [INFO] Booting worker with pid: 251
[2026-03-23 22:03:30 +0000] [252] [INFO] Booting worker with pid: 252
[2026-03-23 22:03:30 +0000] [253] [INFO] Booting worker with pid: 253
[2026-03-23 22:03:30 +0000] [251] [INFO] Started server process [251]
[2026-03-23 22:03:30 +0000] [251] [INFO] Waiting for application startup.
[2026-03-23 22:03:30 +0000] [251] [INFO] Application startup complete.
[2026-03-23 22:03:30 +0000] [252] [INFO] Started server process [252]
[2026-03-23 22:03:30 +0000] [252] [INFO] Waiting for application startup.
[2026-03-23 22:03:30 +0000] [252] [INFO] Application startup complete.
[2026-03-23 22:03:30 +0000] [257] [INFO] Booting worker with pid: 257
[2026-03-23 22:03:30 +0000] [253] [INFO] Started server process [253]
[2026-03-23 22:03:30 +0000] [253] [INFO] Waiting for application startup.
[2026-03-23 22:03:30 +0000] [253] [INFO] Application startup complete.
[2026-03-23 22:03:30 +0000] [258] [INFO] Booting worker with pid: 258
[2026-03-23 22:03:30 +0000] [257] [INFO] Started server process [257]
[2026-03-23 22:03:30 +0000] [257] [INFO] Waiting for application startup.
[2026-03-23 22:03:30 +0000] [257] [INFO] Application startup complete.
[2026-03-23 22:03:30 +0000] [258] [INFO] Started server process [258]
[2026-03-23 22:03:30 +0000] [258] [INFO] Waiting for application startup.
[2026-03-23 22:03:30 +0000] [258] [INFO] Application startup complete.
[2026-03-23 22:03:30 +0000] [261] [INFO] Booting worker with pid: 261
[2026-03-23 22:03:30 +0000] [262] [INFO] Booting worker with pid: 262
[2026-03-23 22:03:30 +0000] [263] [INFO] Booting worker with pid: 263
[2026-03-23 22:03:30 +0000] [261] [INFO] Started server process [261]
[2026-03-23 22:03:30 +0000] [261] [INFO] Waiting for application startup.
[2026-03-23 22:03:30 +0000] [261] [INFO] Application startup complete.
[2026-03-23 22:03:30 +0000] [262] [INFO] Started server process [262]
[2026-03-23 22:03:30 +0000] [262] [INFO] Waiting for application startup.
[2026-03-23 22:03:30 +0000] [262] [INFO] Application startup complete.
[2026-03-23 22:03:30 +0000] [263] [INFO] Started server process [263]
[2026-03-23 22:03:30 +0000] [263] [INFO] Waiting for application startup.
[2026-03-23 22:03:30 +0000] [263] [INFO] Application startup complete.
[2026-03-23 22:03:30 +0000] [267] [INFO] Booting worker with pid: 267
[2026-03-23 22:03:30 +0000] [267] [INFO] Started server process [267]
[2026-03-23 22:03:30 +0000] [267] [INFO] Waiting for application startup.
[2026-03-23 22:03:30 +0000] [267] [INFO] Application startup complete.
[2026-03-23 22:03:30 +0000] [269] [INFO] Booting worker with pid: 269
[2026-03-23 22:03:30 +0000] [270] [INFO] Booting worker with pid: 270
[2026-03-23 22:03:30 +0000] [271] [INFO] Booting worker with pid: 271
[2026-03-23 22:03:30 +0000] [269] [INFO] Started server process [269]
[2026-03-23 22:03:30 +0000] [269] [INFO] Waiting for application startup.
[2026-03-23 22:03:30 +0000] [269] [INFO] Application startup complete.
[2026-03-23 22:03:30 +0000] [274] [INFO] Booting worker with pid: 274
[2026-03-23 22:03:30 +0000] [270] [INFO] Started server process [270]
[2026-03-23 22:03:30 +0000] [270] [INFO] Waiting for application startup.
[2026-03-23 22:03:30 +0000] [270] [INFO] Application startup complete.
[2026-03-23 22:03:30 +0000] [271] [INFO] Started server process [271]
[2026-03-23 22:03:30 +0000] [271] [INFO] Waiting for application startup.
[2026-03-23 22:03:30 +0000] [271] [INFO] Application startup complete.
[2026-03-23 22:03:30 +0000] [274] [INFO] Started server process [274]
[2026-03-23 22:03:30 +0000] [274] [INFO] Waiting for application startup.
[2026-03-23 22:03:30 +0000] [274] [INFO] Application startup complete.
[2026-03-23 22:03:30 +0000] [277] [INFO] Booting worker with pid: 277
[2026-03-23 22:03:30 +0000] [277] [INFO] Started server process [277]
[2026-03-23 22:03:30 +0000] [277] [INFO] Waiting for application startup.
[2026-03-23 22:03:30 +0000] [277] [INFO] Application startup complete.
[2026-03-23 22:03:30 +0000] [279] [INFO] Booting worker with pid: 279
[2026-03-23 22:03:30 +0000] [280] [INFO] Booting worker with pid: 280
[2026-03-23 22:03:31 +0000] [279] [INFO] Started server process [279]
[2026-03-23 22:03:31 +0000] [279] [INFO] Waiting for application startup.
[2026-03-23 22:03:31 +0000] [279] [INFO] Application startup complete.
[2026-03-23 22:03:31 +0000] [280] [INFO] Started server process [280]
[2026-03-23 22:03:31 +0000] [280] [INFO] Waiting for application startup.
[2026-03-23 22:03:31 +0000] [280] [INFO] Application startup complete.
[2026-03-23 22:03:31 +0000] [283] [INFO] Booting worker with pid: 283
[2026-03-23 22:03:31 +0000] [283] [INFO] Started server process [283]
[2026-03-23 22:03:31 +0000] [283] [INFO] Waiting for application startup.
[2026-03-23 22:03:31 +0000] [283] [INFO] Application startup complete.
[2026-03-23 22:03:31 +0000] [285] [INFO] Booting worker with pid: 285
[2026-03-23 22:03:31 +0000] [286] [INFO] Booting worker with pid: 286
[2026-03-23 22:03:31 +0000] [285] [INFO] Started server process [285]
[2026-03-23 22:03:31 +0000] [285] [INFO] Waiting for application startup.
[2026-03-23 22:03:31 +0000] [285] [INFO] Application startup complete.
[2026-03-23 22:03:31 +0000] [289] [INFO] Booting worker with pid: 289
[2026-03-23 22:03:31 +0000] [286] [INFO] Started server process [286]
[2026-03-23 22:03:31 +0000] [286] [INFO] Waiting for application startup.
[2026-03-23 22:03:31 +0000] [286] [INFO] Application startup complete.
[2026-03-23 22:03:31 +0000] [290] [INFO] Booting worker with pid: 290
[2026-03-23 22:03:31 +0000] [289] [INFO] Started server process [289]
[2026-03-23 22:03:31 +0000] [289] [INFO] Waiting for application startup.
[2026-03-23 22:03:31 +0000] [289] [INFO] Application startup complete.
[2026-03-23 22:03:31 +0000] [293] [INFO] Booting worker with pid: 293
[2026-03-23 22:03:31 +0000] [290] [INFO] Started server process [290]
[2026-03-23 22:03:31 +0000] [290] [INFO] Waiting for application startup.
[2026-03-23 22:03:31 +0000] [290] [INFO] Application startup complete.
[2026-03-23 22:03:31 +0000] [293] [INFO] Started server process [293]
[2026-03-23 22:03:31 +0000] [293] [INFO] Waiting for application startup.
[2026-03-23 22:03:31 +0000] [293] [INFO] Application startup complete.
[2026-03-23 22:03:31 +0000] [295] [INFO] Booting worker with pid: 295
[2026-03-23 22:03:31 +0000] [295] [INFO] Started server process [295]
[2026-03-23 22:03:31 +0000] [295] [INFO] Waiting for application startup.
[2026-03-23 22:03:31 +0000] [295] [INFO] Application startup complete.
[2026-03-23 22:03:31 +0000] [297] [INFO] Booting worker with pid: 297
[2026-03-23 22:03:31 +0000] [297] [INFO] Started server process [297]
[2026-03-23 22:03:31 +0000] [297] [INFO] Waiting for application startup.
[2026-03-23 22:03:31 +0000] [297] [INFO] Application startup complete.
[2026-03-23 22:03:31 +0000] [299] [INFO] Booting worker with pid: 299
[2026-03-23 22:03:31 +0000] [299] [INFO] Started server process [299]
[2026-03-23 22:03:31 +0000] [299] [INFO] Waiting for application startup.
[2026-03-23 22:03:31 +0000] [299] [INFO] Application startup complete.
[2026-03-23 22:03:31 +0000] [301] [INFO] Booting worker with pid: 301
[2026-03-23 22:03:31 +0000] [303] [INFO] Booting worker with pid: 303
[2026-03-23 22:03:31 +0000] [301] [INFO] Started server process [301]
[2026-03-23 22:03:31 +0000] [301] [INFO] Waiting for application startup.
[2026-03-23 22:03:31 +0000] [301] [INFO] Application startup complete.
[2026-03-23 22:03:31 +0000] [304] [INFO] Booting worker with pid: 304
[2026-03-23 22:03:31 +0000] [303] [INFO] Started server process [303]
[2026-03-23 22:03:31 +0000] [303] [INFO] Waiting for application startup.
[2026-03-23 22:03:31 +0000] [303] [INFO] Application startup complete.
[2026-03-23 22:03:31 +0000] [304] [INFO] Started server process [304]
[2026-03-23 22:03:31 +0000] [304] [INFO] Waiting for application startup.
[2026-03-23 22:03:31 +0000] [304] [INFO] Application startup complete.
[2026-03-23 22:03:31 +0000] [307] [INFO] Booting worker with pid: 307
[2026-03-23 22:03:31 +0000] [307] [INFO] Started server process [307]
[2026-03-23 22:03:31 +0000] [307] [INFO] Waiting for application startup.
[2026-03-23 22:03:31 +0000] [307] [INFO] Application startup complete.
[2026-03-23 22:03:31 +0000] [309] [INFO] Booting worker with pid: 309
[2026-03-23 22:03:31 +0000] [310] [INFO] Booting worker with pid: 310
[2026-03-23 22:03:31 +0000] [309] [INFO] Started server process [309]
[2026-03-23 22:03:31 +0000] [309] [INFO] Waiting for application startup.
[2026-03-23 22:03:31 +0000] [309] [INFO] Application startup complete.
[2026-03-23 22:03:31 +0000] [313] [INFO] Booting worker with pid: 313
[2026-03-23 22:03:31 +0000] [310] [INFO] Started server process [310]
[2026-03-23 22:03:31 +0000] [310] [INFO] Waiting for application startup.
[2026-03-23 22:03:31 +0000] [310] [INFO] Application startup complete.
[2026-03-23 22:03:32 +0000] [313] [INFO] Started server process [313]
[2026-03-23 22:03:32 +0000] [313] [INFO] Waiting for application startup.
[2026-03-23 22:03:32 +0000] [313] [INFO] Application startup complete.
[2026-03-23 22:03:32 +0000] [315] [INFO] Booting worker with pid: 315
[2026-03-23 22:03:32 +0000] [316] [INFO] Booting worker with pid: 316
[2026-03-23 22:03:32 +0000] [315] [INFO] Started server process [315]
[2026-03-23 22:03:32 +0000] [315] [INFO] Waiting for application startup.
[2026-03-23 22:03:32 +0000] [315] [INFO] Application startup complete.
[2026-03-23 22:03:32 +0000] [316] [INFO] Started server process [316]
[2026-03-23 22:03:32 +0000] [316] [INFO] Waiting for application startup.
[2026-03-23 22:03:32 +0000] [316] [INFO] Application startup complete.
[2026-03-23 22:03:32 +0000] [319] [INFO] Booting worker with pid: 319
[2026-03-23 22:03:32 +0000] [320] [INFO] Booting worker with pid: 320
[2026-03-23 22:03:32 +0000] [319] [INFO] Started server process [319]
[2026-03-23 22:03:32 +0000] [319] [INFO] Waiting for application startup.
[2026-03-23 22:03:32 +0000] [319] [INFO] Application startup complete.
[2026-03-23 22:03:32 +0000] [322] [INFO] Booting worker with pid: 322
[2026-03-23 22:03:32 +0000] [320] [INFO] Started server process [320]
[2026-03-23 22:03:32 +0000] [320] [INFO] Waiting for application startup.
[2026-03-23 22:03:32 +0000] [320] [INFO] Application startup complete.
[2026-03-23 22:03:32 +0000] [324] [INFO] Booting worker with pid: 324
[2026-03-23 22:03:32 +0000] [325] [INFO] Booting worker with pid: 325
[2026-03-23 22:03:32 +0000] [324] [INFO] Started server process [324]
[2026-03-23 22:03:32 +0000] [324] [INFO] Waiting for application startup.
[2026-03-23 22:03:32 +0000] [324] [INFO] Application startup complete.
[2026-03-23 22:03:32 +0000] [329] [INFO] Booting worker with pid: 329
[2026-03-23 22:03:32 +0000] [325] [INFO] Started server process [325]
[2026-03-23 22:03:32 +0000] [325] [INFO] Waiting for application startup.
[2026-03-23 22:03:32 +0000] [325] [INFO] Application startup complete.
[2026-03-23 22:03:32 +0000] [322] [INFO] Started server process [322]
[2026-03-23 22:03:32 +0000] [322] [INFO] Waiting for application startup.
[2026-03-23 22:03:32 +0000] [322] [INFO] Application startup complete.
[2026-03-23 22:03:32 +0000] [330] [INFO] Booting worker with pid: 330
[2026-03-23 22:03:32 +0000] [331] [INFO] Booting worker with pid: 331
[2026-03-23 22:03:32 +0000] [329] [INFO] Started server process [329]
[2026-03-23 22:03:32 +0000] [329] [INFO] Waiting for application startup.
[2026-03-23 22:03:32 +0000] [329] [INFO] Application startup complete.
[2026-03-23 22:03:32 +0000] [333] [INFO] Booting worker with pid: 333
[2026-03-23 22:03:32 +0000] [331] [INFO] Started server process [331]
[2026-03-23 22:03:32 +0000] [331] [INFO] Waiting for application startup.
[2026-03-23 22:03:32 +0000] [331] [INFO] Application startup complete.
[2026-03-23 22:03:32 +0000] [330] [INFO] Started server process [330]
[2026-03-23 22:03:32 +0000] [330] [INFO] Waiting for application startup.
[2026-03-23 22:03:32 +0000] [330] [INFO] Application startup complete.
[2026-03-23 22:03:32 +0000] [336] [INFO] Booting worker with pid: 336
[2026-03-23 22:03:32 +0000] [333] [INFO] Started server process [333]
[2026-03-23 22:03:32 +0000] [333] [INFO] Waiting for application startup.
[2026-03-23 22:03:32 +0000] [333] [INFO] Application startup complete.
[2026-03-23 22:03:32 +0000] [338] [INFO] Booting worker with pid: 338
[2026-03-23 22:03:32 +0000] [336] [INFO] Started server process [336]
[2026-03-23 22:03:32 +0000] [336] [INFO] Waiting for application startup.
[2026-03-23 22:03:32 +0000] [336] [INFO] Application startup complete.
[2026-03-23 22:03:32 +0000] [340] [INFO] Booting worker with pid: 340
[2026-03-23 22:03:32 +0000] [341] [INFO] Booting worker with pid: 341
[2026-03-23 22:03:32 +0000] [342] [INFO] Booting worker with pid: 342
[2026-03-23 22:03:32 +0000] [343] [INFO] Booting worker with pid: 343
[2026-03-23 22:03:33 +0000] [338] [INFO] Started server process [338]
[2026-03-23 22:03:33 +0000] [338] [INFO] Waiting for application startup.
[2026-03-23 22:03:33 +0000] [338] [INFO] Application startup complete.
[2026-03-23 22:03:33 +0000] [346] [INFO] Booting worker with pid: 346
[2026-03-23 22:03:33 +0000] [340] [INFO] Started server process [340]
[2026-03-23 22:03:33 +0000] [340] [INFO] Waiting for application startup.
[2026-03-23 22:03:33 +0000] [340] [INFO] Application startup complete.
[2026-03-23 22:03:33 +0000] [341] [INFO] Started server process [341]
[2026-03-23 22:03:33 +0000] [341] [INFO] Waiting for application startup.
[2026-03-23 22:03:33 +0000] [341] [INFO] Application startup complete.
[2026-03-23 22:03:33 +0000] [348] [INFO] Booting worker with pid: 348
[2026-03-23 22:03:33 +0000] [351] [INFO] Booting worker with pid: 351
[2026-03-23 22:03:33 +0000] [342] [INFO] Started server process [342]
[2026-03-23 22:03:33 +0000] [342] [INFO] Waiting for application startup.
[2026-03-23 22:03:33 +0000] [342] [INFO] Application startup complete.
[2026-03-23 22:03:33 +0000] [343] [INFO] Started server process [343]
[2026-03-23 22:03:33 +0000] [343] [INFO] Waiting for application startup.
[2026-03-23 22:03:33 +0000] [343] [INFO] Application startup complete.
[2026-03-23 22:03:33 +0000] [352] [INFO] Booting worker with pid: 352
[2026-03-23 22:03:33 +0000] [346] [INFO] Started server process [346]
[2026-03-23 22:03:33 +0000] [346] [INFO] Waiting for application startup.
[2026-03-23 22:03:33 +0000] [346] [INFO] Application startup complete.
[2026-03-23 22:03:33 +0000] [354] [INFO] Booting worker with pid: 354
[2026-03-23 22:03:33 +0000] [355] [INFO] Booting worker with pid: 355
[2026-03-23 22:03:33 +0000] [352] [INFO] Started server process [352]
[2026-03-23 22:03:33 +0000] [352] [INFO] Waiting for application startup.
[2026-03-23 22:03:33 +0000] [352] [INFO] Application startup complete.
[2026-03-23 22:03:33 +0000] [351] [INFO] Started server process [351]
[2026-03-23 22:03:33 +0000] [351] [INFO] Waiting for application startup.
[2026-03-23 22:03:33 +0000] [351] [INFO] Application startup complete.
[2026-03-23 22:03:33 +0000] [359] [INFO] Booting worker with pid: 359
[2026-03-23 22:03:33 +0000] [348] [INFO] Started server process [348]
[2026-03-23 22:03:33 +0000] [348] [INFO] Waiting for application startup.
[2026-03-23 22:03:33 +0000] [348] [INFO] Application startup complete.
[2026-03-23 22:03:33 +0000] [360] [INFO] Booting worker with pid: 360
[2026-03-23 22:03:33 +0000] [354] [INFO] Started server process [354]
[2026-03-23 22:03:33 +0000] [354] [INFO] Waiting for application startup.
[2026-03-23 22:03:33 +0000] [354] [INFO] Application startup complete.
[2026-03-23 22:03:33 +0000] [362] [INFO] Booting worker with pid: 362
[2026-03-23 22:03:33 +0000] [363] [INFO] Booting worker with pid: 363
[2026-03-23 22:03:33 +0000] [360] [INFO] Started server process [360]
[2026-03-23 22:03:33 +0000] [360] [INFO] Waiting for application startup.
[2026-03-23 22:03:33 +0000] [360] [INFO] Application startup complete.
[2026-03-23 22:03:33 +0000] [367] [INFO] Booting worker with pid: 367
[2026-03-23 22:03:33 +0000] [355] [INFO] Started server process [355]
[2026-03-23 22:03:33 +0000] [355] [INFO] Waiting for application startup.
[2026-03-23 22:03:33 +0000] [355] [INFO] Application startup complete.
[2026-03-23 22:03:33 +0000] [368] [INFO] Booting worker with pid: 368
[2026-03-23 22:03:33 +0000] [359] [INFO] Started server process [359]
[2026-03-23 22:03:33 +0000] [359] [INFO] Waiting for application startup.
[2026-03-23 22:03:33 +0000] [359] [INFO] Application startup complete.
[2026-03-23 22:03:33 +0000] [369] [INFO] Booting worker with pid: 369
[2026-03-23 22:03:33 +0000] [362] [INFO] Started server process [362]
[2026-03-23 22:03:33 +0000] [362] [INFO] Waiting for application startup.
[2026-03-23 22:03:33 +0000] [362] [INFO] Application startup complete.
[2026-03-23 22:03:33 +0000] [372] [INFO] Booting worker with pid: 372
[2026-03-23 22:03:33 +0000] [363] [INFO] Started server process [363]
[2026-03-23 22:03:33 +0000] [363] [INFO] Waiting for application startup.
[2026-03-23 22:03:33 +0000] [363] [INFO] Application startup complete.
[2026-03-23 22:03:33 +0000] [369] [INFO] Started server process [369]
[2026-03-23 22:03:33 +0000] [369] [INFO] Waiting for application startup.
[2026-03-23 22:03:33 +0000] [369] [INFO] Application startup complete.
[2026-03-23 22:03:33 +0000] [375] [INFO] Booting worker with pid: 375
[2026-03-23 22:03:33 +0000] [367] [INFO] Started server process [367]
[2026-03-23 22:03:33 +0000] [367] [INFO] Waiting for application startup.
[2026-03-23 22:03:33 +0000] [367] [INFO] Application startup complete.
[2026-03-23 22:03:33 +0000] [368] [INFO] Started server process [368]
[2026-03-23 22:03:33 +0000] [368] [INFO] Waiting for application startup.
[2026-03-23 22:03:33 +0000] [368] [INFO] Application startup complete.
[2026-03-23 22:03:34 +0000] [377] [INFO] Booting worker with pid: 377
[2026-03-23 22:03:34 +0000] [379] [INFO] Booting worker with pid: 379
[2026-03-23 22:03:34 +0000] [372] [INFO] Started server process [372]
[2026-03-23 22:03:34 +0000] [372] [INFO] Waiting for application startup.
[2026-03-23 22:03:34 +0000] [372] [INFO] Application startup complete.
[2026-03-23 22:03:34 +0000] [381] [INFO] Booting worker with pid: 381
[2026-03-23 22:03:34 +0000] [382] [INFO] Booting worker with pid: 382
[2026-03-23 22:03:34 +0000] [375] [INFO] Started server process [375]
[2026-03-23 22:03:34 +0000] [375] [INFO] Waiting for application startup.
[2026-03-23 22:03:34 +0000] [375] [INFO] Application startup complete.
[2026-03-23 22:03:34 +0000] [384] [INFO] Booting worker with pid: 384
[2026-03-23 22:03:34 +0000] [377] [INFO] Started server process [377]
[2026-03-23 22:03:34 +0000] [377] [INFO] Waiting for application startup.
[2026-03-23 22:03:34 +0000] [377] [INFO] Application startup complete.
[2026-03-23 22:03:34 +0000] [386] [INFO] Booting worker with pid: 386
[2026-03-23 22:03:34 +0000] [379] [INFO] Started server process [379]
[2026-03-23 22:03:34 +0000] [379] [INFO] Waiting for application startup.
[2026-03-23 22:03:34 +0000] [379] [INFO] Application startup complete.
[2026-03-23 22:03:34 +0000] [387] [INFO] Booting worker with pid: 387
[2026-03-23 22:03:34 +0000] [389] [INFO] Booting worker with pid: 389
[2026-03-23 22:03:34 +0000] [384] [INFO] Started server process [384]
[2026-03-23 22:03:34 +0000] [384] [INFO] Waiting for application startup.
[2026-03-23 22:03:34 +0000] [384] [INFO] Application startup complete.
[2026-03-23 22:03:34 +0000] [392] [INFO] Booting worker with pid: 392
[2026-03-23 22:03:34 +0000] [382] [INFO] Started server process [382]
[2026-03-23 22:03:34 +0000] [382] [INFO] Waiting for application startup.
[2026-03-23 22:03:34 +0000] [382] [INFO] Application startup complete.
[2026-03-23 22:03:34 +0000] [387] [INFO] Started server process [387]
[2026-03-23 22:03:34 +0000] [387] [INFO] Waiting for application startup.
[2026-03-23 22:03:34 +0000] [387] [INFO] Application startup complete.
[2026-03-23 22:03:34 +0000] [394] [INFO] Booting worker with pid: 394
[2026-03-23 22:03:34 +0000] [381] [INFO] Started server process [381]
[2026-03-23 22:03:34 +0000] [381] [INFO] Waiting for application startup.
[2026-03-23 22:03:34 +0000] [381] [INFO] Application startup complete.
[2026-03-23 22:03:34 +0000] [396] [INFO] Booting worker with pid: 396
[2026-03-23 22:03:34 +0000] [386] [INFO] Started server process [386]
[2026-03-23 22:03:34 +0000] [386] [INFO] Waiting for application startup.
[2026-03-23 22:03:34 +0000] [386] [INFO] Application startup complete.
[2026-03-23 22:03:34 +0000] [389] [INFO] Started server process [389]
[2026-03-23 22:03:34 +0000] [389] [INFO] Waiting for application startup.
[2026-03-23 22:03:34 +0000] [389] [INFO] Application startup complete.
[2026-03-23 22:03:34 +0000] [399] [INFO] Booting worker with pid: 399
[2026-03-23 22:03:34 +0000] [394] [INFO] Started server process [394]
[2026-03-23 22:03:34 +0000] [394] [INFO] Waiting for application startup.
[2026-03-23 22:03:34 +0000] [394] [INFO] Application startup complete.
[2026-03-23 22:03:34 +0000] [400] [INFO] Booting worker with pid: 400
[2026-03-23 22:03:34 +0000] [396] [INFO] Started server process [396]
[2026-03-23 22:03:34 +0000] [396] [INFO] Waiting for application startup.
[2026-03-23 22:03:34 +0000] [396] [INFO] Application startup complete.
[2026-03-23 22:03:34 +0000] [403] [INFO] Booting worker with pid: 403
[2026-03-23 22:03:34 +0000] [392] [INFO] Started server process [392]
[2026-03-23 22:03:34 +0000] [392] [INFO] Waiting for application startup.
[2026-03-23 22:03:34 +0000] [392] [INFO] Application startup complete.
[2026-03-23 22:03:34 +0000] [404] [INFO] Booting worker with pid: 404
[2026-03-23 22:03:34 +0000] [405] [INFO] Booting worker with pid: 405
[2026-03-23 22:03:34 +0000] [399] [INFO] Started server process [399]
[2026-03-23 22:03:34 +0000] [399] [INFO] Waiting for application startup.
[2026-03-23 22:03:34 +0000] [399] [INFO] Application startup complete.
[2026-03-23 22:03:34 +0000] [400] [INFO] Started server process [400]
[2026-03-23 22:03:34 +0000] [409] [INFO] Booting worker with pid: 409
[2026-03-23 22:03:34 +0000] [400] [INFO] Waiting for application startup.
[2026-03-23 22:03:34 +0000] [400] [INFO] Application startup complete.
[2026-03-23 22:03:34 +0000] [411] [INFO] Booting worker with pid: 411
[2026-03-23 22:03:35 +0000] [403] [INFO] Started server process [403]
[2026-03-23 22:03:35 +0000] [403] [INFO] Waiting for application startup.
[2026-03-23 22:03:35 +0000] [403] [INFO] Application startup complete.
[2026-03-23 22:03:35 +0000] [404] [INFO] Started server process [404]
[2026-03-23 22:03:35 +0000] [404] [INFO] Waiting for application startup.
[2026-03-23 22:03:35 +0000] [404] [INFO] Application startup complete.
[2026-03-23 22:03:35 +0000] [412] [INFO] Booting worker with pid: 412
[2026-03-23 22:03:35 +0000] [413] [INFO] Booting worker with pid: 413
[2026-03-23 22:03:35 +0000] [411] [INFO] Started server process [411]
[2026-03-23 22:03:35 +0000] [411] [INFO] Waiting for application startup.
[2026-03-23 22:03:35 +0000] [411] [INFO] Application startup complete.
[2026-03-23 22:03:35 +0000] [416] [INFO] Booting worker with pid: 416
[2026-03-23 22:03:35 +0000] [417] [INFO] Booting worker with pid: 417
[2026-03-23 22:03:35 +0000] [418] [INFO] Booting worker with pid: 418
[2026-03-23 22:03:35 +0000] [413] [INFO] Started server process [413]
[2026-03-23 22:03:35 +0000] [413] [INFO] Waiting for application startup.
[2026-03-23 22:03:35 +0000] [413] [INFO] Application startup complete.
[2026-03-23 22:03:35 +0000] [405] [INFO] Started server process [405]
[2026-03-23 22:03:35 +0000] [405] [INFO] Waiting for application startup.
[2026-03-23 22:03:35 +0000] [405] [INFO] Application startup complete.
[2026-03-23 22:03:35 +0000] [420] [INFO] Booting worker with pid: 420
[2026-03-23 22:03:35 +0000] [412] [INFO] Started server process [412]
[2026-03-23 22:03:35 +0000] [412] [INFO] Waiting for application startup.
[2026-03-23 22:03:35 +0000] [412] [INFO] Application startup complete.
[2026-03-23 22:03:35 +0000] [409] [INFO] Started server process [409]
[2026-03-23 22:03:35 +0000] [409] [INFO] Waiting for application startup.
[2026-03-23 22:03:35 +0000] [409] [INFO] Application startup complete.
[2026-03-23 22:03:35 +0000] [423] [INFO] Booting worker with pid: 423
[2026-03-23 22:03:35 +0000] [425] [INFO] Booting worker with pid: 425
[2026-03-23 22:03:35 +0000] [427] [INFO] Booting worker with pid: 427
[2026-03-23 22:03:35 +0000] [416] [INFO] Started server process [416]
[2026-03-23 22:03:35 +0000] [416] [INFO] Waiting for application startup.
[2026-03-23 22:03:35 +0000] [416] [INFO] Application startup complete.
[2026-03-23 22:03:35 +0000] [418] [INFO] Started server process [418]
[2026-03-23 22:03:35 +0000] [418] [INFO] Waiting for application startup.
[2026-03-23 22:03:35 +0000] [418] [INFO] Application startup complete.
[2026-03-23 22:03:35 +0000] [417] [INFO] Started server process [417]
[2026-03-23 22:03:35 +0000] [417] [INFO] Waiting for application startup.
[2026-03-23 22:03:35 +0000] [430] [INFO] Booting worker with pid: 430
[2026-03-23 22:03:35 +0000] [417] [INFO] Application startup complete.
[2026-03-23 22:03:35 +0000] [420] [INFO] Started server process [420]
[2026-03-23 22:03:35 +0000] [420] [INFO] Waiting for application startup.
[2026-03-23 22:03:35 +0000] [420] [INFO] Application startup complete.
[2026-03-23 22:03:35 +0000] [427] [INFO] Started server process [427]
[2026-03-23 22:03:35 +0000] [427] [INFO] Waiting for application startup.
[2026-03-23 22:03:35 +0000] [427] [INFO] Application startup complete.
[2026-03-23 22:03:35 +0000] [432] [INFO] Booting worker with pid: 432
[2026-03-23 22:03:35 +0000] [430] [INFO] Started server process [430]
[2026-03-23 22:03:35 +0000] [430] [INFO] Waiting for application startup.
[2026-03-23 22:03:35 +0000] [430] [INFO] Application startup complete.
[2026-03-23 22:03:35 +0000] [434] [INFO] Booting worker with pid: 434
[2026-03-23 22:03:35 +0000] [425] [INFO] Started server process [425]
[2026-03-23 22:03:35 +0000] [425] [INFO] Waiting for application startup.
[2026-03-23 22:03:35 +0000] [425] [INFO] Application startup complete.
[2026-03-23 22:03:35 +0000] [437] [INFO] Booting worker with pid: 437
[2026-03-23 22:03:35 +0000] [423] [INFO] Started server process [423]
[2026-03-23 22:03:35 +0000] [423] [INFO] Waiting for application startup.
[2026-03-23 22:03:35 +0000] [423] [INFO] Application startup complete.
[2026-03-23 22:03:35 +0000] [439] [INFO] Booting worker with pid: 439
[2026-03-23 22:03:35 +0000] [432] [INFO] Started server process [432]
[2026-03-23 22:03:35 +0000] [432] [INFO] Waiting for application startup.
[2026-03-23 22:03:35 +0000] [432] [INFO] Application startup complete.
[2026-03-23 22:03:35 +0000] [434] [INFO] Started server process [434]
[2026-03-23 22:03:35 +0000] [434] [INFO] Waiting for application startup.
[2026-03-23 22:03:35 +0000] [441] [INFO] Booting worker with pid: 441
[2026-03-23 22:03:35 +0000] [434] [INFO] Application startup complete.
[2026-03-23 22:03:35 +0000] [443] [INFO] Booting worker with pid: 443
[2026-03-23 22:03:35 +0000] [437] [INFO] Started server process [437]
[2026-03-23 22:03:35 +0000] [437] [INFO] Waiting for application startup.
[2026-03-23 22:03:35 +0000] [437] [INFO] Application startup complete.
[2026-03-23 22:03:35 +0000] [444] [INFO] Booting worker with pid: 444
[2026-03-23 22:03:36 +0000] [441] [INFO] Started server process [441]
[2026-03-23 22:03:36 +0000] [441] [INFO] Waiting for application startup.
[2026-03-23 22:03:36 +0000] [441] [INFO] Application startup complete.
[2026-03-23 22:03:36 +0000] [447] [INFO] Booting worker with pid: 447
[2026-03-23 22:03:36 +0000] [444] [INFO] Started server process [444]
[2026-03-23 22:03:36 +0000] [444] [INFO] Waiting for application startup.
[2026-03-23 22:03:36 +0000] [444] [INFO] Application startup complete.
[2026-03-23 22:03:36 +0000] [449] [INFO] Booting worker with pid: 449
[2026-03-23 22:03:36 +0000] [439] [INFO] Started server process [439]
[2026-03-23 22:03:36 +0000] [439] [INFO] Waiting for application startup.
[2026-03-23 22:03:36 +0000] [439] [INFO] Application startup complete.
[2026-03-23 22:03:36 +0000] [450] [INFO] Booting worker with pid: 450
[2026-03-23 22:03:36 +0000] [451] [INFO] Booting worker with pid: 451
[2026-03-23 22:03:36 +0000] [447] [INFO] Started server process [447]
[2026-03-23 22:03:36 +0000] [447] [INFO] Waiting for application startup.
[2026-03-23 22:03:36 +0000] [447] [INFO] Application startup complete.
[2026-03-23 22:03:36 +0000] [454] [INFO] Booting worker with pid: 454
[2026-03-23 22:03:36 +0000] [443] [INFO] Started server process [443]
[2026-03-23 22:03:36 +0000] [443] [INFO] Waiting for application startup.
[2026-03-23 22:03:36 +0000] [443] [INFO] Application startup complete.
[2026-03-23 22:03:36 +0000] [456] [INFO] Booting worker with pid: 456
[2026-03-23 22:03:36 +0000] [449] [INFO] Started server process [449]
[2026-03-23 22:03:36 +0000] [449] [INFO] Waiting for application startup.
[2026-03-23 22:03:36 +0000] [449] [INFO] Application startup complete.
[2026-03-23 22:03:36 +0000] [460] [INFO] Booting worker with pid: 460
[2026-03-23 22:03:36 +0000] [451] [INFO] Started server process [451]
[2026-03-23 22:03:36 +0000] [450] [INFO] Started server process [450]
[2026-03-23 22:03:36 +0000] [450] [INFO] Waiting for application startup.
[2026-03-23 22:03:36 +0000] [454] [INFO] Started server process [454]
[2026-03-23 22:03:36 +0000] [454] [INFO] Waiting for application startup.
[2026-03-23 22:03:36 +0000] [451] [INFO] Waiting for application startup.
[2026-03-23 22:03:36 +0000] [454] [INFO] Application startup complete.
[2026-03-23 22:03:36 +0000] [451] [INFO] Application startup complete.
[2026-03-23 22:03:36 +0000] [450] [INFO] Application startup complete.
[2026-03-23 22:03:36 +0000] [461] [INFO] Booting worker with pid: 461
[2026-03-23 22:03:36 +0000] [462] [INFO] Booting worker with pid: 462
[2026-03-23 22:03:36 +0000] [464] [INFO] Booting worker with pid: 464
[2026-03-23 22:03:36 +0000] [465] [INFO] Booting worker with pid: 465
[2026-03-23 22:03:36 +0000] [456] [INFO] Started server process [456]
[2026-03-23 22:03:36 +0000] [456] [INFO] Waiting for application startup.
[2026-03-23 22:03:36 +0000] [456] [INFO] Application startup complete.
[2026-03-23 22:03:36 +0000] [466] [INFO] Booting worker with pid: 466
[2026-03-23 22:03:36 +0000] [468] [INFO] Booting worker with pid: 468
[2026-03-23 22:03:36 +0000] [469] [INFO] Booting worker with pid: 469
[2026-03-23 22:03:36 +0000] [461] [INFO] Started server process [461]
[2026-03-23 22:03:36 +0000] [461] [INFO] Waiting for application startup.
[2026-03-23 22:03:36 +0000] [461] [INFO] Application startup complete.
[2026-03-23 22:03:36 +0000] [462] [INFO] Started server process [462]
[2026-03-23 22:03:36 +0000] [462] [INFO] Waiting for application startup.
[2026-03-23 22:03:36 +0000] [462] [INFO] Application startup complete.
[2026-03-23 22:03:36 +0000] [465] [INFO] Started server process [465]
[2026-03-23 22:03:36 +0000] [465] [INFO] Waiting for application startup.
[2026-03-23 22:03:36 +0000] [465] [INFO] Application startup complete.
[2026-03-23 22:03:36 +0000] [475] [INFO] Booting worker with pid: 475
[2026-03-23 22:03:36 +0000] [468] [INFO] Started server process [468]
[2026-03-23 22:03:36 +0000] [468] [INFO] Waiting for application startup.
[2026-03-23 22:03:36 +0000] [468] [INFO] Application startup complete.
[2026-03-23 22:03:36 +0000] [460] [INFO] Started server process [460]
[2026-03-23 22:03:36 +0000] [460] [INFO] Waiting for application startup.
[2026-03-23 22:03:36 +0000] [460] [INFO] Application startup complete.
[2026-03-23 22:03:36 +0000] [476] [INFO] Booting worker with pid: 476
[2026-03-23 22:03:36 +0000] [477] [INFO] Booting worker with pid: 477
[2026-03-23 22:03:36 +0000] [464] [INFO] Started server process [464]
[2026-03-23 22:03:36 +0000] [464] [INFO] Waiting for application startup.
[2026-03-23 22:03:36 +0000] [464] [INFO] Application startup complete.
[2026-03-23 22:03:36 +0000] [478] [INFO] Booting worker with pid: 478
[2026-03-23 22:03:36 +0000] [475] [INFO] Started server process [475]
[2026-03-23 22:03:36 +0000] [475] [INFO] Waiting for application startup.
[2026-03-23 22:03:36 +0000] [475] [INFO] Application startup complete.
[2026-03-23 22:03:36 +0000] [469] [INFO] Started server process [469]
[2026-03-23 22:03:36 +0000] [469] [INFO] Waiting for application startup.
[2026-03-23 22:03:36 +0000] [469] [INFO] Application startup complete.
[2026-03-23 22:03:37 +0000] [481] [INFO] Booting worker with pid: 481
[2026-03-23 22:03:37 +0000] [477] [INFO] Started server process [477]
[2026-03-23 22:03:37 +0000] [477] [INFO] Waiting for application startup.
[2026-03-23 22:03:37 +0000] [477] [INFO] Application startup complete.
[2026-03-23 22:03:37 +0000] [484] [INFO] Booting worker with pid: 484
[2026-03-23 22:03:37 +0000] [476] [INFO] Started server process [476]
[2026-03-23 22:03:37 +0000] [476] [INFO] Waiting for application startup.
[2026-03-23 22:03:37 +0000] [476] [INFO] Application startup complete.
[2026-03-23 22:03:37 +0000] [466] [INFO] Started server process [466]
[2026-03-23 22:03:37 +0000] [466] [INFO] Waiting for application startup.
[2026-03-23 22:03:37 +0000] [466] [INFO] Application startup complete.
[2026-03-23 22:03:37 +0000] [486] [INFO] Booting worker with pid: 486
[2026-03-23 22:03:37 +0000] [487] [INFO] Booting worker with pid: 487
[2026-03-23 22:03:37 +0000] [489] [INFO] Booting worker with pid: 489
[2026-03-23 22:03:37 +0000] [492] [INFO] Booting worker with pid: 492
[2026-03-23 22:03:37 +0000] [484] [INFO] Started server process [484]
[2026-03-23 22:03:37 +0000] [484] [INFO] Waiting for application startup.
[2026-03-23 22:03:37 +0000] [484] [INFO] Application startup complete.
[2026-03-23 22:03:37 +0000] [478] [INFO] Started server process [478]
[2026-03-23 22:03:37 +0000] [478] [INFO] Waiting for application startup.
[2026-03-23 22:03:37 +0000] [478] [INFO] Application startup complete.
[2026-03-23 22:03:37 +0000] [486] [INFO] Started server process [486]
[2026-03-23 22:03:37 +0000] [486] [INFO] Waiting for application startup.
[2026-03-23 22:03:37 +0000] [486] [INFO] Application startup complete.
[2026-03-23 22:03:37 +0000] [481] [INFO] Started server process [481]
[2026-03-23 22:03:37 +0000] [481] [INFO] Waiting for application startup.
[2026-03-23 22:03:37 +0000] [481] [INFO] Application startup complete.
[2026-03-23 22:03:37 +0000] [494] [INFO] Booting worker with pid: 494
[2026-03-23 22:03:37 +0000] [496] [INFO] Booting worker with pid: 496
[2026-03-23 22:03:37 +0000] [497] [INFO] Booting worker with pid: 497
[2026-03-23 22:03:37 +0000] [487] [INFO] Started server process [487]
[2026-03-23 22:03:37 +0000] [487] [INFO] Waiting for application startup.
[2026-03-23 22:03:37 +0000] [487] [INFO] Application startup complete.
[2026-03-23 22:03:37 +0000] [499] [INFO] Booting worker with pid: 499
[2026-03-23 22:03:37 +0000] [500] [INFO] Booting worker with pid: 500
[2026-03-23 22:03:37 +0000] [489] [INFO] Started server process [489]
[2026-03-23 22:03:37 +0000] [489] [INFO] Waiting for application startup.
[2026-03-23 22:03:37 +0000] [489] [INFO] Application startup complete.
[2026-03-23 22:03:37 +0000] [497] [INFO] Started server process [497]
[2026-03-23 22:03:37 +0000] [497] [INFO] Waiting for application startup.
[2026-03-23 22:03:37 +0000] [497] [INFO] Application startup complete.
[2026-03-23 22:03:37 +0000] [503] [INFO] Booting worker with pid: 503
[2026-03-23 22:03:37 +0000] [492] [INFO] Started server process [492]
[2026-03-23 22:03:37 +0000] [492] [INFO] Waiting for application startup.
[2026-03-23 22:03:37 +0000] [492] [INFO] Application startup complete.
[2026-03-23 22:03:37 +0000] [494] [INFO] Started server process [494]
[2026-03-23 22:03:37 +0000] [494] [INFO] Waiting for application startup.
[2026-03-23 22:03:37 +0000] [494] [INFO] Application startup complete.
[2026-03-23 22:03:37 +0000] [506] [INFO] Booting worker with pid: 506
[2026-03-23 22:03:37 +0000] [496] [INFO] Started server process [496]
[2026-03-23 22:03:37 +0000] [496] [INFO] Waiting for application startup.
[2026-03-23 22:03:37 +0000] [496] [INFO] Application startup complete.
[2026-03-23 22:03:37 +0000] [500] [INFO] Started server process [500]
[2026-03-23 22:03:37 +0000] [500] [INFO] Waiting for application startup.
[2026-03-23 22:03:37 +0000] [500] [INFO] Application startup complete.
[2026-03-23 22:03:37 +0000] [508] [INFO] Booting worker with pid: 508
[2026-03-23 22:03:37 +0000] [509] [INFO] Booting worker with pid: 509
[2026-03-23 22:03:37 +0000] [499] [INFO] Started server process [499]
[2026-03-23 22:03:37 +0000] [499] [INFO] Waiting for application startup.
[2026-03-23 22:03:37 +0000] [499] [INFO] Application startup complete.
[2026-03-23 22:03:37 +0000] [503] [INFO] Started server process [503]
[2026-03-23 22:03:37 +0000] [503] [INFO] Waiting for application startup.
[2026-03-23 22:03:37 +0000] [512] [INFO] Booting worker with pid: 512
[2026-03-23 22:03:37 +0000] [503] [INFO] Application startup complete.
[2026-03-23 22:03:37 +0000] [514] [INFO] Booting worker with pid: 514
[2026-03-23 22:03:37 +0000] [506] [INFO] Started server process [506]
[2026-03-23 22:03:37 +0000] [506] [INFO] Waiting for application startup.
[2026-03-23 22:03:37 +0000] [506] [INFO] Application startup complete.
[2026-03-23 22:03:37 +0000] [508] [INFO] Started server process [508]
[2026-03-23 22:03:37 +0000] [508] [INFO] Waiting for application startup.
[2026-03-23 22:03:37 +0000] [508] [INFO] Application startup complete.
[2026-03-23 22:03:37 +0000] [509] [INFO] Started server process [509]
[2026-03-23 22:03:37 +0000] [509] [INFO] Waiting for application startup.
[2026-03-23 22:03:37 +0000] [509] [INFO] Application startup complete.
[2026-03-23 22:03:37 +0000] [514] [INFO] Started server process [514]
[2026-03-23 22:03:37 +0000] [514] [INFO] Waiting for application startup.
[2026-03-23 22:03:37 +0000] [514] [INFO] Application startup complete.
[2026-03-23 22:03:37 +0000] [512] [INFO] Started server process [512]
[2026-03-23 22:03:37 +0000] [512] [INFO] Waiting for application startup.
[2026-03-23 22:03:37 +0000] [512] [INFO] Application startup complete.
