[1] Puma starting in cluster mode...
[1] * Puma version: 6.6.1 ("Return to Forever")
[1] * Ruby version: ruby 3.4.9 (2026-03-11 revision 76cca827ab) +PRISM [x86_64-linux]
[1] *  Min threads: 4
[1] *  Max threads: 4
[1] *  Environment: development
[1] *   Master PID: 1
[1] *      Workers: 128
[1] *     Restarts: (✔) hot (✖) phased (✖) refork
[1] * Preloading application
[1] * Listening on http://0.0.0.0:8080
[1] Use Ctrl-C to stop
[1] - Worker 0 (PID: 8) booted in 0.3s, phase: 0
[1] - Worker 1 (PID: 11) booted in 0.3s, phase: 0
[1] - Worker 2 (PID: 14) booted in 0.29s, phase: 0
[1] - Worker 3 (PID: 28) booted in 0.29s, phase: 0
[1] - Worker 4 (PID: 42) booted in 0.29s, phase: 0
[1] - Worker 5 (PID: 52) booted in 0.29s, phase: 0
[1] - Worker 6 (PID: 62) booted in 0.29s, phase: 0
[1] - Worker 7 (PID: 66) booted in 0.28s, phase: 0
[1] - Worker 8 (PID: 96) booted in 0.28s, phase: 0
[1] - Worker 9 (PID: 100) booted in 0.28s, phase: 0
[1] - Worker 10 (PID: 118) booted in 0.28s, phase: 0
[1] - Worker 11 (PID: 131) booted in 0.28s, phase: 0
[1] - Worker 12 (PID: 139) booted in 0.28s, phase: 0
[1] - Worker 13 (PID: 150) booted in 0.27s, phase: 0
[1] - Worker 14 (PID: 172) booted in 0.27s, phase: 0
[1] - Worker 15 (PID: 179) booted in 0.27s, phase: 0
[1] - Worker 16 (PID: 187) booted in 0.27s, phase: 0
[1] - Worker 17 (PID: 195) booted in 0.26s, phase: 0
[1] - Worker 18 (PID: 207) booted in 0.26s, phase: 0
[1] - Worker 19 (PID: 219) booted in 0.26s, phase: 0
[1] - Worker 20 (PID: 231) booted in 0.26s, phase: 0
[1] - Worker 21 (PID: 243) booted in 0.26s, phase: 0
[1] - Worker 22 (PID: 255) booted in 0.26s, phase: 0
[1] - Worker 23 (PID: 264) booted in 0.26s, phase: 0
[1] - Worker 24 (PID: 281) booted in 0.25s, phase: 0
[1] - Worker 25 (PID: 301) booted in 0.25s, phase: 0
[1] - Worker 26 (PID: 307) booted in 0.25s, phase: 0
[1] - Worker 27 (PID: 319) booted in 0.25s, phase: 0
[1] - Worker 28 (PID: 327) booted in 0.25s, phase: 0
[1] - Worker 29 (PID: 351) booted in 0.24s, phase: 0
[1] - Worker 30 (PID: 364) booted in 0.24s, phase: 0
[1] - Worker 31 (PID: 371) booted in 0.23s, phase: 0
[1] - Worker 32 (PID: 382) booted in 0.23s, phase: 0
[1] - Worker 33 (PID: 391) booted in 0.23s, phase: 0
[1] - Worker 34 (PID: 402) booted in 0.23s, phase: 0
[1] - Worker 35 (PID: 407) booted in 0.23s, phase: 0
[1] - Worker 36 (PID: 423) booted in 0.22s, phase: 0
[1] - Worker 37 (PID: 435) booted in 0.22s, phase: 0
[1] - Worker 38 (PID: 447) booted in 0.22s, phase: 0
[1] - Worker 39 (PID: 456) booted in 0.22s, phase: 0
[1] - Worker 40 (PID: 469) booted in 0.22s, phase: 0
[1] - Worker 41 (PID: 480) booted in 0.21s, phase: 0
[1] - Worker 42 (PID: 493) booted in 0.21s, phase: 0
[1] - Worker 43 (PID: 505) booted in 0.21s, phase: 0
[1] - Worker 44 (PID: 516) booted in 0.21s, phase: 0
[1] - Worker 45 (PID: 530) booted in 0.21s, phase: 0
[1] - Worker 46 (PID: 543) booted in 0.21s, phase: 0
[1] - Worker 47 (PID: 555) booted in 0.21s, phase: 0
[1] - Worker 48 (PID: 565) booted in 0.2s, phase: 0
[1] - Worker 49 (PID: 577) booted in 0.2s, phase: 0
[1] - Worker 50 (PID: 590) booted in 0.2s, phase: 0
[1] - Worker 51 (PID: 603) booted in 0.2s, phase: 0
[1] - Worker 52 (PID: 615) booted in 0.2s, phase: 0
[1] - Worker 53 (PID: 626) booted in 0.2s, phase: 0
[1] - Worker 54 (PID: 639) booted in 0.19s, phase: 0
[1] - Worker 55 (PID: 650) booted in 0.19s, phase: 0
[1] - Worker 56 (PID: 661) booted in 0.19s, phase: 0
[1] - Worker 57 (PID: 671) booted in 0.19s, phase: 0
[1] - Worker 58 (PID: 687) booted in 0.19s, phase: 0
[1] - Worker 59 (PID: 698) booted in 0.19s, phase: 0
[1] - Worker 60 (PID: 711) booted in 0.18s, phase: 0
[1] - Worker 61 (PID: 722) booted in 0.18s, phase: 0
[1] - Worker 62 (PID: 734) booted in 0.18s, phase: 0
[1] - Worker 63 (PID: 746) booted in 0.18s, phase: 0
[1] - Worker 64 (PID: 759) booted in 0.18s, phase: 0
[1] - Worker 65 (PID: 771) booted in 0.18s, phase: 0
[1] - Worker 66 (PID: 780) booted in 0.17s, phase: 0
[1] - Worker 67 (PID: 793) booted in 0.17s, phase: 0
[1] - Worker 68 (PID: 804) booted in 0.17s, phase: 0
[1] - Worker 69 (PID: 817) booted in 0.17s, phase: 0
[1] - Worker 70 (PID: 829) booted in 0.17s, phase: 0
[1] - Worker 71 (PID: 841) booted in 0.17s, phase: 0
[1] - Worker 72 (PID: 855) booted in 0.16s, phase: 0
[1] - Worker 73 (PID: 866) booted in 0.16s, phase: 0
[1] - Worker 74 (PID: 878) booted in 0.16s, phase: 0
[1] - Worker 75 (PID: 888) booted in 0.16s, phase: 0
[1] - Worker 76 (PID: 902) booted in 0.16s, phase: 0
[1] - Worker 77 (PID: 915) booted in 0.16s, phase: 0
[1] - Worker 78 (PID: 923) booted in 0.15s, phase: 0
[1] - Worker 79 (PID: 939) booted in 0.15s, phase: 0
[1] - Worker 80 (PID: 947) booted in 0.15s, phase: 0
[1] - Worker 81 (PID: 953) booted in 0.15s, phase: 0
[1] - Worker 82 (PID: 959) booted in 0.14s, phase: 0
[1] - Worker 83 (PID: 991) booted in 0.14s, phase: 0
[1] - Worker 84 (PID: 1003) booted in 0.14s, phase: 0
[1] - Worker 85 (PID: 1012) booted in 0.13s, phase: 0
[1] - Worker 86 (PID: 1023) booted in 0.13s, phase: 0
[1] - Worker 87 (PID: 1035) booted in 0.13s, phase: 0
[1] - Worker 88 (PID: 1047) booted in 0.13s, phase: 0
[1] - Worker 89 (PID: 1058) booted in 0.13s, phase: 0
[1] - Worker 90 (PID: 1069) booted in 0.12s, phase: 0
[1] - Worker 91 (PID: 1082) booted in 0.12s, phase: 0
[1] - Worker 92 (PID: 1094) booted in 0.12s, phase: 0
[1] - Worker 93 (PID: 1104) booted in 0.12s, phase: 0
[1] - Worker 94 (PID: 1118) booted in 0.12s, phase: 0
[1] - Worker 95 (PID: 1129) booted in 0.12s, phase: 0
[1] - Worker 96 (PID: 1142) booted in 0.11s, phase: 0
[1] - Worker 97 (PID: 1151) booted in 0.11s, phase: 0
[1] - Worker 98 (PID: 1163) booted in 0.11s, phase: 0
[1] - Worker 99 (PID: 1176) booted in 0.11s, phase: 0
[1] - Worker 100 (PID: 1188) booted in 0.11s, phase: 0
[1] - Worker 101 (PID: 1202) booted in 0.11s, phase: 0
[1] - Worker 102 (PID: 1213) booted in 0.1s, phase: 0
[1] - Worker 103 (PID: 1225) booted in 0.1s, phase: 0
[1] - Worker 104 (PID: 1237) booted in 0.1s, phase: 0
[1] - Worker 105 (PID: 1248) booted in 0.1s, phase: 0
[1] - Worker 106 (PID: 1260) booted in 0.1s, phase: 0
[1] - Worker 107 (PID: 1272) booted in 0.1s, phase: 0
[1] - Worker 108 (PID: 1284) booted in 0.09s, phase: 0
[1] - Worker 109 (PID: 1299) booted in 0.09s, phase: 0
[1] - Worker 110 (PID: 1308) booted in 0.09s, phase: 0
[1] - Worker 111 (PID: 1319) booted in 0.09s, phase: 0
[1] - Worker 112 (PID: 1331) booted in 0.09s, phase: 0
[1] - Worker 113 (PID: 1343) booted in 0.09s, phase: 0
[1] - Worker 114 (PID: 1359) booted in 0.08s, phase: 0
[1] - Worker 115 (PID: 1375) booted in 0.08s, phase: 0
[1] - Worker 116 (PID: 1387) booted in 0.08s, phase: 0
[1] - Worker 117 (PID: 1395) booted in 0.08s, phase: 0
[1] - Worker 118 (PID: 1406) booted in 0.07s, phase: 0
[1] - Worker 119 (PID: 1417) booted in 0.07s, phase: 0
[1] - Worker 120 (PID: 1431) booted in 0.07s, phase: 0
[1] - Worker 121 (PID: 1442) booted in 0.07s, phase: 0
[1] - Worker 122 (PID: 1453) booted in 0.07s, phase: 0
[1] - Worker 123 (PID: 1467) booted in 0.07s, phase: 0
[1] - Worker 124 (PID: 1478) booted in 0.06s, phase: 0
[1] - Worker 125 (PID: 1491) booted in 0.06s, phase: 0
[1] - Worker 126 (PID: 1502) booted in 0.06s, phase: 0
[1] - Worker 127 (PID: 1514) booted in 0.06s, phase: 0
