[2026-03-23 22:00:30 +0000] [1] [INFO] Starting gunicorn 23.0.0
[2026-03-23 22:00:30 +0000] [1] [INFO] Listening at: http://0.0.0.0:8080 (1)
[2026-03-23 22:00:30 +0000] [1] [INFO] Using worker: uvicorn.workers.UvicornWorker
[2026-03-23 22:00:30 +0000] [7] [INFO] Booting worker with pid: 7
[2026-03-23 22:00:30 +0000] [8] [INFO] Booting worker with pid: 8
[2026-03-23 22:00:30 +0000] [7] [INFO] Started server process [7]
[2026-03-23 22:00:30 +0000] [8] [INFO] Started server process [8]
[2026-03-23 22:00:30 +0000] [7] [INFO] Waiting for application startup.
[2026-03-23 22:00:30 +0000] [8] [INFO] Waiting for application startup.
[2026-03-23 22:00:30 +0000] [7] [INFO] Application startup complete.
[2026-03-23 22:00:30 +0000] [8] [INFO] Application startup complete.
[2026-03-23 22:00:30 +0000] [11] [INFO] Booting worker with pid: 11
[2026-03-23 22:00:30 +0000] [11] [INFO] Started server process [11]
[2026-03-23 22:00:30 +0000] [11] [INFO] Waiting for application startup.
[2026-03-23 22:00:30 +0000] [11] [INFO] Application startup complete.
[2026-03-23 22:00:30 +0000] [13] [INFO] Booting worker with pid: 13
[2026-03-23 22:00:30 +0000] [13] [INFO] Started server process [13]
[2026-03-23 22:00:30 +0000] [13] [INFO] Waiting for application startup.
[2026-03-23 22:00:30 +0000] [13] [INFO] Application startup complete.
[2026-03-23 22:00:30 +0000] [15] [INFO] Booting worker with pid: 15
[2026-03-23 22:00:30 +0000] [16] [INFO] Booting worker with pid: 16
[2026-03-23 22:00:30 +0000] [17] [INFO] Booting worker with pid: 17
[2026-03-23 22:00:30 +0000] [15] [INFO] Started server process [15]
[2026-03-23 22:00:30 +0000] [15] [INFO] Waiting for application startup.
[2026-03-23 22:00:30 +0000] [15] [INFO] Application startup complete.
[2026-03-23 22:00:30 +0000] [20] [INFO] Booting worker with pid: 20
[2026-03-23 22:00:30 +0000] [16] [INFO] Started server process [16]
[2026-03-23 22:00:30 +0000] [16] [INFO] Waiting for application startup.
[2026-03-23 22:00:30 +0000] [16] [INFO] Application startup complete.
[2026-03-23 22:00:30 +0000] [17] [INFO] Started server process [17]
[2026-03-23 22:00:30 +0000] [17] [INFO] Waiting for application startup.
[2026-03-23 22:00:30 +0000] [17] [INFO] Application startup complete.
[2026-03-23 22:00:30 +0000] [20] [INFO] Started server process [20]
[2026-03-23 22:00:30 +0000] [20] [INFO] Waiting for application startup.
[2026-03-23 22:00:30 +0000] [20] [INFO] Application startup complete.
[2026-03-23 22:00:30 +0000] [23] [INFO] Booting worker with pid: 23
[2026-03-23 22:00:30 +0000] [24] [INFO] Booting worker with pid: 24
[2026-03-23 22:00:30 +0000] [23] [INFO] Started server process [23]
[2026-03-23 22:00:30 +0000] [23] [INFO] Waiting for application startup.
[2026-03-23 22:00:30 +0000] [23] [INFO] Application startup complete.
[2026-03-23 22:00:30 +0000] [24] [INFO] Started server process [24]
[2026-03-23 22:00:30 +0000] [24] [INFO] Waiting for application startup.
[2026-03-23 22:00:30 +0000] [24] [INFO] Application startup complete.
[2026-03-23 22:00:30 +0000] [27] [INFO] Booting worker with pid: 27
[2026-03-23 22:00:30 +0000] [28] [INFO] Booting worker with pid: 28
[2026-03-23 22:00:30 +0000] [27] [INFO] Started server process [27]
[2026-03-23 22:00:30 +0000] [27] [INFO] Waiting for application startup.
[2026-03-23 22:00:30 +0000] [27] [INFO] Application startup complete.
[2026-03-23 22:00:30 +0000] [28] [INFO] Started server process [28]
[2026-03-23 22:00:30 +0000] [28] [INFO] Waiting for application startup.
[2026-03-23 22:00:30 +0000] [28] [INFO] Application startup complete.
[2026-03-23 22:00:30 +0000] [31] [INFO] Booting worker with pid: 31
[2026-03-23 22:00:30 +0000] [31] [INFO] Started server process [31]
[2026-03-23 22:00:30 +0000] [31] [INFO] Waiting for application startup.
[2026-03-23 22:00:30 +0000] [31] [INFO] Application startup complete.
[2026-03-23 22:00:30 +0000] [33] [INFO] Booting worker with pid: 33
[2026-03-23 22:00:30 +0000] [33] [INFO] Started server process [33]
[2026-03-23 22:00:30 +0000] [33] [INFO] Waiting for application startup.
[2026-03-23 22:00:30 +0000] [33] [INFO] Application startup complete.
[2026-03-23 22:00:30 +0000] [35] [INFO] Booting worker with pid: 35
[2026-03-23 22:00:30 +0000] [35] [INFO] Started server process [35]
[2026-03-23 22:00:30 +0000] [35] [INFO] Waiting for application startup.
[2026-03-23 22:00:30 +0000] [35] [INFO] Application startup complete.
[2026-03-23 22:00:30 +0000] [37] [INFO] Booting worker with pid: 37
[2026-03-23 22:00:31 +0000] [37] [INFO] Started server process [37]
[2026-03-23 22:00:31 +0000] [37] [INFO] Waiting for application startup.
[2026-03-23 22:00:31 +0000] [37] [INFO] Application startup complete.
[2026-03-23 22:00:31 +0000] [39] [INFO] Booting worker with pid: 39
[2026-03-23 22:00:31 +0000] [40] [INFO] Booting worker with pid: 40
[2026-03-23 22:00:31 +0000] [39] [INFO] Started server process [39]
[2026-03-23 22:00:31 +0000] [39] [INFO] Waiting for application startup.
[2026-03-23 22:00:31 +0000] [39] [INFO] Application startup complete.
[2026-03-23 22:00:31 +0000] [40] [INFO] Started server process [40]
[2026-03-23 22:00:31 +0000] [40] [INFO] Waiting for application startup.
[2026-03-23 22:00:31 +0000] [40] [INFO] Application startup complete.
[2026-03-23 22:00:31 +0000] [43] [INFO] Booting worker with pid: 43
[2026-03-23 22:00:31 +0000] [44] [INFO] Booting worker with pid: 44
[2026-03-23 22:00:31 +0000] [43] [INFO] Started server process [43]
[2026-03-23 22:00:31 +0000] [43] [INFO] Waiting for application startup.
[2026-03-23 22:00:31 +0000] [43] [INFO] Application startup complete.
[2026-03-23 22:00:31 +0000] [44] [INFO] Started server process [44]
[2026-03-23 22:00:31 +0000] [44] [INFO] Waiting for application startup.
[2026-03-23 22:00:31 +0000] [44] [INFO] Application startup complete.
[2026-03-23 22:00:31 +0000] [47] [INFO] Booting worker with pid: 47
[2026-03-23 22:00:31 +0000] [48] [INFO] Booting worker with pid: 48
[2026-03-23 22:00:31 +0000] [47] [INFO] Started server process [47]
[2026-03-23 22:00:31 +0000] [47] [INFO] Waiting for application startup.
[2026-03-23 22:00:31 +0000] [47] [INFO] Application startup complete.
[2026-03-23 22:00:31 +0000] [50] [INFO] Booting worker with pid: 50
[2026-03-23 22:00:31 +0000] [48] [INFO] Started server process [48]
[2026-03-23 22:00:31 +0000] [48] [INFO] Waiting for application startup.
[2026-03-23 22:00:31 +0000] [48] [INFO] Application startup complete.
[2026-03-23 22:00:31 +0000] [52] [INFO] Booting worker with pid: 52
[2026-03-23 22:00:31 +0000] [53] [INFO] Booting worker with pid: 53
[2026-03-23 22:00:31 +0000] [50] [INFO] Started server process [50]
[2026-03-23 22:00:31 +0000] [50] [INFO] Waiting for application startup.
[2026-03-23 22:00:31 +0000] [50] [INFO] Application startup complete.
[2026-03-23 22:00:31 +0000] [52] [INFO] Started server process [52]
[2026-03-23 22:00:31 +0000] [52] [INFO] Waiting for application startup.
[2026-03-23 22:00:31 +0000] [52] [INFO] Application startup complete.
[2026-03-23 22:00:31 +0000] [53] [INFO] Started server process [53]
[2026-03-23 22:00:31 +0000] [53] [INFO] Waiting for application startup.
[2026-03-23 22:00:31 +0000] [53] [INFO] Application startup complete.
[2026-03-23 22:00:31 +0000] [57] [INFO] Booting worker with pid: 57
[2026-03-23 22:00:31 +0000] [58] [INFO] Booting worker with pid: 58
[2026-03-23 22:00:31 +0000] [57] [INFO] Started server process [57]
[2026-03-23 22:00:31 +0000] [57] [INFO] Waiting for application startup.
[2026-03-23 22:00:31 +0000] [57] [INFO] Application startup complete.
[2026-03-23 22:00:31 +0000] [58] [INFO] Started server process [58]
[2026-03-23 22:00:31 +0000] [58] [INFO] Waiting for application startup.
[2026-03-23 22:00:31 +0000] [58] [INFO] Application startup complete.
[2026-03-23 22:00:31 +0000] [61] [INFO] Booting worker with pid: 61
[2026-03-23 22:00:31 +0000] [61] [INFO] Started server process [61]
[2026-03-23 22:00:31 +0000] [61] [INFO] Waiting for application startup.
[2026-03-23 22:00:31 +0000] [61] [INFO] Application startup complete.
[2026-03-23 22:00:31 +0000] [63] [INFO] Booting worker with pid: 63
[2026-03-23 22:00:31 +0000] [65] [INFO] Booting worker with pid: 65
[2026-03-23 22:00:31 +0000] [63] [INFO] Started server process [63]
[2026-03-23 22:00:31 +0000] [63] [INFO] Waiting for application startup.
[2026-03-23 22:00:31 +0000] [63] [INFO] Application startup complete.
[2026-03-23 22:00:31 +0000] [65] [INFO] Started server process [65]
[2026-03-23 22:00:31 +0000] [65] [INFO] Waiting for application startup.
[2026-03-23 22:00:31 +0000] [65] [INFO] Application startup complete.
[2026-03-23 22:00:31 +0000] [67] [INFO] Booting worker with pid: 67
[2026-03-23 22:00:31 +0000] [68] [INFO] Booting worker with pid: 68
[2026-03-23 22:00:31 +0000] [69] [INFO] Booting worker with pid: 69
[2026-03-23 22:00:31 +0000] [67] [INFO] Started server process [67]
[2026-03-23 22:00:31 +0000] [67] [INFO] Waiting for application startup.
[2026-03-23 22:00:31 +0000] [67] [INFO] Application startup complete.
[2026-03-23 22:00:31 +0000] [71] [INFO] Booting worker with pid: 71
[2026-03-23 22:00:31 +0000] [68] [INFO] Started server process [68]
[2026-03-23 22:00:31 +0000] [68] [INFO] Waiting for application startup.
[2026-03-23 22:00:31 +0000] [68] [INFO] Application startup complete.
[2026-03-23 22:00:32 +0000] [69] [INFO] Started server process [69]
[2026-03-23 22:00:32 +0000] [69] [INFO] Waiting for application startup.
[2026-03-23 22:00:32 +0000] [69] [INFO] Application startup complete.
[2026-03-23 22:00:32 +0000] [71] [INFO] Started server process [71]
[2026-03-23 22:00:32 +0000] [71] [INFO] Waiting for application startup.
[2026-03-23 22:00:32 +0000] [71] [INFO] Application startup complete.
[2026-03-23 22:00:32 +0000] [75] [INFO] Booting worker with pid: 75
[2026-03-23 22:00:32 +0000] [76] [INFO] Booting worker with pid: 76
[2026-03-23 22:00:32 +0000] [75] [INFO] Started server process [75]
[2026-03-23 22:00:32 +0000] [75] [INFO] Waiting for application startup.
[2026-03-23 22:00:32 +0000] [75] [INFO] Application startup complete.
[2026-03-23 22:00:32 +0000] [76] [INFO] Started server process [76]
[2026-03-23 22:00:32 +0000] [76] [INFO] Waiting for application startup.
[2026-03-23 22:00:32 +0000] [76] [INFO] Application startup complete.
[2026-03-23 22:00:32 +0000] [79] [INFO] Booting worker with pid: 79
[2026-03-23 22:00:32 +0000] [80] [INFO] Booting worker with pid: 80
[2026-03-23 22:00:32 +0000] [82] [INFO] Booting worker with pid: 82
[2026-03-23 22:00:32 +0000] [79] [INFO] Started server process [79]
[2026-03-23 22:00:32 +0000] [79] [INFO] Waiting for application startup.
[2026-03-23 22:00:32 +0000] [79] [INFO] Application startup complete.
[2026-03-23 22:00:32 +0000] [80] [INFO] Started server process [80]
[2026-03-23 22:00:32 +0000] [80] [INFO] Waiting for application startup.
[2026-03-23 22:00:32 +0000] [80] [INFO] Application startup complete.
[2026-03-23 22:00:32 +0000] [85] [INFO] Booting worker with pid: 85
[2026-03-23 22:00:32 +0000] [86] [INFO] Booting worker with pid: 86
[2026-03-23 22:00:32 +0000] [82] [INFO] Started server process [82]
[2026-03-23 22:00:32 +0000] [82] [INFO] Waiting for application startup.
[2026-03-23 22:00:32 +0000] [82] [INFO] Application startup complete.
[2026-03-23 22:00:32 +0000] [87] [INFO] Booting worker with pid: 87
[2026-03-23 22:00:32 +0000] [85] [INFO] Started server process [85]
[2026-03-23 22:00:32 +0000] [85] [INFO] Waiting for application startup.
[2026-03-23 22:00:32 +0000] [85] [INFO] Application startup complete.
[2026-03-23 22:00:32 +0000] [86] [INFO] Started server process [86]
[2026-03-23 22:00:32 +0000] [86] [INFO] Waiting for application startup.
[2026-03-23 22:00:32 +0000] [86] [INFO] Application startup complete.
[2026-03-23 22:00:32 +0000] [87] [INFO] Started server process [87]
[2026-03-23 22:00:32 +0000] [87] [INFO] Waiting for application startup.
[2026-03-23 22:00:32 +0000] [87] [INFO] Application startup complete.
[2026-03-23 22:00:32 +0000] [91] [INFO] Booting worker with pid: 91
[2026-03-23 22:00:32 +0000] [93] [INFO] Booting worker with pid: 93
[2026-03-23 22:00:32 +0000] [91] [INFO] Started server process [91]
[2026-03-23 22:00:32 +0000] [91] [INFO] Waiting for application startup.
[2026-03-23 22:00:32 +0000] [91] [INFO] Application startup complete.
[2026-03-23 22:00:32 +0000] [94] [INFO] Booting worker with pid: 94
[2026-03-23 22:00:32 +0000] [95] [INFO] Booting worker with pid: 95
[2026-03-23 22:00:32 +0000] [93] [INFO] Started server process [93]
[2026-03-23 22:00:32 +0000] [93] [INFO] Waiting for application startup.
[2026-03-23 22:00:32 +0000] [93] [INFO] Application startup complete.
[2026-03-23 22:00:32 +0000] [94] [INFO] Started server process [94]
[2026-03-23 22:00:32 +0000] [94] [INFO] Waiting for application startup.
[2026-03-23 22:00:32 +0000] [94] [INFO] Application startup complete.
[2026-03-23 22:00:32 +0000] [95] [INFO] Started server process [95]
[2026-03-23 22:00:32 +0000] [95] [INFO] Waiting for application startup.
[2026-03-23 22:00:32 +0000] [95] [INFO] Application startup complete.
[2026-03-23 22:00:32 +0000] [99] [INFO] Booting worker with pid: 99
[2026-03-23 22:00:32 +0000] [100] [INFO] Booting worker with pid: 100
[2026-03-23 22:00:32 +0000] [99] [INFO] Started server process [99]
[2026-03-23 22:00:32 +0000] [99] [INFO] Waiting for application startup.
[2026-03-23 22:00:32 +0000] [99] [INFO] Application startup complete.
[2026-03-23 22:00:32 +0000] [103] [INFO] Booting worker with pid: 103
[2026-03-23 22:00:32 +0000] [100] [INFO] Started server process [100]
[2026-03-23 22:00:32 +0000] [100] [INFO] Waiting for application startup.
[2026-03-23 22:00:32 +0000] [100] [INFO] Application startup complete.
[2026-03-23 22:00:32 +0000] [103] [INFO] Started server process [103]
[2026-03-23 22:00:32 +0000] [103] [INFO] Waiting for application startup.
[2026-03-23 22:00:32 +0000] [103] [INFO] Application startup complete.
[2026-03-23 22:00:32 +0000] [105] [INFO] Booting worker with pid: 105
[2026-03-23 22:00:32 +0000] [106] [INFO] Booting worker with pid: 106
[2026-03-23 22:00:32 +0000] [105] [INFO] Started server process [105]
[2026-03-23 22:00:32 +0000] [105] [INFO] Waiting for application startup.
[2026-03-23 22:00:32 +0000] [105] [INFO] Application startup complete.
[2026-03-23 22:00:33 +0000] [106] [INFO] Started server process [106]
[2026-03-23 22:00:33 +0000] [106] [INFO] Waiting for application startup.
[2026-03-23 22:00:33 +0000] [106] [INFO] Application startup complete.
[2026-03-23 22:00:33 +0000] [109] [INFO] Booting worker with pid: 109
[2026-03-23 22:00:33 +0000] [110] [INFO] Booting worker with pid: 110
[2026-03-23 22:00:33 +0000] [111] [INFO] Booting worker with pid: 111
[2026-03-23 22:00:33 +0000] [109] [INFO] Started server process [109]
[2026-03-23 22:00:33 +0000] [109] [INFO] Waiting for application startup.
[2026-03-23 22:00:33 +0000] [109] [INFO] Application startup complete.
[2026-03-23 22:00:33 +0000] [110] [INFO] Started server process [110]
[2026-03-23 22:00:33 +0000] [110] [INFO] Waiting for application startup.
[2026-03-23 22:00:33 +0000] [110] [INFO] Application startup complete.
[2026-03-23 22:00:33 +0000] [111] [INFO] Started server process [111]
[2026-03-23 22:00:33 +0000] [111] [INFO] Waiting for application startup.
[2026-03-23 22:00:33 +0000] [115] [INFO] Booting worker with pid: 115
[2026-03-23 22:00:33 +0000] [111] [INFO] Application startup complete.
[2026-03-23 22:00:33 +0000] [117] [INFO] Booting worker with pid: 117
[2026-03-23 22:00:33 +0000] [115] [INFO] Started server process [115]
[2026-03-23 22:00:33 +0000] [115] [INFO] Waiting for application startup.
[2026-03-23 22:00:33 +0000] [115] [INFO] Application startup complete.
[2026-03-23 22:00:33 +0000] [118] [INFO] Booting worker with pid: 118
[2026-03-23 22:00:33 +0000] [117] [INFO] Started server process [117]
[2026-03-23 22:00:33 +0000] [117] [INFO] Waiting for application startup.
[2026-03-23 22:00:33 +0000] [117] [INFO] Application startup complete.
[2026-03-23 22:00:33 +0000] [118] [INFO] Started server process [118]
[2026-03-23 22:00:33 +0000] [118] [INFO] Waiting for application startup.
[2026-03-23 22:00:33 +0000] [118] [INFO] Application startup complete.
[2026-03-23 22:00:33 +0000] [121] [INFO] Booting worker with pid: 121
[2026-03-23 22:00:33 +0000] [122] [INFO] Booting worker with pid: 122
[2026-03-23 22:00:33 +0000] [121] [INFO] Started server process [121]
[2026-03-23 22:00:33 +0000] [121] [INFO] Waiting for application startup.
[2026-03-23 22:00:33 +0000] [121] [INFO] Application startup complete.
[2026-03-23 22:00:33 +0000] [122] [INFO] Started server process [122]
[2026-03-23 22:00:33 +0000] [122] [INFO] Waiting for application startup.
[2026-03-23 22:00:33 +0000] [122] [INFO] Application startup complete.
[2026-03-23 22:00:33 +0000] [125] [INFO] Booting worker with pid: 125
[2026-03-23 22:00:33 +0000] [126] [INFO] Booting worker with pid: 126
[2026-03-23 22:00:33 +0000] [128] [INFO] Booting worker with pid: 128
[2026-03-23 22:00:33 +0000] [125] [INFO] Started server process [125]
[2026-03-23 22:00:33 +0000] [125] [INFO] Waiting for application startup.
[2026-03-23 22:00:33 +0000] [125] [INFO] Application startup complete.
[2026-03-23 22:00:33 +0000] [129] [INFO] Booting worker with pid: 129
[2026-03-23 22:00:33 +0000] [126] [INFO] Started server process [126]
[2026-03-23 22:00:33 +0000] [126] [INFO] Waiting for application startup.
[2026-03-23 22:00:33 +0000] [126] [INFO] Application startup complete.
[2026-03-23 22:00:33 +0000] [132] [INFO] Booting worker with pid: 132
[2026-03-23 22:00:33 +0000] [128] [INFO] Started server process [128]
[2026-03-23 22:00:33 +0000] [128] [INFO] Waiting for application startup.
[2026-03-23 22:00:33 +0000] [128] [INFO] Application startup complete.
[2026-03-23 22:00:33 +0000] [129] [INFO] Started server process [129]
[2026-03-23 22:00:33 +0000] [129] [INFO] Waiting for application startup.
[2026-03-23 22:00:33 +0000] [129] [INFO] Application startup complete.
[2026-03-23 22:00:33 +0000] [134] [INFO] Booting worker with pid: 134
[2026-03-23 22:00:33 +0000] [132] [INFO] Started server process [132]
[2026-03-23 22:00:33 +0000] [132] [INFO] Waiting for application startup.
[2026-03-23 22:00:33 +0000] [132] [INFO] Application startup complete.
[2026-03-23 22:00:33 +0000] [136] [INFO] Booting worker with pid: 136
[2026-03-23 22:00:33 +0000] [134] [INFO] Started server process [134]
[2026-03-23 22:00:33 +0000] [134] [INFO] Waiting for application startup.
[2026-03-23 22:00:33 +0000] [134] [INFO] Application startup complete.
[2026-03-23 22:00:33 +0000] [138] [INFO] Booting worker with pid: 138
[2026-03-23 22:00:33 +0000] [136] [INFO] Started server process [136]
[2026-03-23 22:00:33 +0000] [136] [INFO] Waiting for application startup.
[2026-03-23 22:00:33 +0000] [136] [INFO] Application startup complete.
[2026-03-23 22:00:33 +0000] [140] [INFO] Booting worker with pid: 140
[2026-03-23 22:00:34 +0000] [142] [INFO] Booting worker with pid: 142
[2026-03-23 22:00:34 +0000] [138] [INFO] Started server process [138]
[2026-03-23 22:00:34 +0000] [138] [INFO] Waiting for application startup.
[2026-03-23 22:00:34 +0000] [138] [INFO] Application startup complete.
[2026-03-23 22:00:34 +0000] [140] [INFO] Started server process [140]
[2026-03-23 22:00:34 +0000] [140] [INFO] Waiting for application startup.
[2026-03-23 22:00:34 +0000] [140] [INFO] Application startup complete.
[2026-03-23 22:00:34 +0000] [144] [INFO] Booting worker with pid: 144
[2026-03-23 22:00:34 +0000] [142] [INFO] Started server process [142]
[2026-03-23 22:00:34 +0000] [142] [INFO] Waiting for application startup.
[2026-03-23 22:00:34 +0000] [142] [INFO] Application startup complete.
[2026-03-23 22:00:34 +0000] [146] [INFO] Booting worker with pid: 146
[2026-03-23 22:00:34 +0000] [147] [INFO] Booting worker with pid: 147
[2026-03-23 22:00:34 +0000] [148] [INFO] Booting worker with pid: 148
[2026-03-23 22:00:34 +0000] [151] [INFO] Booting worker with pid: 151
[2026-03-23 22:00:34 +0000] [147] [INFO] Started server process [147]
[2026-03-23 22:00:34 +0000] [147] [INFO] Waiting for application startup.
[2026-03-23 22:00:34 +0000] [147] [INFO] Application startup complete.
[2026-03-23 22:00:34 +0000] [146] [INFO] Started server process [146]
[2026-03-23 22:00:34 +0000] [146] [INFO] Waiting for application startup.
[2026-03-23 22:00:34 +0000] [146] [INFO] Application startup complete.
[2026-03-23 22:00:34 +0000] [148] [INFO] Started server process [148]
[2026-03-23 22:00:34 +0000] [148] [INFO] Waiting for application startup.
[2026-03-23 22:00:34 +0000] [148] [INFO] Application startup complete.
[2026-03-23 22:00:34 +0000] [154] [INFO] Booting worker with pid: 154
[2026-03-23 22:00:34 +0000] [144] [INFO] Started server process [144]
[2026-03-23 22:00:34 +0000] [144] [INFO] Waiting for application startup.
[2026-03-23 22:00:34 +0000] [144] [INFO] Application startup complete.
[2026-03-23 22:00:34 +0000] [156] [INFO] Booting worker with pid: 156
[2026-03-23 22:00:34 +0000] [151] [INFO] Started server process [151]
[2026-03-23 22:00:34 +0000] [151] [INFO] Waiting for application startup.
[2026-03-23 22:00:34 +0000] [151] [INFO] Application startup complete.
[2026-03-23 22:00:34 +0000] [154] [INFO] Started server process [154]
[2026-03-23 22:00:34 +0000] [154] [INFO] Waiting for application startup.
[2026-03-23 22:00:34 +0000] [154] [INFO] Application startup complete.
[2026-03-23 22:00:34 +0000] [158] [INFO] Booting worker with pid: 158
[2026-03-23 22:00:34 +0000] [156] [INFO] Started server process [156]
[2026-03-23 22:00:34 +0000] [156] [INFO] Waiting for application startup.
[2026-03-23 22:00:34 +0000] [156] [INFO] Application startup complete.
[2026-03-23 22:00:34 +0000] [160] [INFO] Booting worker with pid: 160
[2026-03-23 22:00:34 +0000] [161] [INFO] Booting worker with pid: 161
[2026-03-23 22:00:34 +0000] [158] [INFO] Started server process [158]
[2026-03-23 22:00:34 +0000] [158] [INFO] Waiting for application startup.
[2026-03-23 22:00:34 +0000] [158] [INFO] Application startup complete.
[2026-03-23 22:00:34 +0000] [160] [INFO] Started server process [160]
[2026-03-23 22:00:34 +0000] [160] [INFO] Waiting for application startup.
[2026-03-23 22:00:34 +0000] [160] [INFO] Application startup complete.
[2026-03-23 22:00:34 +0000] [164] [INFO] Booting worker with pid: 164
[2026-03-23 22:00:34 +0000] [161] [INFO] Started server process [161]
[2026-03-23 22:00:34 +0000] [161] [INFO] Waiting for application startup.
[2026-03-23 22:00:34 +0000] [161] [INFO] Application startup complete.
[2026-03-23 22:00:34 +0000] [166] [INFO] Booting worker with pid: 166
[2026-03-23 22:00:34 +0000] [164] [INFO] Started server process [164]
[2026-03-23 22:00:34 +0000] [164] [INFO] Waiting for application startup.
[2026-03-23 22:00:34 +0000] [164] [INFO] Application startup complete.
[2026-03-23 22:00:34 +0000] [168] [INFO] Booting worker with pid: 168
[2026-03-23 22:00:34 +0000] [166] [INFO] Started server process [166]
[2026-03-23 22:00:34 +0000] [166] [INFO] Waiting for application startup.
[2026-03-23 22:00:34 +0000] [166] [INFO] Application startup complete.
[2026-03-23 22:00:34 +0000] [170] [INFO] Booting worker with pid: 170
[2026-03-23 22:00:34 +0000] [172] [INFO] Booting worker with pid: 172
[2026-03-23 22:00:34 +0000] [168] [INFO] Started server process [168]
[2026-03-23 22:00:34 +0000] [168] [INFO] Waiting for application startup.
[2026-03-23 22:00:34 +0000] [168] [INFO] Application startup complete.
[2026-03-23 22:00:34 +0000] [173] [INFO] Booting worker with pid: 173
[2026-03-23 22:00:34 +0000] [170] [INFO] Started server process [170]
[2026-03-23 22:00:34 +0000] [170] [INFO] Waiting for application startup.
[2026-03-23 22:00:34 +0000] [170] [INFO] Application startup complete.
[2026-03-23 22:00:34 +0000] [175] [INFO] Booting worker with pid: 175
[2026-03-23 22:00:34 +0000] [172] [INFO] Started server process [172]
[2026-03-23 22:00:34 +0000] [172] [INFO] Waiting for application startup.
[2026-03-23 22:00:34 +0000] [172] [INFO] Application startup complete.
[2026-03-23 22:00:35 +0000] [173] [INFO] Started server process [173]
[2026-03-23 22:00:35 +0000] [173] [INFO] Waiting for application startup.
[2026-03-23 22:00:35 +0000] [173] [INFO] Application startup complete.
[2026-03-23 22:00:35 +0000] [178] [INFO] Booting worker with pid: 178
[2026-03-23 22:00:35 +0000] [175] [INFO] Started server process [175]
[2026-03-23 22:00:35 +0000] [175] [INFO] Waiting for application startup.
[2026-03-23 22:00:35 +0000] [175] [INFO] Application startup complete.
[2026-03-23 22:00:35 +0000] [180] [INFO] Booting worker with pid: 180
[2026-03-23 22:00:35 +0000] [178] [INFO] Started server process [178]
[2026-03-23 22:00:35 +0000] [178] [INFO] Waiting for application startup.
[2026-03-23 22:00:35 +0000] [178] [INFO] Application startup complete.
[2026-03-23 22:00:35 +0000] [183] [INFO] Booting worker with pid: 183
[2026-03-23 22:00:35 +0000] [180] [INFO] Started server process [180]
[2026-03-23 22:00:35 +0000] [180] [INFO] Waiting for application startup.
[2026-03-23 22:00:35 +0000] [180] [INFO] Application startup complete.
[2026-03-23 22:00:35 +0000] [184] [INFO] Booting worker with pid: 184
[2026-03-23 22:00:35 +0000] [185] [INFO] Booting worker with pid: 185
[2026-03-23 22:00:35 +0000] [186] [INFO] Booting worker with pid: 186
[2026-03-23 22:00:35 +0000] [188] [INFO] Booting worker with pid: 188
[2026-03-23 22:00:35 +0000] [184] [INFO] Started server process [184]
[2026-03-23 22:00:35 +0000] [184] [INFO] Waiting for application startup.
[2026-03-23 22:00:35 +0000] [184] [INFO] Application startup complete.
[2026-03-23 22:00:35 +0000] [183] [INFO] Started server process [183]
[2026-03-23 22:00:35 +0000] [183] [INFO] Waiting for application startup.
[2026-03-23 22:00:35 +0000] [183] [INFO] Application startup complete.
[2026-03-23 22:00:35 +0000] [191] [INFO] Booting worker with pid: 191
[2026-03-23 22:00:35 +0000] [185] [INFO] Started server process [185]
[2026-03-23 22:00:35 +0000] [185] [INFO] Waiting for application startup.
[2026-03-23 22:00:35 +0000] [185] [INFO] Application startup complete.
[2026-03-23 22:00:35 +0000] [186] [INFO] Started server process [186]
[2026-03-23 22:00:35 +0000] [186] [INFO] Waiting for application startup.
[2026-03-23 22:00:35 +0000] [186] [INFO] Application startup complete.
[2026-03-23 22:00:35 +0000] [188] [INFO] Started server process [188]
[2026-03-23 22:00:35 +0000] [188] [INFO] Waiting for application startup.
[2026-03-23 22:00:35 +0000] [188] [INFO] Application startup complete.
[2026-03-23 22:00:35 +0000] [194] [INFO] Booting worker with pid: 194
[2026-03-23 22:00:35 +0000] [191] [INFO] Started server process [191]
[2026-03-23 22:00:35 +0000] [191] [INFO] Waiting for application startup.
[2026-03-23 22:00:35 +0000] [191] [INFO] Application startup complete.
[2026-03-23 22:00:35 +0000] [196] [INFO] Booting worker with pid: 196
[2026-03-23 22:00:35 +0000] [197] [INFO] Booting worker with pid: 197
[2026-03-23 22:00:35 +0000] [196] [INFO] Started server process [196]
[2026-03-23 22:00:35 +0000] [196] [INFO] Waiting for application startup.
[2026-03-23 22:00:35 +0000] [196] [INFO] Application startup complete.
[2026-03-23 22:00:35 +0000] [200] [INFO] Booting worker with pid: 200
[2026-03-23 22:00:35 +0000] [194] [INFO] Started server process [194]
[2026-03-23 22:00:35 +0000] [194] [INFO] Waiting for application startup.
[2026-03-23 22:00:35 +0000] [194] [INFO] Application startup complete.
[2026-03-23 22:00:35 +0000] [201] [INFO] Booting worker with pid: 201
[2026-03-23 22:00:35 +0000] [202] [INFO] Booting worker with pid: 202
[2026-03-23 22:00:35 +0000] [200] [INFO] Started server process [200]
[2026-03-23 22:00:35 +0000] [205] [INFO] Booting worker with pid: 205
[2026-03-23 22:00:35 +0000] [200] [INFO] Waiting for application startup.
[2026-03-23 22:00:35 +0000] [200] [INFO] Application startup complete.
[2026-03-23 22:00:35 +0000] [201] [INFO] Started server process [201]
[2026-03-23 22:00:35 +0000] [201] [INFO] Waiting for application startup.
[2026-03-23 22:00:35 +0000] [201] [INFO] Application startup complete.
[2026-03-23 22:00:35 +0000] [202] [INFO] Started server process [202]
[2026-03-23 22:00:35 +0000] [202] [INFO] Waiting for application startup.
[2026-03-23 22:00:35 +0000] [202] [INFO] Application startup complete.
[2026-03-23 22:00:36 +0000] [197] [INFO] Started server process [197]
[2026-03-23 22:00:36 +0000] [197] [INFO] Waiting for application startup.
[2026-03-23 22:00:36 +0000] [197] [INFO] Application startup complete.
[2026-03-23 22:00:36 +0000] [208] [INFO] Booting worker with pid: 208
[2026-03-23 22:00:36 +0000] [205] [INFO] Started server process [205]
[2026-03-23 22:00:36 +0000] [205] [INFO] Waiting for application startup.
[2026-03-23 22:00:36 +0000] [205] [INFO] Application startup complete.
[2026-03-23 22:00:36 +0000] [211] [INFO] Booting worker with pid: 211
[2026-03-23 22:00:36 +0000] [208] [INFO] Started server process [208]
[2026-03-23 22:00:36 +0000] [208] [INFO] Waiting for application startup.
[2026-03-23 22:00:36 +0000] [208] [INFO] Application startup complete.
[2026-03-23 22:00:36 +0000] [213] [INFO] Booting worker with pid: 213
[2026-03-23 22:00:36 +0000] [211] [INFO] Started server process [211]
[2026-03-23 22:00:36 +0000] [211] [INFO] Waiting for application startup.
[2026-03-23 22:00:36 +0000] [211] [INFO] Application startup complete.
[2026-03-23 22:00:36 +0000] [213] [INFO] Started server process [213]
[2026-03-23 22:00:36 +0000] [213] [INFO] Waiting for application startup.
[2026-03-23 22:00:36 +0000] [213] [INFO] Application startup complete.
[2026-03-23 22:00:36 +0000] [215] [INFO] Booting worker with pid: 215
[2026-03-23 22:00:36 +0000] [215] [INFO] Started server process [215]
[2026-03-23 22:00:36 +0000] [215] [INFO] Waiting for application startup.
[2026-03-23 22:00:36 +0000] [215] [INFO] Application startup complete.
[2026-03-23 22:00:36 +0000] [217] [INFO] Booting worker with pid: 217
[2026-03-23 22:00:36 +0000] [217] [INFO] Started server process [217]
[2026-03-23 22:00:36 +0000] [217] [INFO] Waiting for application startup.
[2026-03-23 22:00:36 +0000] [217] [INFO] Application startup complete.
[2026-03-23 22:00:36 +0000] [219] [INFO] Booting worker with pid: 219
[2026-03-23 22:00:36 +0000] [219] [INFO] Started server process [219]
[2026-03-23 22:00:36 +0000] [219] [INFO] Waiting for application startup.
[2026-03-23 22:00:36 +0000] [219] [INFO] Application startup complete.
[2026-03-23 22:00:36 +0000] [221] [INFO] Booting worker with pid: 221
[2026-03-23 22:00:36 +0000] [222] [INFO] Booting worker with pid: 222
[2026-03-23 22:00:36 +0000] [221] [INFO] Started server process [221]
[2026-03-23 22:00:36 +0000] [221] [INFO] Waiting for application startup.
[2026-03-23 22:00:36 +0000] [221] [INFO] Application startup complete.
[2026-03-23 22:00:36 +0000] [225] [INFO] Booting worker with pid: 225
[2026-03-23 22:00:36 +0000] [222] [INFO] Started server process [222]
[2026-03-23 22:00:36 +0000] [222] [INFO] Waiting for application startup.
[2026-03-23 22:00:36 +0000] [222] [INFO] Application startup complete.
[2026-03-23 22:00:36 +0000] [225] [INFO] Started server process [225]
[2026-03-23 22:00:36 +0000] [225] [INFO] Waiting for application startup.
[2026-03-23 22:00:36 +0000] [225] [INFO] Application startup complete.
[2026-03-23 22:00:36 +0000] [227] [INFO] Booting worker with pid: 227
[2026-03-23 22:00:36 +0000] [228] [INFO] Booting worker with pid: 228
[2026-03-23 22:00:36 +0000] [227] [INFO] Started server process [227]
[2026-03-23 22:00:36 +0000] [227] [INFO] Waiting for application startup.
[2026-03-23 22:00:36 +0000] [227] [INFO] Application startup complete.
[2026-03-23 22:00:36 +0000] [230] [INFO] Booting worker with pid: 230
[2026-03-23 22:00:36 +0000] [232] [INFO] Booting worker with pid: 232
[2026-03-23 22:00:36 +0000] [228] [INFO] Started server process [228]
[2026-03-23 22:00:36 +0000] [228] [INFO] Waiting for application startup.
[2026-03-23 22:00:36 +0000] [228] [INFO] Application startup complete.
[2026-03-23 22:00:36 +0000] [230] [INFO] Started server process [230]
[2026-03-23 22:00:36 +0000] [230] [INFO] Waiting for application startup.
[2026-03-23 22:00:36 +0000] [230] [INFO] Application startup complete.
[2026-03-23 22:00:36 +0000] [232] [INFO] Started server process [232]
[2026-03-23 22:00:36 +0000] [232] [INFO] Waiting for application startup.
[2026-03-23 22:00:36 +0000] [232] [INFO] Application startup complete.
[2026-03-23 22:00:36 +0000] [235] [INFO] Booting worker with pid: 235
[2026-03-23 22:00:36 +0000] [236] [INFO] Booting worker with pid: 236
[2026-03-23 22:00:36 +0000] [237] [INFO] Booting worker with pid: 237
[2026-03-23 22:00:36 +0000] [235] [INFO] Started server process [235]
[2026-03-23 22:00:36 +0000] [235] [INFO] Waiting for application startup.
[2026-03-23 22:00:36 +0000] [235] [INFO] Application startup complete.
[2026-03-23 22:00:36 +0000] [236] [INFO] Started server process [236]
[2026-03-23 22:00:36 +0000] [236] [INFO] Waiting for application startup.
[2026-03-23 22:00:36 +0000] [236] [INFO] Application startup complete.
[2026-03-23 22:00:36 +0000] [240] [INFO] Booting worker with pid: 240
[2026-03-23 22:00:37 +0000] [237] [INFO] Started server process [237]
[2026-03-23 22:00:37 +0000] [237] [INFO] Waiting for application startup.
[2026-03-23 22:00:37 +0000] [237] [INFO] Application startup complete.
[2026-03-23 22:00:37 +0000] [240] [INFO] Started server process [240]
[2026-03-23 22:00:37 +0000] [240] [INFO] Waiting for application startup.
[2026-03-23 22:00:37 +0000] [240] [INFO] Application startup complete.
[2026-03-23 22:00:37 +0000] [243] [INFO] Booting worker with pid: 243
[2026-03-23 22:00:37 +0000] [243] [INFO] Started server process [243]
[2026-03-23 22:00:37 +0000] [243] [INFO] Waiting for application startup.
[2026-03-23 22:00:37 +0000] [243] [INFO] Application startup complete.
[2026-03-23 22:00:37 +0000] [245] [INFO] Booting worker with pid: 245
[2026-03-23 22:00:37 +0000] [246] [INFO] Booting worker with pid: 246
[2026-03-23 22:00:37 +0000] [245] [INFO] Started server process [245]
[2026-03-23 22:00:37 +0000] [245] [INFO] Waiting for application startup.
[2026-03-23 22:00:37 +0000] [245] [INFO] Application startup complete.
[2026-03-23 22:00:37 +0000] [248] [INFO] Booting worker with pid: 248
[2026-03-23 22:00:37 +0000] [246] [INFO] Started server process [246]
[2026-03-23 22:00:37 +0000] [246] [INFO] Waiting for application startup.
[2026-03-23 22:00:37 +0000] [246] [INFO] Application startup complete.
[2026-03-23 22:00:37 +0000] [250] [INFO] Booting worker with pid: 250
[2026-03-23 22:00:37 +0000] [248] [INFO] Started server process [248]
[2026-03-23 22:00:37 +0000] [248] [INFO] Waiting for application startup.
[2026-03-23 22:00:37 +0000] [248] [INFO] Application startup complete.
[2026-03-23 22:00:37 +0000] [252] [INFO] Booting worker with pid: 252
[2026-03-23 22:00:37 +0000] [250] [INFO] Started server process [250]
[2026-03-23 22:00:37 +0000] [250] [INFO] Waiting for application startup.
[2026-03-23 22:00:37 +0000] [250] [INFO] Application startup complete.
[2026-03-23 22:00:37 +0000] [252] [INFO] Started server process [252]
[2026-03-23 22:00:37 +0000] [252] [INFO] Waiting for application startup.
[2026-03-23 22:00:37 +0000] [252] [INFO] Application startup complete.
[2026-03-23 22:00:37 +0000] [255] [INFO] Booting worker with pid: 255
[2026-03-23 22:00:37 +0000] [255] [INFO] Started server process [255]
[2026-03-23 22:00:37 +0000] [255] [INFO] Waiting for application startup.
[2026-03-23 22:00:37 +0000] [255] [INFO] Application startup complete.
[2026-03-23 22:00:37 +0000] [257] [INFO] Booting worker with pid: 257
[2026-03-23 22:00:37 +0000] [258] [INFO] Booting worker with pid: 258
[2026-03-23 22:00:37 +0000] [257] [INFO] Started server process [257]
[2026-03-23 22:00:37 +0000] [257] [INFO] Waiting for application startup.
[2026-03-23 22:00:37 +0000] [257] [INFO] Application startup complete.
[2026-03-23 22:00:37 +0000] [258] [INFO] Started server process [258]
[2026-03-23 22:00:37 +0000] [258] [INFO] Waiting for application startup.
[2026-03-23 22:00:37 +0000] [258] [INFO] Application startup complete.
[2026-03-23 22:00:37 +0000] [261] [INFO] Booting worker with pid: 261
[2026-03-23 22:00:37 +0000] [261] [INFO] Started server process [261]
[2026-03-23 22:00:37 +0000] [261] [INFO] Waiting for application startup.
[2026-03-23 22:00:37 +0000] [261] [INFO] Application startup complete.
[2026-03-23 22:00:37 +0000] [263] [INFO] Booting worker with pid: 263
[2026-03-23 22:00:37 +0000] [263] [INFO] Started server process [263]
[2026-03-23 22:00:37 +0000] [263] [INFO] Waiting for application startup.
[2026-03-23 22:00:37 +0000] [263] [INFO] Application startup complete.
[2026-03-23 22:00:37 +0000] [265] [INFO] Booting worker with pid: 265
[2026-03-23 22:00:37 +0000] [267] [INFO] Booting worker with pid: 267
[2026-03-23 22:00:37 +0000] [265] [INFO] Started server process [265]
[2026-03-23 22:00:37 +0000] [265] [INFO] Waiting for application startup.
[2026-03-23 22:00:37 +0000] [265] [INFO] Application startup complete.
[2026-03-23 22:00:37 +0000] [269] [INFO] Booting worker with pid: 269
[2026-03-23 22:00:37 +0000] [267] [INFO] Started server process [267]
[2026-03-23 22:00:37 +0000] [267] [INFO] Waiting for application startup.
[2026-03-23 22:00:37 +0000] [267] [INFO] Application startup complete.
[2026-03-23 22:00:37 +0000] [270] [INFO] Booting worker with pid: 270
[2026-03-23 22:00:37 +0000] [271] [INFO] Booting worker with pid: 271
[2026-03-23 22:00:37 +0000] [269] [INFO] Started server process [269]
[2026-03-23 22:00:37 +0000] [269] [INFO] Waiting for application startup.
[2026-03-23 22:00:37 +0000] [269] [INFO] Application startup complete.
[2026-03-23 22:00:37 +0000] [270] [INFO] Started server process [270]
[2026-03-23 22:00:37 +0000] [270] [INFO] Waiting for application startup.
[2026-03-23 22:00:37 +0000] [270] [INFO] Application startup complete.
[2026-03-23 22:00:37 +0000] [275] [INFO] Booting worker with pid: 275
[2026-03-23 22:00:37 +0000] [271] [INFO] Started server process [271]
[2026-03-23 22:00:37 +0000] [271] [INFO] Waiting for application startup.
[2026-03-23 22:00:37 +0000] [271] [INFO] Application startup complete.
[2026-03-23 22:00:38 +0000] [276] [INFO] Booting worker with pid: 276
[2026-03-23 22:00:38 +0000] [275] [INFO] Started server process [275]
[2026-03-23 22:00:38 +0000] [275] [INFO] Waiting for application startup.
[2026-03-23 22:00:38 +0000] [275] [INFO] Application startup complete.
[2026-03-23 22:00:38 +0000] [276] [INFO] Started server process [276]
[2026-03-23 22:00:38 +0000] [276] [INFO] Waiting for application startup.
[2026-03-23 22:00:38 +0000] [276] [INFO] Application startup complete.
[2026-03-23 22:00:38 +0000] [279] [INFO] Booting worker with pid: 279
[2026-03-23 22:00:38 +0000] [280] [INFO] Booting worker with pid: 280
[2026-03-23 22:00:38 +0000] [279] [INFO] Started server process [279]
[2026-03-23 22:00:38 +0000] [279] [INFO] Waiting for application startup.
[2026-03-23 22:00:38 +0000] [279] [INFO] Application startup complete.
[2026-03-23 22:00:38 +0000] [280] [INFO] Started server process [280]
[2026-03-23 22:00:38 +0000] [280] [INFO] Waiting for application startup.
[2026-03-23 22:00:38 +0000] [280] [INFO] Application startup complete.
[2026-03-23 22:00:38 +0000] [283] [INFO] Booting worker with pid: 283
[2026-03-23 22:00:38 +0000] [283] [INFO] Started server process [283]
[2026-03-23 22:00:38 +0000] [283] [INFO] Waiting for application startup.
[2026-03-23 22:00:38 +0000] [283] [INFO] Application startup complete.
[2026-03-23 22:00:38 +0000] [285] [INFO] Booting worker with pid: 285
[2026-03-23 22:00:38 +0000] [285] [INFO] Started server process [285]
[2026-03-23 22:00:38 +0000] [285] [INFO] Waiting for application startup.
[2026-03-23 22:00:38 +0000] [285] [INFO] Application startup complete.
[2026-03-23 22:00:38 +0000] [287] [INFO] Booting worker with pid: 287
[2026-03-23 22:00:38 +0000] [288] [INFO] Booting worker with pid: 288
[2026-03-23 22:00:38 +0000] [289] [INFO] Booting worker with pid: 289
[2026-03-23 22:00:38 +0000] [290] [INFO] Booting worker with pid: 290
[2026-03-23 22:00:38 +0000] [287] [INFO] Started server process [287]
[2026-03-23 22:00:38 +0000] [287] [INFO] Waiting for application startup.
[2026-03-23 22:00:38 +0000] [287] [INFO] Application startup complete.
[2026-03-23 22:00:38 +0000] [288] [INFO] Started server process [288]
[2026-03-23 22:00:38 +0000] [288] [INFO] Waiting for application startup.
[2026-03-23 22:00:38 +0000] [288] [INFO] Application startup complete.
[2026-03-23 22:00:38 +0000] [293] [INFO] Booting worker with pid: 293
[2026-03-23 22:00:38 +0000] [289] [INFO] Started server process [289]
[2026-03-23 22:00:38 +0000] [289] [INFO] Waiting for application startup.
[2026-03-23 22:00:38 +0000] [289] [INFO] Application startup complete.
[2026-03-23 22:00:38 +0000] [290] [INFO] Started server process [290]
[2026-03-23 22:00:38 +0000] [290] [INFO] Waiting for application startup.
[2026-03-23 22:00:38 +0000] [290] [INFO] Application startup complete.
[2026-03-23 22:00:38 +0000] [293] [INFO] Started server process [293]
[2026-03-23 22:00:38 +0000] [293] [INFO] Waiting for application startup.
[2026-03-23 22:00:38 +0000] [293] [INFO] Application startup complete.
[2026-03-23 22:00:38 +0000] [297] [INFO] Booting worker with pid: 297
[2026-03-23 22:00:38 +0000] [298] [INFO] Booting worker with pid: 298
[2026-03-23 22:00:38 +0000] [300] [INFO] Booting worker with pid: 300
[2026-03-23 22:00:38 +0000] [297] [INFO] Started server process [297]
[2026-03-23 22:00:38 +0000] [297] [INFO] Waiting for application startup.
[2026-03-23 22:00:38 +0000] [297] [INFO] Application startup complete.
[2026-03-23 22:00:38 +0000] [302] [INFO] Booting worker with pid: 302
[2026-03-23 22:00:38 +0000] [298] [INFO] Started server process [298]
[2026-03-23 22:00:38 +0000] [298] [INFO] Waiting for application startup.
[2026-03-23 22:00:38 +0000] [298] [INFO] Application startup complete.
[2026-03-23 22:00:38 +0000] [300] [INFO] Started server process [300]
[2026-03-23 22:00:38 +0000] [300] [INFO] Waiting for application startup.
[2026-03-23 22:00:38 +0000] [300] [INFO] Application startup complete.
[2026-03-23 22:00:38 +0000] [305] [INFO] Booting worker with pid: 305
[2026-03-23 22:00:38 +0000] [302] [INFO] Started server process [302]
[2026-03-23 22:00:38 +0000] [302] [INFO] Waiting for application startup.
[2026-03-23 22:00:38 +0000] [302] [INFO] Application startup complete.
[2026-03-23 22:00:38 +0000] [306] [INFO] Booting worker with pid: 306
[2026-03-23 22:00:38 +0000] [307] [INFO] Booting worker with pid: 307
[2026-03-23 22:00:39 +0000] [310] [INFO] Booting worker with pid: 310
[2026-03-23 22:00:39 +0000] [307] [INFO] Started server process [307]
[2026-03-23 22:00:39 +0000] [307] [INFO] Waiting for application startup.
[2026-03-23 22:00:39 +0000] [307] [INFO] Application startup complete.
[2026-03-23 22:00:39 +0000] [311] [INFO] Booting worker with pid: 311
[2026-03-23 22:00:39 +0000] [305] [INFO] Started server process [305]
[2026-03-23 22:00:39 +0000] [305] [INFO] Waiting for application startup.
[2026-03-23 22:00:39 +0000] [305] [INFO] Application startup complete.
[2026-03-23 22:00:39 +0000] [306] [INFO] Started server process [306]
[2026-03-23 22:00:39 +0000] [306] [INFO] Waiting for application startup.
[2026-03-23 22:00:39 +0000] [306] [INFO] Application startup complete.
[2026-03-23 22:00:39 +0000] [313] [INFO] Booting worker with pid: 313
[2026-03-23 22:00:39 +0000] [310] [INFO] Started server process [310]
[2026-03-23 22:00:39 +0000] [310] [INFO] Waiting for application startup.
[2026-03-23 22:00:39 +0000] [310] [INFO] Application startup complete.
[2026-03-23 22:00:39 +0000] [311] [INFO] Started server process [311]
[2026-03-23 22:00:39 +0000] [311] [INFO] Waiting for application startup.
[2026-03-23 22:00:39 +0000] [311] [INFO] Application startup complete.
[2026-03-23 22:00:39 +0000] [317] [INFO] Booting worker with pid: 317
[2026-03-23 22:00:39 +0000] [313] [INFO] Started server process [313]
[2026-03-23 22:00:39 +0000] [313] [INFO] Waiting for application startup.
[2026-03-23 22:00:39 +0000] [313] [INFO] Application startup complete.
[2026-03-23 22:00:39 +0000] [318] [INFO] Booting worker with pid: 318
[2026-03-23 22:00:39 +0000] [319] [INFO] Booting worker with pid: 319
[2026-03-23 22:00:39 +0000] [317] [INFO] Started server process [317]
[2026-03-23 22:00:39 +0000] [317] [INFO] Waiting for application startup.
[2026-03-23 22:00:39 +0000] [317] [INFO] Application startup complete.
[2026-03-23 22:00:39 +0000] [322] [INFO] Booting worker with pid: 322
[2026-03-23 22:00:39 +0000] [319] [INFO] Started server process [319]
[2026-03-23 22:00:39 +0000] [319] [INFO] Waiting for application startup.
[2026-03-23 22:00:39 +0000] [319] [INFO] Application startup complete.
[2026-03-23 22:00:39 +0000] [324] [INFO] Booting worker with pid: 324
[2026-03-23 22:00:39 +0000] [318] [INFO] Started server process [318]
[2026-03-23 22:00:39 +0000] [318] [INFO] Waiting for application startup.
[2026-03-23 22:00:39 +0000] [318] [INFO] Application startup complete.
[2026-03-23 22:00:39 +0000] [326] [INFO] Booting worker with pid: 326
[2026-03-23 22:00:39 +0000] [322] [INFO] Started server process [322]
[2026-03-23 22:00:39 +0000] [322] [INFO] Waiting for application startup.
[2026-03-23 22:00:39 +0000] [322] [INFO] Application startup complete.
[2026-03-23 22:00:39 +0000] [329] [INFO] Booting worker with pid: 329
[2026-03-23 22:00:39 +0000] [324] [INFO] Started server process [324]
[2026-03-23 22:00:39 +0000] [324] [INFO] Waiting for application startup.
[2026-03-23 22:00:39 +0000] [324] [INFO] Application startup complete.
[2026-03-23 22:00:39 +0000] [326] [INFO] Started server process [326]
[2026-03-23 22:00:39 +0000] [326] [INFO] Waiting for application startup.
[2026-03-23 22:00:39 +0000] [326] [INFO] Application startup complete.
[2026-03-23 22:00:39 +0000] [330] [INFO] Booting worker with pid: 330
[2026-03-23 22:00:39 +0000] [329] [INFO] Started server process [329]
[2026-03-23 22:00:39 +0000] [329] [INFO] Waiting for application startup.
[2026-03-23 22:00:39 +0000] [329] [INFO] Application startup complete.
[2026-03-23 22:00:39 +0000] [333] [INFO] Booting worker with pid: 333
[2026-03-23 22:00:39 +0000] [330] [INFO] Started server process [330]
[2026-03-23 22:00:39 +0000] [330] [INFO] Waiting for application startup.
[2026-03-23 22:00:39 +0000] [330] [INFO] Application startup complete.
[2026-03-23 22:00:39 +0000] [333] [INFO] Started server process [333]
[2026-03-23 22:00:39 +0000] [333] [INFO] Waiting for application startup.
[2026-03-23 22:00:39 +0000] [333] [INFO] Application startup complete.
[2026-03-23 22:00:39 +0000] [335] [INFO] Booting worker with pid: 335
[2026-03-23 22:00:39 +0000] [336] [INFO] Booting worker with pid: 336
[2026-03-23 22:00:39 +0000] [337] [INFO] Booting worker with pid: 337
[2026-03-23 22:00:39 +0000] [335] [INFO] Started server process [335]
[2026-03-23 22:00:39 +0000] [335] [INFO] Waiting for application startup.
[2026-03-23 22:00:39 +0000] [335] [INFO] Application startup complete.
[2026-03-23 22:00:39 +0000] [340] [INFO] Booting worker with pid: 340
[2026-03-23 22:00:39 +0000] [336] [INFO] Started server process [336]
[2026-03-23 22:00:39 +0000] [336] [INFO] Waiting for application startup.
[2026-03-23 22:00:39 +0000] [336] [INFO] Application startup complete.
[2026-03-23 22:00:39 +0000] [337] [INFO] Started server process [337]
[2026-03-23 22:00:39 +0000] [337] [INFO] Waiting for application startup.
[2026-03-23 22:00:39 +0000] [337] [INFO] Application startup complete.
[2026-03-23 22:00:39 +0000] [342] [INFO] Booting worker with pid: 342
[2026-03-23 22:00:39 +0000] [340] [INFO] Started server process [340]
[2026-03-23 22:00:39 +0000] [340] [INFO] Waiting for application startup.
[2026-03-23 22:00:39 +0000] [340] [INFO] Application startup complete.
[2026-03-23 22:00:39 +0000] [344] [INFO] Booting worker with pid: 344
[2026-03-23 22:00:40 +0000] [342] [INFO] Started server process [342]
[2026-03-23 22:00:40 +0000] [342] [INFO] Waiting for application startup.
[2026-03-23 22:00:40 +0000] [342] [INFO] Application startup complete.
[2026-03-23 22:00:40 +0000] [344] [INFO] Started server process [344]
[2026-03-23 22:00:40 +0000] [344] [INFO] Waiting for application startup.
[2026-03-23 22:00:40 +0000] [344] [INFO] Application startup complete.
[2026-03-23 22:00:40 +0000] [347] [INFO] Booting worker with pid: 347
[2026-03-23 22:00:40 +0000] [347] [INFO] Started server process [347]
[2026-03-23 22:00:40 +0000] [347] [INFO] Waiting for application startup.
[2026-03-23 22:00:40 +0000] [347] [INFO] Application startup complete.
[2026-03-23 22:00:40 +0000] [349] [INFO] Booting worker with pid: 349
[2026-03-23 22:00:40 +0000] [350] [INFO] Booting worker with pid: 350
[2026-03-23 22:00:40 +0000] [352] [INFO] Booting worker with pid: 352
[2026-03-23 22:00:40 +0000] [349] [INFO] Started server process [349]
[2026-03-23 22:00:40 +0000] [349] [INFO] Waiting for application startup.
[2026-03-23 22:00:40 +0000] [349] [INFO] Application startup complete.
[2026-03-23 22:00:40 +0000] [350] [INFO] Started server process [350]
[2026-03-23 22:00:40 +0000] [350] [INFO] Waiting for application startup.
[2026-03-23 22:00:40 +0000] [350] [INFO] Application startup complete.
[2026-03-23 22:00:40 +0000] [355] [INFO] Booting worker with pid: 355
[2026-03-23 22:00:40 +0000] [352] [INFO] Started server process [352]
[2026-03-23 22:00:40 +0000] [352] [INFO] Waiting for application startup.
[2026-03-23 22:00:40 +0000] [352] [INFO] Application startup complete.
[2026-03-23 22:00:40 +0000] [356] [INFO] Booting worker with pid: 356
[2026-03-23 22:00:40 +0000] [357] [INFO] Booting worker with pid: 357
[2026-03-23 22:00:40 +0000] [355] [INFO] Started server process [355]
[2026-03-23 22:00:40 +0000] [355] [INFO] Waiting for application startup.
[2026-03-23 22:00:40 +0000] [355] [INFO] Application startup complete.
[2026-03-23 22:00:40 +0000] [356] [INFO] Started server process [356]
[2026-03-23 22:00:40 +0000] [356] [INFO] Waiting for application startup.
[2026-03-23 22:00:40 +0000] [356] [INFO] Application startup complete.
[2026-03-23 22:00:40 +0000] [361] [INFO] Booting worker with pid: 361
[2026-03-23 22:00:40 +0000] [357] [INFO] Started server process [357]
[2026-03-23 22:00:40 +0000] [357] [INFO] Waiting for application startup.
[2026-03-23 22:00:40 +0000] [357] [INFO] Application startup complete.
[2026-03-23 22:00:40 +0000] [363] [INFO] Booting worker with pid: 363
[2026-03-23 22:00:40 +0000] [361] [INFO] Started server process [361]
[2026-03-23 22:00:40 +0000] [361] [INFO] Waiting for application startup.
[2026-03-23 22:00:40 +0000] [361] [INFO] Application startup complete.
[2026-03-23 22:00:40 +0000] [364] [INFO] Booting worker with pid: 364
[2026-03-23 22:00:40 +0000] [365] [INFO] Booting worker with pid: 365
[2026-03-23 22:00:40 +0000] [368] [INFO] Booting worker with pid: 368
[2026-03-23 22:00:40 +0000] [363] [INFO] Started server process [363]
[2026-03-23 22:00:40 +0000] [363] [INFO] Waiting for application startup.
[2026-03-23 22:00:40 +0000] [363] [INFO] Application startup complete.
[2026-03-23 22:00:40 +0000] [364] [INFO] Started server process [364]
[2026-03-23 22:00:40 +0000] [364] [INFO] Waiting for application startup.
[2026-03-23 22:00:40 +0000] [364] [INFO] Application startup complete.
[2026-03-23 22:00:40 +0000] [365] [INFO] Started server process [365]
[2026-03-23 22:00:40 +0000] [365] [INFO] Waiting for application startup.
[2026-03-23 22:00:40 +0000] [365] [INFO] Application startup complete.
[2026-03-23 22:00:40 +0000] [370] [INFO] Booting worker with pid: 370
[2026-03-23 22:00:40 +0000] [371] [INFO] Booting worker with pid: 371
[2026-03-23 22:00:40 +0000] [368] [INFO] Started server process [368]
[2026-03-23 22:00:40 +0000] [368] [INFO] Waiting for application startup.
[2026-03-23 22:00:40 +0000] [368] [INFO] Application startup complete.
[2026-03-23 22:00:40 +0000] [370] [INFO] Started server process [370]
[2026-03-23 22:00:40 +0000] [370] [INFO] Waiting for application startup.
[2026-03-23 22:00:40 +0000] [370] [INFO] Application startup complete.
[2026-03-23 22:00:40 +0000] [375] [INFO] Booting worker with pid: 375
[2026-03-23 22:00:40 +0000] [371] [INFO] Started server process [371]
[2026-03-23 22:00:40 +0000] [371] [INFO] Waiting for application startup.
[2026-03-23 22:00:40 +0000] [371] [INFO] Application startup complete.
[2026-03-23 22:00:40 +0000] [375] [INFO] Started server process [375]
[2026-03-23 22:00:40 +0000] [375] [INFO] Waiting for application startup.
[2026-03-23 22:00:40 +0000] [375] [INFO] Application startup complete.
[2026-03-23 22:00:40 +0000] [377] [INFO] Booting worker with pid: 377
[2026-03-23 22:00:41 +0000] [378] [INFO] Booting worker with pid: 378
[2026-03-23 22:00:41 +0000] [377] [INFO] Started server process [377]
[2026-03-23 22:00:41 +0000] [377] [INFO] Waiting for application startup.
[2026-03-23 22:00:41 +0000] [377] [INFO] Application startup complete.
[2026-03-23 22:00:41 +0000] [380] [INFO] Booting worker with pid: 380
[2026-03-23 22:00:41 +0000] [378] [INFO] Started server process [378]
[2026-03-23 22:00:41 +0000] [378] [INFO] Waiting for application startup.
[2026-03-23 22:00:41 +0000] [378] [INFO] Application startup complete.
[2026-03-23 22:00:41 +0000] [382] [INFO] Booting worker with pid: 382
[2026-03-23 22:00:41 +0000] [383] [INFO] Booting worker with pid: 383
[2026-03-23 22:00:41 +0000] [384] [INFO] Booting worker with pid: 384
[2026-03-23 22:00:41 +0000] [385] [INFO] Booting worker with pid: 385
[2026-03-23 22:00:41 +0000] [380] [INFO] Started server process [380]
[2026-03-23 22:00:41 +0000] [380] [INFO] Waiting for application startup.
[2026-03-23 22:00:41 +0000] [380] [INFO] Application startup complete.
[2026-03-23 22:00:41 +0000] [383] [INFO] Started server process [383]
[2026-03-23 22:00:41 +0000] [383] [INFO] Waiting for application startup.
[2026-03-23 22:00:41 +0000] [383] [INFO] Application startup complete.
[2026-03-23 22:00:41 +0000] [388] [INFO] Booting worker with pid: 388
[2026-03-23 22:00:41 +0000] [384] [INFO] Started server process [384]
[2026-03-23 22:00:41 +0000] [384] [INFO] Waiting for application startup.
[2026-03-23 22:00:41 +0000] [384] [INFO] Application startup complete.
[2026-03-23 22:00:41 +0000] [385] [INFO] Started server process [385]
[2026-03-23 22:00:41 +0000] [385] [INFO] Waiting for application startup.
[2026-03-23 22:00:41 +0000] [385] [INFO] Application startup complete.
[2026-03-23 22:00:41 +0000] [388] [INFO] Started server process [388]
[2026-03-23 22:00:41 +0000] [388] [INFO] Waiting for application startup.
[2026-03-23 22:00:41 +0000] [388] [INFO] Application startup complete.
[2026-03-23 22:00:41 +0000] [392] [INFO] Booting worker with pid: 392
[2026-03-23 22:00:41 +0000] [393] [INFO] Booting worker with pid: 393
[2026-03-23 22:00:41 +0000] [392] [INFO] Started server process [392]
[2026-03-23 22:00:41 +0000] [392] [INFO] Waiting for application startup.
[2026-03-23 22:00:41 +0000] [392] [INFO] Application startup complete.
[2026-03-23 22:00:41 +0000] [382] [INFO] Started server process [382]
[2026-03-23 22:00:41 +0000] [382] [INFO] Waiting for application startup.
[2026-03-23 22:00:41 +0000] [382] [INFO] Application startup complete.
[2026-03-23 22:00:41 +0000] [393] [INFO] Started server process [393]
[2026-03-23 22:00:41 +0000] [393] [INFO] Waiting for application startup.
[2026-03-23 22:00:41 +0000] [393] [INFO] Application startup complete.
[2026-03-23 22:00:41 +0000] [397] [INFO] Booting worker with pid: 397
[2026-03-23 22:00:41 +0000] [398] [INFO] Booting worker with pid: 398
[2026-03-23 22:00:41 +0000] [397] [INFO] Started server process [397]
[2026-03-23 22:00:41 +0000] [397] [INFO] Waiting for application startup.
[2026-03-23 22:00:41 +0000] [397] [INFO] Application startup complete.
[2026-03-23 22:00:41 +0000] [398] [INFO] Started server process [398]
[2026-03-23 22:00:41 +0000] [398] [INFO] Waiting for application startup.
[2026-03-23 22:00:41 +0000] [398] [INFO] Application startup complete.
[2026-03-23 22:00:41 +0000] [401] [INFO] Booting worker with pid: 401
[2026-03-23 22:00:41 +0000] [402] [INFO] Booting worker with pid: 402
[2026-03-23 22:00:41 +0000] [404] [INFO] Booting worker with pid: 404
[2026-03-23 22:00:41 +0000] [401] [INFO] Started server process [401]
[2026-03-23 22:00:41 +0000] [401] [INFO] Waiting for application startup.
[2026-03-23 22:00:41 +0000] [401] [INFO] Application startup complete.
[2026-03-23 22:00:41 +0000] [406] [INFO] Booting worker with pid: 406
[2026-03-23 22:00:41 +0000] [404] [INFO] Started server process [404]
[2026-03-23 22:00:41 +0000] [404] [INFO] Waiting for application startup.
[2026-03-23 22:00:41 +0000] [404] [INFO] Application startup complete.
[2026-03-23 22:00:41 +0000] [408] [INFO] Booting worker with pid: 408
[2026-03-23 22:00:41 +0000] [402] [INFO] Started server process [402]
[2026-03-23 22:00:41 +0000] [402] [INFO] Waiting for application startup.
[2026-03-23 22:00:41 +0000] [402] [INFO] Application startup complete.
[2026-03-23 22:00:41 +0000] [406] [INFO] Started server process [406]
[2026-03-23 22:00:41 +0000] [406] [INFO] Waiting for application startup.
[2026-03-23 22:00:41 +0000] [406] [INFO] Application startup complete.
[2026-03-23 22:00:41 +0000] [410] [INFO] Booting worker with pid: 410
[2026-03-23 22:00:41 +0000] [411] [INFO] Booting worker with pid: 411
[2026-03-23 22:00:41 +0000] [408] [INFO] Started server process [408]
[2026-03-23 22:00:41 +0000] [408] [INFO] Waiting for application startup.
[2026-03-23 22:00:41 +0000] [408] [INFO] Application startup complete.
[2026-03-23 22:00:42 +0000] [413] [INFO] Booting worker with pid: 413
[2026-03-23 22:00:42 +0000] [416] [INFO] Booting worker with pid: 416
[2026-03-23 22:00:42 +0000] [410] [INFO] Started server process [410]
[2026-03-23 22:00:42 +0000] [410] [INFO] Waiting for application startup.
[2026-03-23 22:00:42 +0000] [410] [INFO] Application startup complete.
[2026-03-23 22:00:42 +0000] [411] [INFO] Started server process [411]
[2026-03-23 22:00:42 +0000] [411] [INFO] Waiting for application startup.
[2026-03-23 22:00:42 +0000] [411] [INFO] Application startup complete.
[2026-03-23 22:00:42 +0000] [413] [INFO] Started server process [413]
[2026-03-23 22:00:42 +0000] [413] [INFO] Waiting for application startup.
[2026-03-23 22:00:42 +0000] [413] [INFO] Application startup complete.
[2026-03-23 22:00:42 +0000] [419] [INFO] Booting worker with pid: 419
[2026-03-23 22:00:42 +0000] [416] [INFO] Started server process [416]
[2026-03-23 22:00:42 +0000] [416] [INFO] Waiting for application startup.
[2026-03-23 22:00:42 +0000] [416] [INFO] Application startup complete.
[2026-03-23 22:00:42 +0000] [421] [INFO] Booting worker with pid: 421
[2026-03-23 22:00:42 +0000] [419] [INFO] Started server process [419]
[2026-03-23 22:00:42 +0000] [419] [INFO] Waiting for application startup.
[2026-03-23 22:00:42 +0000] [419] [INFO] Application startup complete.
[2026-03-23 22:00:42 +0000] [421] [INFO] Started server process [421]
[2026-03-23 22:00:42 +0000] [421] [INFO] Waiting for application startup.
[2026-03-23 22:00:42 +0000] [421] [INFO] Application startup complete.
[2026-03-23 22:00:42 +0000] [423] [INFO] Booting worker with pid: 423
[2026-03-23 22:00:42 +0000] [424] [INFO] Booting worker with pid: 424
[2026-03-23 22:00:42 +0000] [425] [INFO] Booting worker with pid: 425
[2026-03-23 22:00:42 +0000] [423] [INFO] Started server process [423]
[2026-03-23 22:00:42 +0000] [423] [INFO] Waiting for application startup.
[2026-03-23 22:00:42 +0000] [423] [INFO] Application startup complete.
[2026-03-23 22:00:42 +0000] [427] [INFO] Booting worker with pid: 427
[2026-03-23 22:00:42 +0000] [425] [INFO] Started server process [425]
[2026-03-23 22:00:42 +0000] [425] [INFO] Waiting for application startup.
[2026-03-23 22:00:42 +0000] [425] [INFO] Application startup complete.
[2026-03-23 22:00:42 +0000] [429] [INFO] Booting worker with pid: 429
[2026-03-23 22:00:42 +0000] [430] [INFO] Booting worker with pid: 430
[2026-03-23 22:00:42 +0000] [429] [INFO] Started server process [429]
[2026-03-23 22:00:42 +0000] [429] [INFO] Waiting for application startup.
[2026-03-23 22:00:42 +0000] [429] [INFO] Application startup complete.
[2026-03-23 22:00:42 +0000] [432] [INFO] Booting worker with pid: 432
[2026-03-23 22:00:42 +0000] [433] [INFO] Booting worker with pid: 433
[2026-03-23 22:00:42 +0000] [435] [INFO] Booting worker with pid: 435
[2026-03-23 22:00:42 +0000] [427] [INFO] Started server process [427]
[2026-03-23 22:00:42 +0000] [427] [INFO] Waiting for application startup.
[2026-03-23 22:00:42 +0000] [427] [INFO] Application startup complete.
[2026-03-23 22:00:42 +0000] [438] [INFO] Booting worker with pid: 438
[2026-03-23 22:00:42 +0000] [432] [INFO] Started server process [432]
[2026-03-23 22:00:42 +0000] [432] [INFO] Waiting for application startup.
[2026-03-23 22:00:42 +0000] [432] [INFO] Application startup complete.
[2026-03-23 22:00:42 +0000] [440] [INFO] Booting worker with pid: 440
[2026-03-23 22:00:42 +0000] [424] [INFO] Started server process [424]
[2026-03-23 22:00:42 +0000] [424] [INFO] Waiting for application startup.
[2026-03-23 22:00:42 +0000] [424] [INFO] Application startup complete.
[2026-03-23 22:00:42 +0000] [430] [INFO] Started server process [430]
[2026-03-23 22:00:42 +0000] [430] [INFO] Waiting for application startup.
[2026-03-23 22:00:42 +0000] [430] [INFO] Application startup complete.
[2026-03-23 22:00:42 +0000] [441] [INFO] Booting worker with pid: 441
[2026-03-23 22:00:43 +0000] [442] [INFO] Booting worker with pid: 442
[2026-03-23 22:00:43 +0000] [444] [INFO] Booting worker with pid: 444
[2026-03-23 22:00:43 +0000] [440] [INFO] Started server process [440]
[2026-03-23 22:00:43 +0000] [440] [INFO] Waiting for application startup.
[2026-03-23 22:00:43 +0000] [440] [INFO] Application startup complete.
[2026-03-23 22:00:43 +0000] [446] [INFO] Booting worker with pid: 446
[2026-03-23 22:00:43 +0000] [449] [INFO] Booting worker with pid: 449
[2026-03-23 22:00:43 +0000] [442] [INFO] Started server process [442]
[2026-03-23 22:00:43 +0000] [442] [INFO] Waiting for application startup.
[2026-03-23 22:00:43 +0000] [433] [INFO] Started server process [433]
[2026-03-23 22:00:43 +0000] [433] [INFO] Waiting for application startup.
[2026-03-23 22:00:43 +0000] [433] [INFO] Application startup complete.
[2026-03-23 22:00:43 +0000] [442] [INFO] Application startup complete.
[2026-03-23 22:00:43 +0000] [441] [INFO] Started server process [441]
[2026-03-23 22:00:43 +0000] [441] [INFO] Waiting for application startup.
[2026-03-23 22:00:43 +0000] [441] [INFO] Application startup complete.
[2026-03-23 22:00:43 +0000] [451] [INFO] Booting worker with pid: 451
[2026-03-23 22:00:43 +0000] [435] [INFO] Started server process [435]
[2026-03-23 22:00:43 +0000] [435] [INFO] Waiting for application startup.
[2026-03-23 22:00:43 +0000] [435] [INFO] Application startup complete.
[2026-03-23 22:00:43 +0000] [453] [INFO] Booting worker with pid: 453
[2026-03-23 22:00:43 +0000] [438] [INFO] Started server process [438]
[2026-03-23 22:00:43 +0000] [438] [INFO] Waiting for application startup.
[2026-03-23 22:00:43 +0000] [438] [INFO] Application startup complete.
[2026-03-23 22:00:43 +0000] [446] [INFO] Started server process [446]
[2026-03-23 22:00:43 +0000] [446] [INFO] Waiting for application startup.
[2026-03-23 22:00:43 +0000] [446] [INFO] Application startup complete.
[2026-03-23 22:00:43 +0000] [455] [INFO] Booting worker with pid: 455
[2026-03-23 22:00:43 +0000] [457] [INFO] Booting worker with pid: 457
[2026-03-23 22:00:43 +0000] [444] [INFO] Started server process [444]
[2026-03-23 22:00:43 +0000] [444] [INFO] Waiting for application startup.
[2026-03-23 22:00:43 +0000] [444] [INFO] Application startup complete.
[2026-03-23 22:00:43 +0000] [451] [INFO] Started server process [451]
[2026-03-23 22:00:43 +0000] [451] [INFO] Waiting for application startup.
[2026-03-23 22:00:43 +0000] [451] [INFO] Application startup complete.
[2026-03-23 22:00:43 +0000] [449] [INFO] Started server process [449]
[2026-03-23 22:00:43 +0000] [449] [INFO] Waiting for application startup.
[2026-03-23 22:00:43 +0000] [449] [INFO] Application startup complete.
[2026-03-23 22:00:43 +0000] [453] [INFO] Started server process [453]
[2026-03-23 22:00:43 +0000] [453] [INFO] Waiting for application startup.
[2026-03-23 22:00:43 +0000] [453] [INFO] Application startup complete.
[2026-03-23 22:00:43 +0000] [455] [INFO] Started server process [455]
[2026-03-23 22:00:43 +0000] [455] [INFO] Waiting for application startup.
[2026-03-23 22:00:43 +0000] [455] [INFO] Application startup complete.
[2026-03-23 22:00:43 +0000] [462] [INFO] Booting worker with pid: 462
[2026-03-23 22:00:43 +0000] [464] [INFO] Booting worker with pid: 464
[2026-03-23 22:00:43 +0000] [457] [INFO] Started server process [457]
[2026-03-23 22:00:43 +0000] [457] [INFO] Waiting for application startup.
[2026-03-23 22:00:43 +0000] [457] [INFO] Application startup complete.
[2026-03-23 22:00:43 +0000] [462] [INFO] Started server process [462]
[2026-03-23 22:00:43 +0000] [462] [INFO] Waiting for application startup.
[2026-03-23 22:00:43 +0000] [462] [INFO] Application startup complete.
[2026-03-23 22:00:43 +0000] [464] [INFO] Started server process [464]
[2026-03-23 22:00:43 +0000] [464] [INFO] Waiting for application startup.
[2026-03-23 22:00:43 +0000] [464] [INFO] Application startup complete.
[2026-03-23 22:00:43 +0000] [467] [INFO] Booting worker with pid: 467
[2026-03-23 22:00:43 +0000] [468] [INFO] Booting worker with pid: 468
[2026-03-23 22:00:43 +0000] [467] [INFO] Started server process [467]
[2026-03-23 22:00:43 +0000] [467] [INFO] Waiting for application startup.
[2026-03-23 22:00:43 +0000] [467] [INFO] Application startup complete.
[2026-03-23 22:00:43 +0000] [468] [INFO] Started server process [468]
[2026-03-23 22:00:43 +0000] [468] [INFO] Waiting for application startup.
[2026-03-23 22:00:43 +0000] [468] [INFO] Application startup complete.
[2026-03-23 22:00:43 +0000] [471] [INFO] Booting worker with pid: 471
[2026-03-23 22:00:43 +0000] [471] [INFO] Started server process [471]
[2026-03-23 22:00:43 +0000] [471] [INFO] Waiting for application startup.
[2026-03-23 22:00:43 +0000] [471] [INFO] Application startup complete.
[2026-03-23 22:00:43 +0000] [473] [INFO] Booting worker with pid: 473
[2026-03-23 22:00:43 +0000] [473] [INFO] Started server process [473]
[2026-03-23 22:00:43 +0000] [473] [INFO] Waiting for application startup.
[2026-03-23 22:00:43 +0000] [473] [INFO] Application startup complete.
[2026-03-23 22:00:43 +0000] [475] [INFO] Booting worker with pid: 475
[2026-03-23 22:00:43 +0000] [476] [INFO] Booting worker with pid: 476
[2026-03-23 22:00:43 +0000] [475] [INFO] Started server process [475]
[2026-03-23 22:00:43 +0000] [475] [INFO] Waiting for application startup.
[2026-03-23 22:00:43 +0000] [475] [INFO] Application startup complete.
[2026-03-23 22:00:43 +0000] [476] [INFO] Started server process [476]
[2026-03-23 22:00:43 +0000] [476] [INFO] Waiting for application startup.
[2026-03-23 22:00:43 +0000] [476] [INFO] Application startup complete.
[2026-03-23 22:00:43 +0000] [479] [INFO] Booting worker with pid: 479
[2026-03-23 22:00:43 +0000] [480] [INFO] Booting worker with pid: 480
[2026-03-23 22:00:43 +0000] [481] [INFO] Booting worker with pid: 481
[2026-03-23 22:00:43 +0000] [482] [INFO] Booting worker with pid: 482
[2026-03-23 22:00:43 +0000] [479] [INFO] Started server process [479]
[2026-03-23 22:00:43 +0000] [479] [INFO] Waiting for application startup.
[2026-03-23 22:00:43 +0000] [479] [INFO] Application startup complete.
[2026-03-23 22:00:43 +0000] [480] [INFO] Started server process [480]
[2026-03-23 22:00:43 +0000] [480] [INFO] Waiting for application startup.
[2026-03-23 22:00:43 +0000] [480] [INFO] Application startup complete.
[2026-03-23 22:00:43 +0000] [487] [INFO] Booting worker with pid: 487
[2026-03-23 22:00:43 +0000] [481] [INFO] Started server process [481]
[2026-03-23 22:00:43 +0000] [481] [INFO] Waiting for application startup.
[2026-03-23 22:00:43 +0000] [481] [INFO] Application startup complete.
[2026-03-23 22:00:43 +0000] [482] [INFO] Started server process [482]
[2026-03-23 22:00:43 +0000] [482] [INFO] Waiting for application startup.
[2026-03-23 22:00:43 +0000] [482] [INFO] Application startup complete.
[2026-03-23 22:00:44 +0000] [487] [INFO] Started server process [487]
[2026-03-23 22:00:44 +0000] [487] [INFO] Waiting for application startup.
[2026-03-23 22:00:44 +0000] [487] [INFO] Application startup complete.
[2026-03-23 22:00:44 +0000] [489] [INFO] Booting worker with pid: 489
[2026-03-23 22:00:44 +0000] [489] [INFO] Started server process [489]
[2026-03-23 22:00:44 +0000] [489] [INFO] Waiting for application startup.
[2026-03-23 22:00:44 +0000] [489] [INFO] Application startup complete.
[2026-03-23 22:00:44 +0000] [491] [INFO] Booting worker with pid: 491
[2026-03-23 22:00:44 +0000] [492] [INFO] Booting worker with pid: 492
[2026-03-23 22:00:44 +0000] [491] [INFO] Started server process [491]
[2026-03-23 22:00:44 +0000] [491] [INFO] Waiting for application startup.
[2026-03-23 22:00:44 +0000] [491] [INFO] Application startup complete.
[2026-03-23 22:00:44 +0000] [492] [INFO] Started server process [492]
[2026-03-23 22:00:44 +0000] [492] [INFO] Waiting for application startup.
[2026-03-23 22:00:44 +0000] [492] [INFO] Application startup complete.
[2026-03-23 22:00:44 +0000] [495] [INFO] Booting worker with pid: 495
[2026-03-23 22:00:44 +0000] [495] [INFO] Started server process [495]
[2026-03-23 22:00:44 +0000] [495] [INFO] Waiting for application startup.
[2026-03-23 22:00:44 +0000] [495] [INFO] Application startup complete.
[2026-03-23 22:00:44 +0000] [497] [INFO] Booting worker with pid: 497
[2026-03-23 22:00:44 +0000] [497] [INFO] Started server process [497]
[2026-03-23 22:00:44 +0000] [497] [INFO] Waiting for application startup.
[2026-03-23 22:00:44 +0000] [497] [INFO] Application startup complete.
[2026-03-23 22:00:44 +0000] [499] [INFO] Booting worker with pid: 499
[2026-03-23 22:00:44 +0000] [499] [INFO] Started server process [499]
[2026-03-23 22:00:44 +0000] [499] [INFO] Waiting for application startup.
[2026-03-23 22:00:44 +0000] [499] [INFO] Application startup complete.
[2026-03-23 22:00:44 +0000] [501] [INFO] Booting worker with pid: 501
[2026-03-23 22:00:44 +0000] [501] [INFO] Started server process [501]
[2026-03-23 22:00:44 +0000] [501] [INFO] Waiting for application startup.
[2026-03-23 22:00:44 +0000] [501] [INFO] Application startup complete.
[2026-03-23 22:00:44 +0000] [503] [INFO] Booting worker with pid: 503
[2026-03-23 22:00:44 +0000] [503] [INFO] Started server process [503]
[2026-03-23 22:00:44 +0000] [503] [INFO] Waiting for application startup.
[2026-03-23 22:00:44 +0000] [503] [INFO] Application startup complete.
[2026-03-23 22:00:44 +0000] [505] [INFO] Booting worker with pid: 505
[2026-03-23 22:00:44 +0000] [506] [INFO] Booting worker with pid: 506
[2026-03-23 22:00:44 +0000] [505] [INFO] Started server process [505]
[2026-03-23 22:00:44 +0000] [505] [INFO] Waiting for application startup.
[2026-03-23 22:00:44 +0000] [505] [INFO] Application startup complete.
[2026-03-23 22:00:44 +0000] [506] [INFO] Started server process [506]
[2026-03-23 22:00:44 +0000] [506] [INFO] Waiting for application startup.
[2026-03-23 22:00:44 +0000] [506] [INFO] Application startup complete.
[2026-03-23 22:00:44 +0000] [509] [INFO] Booting worker with pid: 509
[2026-03-23 22:00:44 +0000] [510] [INFO] Booting worker with pid: 510
[2026-03-23 22:00:44 +0000] [511] [INFO] Booting worker with pid: 511
[2026-03-23 22:00:44 +0000] [509] [INFO] Started server process [509]
[2026-03-23 22:00:44 +0000] [509] [INFO] Waiting for application startup.
[2026-03-23 22:00:44 +0000] [509] [INFO] Application startup complete.
[2026-03-23 22:00:44 +0000] [510] [INFO] Started server process [510]
[2026-03-23 22:00:44 +0000] [510] [INFO] Waiting for application startup.
[2026-03-23 22:00:44 +0000] [510] [INFO] Application startup complete.
[2026-03-23 22:00:44 +0000] [511] [INFO] Started server process [511]
[2026-03-23 22:00:44 +0000] [511] [INFO] Waiting for application startup.
[2026-03-23 22:00:44 +0000] [511] [INFO] Application startup complete.
[2026-03-23 22:00:44 +0000] [515] [INFO] Booting worker with pid: 515
[2026-03-23 22:00:44 +0000] [515] [INFO] Started server process [515]
[2026-03-23 22:00:44 +0000] [515] [INFO] Waiting for application startup.
[2026-03-23 22:00:44 +0000] [515] [INFO] Application startup complete.
[2026-03-23 22:00:44 +0000] [517] [INFO] Booting worker with pid: 517
[2026-03-23 22:00:44 +0000] [517] [INFO] Started server process [517]
[2026-03-23 22:00:44 +0000] [517] [INFO] Waiting for application startup.
[2026-03-23 22:00:44 +0000] [517] [INFO] Application startup complete.
