[1] Puma starting in cluster mode...
[1] * Puma version: 6.6.1 ("Return to Forever")
[1] * Ruby version: ruby 3.4.9 (2026-03-11 revision 76cca827ab) +PRISM [x86_64-linux]
[1] *  Min threads: 4
[1] *  Max threads: 4
[1] *  Environment: development
[1] *   Master PID: 1
[1] *      Workers: 128
[1] *     Restarts: (✔) hot (✖) phased (✖) refork
[1] * Preloading application
[1] * Listening on http://0.0.0.0:8080
[1] Use Ctrl-C to stop
[1] - Worker 0 (PID: 8) booted in 0.31s, phase: 0
[1] - Worker 1 (PID: 11) booted in 0.31s, phase: 0
[1] - Worker 2 (PID: 15) booted in 0.31s, phase: 0
[1] - Worker 3 (PID: 23) booted in 0.31s, phase: 0
[1] - Worker 4 (PID: 40) booted in 0.3s, phase: 0
[1] - Worker 5 (PID: 51) booted in 0.3s, phase: 0
[1] - Worker 6 (PID: 67) booted in 0.3s, phase: 0
[1] - Worker 7 (PID: 79) booted in 0.29s, phase: 0
[1] - Worker 8 (PID: 100) booted in 0.29s, phase: 0
[1] - Worker 9 (PID: 106) booted in 0.29s, phase: 0
[1] - Worker 10 (PID: 115) booted in 0.29s, phase: 0
[1] - Worker 11 (PID: 132) booted in 0.29s, phase: 0
[1] - Worker 12 (PID: 139) booted in 0.29s, phase: 0
[1] - Worker 13 (PID: 151) booted in 0.28s, phase: 0
[1] - Worker 14 (PID: 176) booted in 0.28s, phase: 0
[1] - Worker 15 (PID: 179) booted in 0.28s, phase: 0
[1] - Worker 16 (PID: 187) booted in 0.27s, phase: 0
[1] - Worker 17 (PID: 195) booted in 0.27s, phase: 0
[1] - Worker 18 (PID: 207) booted in 0.27s, phase: 0
[1] - Worker 19 (PID: 220) booted in 0.27s, phase: 0
[1] - Worker 20 (PID: 235) booted in 0.27s, phase: 0
[1] - Worker 21 (PID: 247) booted in 0.27s, phase: 0
[1] - Worker 22 (PID: 255) booted in 0.27s, phase: 0
[1] - Worker 23 (PID: 267) booted in 0.26s, phase: 0
[1] - Worker 24 (PID: 279) booted in 0.26s, phase: 0
[1] - Worker 25 (PID: 291) booted in 0.26s, phase: 0
[1] - Worker 26 (PID: 303) booted in 0.26s, phase: 0
[1] - Worker 27 (PID: 315) booted in 0.26s, phase: 0
[1] - Worker 28 (PID: 327) booted in 0.26s, phase: 0
[1] - Worker 29 (PID: 351) booted in 0.25s, phase: 0
[1] - Worker 30 (PID: 364) booted in 0.25s, phase: 0
[1] - Worker 31 (PID: 367) booted in 0.25s, phase: 0
[1] - Worker 32 (PID: 376) booted in 0.25s, phase: 0
[1] - Worker 33 (PID: 383) booted in 0.25s, phase: 0
[1] - Worker 34 (PID: 396) booted in 0.25s, phase: 0
[1] - Worker 35 (PID: 405) booted in 0.24s, phase: 0
[1] - Worker 36 (PID: 420) booted in 0.24s, phase: 0
[1] - Worker 37 (PID: 434) booted in 0.24s, phase: 0
[1] - Worker 38 (PID: 444) booted in 0.24s, phase: 0
[1] - Worker 39 (PID: 458) booted in 0.24s, phase: 0
[1] - Worker 40 (PID: 469) booted in 0.23s, phase: 0
[1] - Worker 41 (PID: 482) booted in 0.23s, phase: 0
[1] - Worker 42 (PID: 494) booted in 0.23s, phase: 0
[1] - Worker 43 (PID: 507) booted in 0.23s, phase: 0
[1] - Worker 44 (PID: 515) booted in 0.23s, phase: 0
[1] - Worker 45 (PID: 528) booted in 0.23s, phase: 0
[1] - Worker 46 (PID: 548) booted in 0.22s, phase: 0
[1] - Worker 47 (PID: 559) booted in 0.22s, phase: 0
[1] - Worker 48 (PID: 571) booted in 0.22s, phase: 0
[1] - Worker 49 (PID: 578) booted in 0.22s, phase: 0
[1] - Worker 50 (PID: 589) booted in 0.22s, phase: 0
[1] - Worker 51 (PID: 608) booted in 0.21s, phase: 0
[1] - Worker 52 (PID: 624) booted in 0.21s, phase: 0
[1] - Worker 53 (PID: 631) booted in 0.21s, phase: 0
[1] - Worker 54 (PID: 640) booted in 0.21s, phase: 0
[1] - Worker 55 (PID: 648) booted in 0.2s, phase: 0
[1] - Worker 56 (PID: 663) booted in 0.2s, phase: 0
[1] - Worker 57 (PID: 673) booted in 0.2s, phase: 0
[1] - Worker 58 (PID: 684) booted in 0.2s, phase: 0
[1] - Worker 59 (PID: 695) booted in 0.2s, phase: 0
[1] - Worker 60 (PID: 710) booted in 0.2s, phase: 0
[1] - Worker 61 (PID: 723) booted in 0.19s, phase: 0
[1] - Worker 62 (PID: 733) booted in 0.19s, phase: 0
[1] - Worker 63 (PID: 744) booted in 0.19s, phase: 0
[1] - Worker 64 (PID: 758) booted in 0.19s, phase: 0
[1] - Worker 65 (PID: 768) booted in 0.19s, phase: 0
[1] - Worker 66 (PID: 779) booted in 0.19s, phase: 0
[1] - Worker 67 (PID: 794) booted in 0.18s, phase: 0
[1] - Worker 68 (PID: 805) booted in 0.18s, phase: 0
[1] - Worker 69 (PID: 823) booted in 0.18s, phase: 0
[1] - Worker 70 (PID: 835) booted in 0.18s, phase: 0
[1] - Worker 71 (PID: 847) booted in 0.18s, phase: 0
[1] - Worker 72 (PID: 859) booted in 0.17s, phase: 0
[1] - Worker 73 (PID: 864) booted in 0.17s, phase: 0
[1] - Worker 74 (PID: 876) booted in 0.17s, phase: 0
[1] - Worker 75 (PID: 886) booted in 0.17s, phase: 0
[1] - Worker 76 (PID: 903) booted in 0.17s, phase: 0
[1] - Worker 77 (PID: 920) booted in 0.16s, phase: 0
[1] - Worker 78 (PID: 932) booted in 0.16s, phase: 0
[1] - Worker 79 (PID: 944) booted in 0.16s, phase: 0
[1] - Worker 80 (PID: 955) booted in 0.16s, phase: 0
[1] - Worker 81 (PID: 967) booted in 0.15s, phase: 0
[1] - Worker 82 (PID: 976) booted in 0.15s, phase: 0
[1] - Worker 83 (PID: 988) booted in 0.15s, phase: 0
[1] - Worker 84 (PID: 996) booted in 0.15s, phase: 0
[1] - Worker 85 (PID: 1009) booted in 0.15s, phase: 0
[1] - Worker 86 (PID: 1023) booted in 0.14s, phase: 0
[1] - Worker 87 (PID: 1035) booted in 0.14s, phase: 0
[1] - Worker 88 (PID: 1046) booted in 0.14s, phase: 0
[1] - Worker 89 (PID: 1059) booted in 0.14s, phase: 0
[1] - Worker 90 (PID: 1071) booted in 0.14s, phase: 0
[1] - Worker 91 (PID: 1082) booted in 0.14s, phase: 0
[1] - Worker 92 (PID: 1095) booted in 0.13s, phase: 0
[1] - Worker 93 (PID: 1106) booted in 0.13s, phase: 0
[1] - Worker 94 (PID: 1119) booted in 0.13s, phase: 0
[1] - Worker 95 (PID: 1130) booted in 0.13s, phase: 0
[1] - Worker 96 (PID: 1143) booted in 0.13s, phase: 0
[1] - Worker 97 (PID: 1153) booted in 0.12s, phase: 0
[1] - Worker 98 (PID: 1167) booted in 0.12s, phase: 0
[1] - Worker 99 (PID: 1183) booted in 0.12s, phase: 0
[1] - Worker 100 (PID: 1195) booted in 0.12s, phase: 0
[1] - Worker 101 (PID: 1207) booted in 0.11s, phase: 0
[1] - Worker 102 (PID: 1219) booted in 0.11s, phase: 0
[1] - Worker 103 (PID: 1227) booted in 0.11s, phase: 0
[1] - Worker 104 (PID: 1235) booted in 0.11s, phase: 0
[1] - Worker 105 (PID: 1243) booted in 0.11s, phase: 0
[1] - Worker 106 (PID: 1251) booted in 0.1s, phase: 0
[1] - Worker 107 (PID: 1280) booted in 0.09s, phase: 0
[1] - Worker 108 (PID: 1291) booted in 0.09s, phase: 0
[1] - Worker 109 (PID: 1300) booted in 0.09s, phase: 0
[1] - Worker 110 (PID: 1310) booted in 0.09s, phase: 0
[1] - Worker 111 (PID: 1321) booted in 0.09s, phase: 0
[1] - Worker 112 (PID: 1332) booted in 0.08s, phase: 0
[1] - Worker 113 (PID: 1345) booted in 0.08s, phase: 0
[1] - Worker 114 (PID: 1358) booted in 0.08s, phase: 0
[1] - Worker 115 (PID: 1370) booted in 0.08s, phase: 0
[1] - Worker 116 (PID: 1381) booted in 0.08s, phase: 0
[1] - Worker 117 (PID: 1394) booted in 0.08s, phase: 0
[1] - Worker 118 (PID: 1405) booted in 0.07s, phase: 0
[1] - Worker 119 (PID: 1417) booted in 0.07s, phase: 0
[1] - Worker 120 (PID: 1429) booted in 0.07s, phase: 0
[1] - Worker 121 (PID: 1441) booted in 0.07s, phase: 0
[1] - Worker 122 (PID: 1453) booted in 0.07s, phase: 0
[1] - Worker 123 (PID: 1466) booted in 0.07s, phase: 0
[1] - Worker 124 (PID: 1477) booted in 0.06s, phase: 0
[1] - Worker 125 (PID: 1489) booted in 0.06s, phase: 0
[1] - Worker 126 (PID: 1502) booted in 0.06s, phase: 0
[1] - Worker 127 (PID: 1514) booted in 0.06s, phase: 0
