[1] Puma starting in cluster mode...
[1] * Puma version: 6.6.1 ("Return to Forever")
[1] * Ruby version: ruby 3.4.9 (2026-03-11 revision 76cca827ab) +PRISM [x86_64-linux]
[1] *  Min threads: 4
[1] *  Max threads: 4
[1] *  Environment: development
[1] *   Master PID: 1
[1] *      Workers: 128
[1] *     Restarts: (✔) hot (✖) phased (✖) refork
[1] * Preloading application
[1] * Listening on http://0.0.0.0:8080
[1] Use Ctrl-C to stop
[1] - Worker 0 (PID: 8) booted in 0.28s, phase: 0
[1] - Worker 1 (PID: 11) booted in 0.28s, phase: 0
[1] - Worker 2 (PID: 16) booted in 0.28s, phase: 0
[1] - Worker 3 (PID: 23) booted in 0.27s, phase: 0
[1] - Worker 4 (PID: 32) booted in 0.27s, phase: 0
[1] - Worker 5 (PID: 43) booted in 0.27s, phase: 0
[1] - Worker 6 (PID: 56) booted in 0.27s, phase: 0
[1] - Worker 7 (PID: 71) booted in 0.27s, phase: 0
[1] - Worker 8 (PID: 94) booted in 0.27s, phase: 0
[1] - Worker 9 (PID: 101) booted in 0.26s, phase: 0
[1] - Worker 10 (PID: 115) booted in 0.27s, phase: 0
[1] - Worker 11 (PID: 123) booted in 0.26s, phase: 0
[1] - Worker 12 (PID: 135) booted in 0.26s, phase: 0
[1] - Worker 13 (PID: 148) booted in 0.26s, phase: 0
[1] - Worker 14 (PID: 172) booted in 0.25s, phase: 0
[1] - Worker 15 (PID: 180) booted in 0.25s, phase: 0
[1] - Worker 16 (PID: 187) booted in 0.25s, phase: 0
[1] - Worker 17 (PID: 196) booted in 0.25s, phase: 0
[1] - Worker 18 (PID: 206) booted in 0.25s, phase: 0
[1] - Worker 19 (PID: 219) booted in 0.25s, phase: 0
[1] - Worker 20 (PID: 232) booted in 0.25s, phase: 0
[1] - Worker 21 (PID: 242) booted in 0.25s, phase: 0
[1] - Worker 22 (PID: 255) booted in 0.24s, phase: 0
[1] - Worker 23 (PID: 267) booted in 0.24s, phase: 0
[1] - Worker 24 (PID: 278) booted in 0.24s, phase: 0
[1] - Worker 25 (PID: 290) booted in 0.24s, phase: 0
[1] - Worker 26 (PID: 303) booted in 0.24s, phase: 0
[1] - Worker 27 (PID: 315) booted in 0.24s, phase: 0
[1] - Worker 28 (PID: 327) booted in 0.24s, phase: 0
[1] - Worker 29 (PID: 351) booted in 0.23s, phase: 0
[1] - Worker 30 (PID: 364) booted in 0.23s, phase: 0
[1] - Worker 31 (PID: 367) booted in 0.23s, phase: 0
[1] - Worker 32 (PID: 376) booted in 0.23s, phase: 0
[1] - Worker 33 (PID: 383) booted in 0.23s, phase: 0
[1] - Worker 34 (PID: 398) booted in 0.22s, phase: 0
[1] - Worker 35 (PID: 408) booted in 0.22s, phase: 0
[1] - Worker 36 (PID: 421) booted in 0.22s, phase: 0
[1] - Worker 37 (PID: 431) booted in 0.22s, phase: 0
[1] - Worker 38 (PID: 445) booted in 0.22s, phase: 0
[1] - Worker 39 (PID: 458) booted in 0.22s, phase: 0
[1] - Worker 40 (PID: 471) booted in 0.21s, phase: 0
[1] - Worker 41 (PID: 480) booted in 0.21s, phase: 0
[1] - Worker 42 (PID: 492) booted in 0.21s, phase: 0
[1] - Worker 43 (PID: 503) booted in 0.21s, phase: 0
[1] - Worker 44 (PID: 518) booted in 0.21s, phase: 0
[1] - Worker 45 (PID: 528) booted in 0.21s, phase: 0
[1] - Worker 46 (PID: 539) booted in 0.2s, phase: 0
[1] - Worker 47 (PID: 553) booted in 0.2s, phase: 0
[1] - Worker 48 (PID: 565) booted in 0.2s, phase: 0
[1] - Worker 49 (PID: 577) booted in 0.2s, phase: 0
[1] - Worker 50 (PID: 589) booted in 0.2s, phase: 0
[1] - Worker 51 (PID: 602) booted in 0.2s, phase: 0
[1] - Worker 52 (PID: 611) booted in 0.19s, phase: 0
[1] - Worker 53 (PID: 626) booted in 0.19s, phase: 0
[1] - Worker 54 (PID: 637) booted in 0.19s, phase: 0
[1] - Worker 55 (PID: 650) booted in 0.19s, phase: 0
[1] - Worker 56 (PID: 659) booted in 0.19s, phase: 0
[1] - Worker 57 (PID: 672) booted in 0.19s, phase: 0
[1] - Worker 58 (PID: 686) booted in 0.18s, phase: 0
[1] - Worker 59 (PID: 699) booted in 0.18s, phase: 0
[1] - Worker 60 (PID: 711) booted in 0.18s, phase: 0
[1] - Worker 61 (PID: 722) booted in 0.18s, phase: 0
[1] - Worker 62 (PID: 733) booted in 0.18s, phase: 0
[1] - Worker 63 (PID: 746) booted in 0.18s, phase: 0
[1] - Worker 64 (PID: 759) booted in 0.18s, phase: 0
[1] - Worker 65 (PID: 768) booted in 0.17s, phase: 0
[1] - Worker 66 (PID: 780) booted in 0.17s, phase: 0
[1] - Worker 67 (PID: 794) booted in 0.17s, phase: 0
[1] - Worker 68 (PID: 806) booted in 0.17s, phase: 0
[1] - Worker 69 (PID: 816) booted in 0.17s, phase: 0
[1] - Worker 70 (PID: 829) booted in 0.16s, phase: 0
[1] - Worker 71 (PID: 842) booted in 0.16s, phase: 0
[1] - Worker 72 (PID: 855) booted in 0.16s, phase: 0
[1] - Worker 73 (PID: 865) booted in 0.16s, phase: 0
[1] - Worker 74 (PID: 876) booted in 0.16s, phase: 0
[1] - Worker 75 (PID: 890) booted in 0.16s, phase: 0
[1] - Worker 76 (PID: 901) booted in 0.15s, phase: 0
[1] - Worker 77 (PID: 913) booted in 0.15s, phase: 0
[1] - Worker 78 (PID: 927) booted in 0.15s, phase: 0
[1] - Worker 79 (PID: 939) booted in 0.15s, phase: 0
[1] - Worker 80 (PID: 951) booted in 0.15s, phase: 0
[1] - Worker 81 (PID: 961) booted in 0.15s, phase: 0
[1] - Worker 82 (PID: 975) booted in 0.14s, phase: 0
[1] - Worker 83 (PID: 987) booted in 0.14s, phase: 0
[1] - Worker 84 (PID: 997) booted in 0.14s, phase: 0
[1] - Worker 85 (PID: 1010) booted in 0.14s, phase: 0
[1] - Worker 86 (PID: 1021) booted in 0.14s, phase: 0
[1] - Worker 87 (PID: 1035) booted in 0.14s, phase: 0
[1] - Worker 88 (PID: 1044) booted in 0.13s, phase: 0
[1] - Worker 89 (PID: 1058) booted in 0.13s, phase: 0
[1] - Worker 90 (PID: 1071) booted in 0.13s, phase: 0
[1] - Worker 91 (PID: 1082) booted in 0.13s, phase: 0
[1] - Worker 92 (PID: 1095) booted in 0.13s, phase: 0
[1] - Worker 93 (PID: 1105) booted in 0.13s, phase: 0
[1] - Worker 94 (PID: 1118) booted in 0.12s, phase: 0
[1] - Worker 95 (PID: 1128) booted in 0.12s, phase: 0
[1] - Worker 96 (PID: 1142) booted in 0.12s, phase: 0
[1] - Worker 97 (PID: 1154) booted in 0.12s, phase: 0
[1] - Worker 98 (PID: 1166) booted in 0.12s, phase: 0
[1] - Worker 99 (PID: 1178) booted in 0.12s, phase: 0
[1] - Worker 100 (PID: 1191) booted in 0.11s, phase: 0
[1] - Worker 101 (PID: 1203) booted in 0.11s, phase: 0
[1] - Worker 102 (PID: 1215) booted in 0.11s, phase: 0
[1] - Worker 103 (PID: 1223) booted in 0.11s, phase: 0
[1] - Worker 104 (PID: 1229) booted in 0.11s, phase: 0
[1] - Worker 105 (PID: 1232) booted in 0.1s, phase: 0
[1] - Worker 106 (PID: 1272) booted in 0.09s, phase: 0
[1] - Worker 107 (PID: 1280) booted in 0.09s, phase: 0
[1] - Worker 108 (PID: 1291) booted in 0.09s, phase: 0
[1] - Worker 109 (PID: 1298) booted in 0.09s, phase: 0
[1] - Worker 110 (PID: 1310) booted in 0.09s, phase: 0
[1] - Worker 111 (PID: 1321) booted in 0.09s, phase: 0
[1] - Worker 112 (PID: 1335) booted in 0.08s, phase: 0
[1] - Worker 113 (PID: 1346) booted in 0.08s, phase: 0
[1] - Worker 114 (PID: 1356) booted in 0.08s, phase: 0
[1] - Worker 115 (PID: 1370) booted in 0.08s, phase: 0
[1] - Worker 116 (PID: 1379) booted in 0.08s, phase: 0
[1] - Worker 117 (PID: 1395) booted in 0.07s, phase: 0
[1] - Worker 118 (PID: 1405) booted in 0.07s, phase: 0
[1] - Worker 119 (PID: 1418) booted in 0.07s, phase: 0
[1] - Worker 120 (PID: 1431) booted in 0.07s, phase: 0
[1] - Worker 121 (PID: 1443) booted in 0.07s, phase: 0
[1] - Worker 122 (PID: 1455) booted in 0.07s, phase: 0
[1] - Worker 123 (PID: 1466) booted in 0.06s, phase: 0
[1] - Worker 124 (PID: 1477) booted in 0.06s, phase: 0
[1] - Worker 125 (PID: 1491) booted in 0.06s, phase: 0
[1] - Worker 126 (PID: 1503) booted in 0.06s, phase: 0
[1] - Worker 127 (PID: 1515) booted in 0.06s, phase: 0
