[2026-03-23 21:58:30 +0000] [1] [INFO] Starting gunicorn 23.0.0
[2026-03-23 21:58:30 +0000] [1] [INFO] Listening at: http://0.0.0.0:8080 (1)
[2026-03-23 21:58:30 +0000] [1] [INFO] Using worker: uvicorn.workers.UvicornWorker
[2026-03-23 21:58:30 +0000] [7] [INFO] Booting worker with pid: 7
[2026-03-23 21:58:31 +0000] [8] [INFO] Booting worker with pid: 8
[2026-03-23 21:58:31 +0000] [7] [INFO] Started server process [7]
[2026-03-23 21:58:31 +0000] [7] [INFO] Waiting for application startup.
[2026-03-23 21:58:31 +0000] [7] [INFO] Application startup complete.
[2026-03-23 21:58:31 +0000] [8] [INFO] Started server process [8]
[2026-03-23 21:58:31 +0000] [8] [INFO] Waiting for application startup.
[2026-03-23 21:58:31 +0000] [8] [INFO] Application startup complete.
[2026-03-23 21:58:31 +0000] [11] [INFO] Booting worker with pid: 11
[2026-03-23 21:58:31 +0000] [13] [INFO] Booting worker with pid: 13
[2026-03-23 21:58:31 +0000] [11] [INFO] Started server process [11]
[2026-03-23 21:58:31 +0000] [11] [INFO] Waiting for application startup.
[2026-03-23 21:58:31 +0000] [11] [INFO] Application startup complete.
[2026-03-23 21:58:31 +0000] [13] [INFO] Started server process [13]
[2026-03-23 21:58:31 +0000] [13] [INFO] Waiting for application startup.
[2026-03-23 21:58:31 +0000] [13] [INFO] Application startup complete.
[2026-03-23 21:58:31 +0000] [15] [INFO] Booting worker with pid: 15
[2026-03-23 21:58:31 +0000] [16] [INFO] Booting worker with pid: 16
[2026-03-23 21:58:31 +0000] [15] [INFO] Started server process [15]
[2026-03-23 21:58:31 +0000] [15] [INFO] Waiting for application startup.
[2026-03-23 21:58:31 +0000] [15] [INFO] Application startup complete.
[2026-03-23 21:58:31 +0000] [18] [INFO] Booting worker with pid: 18
[2026-03-23 21:58:31 +0000] [16] [INFO] Started server process [16]
[2026-03-23 21:58:31 +0000] [16] [INFO] Waiting for application startup.
[2026-03-23 21:58:31 +0000] [16] [INFO] Application startup complete.
[2026-03-23 21:58:31 +0000] [18] [INFO] Started server process [18]
[2026-03-23 21:58:31 +0000] [18] [INFO] Waiting for application startup.
[2026-03-23 21:58:31 +0000] [18] [INFO] Application startup complete.
[2026-03-23 21:58:31 +0000] [21] [INFO] Booting worker with pid: 21
[2026-03-23 21:58:31 +0000] [23] [INFO] Booting worker with pid: 23
[2026-03-23 21:58:31 +0000] [21] [INFO] Started server process [21]
[2026-03-23 21:58:31 +0000] [21] [INFO] Waiting for application startup.
[2026-03-23 21:58:31 +0000] [21] [INFO] Application startup complete.
[2026-03-23 21:58:31 +0000] [23] [INFO] Started server process [23]
[2026-03-23 21:58:31 +0000] [23] [INFO] Waiting for application startup.
[2026-03-23 21:58:31 +0000] [23] [INFO] Application startup complete.
[2026-03-23 21:58:31 +0000] [25] [INFO] Booting worker with pid: 25
[2026-03-23 21:58:31 +0000] [25] [INFO] Started server process [25]
[2026-03-23 21:58:31 +0000] [25] [INFO] Waiting for application startup.
[2026-03-23 21:58:31 +0000] [25] [INFO] Application startup complete.
[2026-03-23 21:58:31 +0000] [27] [INFO] Booting worker with pid: 27
[2026-03-23 21:58:31 +0000] [28] [INFO] Booting worker with pid: 28
[2026-03-23 21:58:31 +0000] [27] [INFO] Started server process [27]
[2026-03-23 21:58:31 +0000] [27] [INFO] Waiting for application startup.
[2026-03-23 21:58:31 +0000] [27] [INFO] Application startup complete.
[2026-03-23 21:58:31 +0000] [28] [INFO] Started server process [28]
[2026-03-23 21:58:31 +0000] [28] [INFO] Waiting for application startup.
[2026-03-23 21:58:31 +0000] [28] [INFO] Application startup complete.
[2026-03-23 21:58:31 +0000] [31] [INFO] Booting worker with pid: 31
[2026-03-23 21:58:31 +0000] [31] [INFO] Started server process [31]
[2026-03-23 21:58:31 +0000] [31] [INFO] Waiting for application startup.
[2026-03-23 21:58:31 +0000] [31] [INFO] Application startup complete.
[2026-03-23 21:58:31 +0000] [33] [INFO] Booting worker with pid: 33
[2026-03-23 21:58:31 +0000] [34] [INFO] Booting worker with pid: 34
[2026-03-23 21:58:31 +0000] [33] [INFO] Started server process [33]
[2026-03-23 21:58:31 +0000] [33] [INFO] Waiting for application startup.
[2026-03-23 21:58:31 +0000] [33] [INFO] Application startup complete.
[2026-03-23 21:58:31 +0000] [34] [INFO] Started server process [34]
[2026-03-23 21:58:31 +0000] [34] [INFO] Waiting for application startup.
[2026-03-23 21:58:31 +0000] [34] [INFO] Application startup complete.
[2026-03-23 21:58:31 +0000] [37] [INFO] Booting worker with pid: 37
[2026-03-23 21:58:31 +0000] [38] [INFO] Booting worker with pid: 38
[2026-03-23 21:58:32 +0000] [37] [INFO] Started server process [37]
[2026-03-23 21:58:32 +0000] [37] [INFO] Waiting for application startup.
[2026-03-23 21:58:32 +0000] [37] [INFO] Application startup complete.
[2026-03-23 21:58:32 +0000] [38] [INFO] Started server process [38]
[2026-03-23 21:58:32 +0000] [38] [INFO] Waiting for application startup.
[2026-03-23 21:58:32 +0000] [38] [INFO] Application startup complete.
[2026-03-23 21:58:32 +0000] [41] [INFO] Booting worker with pid: 41
[2026-03-23 21:58:32 +0000] [43] [INFO] Booting worker with pid: 43
[2026-03-23 21:58:32 +0000] [41] [INFO] Started server process [41]
[2026-03-23 21:58:32 +0000] [41] [INFO] Waiting for application startup.
[2026-03-23 21:58:32 +0000] [41] [INFO] Application startup complete.
[2026-03-23 21:58:32 +0000] [43] [INFO] Started server process [43]
[2026-03-23 21:58:32 +0000] [43] [INFO] Waiting for application startup.
[2026-03-23 21:58:32 +0000] [43] [INFO] Application startup complete.
[2026-03-23 21:58:32 +0000] [45] [INFO] Booting worker with pid: 45
[2026-03-23 21:58:32 +0000] [46] [INFO] Booting worker with pid: 46
[2026-03-23 21:58:32 +0000] [47] [INFO] Booting worker with pid: 47
[2026-03-23 21:58:32 +0000] [45] [INFO] Started server process [45]
[2026-03-23 21:58:32 +0000] [45] [INFO] Waiting for application startup.
[2026-03-23 21:58:32 +0000] [45] [INFO] Application startup complete.
[2026-03-23 21:58:32 +0000] [50] [INFO] Booting worker with pid: 50
[2026-03-23 21:58:32 +0000] [46] [INFO] Started server process [46]
[2026-03-23 21:58:32 +0000] [46] [INFO] Waiting for application startup.
[2026-03-23 21:58:32 +0000] [46] [INFO] Application startup complete.
[2026-03-23 21:58:32 +0000] [47] [INFO] Started server process [47]
[2026-03-23 21:58:32 +0000] [47] [INFO] Waiting for application startup.
[2026-03-23 21:58:32 +0000] [47] [INFO] Application startup complete.
[2026-03-23 21:58:32 +0000] [50] [INFO] Started server process [50]
[2026-03-23 21:58:32 +0000] [50] [INFO] Waiting for application startup.
[2026-03-23 21:58:32 +0000] [50] [INFO] Application startup complete.
[2026-03-23 21:58:32 +0000] [53] [INFO] Booting worker with pid: 53
[2026-03-23 21:58:32 +0000] [54] [INFO] Booting worker with pid: 54
[2026-03-23 21:58:32 +0000] [53] [INFO] Started server process [53]
[2026-03-23 21:58:32 +0000] [53] [INFO] Waiting for application startup.
[2026-03-23 21:58:32 +0000] [53] [INFO] Application startup complete.
[2026-03-23 21:58:32 +0000] [56] [INFO] Booting worker with pid: 56
[2026-03-23 21:58:32 +0000] [54] [INFO] Started server process [54]
[2026-03-23 21:58:32 +0000] [54] [INFO] Waiting for application startup.
[2026-03-23 21:58:32 +0000] [54] [INFO] Application startup complete.
[2026-03-23 21:58:32 +0000] [58] [INFO] Booting worker with pid: 58
[2026-03-23 21:58:32 +0000] [56] [INFO] Started server process [56]
[2026-03-23 21:58:32 +0000] [56] [INFO] Waiting for application startup.
[2026-03-23 21:58:32 +0000] [56] [INFO] Application startup complete.
[2026-03-23 21:58:32 +0000] [61] [INFO] Booting worker with pid: 61
[2026-03-23 21:58:32 +0000] [58] [INFO] Started server process [58]
[2026-03-23 21:58:32 +0000] [58] [INFO] Waiting for application startup.
[2026-03-23 21:58:32 +0000] [58] [INFO] Application startup complete.
[2026-03-23 21:58:32 +0000] [63] [INFO] Booting worker with pid: 63
[2026-03-23 21:58:32 +0000] [61] [INFO] Started server process [61]
[2026-03-23 21:58:32 +0000] [61] [INFO] Waiting for application startup.
[2026-03-23 21:58:32 +0000] [61] [INFO] Application startup complete.
[2026-03-23 21:58:32 +0000] [64] [INFO] Booting worker with pid: 64
[2026-03-23 21:58:32 +0000] [63] [INFO] Started server process [63]
[2026-03-23 21:58:32 +0000] [63] [INFO] Waiting for application startup.
[2026-03-23 21:58:32 +0000] [63] [INFO] Application startup complete.
[2026-03-23 21:58:32 +0000] [64] [INFO] Started server process [64]
[2026-03-23 21:58:32 +0000] [64] [INFO] Waiting for application startup.
[2026-03-23 21:58:32 +0000] [64] [INFO] Application startup complete.
[2026-03-23 21:58:32 +0000] [67] [INFO] Booting worker with pid: 67
[2026-03-23 21:58:32 +0000] [67] [INFO] Started server process [67]
[2026-03-23 21:58:32 +0000] [67] [INFO] Waiting for application startup.
[2026-03-23 21:58:32 +0000] [67] [INFO] Application startup complete.
[2026-03-23 21:58:32 +0000] [69] [INFO] Booting worker with pid: 69
[2026-03-23 21:58:32 +0000] [70] [INFO] Booting worker with pid: 70
[2026-03-23 21:58:32 +0000] [69] [INFO] Started server process [69]
[2026-03-23 21:58:32 +0000] [69] [INFO] Waiting for application startup.
[2026-03-23 21:58:32 +0000] [69] [INFO] Application startup complete.
[2026-03-23 21:58:32 +0000] [70] [INFO] Started server process [70]
[2026-03-23 21:58:32 +0000] [70] [INFO] Waiting for application startup.
[2026-03-23 21:58:32 +0000] [70] [INFO] Application startup complete.
[2026-03-23 21:58:32 +0000] [73] [INFO] Booting worker with pid: 73
[2026-03-23 21:58:33 +0000] [75] [INFO] Booting worker with pid: 75
[2026-03-23 21:58:33 +0000] [73] [INFO] Started server process [73]
[2026-03-23 21:58:33 +0000] [73] [INFO] Waiting for application startup.
[2026-03-23 21:58:33 +0000] [73] [INFO] Application startup complete.
[2026-03-23 21:58:33 +0000] [76] [INFO] Booting worker with pid: 76
[2026-03-23 21:58:33 +0000] [75] [INFO] Started server process [75]
[2026-03-23 21:58:33 +0000] [75] [INFO] Waiting for application startup.
[2026-03-23 21:58:33 +0000] [75] [INFO] Application startup complete.
[2026-03-23 21:58:33 +0000] [78] [INFO] Booting worker with pid: 78
[2026-03-23 21:58:33 +0000] [79] [INFO] Booting worker with pid: 79
[2026-03-23 21:58:33 +0000] [76] [INFO] Started server process [76]
[2026-03-23 21:58:33 +0000] [76] [INFO] Waiting for application startup.
[2026-03-23 21:58:33 +0000] [76] [INFO] Application startup complete.
[2026-03-23 21:58:33 +0000] [81] [INFO] Booting worker with pid: 81
[2026-03-23 21:58:33 +0000] [82] [INFO] Booting worker with pid: 82
[2026-03-23 21:58:33 +0000] [78] [INFO] Started server process [78]
[2026-03-23 21:58:33 +0000] [78] [INFO] Waiting for application startup.
[2026-03-23 21:58:33 +0000] [78] [INFO] Application startup complete.
[2026-03-23 21:58:33 +0000] [79] [INFO] Started server process [79]
[2026-03-23 21:58:33 +0000] [79] [INFO] Waiting for application startup.
[2026-03-23 21:58:33 +0000] [79] [INFO] Application startup complete.
[2026-03-23 21:58:33 +0000] [85] [INFO] Booting worker with pid: 85
[2026-03-23 21:58:33 +0000] [86] [INFO] Booting worker with pid: 86
[2026-03-23 21:58:33 +0000] [81] [INFO] Started server process [81]
[2026-03-23 21:58:33 +0000] [81] [INFO] Waiting for application startup.
[2026-03-23 21:58:33 +0000] [81] [INFO] Application startup complete.
[2026-03-23 21:58:33 +0000] [89] [INFO] Booting worker with pid: 89
[2026-03-23 21:58:33 +0000] [82] [INFO] Started server process [82]
[2026-03-23 21:58:33 +0000] [82] [INFO] Waiting for application startup.
[2026-03-23 21:58:33 +0000] [82] [INFO] Application startup complete.
[2026-03-23 21:58:33 +0000] [85] [INFO] Started server process [85]
[2026-03-23 21:58:33 +0000] [85] [INFO] Waiting for application startup.
[2026-03-23 21:58:33 +0000] [85] [INFO] Application startup complete.
[2026-03-23 21:58:33 +0000] [92] [INFO] Booting worker with pid: 92
[2026-03-23 21:58:33 +0000] [86] [INFO] Started server process [86]
[2026-03-23 21:58:33 +0000] [86] [INFO] Waiting for application startup.
[2026-03-23 21:58:33 +0000] [86] [INFO] Application startup complete.
[2026-03-23 21:58:33 +0000] [89] [INFO] Started server process [89]
[2026-03-23 21:58:33 +0000] [89] [INFO] Waiting for application startup.
[2026-03-23 21:58:33 +0000] [89] [INFO] Application startup complete.
[2026-03-23 21:58:33 +0000] [95] [INFO] Booting worker with pid: 95
[2026-03-23 21:58:33 +0000] [92] [INFO] Started server process [92]
[2026-03-23 21:58:33 +0000] [92] [INFO] Waiting for application startup.
[2026-03-23 21:58:33 +0000] [92] [INFO] Application startup complete.
[2026-03-23 21:58:33 +0000] [96] [INFO] Booting worker with pid: 96
[2026-03-23 21:58:33 +0000] [95] [INFO] Started server process [95]
[2026-03-23 21:58:33 +0000] [95] [INFO] Waiting for application startup.
[2026-03-23 21:58:33 +0000] [95] [INFO] Application startup complete.
[2026-03-23 21:58:33 +0000] [98] [INFO] Booting worker with pid: 98
[2026-03-23 21:58:33 +0000] [96] [INFO] Started server process [96]
[2026-03-23 21:58:33 +0000] [96] [INFO] Waiting for application startup.
[2026-03-23 21:58:33 +0000] [96] [INFO] Application startup complete.
[2026-03-23 21:58:33 +0000] [100] [INFO] Booting worker with pid: 100
[2026-03-23 21:58:33 +0000] [101] [INFO] Booting worker with pid: 101
[2026-03-23 21:58:33 +0000] [103] [INFO] Booting worker with pid: 103
[2026-03-23 21:58:33 +0000] [98] [INFO] Started server process [98]
[2026-03-23 21:58:33 +0000] [98] [INFO] Waiting for application startup.
[2026-03-23 21:58:33 +0000] [98] [INFO] Application startup complete.
[2026-03-23 21:58:33 +0000] [100] [INFO] Started server process [100]
[2026-03-23 21:58:33 +0000] [100] [INFO] Waiting for application startup.
[2026-03-23 21:58:33 +0000] [100] [INFO] Application startup complete.
[2026-03-23 21:58:33 +0000] [101] [INFO] Started server process [101]
[2026-03-23 21:58:33 +0000] [101] [INFO] Waiting for application startup.
[2026-03-23 21:58:33 +0000] [101] [INFO] Application startup complete.
[2026-03-23 21:58:33 +0000] [103] [INFO] Started server process [103]
[2026-03-23 21:58:33 +0000] [103] [INFO] Waiting for application startup.
[2026-03-23 21:58:33 +0000] [103] [INFO] Application startup complete.
[2026-03-23 21:58:33 +0000] [107] [INFO] Booting worker with pid: 107
[2026-03-23 21:58:33 +0000] [109] [INFO] Booting worker with pid: 109
[2026-03-23 21:58:33 +0000] [107] [INFO] Started server process [107]
[2026-03-23 21:58:33 +0000] [107] [INFO] Waiting for application startup.
[2026-03-23 21:58:33 +0000] [107] [INFO] Application startup complete.
[2026-03-23 21:58:33 +0000] [110] [INFO] Booting worker with pid: 110
[2026-03-23 21:58:33 +0000] [109] [INFO] Started server process [109]
[2026-03-23 21:58:33 +0000] [109] [INFO] Waiting for application startup.
[2026-03-23 21:58:33 +0000] [109] [INFO] Application startup complete.
[2026-03-23 21:58:33 +0000] [110] [INFO] Started server process [110]
[2026-03-23 21:58:33 +0000] [110] [INFO] Waiting for application startup.
[2026-03-23 21:58:33 +0000] [110] [INFO] Application startup complete.
[2026-03-23 21:58:33 +0000] [113] [INFO] Booting worker with pid: 113
[2026-03-23 21:58:33 +0000] [114] [INFO] Booting worker with pid: 114
[2026-03-23 21:58:33 +0000] [115] [INFO] Booting worker with pid: 115
[2026-03-23 21:58:33 +0000] [113] [INFO] Started server process [113]
[2026-03-23 21:58:33 +0000] [113] [INFO] Waiting for application startup.
[2026-03-23 21:58:33 +0000] [113] [INFO] Application startup complete.
[2026-03-23 21:58:33 +0000] [117] [INFO] Booting worker with pid: 117
[2026-03-23 21:58:33 +0000] [114] [INFO] Started server process [114]
[2026-03-23 21:58:33 +0000] [114] [INFO] Waiting for application startup.
[2026-03-23 21:58:33 +0000] [114] [INFO] Application startup complete.
[2026-03-23 21:58:33 +0000] [115] [INFO] Started server process [115]
[2026-03-23 21:58:33 +0000] [115] [INFO] Waiting for application startup.
[2026-03-23 21:58:33 +0000] [115] [INFO] Application startup complete.
[2026-03-23 21:58:34 +0000] [121] [INFO] Booting worker with pid: 121
[2026-03-23 21:58:34 +0000] [117] [INFO] Started server process [117]
[2026-03-23 21:58:34 +0000] [117] [INFO] Waiting for application startup.
[2026-03-23 21:58:34 +0000] [117] [INFO] Application startup complete.
[2026-03-23 21:58:34 +0000] [122] [INFO] Booting worker with pid: 122
[2026-03-23 21:58:34 +0000] [124] [INFO] Booting worker with pid: 124
[2026-03-23 21:58:34 +0000] [121] [INFO] Started server process [121]
[2026-03-23 21:58:34 +0000] [121] [INFO] Waiting for application startup.
[2026-03-23 21:58:34 +0000] [121] [INFO] Application startup complete.
[2026-03-23 21:58:34 +0000] [125] [INFO] Booting worker with pid: 125
[2026-03-23 21:58:34 +0000] [122] [INFO] Started server process [122]
[2026-03-23 21:58:34 +0000] [122] [INFO] Waiting for application startup.
[2026-03-23 21:58:34 +0000] [122] [INFO] Application startup complete.
[2026-03-23 21:58:34 +0000] [129] [INFO] Booting worker with pid: 129
[2026-03-23 21:58:34 +0000] [124] [INFO] Started server process [124]
[2026-03-23 21:58:34 +0000] [124] [INFO] Waiting for application startup.
[2026-03-23 21:58:34 +0000] [124] [INFO] Application startup complete.
[2026-03-23 21:58:34 +0000] [125] [INFO] Started server process [125]
[2026-03-23 21:58:34 +0000] [125] [INFO] Waiting for application startup.
[2026-03-23 21:58:34 +0000] [125] [INFO] Application startup complete.
[2026-03-23 21:58:34 +0000] [130] [INFO] Booting worker with pid: 130
[2026-03-23 21:58:34 +0000] [129] [INFO] Started server process [129]
[2026-03-23 21:58:34 +0000] [129] [INFO] Waiting for application startup.
[2026-03-23 21:58:34 +0000] [129] [INFO] Application startup complete.
[2026-03-23 21:58:34 +0000] [133] [INFO] Booting worker with pid: 133
[2026-03-23 21:58:34 +0000] [130] [INFO] Started server process [130]
[2026-03-23 21:58:34 +0000] [130] [INFO] Waiting for application startup.
[2026-03-23 21:58:34 +0000] [130] [INFO] Application startup complete.
[2026-03-23 21:58:34 +0000] [134] [INFO] Booting worker with pid: 134
[2026-03-23 21:58:34 +0000] [133] [INFO] Started server process [133]
[2026-03-23 21:58:34 +0000] [133] [INFO] Waiting for application startup.
[2026-03-23 21:58:34 +0000] [133] [INFO] Application startup complete.
[2026-03-23 21:58:34 +0000] [137] [INFO] Booting worker with pid: 137
[2026-03-23 21:58:34 +0000] [134] [INFO] Started server process [134]
[2026-03-23 21:58:34 +0000] [134] [INFO] Waiting for application startup.
[2026-03-23 21:58:34 +0000] [134] [INFO] Application startup complete.
[2026-03-23 21:58:34 +0000] [138] [INFO] Booting worker with pid: 138
[2026-03-23 21:58:34 +0000] [137] [INFO] Started server process [137]
[2026-03-23 21:58:34 +0000] [137] [INFO] Waiting for application startup.
[2026-03-23 21:58:34 +0000] [137] [INFO] Application startup complete.
[2026-03-23 21:58:34 +0000] [141] [INFO] Booting worker with pid: 141
[2026-03-23 21:58:34 +0000] [138] [INFO] Started server process [138]
[2026-03-23 21:58:34 +0000] [138] [INFO] Waiting for application startup.
[2026-03-23 21:58:34 +0000] [138] [INFO] Application startup complete.
[2026-03-23 21:58:34 +0000] [142] [INFO] Booting worker with pid: 142
[2026-03-23 21:58:34 +0000] [143] [INFO] Booting worker with pid: 143
[2026-03-23 21:58:34 +0000] [145] [INFO] Booting worker with pid: 145
[2026-03-23 21:58:34 +0000] [141] [INFO] Started server process [141]
[2026-03-23 21:58:34 +0000] [141] [INFO] Waiting for application startup.
[2026-03-23 21:58:34 +0000] [141] [INFO] Application startup complete.
[2026-03-23 21:58:34 +0000] [142] [INFO] Started server process [142]
[2026-03-23 21:58:34 +0000] [142] [INFO] Waiting for application startup.
[2026-03-23 21:58:34 +0000] [142] [INFO] Application startup complete.
[2026-03-23 21:58:34 +0000] [148] [INFO] Booting worker with pid: 148
[2026-03-23 21:58:34 +0000] [143] [INFO] Started server process [143]
[2026-03-23 21:58:34 +0000] [143] [INFO] Waiting for application startup.
[2026-03-23 21:58:34 +0000] [143] [INFO] Application startup complete.
[2026-03-23 21:58:34 +0000] [150] [INFO] Booting worker with pid: 150
[2026-03-23 21:58:34 +0000] [145] [INFO] Started server process [145]
[2026-03-23 21:58:34 +0000] [145] [INFO] Waiting for application startup.
[2026-03-23 21:58:34 +0000] [145] [INFO] Application startup complete.
[2026-03-23 21:58:34 +0000] [148] [INFO] Started server process [148]
[2026-03-23 21:58:34 +0000] [148] [INFO] Waiting for application startup.
[2026-03-23 21:58:34 +0000] [148] [INFO] Application startup complete.
[2026-03-23 21:58:34 +0000] [152] [INFO] Booting worker with pid: 152
[2026-03-23 21:58:34 +0000] [154] [INFO] Booting worker with pid: 154
[2026-03-23 21:58:34 +0000] [150] [INFO] Started server process [150]
[2026-03-23 21:58:34 +0000] [150] [INFO] Waiting for application startup.
[2026-03-23 21:58:34 +0000] [150] [INFO] Application startup complete.
[2026-03-23 21:58:34 +0000] [152] [INFO] Started server process [152]
[2026-03-23 21:58:34 +0000] [152] [INFO] Waiting for application startup.
[2026-03-23 21:58:34 +0000] [152] [INFO] Application startup complete.
[2026-03-23 21:58:34 +0000] [157] [INFO] Booting worker with pid: 157
[2026-03-23 21:58:35 +0000] [154] [INFO] Started server process [154]
[2026-03-23 21:58:35 +0000] [154] [INFO] Waiting for application startup.
[2026-03-23 21:58:35 +0000] [154] [INFO] Application startup complete.
[2026-03-23 21:58:35 +0000] [158] [INFO] Booting worker with pid: 158
[2026-03-23 21:58:35 +0000] [159] [INFO] Booting worker with pid: 159
[2026-03-23 21:58:35 +0000] [157] [INFO] Started server process [157]
[2026-03-23 21:58:35 +0000] [157] [INFO] Waiting for application startup.
[2026-03-23 21:58:35 +0000] [157] [INFO] Application startup complete.
[2026-03-23 21:58:35 +0000] [158] [INFO] Started server process [158]
[2026-03-23 21:58:35 +0000] [158] [INFO] Waiting for application startup.
[2026-03-23 21:58:35 +0000] [158] [INFO] Application startup complete.
[2026-03-23 21:58:35 +0000] [162] [INFO] Booting worker with pid: 162
[2026-03-23 21:58:35 +0000] [159] [INFO] Started server process [159]
[2026-03-23 21:58:35 +0000] [159] [INFO] Waiting for application startup.
[2026-03-23 21:58:35 +0000] [159] [INFO] Application startup complete.
[2026-03-23 21:58:35 +0000] [165] [INFO] Booting worker with pid: 165
[2026-03-23 21:58:35 +0000] [162] [INFO] Started server process [162]
[2026-03-23 21:58:35 +0000] [162] [INFO] Waiting for application startup.
[2026-03-23 21:58:35 +0000] [162] [INFO] Application startup complete.
[2026-03-23 21:58:35 +0000] [166] [INFO] Booting worker with pid: 166
[2026-03-23 21:58:35 +0000] [167] [INFO] Booting worker with pid: 167
[2026-03-23 21:58:35 +0000] [169] [INFO] Booting worker with pid: 169
[2026-03-23 21:58:35 +0000] [165] [INFO] Started server process [165]
[2026-03-23 21:58:35 +0000] [165] [INFO] Waiting for application startup.
[2026-03-23 21:58:35 +0000] [165] [INFO] Application startup complete.
[2026-03-23 21:58:35 +0000] [166] [INFO] Started server process [166]
[2026-03-23 21:58:35 +0000] [166] [INFO] Waiting for application startup.
[2026-03-23 21:58:35 +0000] [166] [INFO] Application startup complete.
[2026-03-23 21:58:35 +0000] [172] [INFO] Booting worker with pid: 172
[2026-03-23 21:58:35 +0000] [167] [INFO] Started server process [167]
[2026-03-23 21:58:35 +0000] [167] [INFO] Waiting for application startup.
[2026-03-23 21:58:35 +0000] [167] [INFO] Application startup complete.
[2026-03-23 21:58:35 +0000] [169] [INFO] Started server process [169]
[2026-03-23 21:58:35 +0000] [169] [INFO] Waiting for application startup.
[2026-03-23 21:58:35 +0000] [169] [INFO] Application startup complete.
[2026-03-23 21:58:35 +0000] [174] [INFO] Booting worker with pid: 174
[2026-03-23 21:58:35 +0000] [176] [INFO] Booting worker with pid: 176
[2026-03-23 21:58:35 +0000] [172] [INFO] Started server process [172]
[2026-03-23 21:58:35 +0000] [172] [INFO] Waiting for application startup.
[2026-03-23 21:58:35 +0000] [172] [INFO] Application startup complete.
[2026-03-23 21:58:35 +0000] [177] [INFO] Booting worker with pid: 177
[2026-03-23 21:58:35 +0000] [174] [INFO] Started server process [174]
[2026-03-23 21:58:35 +0000] [174] [INFO] Waiting for application startup.
[2026-03-23 21:58:35 +0000] [174] [INFO] Application startup complete.
[2026-03-23 21:58:35 +0000] [176] [INFO] Started server process [176]
[2026-03-23 21:58:35 +0000] [176] [INFO] Waiting for application startup.
[2026-03-23 21:58:35 +0000] [176] [INFO] Application startup complete.
[2026-03-23 21:58:35 +0000] [180] [INFO] Booting worker with pid: 180
[2026-03-23 21:58:35 +0000] [181] [INFO] Booting worker with pid: 181
[2026-03-23 21:58:35 +0000] [183] [INFO] Booting worker with pid: 183
[2026-03-23 21:58:35 +0000] [177] [INFO] Started server process [177]
[2026-03-23 21:58:35 +0000] [177] [INFO] Waiting for application startup.
[2026-03-23 21:58:35 +0000] [177] [INFO] Application startup complete.
[2026-03-23 21:58:35 +0000] [181] [INFO] Started server process [181]
[2026-03-23 21:58:35 +0000] [181] [INFO] Waiting for application startup.
[2026-03-23 21:58:35 +0000] [181] [INFO] Application startup complete.
[2026-03-23 21:58:35 +0000] [180] [INFO] Started server process [180]
[2026-03-23 21:58:35 +0000] [180] [INFO] Waiting for application startup.
[2026-03-23 21:58:35 +0000] [180] [INFO] Application startup complete.
[2026-03-23 21:58:35 +0000] [187] [INFO] Booting worker with pid: 187
[2026-03-23 21:58:35 +0000] [183] [INFO] Started server process [183]
[2026-03-23 21:58:35 +0000] [183] [INFO] Waiting for application startup.
[2026-03-23 21:58:35 +0000] [183] [INFO] Application startup complete.
[2026-03-23 21:58:35 +0000] [188] [INFO] Booting worker with pid: 188
[2026-03-23 21:58:36 +0000] [187] [INFO] Started server process [187]
[2026-03-23 21:58:36 +0000] [187] [INFO] Waiting for application startup.
[2026-03-23 21:58:36 +0000] [187] [INFO] Application startup complete.
[2026-03-23 21:58:36 +0000] [190] [INFO] Booting worker with pid: 190
[2026-03-23 21:58:36 +0000] [188] [INFO] Started server process [188]
[2026-03-23 21:58:36 +0000] [188] [INFO] Waiting for application startup.
[2026-03-23 21:58:36 +0000] [188] [INFO] Application startup complete.
[2026-03-23 21:58:36 +0000] [192] [INFO] Booting worker with pid: 192
[2026-03-23 21:58:36 +0000] [190] [INFO] Started server process [190]
[2026-03-23 21:58:36 +0000] [190] [INFO] Waiting for application startup.
[2026-03-23 21:58:36 +0000] [190] [INFO] Application startup complete.
[2026-03-23 21:58:36 +0000] [194] [INFO] Booting worker with pid: 194
[2026-03-23 21:58:36 +0000] [195] [INFO] Booting worker with pid: 195
[2026-03-23 21:58:36 +0000] [192] [INFO] Started server process [192]
[2026-03-23 21:58:36 +0000] [192] [INFO] Waiting for application startup.
[2026-03-23 21:58:36 +0000] [192] [INFO] Application startup complete.
[2026-03-23 21:58:36 +0000] [197] [INFO] Booting worker with pid: 197
[2026-03-23 21:58:36 +0000] [194] [INFO] Started server process [194]
[2026-03-23 21:58:36 +0000] [194] [INFO] Waiting for application startup.
[2026-03-23 21:58:36 +0000] [194] [INFO] Application startup complete.
[2026-03-23 21:58:36 +0000] [195] [INFO] Started server process [195]
[2026-03-23 21:58:36 +0000] [195] [INFO] Waiting for application startup.
[2026-03-23 21:58:36 +0000] [195] [INFO] Application startup complete.
[2026-03-23 21:58:36 +0000] [200] [INFO] Booting worker with pid: 200
[2026-03-23 21:58:36 +0000] [197] [INFO] Started server process [197]
[2026-03-23 21:58:36 +0000] [197] [INFO] Waiting for application startup.
[2026-03-23 21:58:36 +0000] [197] [INFO] Application startup complete.
[2026-03-23 21:58:36 +0000] [202] [INFO] Booting worker with pid: 202
[2026-03-23 21:58:36 +0000] [200] [INFO] Started server process [200]
[2026-03-23 21:58:36 +0000] [200] [INFO] Waiting for application startup.
[2026-03-23 21:58:36 +0000] [200] [INFO] Application startup complete.
[2026-03-23 21:58:36 +0000] [204] [INFO] Booting worker with pid: 204
[2026-03-23 21:58:36 +0000] [205] [INFO] Booting worker with pid: 205
[2026-03-23 21:58:36 +0000] [206] [INFO] Booting worker with pid: 206
[2026-03-23 21:58:36 +0000] [208] [INFO] Booting worker with pid: 208
[2026-03-23 21:58:36 +0000] [204] [INFO] Started server process [204]
[2026-03-23 21:58:36 +0000] [204] [INFO] Waiting for application startup.
[2026-03-23 21:58:36 +0000] [204] [INFO] Application startup complete.
[2026-03-23 21:58:36 +0000] [202] [INFO] Started server process [202]
[2026-03-23 21:58:36 +0000] [202] [INFO] Waiting for application startup.
[2026-03-23 21:58:36 +0000] [202] [INFO] Application startup complete.
[2026-03-23 21:58:36 +0000] [210] [INFO] Booting worker with pid: 210
[2026-03-23 21:58:36 +0000] [205] [INFO] Started server process [205]
[2026-03-23 21:58:36 +0000] [205] [INFO] Waiting for application startup.
[2026-03-23 21:58:36 +0000] [205] [INFO] Application startup complete.
[2026-03-23 21:58:36 +0000] [212] [INFO] Booting worker with pid: 212
[2026-03-23 21:58:36 +0000] [214] [INFO] Booting worker with pid: 214
[2026-03-23 21:58:36 +0000] [208] [INFO] Started server process [208]
[2026-03-23 21:58:36 +0000] [208] [INFO] Waiting for application startup.
[2026-03-23 21:58:36 +0000] [208] [INFO] Application startup complete.
[2026-03-23 21:58:36 +0000] [206] [INFO] Started server process [206]
[2026-03-23 21:58:36 +0000] [206] [INFO] Waiting for application startup.
[2026-03-23 21:58:36 +0000] [206] [INFO] Application startup complete.
[2026-03-23 21:58:36 +0000] [210] [INFO] Started server process [210]
[2026-03-23 21:58:36 +0000] [210] [INFO] Waiting for application startup.
[2026-03-23 21:58:36 +0000] [210] [INFO] Application startup complete.
[2026-03-23 21:58:36 +0000] [212] [INFO] Started server process [212]
[2026-03-23 21:58:36 +0000] [212] [INFO] Waiting for application startup.
[2026-03-23 21:58:36 +0000] [212] [INFO] Application startup complete.
[2026-03-23 21:58:36 +0000] [214] [INFO] Started server process [214]
[2026-03-23 21:58:36 +0000] [214] [INFO] Waiting for application startup.
[2026-03-23 21:58:36 +0000] [214] [INFO] Application startup complete.
[2026-03-23 21:58:36 +0000] [219] [INFO] Booting worker with pid: 219
[2026-03-23 21:58:36 +0000] [220] [INFO] Booting worker with pid: 220
[2026-03-23 21:58:37 +0000] [219] [INFO] Started server process [219]
[2026-03-23 21:58:37 +0000] [219] [INFO] Waiting for application startup.
[2026-03-23 21:58:37 +0000] [219] [INFO] Application startup complete.
[2026-03-23 21:58:37 +0000] [222] [INFO] Booting worker with pid: 222
[2026-03-23 21:58:37 +0000] [220] [INFO] Started server process [220]
[2026-03-23 21:58:37 +0000] [220] [INFO] Waiting for application startup.
[2026-03-23 21:58:37 +0000] [220] [INFO] Application startup complete.
[2026-03-23 21:58:37 +0000] [224] [INFO] Booting worker with pid: 224
[2026-03-23 21:58:37 +0000] [225] [INFO] Booting worker with pid: 225
[2026-03-23 21:58:37 +0000] [222] [INFO] Started server process [222]
[2026-03-23 21:58:37 +0000] [222] [INFO] Waiting for application startup.
[2026-03-23 21:58:37 +0000] [222] [INFO] Application startup complete.
[2026-03-23 21:58:37 +0000] [224] [INFO] Started server process [224]
[2026-03-23 21:58:37 +0000] [224] [INFO] Waiting for application startup.
[2026-03-23 21:58:37 +0000] [224] [INFO] Application startup complete.
[2026-03-23 21:58:37 +0000] [229] [INFO] Booting worker with pid: 229
[2026-03-23 21:58:37 +0000] [225] [INFO] Started server process [225]
[2026-03-23 21:58:37 +0000] [225] [INFO] Waiting for application startup.
[2026-03-23 21:58:37 +0000] [225] [INFO] Application startup complete.
[2026-03-23 21:58:37 +0000] [231] [INFO] Booting worker with pid: 231
[2026-03-23 21:58:37 +0000] [229] [INFO] Started server process [229]
[2026-03-23 21:58:37 +0000] [229] [INFO] Waiting for application startup.
[2026-03-23 21:58:37 +0000] [229] [INFO] Application startup complete.
[2026-03-23 21:58:37 +0000] [231] [INFO] Started server process [231]
[2026-03-23 21:58:37 +0000] [231] [INFO] Waiting for application startup.
[2026-03-23 21:58:37 +0000] [231] [INFO] Application startup complete.
[2026-03-23 21:58:37 +0000] [233] [INFO] Booting worker with pid: 233
[2026-03-23 21:58:37 +0000] [234] [INFO] Booting worker with pid: 234
[2026-03-23 21:58:37 +0000] [233] [INFO] Started server process [233]
[2026-03-23 21:58:37 +0000] [233] [INFO] Waiting for application startup.
[2026-03-23 21:58:37 +0000] [233] [INFO] Application startup complete.
[2026-03-23 21:58:37 +0000] [234] [INFO] Started server process [234]
[2026-03-23 21:58:37 +0000] [234] [INFO] Waiting for application startup.
[2026-03-23 21:58:37 +0000] [234] [INFO] Application startup complete.
[2026-03-23 21:58:37 +0000] [237] [INFO] Booting worker with pid: 237
[2026-03-23 21:58:37 +0000] [238] [INFO] Booting worker with pid: 238
[2026-03-23 21:58:37 +0000] [237] [INFO] Started server process [237]
[2026-03-23 21:58:37 +0000] [237] [INFO] Waiting for application startup.
[2026-03-23 21:58:37 +0000] [237] [INFO] Application startup complete.
[2026-03-23 21:58:37 +0000] [238] [INFO] Started server process [238]
[2026-03-23 21:58:37 +0000] [238] [INFO] Waiting for application startup.
[2026-03-23 21:58:37 +0000] [238] [INFO] Application startup complete.
[2026-03-23 21:58:37 +0000] [241] [INFO] Booting worker with pid: 241
[2026-03-23 21:58:37 +0000] [241] [INFO] Started server process [241]
[2026-03-23 21:58:37 +0000] [241] [INFO] Waiting for application startup.
[2026-03-23 21:58:37 +0000] [241] [INFO] Application startup complete.
[2026-03-23 21:58:37 +0000] [243] [INFO] Booting worker with pid: 243
[2026-03-23 21:58:37 +0000] [244] [INFO] Booting worker with pid: 244
[2026-03-23 21:58:37 +0000] [245] [INFO] Booting worker with pid: 245
[2026-03-23 21:58:37 +0000] [243] [INFO] Started server process [243]
[2026-03-23 21:58:37 +0000] [243] [INFO] Waiting for application startup.
[2026-03-23 21:58:37 +0000] [243] [INFO] Application startup complete.
[2026-03-23 21:58:37 +0000] [244] [INFO] Started server process [244]
[2026-03-23 21:58:37 +0000] [244] [INFO] Waiting for application startup.
[2026-03-23 21:58:37 +0000] [244] [INFO] Application startup complete.
[2026-03-23 21:58:37 +0000] [245] [INFO] Started server process [245]
[2026-03-23 21:58:37 +0000] [245] [INFO] Waiting for application startup.
[2026-03-23 21:58:37 +0000] [245] [INFO] Application startup complete.
[2026-03-23 21:58:37 +0000] [249] [INFO] Booting worker with pid: 249
[2026-03-23 21:58:37 +0000] [249] [INFO] Started server process [249]
[2026-03-23 21:58:37 +0000] [249] [INFO] Waiting for application startup.
[2026-03-23 21:58:37 +0000] [249] [INFO] Application startup complete.
[2026-03-23 21:58:37 +0000] [251] [INFO] Booting worker with pid: 251
[2026-03-23 21:58:37 +0000] [251] [INFO] Started server process [251]
[2026-03-23 21:58:37 +0000] [251] [INFO] Waiting for application startup.
[2026-03-23 21:58:37 +0000] [251] [INFO] Application startup complete.
[2026-03-23 21:58:37 +0000] [253] [INFO] Booting worker with pid: 253
[2026-03-23 21:58:37 +0000] [254] [INFO] Booting worker with pid: 254
[2026-03-23 21:58:37 +0000] [253] [INFO] Started server process [253]
[2026-03-23 21:58:37 +0000] [253] [INFO] Waiting for application startup.
[2026-03-23 21:58:37 +0000] [253] [INFO] Application startup complete.
[2026-03-23 21:58:37 +0000] [256] [INFO] Booting worker with pid: 256
[2026-03-23 21:58:38 +0000] [257] [INFO] Booting worker with pid: 257
[2026-03-23 21:58:38 +0000] [254] [INFO] Started server process [254]
[2026-03-23 21:58:38 +0000] [254] [INFO] Waiting for application startup.
[2026-03-23 21:58:38 +0000] [254] [INFO] Application startup complete.
[2026-03-23 21:58:38 +0000] [259] [INFO] Booting worker with pid: 259
[2026-03-23 21:58:38 +0000] [261] [INFO] Booting worker with pid: 261
[2026-03-23 21:58:38 +0000] [256] [INFO] Started server process [256]
[2026-03-23 21:58:38 +0000] [256] [INFO] Waiting for application startup.
[2026-03-23 21:58:38 +0000] [256] [INFO] Application startup complete.
[2026-03-23 21:58:38 +0000] [263] [INFO] Booting worker with pid: 263
[2026-03-23 21:58:38 +0000] [257] [INFO] Started server process [257]
[2026-03-23 21:58:38 +0000] [257] [INFO] Waiting for application startup.
[2026-03-23 21:58:38 +0000] [257] [INFO] Application startup complete.
[2026-03-23 21:58:38 +0000] [259] [INFO] Started server process [259]
[2026-03-23 21:58:38 +0000] [259] [INFO] Waiting for application startup.
[2026-03-23 21:58:38 +0000] [259] [INFO] Application startup complete.
[2026-03-23 21:58:38 +0000] [261] [INFO] Started server process [261]
[2026-03-23 21:58:38 +0000] [261] [INFO] Waiting for application startup.
[2026-03-23 21:58:38 +0000] [261] [INFO] Application startup complete.
[2026-03-23 21:58:38 +0000] [263] [INFO] Started server process [263]
[2026-03-23 21:58:38 +0000] [263] [INFO] Waiting for application startup.
[2026-03-23 21:58:38 +0000] [263] [INFO] Application startup complete.
[2026-03-23 21:58:38 +0000] [267] [INFO] Booting worker with pid: 267
[2026-03-23 21:58:38 +0000] [269] [INFO] Booting worker with pid: 269
[2026-03-23 21:58:38 +0000] [267] [INFO] Started server process [267]
[2026-03-23 21:58:38 +0000] [267] [INFO] Waiting for application startup.
[2026-03-23 21:58:38 +0000] [267] [INFO] Application startup complete.
[2026-03-23 21:58:38 +0000] [269] [INFO] Started server process [269]
[2026-03-23 21:58:38 +0000] [269] [INFO] Waiting for application startup.
[2026-03-23 21:58:38 +0000] [269] [INFO] Application startup complete.
[2026-03-23 21:58:38 +0000] [271] [INFO] Booting worker with pid: 271
[2026-03-23 21:58:38 +0000] [271] [INFO] Started server process [271]
[2026-03-23 21:58:38 +0000] [271] [INFO] Waiting for application startup.
[2026-03-23 21:58:38 +0000] [271] [INFO] Application startup complete.
[2026-03-23 21:58:38 +0000] [273] [INFO] Booting worker with pid: 273
[2026-03-23 21:58:38 +0000] [274] [INFO] Booting worker with pid: 274
[2026-03-23 21:58:38 +0000] [273] [INFO] Started server process [273]
[2026-03-23 21:58:38 +0000] [273] [INFO] Waiting for application startup.
[2026-03-23 21:58:38 +0000] [273] [INFO] Application startup complete.
[2026-03-23 21:58:38 +0000] [274] [INFO] Started server process [274]
[2026-03-23 21:58:38 +0000] [274] [INFO] Waiting for application startup.
[2026-03-23 21:58:38 +0000] [274] [INFO] Application startup complete.
[2026-03-23 21:58:38 +0000] [277] [INFO] Booting worker with pid: 277
[2026-03-23 21:58:38 +0000] [278] [INFO] Booting worker with pid: 278
[2026-03-23 21:58:38 +0000] [280] [INFO] Booting worker with pid: 280
[2026-03-23 21:58:38 +0000] [277] [INFO] Started server process [277]
[2026-03-23 21:58:38 +0000] [277] [INFO] Waiting for application startup.
[2026-03-23 21:58:38 +0000] [277] [INFO] Application startup complete.
[2026-03-23 21:58:38 +0000] [278] [INFO] Started server process [278]
[2026-03-23 21:58:38 +0000] [278] [INFO] Waiting for application startup.
[2026-03-23 21:58:38 +0000] [278] [INFO] Application startup complete.
[2026-03-23 21:58:38 +0000] [280] [INFO] Started server process [280]
[2026-03-23 21:58:38 +0000] [280] [INFO] Waiting for application startup.
[2026-03-23 21:58:38 +0000] [280] [INFO] Application startup complete.
[2026-03-23 21:58:38 +0000] [283] [INFO] Booting worker with pid: 283
[2026-03-23 21:58:38 +0000] [283] [INFO] Started server process [283]
[2026-03-23 21:58:38 +0000] [283] [INFO] Waiting for application startup.
[2026-03-23 21:58:38 +0000] [283] [INFO] Application startup complete.
[2026-03-23 21:58:38 +0000] [285] [INFO] Booting worker with pid: 285
[2026-03-23 21:58:38 +0000] [286] [INFO] Booting worker with pid: 286
[2026-03-23 21:58:38 +0000] [285] [INFO] Started server process [285]
[2026-03-23 21:58:38 +0000] [285] [INFO] Waiting for application startup.
[2026-03-23 21:58:38 +0000] [285] [INFO] Application startup complete.
[2026-03-23 21:58:38 +0000] [288] [INFO] Booting worker with pid: 288
[2026-03-23 21:58:38 +0000] [286] [INFO] Started server process [286]
[2026-03-23 21:58:38 +0000] [286] [INFO] Waiting for application startup.
[2026-03-23 21:58:38 +0000] [286] [INFO] Application startup complete.
[2026-03-23 21:58:38 +0000] [288] [INFO] Started server process [288]
[2026-03-23 21:58:38 +0000] [288] [INFO] Waiting for application startup.
[2026-03-23 21:58:38 +0000] [288] [INFO] Application startup complete.
[2026-03-23 21:58:38 +0000] [291] [INFO] Booting worker with pid: 291
[2026-03-23 21:58:38 +0000] [291] [INFO] Started server process [291]
[2026-03-23 21:58:38 +0000] [291] [INFO] Waiting for application startup.
[2026-03-23 21:58:38 +0000] [291] [INFO] Application startup complete.
[2026-03-23 21:58:38 +0000] [293] [INFO] Booting worker with pid: 293
[2026-03-23 21:58:38 +0000] [294] [INFO] Booting worker with pid: 294
[2026-03-23 21:58:38 +0000] [295] [INFO] Booting worker with pid: 295
[2026-03-23 21:58:38 +0000] [293] [INFO] Started server process [293]
[2026-03-23 21:58:38 +0000] [293] [INFO] Waiting for application startup.
[2026-03-23 21:58:38 +0000] [293] [INFO] Application startup complete.
[2026-03-23 21:58:39 +0000] [294] [INFO] Started server process [294]
[2026-03-23 21:58:39 +0000] [294] [INFO] Waiting for application startup.
[2026-03-23 21:58:39 +0000] [294] [INFO] Application startup complete.
[2026-03-23 21:58:39 +0000] [298] [INFO] Booting worker with pid: 298
[2026-03-23 21:58:39 +0000] [295] [INFO] Started server process [295]
[2026-03-23 21:58:39 +0000] [295] [INFO] Waiting for application startup.
[2026-03-23 21:58:39 +0000] [295] [INFO] Application startup complete.
[2026-03-23 21:58:39 +0000] [298] [INFO] Started server process [298]
[2026-03-23 21:58:39 +0000] [298] [INFO] Waiting for application startup.
[2026-03-23 21:58:39 +0000] [298] [INFO] Application startup complete.
[2026-03-23 21:58:39 +0000] [301] [INFO] Booting worker with pid: 301
[2026-03-23 21:58:39 +0000] [302] [INFO] Booting worker with pid: 302
[2026-03-23 21:58:39 +0000] [303] [INFO] Booting worker with pid: 303
[2026-03-23 21:58:39 +0000] [301] [INFO] Started server process [301]
[2026-03-23 21:58:39 +0000] [301] [INFO] Waiting for application startup.
[2026-03-23 21:58:39 +0000] [301] [INFO] Application startup complete.
[2026-03-23 21:58:39 +0000] [302] [INFO] Started server process [302]
[2026-03-23 21:58:39 +0000] [302] [INFO] Waiting for application startup.
[2026-03-23 21:58:39 +0000] [302] [INFO] Application startup complete.
[2026-03-23 21:58:39 +0000] [303] [INFO] Started server process [303]
[2026-03-23 21:58:39 +0000] [303] [INFO] Waiting for application startup.
[2026-03-23 21:58:39 +0000] [303] [INFO] Application startup complete.
[2026-03-23 21:58:39 +0000] [307] [INFO] Booting worker with pid: 307
[2026-03-23 21:58:39 +0000] [308] [INFO] Booting worker with pid: 308
[2026-03-23 21:58:39 +0000] [307] [INFO] Started server process [307]
[2026-03-23 21:58:39 +0000] [307] [INFO] Waiting for application startup.
[2026-03-23 21:58:39 +0000] [307] [INFO] Application startup complete.
[2026-03-23 21:58:39 +0000] [311] [INFO] Booting worker with pid: 311
[2026-03-23 21:58:39 +0000] [308] [INFO] Started server process [308]
[2026-03-23 21:58:39 +0000] [308] [INFO] Waiting for application startup.
[2026-03-23 21:58:39 +0000] [308] [INFO] Application startup complete.
[2026-03-23 21:58:39 +0000] [312] [INFO] Booting worker with pid: 312
[2026-03-23 21:58:39 +0000] [311] [INFO] Started server process [311]
[2026-03-23 21:58:39 +0000] [311] [INFO] Waiting for application startup.
[2026-03-23 21:58:39 +0000] [311] [INFO] Application startup complete.
[2026-03-23 21:58:39 +0000] [312] [INFO] Started server process [312]
[2026-03-23 21:58:39 +0000] [312] [INFO] Waiting for application startup.
[2026-03-23 21:58:39 +0000] [312] [INFO] Application startup complete.
[2026-03-23 21:58:39 +0000] [315] [INFO] Booting worker with pid: 315
[2026-03-23 21:58:39 +0000] [317] [INFO] Booting worker with pid: 317
[2026-03-23 21:58:39 +0000] [315] [INFO] Started server process [315]
[2026-03-23 21:58:39 +0000] [315] [INFO] Waiting for application startup.
[2026-03-23 21:58:39 +0000] [315] [INFO] Application startup complete.
[2026-03-23 21:58:39 +0000] [318] [INFO] Booting worker with pid: 318
[2026-03-23 21:58:39 +0000] [317] [INFO] Started server process [317]
[2026-03-23 21:58:39 +0000] [317] [INFO] Waiting for application startup.
[2026-03-23 21:58:39 +0000] [317] [INFO] Application startup complete.
[2026-03-23 21:58:39 +0000] [318] [INFO] Started server process [318]
[2026-03-23 21:58:39 +0000] [318] [INFO] Waiting for application startup.
[2026-03-23 21:58:39 +0000] [318] [INFO] Application startup complete.
[2026-03-23 21:58:39 +0000] [321] [INFO] Booting worker with pid: 321
[2026-03-23 21:58:39 +0000] [322] [INFO] Booting worker with pid: 322
[2026-03-23 21:58:39 +0000] [321] [INFO] Started server process [321]
[2026-03-23 21:58:39 +0000] [321] [INFO] Waiting for application startup.
[2026-03-23 21:58:39 +0000] [321] [INFO] Application startup complete.
[2026-03-23 21:58:39 +0000] [325] [INFO] Booting worker with pid: 325
[2026-03-23 21:58:39 +0000] [322] [INFO] Started server process [322]
[2026-03-23 21:58:39 +0000] [322] [INFO] Waiting for application startup.
[2026-03-23 21:58:39 +0000] [322] [INFO] Application startup complete.
[2026-03-23 21:58:39 +0000] [326] [INFO] Booting worker with pid: 326
[2026-03-23 21:58:39 +0000] [328] [INFO] Booting worker with pid: 328
[2026-03-23 21:58:39 +0000] [325] [INFO] Started server process [325]
[2026-03-23 21:58:39 +0000] [325] [INFO] Waiting for application startup.
[2026-03-23 21:58:39 +0000] [325] [INFO] Application startup complete.
[2026-03-23 21:58:39 +0000] [326] [INFO] Started server process [326]
[2026-03-23 21:58:39 +0000] [326] [INFO] Waiting for application startup.
[2026-03-23 21:58:39 +0000] [326] [INFO] Application startup complete.
[2026-03-23 21:58:39 +0000] [330] [INFO] Booting worker with pid: 330
[2026-03-23 21:58:39 +0000] [328] [INFO] Started server process [328]
[2026-03-23 21:58:39 +0000] [328] [INFO] Waiting for application startup.
[2026-03-23 21:58:39 +0000] [328] [INFO] Application startup complete.
[2026-03-23 21:58:39 +0000] [332] [INFO] Booting worker with pid: 332
[2026-03-23 21:58:39 +0000] [330] [INFO] Started server process [330]
[2026-03-23 21:58:39 +0000] [330] [INFO] Waiting for application startup.
[2026-03-23 21:58:39 +0000] [330] [INFO] Application startup complete.
[2026-03-23 21:58:39 +0000] [334] [INFO] Booting worker with pid: 334
[2026-03-23 21:58:39 +0000] [332] [INFO] Started server process [332]
[2026-03-23 21:58:39 +0000] [332] [INFO] Waiting for application startup.
[2026-03-23 21:58:39 +0000] [332] [INFO] Application startup complete.
[2026-03-23 21:58:39 +0000] [336] [INFO] Booting worker with pid: 336
[2026-03-23 21:58:40 +0000] [334] [INFO] Started server process [334]
[2026-03-23 21:58:40 +0000] [334] [INFO] Waiting for application startup.
[2026-03-23 21:58:40 +0000] [334] [INFO] Application startup complete.
[2026-03-23 21:58:40 +0000] [339] [INFO] Booting worker with pid: 339
[2026-03-23 21:58:40 +0000] [336] [INFO] Started server process [336]
[2026-03-23 21:58:40 +0000] [336] [INFO] Waiting for application startup.
[2026-03-23 21:58:40 +0000] [336] [INFO] Application startup complete.
[2026-03-23 21:58:40 +0000] [339] [INFO] Started server process [339]
[2026-03-23 21:58:40 +0000] [339] [INFO] Waiting for application startup.
[2026-03-23 21:58:40 +0000] [339] [INFO] Application startup complete.
[2026-03-23 21:58:40 +0000] [341] [INFO] Booting worker with pid: 341
[2026-03-23 21:58:40 +0000] [341] [INFO] Started server process [341]
[2026-03-23 21:58:40 +0000] [341] [INFO] Waiting for application startup.
[2026-03-23 21:58:40 +0000] [341] [INFO] Application startup complete.
[2026-03-23 21:58:40 +0000] [343] [INFO] Booting worker with pid: 343
[2026-03-23 21:58:40 +0000] [344] [INFO] Booting worker with pid: 344
[2026-03-23 21:58:40 +0000] [345] [INFO] Booting worker with pid: 345
[2026-03-23 21:58:40 +0000] [343] [INFO] Started server process [343]
[2026-03-23 21:58:40 +0000] [343] [INFO] Waiting for application startup.
[2026-03-23 21:58:40 +0000] [343] [INFO] Application startup complete.
[2026-03-23 21:58:40 +0000] [347] [INFO] Booting worker with pid: 347
[2026-03-23 21:58:40 +0000] [349] [INFO] Booting worker with pid: 349
[2026-03-23 21:58:40 +0000] [344] [INFO] Started server process [344]
[2026-03-23 21:58:40 +0000] [344] [INFO] Waiting for application startup.
[2026-03-23 21:58:40 +0000] [344] [INFO] Application startup complete.
[2026-03-23 21:58:40 +0000] [345] [INFO] Started server process [345]
[2026-03-23 21:58:40 +0000] [345] [INFO] Waiting for application startup.
[2026-03-23 21:58:40 +0000] [345] [INFO] Application startup complete.
[2026-03-23 21:58:40 +0000] [351] [INFO] Booting worker with pid: 351
[2026-03-23 21:58:40 +0000] [353] [INFO] Booting worker with pid: 353
[2026-03-23 21:58:40 +0000] [351] [INFO] Started server process [351]
[2026-03-23 21:58:40 +0000] [351] [INFO] Waiting for application startup.
[2026-03-23 21:58:40 +0000] [351] [INFO] Application startup complete.
[2026-03-23 21:58:40 +0000] [347] [INFO] Started server process [347]
[2026-03-23 21:58:40 +0000] [347] [INFO] Waiting for application startup.
[2026-03-23 21:58:40 +0000] [347] [INFO] Application startup complete.
[2026-03-23 21:58:40 +0000] [355] [INFO] Booting worker with pid: 355
[2026-03-23 21:58:40 +0000] [357] [INFO] Booting worker with pid: 357
[2026-03-23 21:58:40 +0000] [359] [INFO] Booting worker with pid: 359
[2026-03-23 21:58:40 +0000] [349] [INFO] Started server process [349]
[2026-03-23 21:58:40 +0000] [349] [INFO] Waiting for application startup.
[2026-03-23 21:58:40 +0000] [349] [INFO] Application startup complete.
[2026-03-23 21:58:40 +0000] [353] [INFO] Started server process [353]
[2026-03-23 21:58:40 +0000] [353] [INFO] Waiting for application startup.
[2026-03-23 21:58:40 +0000] [353] [INFO] Application startup complete.
[2026-03-23 21:58:40 +0000] [360] [INFO] Booting worker with pid: 360
[2026-03-23 21:58:40 +0000] [355] [INFO] Started server process [355]
[2026-03-23 21:58:40 +0000] [355] [INFO] Waiting for application startup.
[2026-03-23 21:58:40 +0000] [355] [INFO] Application startup complete.
[2026-03-23 21:58:40 +0000] [357] [INFO] Started server process [357]
[2026-03-23 21:58:40 +0000] [357] [INFO] Waiting for application startup.
[2026-03-23 21:58:40 +0000] [357] [INFO] Application startup complete.
[2026-03-23 21:58:40 +0000] [363] [INFO] Booting worker with pid: 363
[2026-03-23 21:58:40 +0000] [360] [INFO] Started server process [360]
[2026-03-23 21:58:40 +0000] [360] [INFO] Waiting for application startup.
[2026-03-23 21:58:40 +0000] [360] [INFO] Application startup complete.
[2026-03-23 21:58:40 +0000] [365] [INFO] Booting worker with pid: 365
[2026-03-23 21:58:40 +0000] [366] [INFO] Booting worker with pid: 366
[2026-03-23 21:58:40 +0000] [367] [INFO] Booting worker with pid: 367
[2026-03-23 21:58:40 +0000] [363] [INFO] Started server process [363]
[2026-03-23 21:58:40 +0000] [363] [INFO] Waiting for application startup.
[2026-03-23 21:58:40 +0000] [363] [INFO] Application startup complete.
[2026-03-23 21:58:41 +0000] [365] [INFO] Started server process [365]
[2026-03-23 21:58:41 +0000] [365] [INFO] Waiting for application startup.
[2026-03-23 21:58:41 +0000] [365] [INFO] Application startup complete.
[2026-03-23 21:58:41 +0000] [370] [INFO] Booting worker with pid: 370
[2026-03-23 21:58:41 +0000] [372] [INFO] Booting worker with pid: 372
[2026-03-23 21:58:41 +0000] [366] [INFO] Started server process [366]
[2026-03-23 21:58:41 +0000] [366] [INFO] Waiting for application startup.
[2026-03-23 21:58:41 +0000] [366] [INFO] Application startup complete.
[2026-03-23 21:58:41 +0000] [374] [INFO] Booting worker with pid: 374
[2026-03-23 21:58:41 +0000] [375] [INFO] Booting worker with pid: 375
[2026-03-23 21:58:41 +0000] [359] [INFO] Started server process [359]
[2026-03-23 21:58:41 +0000] [359] [INFO] Waiting for application startup.
[2026-03-23 21:58:41 +0000] [359] [INFO] Application startup complete.
[2026-03-23 21:58:41 +0000] [367] [INFO] Started server process [367]
[2026-03-23 21:58:41 +0000] [367] [INFO] Waiting for application startup.
[2026-03-23 21:58:41 +0000] [367] [INFO] Application startup complete.
[2026-03-23 21:58:41 +0000] [377] [INFO] Booting worker with pid: 377
[2026-03-23 21:58:41 +0000] [380] [INFO] Booting worker with pid: 380
[2026-03-23 21:58:41 +0000] [370] [INFO] Started server process [370]
[2026-03-23 21:58:41 +0000] [370] [INFO] Waiting for application startup.
[2026-03-23 21:58:41 +0000] [370] [INFO] Application startup complete.
[2026-03-23 21:58:41 +0000] [372] [INFO] Started server process [372]
[2026-03-23 21:58:41 +0000] [372] [INFO] Waiting for application startup.
[2026-03-23 21:58:41 +0000] [372] [INFO] Application startup complete.
[2026-03-23 21:58:41 +0000] [382] [INFO] Booting worker with pid: 382
[2026-03-23 21:58:41 +0000] [384] [INFO] Booting worker with pid: 384
[2026-03-23 21:58:41 +0000] [377] [INFO] Started server process [377]
[2026-03-23 21:58:41 +0000] [377] [INFO] Waiting for application startup.
[2026-03-23 21:58:41 +0000] [377] [INFO] Application startup complete.
[2026-03-23 21:58:41 +0000] [385] [INFO] Booting worker with pid: 385
[2026-03-23 21:58:41 +0000] [374] [INFO] Started server process [374]
[2026-03-23 21:58:41 +0000] [374] [INFO] Waiting for application startup.
[2026-03-23 21:58:41 +0000] [374] [INFO] Application startup complete.
[2026-03-23 21:58:41 +0000] [375] [INFO] Started server process [375]
[2026-03-23 21:58:41 +0000] [375] [INFO] Waiting for application startup.
[2026-03-23 21:58:41 +0000] [375] [INFO] Application startup complete.
[2026-03-23 21:58:41 +0000] [387] [INFO] Booting worker with pid: 387
[2026-03-23 21:58:41 +0000] [380] [INFO] Started server process [380]
[2026-03-23 21:58:41 +0000] [380] [INFO] Waiting for application startup.
[2026-03-23 21:58:41 +0000] [380] [INFO] Application startup complete.
[2026-03-23 21:58:41 +0000] [392] [INFO] Booting worker with pid: 392
[2026-03-23 21:58:41 +0000] [385] [INFO] Started server process [385]
[2026-03-23 21:58:41 +0000] [385] [INFO] Waiting for application startup.
[2026-03-23 21:58:41 +0000] [385] [INFO] Application startup complete.
[2026-03-23 21:58:41 +0000] [384] [INFO] Started server process [384]
[2026-03-23 21:58:41 +0000] [384] [INFO] Waiting for application startup.
[2026-03-23 21:58:41 +0000] [384] [INFO] Application startup complete.
[2026-03-23 21:58:41 +0000] [393] [INFO] Booting worker with pid: 393
[2026-03-23 21:58:41 +0000] [382] [INFO] Started server process [382]
[2026-03-23 21:58:41 +0000] [382] [INFO] Waiting for application startup.
[2026-03-23 21:58:41 +0000] [382] [INFO] Application startup complete.
[2026-03-23 21:58:41 +0000] [394] [INFO] Booting worker with pid: 394
[2026-03-23 21:58:41 +0000] [395] [INFO] Booting worker with pid: 395
[2026-03-23 21:58:41 +0000] [396] [INFO] Booting worker with pid: 396
[2026-03-23 21:58:41 +0000] [398] [INFO] Booting worker with pid: 398
[2026-03-23 21:58:41 +0000] [387] [INFO] Started server process [387]
[2026-03-23 21:58:41 +0000] [387] [INFO] Waiting for application startup.
[2026-03-23 21:58:41 +0000] [387] [INFO] Application startup complete.
[2026-03-23 21:58:41 +0000] [393] [INFO] Started server process [393]
[2026-03-23 21:58:41 +0000] [393] [INFO] Waiting for application startup.
[2026-03-23 21:58:41 +0000] [393] [INFO] Application startup complete.
[2026-03-23 21:58:41 +0000] [392] [INFO] Started server process [392]
[2026-03-23 21:58:41 +0000] [392] [INFO] Waiting for application startup.
[2026-03-23 21:58:41 +0000] [392] [INFO] Application startup complete.
[2026-03-23 21:58:41 +0000] [401] [INFO] Booting worker with pid: 401
[2026-03-23 21:58:41 +0000] [396] [INFO] Started server process [396]
[2026-03-23 21:58:41 +0000] [396] [INFO] Waiting for application startup.
[2026-03-23 21:58:41 +0000] [396] [INFO] Application startup complete.
[2026-03-23 21:58:41 +0000] [394] [INFO] Started server process [394]
[2026-03-23 21:58:41 +0000] [394] [INFO] Waiting for application startup.
[2026-03-23 21:58:41 +0000] [394] [INFO] Application startup complete.
[2026-03-23 21:58:41 +0000] [405] [INFO] Booting worker with pid: 405
[2026-03-23 21:58:42 +0000] [395] [INFO] Started server process [395]
[2026-03-23 21:58:42 +0000] [395] [INFO] Waiting for application startup.
[2026-03-23 21:58:42 +0000] [395] [INFO] Application startup complete.
[2026-03-23 21:58:42 +0000] [406] [INFO] Booting worker with pid: 406
[2026-03-23 21:58:42 +0000] [405] [INFO] Started server process [405]
[2026-03-23 21:58:42 +0000] [405] [INFO] Waiting for application startup.
[2026-03-23 21:58:42 +0000] [405] [INFO] Application startup complete.
[2026-03-23 21:58:42 +0000] [408] [INFO] Booting worker with pid: 408
[2026-03-23 21:58:42 +0000] [398] [INFO] Started server process [398]
[2026-03-23 21:58:42 +0000] [398] [INFO] Waiting for application startup.
[2026-03-23 21:58:42 +0000] [398] [INFO] Application startup complete.
[2026-03-23 21:58:42 +0000] [401] [INFO] Started server process [401]
[2026-03-23 21:58:42 +0000] [401] [INFO] Waiting for application startup.
[2026-03-23 21:58:42 +0000] [401] [INFO] Application startup complete.
[2026-03-23 21:58:42 +0000] [411] [INFO] Booting worker with pid: 411
[2026-03-23 21:58:42 +0000] [412] [INFO] Booting worker with pid: 412
[2026-03-23 21:58:42 +0000] [414] [INFO] Booting worker with pid: 414
[2026-03-23 21:58:42 +0000] [406] [INFO] Started server process [406]
[2026-03-23 21:58:42 +0000] [406] [INFO] Waiting for application startup.
[2026-03-23 21:58:42 +0000] [406] [INFO] Application startup complete.
[2026-03-23 21:58:42 +0000] [415] [INFO] Booting worker with pid: 415
[2026-03-23 21:58:42 +0000] [416] [INFO] Booting worker with pid: 416
[2026-03-23 21:58:42 +0000] [414] [INFO] Started server process [414]
[2026-03-23 21:58:42 +0000] [414] [INFO] Waiting for application startup.
[2026-03-23 21:58:42 +0000] [414] [INFO] Application startup complete.
[2026-03-23 21:58:42 +0000] [415] [INFO] Started server process [415]
[2026-03-23 21:58:42 +0000] [415] [INFO] Waiting for application startup.
[2026-03-23 21:58:42 +0000] [415] [INFO] Application startup complete.
[2026-03-23 21:58:42 +0000] [421] [INFO] Booting worker with pid: 421
[2026-03-23 21:58:42 +0000] [411] [INFO] Started server process [411]
[2026-03-23 21:58:42 +0000] [411] [INFO] Waiting for application startup.
[2026-03-23 21:58:42 +0000] [411] [INFO] Application startup complete.
[2026-03-23 21:58:42 +0000] [424] [INFO] Booting worker with pid: 424
[2026-03-23 21:58:42 +0000] [416] [INFO] Started server process [416]
[2026-03-23 21:58:42 +0000] [416] [INFO] Waiting for application startup.
[2026-03-23 21:58:42 +0000] [416] [INFO] Application startup complete.
[2026-03-23 21:58:42 +0000] [408] [INFO] Started server process [408]
[2026-03-23 21:58:42 +0000] [408] [INFO] Waiting for application startup.
[2026-03-23 21:58:42 +0000] [408] [INFO] Application startup complete.
[2026-03-23 21:58:42 +0000] [412] [INFO] Started server process [412]
[2026-03-23 21:58:42 +0000] [412] [INFO] Waiting for application startup.
[2026-03-23 21:58:42 +0000] [412] [INFO] Application startup complete.
[2026-03-23 21:58:42 +0000] [425] [INFO] Booting worker with pid: 425
[2026-03-23 21:58:42 +0000] [426] [INFO] Booting worker with pid: 426
[2026-03-23 21:58:42 +0000] [427] [INFO] Booting worker with pid: 427
[2026-03-23 21:58:42 +0000] [428] [INFO] Booting worker with pid: 428
[2026-03-23 21:58:42 +0000] [429] [INFO] Booting worker with pid: 429
[2026-03-23 21:58:42 +0000] [426] [INFO] Started server process [426]
[2026-03-23 21:58:42 +0000] [426] [INFO] Waiting for application startup.
[2026-03-23 21:58:42 +0000] [426] [INFO] Application startup complete.
[2026-03-23 21:58:42 +0000] [433] [INFO] Booting worker with pid: 433
[2026-03-23 21:58:42 +0000] [421] [INFO] Started server process [421]
[2026-03-23 21:58:42 +0000] [421] [INFO] Waiting for application startup.
[2026-03-23 21:58:42 +0000] [421] [INFO] Application startup complete.
[2026-03-23 21:58:42 +0000] [434] [INFO] Booting worker with pid: 434
[2026-03-23 21:58:42 +0000] [424] [INFO] Started server process [424]
[2026-03-23 21:58:42 +0000] [424] [INFO] Waiting for application startup.
[2026-03-23 21:58:42 +0000] [424] [INFO] Application startup complete.
[2026-03-23 21:58:42 +0000] [438] [INFO] Booting worker with pid: 438
[2026-03-23 21:58:42 +0000] [427] [INFO] Started server process [427]
[2026-03-23 21:58:42 +0000] [427] [INFO] Waiting for application startup.
[2026-03-23 21:58:42 +0000] [428] [INFO] Started server process [428]
[2026-03-23 21:58:42 +0000] [428] [INFO] Waiting for application startup.
[2026-03-23 21:58:42 +0000] [427] [INFO] Application startup complete.
[2026-03-23 21:58:42 +0000] [428] [INFO] Application startup complete.
[2026-03-23 21:58:42 +0000] [425] [INFO] Started server process [425]
[2026-03-23 21:58:42 +0000] [425] [INFO] Waiting for application startup.
[2026-03-23 21:58:42 +0000] [439] [INFO] Booting worker with pid: 439
[2026-03-23 21:58:42 +0000] [425] [INFO] Application startup complete.
[2026-03-23 21:58:42 +0000] [440] [INFO] Booting worker with pid: 440
[2026-03-23 21:58:42 +0000] [442] [INFO] Booting worker with pid: 442
[2026-03-23 21:58:42 +0000] [429] [INFO] Started server process [429]
[2026-03-23 21:58:42 +0000] [429] [INFO] Waiting for application startup.
[2026-03-23 21:58:42 +0000] [429] [INFO] Application startup complete.
[2026-03-23 21:58:42 +0000] [433] [INFO] Started server process [433]
[2026-03-23 21:58:42 +0000] [433] [INFO] Waiting for application startup.
[2026-03-23 21:58:42 +0000] [433] [INFO] Application startup complete.
[2026-03-23 21:58:43 +0000] [434] [INFO] Started server process [434]
[2026-03-23 21:58:43 +0000] [434] [INFO] Waiting for application startup.
[2026-03-23 21:58:43 +0000] [434] [INFO] Application startup complete.
[2026-03-23 21:58:43 +0000] [445] [INFO] Booting worker with pid: 445
[2026-03-23 21:58:43 +0000] [439] [INFO] Started server process [439]
[2026-03-23 21:58:43 +0000] [439] [INFO] Waiting for application startup.
[2026-03-23 21:58:43 +0000] [439] [INFO] Application startup complete.
[2026-03-23 21:58:43 +0000] [448] [INFO] Booting worker with pid: 448
[2026-03-23 21:58:43 +0000] [438] [INFO] Started server process [438]
[2026-03-23 21:58:43 +0000] [438] [INFO] Waiting for application startup.
[2026-03-23 21:58:43 +0000] [438] [INFO] Application startup complete.
[2026-03-23 21:58:43 +0000] [440] [INFO] Started server process [440]
[2026-03-23 21:58:43 +0000] [440] [INFO] Waiting for application startup.
[2026-03-23 21:58:43 +0000] [440] [INFO] Application startup complete.
[2026-03-23 21:58:43 +0000] [451] [INFO] Booting worker with pid: 451
[2026-03-23 21:58:43 +0000] [445] [INFO] Started server process [445]
[2026-03-23 21:58:43 +0000] [445] [INFO] Waiting for application startup.
[2026-03-23 21:58:43 +0000] [445] [INFO] Application startup complete.
[2026-03-23 21:58:43 +0000] [453] [INFO] Booting worker with pid: 453
[2026-03-23 21:58:43 +0000] [442] [INFO] Started server process [442]
[2026-03-23 21:58:43 +0000] [442] [INFO] Waiting for application startup.
[2026-03-23 21:58:43 +0000] [442] [INFO] Application startup complete.
[2026-03-23 21:58:43 +0000] [454] [INFO] Booting worker with pid: 454
[2026-03-23 21:58:43 +0000] [456] [INFO] Booting worker with pid: 456
[2026-03-23 21:58:43 +0000] [448] [INFO] Started server process [448]
[2026-03-23 21:58:43 +0000] [448] [INFO] Waiting for application startup.
[2026-03-23 21:58:43 +0000] [448] [INFO] Application startup complete.
[2026-03-23 21:58:43 +0000] [451] [INFO] Started server process [451]
[2026-03-23 21:58:43 +0000] [451] [INFO] Waiting for application startup.
[2026-03-23 21:58:43 +0000] [451] [INFO] Application startup complete.
[2026-03-23 21:58:43 +0000] [458] [INFO] Booting worker with pid: 458
[2026-03-23 21:58:43 +0000] [461] [INFO] Booting worker with pid: 461
[2026-03-23 21:58:43 +0000] [453] [INFO] Started server process [453]
[2026-03-23 21:58:43 +0000] [453] [INFO] Waiting for application startup.
[2026-03-23 21:58:43 +0000] [453] [INFO] Application startup complete.
[2026-03-23 21:58:43 +0000] [454] [INFO] Started server process [454]
[2026-03-23 21:58:43 +0000] [454] [INFO] Waiting for application startup.
[2026-03-23 21:58:43 +0000] [454] [INFO] Application startup complete.
[2026-03-23 21:58:43 +0000] [463] [INFO] Booting worker with pid: 463
[2026-03-23 21:58:43 +0000] [456] [INFO] Started server process [456]
[2026-03-23 21:58:43 +0000] [456] [INFO] Waiting for application startup.
[2026-03-23 21:58:43 +0000] [456] [INFO] Application startup complete.
[2026-03-23 21:58:43 +0000] [465] [INFO] Booting worker with pid: 465
[2026-03-23 21:58:43 +0000] [458] [INFO] Started server process [458]
[2026-03-23 21:58:43 +0000] [458] [INFO] Waiting for application startup.
[2026-03-23 21:58:43 +0000] [458] [INFO] Application startup complete.
[2026-03-23 21:58:43 +0000] [467] [INFO] Booting worker with pid: 467
[2026-03-23 21:58:43 +0000] [468] [INFO] Booting worker with pid: 468
[2026-03-23 21:58:43 +0000] [461] [INFO] Started server process [461]
[2026-03-23 21:58:43 +0000] [461] [INFO] Waiting for application startup.
[2026-03-23 21:58:43 +0000] [461] [INFO] Application startup complete.
[2026-03-23 21:58:43 +0000] [465] [INFO] Started server process [465]
[2026-03-23 21:58:43 +0000] [465] [INFO] Waiting for application startup.
[2026-03-23 21:58:43 +0000] [465] [INFO] Application startup complete.
[2026-03-23 21:58:43 +0000] [463] [INFO] Started server process [463]
[2026-03-23 21:58:43 +0000] [463] [INFO] Waiting for application startup.
[2026-03-23 21:58:43 +0000] [463] [INFO] Application startup complete.
[2026-03-23 21:58:43 +0000] [471] [INFO] Booting worker with pid: 471
[2026-03-23 21:58:43 +0000] [472] [INFO] Booting worker with pid: 472
[2026-03-23 21:58:44 +0000] [468] [INFO] Started server process [468]
[2026-03-23 21:58:44 +0000] [468] [INFO] Waiting for application startup.
[2026-03-23 21:58:44 +0000] [468] [INFO] Application startup complete.
[2026-03-23 21:58:44 +0000] [475] [INFO] Booting worker with pid: 475
[2026-03-23 21:58:44 +0000] [471] [INFO] Started server process [471]
[2026-03-23 21:58:44 +0000] [471] [INFO] Waiting for application startup.
[2026-03-23 21:58:44 +0000] [471] [INFO] Application startup complete.
[2026-03-23 21:58:44 +0000] [467] [INFO] Started server process [467]
[2026-03-23 21:58:44 +0000] [467] [INFO] Waiting for application startup.
[2026-03-23 21:58:44 +0000] [467] [INFO] Application startup complete.
[2026-03-23 21:58:44 +0000] [477] [INFO] Booting worker with pid: 477
[2026-03-23 21:58:44 +0000] [475] [INFO] Started server process [475]
[2026-03-23 21:58:44 +0000] [475] [INFO] Waiting for application startup.
[2026-03-23 21:58:44 +0000] [475] [INFO] Application startup complete.
[2026-03-23 21:58:44 +0000] [472] [INFO] Started server process [472]
[2026-03-23 21:58:44 +0000] [472] [INFO] Waiting for application startup.
[2026-03-23 21:58:44 +0000] [472] [INFO] Application startup complete.
[2026-03-23 21:58:44 +0000] [480] [INFO] Booting worker with pid: 480
[2026-03-23 21:58:44 +0000] [481] [INFO] Booting worker with pid: 481
[2026-03-23 21:58:44 +0000] [477] [INFO] Started server process [477]
[2026-03-23 21:58:44 +0000] [477] [INFO] Waiting for application startup.
[2026-03-23 21:58:44 +0000] [477] [INFO] Application startup complete.
[2026-03-23 21:58:44 +0000] [480] [INFO] Started server process [480]
[2026-03-23 21:58:44 +0000] [480] [INFO] Waiting for application startup.
[2026-03-23 21:58:44 +0000] [480] [INFO] Application startup complete.
[2026-03-23 21:58:44 +0000] [481] [INFO] Started server process [481]
[2026-03-23 21:58:44 +0000] [481] [INFO] Waiting for application startup.
[2026-03-23 21:58:44 +0000] [481] [INFO] Application startup complete.
[2026-03-23 21:58:44 +0000] [485] [INFO] Booting worker with pid: 485
[2026-03-23 21:58:44 +0000] [487] [INFO] Booting worker with pid: 487
[2026-03-23 21:58:44 +0000] [485] [INFO] Started server process [485]
[2026-03-23 21:58:44 +0000] [485] [INFO] Waiting for application startup.
[2026-03-23 21:58:44 +0000] [485] [INFO] Application startup complete.
[2026-03-23 21:58:44 +0000] [487] [INFO] Started server process [487]
[2026-03-23 21:58:44 +0000] [487] [INFO] Waiting for application startup.
[2026-03-23 21:58:44 +0000] [487] [INFO] Application startup complete.
[2026-03-23 21:58:44 +0000] [489] [INFO] Booting worker with pid: 489
[2026-03-23 21:58:44 +0000] [489] [INFO] Started server process [489]
[2026-03-23 21:58:44 +0000] [489] [INFO] Waiting for application startup.
[2026-03-23 21:58:44 +0000] [489] [INFO] Application startup complete.
[2026-03-23 21:58:44 +0000] [491] [INFO] Booting worker with pid: 491
[2026-03-23 21:58:44 +0000] [492] [INFO] Booting worker with pid: 492
[2026-03-23 21:58:44 +0000] [491] [INFO] Started server process [491]
[2026-03-23 21:58:44 +0000] [491] [INFO] Waiting for application startup.
[2026-03-23 21:58:44 +0000] [491] [INFO] Application startup complete.
[2026-03-23 21:58:44 +0000] [492] [INFO] Started server process [492]
[2026-03-23 21:58:44 +0000] [492] [INFO] Waiting for application startup.
[2026-03-23 21:58:44 +0000] [492] [INFO] Application startup complete.
[2026-03-23 21:58:44 +0000] [495] [INFO] Booting worker with pid: 495
[2026-03-23 21:58:44 +0000] [496] [INFO] Booting worker with pid: 496
[2026-03-23 21:58:44 +0000] [497] [INFO] Booting worker with pid: 497
[2026-03-23 21:58:44 +0000] [495] [INFO] Started server process [495]
[2026-03-23 21:58:44 +0000] [495] [INFO] Waiting for application startup.
[2026-03-23 21:58:44 +0000] [495] [INFO] Application startup complete.
[2026-03-23 21:58:44 +0000] [496] [INFO] Started server process [496]
[2026-03-23 21:58:44 +0000] [496] [INFO] Waiting for application startup.
[2026-03-23 21:58:44 +0000] [496] [INFO] Application startup complete.
[2026-03-23 21:58:44 +0000] [497] [INFO] Started server process [497]
[2026-03-23 21:58:44 +0000] [497] [INFO] Waiting for application startup.
[2026-03-23 21:58:44 +0000] [497] [INFO] Application startup complete.
[2026-03-23 21:58:44 +0000] [501] [INFO] Booting worker with pid: 501
[2026-03-23 21:58:44 +0000] [503] [INFO] Booting worker with pid: 503
[2026-03-23 21:58:44 +0000] [501] [INFO] Started server process [501]
[2026-03-23 21:58:44 +0000] [501] [INFO] Waiting for application startup.
[2026-03-23 21:58:44 +0000] [501] [INFO] Application startup complete.
[2026-03-23 21:58:44 +0000] [503] [INFO] Started server process [503]
[2026-03-23 21:58:44 +0000] [503] [INFO] Waiting for application startup.
[2026-03-23 21:58:44 +0000] [503] [INFO] Application startup complete.
[2026-03-23 21:58:44 +0000] [505] [INFO] Booting worker with pid: 505
[2026-03-23 21:58:44 +0000] [505] [INFO] Started server process [505]
[2026-03-23 21:58:44 +0000] [505] [INFO] Waiting for application startup.
[2026-03-23 21:58:44 +0000] [505] [INFO] Application startup complete.
[2026-03-23 21:58:44 +0000] [507] [INFO] Booting worker with pid: 507
[2026-03-23 21:58:45 +0000] [507] [INFO] Started server process [507]
[2026-03-23 21:58:45 +0000] [507] [INFO] Waiting for application startup.
[2026-03-23 21:58:45 +0000] [507] [INFO] Application startup complete.
[2026-03-23 21:58:45 +0000] [509] [INFO] Booting worker with pid: 509
[2026-03-23 21:58:45 +0000] [510] [INFO] Booting worker with pid: 510
[2026-03-23 21:58:45 +0000] [509] [INFO] Started server process [509]
[2026-03-23 21:58:45 +0000] [509] [INFO] Waiting for application startup.
[2026-03-23 21:58:45 +0000] [509] [INFO] Application startup complete.
[2026-03-23 21:58:45 +0000] [510] [INFO] Started server process [510]
[2026-03-23 21:58:45 +0000] [510] [INFO] Waiting for application startup.
[2026-03-23 21:58:45 +0000] [510] [INFO] Application startup complete.
[2026-03-23 21:58:45 +0000] [513] [INFO] Booting worker with pid: 513
[2026-03-23 21:58:45 +0000] [515] [INFO] Booting worker with pid: 515
[2026-03-23 21:58:45 +0000] [513] [INFO] Started server process [513]
[2026-03-23 21:58:45 +0000] [513] [INFO] Waiting for application startup.
[2026-03-23 21:58:45 +0000] [513] [INFO] Application startup complete.
[2026-03-23 21:58:45 +0000] [516] [INFO] Booting worker with pid: 516
[2026-03-23 21:58:45 +0000] [515] [INFO] Started server process [515]
[2026-03-23 21:58:45 +0000] [515] [INFO] Waiting for application startup.
[2026-03-23 21:58:45 +0000] [515] [INFO] Application startup complete.
[2026-03-23 21:58:45 +0000] [516] [INFO] Started server process [516]
[2026-03-23 21:58:45 +0000] [516] [INFO] Waiting for application startup.
[2026-03-23 21:58:45 +0000] [516] [INFO] Application startup complete.
