Apr 14, 2026 6:50:42 PM io.helidon.logging.jul.JulProvider doConfigureLogging
INFO: Logging at runtime configured using defaults
WARNING: A terminally deprecated method in sun.misc.Unsafe has been called
WARNING: sun.misc.Unsafe::arrayBaseOffset has been called by com.google.protobuf.UnsafeUtil$MemoryAccessor (file:/app/libs/protobuf-java-4.31.1.jar)
WARNING: Please consider reporting this to the maintainers of class com.google.protobuf.UnsafeUtil$MemoryAccessor
WARNING: sun.misc.Unsafe::arrayBaseOffset will be removed in a future release
Apr 14, 2026 6:50:42 PM io.helidon.webserver.ServerListener startIt
INFO: [0x7bf8099f] http://0.0.0.0:8080 bound for socket '@default'
Apr 14, 2026 6:50:42 PM io.helidon.common.features.HelidonFeatures features
INFO: Helidon SE 4.4.1 features: [Config, Encoding, JSON, Media, Registry, Tracing, WebServer]
Apr 14, 2026 6:50:42 PM io.helidon.common.features.HelidonFeatures features
WARNING: You are using incubating features. These APIs are not production ready!
Apr 14, 2026 6:50:42 PM io.helidon.common.features.HelidonFeatures lambda$features$8
INFO: 	Incubating feature: JSON Binding (JSON/Binding)
Apr 14, 2026 6:50:42 PM io.helidon.common.features.HelidonFeatures features
INFO: You are using preview features. These APIs are production ready, yet may change more frequently. Please follow Helidon release changelog!
Apr 14, 2026 6:50:42 PM io.helidon.common.features.HelidonFeatures lambda$features$11
INFO: 	Preview feature: GRPC (WebServer/GRPC)
Apr 14, 2026 6:50:42 PM io.helidon.webserver.ServerListener startIt
INFO: [0x252c9cbf] https://0.0.0.0:8081 bound for socket 'h1-tls'
Apr 14, 2026 6:50:42 PM io.helidon.webserver.ServerListener startIt
INFO: [0x5a6b3d51] https://0.0.0.0:8443 bound for socket 'h2-tls'
Apr 14, 2026 6:50:42 PM io.helidon.webserver.LoomServer startIt
INFO: Started all channels in 39 milliseconds. 1025 milliseconds since JVM startup. Java 25.0.2+10-LTS
Helidon HttpArena server started on ports: 
plain (8080)
https (8443)
h1tls (8081)
Apr 14, 2026 6:50:55 PM io.helidon.common.socket.SocketContext log
WARNING: [0x5a6b3d51 0x612d6e27] Request failed: HttpPrologue[protocol=HTTP, protocolVersion=2.0, method=GET, uriPath=/baseline2, query=?a=1&b=1, fragment=], cannot send error response, as response already sent
io.helidon.http.RequestException: newPosition > limit: (79 > 40)
	at io.helidon.http.RequestException$Builder.build(RequestException.java:157)
	at io.helidon.webserver.http.ErrorHandlers.unhandledError(ErrorHandlers.java:205)
	at io.helidon.webserver.http.ErrorHandlers.lambda$handleError$1(ErrorHandlers.java:180)
	at java.base/java.util.Optional.ifPresentOrElse(Unknown Source)
	at io.helidon.webserver.http.ErrorHandlers.handleError(ErrorHandlers.java:179)
	at io.helidon.webserver.http.ErrorHandlers.runWithErrorHandling(ErrorHandlers.java:113)
	at io.helidon.webserver.http.Filters.filter(Filters.java:83)
	at io.helidon.webserver.http.HttpRoutingImpl.route(HttpRoutingImpl.java:74)
	at io.helidon.webserver.http2.Http2ServerStream.handle(Http2ServerStream.java:603)
	at io.helidon.webserver.http2.Http2ServerStream.run(Http2ServerStream.java:318)
	at io.helidon.webserver.http2.Http2Connection$StreamRunnable.run(Http2Connection.java:906)
	at java.base/java.util.concurrent.Executors$RunnableAdapter.call(Unknown Source)
	at java.base/java.util.concurrent.FutureTask.run(Unknown Source)
	at java.base/java.util.concurrent.ThreadPerTaskExecutor$ThreadBoundFuture.run(Unknown Source)
	at java.base/java.lang.VirtualThread.run(Unknown Source)
Caused by: java.lang.IllegalArgumentException: newPosition > limit: (79 > 40)
	at java.base/java.nio.Buffer.createPositionException(Unknown Source)
	at java.base/java.nio.Buffer.position(Unknown Source)
	at java.base/java.nio.ByteBuffer.position(Unknown Source)
	at java.base/sun.nio.ch.IOUtil.write(Unknown Source)
	at java.base/sun.nio.ch.IOUtil.write(Unknown Source)
	at java.base/sun.nio.ch.SocketChannelImpl.implWrite(Unknown Source)
	at java.base/sun.nio.ch.SocketChannelImpl.write(Unknown Source)
	at io.helidon.common.socket.NioSocket.write(NioSocket.java:188)
	at io.helidon.common.socket.TlsNioSocket.wrapAndSend(TlsNioSocket.java:430)
	at io.helidon.common.socket.TlsNioSocket.doWrite(TlsNioSocket.java:389)
	at io.helidon.common.socket.TlsNioSocket.write(TlsNioSocket.java:192)
	at io.helidon.common.socket.SocketWriter.writeNow(SocketWriter.java:81)
	at io.helidon.http.http2.Http2ConnectionWriter.noLockWrite(Http2ConnectionWriter.java:200)
	at io.helidon.http.http2.Http2ConnectionWriter.writeHeaders(Http2ConnectionWriter.java:93)
	at io.helidon.http.http2.Http2ConnectionWriter.writeHeaders(Http2ConnectionWriter.java:147)
	at io.helidon.webserver.http2.Http2ServerStream.writeHeadersWithData(Http2ServerStream.java:424)
	at io.helidon.webserver.http2.Http2ServerResponse.send(Http2ServerResponse.java:156)
	at io.helidon.webserver.http2.Http2ServerResponse.send(Http2ServerResponse.java:99)
	at com.httparena.BaselineHandler.handle(BaselineHandler.java:23)
	at io.helidon.webserver.http.HttpRoutingImpl$RoutingExecutor.doRoute(HttpRoutingImpl.java:174)
	at io.helidon.webserver.http.HttpRoutingImpl$RoutingExecutor.call(HttpRoutingImpl.java:132)
	at io.helidon.webserver.http.HttpRoutingImpl$RoutingExecutor.call(HttpRoutingImpl.java:110)
	at io.helidon.webserver.http.ErrorHandlers.runWithErrorHandling(ErrorHandlers.java:76)
	... 9 more

Apr 14, 2026 6:50:55 PM io.helidon.common.socket.SocketContext log
WARNING: [0x5a6b3d51 0x1fb595cb] Request failed: HttpPrologue[protocol=HTTP, protocolVersion=2.0, method=GET, uriPath=/baseline2, query=?a=1&b=1, fragment=], cannot send error response, as response already sent
io.helidon.http.RequestException: newPosition > limit: (79 > 40)
	at io.helidon.http.RequestException$Builder.build(RequestException.java:157)
	at io.helidon.webserver.http.ErrorHandlers.unhandledError(ErrorHandlers.java:205)
	at io.helidon.webserver.http.ErrorHandlers.lambda$handleError$1(ErrorHandlers.java:180)
	at java.base/java.util.Optional.ifPresentOrElse(Unknown Source)
	at io.helidon.webserver.http.ErrorHandlers.handleError(ErrorHandlers.java:179)
	at io.helidon.webserver.http.ErrorHandlers.runWithErrorHandling(ErrorHandlers.java:113)
	at io.helidon.webserver.http.Filters.filter(Filters.java:83)
	at io.helidon.webserver.http.HttpRoutingImpl.route(HttpRoutingImpl.java:74)
	at io.helidon.webserver.http2.Http2ServerStream.handle(Http2ServerStream.java:603)
	at io.helidon.webserver.http2.Http2ServerStream.run(Http2ServerStream.java:318)
	at io.helidon.webserver.http2.Http2Connection$StreamRunnable.run(Http2Connection.java:906)
	at java.base/java.util.concurrent.Executors$RunnableAdapter.call(Unknown Source)
	at java.base/java.util.concurrent.FutureTask.run(Unknown Source)
	at java.base/java.util.concurrent.ThreadPerTaskExecutor$ThreadBoundFuture.run(Unknown Source)
	at java.base/java.lang.VirtualThread.run(Unknown Source)
Caused by: java.lang.IllegalArgumentException: newPosition > limit: (79 > 40)
	at java.base/java.nio.Buffer.createPositionException(Unknown Source)
	at java.base/java.nio.Buffer.position(Unknown Source)
	at java.base/java.nio.ByteBuffer.position(Unknown Source)
	at java.base/sun.nio.ch.IOUtil.write(Unknown Source)
	at java.base/sun.nio.ch.IOUtil.write(Unknown Source)
	at java.base/sun.nio.ch.SocketChannelImpl.implWrite(Unknown Source)
	at java.base/sun.nio.ch.SocketChannelImpl.write(Unknown Source)
	at io.helidon.common.socket.NioSocket.write(NioSocket.java:188)
	at io.helidon.common.socket.TlsNioSocket.wrapAndSend(TlsNioSocket.java:430)
	at io.helidon.common.socket.TlsNioSocket.doWrite(TlsNioSocket.java:389)
	at io.helidon.common.socket.TlsNioSocket.write(TlsNioSocket.java:192)
	at io.helidon.common.socket.SocketWriter.writeNow(SocketWriter.java:81)
	at io.helidon.http.http2.Http2ConnectionWriter.noLockWrite(Http2ConnectionWriter.java:200)
	at io.helidon.http.http2.Http2ConnectionWriter.writeHeaders(Http2ConnectionWriter.java:93)
	at io.helidon.http.http2.Http2ConnectionWriter.writeHeaders(Http2ConnectionWriter.java:147)
	at io.helidon.webserver.http2.Http2ServerStream.writeHeadersWithData(Http2ServerStream.java:424)
	at io.helidon.webserver.http2.Http2ServerResponse.send(Http2ServerResponse.java:156)
	at io.helidon.webserver.http2.Http2ServerResponse.send(Http2ServerResponse.java:99)
	at com.httparena.BaselineHandler.handle(BaselineHandler.java:23)
	at io.helidon.webserver.http.HttpRoutingImpl$RoutingExecutor.doRoute(HttpRoutingImpl.java:174)
	at io.helidon.webserver.http.HttpRoutingImpl$RoutingExecutor.call(HttpRoutingImpl.java:132)
	at io.helidon.webserver.http.HttpRoutingImpl$RoutingExecutor.call(HttpRoutingImpl.java:110)
	at io.helidon.webserver.http.ErrorHandlers.runWithErrorHandling(ErrorHandlers.java:76)
	... 9 more

Apr 14, 2026 6:50:55 PM io.helidon.common.socket.SocketContext log
WARNING: [0x5a6b3d51 0x1f72e501] Request failed: HttpPrologue[protocol=HTTP, protocolVersion=2.0, method=GET, uriPath=/baseline2, query=?a=1&b=1, fragment=], cannot send error response, as response already sent
io.helidon.http.RequestException: newPosition > limit: (79 > 40)
	at io.helidon.http.RequestException$Builder.build(RequestException.java:157)
	at io.helidon.webserver.http.ErrorHandlers.unhandledError(ErrorHandlers.java:205)
	at io.helidon.webserver.http.ErrorHandlers.lambda$handleError$1(ErrorHandlers.java:180)
	at java.base/java.util.Optional.ifPresentOrElse(Unknown Source)
	at io.helidon.webserver.http.ErrorHandlers.handleError(ErrorHandlers.java:179)
	at io.helidon.webserver.http.ErrorHandlers.runWithErrorHandling(ErrorHandlers.java:113)
	at io.helidon.webserver.http.Filters.filter(Filters.java:83)
	at io.helidon.webserver.http.HttpRoutingImpl.route(HttpRoutingImpl.java:74)
	at io.helidon.webserver.http2.Http2ServerStream.handle(Http2ServerStream.java:603)
	at io.helidon.webserver.http2.Http2ServerStream.run(Http2ServerStream.java:318)
	at io.helidon.webserver.http2.Http2Connection$StreamRunnable.run(Http2Connection.java:906)
	at java.base/java.util.concurrent.Executors$RunnableAdapter.call(Unknown Source)
	at java.base/java.util.concurrent.FutureTask.run(Unknown Source)
	at java.base/java.util.concurrent.ThreadPerTaskExecutor$ThreadBoundFuture.run(Unknown Source)
	at java.base/java.lang.VirtualThread.run(Unknown Source)
Caused by: java.lang.IllegalArgumentException: newPosition > limit: (79 > 40)
	at java.base/java.nio.Buffer.createPositionException(Unknown Source)
	at java.base/java.nio.Buffer.position(Unknown Source)
	at java.base/java.nio.ByteBuffer.position(Unknown Source)
	at java.base/sun.nio.ch.IOUtil.write(Unknown Source)
	at java.base/sun.nio.ch.IOUtil.write(Unknown Source)
	at java.base/sun.nio.ch.SocketChannelImpl.implWrite(Unknown Source)
	at java.base/sun.nio.ch.SocketChannelImpl.write(Unknown Source)
	at io.helidon.common.socket.NioSocket.write(NioSocket.java:188)
	at io.helidon.common.socket.TlsNioSocket.wrapAndSend(TlsNioSocket.java:430)
	at io.helidon.common.socket.TlsNioSocket.doWrite(TlsNioSocket.java:389)
	at io.helidon.common.socket.TlsNioSocket.write(TlsNioSocket.java:192)
	at io.helidon.common.socket.SocketWriter.writeNow(SocketWriter.java:81)
	at io.helidon.http.http2.Http2ConnectionWriter.noLockWrite(Http2ConnectionWriter.java:200)
	at io.helidon.http.http2.Http2ConnectionWriter.writeHeaders(Http2ConnectionWriter.java:93)
	at io.helidon.http.http2.Http2ConnectionWriter.writeHeaders(Http2ConnectionWriter.java:147)
	at io.helidon.webserver.http2.Http2ServerStream.writeHeadersWithData(Http2ServerStream.java:424)
	at io.helidon.webserver.http2.Http2ServerResponse.send(Http2ServerResponse.java:156)
	at io.helidon.webserver.http2.Http2ServerResponse.send(Http2ServerResponse.java:99)
	at com.httparena.BaselineHandler.handle(BaselineHandler.java:23)
	at io.helidon.webserver.http.HttpRoutingImpl$RoutingExecutor.doRoute(HttpRoutingImpl.java:174)
	at io.helidon.webserver.http.HttpRoutingImpl$RoutingExecutor.call(HttpRoutingImpl.java:132)
	at io.helidon.webserver.http.HttpRoutingImpl$RoutingExecutor.call(HttpRoutingImpl.java:110)
	at io.helidon.webserver.http.ErrorHandlers.runWithErrorHandling(ErrorHandlers.java:76)
	... 9 more

Apr 14, 2026 6:51:02 PM io.helidon.common.socket.SocketContext log
WARNING: [0x5a6b3d51 0x2aa0645a] Request failed: HttpPrologue[protocol=HTTP, protocolVersion=2.0, method=GET, uriPath=/baseline2, query=?a=1&b=1, fragment=], cannot send error response, as response already sent
io.helidon.http.RequestException: newPosition > limit: (16709 > 40)
	at io.helidon.http.RequestException$Builder.build(RequestException.java:157)
	at io.helidon.webserver.http.ErrorHandlers.unhandledError(ErrorHandlers.java:205)
	at io.helidon.webserver.http.ErrorHandlers.lambda$handleError$1(ErrorHandlers.java:180)
	at java.base/java.util.Optional.ifPresentOrElse(Unknown Source)
	at io.helidon.webserver.http.ErrorHandlers.handleError(ErrorHandlers.java:179)
	at io.helidon.webserver.http.ErrorHandlers.runWithErrorHandling(ErrorHandlers.java:113)
	at io.helidon.webserver.http.Filters.filter(Filters.java:83)
	at io.helidon.webserver.http.HttpRoutingImpl.route(HttpRoutingImpl.java:74)
	at io.helidon.webserver.http2.Http2ServerStream.handle(Http2ServerStream.java:603)
	at io.helidon.webserver.http2.Http2ServerStream.run(Http2ServerStream.java:318)
	at io.helidon.webserver.http2.Http2Connection$StreamRunnable.run(Http2Connection.java:906)
	at java.base/java.util.concurrent.Executors$RunnableAdapter.call(Unknown Source)
	at java.base/java.util.concurrent.FutureTask.run(Unknown Source)
	at java.base/java.util.concurrent.ThreadPerTaskExecutor$ThreadBoundFuture.run(Unknown Source)
	at java.base/java.lang.VirtualThread.run(Unknown Source)
Caused by: java.lang.IllegalArgumentException: newPosition > limit: (16709 > 40)
	at java.base/java.nio.Buffer.createPositionException(Unknown Source)
	at java.base/java.nio.Buffer.position(Unknown Source)
	at java.base/java.nio.ByteBuffer.position(Unknown Source)
	at java.base/java.nio.ByteBuffer.put(Unknown Source)
	at java.base/sun.nio.ch.IOUtil.write(Unknown Source)
	at java.base/sun.nio.ch.IOUtil.write(Unknown Source)
	at java.base/sun.nio.ch.SocketChannelImpl.implWrite(Unknown Source)
	at java.base/sun.nio.ch.SocketChannelImpl.write(Unknown Source)
	at io.helidon.common.socket.NioSocket.write(NioSocket.java:188)
	at io.helidon.common.socket.TlsNioSocket.wrapAndSend(TlsNioSocket.java:430)
	at io.helidon.common.socket.TlsNioSocket.doWrite(TlsNioSocket.java:389)
	at io.helidon.common.socket.TlsNioSocket.write(TlsNioSocket.java:192)
	at io.helidon.common.socket.SocketWriter.writeNow(SocketWriter.java:81)
	at io.helidon.http.http2.Http2ConnectionWriter.noLockWrite(Http2ConnectionWriter.java:200)
	at io.helidon.http.http2.Http2ConnectionWriter.writeHeaders(Http2ConnectionWriter.java:93)
	at io.helidon.http.http2.Http2ConnectionWriter.writeHeaders(Http2ConnectionWriter.java:147)
	at io.helidon.webserver.http2.Http2ServerStream.writeHeadersWithData(Http2ServerStream.java:424)
	at io.helidon.webserver.http2.Http2ServerResponse.send(Http2ServerResponse.java:156)
	at io.helidon.webserver.http2.Http2ServerResponse.send(Http2ServerResponse.java:99)
	at com.httparena.BaselineHandler.handle(BaselineHandler.java:23)
	at io.helidon.webserver.http.HttpRoutingImpl$RoutingExecutor.doRoute(HttpRoutingImpl.java:174)
	at io.helidon.webserver.http.HttpRoutingImpl$RoutingExecutor.call(HttpRoutingImpl.java:132)
	at io.helidon.webserver.http.HttpRoutingImpl$RoutingExecutor.call(HttpRoutingImpl.java:110)
	at io.helidon.webserver.http.ErrorHandlers.runWithErrorHandling(ErrorHandlers.java:76)
	... 9 more

Apr 14, 2026 6:51:02 PM io.helidon.common.socket.SocketContext log
WARNING: [0x5a6b3d51 0x0ddd607e] Request failed: HttpPrologue[protocol=HTTP, protocolVersion=2.0, method=GET, uriPath=/baseline2, query=?a=1&b=1, fragment=], cannot send error response, as response already sent
io.helidon.http.RequestException: newPosition > limit: (48 > 40)
	at io.helidon.http.RequestException$Builder.build(RequestException.java:157)
	at io.helidon.webserver.http.ErrorHandlers.unhandledError(ErrorHandlers.java:205)
	at io.helidon.webserver.http.ErrorHandlers.lambda$handleError$1(ErrorHandlers.java:180)
	at java.base/java.util.Optional.ifPresentOrElse(Unknown Source)
	at io.helidon.webserver.http.ErrorHandlers.handleError(ErrorHandlers.java:179)
	at io.helidon.webserver.http.ErrorHandlers.runWithErrorHandling(ErrorHandlers.java:113)
	at io.helidon.webserver.http.Filters.filter(Filters.java:83)
	at io.helidon.webserver.http.HttpRoutingImpl.route(HttpRoutingImpl.java:74)
	at io.helidon.webserver.http2.Http2ServerStream.handle(Http2ServerStream.java:603)
	at io.helidon.webserver.http2.Http2ServerStream.run(Http2ServerStream.java:318)
	at io.helidon.webserver.http2.Http2Connection$StreamRunnable.run(Http2Connection.java:906)
	at java.base/java.util.concurrent.Executors$RunnableAdapter.call(Unknown Source)
	at java.base/java.util.concurrent.FutureTask.run(Unknown Source)
	at java.base/java.util.concurrent.ThreadPerTaskExecutor$ThreadBoundFuture.run(Unknown Source)
	at java.base/java.lang.VirtualThread.run(Unknown Source)
Caused by: java.lang.IllegalArgumentException: newPosition > limit: (48 > 40)
	at java.base/java.nio.Buffer.createPositionException(Unknown Source)
	at java.base/java.nio.Buffer.position(Unknown Source)
	at java.base/java.nio.ByteBuffer.position(Unknown Source)
	at java.base/sun.nio.ch.IOUtil.write(Unknown Source)
	at java.base/sun.nio.ch.IOUtil.write(Unknown Source)
	at java.base/sun.nio.ch.SocketChannelImpl.implWrite(Unknown Source)
	at java.base/sun.nio.ch.SocketChannelImpl.write(Unknown Source)
	at io.helidon.common.socket.NioSocket.write(NioSocket.java:188)
	at io.helidon.common.socket.TlsNioSocket.wrapAndSend(TlsNioSocket.java:430)
	at io.helidon.common.socket.TlsNioSocket.doWrite(TlsNioSocket.java:389)
	at io.helidon.common.socket.TlsNioSocket.write(TlsNioSocket.java:192)
	at io.helidon.common.socket.SocketWriter.writeNow(SocketWriter.java:81)
	at io.helidon.http.http2.Http2ConnectionWriter.noLockWrite(Http2ConnectionWriter.java:200)
	at io.helidon.http.http2.Http2ConnectionWriter.lockedWrite(Http2ConnectionWriter.java:173)
	at io.helidon.http.http2.Http2ConnectionWriter.splitAndWrite(Http2ConnectionWriter.java:210)
	at io.helidon.http.http2.Http2ConnectionWriter.writeData(Http2ConnectionWriter.java:65)
	at io.helidon.http.http2.Http2ConnectionWriter.writeHeaders(Http2ConnectionWriter.java:148)
	at io.helidon.webserver.http2.Http2ServerStream.writeHeadersWithData(Http2ServerStream.java:424)
	at io.helidon.webserver.http2.Http2ServerResponse.send(Http2ServerResponse.java:156)
	at io.helidon.webserver.http2.Http2ServerResponse.send(Http2ServerResponse.java:99)
	at com.httparena.BaselineHandler.handle(BaselineHandler.java:23)
	at io.helidon.webserver.http.HttpRoutingImpl$RoutingExecutor.doRoute(HttpRoutingImpl.java:174)
	at io.helidon.webserver.http.HttpRoutingImpl$RoutingExecutor.call(HttpRoutingImpl.java:132)
	at io.helidon.webserver.http.HttpRoutingImpl$RoutingExecutor.call(HttpRoutingImpl.java:110)
	at io.helidon.webserver.http.ErrorHandlers.runWithErrorHandling(ErrorHandlers.java:76)
	... 9 more

Apr 14, 2026 6:51:02 PM io.helidon.common.socket.SocketContext log
WARNING: [0x5a6b3d51 0x533169d5] Request failed: HttpPrologue[protocol=HTTP, protocolVersion=2.0, method=GET, uriPath=/baseline2, query=?a=1&b=1, fragment=], cannot send error response, as response already sent
io.helidon.http.RequestException: newPosition > limit: (79 > 40)
	at io.helidon.http.RequestException$Builder.build(RequestException.java:157)
	at io.helidon.webserver.http.ErrorHandlers.unhandledError(ErrorHandlers.java:205)
	at io.helidon.webserver.http.ErrorHandlers.lambda$handleError$1(ErrorHandlers.java:180)
	at java.base/java.util.Optional.ifPresentOrElse(Unknown Source)
	at io.helidon.webserver.http.ErrorHandlers.handleError(ErrorHandlers.java:179)
	at io.helidon.webserver.http.ErrorHandlers.runWithErrorHandling(ErrorHandlers.java:113)
	at io.helidon.webserver.http.Filters.filter(Filters.java:83)
	at io.helidon.webserver.http.HttpRoutingImpl.route(HttpRoutingImpl.java:74)
	at io.helidon.webserver.http2.Http2ServerStream.handle(Http2ServerStream.java:603)
	at io.helidon.webserver.http2.Http2ServerStream.run(Http2ServerStream.java:318)
	at io.helidon.webserver.http2.Http2Connection$StreamRunnable.run(Http2Connection.java:906)
	at java.base/java.util.concurrent.Executors$RunnableAdapter.call(Unknown Source)
	at java.base/java.util.concurrent.FutureTask.run(Unknown Source)
	at java.base/java.util.concurrent.ThreadPerTaskExecutor$ThreadBoundFuture.run(Unknown Source)
	at java.base/java.lang.VirtualThread.run(Unknown Source)
Caused by: java.lang.IllegalArgumentException: newPosition > limit: (79 > 40)
	at java.base/java.nio.Buffer.createPositionException(Unknown Source)
	at java.base/java.nio.Buffer.position(Unknown Source)
	at java.base/java.nio.ByteBuffer.position(Unknown Source)
	at java.base/sun.nio.ch.IOUtil.write(Unknown Source)
	at java.base/sun.nio.ch.IOUtil.write(Unknown Source)
	at java.base/sun.nio.ch.SocketChannelImpl.implWrite(Unknown Source)
	at java.base/sun.nio.ch.SocketChannelImpl.write(Unknown Source)
	at io.helidon.common.socket.NioSocket.write(NioSocket.java:188)
	at io.helidon.common.socket.TlsNioSocket.wrapAndSend(TlsNioSocket.java:430)
	at io.helidon.common.socket.TlsNioSocket.doWrite(TlsNioSocket.java:389)
	at io.helidon.common.socket.TlsNioSocket.write(TlsNioSocket.java:192)
	at io.helidon.common.socket.SocketWriter.writeNow(SocketWriter.java:81)
	at io.helidon.http.http2.Http2ConnectionWriter.noLockWrite(Http2ConnectionWriter.java:200)
	at io.helidon.http.http2.Http2ConnectionWriter.writeHeaders(Http2ConnectionWriter.java:93)
	at io.helidon.http.http2.Http2ConnectionWriter.writeHeaders(Http2ConnectionWriter.java:147)
	at io.helidon.webserver.http2.Http2ServerStream.writeHeadersWithData(Http2ServerStream.java:424)
	at io.helidon.webserver.http2.Http2ServerResponse.send(Http2ServerResponse.java:156)
	at io.helidon.webserver.http2.Http2ServerResponse.send(Http2ServerResponse.java:99)
	at com.httparena.BaselineHandler.handle(BaselineHandler.java:23)
	at io.helidon.webserver.http.HttpRoutingImpl$RoutingExecutor.doRoute(HttpRoutingImpl.java:174)
	at io.helidon.webserver.http.HttpRoutingImpl$RoutingExecutor.call(HttpRoutingImpl.java:132)
	at io.helidon.webserver.http.HttpRoutingImpl$RoutingExecutor.call(HttpRoutingImpl.java:110)
	at io.helidon.webserver.http.ErrorHandlers.runWithErrorHandling(ErrorHandlers.java:76)
	... 9 more

Apr 14, 2026 6:51:02 PM io.helidon.common.socket.SocketContext log
WARNING: [0x5a6b3d51 0x6b576774] Request failed: HttpPrologue[protocol=HTTP, protocolVersion=2.0, method=GET, uriPath=/baseline2, query=?a=1&b=1, fragment=], cannot send error response, as response already sent
io.helidon.http.RequestException: newPosition > limit: (79 > 40)
	at io.helidon.http.RequestException$Builder.build(RequestException.java:157)
	at io.helidon.webserver.http.ErrorHandlers.unhandledError(ErrorHandlers.java:205)
	at io.helidon.webserver.http.ErrorHandlers.lambda$handleError$1(ErrorHandlers.java:180)
	at java.base/java.util.Optional.ifPresentOrElse(Unknown Source)
	at io.helidon.webserver.http.ErrorHandlers.handleError(ErrorHandlers.java:179)
	at io.helidon.webserver.http.ErrorHandlers.runWithErrorHandling(ErrorHandlers.java:113)
	at io.helidon.webserver.http.Filters.filter(Filters.java:83)
	at io.helidon.webserver.http.HttpRoutingImpl.route(HttpRoutingImpl.java:74)
	at io.helidon.webserver.http2.Http2ServerStream.handle(Http2ServerStream.java:603)
	at io.helidon.webserver.http2.Http2ServerStream.run(Http2ServerStream.java:318)
	at io.helidon.webserver.http2.Http2Connection$StreamRunnable.run(Http2Connection.java:906)
	at java.base/java.util.concurrent.Executors$RunnableAdapter.call(Unknown Source)
	at java.base/java.util.concurrent.FutureTask.run(Unknown Source)
	at java.base/java.util.concurrent.ThreadPerTaskExecutor$ThreadBoundFuture.run(Unknown Source)
	at java.base/java.lang.VirtualThread.run(Unknown Source)
Caused by: java.lang.IllegalArgumentException: newPosition > limit: (79 > 40)
	at java.base/java.nio.Buffer.createPositionException(Unknown Source)
	at java.base/java.nio.Buffer.position(Unknown Source)
	at java.base/java.nio.ByteBuffer.position(Unknown Source)
	at java.base/sun.nio.ch.IOUtil.write(Unknown Source)
	at java.base/sun.nio.ch.IOUtil.write(Unknown Source)
	at java.base/sun.nio.ch.SocketChannelImpl.implWrite(Unknown Source)
	at java.base/sun.nio.ch.SocketChannelImpl.write(Unknown Source)
	at io.helidon.common.socket.NioSocket.write(NioSocket.java:188)
	at io.helidon.common.socket.TlsNioSocket.wrapAndSend(TlsNioSocket.java:430)
	at io.helidon.common.socket.TlsNioSocket.doWrite(TlsNioSocket.java:389)
	at io.helidon.common.socket.TlsNioSocket.write(TlsNioSocket.java:192)
	at io.helidon.common.socket.SocketWriter.writeNow(SocketWriter.java:81)
	at io.helidon.http.http2.Http2ConnectionWriter.noLockWrite(Http2ConnectionWriter.java:200)
	at io.helidon.http.http2.Http2ConnectionWriter.writeHeaders(Http2ConnectionWriter.java:93)
	at io.helidon.http.http2.Http2ConnectionWriter.writeHeaders(Http2ConnectionWriter.java:147)
	at io.helidon.webserver.http2.Http2ServerStream.writeHeadersWithData(Http2ServerStream.java:424)
	at io.helidon.webserver.http2.Http2ServerResponse.send(Http2ServerResponse.java:156)
	at io.helidon.webserver.http2.Http2ServerResponse.send(Http2ServerResponse.java:99)
	at com.httparena.BaselineHandler.handle(BaselineHandler.java:23)
	at io.helidon.webserver.http.HttpRoutingImpl$RoutingExecutor.doRoute(HttpRoutingImpl.java:174)
	at io.helidon.webserver.http.HttpRoutingImpl$RoutingExecutor.call(HttpRoutingImpl.java:132)
	at io.helidon.webserver.http.HttpRoutingImpl$RoutingExecutor.call(HttpRoutingImpl.java:110)
	at io.helidon.webserver.http.ErrorHandlers.runWithErrorHandling(ErrorHandlers.java:76)
	... 9 more

Apr 14, 2026 6:51:02 PM io.helidon.common.socket.SocketContext log
WARNING: [0x5a6b3d51 0x5a4619ea] Request failed: HttpPrologue[protocol=HTTP, protocolVersion=2.0, method=GET, uriPath=/baseline2, query=?a=1&b=1, fragment=], cannot send error response, as response already sent
io.helidon.http.RequestException: newPosition > limit: (79 > 40)
	at io.helidon.http.RequestException$Builder.build(RequestException.java:157)
	at io.helidon.webserver.http.ErrorHandlers.unhandledError(ErrorHandlers.java:205)
	at io.helidon.webserver.http.ErrorHandlers.lambda$handleError$1(ErrorHandlers.java:180)
	at java.base/java.util.Optional.ifPresentOrElse(Unknown Source)
	at io.helidon.webserver.http.ErrorHandlers.handleError(ErrorHandlers.java:179)
	at io.helidon.webserver.http.ErrorHandlers.runWithErrorHandling(ErrorHandlers.java:113)
	at io.helidon.webserver.http.Filters.filter(Filters.java:83)
	at io.helidon.webserver.http.HttpRoutingImpl.route(HttpRoutingImpl.java:74)
	at io.helidon.webserver.http2.Http2ServerStream.handle(Http2ServerStream.java:603)
	at io.helidon.webserver.http2.Http2ServerStream.run(Http2ServerStream.java:318)
	at io.helidon.webserver.http2.Http2Connection$StreamRunnable.run(Http2Connection.java:906)
	at java.base/java.util.concurrent.Executors$RunnableAdapter.call(Unknown Source)
	at java.base/java.util.concurrent.FutureTask.run(Unknown Source)
	at java.base/java.util.concurrent.ThreadPerTaskExecutor$ThreadBoundFuture.run(Unknown Source)
	at java.base/java.lang.VirtualThread.run(Unknown Source)
Caused by: java.lang.IllegalArgumentException: newPosition > limit: (79 > 40)
	at java.base/java.nio.Buffer.createPositionException(Unknown Source)
	at java.base/java.nio.Buffer.position(Unknown Source)
	at java.base/java.nio.ByteBuffer.position(Unknown Source)
	at java.base/sun.nio.ch.IOUtil.write(Unknown Source)
	at java.base/sun.nio.ch.IOUtil.write(Unknown Source)
	at java.base/sun.nio.ch.SocketChannelImpl.implWrite(Unknown Source)
	at java.base/sun.nio.ch.SocketChannelImpl.write(Unknown Source)
	at io.helidon.common.socket.NioSocket.write(NioSocket.java:188)
	at io.helidon.common.socket.TlsNioSocket.wrapAndSend(TlsNioSocket.java:430)
	at io.helidon.common.socket.TlsNioSocket.doWrite(TlsNioSocket.java:389)
	at io.helidon.common.socket.TlsNioSocket.write(TlsNioSocket.java:192)
	at io.helidon.common.socket.SocketWriter.writeNow(SocketWriter.java:81)
	at io.helidon.http.http2.Http2ConnectionWriter.noLockWrite(Http2ConnectionWriter.java:200)
	at io.helidon.http.http2.Http2ConnectionWriter.writeHeaders(Http2ConnectionWriter.java:93)
	at io.helidon.http.http2.Http2ConnectionWriter.writeHeaders(Http2ConnectionWriter.java:147)
	at io.helidon.webserver.http2.Http2ServerStream.writeHeadersWithData(Http2ServerStream.java:424)
	at io.helidon.webserver.http2.Http2ServerResponse.send(Http2ServerResponse.java:156)
	at io.helidon.webserver.http2.Http2ServerResponse.send(Http2ServerResponse.java:99)
	at com.httparena.BaselineHandler.handle(BaselineHandler.java:23)
	at io.helidon.webserver.http.HttpRoutingImpl$RoutingExecutor.doRoute(HttpRoutingImpl.java:174)
	at io.helidon.webserver.http.HttpRoutingImpl$RoutingExecutor.call(HttpRoutingImpl.java:132)
	at io.helidon.webserver.http.HttpRoutingImpl$RoutingExecutor.call(HttpRoutingImpl.java:110)
	at io.helidon.webserver.http.ErrorHandlers.runWithErrorHandling(ErrorHandlers.java:76)
	... 9 more

Apr 14, 2026 6:51:02 PM io.helidon.common.socket.SocketContext log
WARNING: [0x5a6b3d51 0x6d685dad] Request failed: HttpPrologue[protocol=HTTP, protocolVersion=2.0, method=GET, uriPath=/baseline2, query=?a=1&b=1, fragment=], cannot send error response, as response already sent
io.helidon.http.RequestException: newPosition > limit: (79 > 40)
	at io.helidon.http.RequestException$Builder.build(RequestException.java:157)
	at io.helidon.webserver.http.ErrorHandlers.unhandledError(ErrorHandlers.java:205)
	at io.helidon.webserver.http.ErrorHandlers.lambda$handleError$1(ErrorHandlers.java:180)
	at java.base/java.util.Optional.ifPresentOrElse(Unknown Source)
	at io.helidon.webserver.http.ErrorHandlers.handleError(ErrorHandlers.java:179)
	at io.helidon.webserver.http.ErrorHandlers.runWithErrorHandling(ErrorHandlers.java:113)
	at io.helidon.webserver.http.Filters.filter(Filters.java:83)
	at io.helidon.webserver.http.HttpRoutingImpl.route(HttpRoutingImpl.java:74)
	at io.helidon.webserver.http2.Http2ServerStream.handle(Http2ServerStream.java:603)
	at io.helidon.webserver.http2.Http2ServerStream.run(Http2ServerStream.java:318)
	at io.helidon.webserver.http2.Http2Connection$StreamRunnable.run(Http2Connection.java:906)
	at java.base/java.util.concurrent.Executors$RunnableAdapter.call(Unknown Source)
	at java.base/java.util.concurrent.FutureTask.run(Unknown Source)
	at java.base/java.util.concurrent.ThreadPerTaskExecutor$ThreadBoundFuture.run(Unknown Source)
	at java.base/java.lang.VirtualThread.run(Unknown Source)
Caused by: java.lang.IllegalArgumentException: newPosition > limit: (79 > 40)
	at java.base/java.nio.Buffer.createPositionException(Unknown Source)
	at java.base/java.nio.Buffer.position(Unknown Source)
	at java.base/java.nio.ByteBuffer.position(Unknown Source)
	at java.base/sun.nio.ch.IOUtil.write(Unknown Source)
	at java.base/sun.nio.ch.IOUtil.write(Unknown Source)
	at java.base/sun.nio.ch.SocketChannelImpl.implWrite(Unknown Source)
	at java.base/sun.nio.ch.SocketChannelImpl.write(Unknown Source)
	at io.helidon.common.socket.NioSocket.write(NioSocket.java:188)
	at io.helidon.common.socket.TlsNioSocket.wrapAndSend(TlsNioSocket.java:430)
	at io.helidon.common.socket.TlsNioSocket.doWrite(TlsNioSocket.java:389)
	at io.helidon.common.socket.TlsNioSocket.write(TlsNioSocket.java:192)
	at io.helidon.common.socket.SocketWriter.writeNow(SocketWriter.java:81)
	at io.helidon.http.http2.Http2ConnectionWriter.noLockWrite(Http2ConnectionWriter.java:200)
	at io.helidon.http.http2.Http2ConnectionWriter.writeHeaders(Http2ConnectionWriter.java:93)
	at io.helidon.http.http2.Http2ConnectionWriter.writeHeaders(Http2ConnectionWriter.java:147)
	at io.helidon.webserver.http2.Http2ServerStream.writeHeadersWithData(Http2ServerStream.java:424)
	at io.helidon.webserver.http2.Http2ServerResponse.send(Http2ServerResponse.java:156)
	at io.helidon.webserver.http2.Http2ServerResponse.send(Http2ServerResponse.java:99)
	at com.httparena.BaselineHandler.handle(BaselineHandler.java:23)
	at io.helidon.webserver.http.HttpRoutingImpl$RoutingExecutor.doRoute(HttpRoutingImpl.java:174)
	at io.helidon.webserver.http.HttpRoutingImpl$RoutingExecutor.call(HttpRoutingImpl.java:132)
	at io.helidon.webserver.http.HttpRoutingImpl$RoutingExecutor.call(HttpRoutingImpl.java:110)
	at io.helidon.webserver.http.ErrorHandlers.runWithErrorHandling(ErrorHandlers.java:76)
	... 9 more

Apr 14, 2026 6:51:02 PM io.helidon.common.socket.SocketContext log
WARNING: [0x5a6b3d51 0x09793cdb] Request failed: HttpPrologue[protocol=HTTP, protocolVersion=2.0, method=GET, uriPath=/baseline2, query=?a=1&b=1, fragment=], cannot send error response, as response already sent
io.helidon.http.RequestException: newPosition > limit: (48 > 40)
	at io.helidon.http.RequestException$Builder.build(RequestException.java:157)
	at io.helidon.webserver.http.ErrorHandlers.unhandledError(ErrorHandlers.java:205)
	at io.helidon.webserver.http.ErrorHandlers.lambda$handleError$1(ErrorHandlers.java:180)
	at java.base/java.util.Optional.ifPresentOrElse(Unknown Source)
	at io.helidon.webserver.http.ErrorHandlers.handleError(ErrorHandlers.java:179)
	at io.helidon.webserver.http.ErrorHandlers.runWithErrorHandling(ErrorHandlers.java:113)
	at io.helidon.webserver.http.Filters.filter(Filters.java:83)
	at io.helidon.webserver.http.HttpRoutingImpl.route(HttpRoutingImpl.java:74)
	at io.helidon.webserver.http2.Http2ServerStream.handle(Http2ServerStream.java:603)
	at io.helidon.webserver.http2.Http2ServerStream.run(Http2ServerStream.java:318)
	at io.helidon.webserver.http2.Http2Connection$StreamRunnable.run(Http2Connection.java:906)
	at java.base/java.util.concurrent.Executors$RunnableAdapter.call(Unknown Source)
	at java.base/java.util.concurrent.FutureTask.run(Unknown Source)
	at java.base/java.util.concurrent.ThreadPerTaskExecutor$ThreadBoundFuture.run(Unknown Source)
	at java.base/java.lang.VirtualThread.run(Unknown Source)
Caused by: java.lang.IllegalArgumentException: newPosition > limit: (48 > 40)
	at java.base/java.nio.Buffer.createPositionException(Unknown Source)
	at java.base/java.nio.Buffer.position(Unknown Source)
	at java.base/java.nio.ByteBuffer.position(Unknown Source)
	at java.base/sun.nio.ch.IOUtil.write(Unknown Source)
	at java.base/sun.nio.ch.IOUtil.write(Unknown Source)
	at java.base/sun.nio.ch.SocketChannelImpl.implWrite(Unknown Source)
	at java.base/sun.nio.ch.SocketChannelImpl.write(Unknown Source)
	at io.helidon.common.socket.NioSocket.write(NioSocket.java:188)
	at io.helidon.common.socket.TlsNioSocket.wrapAndSend(TlsNioSocket.java:430)
	at io.helidon.common.socket.TlsNioSocket.doWrite(TlsNioSocket.java:389)
	at io.helidon.common.socket.TlsNioSocket.write(TlsNioSocket.java:192)
	at io.helidon.common.socket.SocketWriter.writeNow(SocketWriter.java:81)
	at io.helidon.http.http2.Http2ConnectionWriter.noLockWrite(Http2ConnectionWriter.java:200)
	at io.helidon.http.http2.Http2ConnectionWriter.lockedWrite(Http2ConnectionWriter.java:173)
	at io.helidon.http.http2.Http2ConnectionWriter.splitAndWrite(Http2ConnectionWriter.java:210)
	at io.helidon.http.http2.Http2ConnectionWriter.writeData(Http2ConnectionWriter.java:65)
	at io.helidon.http.http2.Http2ConnectionWriter.writeHeaders(Http2ConnectionWriter.java:148)
	at io.helidon.webserver.http2.Http2ServerStream.writeHeadersWithData(Http2ServerStream.java:424)
	at io.helidon.webserver.http2.Http2ServerResponse.send(Http2ServerResponse.java:156)
	at io.helidon.webserver.http2.Http2ServerResponse.send(Http2ServerResponse.java:99)
	at com.httparena.BaselineHandler.handle(BaselineHandler.java:23)
	at io.helidon.webserver.http.HttpRoutingImpl$RoutingExecutor.doRoute(HttpRoutingImpl.java:174)
	at io.helidon.webserver.http.HttpRoutingImpl$RoutingExecutor.call(HttpRoutingImpl.java:132)
	at io.helidon.webserver.http.HttpRoutingImpl$RoutingExecutor.call(HttpRoutingImpl.java:110)
	at io.helidon.webserver.http.ErrorHandlers.runWithErrorHandling(ErrorHandlers.java:76)
	... 9 more

Apr 14, 2026 6:51:02 PM io.helidon.common.socket.SocketContext log
WARNING: [0x5a6b3d51 0x31c4d8cc] Request failed: HttpPrologue[protocol=HTTP, protocolVersion=2.0, method=GET, uriPath=/baseline2, query=?a=1&b=1, fragment=], cannot send error response, as response already sent
io.helidon.http.RequestException: newPosition > limit: (48 > 40)
	at io.helidon.http.RequestException$Builder.build(RequestException.java:157)
	at io.helidon.webserver.http.ErrorHandlers.unhandledError(ErrorHandlers.java:205)
	at io.helidon.webserver.http.ErrorHandlers.lambda$handleError$1(ErrorHandlers.java:180)
	at java.base/java.util.Optional.ifPresentOrElse(Unknown Source)
	at io.helidon.webserver.http.ErrorHandlers.handleError(ErrorHandlers.java:179)
	at io.helidon.webserver.http.ErrorHandlers.runWithErrorHandling(ErrorHandlers.java:113)
	at io.helidon.webserver.http.Filters.filter(Filters.java:83)
	at io.helidon.webserver.http.HttpRoutingImpl.route(HttpRoutingImpl.java:74)
	at io.helidon.webserver.http2.Http2ServerStream.handle(Http2ServerStream.java:603)
	at io.helidon.webserver.http2.Http2ServerStream.run(Http2ServerStream.java:318)
	at io.helidon.webserver.http2.Http2Connection$StreamRunnable.run(Http2Connection.java:906)
	at java.base/java.util.concurrent.Executors$RunnableAdapter.call(Unknown Source)
	at java.base/java.util.concurrent.FutureTask.run(Unknown Source)
	at java.base/java.util.concurrent.ThreadPerTaskExecutor$ThreadBoundFuture.run(Unknown Source)
	at java.base/java.lang.VirtualThread.run(Unknown Source)
Caused by: java.lang.IllegalArgumentException: newPosition > limit: (48 > 40)
	at java.base/java.nio.Buffer.createPositionException(Unknown Source)
	at java.base/java.nio.Buffer.position(Unknown Source)
	at java.base/java.nio.ByteBuffer.position(Unknown Source)
	at java.base/sun.nio.ch.IOUtil.write(Unknown Source)
	at java.base/sun.nio.ch.IOUtil.write(Unknown Source)
	at java.base/sun.nio.ch.SocketChannelImpl.implWrite(Unknown Source)
	at java.base/sun.nio.ch.SocketChannelImpl.write(Unknown Source)
	at io.helidon.common.socket.NioSocket.write(NioSocket.java:188)
	at io.helidon.common.socket.TlsNioSocket.wrapAndSend(TlsNioSocket.java:430)
	at io.helidon.common.socket.TlsNioSocket.doWrite(TlsNioSocket.java:389)
	at io.helidon.common.socket.TlsNioSocket.write(TlsNioSocket.java:192)
	at io.helidon.common.socket.SocketWriter.writeNow(SocketWriter.java:81)
	at io.helidon.http.http2.Http2ConnectionWriter.noLockWrite(Http2ConnectionWriter.java:200)
	at io.helidon.http.http2.Http2ConnectionWriter.lockedWrite(Http2ConnectionWriter.java:173)
	at io.helidon.http.http2.Http2ConnectionWriter.splitAndWrite(Http2ConnectionWriter.java:210)
	at io.helidon.http.http2.Http2ConnectionWriter.writeData(Http2ConnectionWriter.java:65)
	at io.helidon.http.http2.Http2ConnectionWriter.writeHeaders(Http2ConnectionWriter.java:148)
	at io.helidon.webserver.http2.Http2ServerStream.writeHeadersWithData(Http2ServerStream.java:424)
	at io.helidon.webserver.http2.Http2ServerResponse.send(Http2ServerResponse.java:156)
	at io.helidon.webserver.http2.Http2ServerResponse.send(Http2ServerResponse.java:99)
	at com.httparena.BaselineHandler.handle(BaselineHandler.java:23)
	at io.helidon.webserver.http.HttpRoutingImpl$RoutingExecutor.doRoute(HttpRoutingImpl.java:174)
	at io.helidon.webserver.http.HttpRoutingImpl$RoutingExecutor.call(HttpRoutingImpl.java:132)
	at io.helidon.webserver.http.HttpRoutingImpl$RoutingExecutor.call(HttpRoutingImpl.java:110)
	at io.helidon.webserver.http.ErrorHandlers.runWithErrorHandling(ErrorHandlers.java:76)
	... 9 more

