{"level":"info","ts":1776204493.6373947,"msg":"maxprocs: Leaving GOMAXPROCS=64: CPU quota undefined"}
{"level":"info","ts":1776204493.6374142,"msg":"GOMEMLIMIT is updated","GOMEMLIMIT":243039541248,"previous":9223372036854775807}
{"level":"info","ts":1776204493.6374166,"msg":"using config from file","file":"/etc/caddy/Caddyfile"}
{"level":"info","ts":1776204493.6374183,"msg":"adapted config to JSON","adapter":"caddyfile"}
{"level":"warn","ts":1776204493.6374207,"logger":"admin","msg":"admin endpoint disabled"}
{"level":"info","ts":1776204493.6384606,"logger":"tls.cache.maintenance","msg":"started background certificate maintenance","cache":"0x1f503e71b200"}
{"level":"info","ts":1776204493.6401274,"logger":"http.auto_https","msg":"automatic HTTPS is completely disabled for server","server_name":"srv0"}
{"level":"info","ts":1776204493.6401393,"logger":"http.auto_https","msg":"automatic HTTPS is completely disabled for server","server_name":"srv1"}
{"level":"info","ts":1776204493.6462705,"logger":"tls","msg":"cleaning storage unit","storage":"FileStorage:/root/.local/share/caddy"}
{"level":"info","ts":1776204493.6490993,"logger":"tls","msg":"finished cleaning storage units"}
{"level":"info","ts":1776204493.7929597,"logger":"frankenphp","msg":"async worker thread started","worker":"m#/app/worker.php","thread":5}
{"level":"info","ts":1776204493.7930896,"logger":"frankenphp","msg":"async worker thread started","worker":"m#/app/worker.php","thread":9}
{"level":"info","ts":1776204493.793762,"logger":"frankenphp","msg":"async worker thread started","worker":"m#/app/worker.php","thread":26}
{"level":"info","ts":1776204493.7931633,"logger":"frankenphp","msg":"async worker thread started","worker":"m#/app/worker.php","thread":10}
{"level":"info","ts":1776204493.7933822,"logger":"frankenphp","msg":"async worker thread started","worker":"m#/app/worker.php","thread":20}
{"level":"info","ts":1776204493.7931604,"logger":"frankenphp","msg":"async worker thread started","worker":"m#/app/worker.php","thread":12}
{"level":"info","ts":1776204493.7937977,"logger":"frankenphp","msg":"async worker thread started","worker":"m#/app/worker.php","thread":27}
{"level":"info","ts":1776204493.7929575,"logger":"frankenphp","msg":"async worker thread started","worker":"m#/app/worker.php","thread":4}
{"level":"info","ts":1776204493.7928941,"logger":"frankenphp","msg":"async worker thread started","worker":"m#/app/worker.php","thread":1}
{"level":"info","ts":1776204493.7932496,"logger":"frankenphp","msg":"async worker thread started","worker":"m#/app/worker.php","thread":14}
{"level":"info","ts":1776204493.7936206,"logger":"frankenphp","msg":"async worker thread started","worker":"m#/app/worker.php","thread":22}
{"level":"info","ts":1776204493.7959628,"logger":"frankenphp","msg":"async worker thread started","worker":"m#/app/worker.php","thread":31}
{"level":"info","ts":1776204493.7938938,"logger":"frankenphp","msg":"async worker thread started","worker":"m#/app/worker.php","thread":28}
{"level":"info","ts":1776204493.7939575,"logger":"frankenphp","msg":"async worker thread started","worker":"m#/app/worker.php","thread":30}
{"level":"info","ts":1776204493.7935812,"logger":"frankenphp","msg":"async worker thread started","worker":"m#/app/worker.php","thread":21}
{"level":"info","ts":1776204493.793029,"logger":"frankenphp","msg":"async worker thread started","worker":"m#/app/worker.php","thread":7}
{"level":"info","ts":1776204493.7937458,"logger":"frankenphp","msg":"async worker thread started","worker":"m#/app/worker.php","thread":25}
{"level":"info","ts":1776204493.7929,"logger":"frankenphp","msg":"async worker thread started","worker":"m#/app/worker.php","thread":3}
{"level":"info","ts":1776204493.7930384,"logger":"frankenphp","msg":"async worker thread started","worker":"m#/app/worker.php","thread":8}
{"level":"info","ts":1776204493.793693,"logger":"frankenphp","msg":"async worker thread started","worker":"m#/app/worker.php","thread":24}
{"level":"info","ts":1776204493.7930338,"logger":"frankenphp","msg":"async worker thread started","worker":"m#/app/worker.php","thread":6}
{"level":"info","ts":1776204493.7931786,"logger":"frankenphp","msg":"async worker thread started","worker":"m#/app/worker.php","thread":13}
{"level":"info","ts":1776204493.7932446,"logger":"frankenphp","msg":"async worker thread started","worker":"m#/app/worker.php","thread":15}
{"level":"info","ts":1776204493.7936769,"logger":"frankenphp","msg":"async worker thread started","worker":"m#/app/worker.php","thread":23}
{"level":"info","ts":1776204493.7933671,"logger":"frankenphp","msg":"async worker thread started","worker":"m#/app/worker.php","thread":17}
{"level":"info","ts":1776204493.7932703,"logger":"frankenphp","msg":"async worker thread started","worker":"m#/app/worker.php","thread":16}
{"level":"info","ts":1776204493.7933488,"logger":"frankenphp","msg":"async worker thread started","worker":"m#/app/worker.php","thread":19}
{"level":"info","ts":1776204493.7939453,"logger":"frankenphp","msg":"async worker thread started","worker":"m#/app/worker.php","thread":29}
{"level":"info","ts":1776204493.7933378,"logger":"frankenphp","msg":"async worker thread started","worker":"m#/app/worker.php","thread":18}
{"level":"info","ts":1776204493.792895,"logger":"frankenphp","msg":"async worker thread started","worker":"m#/app/worker.php","thread":2}
{"level":"info","ts":1776204493.796485,"logger":"frankenphp","msg":"async worker thread started","worker":"m#/app/worker.php","thread":32}
{"level":"info","ts":1776204493.7966967,"logger":"frankenphp","msg":"async worker thread started","worker":"m#/app/worker.php","thread":33}
{"level":"info","ts":1776204493.7931523,"logger":"frankenphp","msg":"async worker thread started","worker":"m#/app/worker.php","thread":11}
{"level":"info","ts":1776204493.8113549,"logger":"frankenphp","msg":"async worker thread started","worker":"m#/app/worker.php","thread":34}
{"level":"info","ts":1776204493.831241,"logger":"frankenphp","msg":"async worker thread started","worker":"m#/app/worker.php","thread":35}
{"level":"info","ts":1776204493.8313148,"logger":"frankenphp","msg":"async worker thread started","worker":"m#/app/worker.php","thread":36}
{"level":"info","ts":1776204493.8313513,"logger":"frankenphp","msg":"async worker thread started","worker":"m#/app/worker.php","thread":37}
{"level":"info","ts":1776204493.8314435,"logger":"frankenphp","msg":"async worker thread started","worker":"m#/app/worker.php","thread":38}
{"level":"info","ts":1776204493.8315625,"logger":"frankenphp","msg":"async worker thread started","worker":"m#/app/worker.php","thread":39}
{"level":"info","ts":1776204493.8315783,"logger":"frankenphp","msg":"async worker thread started","worker":"m#/app/worker.php","thread":40}
{"level":"info","ts":1776204493.831653,"logger":"frankenphp","msg":"async worker thread started","worker":"m#/app/worker.php","thread":41}
{"level":"info","ts":1776204493.8316581,"logger":"frankenphp","msg":"async worker thread started","worker":"m#/app/worker.php","thread":42}
{"level":"info","ts":1776204493.83167,"logger":"frankenphp","msg":"async worker thread started","worker":"m#/app/worker.php","thread":43}
{"level":"info","ts":1776204493.8317282,"logger":"frankenphp","msg":"async worker thread started","worker":"m#/app/worker.php","thread":44}
{"level":"info","ts":1776204493.8317614,"logger":"frankenphp","msg":"async worker thread started","worker":"m#/app/worker.php","thread":45}
{"level":"info","ts":1776204493.8318288,"logger":"frankenphp","msg":"async worker thread started","worker":"m#/app/worker.php","thread":46}
{"level":"info","ts":1776204493.8318694,"logger":"frankenphp","msg":"async worker thread started","worker":"m#/app/worker.php","thread":47}
{"level":"info","ts":1776204493.8319473,"logger":"frankenphp","msg":"async worker thread started","worker":"m#/app/worker.php","thread":48}
{"level":"info","ts":1776204493.8319623,"logger":"frankenphp","msg":"async worker thread started","worker":"m#/app/worker.php","thread":49}
{"level":"info","ts":1776204493.832044,"logger":"frankenphp","msg":"async worker thread started","worker":"m#/app/worker.php","thread":50}
{"level":"info","ts":1776204493.832147,"logger":"frankenphp","msg":"async worker thread started","worker":"m#/app/worker.php","thread":51}
{"level":"info","ts":1776204493.842324,"logger":"frankenphp","msg":"async worker thread started","worker":"m#/app/worker.php","thread":53}
{"level":"info","ts":1776204493.842347,"logger":"frankenphp","msg":"async worker thread started","worker":"m#/app/worker.php","thread":54}
{"level":"info","ts":1776204493.8423042,"logger":"frankenphp","msg":"async worker thread started","worker":"m#/app/worker.php","thread":52}
{"level":"info","ts":1776204493.8423915,"logger":"frankenphp","msg":"async worker thread started","worker":"m#/app/worker.php","thread":55}
{"level":"info","ts":1776204493.8424115,"logger":"frankenphp","msg":"async worker thread started","worker":"m#/app/worker.php","thread":56}
{"level":"info","ts":1776204493.8425128,"logger":"frankenphp","msg":"async worker thread started","worker":"m#/app/worker.php","thread":58}
{"level":"info","ts":1776204493.842476,"logger":"frankenphp","msg":"async worker thread started","worker":"m#/app/worker.php","thread":57}
{"level":"info","ts":1776204493.842543,"logger":"frankenphp","msg":"async worker thread started","worker":"m#/app/worker.php","thread":59}
{"level":"info","ts":1776204493.8426075,"logger":"frankenphp","msg":"async worker thread started","worker":"m#/app/worker.php","thread":60}
{"level":"info","ts":1776204493.8426342,"logger":"frankenphp","msg":"async worker thread started","worker":"m#/app/worker.php","thread":61}
{"level":"info","ts":1776204493.8427415,"logger":"frankenphp","msg":"async worker thread started","worker":"m#/app/worker.php","thread":63}
{"level":"info","ts":1776204493.8427982,"logger":"frankenphp","msg":"async worker thread started","worker":"m#/app/worker.php","thread":64}
{"level":"info","ts":1776204493.8428178,"logger":"frankenphp","msg":"async worker thread started","worker":"m#/app/worker.php_0","thread":65}
{"level":"info","ts":1776204493.8428593,"logger":"frankenphp","msg":"async worker thread started","worker":"m#/app/worker.php","thread":62}
{"level":"info","ts":1776204493.8428473,"logger":"frankenphp","msg":"async worker thread started","worker":"m#/app/worker.php_0","thread":66}
{"level":"info","ts":1776204493.8429036,"logger":"frankenphp","msg":"async worker thread started","worker":"m#/app/worker.php_0","thread":67}
{"level":"info","ts":1776204493.8429742,"logger":"frankenphp","msg":"async worker thread started","worker":"m#/app/worker.php_0","thread":68}
{"level":"info","ts":1776204493.8440428,"logger":"frankenphp","msg":"async worker thread started","worker":"m#/app/worker.php_0","thread":69}
{"level":"info","ts":1776204493.844092,"logger":"frankenphp","msg":"async worker thread started","worker":"m#/app/worker.php_0","thread":70}
{"level":"info","ts":1776204493.8441691,"logger":"frankenphp","msg":"async worker thread started","worker":"m#/app/worker.php_0","thread":71}
{"level":"info","ts":1776204493.8441715,"logger":"frankenphp","msg":"async worker thread started","worker":"m#/app/worker.php_0","thread":72}
{"level":"info","ts":1776204493.8442874,"logger":"frankenphp","msg":"async worker thread started","worker":"m#/app/worker.php_0","thread":73}
{"level":"info","ts":1776204493.8681755,"logger":"frankenphp","msg":"async worker thread started","worker":"m#/app/worker.php_0","thread":74}
{"level":"info","ts":1776204493.8682249,"logger":"frankenphp","msg":"async worker thread started","worker":"m#/app/worker.php_0","thread":75}
{"level":"info","ts":1776204493.8682673,"logger":"frankenphp","msg":"async worker thread started","worker":"m#/app/worker.php_0","thread":76}
{"level":"info","ts":1776204493.8683271,"logger":"frankenphp","msg":"async worker thread started","worker":"m#/app/worker.php_0","thread":77}
{"level":"info","ts":1776204493.8683496,"logger":"frankenphp","msg":"async worker thread started","worker":"m#/app/worker.php_0","thread":78}
{"level":"info","ts":1776204493.8684058,"logger":"frankenphp","msg":"async worker thread started","worker":"m#/app/worker.php_0","thread":79}
{"level":"info","ts":1776204493.8684242,"logger":"frankenphp","msg":"async worker thread started","worker":"m#/app/worker.php_0","thread":80}
{"level":"info","ts":1776204493.8685083,"logger":"frankenphp","msg":"async worker thread started","worker":"m#/app/worker.php_0","thread":83}
{"level":"info","ts":1776204493.8685396,"logger":"frankenphp","msg":"async worker thread started","worker":"m#/app/worker.php_0","thread":84}
{"level":"info","ts":1776204493.8685966,"logger":"frankenphp","msg":"async worker thread started","worker":"m#/app/worker.php_0","thread":85}
{"level":"info","ts":1776204493.8684745,"logger":"frankenphp","msg":"async worker thread started","worker":"m#/app/worker.php_0","thread":81}
{"level":"info","ts":1776204493.868605,"logger":"frankenphp","msg":"async worker thread started","worker":"m#/app/worker.php_0","thread":86}
{"level":"info","ts":1776204493.8685076,"logger":"frankenphp","msg":"async worker thread started","worker":"m#/app/worker.php_0","thread":82}
{"level":"info","ts":1776204493.8686724,"logger":"frankenphp","msg":"async worker thread started","worker":"m#/app/worker.php_0","thread":87}
{"level":"info","ts":1776204493.868691,"logger":"frankenphp","msg":"async worker thread started","worker":"m#/app/worker.php_0","thread":88}
{"level":"info","ts":1776204493.8687599,"logger":"frankenphp","msg":"async worker thread started","worker":"m#/app/worker.php_0","thread":89}
{"level":"info","ts":1776204493.868795,"logger":"frankenphp","msg":"async worker thread started","worker":"m#/app/worker.php_0","thread":91}
{"level":"info","ts":1776204493.8688245,"logger":"frankenphp","msg":"async worker thread started","worker":"m#/app/worker.php_0","thread":92}
{"level":"info","ts":1776204493.8689475,"logger":"frankenphp","msg":"async worker thread started","worker":"m#/app/worker.php_0","thread":94}
{"level":"info","ts":1776204493.8689528,"logger":"frankenphp","msg":"async worker thread started","worker":"m#/app/worker.php_0","thread":93}
{"level":"info","ts":1776204493.8690224,"logger":"frankenphp","msg":"async worker thread started","worker":"m#/app/worker.php_0","thread":95}
{"level":"info","ts":1776204493.8690336,"logger":"frankenphp","msg":"async worker thread started","worker":"m#/app/worker.php_0","thread":96}
{"level":"info","ts":1776204493.869049,"logger":"frankenphp","msg":"async worker thread started","worker":"m#/app/worker.php_0","thread":97}
{"level":"info","ts":1776204493.8691127,"logger":"frankenphp","msg":"async worker thread started","worker":"m#/app/worker.php_0","thread":98}
{"level":"info","ts":1776204493.869197,"logger":"frankenphp","msg":"async worker thread started","worker":"m#/app/worker.php_0","thread":99}
{"level":"info","ts":1776204493.8692126,"logger":"frankenphp","msg":"async worker thread started","worker":"m#/app/worker.php_0","thread":100}
{"level":"info","ts":1776204493.868787,"logger":"frankenphp","msg":"async worker thread started","worker":"m#/app/worker.php_0","thread":90}
{"level":"info","ts":1776204493.8692174,"logger":"frankenphp","msg":"async worker thread started","worker":"m#/app/worker.php_0","thread":101}
{"level":"info","ts":1776204493.8692496,"logger":"frankenphp","msg":"async worker thread started","worker":"m#/app/worker.php_0","thread":102}
{"level":"info","ts":1776204493.8692873,"logger":"frankenphp","msg":"async worker thread started","worker":"m#/app/worker.php_0","thread":103}
{"level":"info","ts":1776204493.8693533,"logger":"frankenphp","msg":"async worker thread started","worker":"m#/app/worker.php_0","thread":104}
{"level":"info","ts":1776204493.8694196,"logger":"frankenphp","msg":"async worker thread started","worker":"m#/app/worker.php_0","thread":105}
{"level":"info","ts":1776204493.8694258,"logger":"frankenphp","msg":"async worker thread started","worker":"m#/app/worker.php_0","thread":106}
{"level":"info","ts":1776204493.8694446,"logger":"frankenphp","msg":"async worker thread started","worker":"m#/app/worker.php_0","thread":107}
{"level":"info","ts":1776204493.8695002,"logger":"frankenphp","msg":"async worker thread started","worker":"m#/app/worker.php_0","thread":108}
{"level":"info","ts":1776204493.8695664,"logger":"frankenphp","msg":"async worker thread started","worker":"m#/app/worker.php_0","thread":109}
{"level":"info","ts":1776204493.869933,"logger":"frankenphp","msg":"async worker thread started","worker":"m#/app/worker.php_0","thread":110}
{"level":"info","ts":1776204493.869952,"logger":"frankenphp","msg":"async worker thread started","worker":"m#/app/worker.php_0","thread":111}
{"level":"info","ts":1776204493.8699992,"logger":"frankenphp","msg":"async worker thread started","worker":"m#/app/worker.php_0","thread":112}
{"level":"info","ts":1776204493.870059,"logger":"frankenphp","msg":"async worker thread started","worker":"m#/app/worker.php_0","thread":113}
{"level":"info","ts":1776204493.8700705,"logger":"frankenphp","msg":"async worker thread started","worker":"m#/app/worker.php_0","thread":114}
{"level":"info","ts":1776204493.8701835,"logger":"frankenphp","msg":"async worker thread started","worker":"m#/app/worker.php_0","thread":116}
{"level":"info","ts":1776204493.870454,"logger":"frankenphp","msg":"async worker thread started","worker":"m#/app/worker.php_0","thread":123}
{"level":"info","ts":1776204493.8701296,"logger":"frankenphp","msg":"async worker thread started","worker":"m#/app/worker.php_0","thread":115}
{"level":"info","ts":1776204493.8702955,"logger":"frankenphp","msg":"async worker thread started","worker":"m#/app/worker.php_0","thread":118}
{"level":"info","ts":1776204493.8703468,"logger":"frankenphp","msg":"async worker thread started","worker":"m#/app/worker.php_0","thread":121}
{"level":"info","ts":1776204493.8707738,"logger":"frankenphp","msg":"async worker thread started","worker":"m#/app/worker.php_0","thread":127}
{"level":"info","ts":1776204493.8707662,"logger":"frankenphp","msg":"async worker thread started","worker":"m#/app/worker.php_0","thread":126}
{"level":"info","ts":1776204493.8709378,"logger":"frankenphp","msg":"async worker thread started","worker":"m#/app/worker.php_0","thread":128}
{"level":"info","ts":1776204493.8703642,"logger":"frankenphp","msg":"async worker thread started","worker":"m#/app/worker.php_0","thread":122}
{"level":"info","ts":1776204493.8702114,"logger":"frankenphp","msg":"async worker thread started","worker":"m#/app/worker.php_0","thread":117}
{"level":"info","ts":1776204493.8703198,"logger":"frankenphp","msg":"async worker thread started","worker":"m#/app/worker.php_0","thread":119}
{"level":"info","ts":1776204493.870757,"logger":"frankenphp","msg":"async worker thread started","worker":"m#/app/worker.php_0","thread":125}
{"level":"info","ts":1776204493.8706224,"logger":"frankenphp","msg":"async worker thread started","worker":"m#/app/worker.php_0","thread":124}
{"level":"info","ts":1776204493.8711503,"logger":"frankenphp","msg":"FrankenPHP started 🐘","php_version":"8.6.0-dev","num_threads":129,"max_threads":129}
{"level":"info","ts":1776204493.8703363,"logger":"frankenphp","msg":"async worker thread started","worker":"m#/app/worker.php_0","thread":120}
{"level":"warn","ts":1776204493.8726962,"logger":"http","msg":"HTTP/2 skipped because it requires TLS","network":"tcp","addr":":8080"}
{"level":"warn","ts":1776204493.872704,"logger":"http","msg":"HTTP/3 skipped because it requires TLS","network":"tcp","addr":":8080"}
{"level":"info","ts":1776204493.872706,"logger":"http.log","msg":"server running","name":"srv0","protocols":["h1","h2","h3"]}
{"level":"info","ts":1776204493.8727431,"logger":"http","msg":"enabling HTTP/3 listener","addr":":8443"}
{"level":"info","ts":1776204493.8738575,"logger":"http.log","msg":"server running","name":"srv1","protocols":["h1","h2","h3"]}
{"level":"info","ts":1776204493.874115,"msg":"autosaved config (load with --resume flag)","file":"/root/.config/caddy/autosave.json"}
{"level":"info","ts":1776204493.8741233,"msg":"serving initial configuration"}
