[1] Puma starting in cluster mode...
[1] * Puma version: 7.2.0 ("On The Corner")
[1] * Ruby version: ruby 4.0.2 (2026-03-17 revision d3da9fec82) +YJIT +MN +PRISM [x86_64-linux]
[1] *  Min threads: 4
[1] *  Max threads: 4
[1] *  Environment: production
[1] *   Master PID: 1
[1] *      Workers: 64
[1] *     Restarts: (✔) hot (✖) phased (✖) refork
[1] * Preloading application
[1] * Listening on http://0.0.0.0:8080
[1] Use Ctrl-C to stop
[1] ! WARNING: Detected `RUBY_MN_THREADS=1`
[1] ! This setting is known to cause performance regressions with Puma.
[1] ! Consider disabling this environment variable: https://github.com/puma/puma/issues/3720
[1] - Worker 0 (PID: 9) booted in 0.11s, phase: 0
[1] - Worker 1 (PID: 13) booted in 0.11s, phase: 0
[1] - Worker 2 (PID: 17) booted in 0.11s, phase: 0
[1] - Worker 3 (PID: 21) booted in 0.11s, phase: 0
[1] - Worker 4 (PID: 25) booted in 0.11s, phase: 0
[1] - Worker 5 (PID: 29) booted in 0.1s, phase: 0
[1] - Worker 6 (PID: 33) booted in 0.1s, phase: 0
[1] - Worker 7 (PID: 37) booted in 0.1s, phase: 0
[1] - Worker 8 (PID: 42) booted in 0.1s, phase: 0
[1] - Worker 9 (PID: 47) booted in 0.1s, phase: 0
[1] - Worker 10 (PID: 52) booted in 0.1s, phase: 0
[1] - Worker 11 (PID: 57) booted in 0.1s, phase: 0
[1] - Worker 12 (PID: 62) booted in 0.09s, phase: 0
[1] - Worker 13 (PID: 67) booted in 0.09s, phase: 0
[1] - Worker 14 (PID: 76) booted in 0.09s, phase: 0
[1] - Worker 15 (PID: 83) booted in 0.09s, phase: 0
[1] - Worker 16 (PID: 89) booted in 0.09s, phase: 0
[1] - Worker 17 (PID: 94) booted in 0.09s, phase: 0
[1] - Worker 18 (PID: 101) booted in 0.09s, phase: 0
[1] - Worker 19 (PID: 107) booted in 0.08s, phase: 0
[1] - Worker 20 (PID: 111) booted in 0.09s, phase: 0
[1] - Worker 21 (PID: 116) booted in 0.08s, phase: 0
[1] - Worker 22 (PID: 122) booted in 0.08s, phase: 0
[1] - Worker 23 (PID: 128) booted in 0.08s, phase: 0
[1] - Worker 24 (PID: 134) booted in 0.08s, phase: 0
[1] - Worker 25 (PID: 141) booted in 0.08s, phase: 0
[1] - Worker 26 (PID: 146) booted in 0.08s, phase: 0
[1] - Worker 27 (PID: 151) booted in 0.08s, phase: 0
[1] - Worker 28 (PID: 156) booted in 0.07s, phase: 0
[1] - Worker 29 (PID: 166) booted in 0.07s, phase: 0
[1] - Worker 30 (PID: 176) booted in 0.07s, phase: 0
[1] - Worker 31 (PID: 180) booted in 0.07s, phase: 0
[1] - Worker 32 (PID: 187) booted in 0.07s, phase: 0
[1] - Worker 33 (PID: 192) booted in 0.06s, phase: 0
[1] - Worker 34 (PID: 197) booted in 0.06s, phase: 0
[1] - Worker 35 (PID: 202) booted in 0.06s, phase: 0
[1] - Worker 36 (PID: 208) booted in 0.06s, phase: 0
[1] - Worker 37 (PID: 213) booted in 0.06s, phase: 0
[1] - Worker 38 (PID: 217) booted in 0.06s, phase: 0
[1] - Worker 39 (PID: 224) booted in 0.06s, phase: 0
[1] - Worker 40 (PID: 229) booted in 0.06s, phase: 0
[1] - Worker 41 (PID: 234) booted in 0.05s, phase: 0
[1] - Worker 42 (PID: 239) booted in 0.05s, phase: 0
[1] - Worker 43 (PID: 245) booted in 0.05s, phase: 0
[1] - Worker 44 (PID: 250) booted in 0.05s, phase: 0
[1] - Worker 45 (PID: 255) booted in 0.05s, phase: 0
[1] - Worker 46 (PID: 261) booted in 0.05s, phase: 0
[1] - Worker 47 (PID: 267) booted in 0.05s, phase: 0
[1] - Worker 48 (PID: 273) booted in 0.05s, phase: 0
[1] - Worker 49 (PID: 279) booted in 0.04s, phase: 0
[1] - Worker 50 (PID: 285) booted in 0.04s, phase: 0
[1] - Worker 51 (PID: 291) booted in 0.04s, phase: 0
[1] - Worker 52 (PID: 297) booted in 0.04s, phase: 0
[1] - Worker 53 (PID: 303) booted in 0.04s, phase: 0
[1] - Worker 54 (PID: 309) booted in 0.04s, phase: 0
[1] - Worker 55 (PID: 315) booted in 0.04s, phase: 0
[1] - Worker 56 (PID: 321) booted in 0.03s, phase: 0
[1] - Worker 57 (PID: 327) booted in 0.03s, phase: 0
[1] - Worker 58 (PID: 333) booted in 0.03s, phase: 0
[1] - Worker 59 (PID: 339) booted in 0.03s, phase: 0
[1] - Worker 60 (PID: 345) booted in 0.03s, phase: 0
[1] - Worker 61 (PID: 351) booted in 0.03s, phase: 0
[1] - Worker 62 (PID: 357) booted in 0.03s, phase: 0
[1] - Worker 63 (PID: 363) booted in 0.02s, phase: 0
