[2026-03-23 21:57:38 +0000] [1] [INFO] Starting gunicorn 23.0.0
[2026-03-23 21:57:38 +0000] [1] [INFO] Listening at: http://0.0.0.0:8080 (1)
[2026-03-23 21:57:38 +0000] [1] [INFO] Using worker: uvicorn.workers.UvicornWorker
[2026-03-23 21:57:38 +0000] [7] [INFO] Booting worker with pid: 7
[2026-03-23 21:57:38 +0000] [8] [INFO] Booting worker with pid: 8
[2026-03-23 21:57:38 +0000] [9] [INFO] Booting worker with pid: 9
[2026-03-23 21:57:39 +0000] [7] [INFO] Started server process [7]
[2026-03-23 21:57:39 +0000] [7] [INFO] Waiting for application startup.
[2026-03-23 21:57:39 +0000] [7] [INFO] Application startup complete.
[2026-03-23 21:57:39 +0000] [11] [INFO] Booting worker with pid: 11
[2026-03-23 21:57:39 +0000] [8] [INFO] Started server process [8]
[2026-03-23 21:57:39 +0000] [8] [INFO] Waiting for application startup.
[2026-03-23 21:57:39 +0000] [8] [INFO] Application startup complete.
[2026-03-23 21:57:39 +0000] [9] [INFO] Started server process [9]
[2026-03-23 21:57:39 +0000] [9] [INFO] Waiting for application startup.
[2026-03-23 21:57:39 +0000] [9] [INFO] Application startup complete.
[2026-03-23 21:57:39 +0000] [14] [INFO] Booting worker with pid: 14
[2026-03-23 21:57:39 +0000] [11] [INFO] Started server process [11]
[2026-03-23 21:57:39 +0000] [11] [INFO] Waiting for application startup.
[2026-03-23 21:57:39 +0000] [16] [INFO] Booting worker with pid: 16
[2026-03-23 21:57:39 +0000] [11] [INFO] Application startup complete.
[2026-03-23 21:57:39 +0000] [14] [INFO] Started server process [14]
[2026-03-23 21:57:39 +0000] [14] [INFO] Waiting for application startup.
[2026-03-23 21:57:39 +0000] [14] [INFO] Application startup complete.
[2026-03-23 21:57:39 +0000] [16] [INFO] Started server process [16]
[2026-03-23 21:57:39 +0000] [16] [INFO] Waiting for application startup.
[2026-03-23 21:57:39 +0000] [16] [INFO] Application startup complete.
[2026-03-23 21:57:39 +0000] [19] [INFO] Booting worker with pid: 19
[2026-03-23 21:57:39 +0000] [20] [INFO] Booting worker with pid: 20
[2026-03-23 21:57:39 +0000] [19] [INFO] Started server process [19]
[2026-03-23 21:57:39 +0000] [19] [INFO] Waiting for application startup.
[2026-03-23 21:57:39 +0000] [19] [INFO] Application startup complete.
[2026-03-23 21:57:39 +0000] [20] [INFO] Started server process [20]
[2026-03-23 21:57:39 +0000] [20] [INFO] Waiting for application startup.
[2026-03-23 21:57:39 +0000] [23] [INFO] Booting worker with pid: 23
[2026-03-23 21:57:39 +0000] [20] [INFO] Application startup complete.
[2026-03-23 21:57:39 +0000] [24] [INFO] Booting worker with pid: 24
[2026-03-23 21:57:39 +0000] [23] [INFO] Started server process [23]
[2026-03-23 21:57:39 +0000] [23] [INFO] Waiting for application startup.
[2026-03-23 21:57:39 +0000] [23] [INFO] Application startup complete.
[2026-03-23 21:57:39 +0000] [27] [INFO] Booting worker with pid: 27
[2026-03-23 21:57:39 +0000] [24] [INFO] Started server process [24]
[2026-03-23 21:57:39 +0000] [24] [INFO] Waiting for application startup.
[2026-03-23 21:57:39 +0000] [24] [INFO] Application startup complete.
[2026-03-23 21:57:39 +0000] [27] [INFO] Started server process [27]
[2026-03-23 21:57:39 +0000] [27] [INFO] Waiting for application startup.
[2026-03-23 21:57:39 +0000] [27] [INFO] Application startup complete.
[2026-03-23 21:57:39 +0000] [29] [INFO] Booting worker with pid: 29
[2026-03-23 21:57:39 +0000] [29] [INFO] Started server process [29]
[2026-03-23 21:57:39 +0000] [29] [INFO] Waiting for application startup.
[2026-03-23 21:57:39 +0000] [29] [INFO] Application startup complete.
[2026-03-23 21:57:39 +0000] [31] [INFO] Booting worker with pid: 31
[2026-03-23 21:57:39 +0000] [31] [INFO] Started server process [31]
[2026-03-23 21:57:39 +0000] [31] [INFO] Waiting for application startup.
[2026-03-23 21:57:39 +0000] [31] [INFO] Application startup complete.
[2026-03-23 21:57:39 +0000] [33] [INFO] Booting worker with pid: 33
[2026-03-23 21:57:39 +0000] [35] [INFO] Booting worker with pid: 35
[2026-03-23 21:57:39 +0000] [33] [INFO] Started server process [33]
[2026-03-23 21:57:39 +0000] [33] [INFO] Waiting for application startup.
[2026-03-23 21:57:39 +0000] [33] [INFO] Application startup complete.
[2026-03-23 21:57:39 +0000] [36] [INFO] Booting worker with pid: 36
[2026-03-23 21:57:39 +0000] [38] [INFO] Booting worker with pid: 38
[2026-03-23 21:57:39 +0000] [35] [INFO] Started server process [35]
[2026-03-23 21:57:39 +0000] [35] [INFO] Waiting for application startup.
[2026-03-23 21:57:39 +0000] [35] [INFO] Application startup complete.
[2026-03-23 21:57:39 +0000] [40] [INFO] Booting worker with pid: 40
[2026-03-23 21:57:39 +0000] [36] [INFO] Started server process [36]
[2026-03-23 21:57:39 +0000] [36] [INFO] Waiting for application startup.
[2026-03-23 21:57:39 +0000] [36] [INFO] Application startup complete.
[2026-03-23 21:57:39 +0000] [41] [INFO] Booting worker with pid: 41
[2026-03-23 21:57:39 +0000] [43] [INFO] Booting worker with pid: 43
[2026-03-23 21:57:39 +0000] [38] [INFO] Started server process [38]
[2026-03-23 21:57:39 +0000] [38] [INFO] Waiting for application startup.
[2026-03-23 21:57:39 +0000] [38] [INFO] Application startup complete.
[2026-03-23 21:57:39 +0000] [44] [INFO] Booting worker with pid: 44
[2026-03-23 21:57:39 +0000] [46] [INFO] Booting worker with pid: 46
[2026-03-23 21:57:39 +0000] [40] [INFO] Started server process [40]
[2026-03-23 21:57:39 +0000] [40] [INFO] Waiting for application startup.
[2026-03-23 21:57:39 +0000] [40] [INFO] Application startup complete.
[2026-03-23 21:57:39 +0000] [41] [INFO] Started server process [41]
[2026-03-23 21:57:39 +0000] [41] [INFO] Waiting for application startup.
[2026-03-23 21:57:39 +0000] [41] [INFO] Application startup complete.
[2026-03-23 21:57:39 +0000] [48] [INFO] Booting worker with pid: 48
[2026-03-23 21:57:39 +0000] [49] [INFO] Booting worker with pid: 49
[2026-03-23 21:57:39 +0000] [43] [INFO] Started server process [43]
[2026-03-23 21:57:39 +0000] [43] [INFO] Waiting for application startup.
[2026-03-23 21:57:39 +0000] [43] [INFO] Application startup complete.
[2026-03-23 21:57:39 +0000] [44] [INFO] Started server process [44]
[2026-03-23 21:57:39 +0000] [44] [INFO] Waiting for application startup.
[2026-03-23 21:57:39 +0000] [44] [INFO] Application startup complete.
[2026-03-23 21:57:39 +0000] [46] [INFO] Started server process [46]
[2026-03-23 21:57:39 +0000] [46] [INFO] Waiting for application startup.
[2026-03-23 21:57:39 +0000] [46] [INFO] Application startup complete.
[2026-03-23 21:57:39 +0000] [49] [INFO] Started server process [49]
[2026-03-23 21:57:39 +0000] [49] [INFO] Waiting for application startup.
[2026-03-23 21:57:39 +0000] [49] [INFO] Application startup complete.
[2026-03-23 21:57:39 +0000] [48] [INFO] Started server process [48]
[2026-03-23 21:57:39 +0000] [48] [INFO] Waiting for application startup.
[2026-03-23 21:57:39 +0000] [48] [INFO] Application startup complete.
[2026-03-23 21:57:39 +0000] [55] [INFO] Booting worker with pid: 55
[2026-03-23 21:57:39 +0000] [55] [INFO] Started server process [55]
[2026-03-23 21:57:39 +0000] [55] [INFO] Waiting for application startup.
[2026-03-23 21:57:39 +0000] [55] [INFO] Application startup complete.
[2026-03-23 21:57:39 +0000] [57] [INFO] Booting worker with pid: 57
[2026-03-23 21:57:39 +0000] [58] [INFO] Booting worker with pid: 58
[2026-03-23 21:57:39 +0000] [59] [INFO] Booting worker with pid: 59
[2026-03-23 21:57:40 +0000] [58] [INFO] Started server process [58]
[2026-03-23 21:57:40 +0000] [58] [INFO] Waiting for application startup.
[2026-03-23 21:57:40 +0000] [58] [INFO] Application startup complete.
[2026-03-23 21:57:40 +0000] [57] [INFO] Started server process [57]
[2026-03-23 21:57:40 +0000] [57] [INFO] Waiting for application startup.
[2026-03-23 21:57:40 +0000] [57] [INFO] Application startup complete.
[2026-03-23 21:57:40 +0000] [59] [INFO] Started server process [59]
[2026-03-23 21:57:40 +0000] [59] [INFO] Waiting for application startup.
[2026-03-23 21:57:40 +0000] [59] [INFO] Application startup complete.
[2026-03-23 21:57:40 +0000] [63] [INFO] Booting worker with pid: 63
[2026-03-23 21:57:40 +0000] [64] [INFO] Booting worker with pid: 64
[2026-03-23 21:57:40 +0000] [65] [INFO] Booting worker with pid: 65
[2026-03-23 21:57:40 +0000] [66] [INFO] Booting worker with pid: 66
[2026-03-23 21:57:40 +0000] [63] [INFO] Started server process [63]
[2026-03-23 21:57:40 +0000] [63] [INFO] Waiting for application startup.
[2026-03-23 21:57:40 +0000] [63] [INFO] Application startup complete.
[2026-03-23 21:57:40 +0000] [64] [INFO] Started server process [64]
[2026-03-23 21:57:40 +0000] [64] [INFO] Waiting for application startup.
[2026-03-23 21:57:40 +0000] [64] [INFO] Application startup complete.
[2026-03-23 21:57:40 +0000] [65] [INFO] Started server process [65]
[2026-03-23 21:57:40 +0000] [65] [INFO] Waiting for application startup.
[2026-03-23 21:57:40 +0000] [65] [INFO] Application startup complete.
[2026-03-23 21:57:40 +0000] [66] [INFO] Started server process [66]
[2026-03-23 21:57:40 +0000] [66] [INFO] Waiting for application startup.
[2026-03-23 21:57:40 +0000] [66] [INFO] Application startup complete.
[2026-03-23 21:57:40 +0000] [71] [INFO] Booting worker with pid: 71
[2026-03-23 21:57:40 +0000] [73] [INFO] Booting worker with pid: 73
[2026-03-23 21:57:40 +0000] [71] [INFO] Started server process [71]
[2026-03-23 21:57:40 +0000] [71] [INFO] Waiting for application startup.
[2026-03-23 21:57:40 +0000] [71] [INFO] Application startup complete.
[2026-03-23 21:57:40 +0000] [74] [INFO] Booting worker with pid: 74
[2026-03-23 21:57:40 +0000] [75] [INFO] Booting worker with pid: 75
[2026-03-23 21:57:40 +0000] [73] [INFO] Started server process [73]
[2026-03-23 21:57:40 +0000] [73] [INFO] Waiting for application startup.
[2026-03-23 21:57:40 +0000] [73] [INFO] Application startup complete.
[2026-03-23 21:57:40 +0000] [74] [INFO] Started server process [74]
[2026-03-23 21:57:40 +0000] [74] [INFO] Waiting for application startup.
[2026-03-23 21:57:40 +0000] [74] [INFO] Application startup complete.
[2026-03-23 21:57:40 +0000] [75] [INFO] Started server process [75]
[2026-03-23 21:57:40 +0000] [75] [INFO] Waiting for application startup.
[2026-03-23 21:57:40 +0000] [75] [INFO] Application startup complete.
[2026-03-23 21:57:40 +0000] [79] [INFO] Booting worker with pid: 79
[2026-03-23 21:57:40 +0000] [81] [INFO] Booting worker with pid: 81
[2026-03-23 21:57:40 +0000] [79] [INFO] Started server process [79]
[2026-03-23 21:57:40 +0000] [79] [INFO] Waiting for application startup.
[2026-03-23 21:57:40 +0000] [79] [INFO] Application startup complete.
[2026-03-23 21:57:40 +0000] [83] [INFO] Booting worker with pid: 83
[2026-03-23 21:57:40 +0000] [81] [INFO] Started server process [81]
[2026-03-23 21:57:40 +0000] [81] [INFO] Waiting for application startup.
[2026-03-23 21:57:40 +0000] [81] [INFO] Application startup complete.
[2026-03-23 21:57:40 +0000] [84] [INFO] Booting worker with pid: 84
[2026-03-23 21:57:40 +0000] [83] [INFO] Started server process [83]
[2026-03-23 21:57:40 +0000] [83] [INFO] Waiting for application startup.
[2026-03-23 21:57:40 +0000] [83] [INFO] Application startup complete.
[2026-03-23 21:57:40 +0000] [87] [INFO] Booting worker with pid: 87
[2026-03-23 21:57:40 +0000] [84] [INFO] Started server process [84]
[2026-03-23 21:57:40 +0000] [84] [INFO] Waiting for application startup.
[2026-03-23 21:57:40 +0000] [84] [INFO] Application startup complete.
[2026-03-23 21:57:40 +0000] [89] [INFO] Booting worker with pid: 89
[2026-03-23 21:57:40 +0000] [87] [INFO] Started server process [87]
[2026-03-23 21:57:40 +0000] [87] [INFO] Waiting for application startup.
[2026-03-23 21:57:40 +0000] [87] [INFO] Application startup complete.
[2026-03-23 21:57:40 +0000] [90] [INFO] Booting worker with pid: 90
[2026-03-23 21:57:40 +0000] [89] [INFO] Started server process [89]
[2026-03-23 21:57:40 +0000] [89] [INFO] Waiting for application startup.
[2026-03-23 21:57:40 +0000] [89] [INFO] Application startup complete.
[2026-03-23 21:57:40 +0000] [90] [INFO] Started server process [90]
[2026-03-23 21:57:40 +0000] [90] [INFO] Waiting for application startup.
[2026-03-23 21:57:40 +0000] [90] [INFO] Application startup complete.
[2026-03-23 21:57:40 +0000] [93] [INFO] Booting worker with pid: 93
[2026-03-23 21:57:40 +0000] [94] [INFO] Booting worker with pid: 94
[2026-03-23 21:57:40 +0000] [93] [INFO] Started server process [93]
[2026-03-23 21:57:40 +0000] [93] [INFO] Waiting for application startup.
[2026-03-23 21:57:40 +0000] [93] [INFO] Application startup complete.
[2026-03-23 21:57:40 +0000] [94] [INFO] Started server process [94]
[2026-03-23 21:57:40 +0000] [94] [INFO] Waiting for application startup.
[2026-03-23 21:57:40 +0000] [94] [INFO] Application startup complete.
[2026-03-23 21:57:40 +0000] [97] [INFO] Booting worker with pid: 97
[2026-03-23 21:57:41 +0000] [99] [INFO] Booting worker with pid: 99
[2026-03-23 21:57:41 +0000] [97] [INFO] Started server process [97]
[2026-03-23 21:57:41 +0000] [97] [INFO] Waiting for application startup.
[2026-03-23 21:57:41 +0000] [97] [INFO] Application startup complete.
[2026-03-23 21:57:41 +0000] [99] [INFO] Started server process [99]
[2026-03-23 21:57:41 +0000] [99] [INFO] Waiting for application startup.
[2026-03-23 21:57:41 +0000] [99] [INFO] Application startup complete.
[2026-03-23 21:57:41 +0000] [101] [INFO] Booting worker with pid: 101
[2026-03-23 21:57:41 +0000] [103] [INFO] Booting worker with pid: 103
[2026-03-23 21:57:41 +0000] [101] [INFO] Started server process [101]
[2026-03-23 21:57:41 +0000] [101] [INFO] Waiting for application startup.
[2026-03-23 21:57:41 +0000] [101] [INFO] Application startup complete.
[2026-03-23 21:57:41 +0000] [104] [INFO] Booting worker with pid: 104
[2026-03-23 21:57:41 +0000] [105] [INFO] Booting worker with pid: 105
[2026-03-23 21:57:41 +0000] [106] [INFO] Booting worker with pid: 106
[2026-03-23 21:57:41 +0000] [108] [INFO] Booting worker with pid: 108
[2026-03-23 21:57:41 +0000] [103] [INFO] Started server process [103]
[2026-03-23 21:57:41 +0000] [103] [INFO] Waiting for application startup.
[2026-03-23 21:57:41 +0000] [103] [INFO] Application startup complete.
[2026-03-23 21:57:41 +0000] [104] [INFO] Started server process [104]
[2026-03-23 21:57:41 +0000] [104] [INFO] Waiting for application startup.
[2026-03-23 21:57:41 +0000] [104] [INFO] Application startup complete.
[2026-03-23 21:57:41 +0000] [105] [INFO] Started server process [105]
[2026-03-23 21:57:41 +0000] [105] [INFO] Waiting for application startup.
[2026-03-23 21:57:41 +0000] [105] [INFO] Application startup complete.
[2026-03-23 21:57:41 +0000] [112] [INFO] Booting worker with pid: 112
[2026-03-23 21:57:41 +0000] [106] [INFO] Started server process [106]
[2026-03-23 21:57:41 +0000] [106] [INFO] Waiting for application startup.
[2026-03-23 21:57:41 +0000] [106] [INFO] Application startup complete.
[2026-03-23 21:57:41 +0000] [108] [INFO] Started server process [108]
[2026-03-23 21:57:41 +0000] [108] [INFO] Waiting for application startup.
[2026-03-23 21:57:41 +0000] [108] [INFO] Application startup complete.
[2026-03-23 21:57:41 +0000] [114] [INFO] Booting worker with pid: 114
[2026-03-23 21:57:41 +0000] [116] [INFO] Booting worker with pid: 116
[2026-03-23 21:57:41 +0000] [112] [INFO] Started server process [112]
[2026-03-23 21:57:41 +0000] [112] [INFO] Waiting for application startup.
[2026-03-23 21:57:41 +0000] [112] [INFO] Application startup complete.
[2026-03-23 21:57:41 +0000] [118] [INFO] Booting worker with pid: 118
[2026-03-23 21:57:41 +0000] [114] [INFO] Started server process [114]
[2026-03-23 21:57:41 +0000] [114] [INFO] Waiting for application startup.
[2026-03-23 21:57:41 +0000] [114] [INFO] Application startup complete.
[2026-03-23 21:57:41 +0000] [116] [INFO] Started server process [116]
[2026-03-23 21:57:41 +0000] [116] [INFO] Waiting for application startup.
[2026-03-23 21:57:41 +0000] [116] [INFO] Application startup complete.
[2026-03-23 21:57:41 +0000] [120] [INFO] Booting worker with pid: 120
[2026-03-23 21:57:41 +0000] [118] [INFO] Started server process [118]
[2026-03-23 21:57:41 +0000] [118] [INFO] Waiting for application startup.
[2026-03-23 21:57:41 +0000] [118] [INFO] Application startup complete.
[2026-03-23 21:57:41 +0000] [120] [INFO] Started server process [120]
[2026-03-23 21:57:41 +0000] [120] [INFO] Waiting for application startup.
[2026-03-23 21:57:41 +0000] [120] [INFO] Application startup complete.
[2026-03-23 21:57:41 +0000] [123] [INFO] Booting worker with pid: 123
[2026-03-23 21:57:41 +0000] [124] [INFO] Booting worker with pid: 124
[2026-03-23 21:57:41 +0000] [125] [INFO] Booting worker with pid: 125
[2026-03-23 21:57:41 +0000] [127] [INFO] Booting worker with pid: 127
[2026-03-23 21:57:41 +0000] [123] [INFO] Started server process [123]
[2026-03-23 21:57:41 +0000] [123] [INFO] Waiting for application startup.
[2026-03-23 21:57:41 +0000] [123] [INFO] Application startup complete.
[2026-03-23 21:57:41 +0000] [124] [INFO] Started server process [124]
[2026-03-23 21:57:41 +0000] [124] [INFO] Waiting for application startup.
[2026-03-23 21:57:41 +0000] [124] [INFO] Application startup complete.
[2026-03-23 21:57:41 +0000] [125] [INFO] Started server process [125]
[2026-03-23 21:57:41 +0000] [125] [INFO] Waiting for application startup.
[2026-03-23 21:57:41 +0000] [125] [INFO] Application startup complete.
[2026-03-23 21:57:41 +0000] [130] [INFO] Booting worker with pid: 130
[2026-03-23 21:57:41 +0000] [127] [INFO] Started server process [127]
[2026-03-23 21:57:41 +0000] [127] [INFO] Waiting for application startup.
[2026-03-23 21:57:41 +0000] [127] [INFO] Application startup complete.
[2026-03-23 21:57:41 +0000] [130] [INFO] Started server process [130]
[2026-03-23 21:57:41 +0000] [130] [INFO] Waiting for application startup.
[2026-03-23 21:57:41 +0000] [130] [INFO] Application startup complete.
[2026-03-23 21:57:41 +0000] [133] [INFO] Booting worker with pid: 133
[2026-03-23 21:57:41 +0000] [133] [INFO] Started server process [133]
[2026-03-23 21:57:41 +0000] [133] [INFO] Waiting for application startup.
[2026-03-23 21:57:41 +0000] [133] [INFO] Application startup complete.
[2026-03-23 21:57:41 +0000] [135] [INFO] Booting worker with pid: 135
[2026-03-23 21:57:41 +0000] [136] [INFO] Booting worker with pid: 136
[2026-03-23 21:57:41 +0000] [137] [INFO] Booting worker with pid: 137
[2026-03-23 21:57:41 +0000] [135] [INFO] Started server process [135]
[2026-03-23 21:57:41 +0000] [135] [INFO] Waiting for application startup.
[2026-03-23 21:57:41 +0000] [135] [INFO] Application startup complete.
[2026-03-23 21:57:41 +0000] [136] [INFO] Started server process [136]
[2026-03-23 21:57:41 +0000] [136] [INFO] Waiting for application startup.
[2026-03-23 21:57:41 +0000] [136] [INFO] Application startup complete.
[2026-03-23 21:57:41 +0000] [137] [INFO] Started server process [137]
[2026-03-23 21:57:41 +0000] [137] [INFO] Waiting for application startup.
[2026-03-23 21:57:41 +0000] [137] [INFO] Application startup complete.
[2026-03-23 21:57:41 +0000] [141] [INFO] Booting worker with pid: 141
[2026-03-23 21:57:42 +0000] [141] [INFO] Started server process [141]
[2026-03-23 21:57:42 +0000] [141] [INFO] Waiting for application startup.
[2026-03-23 21:57:42 +0000] [141] [INFO] Application startup complete.
[2026-03-23 21:57:42 +0000] [143] [INFO] Booting worker with pid: 143
[2026-03-23 21:57:42 +0000] [144] [INFO] Booting worker with pid: 144
[2026-03-23 21:57:42 +0000] [143] [INFO] Started server process [143]
[2026-03-23 21:57:42 +0000] [143] [INFO] Waiting for application startup.
[2026-03-23 21:57:42 +0000] [143] [INFO] Application startup complete.
[2026-03-23 21:57:42 +0000] [144] [INFO] Started server process [144]
[2026-03-23 21:57:42 +0000] [144] [INFO] Waiting for application startup.
[2026-03-23 21:57:42 +0000] [144] [INFO] Application startup complete.
[2026-03-23 21:57:42 +0000] [147] [INFO] Booting worker with pid: 147
[2026-03-23 21:57:42 +0000] [147] [INFO] Started server process [147]
[2026-03-23 21:57:42 +0000] [147] [INFO] Waiting for application startup.
[2026-03-23 21:57:42 +0000] [147] [INFO] Application startup complete.
[2026-03-23 21:57:42 +0000] [149] [INFO] Booting worker with pid: 149
[2026-03-23 21:57:42 +0000] [150] [INFO] Booting worker with pid: 150
[2026-03-23 21:57:42 +0000] [149] [INFO] Started server process [149]
[2026-03-23 21:57:42 +0000] [149] [INFO] Waiting for application startup.
[2026-03-23 21:57:42 +0000] [149] [INFO] Application startup complete.
[2026-03-23 21:57:42 +0000] [153] [INFO] Booting worker with pid: 153
[2026-03-23 21:57:42 +0000] [150] [INFO] Started server process [150]
[2026-03-23 21:57:42 +0000] [150] [INFO] Waiting for application startup.
[2026-03-23 21:57:42 +0000] [150] [INFO] Application startup complete.
[2026-03-23 21:57:42 +0000] [153] [INFO] Started server process [153]
[2026-03-23 21:57:42 +0000] [153] [INFO] Waiting for application startup.
[2026-03-23 21:57:42 +0000] [153] [INFO] Application startup complete.
[2026-03-23 21:57:42 +0000] [155] [INFO] Booting worker with pid: 155
[2026-03-23 21:57:42 +0000] [156] [INFO] Booting worker with pid: 156
[2026-03-23 21:57:42 +0000] [155] [INFO] Started server process [155]
[2026-03-23 21:57:42 +0000] [155] [INFO] Waiting for application startup.
[2026-03-23 21:57:42 +0000] [155] [INFO] Application startup complete.
[2026-03-23 21:57:42 +0000] [156] [INFO] Started server process [156]
[2026-03-23 21:57:42 +0000] [156] [INFO] Waiting for application startup.
[2026-03-23 21:57:42 +0000] [156] [INFO] Application startup complete.
[2026-03-23 21:57:42 +0000] [159] [INFO] Booting worker with pid: 159
[2026-03-23 21:57:42 +0000] [159] [INFO] Started server process [159]
[2026-03-23 21:57:42 +0000] [159] [INFO] Waiting for application startup.
[2026-03-23 21:57:42 +0000] [159] [INFO] Application startup complete.
[2026-03-23 21:57:42 +0000] [161] [INFO] Booting worker with pid: 161
[2026-03-23 21:57:42 +0000] [162] [INFO] Booting worker with pid: 162
[2026-03-23 21:57:42 +0000] [161] [INFO] Started server process [161]
[2026-03-23 21:57:42 +0000] [161] [INFO] Waiting for application startup.
[2026-03-23 21:57:42 +0000] [161] [INFO] Application startup complete.
[2026-03-23 21:57:42 +0000] [164] [INFO] Booting worker with pid: 164
[2026-03-23 21:57:42 +0000] [162] [INFO] Started server process [162]
[2026-03-23 21:57:42 +0000] [162] [INFO] Waiting for application startup.
[2026-03-23 21:57:42 +0000] [162] [INFO] Application startup complete.
[2026-03-23 21:57:42 +0000] [166] [INFO] Booting worker with pid: 166
[2026-03-23 21:57:42 +0000] [167] [INFO] Booting worker with pid: 167
[2026-03-23 21:57:42 +0000] [164] [INFO] Started server process [164]
[2026-03-23 21:57:42 +0000] [164] [INFO] Waiting for application startup.
[2026-03-23 21:57:42 +0000] [164] [INFO] Application startup complete.
[2026-03-23 21:57:42 +0000] [169] [INFO] Booting worker with pid: 169
[2026-03-23 21:57:42 +0000] [167] [INFO] Started server process [167]
[2026-03-23 21:57:42 +0000] [167] [INFO] Waiting for application startup.
[2026-03-23 21:57:42 +0000] [167] [INFO] Application startup complete.
[2026-03-23 21:57:42 +0000] [166] [INFO] Started server process [166]
[2026-03-23 21:57:42 +0000] [166] [INFO] Waiting for application startup.
[2026-03-23 21:57:42 +0000] [166] [INFO] Application startup complete.
[2026-03-23 21:57:42 +0000] [169] [INFO] Started server process [169]
[2026-03-23 21:57:42 +0000] [169] [INFO] Waiting for application startup.
[2026-03-23 21:57:42 +0000] [169] [INFO] Application startup complete.
[2026-03-23 21:57:42 +0000] [173] [INFO] Booting worker with pid: 173
[2026-03-23 21:57:42 +0000] [173] [INFO] Started server process [173]
[2026-03-23 21:57:42 +0000] [173] [INFO] Waiting for application startup.
[2026-03-23 21:57:42 +0000] [173] [INFO] Application startup complete.
[2026-03-23 21:57:42 +0000] [175] [INFO] Booting worker with pid: 175
[2026-03-23 21:57:42 +0000] [176] [INFO] Booting worker with pid: 176
[2026-03-23 21:57:42 +0000] [175] [INFO] Started server process [175]
[2026-03-23 21:57:42 +0000] [175] [INFO] Waiting for application startup.
[2026-03-23 21:57:42 +0000] [175] [INFO] Application startup complete.
[2026-03-23 21:57:43 +0000] [178] [INFO] Booting worker with pid: 178
[2026-03-23 21:57:43 +0000] [176] [INFO] Started server process [176]
[2026-03-23 21:57:43 +0000] [176] [INFO] Waiting for application startup.
[2026-03-23 21:57:43 +0000] [176] [INFO] Application startup complete.
[2026-03-23 21:57:43 +0000] [178] [INFO] Started server process [178]
[2026-03-23 21:57:43 +0000] [178] [INFO] Waiting for application startup.
[2026-03-23 21:57:43 +0000] [178] [INFO] Application startup complete.
[2026-03-23 21:57:43 +0000] [181] [INFO] Booting worker with pid: 181
[2026-03-23 21:57:43 +0000] [181] [INFO] Started server process [181]
[2026-03-23 21:57:43 +0000] [181] [INFO] Waiting for application startup.
[2026-03-23 21:57:43 +0000] [181] [INFO] Application startup complete.
[2026-03-23 21:57:43 +0000] [183] [INFO] Booting worker with pid: 183
[2026-03-23 21:57:43 +0000] [184] [INFO] Booting worker with pid: 184
[2026-03-23 21:57:43 +0000] [185] [INFO] Booting worker with pid: 185
[2026-03-23 21:57:43 +0000] [183] [INFO] Started server process [183]
[2026-03-23 21:57:43 +0000] [183] [INFO] Waiting for application startup.
[2026-03-23 21:57:43 +0000] [183] [INFO] Application startup complete.
[2026-03-23 21:57:43 +0000] [184] [INFO] Started server process [184]
[2026-03-23 21:57:43 +0000] [184] [INFO] Waiting for application startup.
[2026-03-23 21:57:43 +0000] [184] [INFO] Application startup complete.
[2026-03-23 21:57:43 +0000] [185] [INFO] Started server process [185]
[2026-03-23 21:57:43 +0000] [185] [INFO] Waiting for application startup.
[2026-03-23 21:57:43 +0000] [185] [INFO] Application startup complete.
[2026-03-23 21:57:43 +0000] [189] [INFO] Booting worker with pid: 189
[2026-03-23 21:57:43 +0000] [189] [INFO] Started server process [189]
[2026-03-23 21:57:43 +0000] [189] [INFO] Waiting for application startup.
[2026-03-23 21:57:43 +0000] [189] [INFO] Application startup complete.
[2026-03-23 21:57:43 +0000] [191] [INFO] Booting worker with pid: 191
[2026-03-23 21:57:43 +0000] [193] [INFO] Booting worker with pid: 193
[2026-03-23 21:57:43 +0000] [191] [INFO] Started server process [191]
[2026-03-23 21:57:43 +0000] [191] [INFO] Waiting for application startup.
[2026-03-23 21:57:43 +0000] [191] [INFO] Application startup complete.
[2026-03-23 21:57:43 +0000] [194] [INFO] Booting worker with pid: 194
[2026-03-23 21:57:43 +0000] [193] [INFO] Started server process [193]
[2026-03-23 21:57:43 +0000] [193] [INFO] Waiting for application startup.
[2026-03-23 21:57:43 +0000] [193] [INFO] Application startup complete.
[2026-03-23 21:57:43 +0000] [196] [INFO] Booting worker with pid: 196
[2026-03-23 21:57:43 +0000] [197] [INFO] Booting worker with pid: 197
[2026-03-23 21:57:43 +0000] [198] [INFO] Booting worker with pid: 198
[2026-03-23 21:57:43 +0000] [194] [INFO] Started server process [194]
[2026-03-23 21:57:43 +0000] [194] [INFO] Waiting for application startup.
[2026-03-23 21:57:43 +0000] [194] [INFO] Application startup complete.
[2026-03-23 21:57:43 +0000] [196] [INFO] Started server process [196]
[2026-03-23 21:57:43 +0000] [196] [INFO] Waiting for application startup.
[2026-03-23 21:57:43 +0000] [196] [INFO] Application startup complete.
[2026-03-23 21:57:43 +0000] [197] [INFO] Started server process [197]
[2026-03-23 21:57:43 +0000] [197] [INFO] Waiting for application startup.
[2026-03-23 21:57:43 +0000] [197] [INFO] Application startup complete.
[2026-03-23 21:57:43 +0000] [203] [INFO] Booting worker with pid: 203
[2026-03-23 21:57:43 +0000] [198] [INFO] Started server process [198]
[2026-03-23 21:57:43 +0000] [198] [INFO] Waiting for application startup.
[2026-03-23 21:57:43 +0000] [198] [INFO] Application startup complete.
[2026-03-23 21:57:43 +0000] [204] [INFO] Booting worker with pid: 204
[2026-03-23 21:57:43 +0000] [203] [INFO] Started server process [203]
[2026-03-23 21:57:43 +0000] [203] [INFO] Waiting for application startup.
[2026-03-23 21:57:43 +0000] [203] [INFO] Application startup complete.
[2026-03-23 21:57:43 +0000] [207] [INFO] Booting worker with pid: 207
[2026-03-23 21:57:43 +0000] [204] [INFO] Started server process [204]
[2026-03-23 21:57:43 +0000] [204] [INFO] Waiting for application startup.
[2026-03-23 21:57:43 +0000] [204] [INFO] Application startup complete.
[2026-03-23 21:57:43 +0000] [208] [INFO] Booting worker with pid: 208
[2026-03-23 21:57:43 +0000] [209] [INFO] Booting worker with pid: 209
[2026-03-23 21:57:43 +0000] [207] [INFO] Started server process [207]
[2026-03-23 21:57:43 +0000] [207] [INFO] Waiting for application startup.
[2026-03-23 21:57:43 +0000] [207] [INFO] Application startup complete.
[2026-03-23 21:57:43 +0000] [208] [INFO] Started server process [208]
[2026-03-23 21:57:43 +0000] [208] [INFO] Waiting for application startup.
[2026-03-23 21:57:43 +0000] [208] [INFO] Application startup complete.
[2026-03-23 21:57:43 +0000] [209] [INFO] Started server process [209]
[2026-03-23 21:57:43 +0000] [209] [INFO] Waiting for application startup.
[2026-03-23 21:57:43 +0000] [209] [INFO] Application startup complete.
[2026-03-23 21:57:43 +0000] [213] [INFO] Booting worker with pid: 213
[2026-03-23 21:57:43 +0000] [213] [INFO] Started server process [213]
[2026-03-23 21:57:43 +0000] [213] [INFO] Waiting for application startup.
[2026-03-23 21:57:43 +0000] [213] [INFO] Application startup complete.
[2026-03-23 21:57:43 +0000] [215] [INFO] Booting worker with pid: 215
[2026-03-23 21:57:43 +0000] [216] [INFO] Booting worker with pid: 216
[2026-03-23 21:57:43 +0000] [215] [INFO] Started server process [215]
[2026-03-23 21:57:43 +0000] [215] [INFO] Waiting for application startup.
[2026-03-23 21:57:43 +0000] [215] [INFO] Application startup complete.
[2026-03-23 21:57:43 +0000] [218] [INFO] Booting worker with pid: 218
[2026-03-23 21:57:44 +0000] [216] [INFO] Started server process [216]
[2026-03-23 21:57:44 +0000] [216] [INFO] Waiting for application startup.
[2026-03-23 21:57:44 +0000] [216] [INFO] Application startup complete.
[2026-03-23 21:57:44 +0000] [218] [INFO] Started server process [218]
[2026-03-23 21:57:44 +0000] [218] [INFO] Waiting for application startup.
[2026-03-23 21:57:44 +0000] [218] [INFO] Application startup complete.
[2026-03-23 21:57:44 +0000] [221] [INFO] Booting worker with pid: 221
[2026-03-23 21:57:44 +0000] [221] [INFO] Started server process [221]
[2026-03-23 21:57:44 +0000] [221] [INFO] Waiting for application startup.
[2026-03-23 21:57:44 +0000] [221] [INFO] Application startup complete.
[2026-03-23 21:57:44 +0000] [223] [INFO] Booting worker with pid: 223
[2026-03-23 21:57:44 +0000] [224] [INFO] Booting worker with pid: 224
[2026-03-23 21:57:44 +0000] [223] [INFO] Started server process [223]
[2026-03-23 21:57:44 +0000] [223] [INFO] Waiting for application startup.
[2026-03-23 21:57:44 +0000] [223] [INFO] Application startup complete.
[2026-03-23 21:57:44 +0000] [224] [INFO] Started server process [224]
[2026-03-23 21:57:44 +0000] [224] [INFO] Waiting for application startup.
[2026-03-23 21:57:44 +0000] [224] [INFO] Application startup complete.
[2026-03-23 21:57:44 +0000] [227] [INFO] Booting worker with pid: 227
[2026-03-23 21:57:44 +0000] [228] [INFO] Booting worker with pid: 228
[2026-03-23 21:57:44 +0000] [227] [INFO] Started server process [227]
[2026-03-23 21:57:44 +0000] [227] [INFO] Waiting for application startup.
[2026-03-23 21:57:44 +0000] [227] [INFO] Application startup complete.
[2026-03-23 21:57:44 +0000] [230] [INFO] Booting worker with pid: 230
[2026-03-23 21:57:44 +0000] [228] [INFO] Started server process [228]
[2026-03-23 21:57:44 +0000] [228] [INFO] Waiting for application startup.
[2026-03-23 21:57:44 +0000] [228] [INFO] Application startup complete.
[2026-03-23 21:57:44 +0000] [232] [INFO] Booting worker with pid: 232
[2026-03-23 21:57:44 +0000] [230] [INFO] Started server process [230]
[2026-03-23 21:57:44 +0000] [230] [INFO] Waiting for application startup.
[2026-03-23 21:57:44 +0000] [230] [INFO] Application startup complete.
[2026-03-23 21:57:44 +0000] [234] [INFO] Booting worker with pid: 234
[2026-03-23 21:57:44 +0000] [235] [INFO] Booting worker with pid: 235
[2026-03-23 21:57:44 +0000] [232] [INFO] Started server process [232]
[2026-03-23 21:57:44 +0000] [232] [INFO] Waiting for application startup.
[2026-03-23 21:57:44 +0000] [232] [INFO] Application startup complete.
[2026-03-23 21:57:44 +0000] [234] [INFO] Started server process [234]
[2026-03-23 21:57:44 +0000] [234] [INFO] Waiting for application startup.
[2026-03-23 21:57:44 +0000] [234] [INFO] Application startup complete.
[2026-03-23 21:57:44 +0000] [238] [INFO] Booting worker with pid: 238
[2026-03-23 21:57:44 +0000] [235] [INFO] Started server process [235]
[2026-03-23 21:57:44 +0000] [235] [INFO] Waiting for application startup.
[2026-03-23 21:57:44 +0000] [235] [INFO] Application startup complete.
[2026-03-23 21:57:44 +0000] [240] [INFO] Booting worker with pid: 240
[2026-03-23 21:57:44 +0000] [238] [INFO] Started server process [238]
[2026-03-23 21:57:44 +0000] [238] [INFO] Waiting for application startup.
[2026-03-23 21:57:44 +0000] [238] [INFO] Application startup complete.
[2026-03-23 21:57:44 +0000] [242] [INFO] Booting worker with pid: 242
[2026-03-23 21:57:44 +0000] [240] [INFO] Started server process [240]
[2026-03-23 21:57:44 +0000] [240] [INFO] Waiting for application startup.
[2026-03-23 21:57:44 +0000] [240] [INFO] Application startup complete.
[2026-03-23 21:57:44 +0000] [244] [INFO] Booting worker with pid: 244
[2026-03-23 21:57:44 +0000] [242] [INFO] Started server process [242]
[2026-03-23 21:57:44 +0000] [242] [INFO] Waiting for application startup.
[2026-03-23 21:57:44 +0000] [242] [INFO] Application startup complete.
[2026-03-23 21:57:44 +0000] [247] [INFO] Booting worker with pid: 247
[2026-03-23 21:57:44 +0000] [244] [INFO] Started server process [244]
[2026-03-23 21:57:44 +0000] [244] [INFO] Waiting for application startup.
[2026-03-23 21:57:44 +0000] [244] [INFO] Application startup complete.
[2026-03-23 21:57:44 +0000] [247] [INFO] Started server process [247]
[2026-03-23 21:57:44 +0000] [247] [INFO] Waiting for application startup.
[2026-03-23 21:57:44 +0000] [247] [INFO] Application startup complete.
[2026-03-23 21:57:44 +0000] [249] [INFO] Booting worker with pid: 249
[2026-03-23 21:57:44 +0000] [250] [INFO] Booting worker with pid: 250
[2026-03-23 21:57:44 +0000] [251] [INFO] Booting worker with pid: 251
[2026-03-23 21:57:44 +0000] [253] [INFO] Booting worker with pid: 253
[2026-03-23 21:57:44 +0000] [249] [INFO] Started server process [249]
[2026-03-23 21:57:44 +0000] [249] [INFO] Waiting for application startup.
[2026-03-23 21:57:44 +0000] [249] [INFO] Application startup complete.
[2026-03-23 21:57:44 +0000] [250] [INFO] Started server process [250]
[2026-03-23 21:57:44 +0000] [250] [INFO] Waiting for application startup.
[2026-03-23 21:57:44 +0000] [250] [INFO] Application startup complete.
[2026-03-23 21:57:44 +0000] [251] [INFO] Started server process [251]
[2026-03-23 21:57:44 +0000] [251] [INFO] Waiting for application startup.
[2026-03-23 21:57:44 +0000] [251] [INFO] Application startup complete.
[2026-03-23 21:57:44 +0000] [253] [INFO] Started server process [253]
[2026-03-23 21:57:44 +0000] [253] [INFO] Waiting for application startup.
[2026-03-23 21:57:44 +0000] [253] [INFO] Application startup complete.
[2026-03-23 21:57:44 +0000] [257] [INFO] Booting worker with pid: 257
[2026-03-23 21:57:44 +0000] [257] [INFO] Started server process [257]
[2026-03-23 21:57:44 +0000] [257] [INFO] Waiting for application startup.
[2026-03-23 21:57:44 +0000] [257] [INFO] Application startup complete.
[2026-03-23 21:57:44 +0000] [259] [INFO] Booting worker with pid: 259
[2026-03-23 21:57:45 +0000] [259] [INFO] Started server process [259]
[2026-03-23 21:57:45 +0000] [259] [INFO] Waiting for application startup.
[2026-03-23 21:57:45 +0000] [259] [INFO] Application startup complete.
[2026-03-23 21:57:45 +0000] [261] [INFO] Booting worker with pid: 261
[2026-03-23 21:57:45 +0000] [261] [INFO] Started server process [261]
[2026-03-23 21:57:45 +0000] [261] [INFO] Waiting for application startup.
[2026-03-23 21:57:45 +0000] [261] [INFO] Application startup complete.
[2026-03-23 21:57:45 +0000] [263] [INFO] Booting worker with pid: 263
[2026-03-23 21:57:45 +0000] [265] [INFO] Booting worker with pid: 265
[2026-03-23 21:57:45 +0000] [263] [INFO] Started server process [263]
[2026-03-23 21:57:45 +0000] [263] [INFO] Waiting for application startup.
[2026-03-23 21:57:45 +0000] [263] [INFO] Application startup complete.
[2026-03-23 21:57:45 +0000] [266] [INFO] Booting worker with pid: 266
[2026-03-23 21:57:45 +0000] [265] [INFO] Started server process [265]
[2026-03-23 21:57:45 +0000] [265] [INFO] Waiting for application startup.
[2026-03-23 21:57:45 +0000] [265] [INFO] Application startup complete.
[2026-03-23 21:57:45 +0000] [266] [INFO] Started server process [266]
[2026-03-23 21:57:45 +0000] [266] [INFO] Waiting for application startup.
[2026-03-23 21:57:45 +0000] [266] [INFO] Application startup complete.
[2026-03-23 21:57:45 +0000] [269] [INFO] Booting worker with pid: 269
[2026-03-23 21:57:45 +0000] [270] [INFO] Booting worker with pid: 270
[2026-03-23 21:57:45 +0000] [271] [INFO] Booting worker with pid: 271
[2026-03-23 21:57:45 +0000] [269] [INFO] Started server process [269]
[2026-03-23 21:57:45 +0000] [269] [INFO] Waiting for application startup.
[2026-03-23 21:57:45 +0000] [269] [INFO] Application startup complete.
[2026-03-23 21:57:45 +0000] [274] [INFO] Booting worker with pid: 274
[2026-03-23 21:57:45 +0000] [270] [INFO] Started server process [270]
[2026-03-23 21:57:45 +0000] [270] [INFO] Waiting for application startup.
[2026-03-23 21:57:45 +0000] [270] [INFO] Application startup complete.
[2026-03-23 21:57:45 +0000] [275] [INFO] Booting worker with pid: 275
[2026-03-23 21:57:45 +0000] [276] [INFO] Booting worker with pid: 276
[2026-03-23 21:57:45 +0000] [271] [INFO] Started server process [271]
[2026-03-23 21:57:45 +0000] [271] [INFO] Waiting for application startup.
[2026-03-23 21:57:45 +0000] [271] [INFO] Application startup complete.
[2026-03-23 21:57:45 +0000] [278] [INFO] Booting worker with pid: 278
[2026-03-23 21:57:45 +0000] [274] [INFO] Started server process [274]
[2026-03-23 21:57:45 +0000] [274] [INFO] Waiting for application startup.
[2026-03-23 21:57:45 +0000] [274] [INFO] Application startup complete.
[2026-03-23 21:57:45 +0000] [275] [INFO] Started server process [275]
[2026-03-23 21:57:45 +0000] [275] [INFO] Waiting for application startup.
[2026-03-23 21:57:45 +0000] [275] [INFO] Application startup complete.
[2026-03-23 21:57:45 +0000] [276] [INFO] Started server process [276]
[2026-03-23 21:57:45 +0000] [276] [INFO] Waiting for application startup.
[2026-03-23 21:57:45 +0000] [276] [INFO] Application startup complete.
[2026-03-23 21:57:45 +0000] [278] [INFO] Started server process [278]
[2026-03-23 21:57:45 +0000] [278] [INFO] Waiting for application startup.
[2026-03-23 21:57:45 +0000] [278] [INFO] Application startup complete.
[2026-03-23 21:57:45 +0000] [283] [INFO] Booting worker with pid: 283
[2026-03-23 21:57:45 +0000] [283] [INFO] Started server process [283]
[2026-03-23 21:57:45 +0000] [283] [INFO] Waiting for application startup.
[2026-03-23 21:57:45 +0000] [283] [INFO] Application startup complete.
[2026-03-23 21:57:45 +0000] [285] [INFO] Booting worker with pid: 285
[2026-03-23 21:57:45 +0000] [286] [INFO] Booting worker with pid: 286
[2026-03-23 21:57:45 +0000] [287] [INFO] Booting worker with pid: 287
[2026-03-23 21:57:45 +0000] [285] [INFO] Started server process [285]
[2026-03-23 21:57:45 +0000] [285] [INFO] Waiting for application startup.
[2026-03-23 21:57:45 +0000] [285] [INFO] Application startup complete.
[2026-03-23 21:57:45 +0000] [286] [INFO] Started server process [286]
[2026-03-23 21:57:45 +0000] [286] [INFO] Waiting for application startup.
[2026-03-23 21:57:45 +0000] [286] [INFO] Application startup complete.
[2026-03-23 21:57:45 +0000] [287] [INFO] Started server process [287]
[2026-03-23 21:57:45 +0000] [287] [INFO] Waiting for application startup.
[2026-03-23 21:57:45 +0000] [287] [INFO] Application startup complete.
[2026-03-23 21:57:45 +0000] [291] [INFO] Booting worker with pid: 291
[2026-03-23 21:57:45 +0000] [291] [INFO] Started server process [291]
[2026-03-23 21:57:45 +0000] [291] [INFO] Waiting for application startup.
[2026-03-23 21:57:45 +0000] [291] [INFO] Application startup complete.
[2026-03-23 21:57:45 +0000] [293] [INFO] Booting worker with pid: 293
[2026-03-23 21:57:45 +0000] [293] [INFO] Started server process [293]
[2026-03-23 21:57:45 +0000] [293] [INFO] Waiting for application startup.
[2026-03-23 21:57:45 +0000] [293] [INFO] Application startup complete.
[2026-03-23 21:57:45 +0000] [295] [INFO] Booting worker with pid: 295
[2026-03-23 21:57:45 +0000] [295] [INFO] Started server process [295]
[2026-03-23 21:57:45 +0000] [295] [INFO] Waiting for application startup.
[2026-03-23 21:57:45 +0000] [295] [INFO] Application startup complete.
[2026-03-23 21:57:45 +0000] [297] [INFO] Booting worker with pid: 297
[2026-03-23 21:57:45 +0000] [298] [INFO] Booting worker with pid: 298
[2026-03-23 21:57:45 +0000] [299] [INFO] Booting worker with pid: 299
[2026-03-23 21:57:46 +0000] [301] [INFO] Booting worker with pid: 301
[2026-03-23 21:57:46 +0000] [297] [INFO] Started server process [297]
[2026-03-23 21:57:46 +0000] [297] [INFO] Waiting for application startup.
[2026-03-23 21:57:46 +0000] [297] [INFO] Application startup complete.
[2026-03-23 21:57:46 +0000] [303] [INFO] Booting worker with pid: 303
[2026-03-23 21:57:46 +0000] [298] [INFO] Started server process [298]
[2026-03-23 21:57:46 +0000] [298] [INFO] Waiting for application startup.
[2026-03-23 21:57:46 +0000] [298] [INFO] Application startup complete.
[2026-03-23 21:57:46 +0000] [299] [INFO] Started server process [299]
[2026-03-23 21:57:46 +0000] [299] [INFO] Waiting for application startup.
[2026-03-23 21:57:46 +0000] [299] [INFO] Application startup complete.
[2026-03-23 21:57:46 +0000] [305] [INFO] Booting worker with pid: 305
[2026-03-23 21:57:46 +0000] [301] [INFO] Started server process [301]
[2026-03-23 21:57:46 +0000] [301] [INFO] Waiting for application startup.
[2026-03-23 21:57:46 +0000] [301] [INFO] Application startup complete.
[2026-03-23 21:57:46 +0000] [303] [INFO] Started server process [303]
[2026-03-23 21:57:46 +0000] [303] [INFO] Waiting for application startup.
[2026-03-23 21:57:46 +0000] [303] [INFO] Application startup complete.
[2026-03-23 21:57:46 +0000] [305] [INFO] Started server process [305]
[2026-03-23 21:57:46 +0000] [305] [INFO] Waiting for application startup.
[2026-03-23 21:57:46 +0000] [305] [INFO] Application startup complete.
[2026-03-23 21:57:46 +0000] [309] [INFO] Booting worker with pid: 309
[2026-03-23 21:57:46 +0000] [309] [INFO] Started server process [309]
[2026-03-23 21:57:46 +0000] [309] [INFO] Waiting for application startup.
[2026-03-23 21:57:46 +0000] [309] [INFO] Application startup complete.
[2026-03-23 21:57:46 +0000] [311] [INFO] Booting worker with pid: 311
[2026-03-23 21:57:46 +0000] [312] [INFO] Booting worker with pid: 312
[2026-03-23 21:57:46 +0000] [314] [INFO] Booting worker with pid: 314
[2026-03-23 21:57:46 +0000] [311] [INFO] Started server process [311]
[2026-03-23 21:57:46 +0000] [311] [INFO] Waiting for application startup.
[2026-03-23 21:57:46 +0000] [311] [INFO] Application startup complete.
[2026-03-23 21:57:46 +0000] [312] [INFO] Started server process [312]
[2026-03-23 21:57:46 +0000] [312] [INFO] Waiting for application startup.
[2026-03-23 21:57:46 +0000] [312] [INFO] Application startup complete.
[2026-03-23 21:57:46 +0000] [314] [INFO] Started server process [314]
[2026-03-23 21:57:46 +0000] [314] [INFO] Waiting for application startup.
[2026-03-23 21:57:46 +0000] [314] [INFO] Application startup complete.
[2026-03-23 21:57:46 +0000] [317] [INFO] Booting worker with pid: 317
[2026-03-23 21:57:46 +0000] [318] [INFO] Booting worker with pid: 318
[2026-03-23 21:57:46 +0000] [317] [INFO] Started server process [317]
[2026-03-23 21:57:46 +0000] [317] [INFO] Waiting for application startup.
[2026-03-23 21:57:46 +0000] [317] [INFO] Application startup complete.
[2026-03-23 21:57:46 +0000] [321] [INFO] Booting worker with pid: 321
[2026-03-23 21:57:46 +0000] [318] [INFO] Started server process [318]
[2026-03-23 21:57:46 +0000] [318] [INFO] Waiting for application startup.
[2026-03-23 21:57:46 +0000] [318] [INFO] Application startup complete.
[2026-03-23 21:57:46 +0000] [322] [INFO] Booting worker with pid: 322
[2026-03-23 21:57:46 +0000] [321] [INFO] Started server process [321]
[2026-03-23 21:57:46 +0000] [321] [INFO] Waiting for application startup.
[2026-03-23 21:57:46 +0000] [321] [INFO] Application startup complete.
[2026-03-23 21:57:46 +0000] [322] [INFO] Started server process [322]
[2026-03-23 21:57:46 +0000] [322] [INFO] Waiting for application startup.
[2026-03-23 21:57:46 +0000] [322] [INFO] Application startup complete.
[2026-03-23 21:57:46 +0000] [325] [INFO] Booting worker with pid: 325
[2026-03-23 21:57:46 +0000] [327] [INFO] Booting worker with pid: 327
[2026-03-23 21:57:46 +0000] [325] [INFO] Started server process [325]
[2026-03-23 21:57:46 +0000] [325] [INFO] Waiting for application startup.
[2026-03-23 21:57:46 +0000] [325] [INFO] Application startup complete.
[2026-03-23 21:57:46 +0000] [329] [INFO] Booting worker with pid: 329
[2026-03-23 21:57:46 +0000] [327] [INFO] Started server process [327]
[2026-03-23 21:57:46 +0000] [327] [INFO] Waiting for application startup.
[2026-03-23 21:57:46 +0000] [327] [INFO] Application startup complete.
[2026-03-23 21:57:46 +0000] [330] [INFO] Booting worker with pid: 330
[2026-03-23 21:57:46 +0000] [331] [INFO] Booting worker with pid: 331
[2026-03-23 21:57:46 +0000] [332] [INFO] Booting worker with pid: 332
[2026-03-23 21:57:46 +0000] [329] [INFO] Started server process [329]
[2026-03-23 21:57:46 +0000] [329] [INFO] Waiting for application startup.
[2026-03-23 21:57:46 +0000] [329] [INFO] Application startup complete.
[2026-03-23 21:57:46 +0000] [330] [INFO] Started server process [330]
[2026-03-23 21:57:46 +0000] [330] [INFO] Waiting for application startup.
[2026-03-23 21:57:46 +0000] [330] [INFO] Application startup complete.
[2026-03-23 21:57:46 +0000] [331] [INFO] Started server process [331]
[2026-03-23 21:57:46 +0000] [331] [INFO] Waiting for application startup.
[2026-03-23 21:57:46 +0000] [331] [INFO] Application startup complete.
[2026-03-23 21:57:46 +0000] [332] [INFO] Started server process [332]
[2026-03-23 21:57:46 +0000] [332] [INFO] Waiting for application startup.
[2026-03-23 21:57:46 +0000] [332] [INFO] Application startup complete.
[2026-03-23 21:57:46 +0000] [337] [INFO] Booting worker with pid: 337
[2026-03-23 21:57:46 +0000] [338] [INFO] Booting worker with pid: 338
[2026-03-23 21:57:46 +0000] [339] [INFO] Booting worker with pid: 339
[2026-03-23 21:57:46 +0000] [340] [INFO] Booting worker with pid: 340
[2026-03-23 21:57:46 +0000] [337] [INFO] Started server process [337]
[2026-03-23 21:57:46 +0000] [337] [INFO] Waiting for application startup.
[2026-03-23 21:57:46 +0000] [337] [INFO] Application startup complete.
[2026-03-23 21:57:46 +0000] [338] [INFO] Started server process [338]
[2026-03-23 21:57:46 +0000] [338] [INFO] Waiting for application startup.
[2026-03-23 21:57:46 +0000] [338] [INFO] Application startup complete.
[2026-03-23 21:57:46 +0000] [339] [INFO] Started server process [339]
[2026-03-23 21:57:46 +0000] [339] [INFO] Waiting for application startup.
[2026-03-23 21:57:46 +0000] [339] [INFO] Application startup complete.
[2026-03-23 21:57:46 +0000] [344] [INFO] Booting worker with pid: 344
[2026-03-23 21:57:46 +0000] [340] [INFO] Started server process [340]
[2026-03-23 21:57:46 +0000] [340] [INFO] Waiting for application startup.
[2026-03-23 21:57:46 +0000] [340] [INFO] Application startup complete.
[2026-03-23 21:57:46 +0000] [346] [INFO] Booting worker with pid: 346
[2026-03-23 21:57:46 +0000] [344] [INFO] Started server process [344]
[2026-03-23 21:57:46 +0000] [344] [INFO] Waiting for application startup.
[2026-03-23 21:57:46 +0000] [344] [INFO] Application startup complete.
[2026-03-23 21:57:47 +0000] [346] [INFO] Started server process [346]
[2026-03-23 21:57:47 +0000] [346] [INFO] Waiting for application startup.
[2026-03-23 21:57:47 +0000] [346] [INFO] Application startup complete.
[2026-03-23 21:57:47 +0000] [349] [INFO] Booting worker with pid: 349
[2026-03-23 21:57:47 +0000] [350] [INFO] Booting worker with pid: 350
[2026-03-23 21:57:47 +0000] [349] [INFO] Started server process [349]
[2026-03-23 21:57:47 +0000] [349] [INFO] Waiting for application startup.
[2026-03-23 21:57:47 +0000] [349] [INFO] Application startup complete.
[2026-03-23 21:57:47 +0000] [352] [INFO] Booting worker with pid: 352
[2026-03-23 21:57:47 +0000] [353] [INFO] Booting worker with pid: 353
[2026-03-23 21:57:47 +0000] [355] [INFO] Booting worker with pid: 355
[2026-03-23 21:57:47 +0000] [350] [INFO] Started server process [350]
[2026-03-23 21:57:47 +0000] [350] [INFO] Waiting for application startup.
[2026-03-23 21:57:47 +0000] [350] [INFO] Application startup complete.
[2026-03-23 21:57:47 +0000] [358] [INFO] Booting worker with pid: 358
[2026-03-23 21:57:47 +0000] [352] [INFO] Started server process [352]
[2026-03-23 21:57:47 +0000] [352] [INFO] Waiting for application startup.
[2026-03-23 21:57:47 +0000] [352] [INFO] Application startup complete.
[2026-03-23 21:57:47 +0000] [353] [INFO] Started server process [353]
[2026-03-23 21:57:47 +0000] [353] [INFO] Waiting for application startup.
[2026-03-23 21:57:47 +0000] [353] [INFO] Application startup complete.
[2026-03-23 21:57:47 +0000] [355] [INFO] Started server process [355]
[2026-03-23 21:57:47 +0000] [355] [INFO] Waiting for application startup.
[2026-03-23 21:57:47 +0000] [355] [INFO] Application startup complete.
[2026-03-23 21:57:47 +0000] [360] [INFO] Booting worker with pid: 360
[2026-03-23 21:57:47 +0000] [361] [INFO] Booting worker with pid: 361
[2026-03-23 21:57:47 +0000] [362] [INFO] Booting worker with pid: 362
[2026-03-23 21:57:47 +0000] [361] [INFO] Started server process [361]
[2026-03-23 21:57:47 +0000] [361] [INFO] Waiting for application startup.
[2026-03-23 21:57:47 +0000] [361] [INFO] Application startup complete.
[2026-03-23 21:57:47 +0000] [358] [INFO] Started server process [358]
[2026-03-23 21:57:47 +0000] [358] [INFO] Waiting for application startup.
[2026-03-23 21:57:47 +0000] [358] [INFO] Application startup complete.
[2026-03-23 21:57:47 +0000] [360] [INFO] Started server process [360]
[2026-03-23 21:57:47 +0000] [360] [INFO] Waiting for application startup.
[2026-03-23 21:57:47 +0000] [360] [INFO] Application startup complete.
[2026-03-23 21:57:47 +0000] [366] [INFO] Booting worker with pid: 366
[2026-03-23 21:57:47 +0000] [362] [INFO] Started server process [362]
[2026-03-23 21:57:47 +0000] [362] [INFO] Waiting for application startup.
[2026-03-23 21:57:47 +0000] [362] [INFO] Application startup complete.
[2026-03-23 21:57:47 +0000] [368] [INFO] Booting worker with pid: 368
[2026-03-23 21:57:47 +0000] [366] [INFO] Started server process [366]
[2026-03-23 21:57:47 +0000] [366] [INFO] Waiting for application startup.
[2026-03-23 21:57:47 +0000] [366] [INFO] Application startup complete.
[2026-03-23 21:57:47 +0000] [370] [INFO] Booting worker with pid: 370
[2026-03-23 21:57:47 +0000] [371] [INFO] Booting worker with pid: 371
[2026-03-23 21:57:47 +0000] [368] [INFO] Started server process [368]
[2026-03-23 21:57:47 +0000] [368] [INFO] Waiting for application startup.
[2026-03-23 21:57:47 +0000] [368] [INFO] Application startup complete.
[2026-03-23 21:57:47 +0000] [373] [INFO] Booting worker with pid: 373
[2026-03-23 21:57:47 +0000] [376] [INFO] Booting worker with pid: 376
[2026-03-23 21:57:47 +0000] [370] [INFO] Started server process [370]
[2026-03-23 21:57:47 +0000] [370] [INFO] Waiting for application startup.
[2026-03-23 21:57:47 +0000] [370] [INFO] Application startup complete.
[2026-03-23 21:57:47 +0000] [371] [INFO] Started server process [371]
[2026-03-23 21:57:47 +0000] [371] [INFO] Waiting for application startup.
[2026-03-23 21:57:47 +0000] [371] [INFO] Application startup complete.
[2026-03-23 21:57:47 +0000] [377] [INFO] Booting worker with pid: 377
[2026-03-23 21:57:47 +0000] [380] [INFO] Booting worker with pid: 380
[2026-03-23 21:57:47 +0000] [376] [INFO] Started server process [376]
[2026-03-23 21:57:47 +0000] [376] [INFO] Waiting for application startup.
[2026-03-23 21:57:47 +0000] [376] [INFO] Application startup complete.
[2026-03-23 21:57:47 +0000] [382] [INFO] Booting worker with pid: 382
[2026-03-23 21:57:47 +0000] [377] [INFO] Started server process [377]
[2026-03-23 21:57:47 +0000] [377] [INFO] Waiting for application startup.
[2026-03-23 21:57:47 +0000] [377] [INFO] Application startup complete.
[2026-03-23 21:57:47 +0000] [373] [INFO] Started server process [373]
[2026-03-23 21:57:47 +0000] [373] [INFO] Waiting for application startup.
[2026-03-23 21:57:47 +0000] [373] [INFO] Application startup complete.
[2026-03-23 21:57:48 +0000] [383] [INFO] Booting worker with pid: 383
[2026-03-23 21:57:48 +0000] [382] [INFO] Started server process [382]
[2026-03-23 21:57:48 +0000] [382] [INFO] Waiting for application startup.
[2026-03-23 21:57:48 +0000] [382] [INFO] Application startup complete.
[2026-03-23 21:57:48 +0000] [385] [INFO] Booting worker with pid: 385
[2026-03-23 21:57:48 +0000] [386] [INFO] Booting worker with pid: 386
[2026-03-23 21:57:48 +0000] [380] [INFO] Started server process [380]
[2026-03-23 21:57:48 +0000] [380] [INFO] Waiting for application startup.
[2026-03-23 21:57:48 +0000] [380] [INFO] Application startup complete.
[2026-03-23 21:57:48 +0000] [389] [INFO] Booting worker with pid: 389
[2026-03-23 21:57:48 +0000] [383] [INFO] Started server process [383]
[2026-03-23 21:57:48 +0000] [383] [INFO] Waiting for application startup.
[2026-03-23 21:57:48 +0000] [383] [INFO] Application startup complete.
[2026-03-23 21:57:48 +0000] [392] [INFO] Booting worker with pid: 392
[2026-03-23 21:57:48 +0000] [386] [INFO] Started server process [386]
[2026-03-23 21:57:48 +0000] [386] [INFO] Waiting for application startup.
[2026-03-23 21:57:48 +0000] [386] [INFO] Application startup complete.
[2026-03-23 21:57:48 +0000] [385] [INFO] Started server process [385]
[2026-03-23 21:57:48 +0000] [385] [INFO] Waiting for application startup.
[2026-03-23 21:57:48 +0000] [385] [INFO] Application startup complete.
[2026-03-23 21:57:48 +0000] [393] [INFO] Booting worker with pid: 393
[2026-03-23 21:57:48 +0000] [389] [INFO] Started server process [389]
[2026-03-23 21:57:48 +0000] [389] [INFO] Waiting for application startup.
[2026-03-23 21:57:48 +0000] [389] [INFO] Application startup complete.
[2026-03-23 21:57:48 +0000] [395] [INFO] Booting worker with pid: 395
[2026-03-23 21:57:48 +0000] [392] [INFO] Started server process [392]
[2026-03-23 21:57:48 +0000] [392] [INFO] Waiting for application startup.
[2026-03-23 21:57:48 +0000] [392] [INFO] Application startup complete.
[2026-03-23 21:57:48 +0000] [397] [INFO] Booting worker with pid: 397
[2026-03-23 21:57:48 +0000] [398] [INFO] Booting worker with pid: 398
[2026-03-23 21:57:48 +0000] [399] [INFO] Booting worker with pid: 399
[2026-03-23 21:57:48 +0000] [398] [INFO] Started server process [398]
[2026-03-23 21:57:48 +0000] [398] [INFO] Waiting for application startup.
[2026-03-23 21:57:48 +0000] [398] [INFO] Application startup complete.
[2026-03-23 21:57:48 +0000] [403] [INFO] Booting worker with pid: 403
[2026-03-23 21:57:48 +0000] [393] [INFO] Started server process [393]
[2026-03-23 21:57:48 +0000] [393] [INFO] Waiting for application startup.
[2026-03-23 21:57:48 +0000] [395] [INFO] Started server process [395]
[2026-03-23 21:57:48 +0000] [395] [INFO] Waiting for application startup.
[2026-03-23 21:57:48 +0000] [395] [INFO] Application startup complete.
[2026-03-23 21:57:48 +0000] [393] [INFO] Application startup complete.
[2026-03-23 21:57:48 +0000] [397] [INFO] Started server process [397]
[2026-03-23 21:57:48 +0000] [397] [INFO] Waiting for application startup.
[2026-03-23 21:57:48 +0000] [397] [INFO] Application startup complete.
[2026-03-23 21:57:48 +0000] [405] [INFO] Booting worker with pid: 405
[2026-03-23 21:57:48 +0000] [407] [INFO] Booting worker with pid: 407
[2026-03-23 21:57:48 +0000] [399] [INFO] Started server process [399]
[2026-03-23 21:57:48 +0000] [399] [INFO] Waiting for application startup.
[2026-03-23 21:57:48 +0000] [399] [INFO] Application startup complete.
[2026-03-23 21:57:48 +0000] [403] [INFO] Started server process [403]
[2026-03-23 21:57:48 +0000] [403] [INFO] Waiting for application startup.
[2026-03-23 21:57:48 +0000] [403] [INFO] Application startup complete.
[2026-03-23 21:57:48 +0000] [409] [INFO] Booting worker with pid: 409
[2026-03-23 21:57:49 +0000] [407] [INFO] Started server process [407]
[2026-03-23 21:57:49 +0000] [407] [INFO] Waiting for application startup.
[2026-03-23 21:57:49 +0000] [407] [INFO] Application startup complete.
[2026-03-23 21:57:49 +0000] [405] [INFO] Started server process [405]
[2026-03-23 21:57:49 +0000] [405] [INFO] Waiting for application startup.
[2026-03-23 21:57:49 +0000] [405] [INFO] Application startup complete.
[2026-03-23 21:57:49 +0000] [412] [INFO] Booting worker with pid: 412
[2026-03-23 21:57:49 +0000] [414] [INFO] Booting worker with pid: 414
[2026-03-23 21:57:49 +0000] [409] [INFO] Started server process [409]
[2026-03-23 21:57:49 +0000] [409] [INFO] Waiting for application startup.
[2026-03-23 21:57:49 +0000] [409] [INFO] Application startup complete.
[2026-03-23 21:57:49 +0000] [415] [INFO] Booting worker with pid: 415
[2026-03-23 21:57:49 +0000] [416] [INFO] Booting worker with pid: 416
[2026-03-23 21:57:49 +0000] [417] [INFO] Booting worker with pid: 417
[2026-03-23 21:57:49 +0000] [420] [INFO] Booting worker with pid: 420
[2026-03-23 21:57:49 +0000] [412] [INFO] Started server process [412]
[2026-03-23 21:57:49 +0000] [412] [INFO] Waiting for application startup.
[2026-03-23 21:57:49 +0000] [412] [INFO] Application startup complete.
[2026-03-23 21:57:49 +0000] [414] [INFO] Started server process [414]
[2026-03-23 21:57:49 +0000] [414] [INFO] Waiting for application startup.
[2026-03-23 21:57:49 +0000] [414] [INFO] Application startup complete.
[2026-03-23 21:57:49 +0000] [415] [INFO] Started server process [415]
[2026-03-23 21:57:49 +0000] [415] [INFO] Waiting for application startup.
[2026-03-23 21:57:49 +0000] [415] [INFO] Application startup complete.
[2026-03-23 21:57:49 +0000] [422] [INFO] Booting worker with pid: 422
[2026-03-23 21:57:49 +0000] [423] [INFO] Booting worker with pid: 423
[2026-03-23 21:57:49 +0000] [424] [INFO] Booting worker with pid: 424
[2026-03-23 21:57:49 +0000] [416] [INFO] Started server process [416]
[2026-03-23 21:57:49 +0000] [416] [INFO] Waiting for application startup.
[2026-03-23 21:57:49 +0000] [416] [INFO] Application startup complete.
[2026-03-23 21:57:49 +0000] [426] [INFO] Booting worker with pid: 426
[2026-03-23 21:57:49 +0000] [423] [INFO] Started server process [423]
[2026-03-23 21:57:49 +0000] [423] [INFO] Waiting for application startup.
[2026-03-23 21:57:49 +0000] [423] [INFO] Application startup complete.
[2026-03-23 21:57:49 +0000] [417] [INFO] Started server process [417]
[2026-03-23 21:57:49 +0000] [417] [INFO] Waiting for application startup.
[2026-03-23 21:57:49 +0000] [417] [INFO] Application startup complete.
[2026-03-23 21:57:49 +0000] [422] [INFO] Started server process [422]
[2026-03-23 21:57:49 +0000] [422] [INFO] Waiting for application startup.
[2026-03-23 21:57:49 +0000] [422] [INFO] Application startup complete.
[2026-03-23 21:57:49 +0000] [431] [INFO] Booting worker with pid: 431
[2026-03-23 21:57:49 +0000] [420] [INFO] Started server process [420]
[2026-03-23 21:57:49 +0000] [424] [INFO] Started server process [424]
[2026-03-23 21:57:49 +0000] [424] [INFO] Waiting for application startup.
[2026-03-23 21:57:49 +0000] [424] [INFO] Application startup complete.
[2026-03-23 21:57:49 +0000] [420] [INFO] Waiting for application startup.
[2026-03-23 21:57:49 +0000] [420] [INFO] Application startup complete.
[2026-03-23 21:57:49 +0000] [433] [INFO] Booting worker with pid: 433
[2026-03-23 21:57:49 +0000] [434] [INFO] Booting worker with pid: 434
[2026-03-23 21:57:49 +0000] [435] [INFO] Booting worker with pid: 435
[2026-03-23 21:57:49 +0000] [438] [INFO] Booting worker with pid: 438
[2026-03-23 21:57:49 +0000] [431] [INFO] Started server process [431]
[2026-03-23 21:57:49 +0000] [431] [INFO] Waiting for application startup.
[2026-03-23 21:57:49 +0000] [431] [INFO] Application startup complete.
[2026-03-23 21:57:49 +0000] [426] [INFO] Started server process [426]
[2026-03-23 21:57:49 +0000] [426] [INFO] Waiting for application startup.
[2026-03-23 21:57:49 +0000] [426] [INFO] Application startup complete.
[2026-03-23 21:57:49 +0000] [433] [INFO] Started server process [433]
[2026-03-23 21:57:49 +0000] [433] [INFO] Waiting for application startup.
[2026-03-23 21:57:49 +0000] [433] [INFO] Application startup complete.
[2026-03-23 21:57:49 +0000] [435] [INFO] Started server process [435]
[2026-03-23 21:57:49 +0000] [435] [INFO] Waiting for application startup.
[2026-03-23 21:57:49 +0000] [435] [INFO] Application startup complete.
[2026-03-23 21:57:49 +0000] [442] [INFO] Booting worker with pid: 442
[2026-03-23 21:57:49 +0000] [434] [INFO] Started server process [434]
[2026-03-23 21:57:49 +0000] [434] [INFO] Waiting for application startup.
[2026-03-23 21:57:49 +0000] [434] [INFO] Application startup complete.
[2026-03-23 21:57:49 +0000] [444] [INFO] Booting worker with pid: 444
[2026-03-23 21:57:49 +0000] [438] [INFO] Started server process [438]
[2026-03-23 21:57:49 +0000] [438] [INFO] Waiting for application startup.
[2026-03-23 21:57:49 +0000] [438] [INFO] Application startup complete.
[2026-03-23 21:57:49 +0000] [446] [INFO] Booting worker with pid: 446
[2026-03-23 21:57:49 +0000] [442] [INFO] Started server process [442]
[2026-03-23 21:57:49 +0000] [442] [INFO] Waiting for application startup.
[2026-03-23 21:57:49 +0000] [442] [INFO] Application startup complete.
[2026-03-23 21:57:50 +0000] [444] [INFO] Started server process [444]
[2026-03-23 21:57:50 +0000] [444] [INFO] Waiting for application startup.
[2026-03-23 21:57:50 +0000] [444] [INFO] Application startup complete.
[2026-03-23 21:57:50 +0000] [448] [INFO] Booting worker with pid: 448
[2026-03-23 21:57:50 +0000] [446] [INFO] Started server process [446]
[2026-03-23 21:57:50 +0000] [446] [INFO] Waiting for application startup.
[2026-03-23 21:57:50 +0000] [446] [INFO] Application startup complete.
[2026-03-23 21:57:50 +0000] [450] [INFO] Booting worker with pid: 450
[2026-03-23 21:57:50 +0000] [452] [INFO] Booting worker with pid: 452
[2026-03-23 21:57:50 +0000] [448] [INFO] Started server process [448]
[2026-03-23 21:57:50 +0000] [448] [INFO] Waiting for application startup.
[2026-03-23 21:57:50 +0000] [448] [INFO] Application startup complete.
[2026-03-23 21:57:50 +0000] [453] [INFO] Booting worker with pid: 453
[2026-03-23 21:57:50 +0000] [454] [INFO] Booting worker with pid: 454
[2026-03-23 21:57:50 +0000] [450] [INFO] Started server process [450]
[2026-03-23 21:57:50 +0000] [450] [INFO] Waiting for application startup.
[2026-03-23 21:57:50 +0000] [450] [INFO] Application startup complete.
[2026-03-23 21:57:50 +0000] [457] [INFO] Booting worker with pid: 457
[2026-03-23 21:57:50 +0000] [453] [INFO] Started server process [453]
[2026-03-23 21:57:50 +0000] [453] [INFO] Waiting for application startup.
[2026-03-23 21:57:50 +0000] [453] [INFO] Application startup complete.
[2026-03-23 21:57:50 +0000] [454] [INFO] Started server process [454]
[2026-03-23 21:57:50 +0000] [454] [INFO] Waiting for application startup.
[2026-03-23 21:57:50 +0000] [454] [INFO] Application startup complete.
[2026-03-23 21:57:50 +0000] [460] [INFO] Booting worker with pid: 460
[2026-03-23 21:57:50 +0000] [452] [INFO] Started server process [452]
[2026-03-23 21:57:50 +0000] [452] [INFO] Waiting for application startup.
[2026-03-23 21:57:50 +0000] [452] [INFO] Application startup complete.
[2026-03-23 21:57:50 +0000] [457] [INFO] Started server process [457]
[2026-03-23 21:57:50 +0000] [457] [INFO] Waiting for application startup.
[2026-03-23 21:57:50 +0000] [457] [INFO] Application startup complete.
[2026-03-23 21:57:50 +0000] [462] [INFO] Booting worker with pid: 462
[2026-03-23 21:57:50 +0000] [460] [INFO] Started server process [460]
[2026-03-23 21:57:50 +0000] [460] [INFO] Waiting for application startup.
[2026-03-23 21:57:50 +0000] [460] [INFO] Application startup complete.
[2026-03-23 21:57:50 +0000] [464] [INFO] Booting worker with pid: 464
[2026-03-23 21:57:50 +0000] [465] [INFO] Booting worker with pid: 465
[2026-03-23 21:57:50 +0000] [462] [INFO] Started server process [462]
[2026-03-23 21:57:50 +0000] [462] [INFO] Waiting for application startup.
[2026-03-23 21:57:50 +0000] [462] [INFO] Application startup complete.
[2026-03-23 21:57:50 +0000] [467] [INFO] Booting worker with pid: 467
[2026-03-23 21:57:50 +0000] [469] [INFO] Booting worker with pid: 469
[2026-03-23 21:57:50 +0000] [464] [INFO] Started server process [464]
[2026-03-23 21:57:50 +0000] [464] [INFO] Waiting for application startup.
[2026-03-23 21:57:50 +0000] [464] [INFO] Application startup complete.
[2026-03-23 21:57:50 +0000] [465] [INFO] Started server process [465]
[2026-03-23 21:57:50 +0000] [465] [INFO] Waiting for application startup.
[2026-03-23 21:57:50 +0000] [465] [INFO] Application startup complete.
[2026-03-23 21:57:50 +0000] [471] [INFO] Booting worker with pid: 471
[2026-03-23 21:57:50 +0000] [467] [INFO] Started server process [467]
[2026-03-23 21:57:50 +0000] [467] [INFO] Waiting for application startup.
[2026-03-23 21:57:50 +0000] [467] [INFO] Application startup complete.
[2026-03-23 21:57:50 +0000] [474] [INFO] Booting worker with pid: 474
[2026-03-23 21:57:50 +0000] [469] [INFO] Started server process [469]
[2026-03-23 21:57:50 +0000] [469] [INFO] Waiting for application startup.
[2026-03-23 21:57:50 +0000] [469] [INFO] Application startup complete.
[2026-03-23 21:57:50 +0000] [471] [INFO] Started server process [471]
[2026-03-23 21:57:50 +0000] [471] [INFO] Waiting for application startup.
[2026-03-23 21:57:50 +0000] [471] [INFO] Application startup complete.
[2026-03-23 21:57:50 +0000] [476] [INFO] Booting worker with pid: 476
[2026-03-23 21:57:51 +0000] [474] [INFO] Started server process [474]
[2026-03-23 21:57:51 +0000] [474] [INFO] Waiting for application startup.
[2026-03-23 21:57:51 +0000] [474] [INFO] Application startup complete.
[2026-03-23 21:57:51 +0000] [478] [INFO] Booting worker with pid: 478
[2026-03-23 21:57:51 +0000] [476] [INFO] Started server process [476]
[2026-03-23 21:57:51 +0000] [476] [INFO] Waiting for application startup.
[2026-03-23 21:57:51 +0000] [476] [INFO] Application startup complete.
[2026-03-23 21:57:51 +0000] [480] [INFO] Booting worker with pid: 480
[2026-03-23 21:57:51 +0000] [481] [INFO] Booting worker with pid: 481
[2026-03-23 21:57:51 +0000] [483] [INFO] Booting worker with pid: 483
[2026-03-23 21:57:51 +0000] [478] [INFO] Started server process [478]
[2026-03-23 21:57:51 +0000] [478] [INFO] Waiting for application startup.
[2026-03-23 21:57:51 +0000] [478] [INFO] Application startup complete.
[2026-03-23 21:57:51 +0000] [484] [INFO] Booting worker with pid: 484
[2026-03-23 21:57:51 +0000] [481] [INFO] Started server process [481]
[2026-03-23 21:57:51 +0000] [481] [INFO] Waiting for application startup.
[2026-03-23 21:57:51 +0000] [481] [INFO] Application startup complete.
[2026-03-23 21:57:51 +0000] [487] [INFO] Booting worker with pid: 487
[2026-03-23 21:57:51 +0000] [480] [INFO] Started server process [480]
[2026-03-23 21:57:51 +0000] [480] [INFO] Waiting for application startup.
[2026-03-23 21:57:51 +0000] [480] [INFO] Application startup complete.
[2026-03-23 21:57:51 +0000] [489] [INFO] Booting worker with pid: 489
[2026-03-23 21:57:51 +0000] [483] [INFO] Started server process [483]
[2026-03-23 21:57:51 +0000] [483] [INFO] Waiting for application startup.
[2026-03-23 21:57:51 +0000] [483] [INFO] Application startup complete.
[2026-03-23 21:57:51 +0000] [484] [INFO] Started server process [484]
[2026-03-23 21:57:51 +0000] [484] [INFO] Waiting for application startup.
[2026-03-23 21:57:51 +0000] [484] [INFO] Application startup complete.
[2026-03-23 21:57:51 +0000] [492] [INFO] Booting worker with pid: 492
[2026-03-23 21:57:51 +0000] [487] [INFO] Started server process [487]
[2026-03-23 21:57:51 +0000] [487] [INFO] Waiting for application startup.
[2026-03-23 21:57:51 +0000] [487] [INFO] Application startup complete.
[2026-03-23 21:57:51 +0000] [489] [INFO] Started server process [489]
[2026-03-23 21:57:51 +0000] [489] [INFO] Waiting for application startup.
[2026-03-23 21:57:51 +0000] [489] [INFO] Application startup complete.
[2026-03-23 21:57:51 +0000] [494] [INFO] Booting worker with pid: 494
[2026-03-23 21:57:51 +0000] [495] [INFO] Booting worker with pid: 495
[2026-03-23 21:57:51 +0000] [496] [INFO] Booting worker with pid: 496
[2026-03-23 21:57:51 +0000] [494] [INFO] Started server process [494]
[2026-03-23 21:57:51 +0000] [494] [INFO] Waiting for application startup.
[2026-03-23 21:57:51 +0000] [494] [INFO] Application startup complete.
[2026-03-23 21:57:51 +0000] [499] [INFO] Booting worker with pid: 499
[2026-03-23 21:57:51 +0000] [492] [INFO] Started server process [492]
[2026-03-23 21:57:51 +0000] [492] [INFO] Waiting for application startup.
[2026-03-23 21:57:51 +0000] [492] [INFO] Application startup complete.
[2026-03-23 21:57:51 +0000] [495] [INFO] Started server process [495]
[2026-03-23 21:57:51 +0000] [495] [INFO] Waiting for application startup.
[2026-03-23 21:57:51 +0000] [495] [INFO] Application startup complete.
[2026-03-23 21:57:51 +0000] [501] [INFO] Booting worker with pid: 501
[2026-03-23 21:57:51 +0000] [499] [INFO] Started server process [499]
[2026-03-23 21:57:51 +0000] [499] [INFO] Waiting for application startup.
[2026-03-23 21:57:51 +0000] [499] [INFO] Application startup complete.
[2026-03-23 21:57:51 +0000] [504] [INFO] Booting worker with pid: 504
[2026-03-23 21:57:51 +0000] [505] [INFO] Booting worker with pid: 505
[2026-03-23 21:57:51 +0000] [496] [INFO] Started server process [496]
[2026-03-23 21:57:51 +0000] [496] [INFO] Waiting for application startup.
[2026-03-23 21:57:51 +0000] [496] [INFO] Application startup complete.
[2026-03-23 21:57:52 +0000] [501] [INFO] Started server process [501]
[2026-03-23 21:57:52 +0000] [501] [INFO] Waiting for application startup.
[2026-03-23 21:57:52 +0000] [501] [INFO] Application startup complete.
[2026-03-23 21:57:52 +0000] [504] [INFO] Started server process [504]
[2026-03-23 21:57:52 +0000] [504] [INFO] Waiting for application startup.
[2026-03-23 21:57:52 +0000] [504] [INFO] Application startup complete.
[2026-03-23 21:57:52 +0000] [509] [INFO] Booting worker with pid: 509
[2026-03-23 21:57:52 +0000] [505] [INFO] Started server process [505]
[2026-03-23 21:57:52 +0000] [505] [INFO] Waiting for application startup.
[2026-03-23 21:57:52 +0000] [505] [INFO] Application startup complete.
[2026-03-23 21:57:52 +0000] [510] [INFO] Booting worker with pid: 510
[2026-03-23 21:57:52 +0000] [512] [INFO] Booting worker with pid: 512
[2026-03-23 21:57:52 +0000] [509] [INFO] Started server process [509]
[2026-03-23 21:57:52 +0000] [509] [INFO] Waiting for application startup.
[2026-03-23 21:57:52 +0000] [509] [INFO] Application startup complete.
[2026-03-23 21:57:52 +0000] [515] [INFO] Booting worker with pid: 515
[2026-03-23 21:57:52 +0000] [516] [INFO] Booting worker with pid: 516
[2026-03-23 21:57:52 +0000] [510] [INFO] Started server process [510]
[2026-03-23 21:57:52 +0000] [510] [INFO] Waiting for application startup.
[2026-03-23 21:57:52 +0000] [510] [INFO] Application startup complete.
[2026-03-23 21:57:52 +0000] [512] [INFO] Started server process [512]
[2026-03-23 21:57:52 +0000] [512] [INFO] Waiting for application startup.
[2026-03-23 21:57:52 +0000] [512] [INFO] Application startup complete.
[2026-03-23 21:57:52 +0000] [515] [INFO] Started server process [515]
[2026-03-23 21:57:52 +0000] [515] [INFO] Waiting for application startup.
[2026-03-23 21:57:52 +0000] [515] [INFO] Application startup complete.
[2026-03-23 21:57:52 +0000] [516] [INFO] Started server process [516]
[2026-03-23 21:57:52 +0000] [516] [INFO] Waiting for application startup.
[2026-03-23 21:57:52 +0000] [516] [INFO] Application startup complete.
