[2026-03-23 22:02:59 +0000] [1] [INFO] Starting gunicorn 23.0.0
[2026-03-23 22:02:59 +0000] [1] [INFO] Listening at: http://0.0.0.0:8080 (1)
[2026-03-23 22:02:59 +0000] [1] [INFO] Using worker: uvicorn.workers.UvicornWorker
[2026-03-23 22:02:59 +0000] [7] [INFO] Booting worker with pid: 7
[2026-03-23 22:02:59 +0000] [8] [INFO] Booting worker with pid: 8
[2026-03-23 22:02:59 +0000] [7] [INFO] Started server process [7]
[2026-03-23 22:02:59 +0000] [7] [INFO] Waiting for application startup.
[2026-03-23 22:02:59 +0000] [7] [INFO] Application startup complete.
[2026-03-23 22:02:59 +0000] [8] [INFO] Started server process [8]
[2026-03-23 22:02:59 +0000] [8] [INFO] Waiting for application startup.
[2026-03-23 22:02:59 +0000] [8] [INFO] Application startup complete.
[2026-03-23 22:02:59 +0000] [11] [INFO] Booting worker with pid: 11
[2026-03-23 22:02:59 +0000] [12] [INFO] Booting worker with pid: 12
[2026-03-23 22:02:59 +0000] [11] [INFO] Started server process [11]
[2026-03-23 22:02:59 +0000] [11] [INFO] Waiting for application startup.
[2026-03-23 22:02:59 +0000] [11] [INFO] Application startup complete.
[2026-03-23 22:02:59 +0000] [15] [INFO] Booting worker with pid: 15
[2026-03-23 22:02:59 +0000] [12] [INFO] Started server process [12]
[2026-03-23 22:02:59 +0000] [12] [INFO] Waiting for application startup.
[2026-03-23 22:02:59 +0000] [12] [INFO] Application startup complete.
[2026-03-23 22:02:59 +0000] [15] [INFO] Started server process [15]
[2026-03-23 22:02:59 +0000] [15] [INFO] Waiting for application startup.
[2026-03-23 22:02:59 +0000] [15] [INFO] Application startup complete.
[2026-03-23 22:02:59 +0000] [17] [INFO] Booting worker with pid: 17
[2026-03-23 22:02:59 +0000] [18] [INFO] Booting worker with pid: 18
[2026-03-23 22:02:59 +0000] [17] [INFO] Started server process [17]
[2026-03-23 22:02:59 +0000] [17] [INFO] Waiting for application startup.
[2026-03-23 22:02:59 +0000] [17] [INFO] Application startup complete.
[2026-03-23 22:02:59 +0000] [20] [INFO] Booting worker with pid: 20
[2026-03-23 22:02:59 +0000] [18] [INFO] Started server process [18]
[2026-03-23 22:02:59 +0000] [18] [INFO] Waiting for application startup.
[2026-03-23 22:02:59 +0000] [18] [INFO] Application startup complete.
[2026-03-23 22:02:59 +0000] [22] [INFO] Booting worker with pid: 22
[2026-03-23 22:03:00 +0000] [23] [INFO] Booting worker with pid: 23
[2026-03-23 22:03:00 +0000] [25] [INFO] Booting worker with pid: 25
[2026-03-23 22:03:00 +0000] [20] [INFO] Started server process [20]
[2026-03-23 22:03:00 +0000] [20] [INFO] Waiting for application startup.
[2026-03-23 22:03:00 +0000] [20] [INFO] Application startup complete.
[2026-03-23 22:03:00 +0000] [22] [INFO] Started server process [22]
[2026-03-23 22:03:00 +0000] [22] [INFO] Waiting for application startup.
[2026-03-23 22:03:00 +0000] [22] [INFO] Application startup complete.
[2026-03-23 22:03:00 +0000] [23] [INFO] Started server process [23]
[2026-03-23 22:03:00 +0000] [23] [INFO] Waiting for application startup.
[2026-03-23 22:03:00 +0000] [23] [INFO] Application startup complete.
[2026-03-23 22:03:00 +0000] [29] [INFO] Booting worker with pid: 29
[2026-03-23 22:03:00 +0000] [25] [INFO] Started server process [25]
[2026-03-23 22:03:00 +0000] [25] [INFO] Waiting for application startup.
[2026-03-23 22:03:00 +0000] [25] [INFO] Application startup complete.
[2026-03-23 22:03:00 +0000] [30] [INFO] Booting worker with pid: 30
[2026-03-23 22:03:00 +0000] [31] [INFO] Booting worker with pid: 31
[2026-03-23 22:03:00 +0000] [29] [INFO] Started server process [29]
[2026-03-23 22:03:00 +0000] [29] [INFO] Waiting for application startup.
[2026-03-23 22:03:00 +0000] [29] [INFO] Application startup complete.
[2026-03-23 22:03:00 +0000] [30] [INFO] Started server process [30]
[2026-03-23 22:03:00 +0000] [30] [INFO] Waiting for application startup.
[2026-03-23 22:03:00 +0000] [30] [INFO] Application startup complete.
[2026-03-23 22:03:00 +0000] [31] [INFO] Started server process [31]
[2026-03-23 22:03:00 +0000] [31] [INFO] Waiting for application startup.
[2026-03-23 22:03:00 +0000] [31] [INFO] Application startup complete.
[2026-03-23 22:03:00 +0000] [35] [INFO] Booting worker with pid: 35
[2026-03-23 22:03:00 +0000] [37] [INFO] Booting worker with pid: 37
[2026-03-23 22:03:00 +0000] [35] [INFO] Started server process [35]
[2026-03-23 22:03:00 +0000] [35] [INFO] Waiting for application startup.
[2026-03-23 22:03:00 +0000] [35] [INFO] Application startup complete.
[2026-03-23 22:03:00 +0000] [38] [INFO] Booting worker with pid: 38
[2026-03-23 22:03:00 +0000] [39] [INFO] Booting worker with pid: 39
[2026-03-23 22:03:00 +0000] [37] [INFO] Started server process [37]
[2026-03-23 22:03:00 +0000] [37] [INFO] Waiting for application startup.
[2026-03-23 22:03:00 +0000] [37] [INFO] Application startup complete.
[2026-03-23 22:03:00 +0000] [43] [INFO] Booting worker with pid: 43
[2026-03-23 22:03:00 +0000] [38] [INFO] Started server process [38]
[2026-03-23 22:03:00 +0000] [38] [INFO] Waiting for application startup.
[2026-03-23 22:03:00 +0000] [38] [INFO] Application startup complete.
[2026-03-23 22:03:00 +0000] [39] [INFO] Started server process [39]
[2026-03-23 22:03:00 +0000] [39] [INFO] Waiting for application startup.
[2026-03-23 22:03:00 +0000] [39] [INFO] Application startup complete.
[2026-03-23 22:03:00 +0000] [43] [INFO] Started server process [43]
[2026-03-23 22:03:00 +0000] [43] [INFO] Waiting for application startup.
[2026-03-23 22:03:00 +0000] [43] [INFO] Application startup complete.
[2026-03-23 22:03:00 +0000] [45] [INFO] Booting worker with pid: 45
[2026-03-23 22:03:00 +0000] [47] [INFO] Booting worker with pid: 47
[2026-03-23 22:03:00 +0000] [45] [INFO] Started server process [45]
[2026-03-23 22:03:00 +0000] [45] [INFO] Waiting for application startup.
[2026-03-23 22:03:00 +0000] [45] [INFO] Application startup complete.
[2026-03-23 22:03:00 +0000] [47] [INFO] Started server process [47]
[2026-03-23 22:03:00 +0000] [47] [INFO] Waiting for application startup.
[2026-03-23 22:03:00 +0000] [47] [INFO] Application startup complete.
[2026-03-23 22:03:00 +0000] [49] [INFO] Booting worker with pid: 49
[2026-03-23 22:03:00 +0000] [51] [INFO] Booting worker with pid: 51
[2026-03-23 22:03:00 +0000] [49] [INFO] Started server process [49]
[2026-03-23 22:03:00 +0000] [49] [INFO] Waiting for application startup.
[2026-03-23 22:03:00 +0000] [49] [INFO] Application startup complete.
[2026-03-23 22:03:00 +0000] [51] [INFO] Started server process [51]
[2026-03-23 22:03:00 +0000] [51] [INFO] Waiting for application startup.
[2026-03-23 22:03:00 +0000] [51] [INFO] Application startup complete.
[2026-03-23 22:03:00 +0000] [53] [INFO] Booting worker with pid: 53
[2026-03-23 22:03:00 +0000] [53] [INFO] Started server process [53]
[2026-03-23 22:03:00 +0000] [53] [INFO] Waiting for application startup.
[2026-03-23 22:03:00 +0000] [53] [INFO] Application startup complete.
[2026-03-23 22:03:00 +0000] [55] [INFO] Booting worker with pid: 55
[2026-03-23 22:03:00 +0000] [55] [INFO] Started server process [55]
[2026-03-23 22:03:00 +0000] [55] [INFO] Waiting for application startup.
[2026-03-23 22:03:00 +0000] [55] [INFO] Application startup complete.
[2026-03-23 22:03:00 +0000] [57] [INFO] Booting worker with pid: 57
[2026-03-23 22:03:00 +0000] [57] [INFO] Started server process [57]
[2026-03-23 22:03:00 +0000] [57] [INFO] Waiting for application startup.
[2026-03-23 22:03:00 +0000] [57] [INFO] Application startup complete.
[2026-03-23 22:03:00 +0000] [59] [INFO] Booting worker with pid: 59
[2026-03-23 22:03:01 +0000] [59] [INFO] Started server process [59]
[2026-03-23 22:03:01 +0000] [59] [INFO] Waiting for application startup.
[2026-03-23 22:03:01 +0000] [59] [INFO] Application startup complete.
[2026-03-23 22:03:01 +0000] [61] [INFO] Booting worker with pid: 61
[2026-03-23 22:03:01 +0000] [62] [INFO] Booting worker with pid: 62
[2026-03-23 22:03:01 +0000] [61] [INFO] Started server process [61]
[2026-03-23 22:03:01 +0000] [61] [INFO] Waiting for application startup.
[2026-03-23 22:03:01 +0000] [61] [INFO] Application startup complete.
[2026-03-23 22:03:01 +0000] [62] [INFO] Started server process [62]
[2026-03-23 22:03:01 +0000] [62] [INFO] Waiting for application startup.
[2026-03-23 22:03:01 +0000] [62] [INFO] Application startup complete.
[2026-03-23 22:03:01 +0000] [65] [INFO] Booting worker with pid: 65
[2026-03-23 22:03:01 +0000] [65] [INFO] Started server process [65]
[2026-03-23 22:03:01 +0000] [65] [INFO] Waiting for application startup.
[2026-03-23 22:03:01 +0000] [65] [INFO] Application startup complete.
[2026-03-23 22:03:01 +0000] [67] [INFO] Booting worker with pid: 67
[2026-03-23 22:03:01 +0000] [68] [INFO] Booting worker with pid: 68
[2026-03-23 22:03:01 +0000] [69] [INFO] Booting worker with pid: 69
[2026-03-23 22:03:01 +0000] [67] [INFO] Started server process [67]
[2026-03-23 22:03:01 +0000] [67] [INFO] Waiting for application startup.
[2026-03-23 22:03:01 +0000] [67] [INFO] Application startup complete.
[2026-03-23 22:03:01 +0000] [72] [INFO] Booting worker with pid: 72
[2026-03-23 22:03:01 +0000] [68] [INFO] Started server process [68]
[2026-03-23 22:03:01 +0000] [68] [INFO] Waiting for application startup.
[2026-03-23 22:03:01 +0000] [68] [INFO] Application startup complete.
[2026-03-23 22:03:01 +0000] [74] [INFO] Booting worker with pid: 74
[2026-03-23 22:03:01 +0000] [69] [INFO] Started server process [69]
[2026-03-23 22:03:01 +0000] [69] [INFO] Waiting for application startup.
[2026-03-23 22:03:01 +0000] [69] [INFO] Application startup complete.
[2026-03-23 22:03:01 +0000] [76] [INFO] Booting worker with pid: 76
[2026-03-23 22:03:01 +0000] [72] [INFO] Started server process [72]
[2026-03-23 22:03:01 +0000] [72] [INFO] Waiting for application startup.
[2026-03-23 22:03:01 +0000] [72] [INFO] Application startup complete.
[2026-03-23 22:03:01 +0000] [74] [INFO] Started server process [74]
[2026-03-23 22:03:01 +0000] [74] [INFO] Waiting for application startup.
[2026-03-23 22:03:01 +0000] [74] [INFO] Application startup complete.
[2026-03-23 22:03:01 +0000] [78] [INFO] Booting worker with pid: 78
[2026-03-23 22:03:01 +0000] [76] [INFO] Started server process [76]
[2026-03-23 22:03:01 +0000] [76] [INFO] Waiting for application startup.
[2026-03-23 22:03:01 +0000] [76] [INFO] Application startup complete.
[2026-03-23 22:03:01 +0000] [78] [INFO] Started server process [78]
[2026-03-23 22:03:01 +0000] [78] [INFO] Waiting for application startup.
[2026-03-23 22:03:01 +0000] [78] [INFO] Application startup complete.
[2026-03-23 22:03:01 +0000] [81] [INFO] Booting worker with pid: 81
[2026-03-23 22:03:01 +0000] [83] [INFO] Booting worker with pid: 83
[2026-03-23 22:03:01 +0000] [81] [INFO] Started server process [81]
[2026-03-23 22:03:01 +0000] [81] [INFO] Waiting for application startup.
[2026-03-23 22:03:01 +0000] [81] [INFO] Application startup complete.
[2026-03-23 22:03:01 +0000] [84] [INFO] Booting worker with pid: 84
[2026-03-23 22:03:01 +0000] [86] [INFO] Booting worker with pid: 86
[2026-03-23 22:03:01 +0000] [83] [INFO] Started server process [83]
[2026-03-23 22:03:01 +0000] [83] [INFO] Waiting for application startup.
[2026-03-23 22:03:01 +0000] [83] [INFO] Application startup complete.
[2026-03-23 22:03:01 +0000] [84] [INFO] Started server process [84]
[2026-03-23 22:03:01 +0000] [84] [INFO] Waiting for application startup.
[2026-03-23 22:03:01 +0000] [84] [INFO] Application startup complete.
[2026-03-23 22:03:01 +0000] [89] [INFO] Booting worker with pid: 89
[2026-03-23 22:03:01 +0000] [86] [INFO] Started server process [86]
[2026-03-23 22:03:01 +0000] [86] [INFO] Waiting for application startup.
[2026-03-23 22:03:01 +0000] [86] [INFO] Application startup complete.
[2026-03-23 22:03:01 +0000] [90] [INFO] Booting worker with pid: 90
[2026-03-23 22:03:01 +0000] [92] [INFO] Booting worker with pid: 92
[2026-03-23 22:03:01 +0000] [89] [INFO] Started server process [89]
[2026-03-23 22:03:01 +0000] [89] [INFO] Waiting for application startup.
[2026-03-23 22:03:01 +0000] [89] [INFO] Application startup complete.
[2026-03-23 22:03:01 +0000] [90] [INFO] Started server process [90]
[2026-03-23 22:03:01 +0000] [90] [INFO] Waiting for application startup.
[2026-03-23 22:03:01 +0000] [90] [INFO] Application startup complete.
[2026-03-23 22:03:01 +0000] [92] [INFO] Started server process [92]
[2026-03-23 22:03:01 +0000] [92] [INFO] Waiting for application startup.
[2026-03-23 22:03:01 +0000] [92] [INFO] Application startup complete.
[2026-03-23 22:03:01 +0000] [95] [INFO] Booting worker with pid: 95
[2026-03-23 22:03:01 +0000] [95] [INFO] Started server process [95]
[2026-03-23 22:03:01 +0000] [95] [INFO] Waiting for application startup.
[2026-03-23 22:03:01 +0000] [95] [INFO] Application startup complete.
[2026-03-23 22:03:01 +0000] [97] [INFO] Booting worker with pid: 97
[2026-03-23 22:03:01 +0000] [98] [INFO] Booting worker with pid: 98
[2026-03-23 22:03:02 +0000] [100] [INFO] Booting worker with pid: 100
[2026-03-23 22:03:02 +0000] [97] [INFO] Started server process [97]
[2026-03-23 22:03:02 +0000] [97] [INFO] Waiting for application startup.
[2026-03-23 22:03:02 +0000] [97] [INFO] Application startup complete.
[2026-03-23 22:03:02 +0000] [98] [INFO] Started server process [98]
[2026-03-23 22:03:02 +0000] [98] [INFO] Waiting for application startup.
[2026-03-23 22:03:02 +0000] [98] [INFO] Application startup complete.
[2026-03-23 22:03:02 +0000] [102] [INFO] Booting worker with pid: 102
[2026-03-23 22:03:02 +0000] [104] [INFO] Booting worker with pid: 104
[2026-03-23 22:03:02 +0000] [100] [INFO] Started server process [100]
[2026-03-23 22:03:02 +0000] [100] [INFO] Waiting for application startup.
[2026-03-23 22:03:02 +0000] [100] [INFO] Application startup complete.
[2026-03-23 22:03:02 +0000] [102] [INFO] Started server process [102]
[2026-03-23 22:03:02 +0000] [102] [INFO] Waiting for application startup.
[2026-03-23 22:03:02 +0000] [102] [INFO] Application startup complete.
[2026-03-23 22:03:02 +0000] [106] [INFO] Booting worker with pid: 106
[2026-03-23 22:03:02 +0000] [108] [INFO] Booting worker with pid: 108
[2026-03-23 22:03:02 +0000] [104] [INFO] Started server process [104]
[2026-03-23 22:03:02 +0000] [104] [INFO] Waiting for application startup.
[2026-03-23 22:03:02 +0000] [104] [INFO] Application startup complete.
[2026-03-23 22:03:02 +0000] [109] [INFO] Booting worker with pid: 109
[2026-03-23 22:03:02 +0000] [106] [INFO] Started server process [106]
[2026-03-23 22:03:02 +0000] [106] [INFO] Waiting for application startup.
[2026-03-23 22:03:02 +0000] [106] [INFO] Application startup complete.
[2026-03-23 22:03:02 +0000] [108] [INFO] Started server process [108]
[2026-03-23 22:03:02 +0000] [108] [INFO] Waiting for application startup.
[2026-03-23 22:03:02 +0000] [108] [INFO] Application startup complete.
[2026-03-23 22:03:02 +0000] [113] [INFO] Booting worker with pid: 113
[2026-03-23 22:03:02 +0000] [109] [INFO] Started server process [109]
[2026-03-23 22:03:02 +0000] [109] [INFO] Waiting for application startup.
[2026-03-23 22:03:02 +0000] [109] [INFO] Application startup complete.
[2026-03-23 22:03:02 +0000] [115] [INFO] Booting worker with pid: 115
[2026-03-23 22:03:02 +0000] [113] [INFO] Started server process [113]
[2026-03-23 22:03:02 +0000] [113] [INFO] Waiting for application startup.
[2026-03-23 22:03:02 +0000] [113] [INFO] Application startup complete.
[2026-03-23 22:03:02 +0000] [117] [INFO] Booting worker with pid: 117
[2026-03-23 22:03:02 +0000] [115] [INFO] Started server process [115]
[2026-03-23 22:03:02 +0000] [115] [INFO] Waiting for application startup.
[2026-03-23 22:03:02 +0000] [115] [INFO] Application startup complete.
[2026-03-23 22:03:02 +0000] [118] [INFO] Booting worker with pid: 118
[2026-03-23 22:03:02 +0000] [120] [INFO] Booting worker with pid: 120
[2026-03-23 22:03:02 +0000] [117] [INFO] Started server process [117]
[2026-03-23 22:03:02 +0000] [117] [INFO] Waiting for application startup.
[2026-03-23 22:03:02 +0000] [117] [INFO] Application startup complete.
[2026-03-23 22:03:02 +0000] [118] [INFO] Started server process [118]
[2026-03-23 22:03:02 +0000] [118] [INFO] Waiting for application startup.
[2026-03-23 22:03:02 +0000] [118] [INFO] Application startup complete.
[2026-03-23 22:03:02 +0000] [120] [INFO] Started server process [120]
[2026-03-23 22:03:02 +0000] [120] [INFO] Waiting for application startup.
[2026-03-23 22:03:02 +0000] [120] [INFO] Application startup complete.
[2026-03-23 22:03:02 +0000] [123] [INFO] Booting worker with pid: 123
[2026-03-23 22:03:02 +0000] [124] [INFO] Booting worker with pid: 124
[2026-03-23 22:03:02 +0000] [126] [INFO] Booting worker with pid: 126
[2026-03-23 22:03:02 +0000] [123] [INFO] Started server process [123]
[2026-03-23 22:03:02 +0000] [123] [INFO] Waiting for application startup.
[2026-03-23 22:03:02 +0000] [123] [INFO] Application startup complete.
[2026-03-23 22:03:02 +0000] [124] [INFO] Started server process [124]
[2026-03-23 22:03:02 +0000] [124] [INFO] Waiting for application startup.
[2026-03-23 22:03:02 +0000] [124] [INFO] Application startup complete.
[2026-03-23 22:03:02 +0000] [126] [INFO] Started server process [126]
[2026-03-23 22:03:02 +0000] [126] [INFO] Waiting for application startup.
[2026-03-23 22:03:02 +0000] [126] [INFO] Application startup complete.
[2026-03-23 22:03:02 +0000] [129] [INFO] Booting worker with pid: 129
[2026-03-23 22:03:02 +0000] [130] [INFO] Booting worker with pid: 130
[2026-03-23 22:03:02 +0000] [132] [INFO] Booting worker with pid: 132
[2026-03-23 22:03:02 +0000] [129] [INFO] Started server process [129]
[2026-03-23 22:03:02 +0000] [129] [INFO] Waiting for application startup.
[2026-03-23 22:03:02 +0000] [129] [INFO] Application startup complete.
[2026-03-23 22:03:02 +0000] [130] [INFO] Started server process [130]
[2026-03-23 22:03:02 +0000] [130] [INFO] Waiting for application startup.
[2026-03-23 22:03:02 +0000] [130] [INFO] Application startup complete.
[2026-03-23 22:03:02 +0000] [134] [INFO] Booting worker with pid: 134
[2026-03-23 22:03:02 +0000] [132] [INFO] Started server process [132]
[2026-03-23 22:03:02 +0000] [132] [INFO] Waiting for application startup.
[2026-03-23 22:03:02 +0000] [132] [INFO] Application startup complete.
[2026-03-23 22:03:02 +0000] [136] [INFO] Booting worker with pid: 136
[2026-03-23 22:03:02 +0000] [137] [INFO] Booting worker with pid: 137
[2026-03-23 22:03:02 +0000] [139] [INFO] Booting worker with pid: 139
[2026-03-23 22:03:03 +0000] [134] [INFO] Started server process [134]
[2026-03-23 22:03:03 +0000] [134] [INFO] Waiting for application startup.
[2026-03-23 22:03:03 +0000] [134] [INFO] Application startup complete.
[2026-03-23 22:03:03 +0000] [142] [INFO] Booting worker with pid: 142
[2026-03-23 22:03:03 +0000] [136] [INFO] Started server process [136]
[2026-03-23 22:03:03 +0000] [136] [INFO] Waiting for application startup.
[2026-03-23 22:03:03 +0000] [136] [INFO] Application startup complete.
[2026-03-23 22:03:03 +0000] [143] [INFO] Booting worker with pid: 143
[2026-03-23 22:03:03 +0000] [137] [INFO] Started server process [137]
[2026-03-23 22:03:03 +0000] [137] [INFO] Waiting for application startup.
[2026-03-23 22:03:03 +0000] [137] [INFO] Application startup complete.
[2026-03-23 22:03:03 +0000] [139] [INFO] Started server process [139]
[2026-03-23 22:03:03 +0000] [139] [INFO] Waiting for application startup.
[2026-03-23 22:03:03 +0000] [139] [INFO] Application startup complete.
[2026-03-23 22:03:03 +0000] [147] [INFO] Booting worker with pid: 147
[2026-03-23 22:03:03 +0000] [142] [INFO] Started server process [142]
[2026-03-23 22:03:03 +0000] [142] [INFO] Waiting for application startup.
[2026-03-23 22:03:03 +0000] [142] [INFO] Application startup complete.
[2026-03-23 22:03:03 +0000] [143] [INFO] Started server process [143]
[2026-03-23 22:03:03 +0000] [143] [INFO] Waiting for application startup.
[2026-03-23 22:03:03 +0000] [143] [INFO] Application startup complete.
[2026-03-23 22:03:03 +0000] [149] [INFO] Booting worker with pid: 149
[2026-03-23 22:03:03 +0000] [147] [INFO] Started server process [147]
[2026-03-23 22:03:03 +0000] [147] [INFO] Waiting for application startup.
[2026-03-23 22:03:03 +0000] [147] [INFO] Application startup complete.
[2026-03-23 22:03:03 +0000] [150] [INFO] Booting worker with pid: 150
[2026-03-23 22:03:03 +0000] [149] [INFO] Started server process [149]
[2026-03-23 22:03:03 +0000] [149] [INFO] Waiting for application startup.
[2026-03-23 22:03:03 +0000] [149] [INFO] Application startup complete.
[2026-03-23 22:03:03 +0000] [152] [INFO] Booting worker with pid: 152
[2026-03-23 22:03:03 +0000] [150] [INFO] Started server process [150]
[2026-03-23 22:03:03 +0000] [150] [INFO] Waiting for application startup.
[2026-03-23 22:03:03 +0000] [150] [INFO] Application startup complete.
[2026-03-23 22:03:03 +0000] [154] [INFO] Booting worker with pid: 154
[2026-03-23 22:03:03 +0000] [155] [INFO] Booting worker with pid: 155
[2026-03-23 22:03:03 +0000] [152] [INFO] Started server process [152]
[2026-03-23 22:03:03 +0000] [152] [INFO] Waiting for application startup.
[2026-03-23 22:03:03 +0000] [152] [INFO] Application startup complete.
[2026-03-23 22:03:03 +0000] [158] [INFO] Booting worker with pid: 158
[2026-03-23 22:03:03 +0000] [154] [INFO] Started server process [154]
[2026-03-23 22:03:03 +0000] [154] [INFO] Waiting for application startup.
[2026-03-23 22:03:03 +0000] [154] [INFO] Application startup complete.
[2026-03-23 22:03:03 +0000] [159] [INFO] Booting worker with pid: 159
[2026-03-23 22:03:03 +0000] [161] [INFO] Booting worker with pid: 161
[2026-03-23 22:03:03 +0000] [155] [INFO] Started server process [155]
[2026-03-23 22:03:03 +0000] [155] [INFO] Waiting for application startup.
[2026-03-23 22:03:03 +0000] [155] [INFO] Application startup complete.
[2026-03-23 22:03:03 +0000] [158] [INFO] Started server process [158]
[2026-03-23 22:03:03 +0000] [158] [INFO] Waiting for application startup.
[2026-03-23 22:03:03 +0000] [158] [INFO] Application startup complete.
[2026-03-23 22:03:03 +0000] [164] [INFO] Booting worker with pid: 164
[2026-03-23 22:03:03 +0000] [159] [INFO] Started server process [159]
[2026-03-23 22:03:03 +0000] [159] [INFO] Waiting for application startup.
[2026-03-23 22:03:03 +0000] [159] [INFO] Application startup complete.
[2026-03-23 22:03:03 +0000] [161] [INFO] Started server process [161]
[2026-03-23 22:03:03 +0000] [161] [INFO] Waiting for application startup.
[2026-03-23 22:03:03 +0000] [161] [INFO] Application startup complete.
[2026-03-23 22:03:03 +0000] [166] [INFO] Booting worker with pid: 166
[2026-03-23 22:03:03 +0000] [168] [INFO] Booting worker with pid: 168
[2026-03-23 22:03:03 +0000] [164] [INFO] Started server process [164]
[2026-03-23 22:03:03 +0000] [164] [INFO] Waiting for application startup.
[2026-03-23 22:03:03 +0000] [164] [INFO] Application startup complete.
[2026-03-23 22:03:03 +0000] [166] [INFO] Started server process [166]
[2026-03-23 22:03:03 +0000] [166] [INFO] Waiting for application startup.
[2026-03-23 22:03:03 +0000] [166] [INFO] Application startup complete.
[2026-03-23 22:03:03 +0000] [171] [INFO] Booting worker with pid: 171
[2026-03-23 22:03:03 +0000] [172] [INFO] Booting worker with pid: 172
[2026-03-23 22:03:03 +0000] [168] [INFO] Started server process [168]
[2026-03-23 22:03:03 +0000] [168] [INFO] Waiting for application startup.
[2026-03-23 22:03:03 +0000] [168] [INFO] Application startup complete.
[2026-03-23 22:03:03 +0000] [173] [INFO] Booting worker with pid: 173
[2026-03-23 22:03:03 +0000] [174] [INFO] Booting worker with pid: 174
[2026-03-23 22:03:03 +0000] [171] [INFO] Started server process [171]
[2026-03-23 22:03:03 +0000] [171] [INFO] Waiting for application startup.
[2026-03-23 22:03:03 +0000] [171] [INFO] Application startup complete.
[2026-03-23 22:03:03 +0000] [172] [INFO] Started server process [172]
[2026-03-23 22:03:03 +0000] [172] [INFO] Waiting for application startup.
[2026-03-23 22:03:03 +0000] [172] [INFO] Application startup complete.
[2026-03-23 22:03:03 +0000] [179] [INFO] Booting worker with pid: 179
[2026-03-23 22:03:03 +0000] [173] [INFO] Started server process [173]
[2026-03-23 22:03:03 +0000] [173] [INFO] Waiting for application startup.
[2026-03-23 22:03:03 +0000] [173] [INFO] Application startup complete.
[2026-03-23 22:03:04 +0000] [174] [INFO] Started server process [174]
[2026-03-23 22:03:04 +0000] [174] [INFO] Waiting for application startup.
[2026-03-23 22:03:04 +0000] [174] [INFO] Application startup complete.
[2026-03-23 22:03:04 +0000] [180] [INFO] Booting worker with pid: 180
[2026-03-23 22:03:04 +0000] [181] [INFO] Booting worker with pid: 181
[2026-03-23 22:03:04 +0000] [182] [INFO] Booting worker with pid: 182
[2026-03-23 22:03:04 +0000] [179] [INFO] Started server process [179]
[2026-03-23 22:03:04 +0000] [179] [INFO] Waiting for application startup.
[2026-03-23 22:03:04 +0000] [179] [INFO] Application startup complete.
[2026-03-23 22:03:04 +0000] [180] [INFO] Started server process [180]
[2026-03-23 22:03:04 +0000] [180] [INFO] Waiting for application startup.
[2026-03-23 22:03:04 +0000] [180] [INFO] Application startup complete.
[2026-03-23 22:03:04 +0000] [187] [INFO] Booting worker with pid: 187
[2026-03-23 22:03:04 +0000] [181] [INFO] Started server process [181]
[2026-03-23 22:03:04 +0000] [181] [INFO] Waiting for application startup.
[2026-03-23 22:03:04 +0000] [181] [INFO] Application startup complete.
[2026-03-23 22:03:04 +0000] [182] [INFO] Started server process [182]
[2026-03-23 22:03:04 +0000] [182] [INFO] Waiting for application startup.
[2026-03-23 22:03:04 +0000] [182] [INFO] Application startup complete.
[2026-03-23 22:03:04 +0000] [188] [INFO] Booting worker with pid: 188
[2026-03-23 22:03:04 +0000] [187] [INFO] Started server process [187]
[2026-03-23 22:03:04 +0000] [187] [INFO] Waiting for application startup.
[2026-03-23 22:03:04 +0000] [187] [INFO] Application startup complete.
[2026-03-23 22:03:04 +0000] [190] [INFO] Booting worker with pid: 190
[2026-03-23 22:03:04 +0000] [188] [INFO] Started server process [188]
[2026-03-23 22:03:04 +0000] [188] [INFO] Waiting for application startup.
[2026-03-23 22:03:04 +0000] [188] [INFO] Application startup complete.
[2026-03-23 22:03:04 +0000] [192] [INFO] Booting worker with pid: 192
[2026-03-23 22:03:04 +0000] [194] [INFO] Booting worker with pid: 194
[2026-03-23 22:03:04 +0000] [190] [INFO] Started server process [190]
[2026-03-23 22:03:04 +0000] [190] [INFO] Waiting for application startup.
[2026-03-23 22:03:04 +0000] [190] [INFO] Application startup complete.
[2026-03-23 22:03:04 +0000] [192] [INFO] Started server process [192]
[2026-03-23 22:03:04 +0000] [192] [INFO] Waiting for application startup.
[2026-03-23 22:03:04 +0000] [192] [INFO] Application startup complete.
[2026-03-23 22:03:04 +0000] [196] [INFO] Booting worker with pid: 196
[2026-03-23 22:03:04 +0000] [194] [INFO] Started server process [194]
[2026-03-23 22:03:04 +0000] [194] [INFO] Waiting for application startup.
[2026-03-23 22:03:04 +0000] [194] [INFO] Application startup complete.
[2026-03-23 22:03:04 +0000] [198] [INFO] Booting worker with pid: 198
[2026-03-23 22:03:04 +0000] [199] [INFO] Booting worker with pid: 199
[2026-03-23 22:03:04 +0000] [196] [INFO] Started server process [196]
[2026-03-23 22:03:04 +0000] [196] [INFO] Waiting for application startup.
[2026-03-23 22:03:04 +0000] [196] [INFO] Application startup complete.
[2026-03-23 22:03:04 +0000] [198] [INFO] Started server process [198]
[2026-03-23 22:03:04 +0000] [198] [INFO] Waiting for application startup.
[2026-03-23 22:03:04 +0000] [198] [INFO] Application startup complete.
[2026-03-23 22:03:04 +0000] [202] [INFO] Booting worker with pid: 202
[2026-03-23 22:03:04 +0000] [199] [INFO] Started server process [199]
[2026-03-23 22:03:04 +0000] [199] [INFO] Waiting for application startup.
[2026-03-23 22:03:04 +0000] [199] [INFO] Application startup complete.
[2026-03-23 22:03:04 +0000] [205] [INFO] Booting worker with pid: 205
[2026-03-23 22:03:04 +0000] [202] [INFO] Started server process [202]
[2026-03-23 22:03:04 +0000] [202] [INFO] Waiting for application startup.
[2026-03-23 22:03:04 +0000] [202] [INFO] Application startup complete.
[2026-03-23 22:03:04 +0000] [206] [INFO] Booting worker with pid: 206
[2026-03-23 22:03:04 +0000] [208] [INFO] Booting worker with pid: 208
[2026-03-23 22:03:04 +0000] [205] [INFO] Started server process [205]
[2026-03-23 22:03:04 +0000] [205] [INFO] Waiting for application startup.
[2026-03-23 22:03:04 +0000] [205] [INFO] Application startup complete.
[2026-03-23 22:03:04 +0000] [209] [INFO] Booting worker with pid: 209
[2026-03-23 22:03:04 +0000] [210] [INFO] Booting worker with pid: 210
[2026-03-23 22:03:04 +0000] [206] [INFO] Started server process [206]
[2026-03-23 22:03:04 +0000] [206] [INFO] Waiting for application startup.
[2026-03-23 22:03:04 +0000] [206] [INFO] Application startup complete.
[2026-03-23 22:03:04 +0000] [213] [INFO] Booting worker with pid: 213
[2026-03-23 22:03:04 +0000] [208] [INFO] Started server process [208]
[2026-03-23 22:03:04 +0000] [208] [INFO] Waiting for application startup.
[2026-03-23 22:03:04 +0000] [208] [INFO] Application startup complete.
[2026-03-23 22:03:04 +0000] [209] [INFO] Started server process [209]
[2026-03-23 22:03:04 +0000] [209] [INFO] Waiting for application startup.
[2026-03-23 22:03:04 +0000] [209] [INFO] Application startup complete.
[2026-03-23 22:03:05 +0000] [210] [INFO] Started server process [210]
[2026-03-23 22:03:05 +0000] [210] [INFO] Waiting for application startup.
[2026-03-23 22:03:05 +0000] [210] [INFO] Application startup complete.
[2026-03-23 22:03:05 +0000] [216] [INFO] Booting worker with pid: 216
[2026-03-23 22:03:05 +0000] [213] [INFO] Started server process [213]
[2026-03-23 22:03:05 +0000] [213] [INFO] Waiting for application startup.
[2026-03-23 22:03:05 +0000] [213] [INFO] Application startup complete.
[2026-03-23 22:03:05 +0000] [219] [INFO] Booting worker with pid: 219
[2026-03-23 22:03:05 +0000] [220] [INFO] Booting worker with pid: 220
[2026-03-23 22:03:05 +0000] [216] [INFO] Started server process [216]
[2026-03-23 22:03:05 +0000] [216] [INFO] Waiting for application startup.
[2026-03-23 22:03:05 +0000] [216] [INFO] Application startup complete.
[2026-03-23 22:03:05 +0000] [221] [INFO] Booting worker with pid: 221
[2026-03-23 22:03:05 +0000] [219] [INFO] Started server process [219]
[2026-03-23 22:03:05 +0000] [219] [INFO] Waiting for application startup.
[2026-03-23 22:03:05 +0000] [219] [INFO] Application startup complete.
[2026-03-23 22:03:05 +0000] [220] [INFO] Started server process [220]
[2026-03-23 22:03:05 +0000] [220] [INFO] Waiting for application startup.
[2026-03-23 22:03:05 +0000] [220] [INFO] Application startup complete.
[2026-03-23 22:03:05 +0000] [225] [INFO] Booting worker with pid: 225
[2026-03-23 22:03:05 +0000] [221] [INFO] Started server process [221]
[2026-03-23 22:03:05 +0000] [221] [INFO] Waiting for application startup.
[2026-03-23 22:03:05 +0000] [226] [INFO] Booting worker with pid: 226
[2026-03-23 22:03:05 +0000] [221] [INFO] Application startup complete.
[2026-03-23 22:03:05 +0000] [225] [INFO] Started server process [225]
[2026-03-23 22:03:05 +0000] [225] [INFO] Waiting for application startup.
[2026-03-23 22:03:05 +0000] [225] [INFO] Application startup complete.
[2026-03-23 22:03:05 +0000] [229] [INFO] Booting worker with pid: 229
[2026-03-23 22:03:05 +0000] [226] [INFO] Started server process [226]
[2026-03-23 22:03:05 +0000] [226] [INFO] Waiting for application startup.
[2026-03-23 22:03:05 +0000] [226] [INFO] Application startup complete.
[2026-03-23 22:03:05 +0000] [230] [INFO] Booting worker with pid: 230
[2026-03-23 22:03:05 +0000] [231] [INFO] Booting worker with pid: 231
[2026-03-23 22:03:05 +0000] [229] [INFO] Started server process [229]
[2026-03-23 22:03:05 +0000] [229] [INFO] Waiting for application startup.
[2026-03-23 22:03:05 +0000] [229] [INFO] Application startup complete.
[2026-03-23 22:03:05 +0000] [234] [INFO] Booting worker with pid: 234
[2026-03-23 22:03:05 +0000] [230] [INFO] Started server process [230]
[2026-03-23 22:03:05 +0000] [230] [INFO] Waiting for application startup.
[2026-03-23 22:03:05 +0000] [230] [INFO] Application startup complete.
[2026-03-23 22:03:05 +0000] [236] [INFO] Booting worker with pid: 236
[2026-03-23 22:03:05 +0000] [231] [INFO] Started server process [231]
[2026-03-23 22:03:05 +0000] [231] [INFO] Waiting for application startup.
[2026-03-23 22:03:05 +0000] [231] [INFO] Application startup complete.
[2026-03-23 22:03:05 +0000] [237] [INFO] Booting worker with pid: 237
[2026-03-23 22:03:05 +0000] [234] [INFO] Started server process [234]
[2026-03-23 22:03:05 +0000] [234] [INFO] Waiting for application startup.
[2026-03-23 22:03:05 +0000] [234] [INFO] Application startup complete.
[2026-03-23 22:03:05 +0000] [239] [INFO] Booting worker with pid: 239
[2026-03-23 22:03:05 +0000] [240] [INFO] Booting worker with pid: 240
[2026-03-23 22:03:05 +0000] [241] [INFO] Booting worker with pid: 241
[2026-03-23 22:03:05 +0000] [243] [INFO] Booting worker with pid: 243
[2026-03-23 22:03:05 +0000] [236] [INFO] Started server process [236]
[2026-03-23 22:03:05 +0000] [236] [INFO] Waiting for application startup.
[2026-03-23 22:03:05 +0000] [236] [INFO] Application startup complete.
[2026-03-23 22:03:05 +0000] [237] [INFO] Started server process [237]
[2026-03-23 22:03:05 +0000] [237] [INFO] Waiting for application startup.
[2026-03-23 22:03:05 +0000] [237] [INFO] Application startup complete.
[2026-03-23 22:03:05 +0000] [239] [INFO] Started server process [239]
[2026-03-23 22:03:05 +0000] [239] [INFO] Waiting for application startup.
[2026-03-23 22:03:05 +0000] [239] [INFO] Application startup complete.
[2026-03-23 22:03:05 +0000] [240] [INFO] Started server process [240]
[2026-03-23 22:03:05 +0000] [240] [INFO] Waiting for application startup.
[2026-03-23 22:03:05 +0000] [240] [INFO] Application startup complete.
[2026-03-23 22:03:05 +0000] [241] [INFO] Started server process [241]
[2026-03-23 22:03:05 +0000] [241] [INFO] Waiting for application startup.
[2026-03-23 22:03:05 +0000] [241] [INFO] Application startup complete.
[2026-03-23 22:03:05 +0000] [249] [INFO] Booting worker with pid: 249
[2026-03-23 22:03:05 +0000] [243] [INFO] Started server process [243]
[2026-03-23 22:03:05 +0000] [243] [INFO] Waiting for application startup.
[2026-03-23 22:03:05 +0000] [243] [INFO] Application startup complete.
[2026-03-23 22:03:05 +0000] [250] [INFO] Booting worker with pid: 250
[2026-03-23 22:03:05 +0000] [251] [INFO] Booting worker with pid: 251
[2026-03-23 22:03:05 +0000] [249] [INFO] Started server process [249]
[2026-03-23 22:03:05 +0000] [249] [INFO] Waiting for application startup.
[2026-03-23 22:03:05 +0000] [249] [INFO] Application startup complete.
[2026-03-23 22:03:05 +0000] [250] [INFO] Started server process [250]
[2026-03-23 22:03:05 +0000] [250] [INFO] Waiting for application startup.
[2026-03-23 22:03:05 +0000] [250] [INFO] Application startup complete.
[2026-03-23 22:03:05 +0000] [251] [INFO] Started server process [251]
[2026-03-23 22:03:05 +0000] [251] [INFO] Waiting for application startup.
[2026-03-23 22:03:05 +0000] [251] [INFO] Application startup complete.
[2026-03-23 22:03:05 +0000] [255] [INFO] Booting worker with pid: 255
[2026-03-23 22:03:05 +0000] [256] [INFO] Booting worker with pid: 256
[2026-03-23 22:03:05 +0000] [258] [INFO] Booting worker with pid: 258
[2026-03-23 22:03:05 +0000] [255] [INFO] Started server process [255]
[2026-03-23 22:03:05 +0000] [255] [INFO] Waiting for application startup.
[2026-03-23 22:03:05 +0000] [255] [INFO] Application startup complete.
[2026-03-23 22:03:06 +0000] [260] [INFO] Booting worker with pid: 260
[2026-03-23 22:03:06 +0000] [256] [INFO] Started server process [256]
[2026-03-23 22:03:06 +0000] [256] [INFO] Waiting for application startup.
[2026-03-23 22:03:06 +0000] [256] [INFO] Application startup complete.
[2026-03-23 22:03:06 +0000] [258] [INFO] Started server process [258]
[2026-03-23 22:03:06 +0000] [258] [INFO] Waiting for application startup.
[2026-03-23 22:03:06 +0000] [258] [INFO] Application startup complete.
[2026-03-23 22:03:06 +0000] [260] [INFO] Started server process [260]
[2026-03-23 22:03:06 +0000] [260] [INFO] Waiting for application startup.
[2026-03-23 22:03:06 +0000] [260] [INFO] Application startup complete.
[2026-03-23 22:03:06 +0000] [263] [INFO] Booting worker with pid: 263
[2026-03-23 22:03:06 +0000] [263] [INFO] Started server process [263]
[2026-03-23 22:03:06 +0000] [263] [INFO] Waiting for application startup.
[2026-03-23 22:03:06 +0000] [263] [INFO] Application startup complete.
[2026-03-23 22:03:06 +0000] [265] [INFO] Booting worker with pid: 265
[2026-03-23 22:03:06 +0000] [265] [INFO] Started server process [265]
[2026-03-23 22:03:06 +0000] [265] [INFO] Waiting for application startup.
[2026-03-23 22:03:06 +0000] [265] [INFO] Application startup complete.
[2026-03-23 22:03:06 +0000] [267] [INFO] Booting worker with pid: 267
[2026-03-23 22:03:06 +0000] [268] [INFO] Booting worker with pid: 268
[2026-03-23 22:03:06 +0000] [267] [INFO] Started server process [267]
[2026-03-23 22:03:06 +0000] [267] [INFO] Waiting for application startup.
[2026-03-23 22:03:06 +0000] [267] [INFO] Application startup complete.
[2026-03-23 22:03:06 +0000] [268] [INFO] Started server process [268]
[2026-03-23 22:03:06 +0000] [268] [INFO] Waiting for application startup.
[2026-03-23 22:03:06 +0000] [268] [INFO] Application startup complete.
[2026-03-23 22:03:06 +0000] [271] [INFO] Booting worker with pid: 271
[2026-03-23 22:03:06 +0000] [272] [INFO] Booting worker with pid: 272
[2026-03-23 22:03:06 +0000] [271] [INFO] Started server process [271]
[2026-03-23 22:03:06 +0000] [271] [INFO] Waiting for application startup.
[2026-03-23 22:03:06 +0000] [271] [INFO] Application startup complete.
[2026-03-23 22:03:06 +0000] [272] [INFO] Started server process [272]
[2026-03-23 22:03:06 +0000] [272] [INFO] Waiting for application startup.
[2026-03-23 22:03:06 +0000] [272] [INFO] Application startup complete.
[2026-03-23 22:03:06 +0000] [275] [INFO] Booting worker with pid: 275
[2026-03-23 22:03:06 +0000] [276] [INFO] Booting worker with pid: 276
[2026-03-23 22:03:06 +0000] [275] [INFO] Started server process [275]
[2026-03-23 22:03:06 +0000] [275] [INFO] Waiting for application startup.
[2026-03-23 22:03:06 +0000] [275] [INFO] Application startup complete.
[2026-03-23 22:03:06 +0000] [276] [INFO] Started server process [276]
[2026-03-23 22:03:06 +0000] [276] [INFO] Waiting for application startup.
[2026-03-23 22:03:06 +0000] [276] [INFO] Application startup complete.
[2026-03-23 22:03:06 +0000] [279] [INFO] Booting worker with pid: 279
[2026-03-23 22:03:06 +0000] [281] [INFO] Booting worker with pid: 281
[2026-03-23 22:03:06 +0000] [279] [INFO] Started server process [279]
[2026-03-23 22:03:06 +0000] [279] [INFO] Waiting for application startup.
[2026-03-23 22:03:06 +0000] [279] [INFO] Application startup complete.
[2026-03-23 22:03:06 +0000] [282] [INFO] Booting worker with pid: 282
[2026-03-23 22:03:06 +0000] [283] [INFO] Booting worker with pid: 283
[2026-03-23 22:03:06 +0000] [284] [INFO] Booting worker with pid: 284
[2026-03-23 22:03:06 +0000] [285] [INFO] Booting worker with pid: 285
[2026-03-23 22:03:06 +0000] [281] [INFO] Started server process [281]
[2026-03-23 22:03:06 +0000] [281] [INFO] Waiting for application startup.
[2026-03-23 22:03:06 +0000] [281] [INFO] Application startup complete.
[2026-03-23 22:03:06 +0000] [283] [INFO] Started server process [283]
[2026-03-23 22:03:06 +0000] [283] [INFO] Waiting for application startup.
[2026-03-23 22:03:06 +0000] [282] [INFO] Started server process [282]
[2026-03-23 22:03:06 +0000] [282] [INFO] Waiting for application startup.
[2026-03-23 22:03:06 +0000] [283] [INFO] Application startup complete.
[2026-03-23 22:03:06 +0000] [282] [INFO] Application startup complete.
[2026-03-23 22:03:06 +0000] [284] [INFO] Started server process [284]
[2026-03-23 22:03:06 +0000] [284] [INFO] Waiting for application startup.
[2026-03-23 22:03:06 +0000] [284] [INFO] Application startup complete.
[2026-03-23 22:03:06 +0000] [285] [INFO] Started server process [285]
[2026-03-23 22:03:06 +0000] [285] [INFO] Waiting for application startup.
[2026-03-23 22:03:06 +0000] [285] [INFO] Application startup complete.
[2026-03-23 22:03:06 +0000] [291] [INFO] Booting worker with pid: 291
[2026-03-23 22:03:06 +0000] [291] [INFO] Started server process [291]
[2026-03-23 22:03:06 +0000] [291] [INFO] Waiting for application startup.
[2026-03-23 22:03:06 +0000] [291] [INFO] Application startup complete.
[2026-03-23 22:03:06 +0000] [293] [INFO] Booting worker with pid: 293
[2026-03-23 22:03:06 +0000] [294] [INFO] Booting worker with pid: 294
[2026-03-23 22:03:07 +0000] [293] [INFO] Started server process [293]
[2026-03-23 22:03:07 +0000] [293] [INFO] Waiting for application startup.
[2026-03-23 22:03:07 +0000] [293] [INFO] Application startup complete.
[2026-03-23 22:03:07 +0000] [294] [INFO] Started server process [294]
[2026-03-23 22:03:07 +0000] [294] [INFO] Waiting for application startup.
[2026-03-23 22:03:07 +0000] [294] [INFO] Application startup complete.
[2026-03-23 22:03:07 +0000] [297] [INFO] Booting worker with pid: 297
[2026-03-23 22:03:07 +0000] [298] [INFO] Booting worker with pid: 298
[2026-03-23 22:03:07 +0000] [299] [INFO] Booting worker with pid: 299
[2026-03-23 22:03:07 +0000] [297] [INFO] Started server process [297]
[2026-03-23 22:03:07 +0000] [297] [INFO] Waiting for application startup.
[2026-03-23 22:03:07 +0000] [297] [INFO] Application startup complete.
[2026-03-23 22:03:07 +0000] [298] [INFO] Started server process [298]
[2026-03-23 22:03:07 +0000] [298] [INFO] Waiting for application startup.
[2026-03-23 22:03:07 +0000] [298] [INFO] Application startup complete.
[2026-03-23 22:03:07 +0000] [299] [INFO] Started server process [299]
[2026-03-23 22:03:07 +0000] [299] [INFO] Waiting for application startup.
[2026-03-23 22:03:07 +0000] [299] [INFO] Application startup complete.
[2026-03-23 22:03:07 +0000] [303] [INFO] Booting worker with pid: 303
[2026-03-23 22:03:07 +0000] [303] [INFO] Started server process [303]
[2026-03-23 22:03:07 +0000] [303] [INFO] Waiting for application startup.
[2026-03-23 22:03:07 +0000] [303] [INFO] Application startup complete.
[2026-03-23 22:03:07 +0000] [305] [INFO] Booting worker with pid: 305
[2026-03-23 22:03:07 +0000] [305] [INFO] Started server process [305]
[2026-03-23 22:03:07 +0000] [305] [INFO] Waiting for application startup.
[2026-03-23 22:03:07 +0000] [305] [INFO] Application startup complete.
[2026-03-23 22:03:07 +0000] [307] [INFO] Booting worker with pid: 307
[2026-03-23 22:03:07 +0000] [307] [INFO] Started server process [307]
[2026-03-23 22:03:07 +0000] [307] [INFO] Waiting for application startup.
[2026-03-23 22:03:07 +0000] [307] [INFO] Application startup complete.
[2026-03-23 22:03:07 +0000] [309] [INFO] Booting worker with pid: 309
[2026-03-23 22:03:07 +0000] [310] [INFO] Booting worker with pid: 310
[2026-03-23 22:03:07 +0000] [311] [INFO] Booting worker with pid: 311
[2026-03-23 22:03:07 +0000] [309] [INFO] Started server process [309]
[2026-03-23 22:03:07 +0000] [309] [INFO] Waiting for application startup.
[2026-03-23 22:03:07 +0000] [309] [INFO] Application startup complete.
[2026-03-23 22:03:07 +0000] [310] [INFO] Started server process [310]
[2026-03-23 22:03:07 +0000] [310] [INFO] Waiting for application startup.
[2026-03-23 22:03:07 +0000] [310] [INFO] Application startup complete.
[2026-03-23 22:03:07 +0000] [315] [INFO] Booting worker with pid: 315
[2026-03-23 22:03:07 +0000] [311] [INFO] Started server process [311]
[2026-03-23 22:03:07 +0000] [311] [INFO] Waiting for application startup.
[2026-03-23 22:03:07 +0000] [311] [INFO] Application startup complete.
[2026-03-23 22:03:07 +0000] [316] [INFO] Booting worker with pid: 316
[2026-03-23 22:03:07 +0000] [315] [INFO] Started server process [315]
[2026-03-23 22:03:07 +0000] [315] [INFO] Waiting for application startup.
[2026-03-23 22:03:07 +0000] [315] [INFO] Application startup complete.
[2026-03-23 22:03:07 +0000] [319] [INFO] Booting worker with pid: 319
[2026-03-23 22:03:07 +0000] [320] [INFO] Booting worker with pid: 320
[2026-03-23 22:03:07 +0000] [316] [INFO] Started server process [316]
[2026-03-23 22:03:07 +0000] [316] [INFO] Waiting for application startup.
[2026-03-23 22:03:07 +0000] [316] [INFO] Application startup complete.
[2026-03-23 22:03:07 +0000] [323] [INFO] Booting worker with pid: 323
[2026-03-23 22:03:07 +0000] [319] [INFO] Started server process [319]
[2026-03-23 22:03:07 +0000] [319] [INFO] Waiting for application startup.
[2026-03-23 22:03:07 +0000] [319] [INFO] Application startup complete.
[2026-03-23 22:03:07 +0000] [320] [INFO] Started server process [320]
[2026-03-23 22:03:07 +0000] [320] [INFO] Waiting for application startup.
[2026-03-23 22:03:07 +0000] [320] [INFO] Application startup complete.
[2026-03-23 22:03:07 +0000] [323] [INFO] Started server process [323]
[2026-03-23 22:03:07 +0000] [323] [INFO] Waiting for application startup.
[2026-03-23 22:03:07 +0000] [323] [INFO] Application startup complete.
[2026-03-23 22:03:07 +0000] [325] [INFO] Booting worker with pid: 325
[2026-03-23 22:03:07 +0000] [325] [INFO] Started server process [325]
[2026-03-23 22:03:07 +0000] [325] [INFO] Waiting for application startup.
[2026-03-23 22:03:07 +0000] [325] [INFO] Application startup complete.
[2026-03-23 22:03:07 +0000] [327] [INFO] Booting worker with pid: 327
[2026-03-23 22:03:07 +0000] [328] [INFO] Booting worker with pid: 328
[2026-03-23 22:03:07 +0000] [329] [INFO] Booting worker with pid: 329
[2026-03-23 22:03:07 +0000] [327] [INFO] Started server process [327]
[2026-03-23 22:03:07 +0000] [327] [INFO] Waiting for application startup.
[2026-03-23 22:03:07 +0000] [327] [INFO] Application startup complete.
[2026-03-23 22:03:07 +0000] [328] [INFO] Started server process [328]
[2026-03-23 22:03:07 +0000] [328] [INFO] Waiting for application startup.
[2026-03-23 22:03:07 +0000] [328] [INFO] Application startup complete.
[2026-03-23 22:03:07 +0000] [333] [INFO] Booting worker with pid: 333
[2026-03-23 22:03:08 +0000] [329] [INFO] Started server process [329]
[2026-03-23 22:03:08 +0000] [329] [INFO] Waiting for application startup.
[2026-03-23 22:03:08 +0000] [329] [INFO] Application startup complete.
[2026-03-23 22:03:08 +0000] [334] [INFO] Booting worker with pid: 334
[2026-03-23 22:03:08 +0000] [333] [INFO] Started server process [333]
[2026-03-23 22:03:08 +0000] [333] [INFO] Waiting for application startup.
[2026-03-23 22:03:08 +0000] [333] [INFO] Application startup complete.
[2026-03-23 22:03:08 +0000] [336] [INFO] Booting worker with pid: 336
[2026-03-23 22:03:08 +0000] [338] [INFO] Booting worker with pid: 338
[2026-03-23 22:03:08 +0000] [334] [INFO] Started server process [334]
[2026-03-23 22:03:08 +0000] [334] [INFO] Waiting for application startup.
[2026-03-23 22:03:08 +0000] [334] [INFO] Application startup complete.
[2026-03-23 22:03:08 +0000] [336] [INFO] Started server process [336]
[2026-03-23 22:03:08 +0000] [336] [INFO] Waiting for application startup.
[2026-03-23 22:03:08 +0000] [336] [INFO] Application startup complete.
[2026-03-23 22:03:08 +0000] [340] [INFO] Booting worker with pid: 340
[2026-03-23 22:03:08 +0000] [338] [INFO] Started server process [338]
[2026-03-23 22:03:08 +0000] [338] [INFO] Waiting for application startup.
[2026-03-23 22:03:08 +0000] [338] [INFO] Application startup complete.
[2026-03-23 22:03:08 +0000] [342] [INFO] Booting worker with pid: 342
[2026-03-23 22:03:08 +0000] [340] [INFO] Started server process [340]
[2026-03-23 22:03:08 +0000] [340] [INFO] Waiting for application startup.
[2026-03-23 22:03:08 +0000] [340] [INFO] Application startup complete.
[2026-03-23 22:03:08 +0000] [344] [INFO] Booting worker with pid: 344
[2026-03-23 22:03:08 +0000] [342] [INFO] Started server process [342]
[2026-03-23 22:03:08 +0000] [342] [INFO] Waiting for application startup.
[2026-03-23 22:03:08 +0000] [342] [INFO] Application startup complete.
[2026-03-23 22:03:08 +0000] [346] [INFO] Booting worker with pid: 346
[2026-03-23 22:03:08 +0000] [347] [INFO] Booting worker with pid: 347
[2026-03-23 22:03:08 +0000] [348] [INFO] Booting worker with pid: 348
[2026-03-23 22:03:08 +0000] [349] [INFO] Booting worker with pid: 349
[2026-03-23 22:03:08 +0000] [347] [INFO] Started server process [347]
[2026-03-23 22:03:08 +0000] [347] [INFO] Waiting for application startup.
[2026-03-23 22:03:08 +0000] [347] [INFO] Application startup complete.
[2026-03-23 22:03:08 +0000] [344] [INFO] Started server process [344]
[2026-03-23 22:03:08 +0000] [344] [INFO] Waiting for application startup.
[2026-03-23 22:03:08 +0000] [344] [INFO] Application startup complete.
[2026-03-23 22:03:08 +0000] [352] [INFO] Booting worker with pid: 352
[2026-03-23 22:03:08 +0000] [346] [INFO] Started server process [346]
[2026-03-23 22:03:08 +0000] [346] [INFO] Waiting for application startup.
[2026-03-23 22:03:08 +0000] [346] [INFO] Application startup complete.
[2026-03-23 22:03:08 +0000] [354] [INFO] Booting worker with pid: 354
[2026-03-23 22:03:08 +0000] [356] [INFO] Booting worker with pid: 356
[2026-03-23 22:03:08 +0000] [358] [INFO] Booting worker with pid: 358
[2026-03-23 22:03:08 +0000] [348] [INFO] Started server process [348]
[2026-03-23 22:03:08 +0000] [348] [INFO] Waiting for application startup.
[2026-03-23 22:03:08 +0000] [348] [INFO] Application startup complete.
[2026-03-23 22:03:08 +0000] [349] [INFO] Started server process [349]
[2026-03-23 22:03:08 +0000] [349] [INFO] Waiting for application startup.
[2026-03-23 22:03:08 +0000] [349] [INFO] Application startup complete.
[2026-03-23 22:03:08 +0000] [352] [INFO] Started server process [352]
[2026-03-23 22:03:08 +0000] [352] [INFO] Waiting for application startup.
[2026-03-23 22:03:08 +0000] [352] [INFO] Application startup complete.
[2026-03-23 22:03:08 +0000] [360] [INFO] Booting worker with pid: 360
[2026-03-23 22:03:08 +0000] [356] [INFO] Started server process [356]
[2026-03-23 22:03:08 +0000] [356] [INFO] Waiting for application startup.
[2026-03-23 22:03:08 +0000] [356] [INFO] Application startup complete.
[2026-03-23 22:03:09 +0000] [354] [INFO] Started server process [354]
[2026-03-23 22:03:09 +0000] [354] [INFO] Waiting for application startup.
[2026-03-23 22:03:09 +0000] [354] [INFO] Application startup complete.
[2026-03-23 22:03:09 +0000] [364] [INFO] Booting worker with pid: 364
[2026-03-23 22:03:09 +0000] [358] [INFO] Started server process [358]
[2026-03-23 22:03:09 +0000] [358] [INFO] Waiting for application startup.
[2026-03-23 22:03:09 +0000] [358] [INFO] Application startup complete.
[2026-03-23 22:03:09 +0000] [365] [INFO] Booting worker with pid: 365
[2026-03-23 22:03:09 +0000] [367] [INFO] Booting worker with pid: 367
[2026-03-23 22:03:09 +0000] [360] [INFO] Started server process [360]
[2026-03-23 22:03:09 +0000] [360] [INFO] Waiting for application startup.
[2026-03-23 22:03:09 +0000] [360] [INFO] Application startup complete.
[2026-03-23 22:03:09 +0000] [368] [INFO] Booting worker with pid: 368
[2026-03-23 22:03:09 +0000] [364] [INFO] Started server process [364]
[2026-03-23 22:03:09 +0000] [364] [INFO] Waiting for application startup.
[2026-03-23 22:03:09 +0000] [364] [INFO] Application startup complete.
[2026-03-23 22:03:09 +0000] [371] [INFO] Booting worker with pid: 371
[2026-03-23 22:03:09 +0000] [365] [INFO] Started server process [365]
[2026-03-23 22:03:09 +0000] [365] [INFO] Waiting for application startup.
[2026-03-23 22:03:09 +0000] [365] [INFO] Application startup complete.
[2026-03-23 22:03:09 +0000] [372] [INFO] Booting worker with pid: 372
[2026-03-23 22:03:09 +0000] [368] [INFO] Started server process [368]
[2026-03-23 22:03:09 +0000] [368] [INFO] Waiting for application startup.
[2026-03-23 22:03:09 +0000] [368] [INFO] Application startup complete.
[2026-03-23 22:03:09 +0000] [375] [INFO] Booting worker with pid: 375
[2026-03-23 22:03:09 +0000] [367] [INFO] Started server process [367]
[2026-03-23 22:03:09 +0000] [367] [INFO] Waiting for application startup.
[2026-03-23 22:03:09 +0000] [367] [INFO] Application startup complete.
[2026-03-23 22:03:09 +0000] [377] [INFO] Booting worker with pid: 377
[2026-03-23 22:03:09 +0000] [378] [INFO] Booting worker with pid: 378
[2026-03-23 22:03:09 +0000] [371] [INFO] Started server process [371]
[2026-03-23 22:03:09 +0000] [371] [INFO] Waiting for application startup.
[2026-03-23 22:03:09 +0000] [371] [INFO] Application startup complete.
[2026-03-23 22:03:09 +0000] [375] [INFO] Started server process [375]
[2026-03-23 22:03:09 +0000] [375] [INFO] Waiting for application startup.
[2026-03-23 22:03:09 +0000] [375] [INFO] Application startup complete.
[2026-03-23 22:03:09 +0000] [372] [INFO] Started server process [372]
[2026-03-23 22:03:09 +0000] [372] [INFO] Waiting for application startup.
[2026-03-23 22:03:09 +0000] [372] [INFO] Application startup complete.
[2026-03-23 22:03:09 +0000] [381] [INFO] Booting worker with pid: 381
[2026-03-23 22:03:09 +0000] [377] [INFO] Started server process [377]
[2026-03-23 22:03:09 +0000] [377] [INFO] Waiting for application startup.
[2026-03-23 22:03:09 +0000] [377] [INFO] Application startup complete.
[2026-03-23 22:03:09 +0000] [378] [INFO] Started server process [378]
[2026-03-23 22:03:09 +0000] [378] [INFO] Waiting for application startup.
[2026-03-23 22:03:09 +0000] [378] [INFO] Application startup complete.
[2026-03-23 22:03:09 +0000] [384] [INFO] Booting worker with pid: 384
[2026-03-23 22:03:09 +0000] [386] [INFO] Booting worker with pid: 386
[2026-03-23 22:03:09 +0000] [381] [INFO] Started server process [381]
[2026-03-23 22:03:09 +0000] [381] [INFO] Waiting for application startup.
[2026-03-23 22:03:09 +0000] [381] [INFO] Application startup complete.
[2026-03-23 22:03:09 +0000] [388] [INFO] Booting worker with pid: 388
[2026-03-23 22:03:09 +0000] [384] [INFO] Started server process [384]
[2026-03-23 22:03:09 +0000] [384] [INFO] Waiting for application startup.
[2026-03-23 22:03:09 +0000] [384] [INFO] Application startup complete.
[2026-03-23 22:03:09 +0000] [389] [INFO] Booting worker with pid: 389
[2026-03-23 22:03:09 +0000] [386] [INFO] Started server process [386]
[2026-03-23 22:03:09 +0000] [386] [INFO] Waiting for application startup.
[2026-03-23 22:03:09 +0000] [386] [INFO] Application startup complete.
[2026-03-23 22:03:10 +0000] [391] [INFO] Booting worker with pid: 391
[2026-03-23 22:03:10 +0000] [392] [INFO] Booting worker with pid: 392
[2026-03-23 22:03:10 +0000] [389] [INFO] Started server process [389]
[2026-03-23 22:03:10 +0000] [389] [INFO] Waiting for application startup.
[2026-03-23 22:03:10 +0000] [389] [INFO] Application startup complete.
[2026-03-23 22:03:10 +0000] [388] [INFO] Started server process [388]
[2026-03-23 22:03:10 +0000] [388] [INFO] Waiting for application startup.
[2026-03-23 22:03:10 +0000] [388] [INFO] Application startup complete.
[2026-03-23 22:03:10 +0000] [395] [INFO] Booting worker with pid: 395
[2026-03-23 22:03:10 +0000] [396] [INFO] Booting worker with pid: 396
[2026-03-23 22:03:10 +0000] [392] [INFO] Started server process [392]
[2026-03-23 22:03:10 +0000] [392] [INFO] Waiting for application startup.
[2026-03-23 22:03:10 +0000] [392] [INFO] Application startup complete.
[2026-03-23 22:03:10 +0000] [399] [INFO] Booting worker with pid: 399
[2026-03-23 22:03:10 +0000] [391] [INFO] Started server process [391]
[2026-03-23 22:03:10 +0000] [391] [INFO] Waiting for application startup.
[2026-03-23 22:03:10 +0000] [391] [INFO] Application startup complete.
[2026-03-23 22:03:10 +0000] [402] [INFO] Booting worker with pid: 402
[2026-03-23 22:03:10 +0000] [395] [INFO] Started server process [395]
[2026-03-23 22:03:10 +0000] [395] [INFO] Waiting for application startup.
[2026-03-23 22:03:10 +0000] [395] [INFO] Application startup complete.
[2026-03-23 22:03:10 +0000] [396] [INFO] Started server process [396]
[2026-03-23 22:03:10 +0000] [396] [INFO] Waiting for application startup.
[2026-03-23 22:03:10 +0000] [396] [INFO] Application startup complete.
[2026-03-23 22:03:10 +0000] [403] [INFO] Booting worker with pid: 403
[2026-03-23 22:03:10 +0000] [406] [INFO] Booting worker with pid: 406
[2026-03-23 22:03:10 +0000] [402] [INFO] Started server process [402]
[2026-03-23 22:03:10 +0000] [402] [INFO] Waiting for application startup.
[2026-03-23 22:03:10 +0000] [402] [INFO] Application startup complete.
[2026-03-23 22:03:10 +0000] [399] [INFO] Started server process [399]
[2026-03-23 22:03:10 +0000] [399] [INFO] Waiting for application startup.
[2026-03-23 22:03:10 +0000] [399] [INFO] Application startup complete.
[2026-03-23 22:03:10 +0000] [407] [INFO] Booting worker with pid: 407
[2026-03-23 22:03:10 +0000] [408] [INFO] Booting worker with pid: 408
[2026-03-23 22:03:10 +0000] [410] [INFO] Booting worker with pid: 410
[2026-03-23 22:03:10 +0000] [403] [INFO] Started server process [403]
[2026-03-23 22:03:10 +0000] [403] [INFO] Waiting for application startup.
[2026-03-23 22:03:10 +0000] [403] [INFO] Application startup complete.
[2026-03-23 22:03:10 +0000] [407] [INFO] Started server process [407]
[2026-03-23 22:03:10 +0000] [407] [INFO] Waiting for application startup.
[2026-03-23 22:03:10 +0000] [407] [INFO] Application startup complete.
[2026-03-23 22:03:10 +0000] [412] [INFO] Booting worker with pid: 412
[2026-03-23 22:03:10 +0000] [406] [INFO] Started server process [406]
[2026-03-23 22:03:10 +0000] [406] [INFO] Waiting for application startup.
[2026-03-23 22:03:10 +0000] [406] [INFO] Application startup complete.
[2026-03-23 22:03:10 +0000] [414] [INFO] Booting worker with pid: 414
[2026-03-23 22:03:10 +0000] [410] [INFO] Started server process [410]
[2026-03-23 22:03:10 +0000] [410] [INFO] Waiting for application startup.
[2026-03-23 22:03:10 +0000] [410] [INFO] Application startup complete.
[2026-03-23 22:03:10 +0000] [408] [INFO] Started server process [408]
[2026-03-23 22:03:10 +0000] [408] [INFO] Waiting for application startup.
[2026-03-23 22:03:10 +0000] [408] [INFO] Application startup complete.
[2026-03-23 22:03:10 +0000] [417] [INFO] Booting worker with pid: 417
[2026-03-23 22:03:10 +0000] [412] [INFO] Started server process [412]
[2026-03-23 22:03:10 +0000] [412] [INFO] Waiting for application startup.
[2026-03-23 22:03:10 +0000] [412] [INFO] Application startup complete.
[2026-03-23 22:03:10 +0000] [419] [INFO] Booting worker with pid: 419
[2026-03-23 22:03:10 +0000] [421] [INFO] Booting worker with pid: 421
[2026-03-23 22:03:10 +0000] [414] [INFO] Started server process [414]
[2026-03-23 22:03:10 +0000] [414] [INFO] Waiting for application startup.
[2026-03-23 22:03:10 +0000] [414] [INFO] Application startup complete.
[2026-03-23 22:03:10 +0000] [422] [INFO] Booting worker with pid: 422
[2026-03-23 22:03:10 +0000] [417] [INFO] Started server process [417]
[2026-03-23 22:03:10 +0000] [417] [INFO] Waiting for application startup.
[2026-03-23 22:03:10 +0000] [417] [INFO] Application startup complete.
[2026-03-23 22:03:11 +0000] [424] [INFO] Booting worker with pid: 424
[2026-03-23 22:03:11 +0000] [425] [INFO] Booting worker with pid: 425
[2026-03-23 22:03:11 +0000] [427] [INFO] Booting worker with pid: 427
[2026-03-23 22:03:11 +0000] [419] [INFO] Started server process [419]
[2026-03-23 22:03:11 +0000] [419] [INFO] Waiting for application startup.
[2026-03-23 22:03:11 +0000] [419] [INFO] Application startup complete.
[2026-03-23 22:03:11 +0000] [421] [INFO] Started server process [421]
[2026-03-23 22:03:11 +0000] [421] [INFO] Waiting for application startup.
[2026-03-23 22:03:11 +0000] [421] [INFO] Application startup complete.
[2026-03-23 22:03:11 +0000] [424] [INFO] Started server process [424]
[2026-03-23 22:03:11 +0000] [424] [INFO] Waiting for application startup.
[2026-03-23 22:03:11 +0000] [424] [INFO] Application startup complete.
[2026-03-23 22:03:11 +0000] [431] [INFO] Booting worker with pid: 431
[2026-03-23 22:03:11 +0000] [422] [INFO] Started server process [422]
[2026-03-23 22:03:11 +0000] [422] [INFO] Waiting for application startup.
[2026-03-23 22:03:11 +0000] [422] [INFO] Application startup complete.
[2026-03-23 22:03:11 +0000] [425] [INFO] Started server process [425]
[2026-03-23 22:03:11 +0000] [425] [INFO] Waiting for application startup.
[2026-03-23 22:03:11 +0000] [425] [INFO] Application startup complete.
[2026-03-23 22:03:11 +0000] [427] [INFO] Started server process [427]
[2026-03-23 22:03:11 +0000] [427] [INFO] Waiting for application startup.
[2026-03-23 22:03:11 +0000] [427] [INFO] Application startup complete.
[2026-03-23 22:03:11 +0000] [434] [INFO] Booting worker with pid: 434
[2026-03-23 22:03:11 +0000] [435] [INFO] Booting worker with pid: 435
[2026-03-23 22:03:11 +0000] [436] [INFO] Booting worker with pid: 436
[2026-03-23 22:03:11 +0000] [438] [INFO] Booting worker with pid: 438
[2026-03-23 22:03:11 +0000] [431] [INFO] Started server process [431]
[2026-03-23 22:03:11 +0000] [431] [INFO] Waiting for application startup.
[2026-03-23 22:03:11 +0000] [431] [INFO] Application startup complete.
[2026-03-23 22:03:11 +0000] [439] [INFO] Booting worker with pid: 439
[2026-03-23 22:03:11 +0000] [440] [INFO] Booting worker with pid: 440
[2026-03-23 22:03:11 +0000] [442] [INFO] Booting worker with pid: 442
[2026-03-23 22:03:11 +0000] [434] [INFO] Started server process [434]
[2026-03-23 22:03:11 +0000] [434] [INFO] Waiting for application startup.
[2026-03-23 22:03:11 +0000] [434] [INFO] Application startup complete.
[2026-03-23 22:03:11 +0000] [435] [INFO] Started server process [435]
[2026-03-23 22:03:11 +0000] [435] [INFO] Waiting for application startup.
[2026-03-23 22:03:11 +0000] [435] [INFO] Application startup complete.
[2026-03-23 22:03:11 +0000] [436] [INFO] Started server process [436]
[2026-03-23 22:03:11 +0000] [436] [INFO] Waiting for application startup.
[2026-03-23 22:03:11 +0000] [436] [INFO] Application startup complete.
[2026-03-23 22:03:11 +0000] [447] [INFO] Booting worker with pid: 447
[2026-03-23 22:03:11 +0000] [438] [INFO] Started server process [438]
[2026-03-23 22:03:11 +0000] [438] [INFO] Waiting for application startup.
[2026-03-23 22:03:11 +0000] [438] [INFO] Application startup complete.
[2026-03-23 22:03:11 +0000] [439] [INFO] Started server process [439]
[2026-03-23 22:03:11 +0000] [439] [INFO] Waiting for application startup.
[2026-03-23 22:03:11 +0000] [439] [INFO] Application startup complete.
[2026-03-23 22:03:11 +0000] [440] [INFO] Started server process [440]
[2026-03-23 22:03:11 +0000] [440] [INFO] Waiting for application startup.
[2026-03-23 22:03:11 +0000] [440] [INFO] Application startup complete.
[2026-03-23 22:03:11 +0000] [442] [INFO] Started server process [442]
[2026-03-23 22:03:11 +0000] [442] [INFO] Waiting for application startup.
[2026-03-23 22:03:11 +0000] [442] [INFO] Application startup complete.
[2026-03-23 22:03:11 +0000] [450] [INFO] Booting worker with pid: 450
[2026-03-23 22:03:11 +0000] [451] [INFO] Booting worker with pid: 451
[2026-03-23 22:03:11 +0000] [453] [INFO] Booting worker with pid: 453
[2026-03-23 22:03:11 +0000] [447] [INFO] Started server process [447]
[2026-03-23 22:03:11 +0000] [447] [INFO] Waiting for application startup.
[2026-03-23 22:03:11 +0000] [447] [INFO] Application startup complete.
[2026-03-23 22:03:11 +0000] [450] [INFO] Started server process [450]
[2026-03-23 22:03:11 +0000] [450] [INFO] Waiting for application startup.
[2026-03-23 22:03:11 +0000] [450] [INFO] Application startup complete.
[2026-03-23 22:03:11 +0000] [455] [INFO] Booting worker with pid: 455
[2026-03-23 22:03:11 +0000] [457] [INFO] Booting worker with pid: 457
[2026-03-23 22:03:12 +0000] [458] [INFO] Booting worker with pid: 458
[2026-03-23 22:03:12 +0000] [451] [INFO] Started server process [451]
[2026-03-23 22:03:12 +0000] [451] [INFO] Waiting for application startup.
[2026-03-23 22:03:12 +0000] [451] [INFO] Application startup complete.
[2026-03-23 22:03:12 +0000] [460] [INFO] Booting worker with pid: 460
[2026-03-23 22:03:12 +0000] [453] [INFO] Started server process [453]
[2026-03-23 22:03:12 +0000] [453] [INFO] Waiting for application startup.
[2026-03-23 22:03:12 +0000] [453] [INFO] Application startup complete.
[2026-03-23 22:03:12 +0000] [461] [INFO] Booting worker with pid: 461
[2026-03-23 22:03:12 +0000] [455] [INFO] Started server process [455]
[2026-03-23 22:03:12 +0000] [455] [INFO] Waiting for application startup.
[2026-03-23 22:03:12 +0000] [455] [INFO] Application startup complete.
[2026-03-23 22:03:12 +0000] [457] [INFO] Started server process [457]
[2026-03-23 22:03:12 +0000] [457] [INFO] Waiting for application startup.
[2026-03-23 22:03:12 +0000] [457] [INFO] Application startup complete.
[2026-03-23 22:03:12 +0000] [464] [INFO] Booting worker with pid: 464
[2026-03-23 22:03:12 +0000] [466] [INFO] Booting worker with pid: 466
[2026-03-23 22:03:12 +0000] [468] [INFO] Booting worker with pid: 468
[2026-03-23 22:03:12 +0000] [458] [INFO] Started server process [458]
[2026-03-23 22:03:12 +0000] [458] [INFO] Waiting for application startup.
[2026-03-23 22:03:12 +0000] [458] [INFO] Application startup complete.
[2026-03-23 22:03:12 +0000] [460] [INFO] Started server process [460]
[2026-03-23 22:03:12 +0000] [460] [INFO] Waiting for application startup.
[2026-03-23 22:03:12 +0000] [460] [INFO] Application startup complete.
[2026-03-23 22:03:12 +0000] [469] [INFO] Booting worker with pid: 469
[2026-03-23 22:03:12 +0000] [471] [INFO] Booting worker with pid: 471
[2026-03-23 22:03:12 +0000] [461] [INFO] Started server process [461]
[2026-03-23 22:03:12 +0000] [461] [INFO] Waiting for application startup.
[2026-03-23 22:03:12 +0000] [461] [INFO] Application startup complete.
[2026-03-23 22:03:12 +0000] [472] [INFO] Booting worker with pid: 472
[2026-03-23 22:03:12 +0000] [466] [INFO] Started server process [466]
[2026-03-23 22:03:12 +0000] [466] [INFO] Waiting for application startup.
[2026-03-23 22:03:12 +0000] [466] [INFO] Application startup complete.
[2026-03-23 22:03:12 +0000] [475] [INFO] Booting worker with pid: 475
[2026-03-23 22:03:12 +0000] [464] [INFO] Started server process [464]
[2026-03-23 22:03:12 +0000] [464] [INFO] Waiting for application startup.
[2026-03-23 22:03:12 +0000] [464] [INFO] Application startup complete.
[2026-03-23 22:03:12 +0000] [469] [INFO] Started server process [469]
[2026-03-23 22:03:12 +0000] [469] [INFO] Waiting for application startup.
[2026-03-23 22:03:12 +0000] [469] [INFO] Application startup complete.
[2026-03-23 22:03:12 +0000] [472] [INFO] Started server process [472]
[2026-03-23 22:03:12 +0000] [472] [INFO] Waiting for application startup.
[2026-03-23 22:03:12 +0000] [472] [INFO] Application startup complete.
[2026-03-23 22:03:12 +0000] [471] [INFO] Started server process [471]
[2026-03-23 22:03:12 +0000] [471] [INFO] Waiting for application startup.
[2026-03-23 22:03:12 +0000] [471] [INFO] Application startup complete.
[2026-03-23 22:03:12 +0000] [480] [INFO] Booting worker with pid: 480
[2026-03-23 22:03:12 +0000] [468] [INFO] Started server process [468]
[2026-03-23 22:03:12 +0000] [468] [INFO] Waiting for application startup.
[2026-03-23 22:03:12 +0000] [468] [INFO] Application startup complete.
[2026-03-23 22:03:12 +0000] [475] [INFO] Started server process [475]
[2026-03-23 22:03:12 +0000] [475] [INFO] Waiting for application startup.
[2026-03-23 22:03:12 +0000] [475] [INFO] Application startup complete.
[2026-03-23 22:03:12 +0000] [482] [INFO] Booting worker with pid: 482
[2026-03-23 22:03:12 +0000] [483] [INFO] Booting worker with pid: 483
[2026-03-23 22:03:12 +0000] [484] [INFO] Booting worker with pid: 484
[2026-03-23 22:03:12 +0000] [486] [INFO] Booting worker with pid: 486
[2026-03-23 22:03:12 +0000] [480] [INFO] Started server process [480]
[2026-03-23 22:03:12 +0000] [480] [INFO] Waiting for application startup.
[2026-03-23 22:03:12 +0000] [480] [INFO] Application startup complete.
[2026-03-23 22:03:12 +0000] [487] [INFO] Booting worker with pid: 487
[2026-03-23 22:03:12 +0000] [484] [INFO] Started server process [484]
[2026-03-23 22:03:12 +0000] [484] [INFO] Waiting for application startup.
[2026-03-23 22:03:12 +0000] [484] [INFO] Application startup complete.
[2026-03-23 22:03:12 +0000] [490] [INFO] Booting worker with pid: 490
[2026-03-23 22:03:12 +0000] [491] [INFO] Booting worker with pid: 491
[2026-03-23 22:03:12 +0000] [492] [INFO] Booting worker with pid: 492
[2026-03-23 22:03:12 +0000] [482] [INFO] Started server process [482]
[2026-03-23 22:03:12 +0000] [482] [INFO] Waiting for application startup.
[2026-03-23 22:03:12 +0000] [482] [INFO] Application startup complete.
[2026-03-23 22:03:12 +0000] [494] [INFO] Booting worker with pid: 494
[2026-03-23 22:03:12 +0000] [483] [INFO] Started server process [483]
[2026-03-23 22:03:12 +0000] [483] [INFO] Waiting for application startup.
[2026-03-23 22:03:12 +0000] [483] [INFO] Application startup complete.
[2026-03-23 22:03:12 +0000] [495] [INFO] Booting worker with pid: 495
[2026-03-23 22:03:12 +0000] [486] [INFO] Started server process [486]
[2026-03-23 22:03:12 +0000] [486] [INFO] Waiting for application startup.
[2026-03-23 22:03:12 +0000] [486] [INFO] Application startup complete.
[2026-03-23 22:03:12 +0000] [490] [INFO] Started server process [490]
[2026-03-23 22:03:12 +0000] [490] [INFO] Waiting for application startup.
[2026-03-23 22:03:12 +0000] [490] [INFO] Application startup complete.
[2026-03-23 22:03:12 +0000] [499] [INFO] Booting worker with pid: 499
[2026-03-23 22:03:12 +0000] [487] [INFO] Started server process [487]
[2026-03-23 22:03:12 +0000] [487] [INFO] Waiting for application startup.
[2026-03-23 22:03:12 +0000] [487] [INFO] Application startup complete.
[2026-03-23 22:03:12 +0000] [503] [INFO] Booting worker with pid: 503
[2026-03-23 22:03:12 +0000] [492] [INFO] Started server process [492]
[2026-03-23 22:03:12 +0000] [492] [INFO] Waiting for application startup.
[2026-03-23 22:03:12 +0000] [492] [INFO] Application startup complete.
[2026-03-23 22:03:12 +0000] [495] [INFO] Started server process [495]
[2026-03-23 22:03:12 +0000] [495] [INFO] Waiting for application startup.
[2026-03-23 22:03:12 +0000] [495] [INFO] Application startup complete.
[2026-03-23 22:03:12 +0000] [491] [INFO] Started server process [491]
[2026-03-23 22:03:12 +0000] [491] [INFO] Waiting for application startup.
[2026-03-23 22:03:12 +0000] [491] [INFO] Application startup complete.
[2026-03-23 22:03:13 +0000] [494] [INFO] Started server process [494]
[2026-03-23 22:03:13 +0000] [494] [INFO] Waiting for application startup.
[2026-03-23 22:03:13 +0000] [494] [INFO] Application startup complete.
[2026-03-23 22:03:13 +0000] [505] [INFO] Booting worker with pid: 505
[2026-03-23 22:03:13 +0000] [506] [INFO] Booting worker with pid: 506
[2026-03-23 22:03:13 +0000] [499] [INFO] Started server process [499]
[2026-03-23 22:03:13 +0000] [499] [INFO] Waiting for application startup.
[2026-03-23 22:03:13 +0000] [499] [INFO] Application startup complete.
[2026-03-23 22:03:13 +0000] [503] [INFO] Started server process [503]
[2026-03-23 22:03:13 +0000] [503] [INFO] Waiting for application startup.
[2026-03-23 22:03:13 +0000] [503] [INFO] Application startup complete.
[2026-03-23 22:03:13 +0000] [510] [INFO] Booting worker with pid: 510
[2026-03-23 22:03:13 +0000] [505] [INFO] Started server process [505]
[2026-03-23 22:03:13 +0000] [505] [INFO] Waiting for application startup.
[2026-03-23 22:03:13 +0000] [505] [INFO] Application startup complete.
[2026-03-23 22:03:13 +0000] [512] [INFO] Booting worker with pid: 512
[2026-03-23 22:03:13 +0000] [506] [INFO] Started server process [506]
[2026-03-23 22:03:13 +0000] [506] [INFO] Waiting for application startup.
[2026-03-23 22:03:13 +0000] [506] [INFO] Application startup complete.
[2026-03-23 22:03:13 +0000] [514] [INFO] Booting worker with pid: 514
[2026-03-23 22:03:13 +0000] [510] [INFO] Started server process [510]
[2026-03-23 22:03:13 +0000] [510] [INFO] Waiting for application startup.
[2026-03-23 22:03:13 +0000] [510] [INFO] Application startup complete.
[2026-03-23 22:03:13 +0000] [512] [INFO] Started server process [512]
[2026-03-23 22:03:13 +0000] [512] [INFO] Waiting for application startup.
[2026-03-23 22:03:13 +0000] [512] [INFO] Application startup complete.
[2026-03-23 22:03:13 +0000] [516] [INFO] Booting worker with pid: 516
[2026-03-23 22:03:13 +0000] [514] [INFO] Started server process [514]
[2026-03-23 22:03:13 +0000] [514] [INFO] Waiting for application startup.
[2026-03-23 22:03:13 +0000] [514] [INFO] Application startup complete.
[2026-03-23 22:03:13 +0000] [516] [INFO] Started server process [516]
[2026-03-23 22:03:13 +0000] [516] [INFO] Waiting for application startup.
[2026-03-23 22:03:13 +0000] [516] [INFO] Application startup complete.
