[1] Puma starting in cluster mode...
[1] * Puma version: 7.2.0 ("On The Corner")
[1] * Ruby version: ruby 4.0.3 (2026-04-21 revision 85ddef263a) +YJIT +MN +PRISM [x86_64-linux]
[1] *  Min threads: 4
[1] *  Max threads: 4
[1] *  Environment: production
[1] *   Master PID: 1
[1] *      Workers: 64
[1] *     Restarts: (✔) hot (✖) phased (✖) refork
[1] * Preloading application
[1] * Listening on http://0.0.0.0:8080
[1] * Listening on ssl://0.0.0.0:8081?cert=/certs/server.crt&key=/certs/server.key
[1] Use Ctrl-C to stop
[1] ! WARNING: Detected `RUBY_MN_THREADS=1`
[1] ! This setting is known to cause performance regressions with Puma.
[1] ! Consider disabling this environment variable: https://github.com/puma/puma/issues/3720
[1] - Worker 2 (PID: 14) booted in 0.1s, phase: 0
[1] - Worker 1 (PID: 11) booted in 0.1s, phase: 0
[1] - Worker 0 (PID: 8) booted in 0.1s, phase: 0
[1] - Worker 4 (PID: 21) booted in 0.1s, phase: 0
[1] - Worker 3 (PID: 17) booted in 0.1s, phase: 0
[1] - Worker 5 (PID: 26) booted in 0.1s, phase: 0
[1] - Worker 6 (PID: 29) booted in 0.1s, phase: 0
[1] - Worker 7 (PID: 33) booted in 0.1s, phase: 0
[1] - Worker 8 (PID: 38) booted in 0.1s, phase: 0
[1] - Worker 9 (PID: 42) booted in 0.09s, phase: 0
[1] - Worker 10 (PID: 47) booted in 0.09s, phase: 0
[1] - Worker 11 (PID: 53) booted in 0.09s, phase: 0
[1] - Worker 12 (PID: 57) booted in 0.09s, phase: 0
[1] - Worker 13 (PID: 61) booted in 0.09s, phase: 0
[1] - Worker 14 (PID: 71) booted in 0.09s, phase: 0
[1] - Worker 15 (PID: 77) booted in 0.09s, phase: 0
[1] - Worker 16 (PID: 82) booted in 0.09s, phase: 0
[1] - Worker 17 (PID: 87) booted in 0.09s, phase: 0
[1] - Worker 18 (PID: 92) booted in 0.09s, phase: 0
[1] - Worker 19 (PID: 99) booted in 0.09s, phase: 0
[1] - Worker 20 (PID: 105) booted in 0.1s, phase: 0
[1] - Worker 21 (PID: 111) booted in 0.09s, phase: 0
[1] - Worker 22 (PID: 116) booted in 0.09s, phase: 0
[1] - Worker 23 (PID: 121) booted in 0.09s, phase: 0
[1] - Worker 24 (PID: 127) booted in 0.09s, phase: 0
[1] - Worker 25 (PID: 133) booted in 0.09s, phase: 0
[1] - Worker 26 (PID: 139) booted in 0.09s, phase: 0
[1] - Worker 27 (PID: 144) booted in 0.09s, phase: 0
[1] - Worker 28 (PID: 151) booted in 0.09s, phase: 0
[1] - Worker 29 (PID: 158) booted in 0.08s, phase: 0
[1] - Worker 30 (PID: 168) booted in 0.08s, phase: 0
[1] - Worker 31 (PID: 174) booted in 0.08s, phase: 0
[1] - Worker 32 (PID: 179) booted in 0.08s, phase: 0
[1] - Worker 33 (PID: 185) booted in 0.08s, phase: 0
[1] - Worker 34 (PID: 191) booted in 0.08s, phase: 0
[1] - Worker 35 (PID: 196) booted in 0.08s, phase: 0
[1] - Worker 36 (PID: 202) booted in 0.07s, phase: 0
[1] - Worker 37 (PID: 206) booted in 0.07s, phase: 0
[1] - Worker 38 (PID: 213) booted in 0.07s, phase: 0
[1] - Worker 39 (PID: 218) booted in 0.07s, phase: 0
[1] - Worker 40 (PID: 224) booted in 0.07s, phase: 0
[1] - Worker 41 (PID: 229) booted in 0.07s, phase: 0
[1] - Worker 42 (PID: 234) booted in 0.07s, phase: 0
[1] - Worker 43 (PID: 239) booted in 0.07s, phase: 0
[1] - Worker 44 (PID: 244) booted in 0.06s, phase: 0
[1] - Worker 45 (PID: 252) booted in 0.06s, phase: 0
[1] - Worker 46 (PID: 257) booted in 0.06s, phase: 0
[1] - Worker 47 (PID: 261) booted in 0.06s, phase: 0
[1] - Worker 48 (PID: 267) booted in 0.06s, phase: 0
[1] - Worker 49 (PID: 272) booted in 0.06s, phase: 0
[1] - Worker 50 (PID: 278) booted in 0.06s, phase: 0
[1] - Worker 51 (PID: 285) booted in 0.06s, phase: 0
[1] - Worker 52 (PID: 292) booted in 0.05s, phase: 0
[1] - Worker 53 (PID: 298) booted in 0.05s, phase: 0
[1] - Worker 54 (PID: 304) booted in 0.05s, phase: 0
[1] - Worker 55 (PID: 310) booted in 0.05s, phase: 0
[1] - Worker 56 (PID: 315) booted in 0.05s, phase: 0
[1] - Worker 57 (PID: 321) booted in 0.05s, phase: 0
[1] - Worker 58 (PID: 328) booted in 0.05s, phase: 0
[1] - Worker 59 (PID: 333) booted in 0.05s, phase: 0
[1] - Worker 60 (PID: 340) booted in 0.04s, phase: 0
[1] - Worker 61 (PID: 346) booted in 0.04s, phase: 0
[1] - Worker 62 (PID: 351) booted in 0.04s, phase: 0
[1] - Worker 63 (PID: 357) booted in 0.04s, phase: 0
