[1] Puma starting in cluster mode...
[1] * Puma version: 6.6.1 ("Return to Forever")
[1] * Ruby version: ruby 3.4.9 (2026-03-11 revision 76cca827ab) +PRISM [x86_64-linux]
[1] *  Min threads: 4
[1] *  Max threads: 4
[1] *  Environment: development
[1] *   Master PID: 1
[1] *      Workers: 128
[1] *     Restarts: (✔) hot (✖) phased (✖) refork
[1] * Preloading application
[1] * Listening on http://0.0.0.0:8080
[1] Use Ctrl-C to stop
[1] - Worker 0 (PID: 8) booted in 0.29s, phase: 0
[1] - Worker 1 (PID: 11) booted in 0.29s, phase: 0
[1] - Worker 2 (PID: 16) booted in 0.29s, phase: 0
[1] - Worker 3 (PID: 23) booted in 0.29s, phase: 0
[1] - Worker 4 (PID: 31) booted in 0.28s, phase: 0
[1] - Worker 5 (PID: 47) booted in 0.28s, phase: 0
[1] - Worker 6 (PID: 56) booted in 0.28s, phase: 0
[1] - Worker 7 (PID: 71) booted in 0.28s, phase: 0
[1] - Worker 8 (PID: 88) booted in 0.28s, phase: 0
[1] - Worker 9 (PID: 94) booted in 0.28s, phase: 0
[1] - Worker 10 (PID: 111) booted in 0.28s, phase: 0
[1] - Worker 11 (PID: 125) booted in 0.28s, phase: 0
[1] - Worker 12 (PID: 137) booted in 0.27s, phase: 0
[1] - Worker 13 (PID: 152) booted in 0.27s, phase: 0
[1] - Worker 14 (PID: 175) booted in 0.27s, phase: 0
[1] - Worker 15 (PID: 179) booted in 0.26s, phase: 0
[1] - Worker 16 (PID: 187) booted in 0.26s, phase: 0
[1] - Worker 17 (PID: 195) booted in 0.26s, phase: 0
[1] - Worker 18 (PID: 206) booted in 0.26s, phase: 0
[1] - Worker 19 (PID: 219) booted in 0.26s, phase: 0
[1] - Worker 20 (PID: 231) booted in 0.26s, phase: 0
[1] - Worker 21 (PID: 242) booted in 0.26s, phase: 0
[1] - Worker 22 (PID: 256) booted in 0.25s, phase: 0
[1] - Worker 23 (PID: 272) booted in 0.25s, phase: 0
[1] - Worker 24 (PID: 284) booted in 0.25s, phase: 0
[1] - Worker 25 (PID: 295) booted in 0.25s, phase: 0
[1] - Worker 26 (PID: 307) booted in 0.25s, phase: 0
[1] - Worker 27 (PID: 316) booted in 0.24s, phase: 0
[1] - Worker 28 (PID: 327) booted in 0.24s, phase: 0
[1] - Worker 29 (PID: 348) booted in 0.24s, phase: 0
[1] - Worker 30 (PID: 364) booted in 0.24s, phase: 0
[1] - Worker 31 (PID: 367) booted in 0.24s, phase: 0
[1] - Worker 32 (PID: 377) booted in 0.24s, phase: 0
[1] - Worker 33 (PID: 384) booted in 0.23s, phase: 0
[1] - Worker 34 (PID: 396) booted in 0.23s, phase: 0
[1] - Worker 35 (PID: 411) booted in 0.23s, phase: 0
[1] - Worker 36 (PID: 422) booted in 0.23s, phase: 0
[1] - Worker 37 (PID: 434) booted in 0.23s, phase: 0
[1] - Worker 38 (PID: 446) booted in 0.23s, phase: 0
[1] - Worker 39 (PID: 459) booted in 0.22s, phase: 0
[1] - Worker 40 (PID: 470) booted in 0.22s, phase: 0
[1] - Worker 41 (PID: 483) booted in 0.22s, phase: 0
[1] - Worker 42 (PID: 492) booted in 0.22s, phase: 0
[1] - Worker 43 (PID: 505) booted in 0.22s, phase: 0
[1] - Worker 44 (PID: 516) booted in 0.22s, phase: 0
[1] - Worker 45 (PID: 536) booted in 0.21s, phase: 0
[1] - Worker 46 (PID: 547) booted in 0.21s, phase: 0
[1] - Worker 47 (PID: 557) booted in 0.21s, phase: 0
[1] - Worker 48 (PID: 565) booted in 0.21s, phase: 0
[1] - Worker 49 (PID: 577) booted in 0.21s, phase: 0
[1] - Worker 50 (PID: 589) booted in 0.21s, phase: 0
[1] - Worker 51 (PID: 602) booted in 0.2s, phase: 0
[1] - Worker 52 (PID: 614) booted in 0.2s, phase: 0
[1] - Worker 53 (PID: 625) booted in 0.2s, phase: 0
[1] - Worker 54 (PID: 637) booted in 0.2s, phase: 0
[1] - Worker 55 (PID: 649) booted in 0.2s, phase: 0
[1] - Worker 56 (PID: 661) booted in 0.2s, phase: 0
[1] - Worker 57 (PID: 671) booted in 0.19s, phase: 0
[1] - Worker 58 (PID: 686) booted in 0.19s, phase: 0
[1] - Worker 59 (PID: 695) booted in 0.19s, phase: 0
[1] - Worker 60 (PID: 709) booted in 0.19s, phase: 0
[1] - Worker 61 (PID: 723) booted in 0.19s, phase: 0
[1] - Worker 62 (PID: 741) booted in 0.18s, phase: 0
[1] - Worker 63 (PID: 752) booted in 0.18s, phase: 0
[1] - Worker 64 (PID: 764) booted in 0.18s, phase: 0
[1] - Worker 65 (PID: 776) booted in 0.17s, phase: 0
[1] - Worker 66 (PID: 787) booted in 0.17s, phase: 0
[1] - Worker 67 (PID: 799) booted in 0.17s, phase: 0
[1] - Worker 68 (PID: 805) booted in 0.17s, phase: 0
[1] - Worker 69 (PID: 819) booted in 0.17s, phase: 0
[1] - Worker 70 (PID: 831) booted in 0.16s, phase: 0
[1] - Worker 71 (PID: 842) booted in 0.16s, phase: 0
[1] - Worker 72 (PID: 855) booted in 0.16s, phase: 0
[1] - Worker 73 (PID: 867) booted in 0.16s, phase: 0
[1] - Worker 74 (PID: 879) booted in 0.16s, phase: 0
[1] - Worker 75 (PID: 889) booted in 0.16s, phase: 0
[1] - Worker 76 (PID: 903) booted in 0.15s, phase: 0
[1] - Worker 77 (PID: 915) booted in 0.15s, phase: 0
[1] - Worker 78 (PID: 927) booted in 0.15s, phase: 0
[1] - Worker 79 (PID: 938) booted in 0.15s, phase: 0
[1] - Worker 80 (PID: 950) booted in 0.15s, phase: 0
[1] - Worker 81 (PID: 962) booted in 0.14s, phase: 0
[1] - Worker 82 (PID: 975) booted in 0.14s, phase: 0
[1] - Worker 83 (PID: 986) booted in 0.14s, phase: 0
[1] - Worker 84 (PID: 998) booted in 0.14s, phase: 0
[1] - Worker 85 (PID: 1011) booted in 0.14s, phase: 0
[1] - Worker 86 (PID: 1022) booted in 0.14s, phase: 0
[1] - Worker 87 (PID: 1034) booted in 0.14s, phase: 0
[1] - Worker 88 (PID: 1046) booted in 0.13s, phase: 0
[1] - Worker 89 (PID: 1058) booted in 0.13s, phase: 0
[1] - Worker 90 (PID: 1070) booted in 0.13s, phase: 0
[1] - Worker 91 (PID: 1082) booted in 0.13s, phase: 0
[1] - Worker 92 (PID: 1095) booted in 0.13s, phase: 0
[1] - Worker 93 (PID: 1106) booted in 0.12s, phase: 0
[1] - Worker 94 (PID: 1119) booted in 0.12s, phase: 0
[1] - Worker 95 (PID: 1131) booted in 0.12s, phase: 0
[1] - Worker 96 (PID: 1141) booted in 0.12s, phase: 0
[1] - Worker 97 (PID: 1153) booted in 0.12s, phase: 0
[1] - Worker 98 (PID: 1166) booted in 0.12s, phase: 0
[1] - Worker 99 (PID: 1177) booted in 0.11s, phase: 0
[1] - Worker 100 (PID: 1191) booted in 0.11s, phase: 0
[1] - Worker 101 (PID: 1203) booted in 0.11s, phase: 0
[1] - Worker 102 (PID: 1208) booted in 0.11s, phase: 0
[1] - Worker 103 (PID: 1217) booted in 0.11s, phase: 0
[1] - Worker 104 (PID: 1220) booted in 0.1s, phase: 0
[1] - Worker 105 (PID: 1260) booted in 0.1s, phase: 0
[1] - Worker 106 (PID: 1271) booted in 0.09s, phase: 0
[1] - Worker 107 (PID: 1279) booted in 0.09s, phase: 0
[1] - Worker 108 (PID: 1287) booted in 0.09s, phase: 0
[1] - Worker 109 (PID: 1299) booted in 0.09s, phase: 0
[1] - Worker 110 (PID: 1310) booted in 0.09s, phase: 0
[1] - Worker 111 (PID: 1322) booted in 0.08s, phase: 0
[1] - Worker 112 (PID: 1335) booted in 0.08s, phase: 0
[1] - Worker 113 (PID: 1345) booted in 0.08s, phase: 0
[1] - Worker 114 (PID: 1359) booted in 0.08s, phase: 0
[1] - Worker 115 (PID: 1370) booted in 0.08s, phase: 0
[1] - Worker 116 (PID: 1383) booted in 0.08s, phase: 0
[1] - Worker 117 (PID: 1393) booted in 0.07s, phase: 0
[1] - Worker 118 (PID: 1407) booted in 0.07s, phase: 0
[1] - Worker 119 (PID: 1416) booted in 0.07s, phase: 0
[1] - Worker 120 (PID: 1431) booted in 0.07s, phase: 0
[1] - Worker 121 (PID: 1441) booted in 0.07s, phase: 0
[1] - Worker 122 (PID: 1454) booted in 0.07s, phase: 0
[1] - Worker 123 (PID: 1467) booted in 0.06s, phase: 0
[1] - Worker 124 (PID: 1479) booted in 0.06s, phase: 0
[1] - Worker 125 (PID: 1491) booted in 0.06s, phase: 0
[1] - Worker 126 (PID: 1503) booted in 0.06s, phase: 0
[1] - Worker 127 (PID: 1514) booted in 0.06s, phase: 0
