[2026-03-23 21:58:02 +0000] [1] [INFO] Starting gunicorn 23.0.0
[2026-03-23 21:58:02 +0000] [1] [INFO] Listening at: http://0.0.0.0:8080 (1)
[2026-03-23 21:58:02 +0000] [1] [INFO] Using worker: uvicorn.workers.UvicornWorker
[2026-03-23 21:58:02 +0000] [7] [INFO] Booting worker with pid: 7
[2026-03-23 21:58:02 +0000] [8] [INFO] Booting worker with pid: 8
[2026-03-23 21:58:02 +0000] [7] [INFO] Started server process [7]
[2026-03-23 21:58:02 +0000] [7] [INFO] Waiting for application startup.
[2026-03-23 21:58:02 +0000] [7] [INFO] Application startup complete.
[2026-03-23 21:58:02 +0000] [11] [INFO] Booting worker with pid: 11
[2026-03-23 21:58:02 +0000] [8] [INFO] Started server process [8]
[2026-03-23 21:58:02 +0000] [8] [INFO] Waiting for application startup.
[2026-03-23 21:58:02 +0000] [8] [INFO] Application startup complete.
[2026-03-23 21:58:02 +0000] [12] [INFO] Booting worker with pid: 12
[2026-03-23 21:58:02 +0000] [11] [INFO] Started server process [11]
[2026-03-23 21:58:02 +0000] [11] [INFO] Waiting for application startup.
[2026-03-23 21:58:02 +0000] [11] [INFO] Application startup complete.
[2026-03-23 21:58:02 +0000] [12] [INFO] Started server process [12]
[2026-03-23 21:58:02 +0000] [12] [INFO] Waiting for application startup.
[2026-03-23 21:58:02 +0000] [12] [INFO] Application startup complete.
[2026-03-23 21:58:02 +0000] [15] [INFO] Booting worker with pid: 15
[2026-03-23 21:58:02 +0000] [15] [INFO] Started server process [15]
[2026-03-23 21:58:02 +0000] [15] [INFO] Waiting for application startup.
[2026-03-23 21:58:02 +0000] [15] [INFO] Application startup complete.
[2026-03-23 21:58:02 +0000] [17] [INFO] Booting worker with pid: 17
[2026-03-23 21:58:02 +0000] [17] [INFO] Started server process [17]
[2026-03-23 21:58:02 +0000] [17] [INFO] Waiting for application startup.
[2026-03-23 21:58:02 +0000] [17] [INFO] Application startup complete.
[2026-03-23 21:58:02 +0000] [19] [INFO] Booting worker with pid: 19
[2026-03-23 21:58:02 +0000] [20] [INFO] Booting worker with pid: 20
[2026-03-23 21:58:03 +0000] [22] [INFO] Booting worker with pid: 22
[2026-03-23 21:58:03 +0000] [19] [INFO] Started server process [19]
[2026-03-23 21:58:03 +0000] [19] [INFO] Waiting for application startup.
[2026-03-23 21:58:03 +0000] [19] [INFO] Application startup complete.
[2026-03-23 21:58:03 +0000] [20] [INFO] Started server process [20]
[2026-03-23 21:58:03 +0000] [20] [INFO] Waiting for application startup.
[2026-03-23 21:58:03 +0000] [20] [INFO] Application startup complete.
[2026-03-23 21:58:03 +0000] [22] [INFO] Started server process [22]
[2026-03-23 21:58:03 +0000] [22] [INFO] Waiting for application startup.
[2026-03-23 21:58:03 +0000] [22] [INFO] Application startup complete.
[2026-03-23 21:58:03 +0000] [25] [INFO] Booting worker with pid: 25
[2026-03-23 21:58:03 +0000] [25] [INFO] Started server process [25]
[2026-03-23 21:58:03 +0000] [25] [INFO] Waiting for application startup.
[2026-03-23 21:58:03 +0000] [25] [INFO] Application startup complete.
[2026-03-23 21:58:03 +0000] [27] [INFO] Booting worker with pid: 27
[2026-03-23 21:58:03 +0000] [28] [INFO] Booting worker with pid: 28
[2026-03-23 21:58:03 +0000] [29] [INFO] Booting worker with pid: 29
[2026-03-23 21:58:03 +0000] [27] [INFO] Started server process [27]
[2026-03-23 21:58:03 +0000] [27] [INFO] Waiting for application startup.
[2026-03-23 21:58:03 +0000] [27] [INFO] Application startup complete.
[2026-03-23 21:58:03 +0000] [28] [INFO] Started server process [28]
[2026-03-23 21:58:03 +0000] [28] [INFO] Waiting for application startup.
[2026-03-23 21:58:03 +0000] [28] [INFO] Application startup complete.
[2026-03-23 21:58:03 +0000] [29] [INFO] Started server process [29]
[2026-03-23 21:58:03 +0000] [29] [INFO] Waiting for application startup.
[2026-03-23 21:58:03 +0000] [29] [INFO] Application startup complete.
[2026-03-23 21:58:03 +0000] [33] [INFO] Booting worker with pid: 33
[2026-03-23 21:58:03 +0000] [33] [INFO] Started server process [33]
[2026-03-23 21:58:03 +0000] [33] [INFO] Waiting for application startup.
[2026-03-23 21:58:03 +0000] [33] [INFO] Application startup complete.
[2026-03-23 21:58:03 +0000] [35] [INFO] Booting worker with pid: 35
[2026-03-23 21:58:03 +0000] [36] [INFO] Booting worker with pid: 36
[2026-03-23 21:58:03 +0000] [35] [INFO] Started server process [35]
[2026-03-23 21:58:03 +0000] [35] [INFO] Waiting for application startup.
[2026-03-23 21:58:03 +0000] [35] [INFO] Application startup complete.
[2026-03-23 21:58:03 +0000] [36] [INFO] Started server process [36]
[2026-03-23 21:58:03 +0000] [36] [INFO] Waiting for application startup.
[2026-03-23 21:58:03 +0000] [36] [INFO] Application startup complete.
[2026-03-23 21:58:03 +0000] [39] [INFO] Booting worker with pid: 39
[2026-03-23 21:58:03 +0000] [39] [INFO] Started server process [39]
[2026-03-23 21:58:03 +0000] [39] [INFO] Waiting for application startup.
[2026-03-23 21:58:03 +0000] [39] [INFO] Application startup complete.
[2026-03-23 21:58:03 +0000] [41] [INFO] Booting worker with pid: 41
[2026-03-23 21:58:03 +0000] [43] [INFO] Booting worker with pid: 43
[2026-03-23 21:58:03 +0000] [41] [INFO] Started server process [41]
[2026-03-23 21:58:03 +0000] [41] [INFO] Waiting for application startup.
[2026-03-23 21:58:03 +0000] [41] [INFO] Application startup complete.
[2026-03-23 21:58:03 +0000] [44] [INFO] Booting worker with pid: 44
[2026-03-23 21:58:03 +0000] [45] [INFO] Booting worker with pid: 45
[2026-03-23 21:58:03 +0000] [43] [INFO] Started server process [43]
[2026-03-23 21:58:03 +0000] [43] [INFO] Waiting for application startup.
[2026-03-23 21:58:03 +0000] [43] [INFO] Application startup complete.
[2026-03-23 21:58:03 +0000] [44] [INFO] Started server process [44]
[2026-03-23 21:58:03 +0000] [44] [INFO] Waiting for application startup.
[2026-03-23 21:58:03 +0000] [44] [INFO] Application startup complete.
[2026-03-23 21:58:03 +0000] [45] [INFO] Started server process [45]
[2026-03-23 21:58:03 +0000] [45] [INFO] Waiting for application startup.
[2026-03-23 21:58:03 +0000] [45] [INFO] Application startup complete.
[2026-03-23 21:58:03 +0000] [49] [INFO] Booting worker with pid: 49
[2026-03-23 21:58:03 +0000] [49] [INFO] Started server process [49]
[2026-03-23 21:58:03 +0000] [49] [INFO] Waiting for application startup.
[2026-03-23 21:58:03 +0000] [49] [INFO] Application startup complete.
[2026-03-23 21:58:03 +0000] [51] [INFO] Booting worker with pid: 51
[2026-03-23 21:58:03 +0000] [51] [INFO] Started server process [51]
[2026-03-23 21:58:03 +0000] [51] [INFO] Waiting for application startup.
[2026-03-23 21:58:03 +0000] [51] [INFO] Application startup complete.
[2026-03-23 21:58:03 +0000] [53] [INFO] Booting worker with pid: 53
[2026-03-23 21:58:03 +0000] [55] [INFO] Booting worker with pid: 55
[2026-03-23 21:58:04 +0000] [53] [INFO] Started server process [53]
[2026-03-23 21:58:04 +0000] [53] [INFO] Waiting for application startup.
[2026-03-23 21:58:04 +0000] [53] [INFO] Application startup complete.
[2026-03-23 21:58:04 +0000] [55] [INFO] Started server process [55]
[2026-03-23 21:58:04 +0000] [55] [INFO] Waiting for application startup.
[2026-03-23 21:58:04 +0000] [55] [INFO] Application startup complete.
[2026-03-23 21:58:04 +0000] [57] [INFO] Booting worker with pid: 57
[2026-03-23 21:58:04 +0000] [57] [INFO] Started server process [57]
[2026-03-23 21:58:04 +0000] [57] [INFO] Waiting for application startup.
[2026-03-23 21:58:04 +0000] [57] [INFO] Application startup complete.
[2026-03-23 21:58:04 +0000] [59] [INFO] Booting worker with pid: 59
[2026-03-23 21:58:04 +0000] [61] [INFO] Booting worker with pid: 61
[2026-03-23 21:58:04 +0000] [59] [INFO] Started server process [59]
[2026-03-23 21:58:04 +0000] [59] [INFO] Waiting for application startup.
[2026-03-23 21:58:04 +0000] [59] [INFO] Application startup complete.
[2026-03-23 21:58:04 +0000] [62] [INFO] Booting worker with pid: 62
[2026-03-23 21:58:04 +0000] [65] [INFO] Booting worker with pid: 65
[2026-03-23 21:58:04 +0000] [61] [INFO] Started server process [61]
[2026-03-23 21:58:04 +0000] [61] [INFO] Waiting for application startup.
[2026-03-23 21:58:04 +0000] [61] [INFO] Application startup complete.
[2026-03-23 21:58:04 +0000] [66] [INFO] Booting worker with pid: 66
[2026-03-23 21:58:04 +0000] [62] [INFO] Started server process [62]
[2026-03-23 21:58:04 +0000] [62] [INFO] Waiting for application startup.
[2026-03-23 21:58:04 +0000] [62] [INFO] Application startup complete.
[2026-03-23 21:58:04 +0000] [65] [INFO] Started server process [65]
[2026-03-23 21:58:04 +0000] [65] [INFO] Waiting for application startup.
[2026-03-23 21:58:04 +0000] [65] [INFO] Application startup complete.
[2026-03-23 21:58:04 +0000] [66] [INFO] Started server process [66]
[2026-03-23 21:58:04 +0000] [66] [INFO] Waiting for application startup.
[2026-03-23 21:58:04 +0000] [66] [INFO] Application startup complete.
[2026-03-23 21:58:04 +0000] [69] [INFO] Booting worker with pid: 69
[2026-03-23 21:58:04 +0000] [70] [INFO] Booting worker with pid: 70
[2026-03-23 21:58:04 +0000] [69] [INFO] Started server process [69]
[2026-03-23 21:58:04 +0000] [69] [INFO] Waiting for application startup.
[2026-03-23 21:58:04 +0000] [69] [INFO] Application startup complete.
[2026-03-23 21:58:04 +0000] [70] [INFO] Started server process [70]
[2026-03-23 21:58:04 +0000] [70] [INFO] Waiting for application startup.
[2026-03-23 21:58:04 +0000] [70] [INFO] Application startup complete.
[2026-03-23 21:58:04 +0000] [73] [INFO] Booting worker with pid: 73
[2026-03-23 21:58:04 +0000] [74] [INFO] Booting worker with pid: 74
[2026-03-23 21:58:04 +0000] [73] [INFO] Started server process [73]
[2026-03-23 21:58:04 +0000] [73] [INFO] Waiting for application startup.
[2026-03-23 21:58:04 +0000] [73] [INFO] Application startup complete.
[2026-03-23 21:58:04 +0000] [76] [INFO] Booting worker with pid: 76
[2026-03-23 21:58:04 +0000] [77] [INFO] Booting worker with pid: 77
[2026-03-23 21:58:04 +0000] [78] [INFO] Booting worker with pid: 78
[2026-03-23 21:58:04 +0000] [74] [INFO] Started server process [74]
[2026-03-23 21:58:04 +0000] [74] [INFO] Waiting for application startup.
[2026-03-23 21:58:04 +0000] [74] [INFO] Application startup complete.
[2026-03-23 21:58:04 +0000] [83] [INFO] Booting worker with pid: 83
[2026-03-23 21:58:04 +0000] [78] [INFO] Started server process [78]
[2026-03-23 21:58:04 +0000] [78] [INFO] Waiting for application startup.
[2026-03-23 21:58:04 +0000] [78] [INFO] Application startup complete.
[2026-03-23 21:58:04 +0000] [76] [INFO] Started server process [76]
[2026-03-23 21:58:04 +0000] [76] [INFO] Waiting for application startup.
[2026-03-23 21:58:04 +0000] [76] [INFO] Application startup complete.
[2026-03-23 21:58:04 +0000] [77] [INFO] Started server process [77]
[2026-03-23 21:58:04 +0000] [77] [INFO] Waiting for application startup.
[2026-03-23 21:58:04 +0000] [77] [INFO] Application startup complete.
[2026-03-23 21:58:04 +0000] [84] [INFO] Booting worker with pid: 84
[2026-03-23 21:58:04 +0000] [86] [INFO] Booting worker with pid: 86
[2026-03-23 21:58:04 +0000] [83] [INFO] Started server process [83]
[2026-03-23 21:58:04 +0000] [83] [INFO] Waiting for application startup.
[2026-03-23 21:58:04 +0000] [83] [INFO] Application startup complete.
[2026-03-23 21:58:04 +0000] [88] [INFO] Booting worker with pid: 88
[2026-03-23 21:58:04 +0000] [84] [INFO] Started server process [84]
[2026-03-23 21:58:04 +0000] [84] [INFO] Waiting for application startup.
[2026-03-23 21:58:04 +0000] [84] [INFO] Application startup complete.
[2026-03-23 21:58:04 +0000] [86] [INFO] Started server process [86]
[2026-03-23 21:58:04 +0000] [86] [INFO] Waiting for application startup.
[2026-03-23 21:58:04 +0000] [86] [INFO] Application startup complete.
[2026-03-23 21:58:04 +0000] [90] [INFO] Booting worker with pid: 90
[2026-03-23 21:58:04 +0000] [91] [INFO] Booting worker with pid: 91
[2026-03-23 21:58:04 +0000] [88] [INFO] Started server process [88]
[2026-03-23 21:58:04 +0000] [88] [INFO] Waiting for application startup.
[2026-03-23 21:58:04 +0000] [88] [INFO] Application startup complete.
[2026-03-23 21:58:04 +0000] [90] [INFO] Started server process [90]
[2026-03-23 21:58:04 +0000] [90] [INFO] Waiting for application startup.
[2026-03-23 21:58:04 +0000] [90] [INFO] Application startup complete.
[2026-03-23 21:58:04 +0000] [91] [INFO] Started server process [91]
[2026-03-23 21:58:04 +0000] [91] [INFO] Waiting for application startup.
[2026-03-23 21:58:04 +0000] [91] [INFO] Application startup complete.
[2026-03-23 21:58:04 +0000] [95] [INFO] Booting worker with pid: 95
[2026-03-23 21:58:05 +0000] [95] [INFO] Started server process [95]
[2026-03-23 21:58:05 +0000] [95] [INFO] Waiting for application startup.
[2026-03-23 21:58:05 +0000] [95] [INFO] Application startup complete.
[2026-03-23 21:58:05 +0000] [97] [INFO] Booting worker with pid: 97
[2026-03-23 21:58:05 +0000] [98] [INFO] Booting worker with pid: 98
[2026-03-23 21:58:05 +0000] [99] [INFO] Booting worker with pid: 99
[2026-03-23 21:58:05 +0000] [97] [INFO] Started server process [97]
[2026-03-23 21:58:05 +0000] [97] [INFO] Waiting for application startup.
[2026-03-23 21:58:05 +0000] [97] [INFO] Application startup complete.
[2026-03-23 21:58:05 +0000] [98] [INFO] Started server process [98]
[2026-03-23 21:58:05 +0000] [98] [INFO] Waiting for application startup.
[2026-03-23 21:58:05 +0000] [98] [INFO] Application startup complete.
[2026-03-23 21:58:05 +0000] [99] [INFO] Started server process [99]
[2026-03-23 21:58:05 +0000] [99] [INFO] Waiting for application startup.
[2026-03-23 21:58:05 +0000] [99] [INFO] Application startup complete.
[2026-03-23 21:58:05 +0000] [103] [INFO] Booting worker with pid: 103
[2026-03-23 21:58:05 +0000] [104] [INFO] Booting worker with pid: 104
[2026-03-23 21:58:05 +0000] [105] [INFO] Booting worker with pid: 105
[2026-03-23 21:58:05 +0000] [106] [INFO] Booting worker with pid: 106
[2026-03-23 21:58:05 +0000] [103] [INFO] Started server process [103]
[2026-03-23 21:58:05 +0000] [103] [INFO] Waiting for application startup.
[2026-03-23 21:58:05 +0000] [103] [INFO] Application startup complete.
[2026-03-23 21:58:05 +0000] [104] [INFO] Started server process [104]
[2026-03-23 21:58:05 +0000] [104] [INFO] Waiting for application startup.
[2026-03-23 21:58:05 +0000] [104] [INFO] Application startup complete.
[2026-03-23 21:58:05 +0000] [105] [INFO] Started server process [105]
[2026-03-23 21:58:05 +0000] [105] [INFO] Waiting for application startup.
[2026-03-23 21:58:05 +0000] [105] [INFO] Application startup complete.
[2026-03-23 21:58:05 +0000] [106] [INFO] Started server process [106]
[2026-03-23 21:58:05 +0000] [106] [INFO] Waiting for application startup.
[2026-03-23 21:58:05 +0000] [111] [INFO] Booting worker with pid: 111
[2026-03-23 21:58:05 +0000] [106] [INFO] Application startup complete.
[2026-03-23 21:58:05 +0000] [112] [INFO] Booting worker with pid: 112
[2026-03-23 21:58:05 +0000] [113] [INFO] Booting worker with pid: 113
[2026-03-23 21:58:05 +0000] [111] [INFO] Started server process [111]
[2026-03-23 21:58:05 +0000] [111] [INFO] Waiting for application startup.
[2026-03-23 21:58:05 +0000] [111] [INFO] Application startup complete.
[2026-03-23 21:58:05 +0000] [112] [INFO] Started server process [112]
[2026-03-23 21:58:05 +0000] [112] [INFO] Waiting for application startup.
[2026-03-23 21:58:05 +0000] [112] [INFO] Application startup complete.
[2026-03-23 21:58:05 +0000] [113] [INFO] Started server process [113]
[2026-03-23 21:58:05 +0000] [113] [INFO] Waiting for application startup.
[2026-03-23 21:58:05 +0000] [113] [INFO] Application startup complete.
[2026-03-23 21:58:05 +0000] [117] [INFO] Booting worker with pid: 117
[2026-03-23 21:58:05 +0000] [117] [INFO] Started server process [117]
[2026-03-23 21:58:05 +0000] [117] [INFO] Waiting for application startup.
[2026-03-23 21:58:05 +0000] [117] [INFO] Application startup complete.
[2026-03-23 21:58:05 +0000] [119] [INFO] Booting worker with pid: 119
[2026-03-23 21:58:05 +0000] [120] [INFO] Booting worker with pid: 120
[2026-03-23 21:58:05 +0000] [121] [INFO] Booting worker with pid: 121
[2026-03-23 21:58:05 +0000] [122] [INFO] Booting worker with pid: 122
[2026-03-23 21:58:05 +0000] [119] [INFO] Started server process [119]
[2026-03-23 21:58:05 +0000] [119] [INFO] Waiting for application startup.
[2026-03-23 21:58:05 +0000] [119] [INFO] Application startup complete.
[2026-03-23 21:58:05 +0000] [120] [INFO] Started server process [120]
[2026-03-23 21:58:05 +0000] [120] [INFO] Waiting for application startup.
[2026-03-23 21:58:05 +0000] [120] [INFO] Application startup complete.
[2026-03-23 21:58:05 +0000] [127] [INFO] Booting worker with pid: 127
[2026-03-23 21:58:05 +0000] [122] [INFO] Started server process [122]
[2026-03-23 21:58:05 +0000] [122] [INFO] Waiting for application startup.
[2026-03-23 21:58:05 +0000] [122] [INFO] Application startup complete.
[2026-03-23 21:58:05 +0000] [121] [INFO] Started server process [121]
[2026-03-23 21:58:05 +0000] [121] [INFO] Waiting for application startup.
[2026-03-23 21:58:05 +0000] [121] [INFO] Application startup complete.
[2026-03-23 21:58:05 +0000] [129] [INFO] Booting worker with pid: 129
[2026-03-23 21:58:05 +0000] [130] [INFO] Booting worker with pid: 130
[2026-03-23 21:58:05 +0000] [127] [INFO] Started server process [127]
[2026-03-23 21:58:05 +0000] [127] [INFO] Waiting for application startup.
[2026-03-23 21:58:05 +0000] [127] [INFO] Application startup complete.
[2026-03-23 21:58:05 +0000] [131] [INFO] Booting worker with pid: 131
[2026-03-23 21:58:05 +0000] [129] [INFO] Started server process [129]
[2026-03-23 21:58:05 +0000] [129] [INFO] Waiting for application startup.
[2026-03-23 21:58:05 +0000] [129] [INFO] Application startup complete.
[2026-03-23 21:58:05 +0000] [130] [INFO] Started server process [130]
[2026-03-23 21:58:05 +0000] [130] [INFO] Waiting for application startup.
[2026-03-23 21:58:05 +0000] [130] [INFO] Application startup complete.
[2026-03-23 21:58:05 +0000] [131] [INFO] Started server process [131]
[2026-03-23 21:58:05 +0000] [131] [INFO] Waiting for application startup.
[2026-03-23 21:58:05 +0000] [131] [INFO] Application startup complete.
[2026-03-23 21:58:05 +0000] [135] [INFO] Booting worker with pid: 135
[2026-03-23 21:58:05 +0000] [136] [INFO] Booting worker with pid: 136
[2026-03-23 21:58:05 +0000] [135] [INFO] Started server process [135]
[2026-03-23 21:58:05 +0000] [135] [INFO] Waiting for application startup.
[2026-03-23 21:58:05 +0000] [135] [INFO] Application startup complete.
[2026-03-23 21:58:05 +0000] [139] [INFO] Booting worker with pid: 139
[2026-03-23 21:58:05 +0000] [136] [INFO] Started server process [136]
[2026-03-23 21:58:05 +0000] [136] [INFO] Waiting for application startup.
[2026-03-23 21:58:05 +0000] [136] [INFO] Application startup complete.
[2026-03-23 21:58:05 +0000] [141] [INFO] Booting worker with pid: 141
[2026-03-23 21:58:05 +0000] [139] [INFO] Started server process [139]
[2026-03-23 21:58:05 +0000] [139] [INFO] Waiting for application startup.
[2026-03-23 21:58:05 +0000] [139] [INFO] Application startup complete.
[2026-03-23 21:58:06 +0000] [142] [INFO] Booting worker with pid: 142
[2026-03-23 21:58:06 +0000] [144] [INFO] Booting worker with pid: 144
[2026-03-23 21:58:06 +0000] [141] [INFO] Started server process [141]
[2026-03-23 21:58:06 +0000] [141] [INFO] Waiting for application startup.
[2026-03-23 21:58:06 +0000] [141] [INFO] Application startup complete.
[2026-03-23 21:58:06 +0000] [145] [INFO] Booting worker with pid: 145
[2026-03-23 21:58:06 +0000] [142] [INFO] Started server process [142]
[2026-03-23 21:58:06 +0000] [142] [INFO] Waiting for application startup.
[2026-03-23 21:58:06 +0000] [142] [INFO] Application startup complete.
[2026-03-23 21:58:06 +0000] [147] [INFO] Booting worker with pid: 147
[2026-03-23 21:58:06 +0000] [144] [INFO] Started server process [144]
[2026-03-23 21:58:06 +0000] [144] [INFO] Waiting for application startup.
[2026-03-23 21:58:06 +0000] [144] [INFO] Application startup complete.
[2026-03-23 21:58:06 +0000] [145] [INFO] Started server process [145]
[2026-03-23 21:58:06 +0000] [145] [INFO] Waiting for application startup.
[2026-03-23 21:58:06 +0000] [145] [INFO] Application startup complete.
[2026-03-23 21:58:06 +0000] [147] [INFO] Started server process [147]
[2026-03-23 21:58:06 +0000] [147] [INFO] Waiting for application startup.
[2026-03-23 21:58:06 +0000] [147] [INFO] Application startup complete.
[2026-03-23 21:58:06 +0000] [151] [INFO] Booting worker with pid: 151
[2026-03-23 21:58:06 +0000] [151] [INFO] Started server process [151]
[2026-03-23 21:58:06 +0000] [151] [INFO] Waiting for application startup.
[2026-03-23 21:58:06 +0000] [151] [INFO] Application startup complete.
[2026-03-23 21:58:06 +0000] [153] [INFO] Booting worker with pid: 153
[2026-03-23 21:58:06 +0000] [153] [INFO] Started server process [153]
[2026-03-23 21:58:06 +0000] [153] [INFO] Waiting for application startup.
[2026-03-23 21:58:06 +0000] [153] [INFO] Application startup complete.
[2026-03-23 21:58:06 +0000] [155] [INFO] Booting worker with pid: 155
[2026-03-23 21:58:06 +0000] [155] [INFO] Started server process [155]
[2026-03-23 21:58:06 +0000] [155] [INFO] Waiting for application startup.
[2026-03-23 21:58:06 +0000] [155] [INFO] Application startup complete.
[2026-03-23 21:58:06 +0000] [157] [INFO] Booting worker with pid: 157
[2026-03-23 21:58:06 +0000] [157] [INFO] Started server process [157]
[2026-03-23 21:58:06 +0000] [157] [INFO] Waiting for application startup.
[2026-03-23 21:58:06 +0000] [157] [INFO] Application startup complete.
[2026-03-23 21:58:06 +0000] [159] [INFO] Booting worker with pid: 159
[2026-03-23 21:58:06 +0000] [161] [INFO] Booting worker with pid: 161
[2026-03-23 21:58:06 +0000] [159] [INFO] Started server process [159]
[2026-03-23 21:58:06 +0000] [159] [INFO] Waiting for application startup.
[2026-03-23 21:58:06 +0000] [159] [INFO] Application startup complete.
[2026-03-23 21:58:06 +0000] [161] [INFO] Started server process [161]
[2026-03-23 21:58:06 +0000] [161] [INFO] Waiting for application startup.
[2026-03-23 21:58:06 +0000] [161] [INFO] Application startup complete.
[2026-03-23 21:58:06 +0000] [163] [INFO] Booting worker with pid: 163
[2026-03-23 21:58:06 +0000] [164] [INFO] Booting worker with pid: 164
[2026-03-23 21:58:06 +0000] [165] [INFO] Booting worker with pid: 165
[2026-03-23 21:58:06 +0000] [166] [INFO] Booting worker with pid: 166
[2026-03-23 21:58:06 +0000] [163] [INFO] Started server process [163]
[2026-03-23 21:58:06 +0000] [163] [INFO] Waiting for application startup.
[2026-03-23 21:58:06 +0000] [163] [INFO] Application startup complete.
[2026-03-23 21:58:06 +0000] [164] [INFO] Started server process [164]
[2026-03-23 21:58:06 +0000] [164] [INFO] Waiting for application startup.
[2026-03-23 21:58:06 +0000] [164] [INFO] Application startup complete.
[2026-03-23 21:58:06 +0000] [165] [INFO] Started server process [165]
[2026-03-23 21:58:06 +0000] [165] [INFO] Waiting for application startup.
[2026-03-23 21:58:06 +0000] [165] [INFO] Application startup complete.
[2026-03-23 21:58:06 +0000] [166] [INFO] Started server process [166]
[2026-03-23 21:58:06 +0000] [166] [INFO] Waiting for application startup.
[2026-03-23 21:58:06 +0000] [166] [INFO] Application startup complete.
[2026-03-23 21:58:06 +0000] [171] [INFO] Booting worker with pid: 171
[2026-03-23 21:58:06 +0000] [172] [INFO] Booting worker with pid: 172
[2026-03-23 21:58:06 +0000] [174] [INFO] Booting worker with pid: 174
[2026-03-23 21:58:06 +0000] [171] [INFO] Started server process [171]
[2026-03-23 21:58:06 +0000] [171] [INFO] Waiting for application startup.
[2026-03-23 21:58:06 +0000] [171] [INFO] Application startup complete.
[2026-03-23 21:58:07 +0000] [176] [INFO] Booting worker with pid: 176
[2026-03-23 21:58:07 +0000] [172] [INFO] Started server process [172]
[2026-03-23 21:58:07 +0000] [172] [INFO] Waiting for application startup.
[2026-03-23 21:58:07 +0000] [172] [INFO] Application startup complete.
[2026-03-23 21:58:07 +0000] [178] [INFO] Booting worker with pid: 178
[2026-03-23 21:58:07 +0000] [174] [INFO] Started server process [174]
[2026-03-23 21:58:07 +0000] [174] [INFO] Waiting for application startup.
[2026-03-23 21:58:07 +0000] [174] [INFO] Application startup complete.
[2026-03-23 21:58:07 +0000] [179] [INFO] Booting worker with pid: 179
[2026-03-23 21:58:07 +0000] [176] [INFO] Started server process [176]
[2026-03-23 21:58:07 +0000] [176] [INFO] Waiting for application startup.
[2026-03-23 21:58:07 +0000] [176] [INFO] Application startup complete.
[2026-03-23 21:58:07 +0000] [178] [INFO] Started server process [178]
[2026-03-23 21:58:07 +0000] [178] [INFO] Waiting for application startup.
[2026-03-23 21:58:07 +0000] [178] [INFO] Application startup complete.
[2026-03-23 21:58:07 +0000] [183] [INFO] Booting worker with pid: 183
[2026-03-23 21:58:07 +0000] [179] [INFO] Started server process [179]
[2026-03-23 21:58:07 +0000] [179] [INFO] Waiting for application startup.
[2026-03-23 21:58:07 +0000] [179] [INFO] Application startup complete.
[2026-03-23 21:58:07 +0000] [185] [INFO] Booting worker with pid: 185
[2026-03-23 21:58:07 +0000] [186] [INFO] Booting worker with pid: 186
[2026-03-23 21:58:07 +0000] [183] [INFO] Started server process [183]
[2026-03-23 21:58:07 +0000] [183] [INFO] Waiting for application startup.
[2026-03-23 21:58:07 +0000] [183] [INFO] Application startup complete.
[2026-03-23 21:58:07 +0000] [187] [INFO] Booting worker with pid: 187
[2026-03-23 21:58:07 +0000] [185] [INFO] Started server process [185]
[2026-03-23 21:58:07 +0000] [185] [INFO] Waiting for application startup.
[2026-03-23 21:58:07 +0000] [185] [INFO] Application startup complete.
[2026-03-23 21:58:07 +0000] [186] [INFO] Started server process [186]
[2026-03-23 21:58:07 +0000] [186] [INFO] Waiting for application startup.
[2026-03-23 21:58:07 +0000] [186] [INFO] Application startup complete.
[2026-03-23 21:58:07 +0000] [190] [INFO] Booting worker with pid: 190
[2026-03-23 21:58:07 +0000] [187] [INFO] Started server process [187]
[2026-03-23 21:58:07 +0000] [187] [INFO] Waiting for application startup.
[2026-03-23 21:58:07 +0000] [187] [INFO] Application startup complete.
[2026-03-23 21:58:07 +0000] [192] [INFO] Booting worker with pid: 192
[2026-03-23 21:58:07 +0000] [193] [INFO] Booting worker with pid: 193
[2026-03-23 21:58:07 +0000] [190] [INFO] Started server process [190]
[2026-03-23 21:58:07 +0000] [190] [INFO] Waiting for application startup.
[2026-03-23 21:58:07 +0000] [190] [INFO] Application startup complete.
[2026-03-23 21:58:07 +0000] [192] [INFO] Started server process [192]
[2026-03-23 21:58:07 +0000] [192] [INFO] Waiting for application startup.
[2026-03-23 21:58:07 +0000] [192] [INFO] Application startup complete.
[2026-03-23 21:58:07 +0000] [193] [INFO] Started server process [193]
[2026-03-23 21:58:07 +0000] [193] [INFO] Waiting for application startup.
[2026-03-23 21:58:07 +0000] [193] [INFO] Application startup complete.
[2026-03-23 21:58:07 +0000] [197] [INFO] Booting worker with pid: 197
[2026-03-23 21:58:07 +0000] [197] [INFO] Started server process [197]
[2026-03-23 21:58:07 +0000] [197] [INFO] Waiting for application startup.
[2026-03-23 21:58:07 +0000] [197] [INFO] Application startup complete.
[2026-03-23 21:58:07 +0000] [199] [INFO] Booting worker with pid: 199
[2026-03-23 21:58:07 +0000] [199] [INFO] Started server process [199]
[2026-03-23 21:58:07 +0000] [199] [INFO] Waiting for application startup.
[2026-03-23 21:58:07 +0000] [199] [INFO] Application startup complete.
[2026-03-23 21:58:07 +0000] [201] [INFO] Booting worker with pid: 201
[2026-03-23 21:58:07 +0000] [202] [INFO] Booting worker with pid: 202
[2026-03-23 21:58:07 +0000] [203] [INFO] Booting worker with pid: 203
[2026-03-23 21:58:07 +0000] [201] [INFO] Started server process [201]
[2026-03-23 21:58:07 +0000] [201] [INFO] Waiting for application startup.
[2026-03-23 21:58:07 +0000] [201] [INFO] Application startup complete.
[2026-03-23 21:58:07 +0000] [202] [INFO] Started server process [202]
[2026-03-23 21:58:07 +0000] [202] [INFO] Waiting for application startup.
[2026-03-23 21:58:07 +0000] [202] [INFO] Application startup complete.
[2026-03-23 21:58:07 +0000] [203] [INFO] Started server process [203]
[2026-03-23 21:58:07 +0000] [203] [INFO] Waiting for application startup.
[2026-03-23 21:58:07 +0000] [203] [INFO] Application startup complete.
[2026-03-23 21:58:07 +0000] [207] [INFO] Booting worker with pid: 207
[2026-03-23 21:58:07 +0000] [207] [INFO] Started server process [207]
[2026-03-23 21:58:07 +0000] [207] [INFO] Waiting for application startup.
[2026-03-23 21:58:07 +0000] [207] [INFO] Application startup complete.
[2026-03-23 21:58:07 +0000] [209] [INFO] Booting worker with pid: 209
[2026-03-23 21:58:07 +0000] [210] [INFO] Booting worker with pid: 210
[2026-03-23 21:58:07 +0000] [209] [INFO] Started server process [209]
[2026-03-23 21:58:07 +0000] [209] [INFO] Waiting for application startup.
[2026-03-23 21:58:07 +0000] [209] [INFO] Application startup complete.
[2026-03-23 21:58:07 +0000] [210] [INFO] Started server process [210]
[2026-03-23 21:58:07 +0000] [210] [INFO] Waiting for application startup.
[2026-03-23 21:58:07 +0000] [210] [INFO] Application startup complete.
[2026-03-23 21:58:07 +0000] [213] [INFO] Booting worker with pid: 213
[2026-03-23 21:58:08 +0000] [215] [INFO] Booting worker with pid: 215
[2026-03-23 21:58:08 +0000] [213] [INFO] Started server process [213]
[2026-03-23 21:58:08 +0000] [213] [INFO] Waiting for application startup.
[2026-03-23 21:58:08 +0000] [213] [INFO] Application startup complete.
[2026-03-23 21:58:08 +0000] [215] [INFO] Started server process [215]
[2026-03-23 21:58:08 +0000] [215] [INFO] Waiting for application startup.
[2026-03-23 21:58:08 +0000] [215] [INFO] Application startup complete.
[2026-03-23 21:58:08 +0000] [217] [INFO] Booting worker with pid: 217
[2026-03-23 21:58:08 +0000] [218] [INFO] Booting worker with pid: 218
[2026-03-23 21:58:08 +0000] [219] [INFO] Booting worker with pid: 219
[2026-03-23 21:58:08 +0000] [217] [INFO] Started server process [217]
[2026-03-23 21:58:08 +0000] [217] [INFO] Waiting for application startup.
[2026-03-23 21:58:08 +0000] [217] [INFO] Application startup complete.
[2026-03-23 21:58:08 +0000] [218] [INFO] Started server process [218]
[2026-03-23 21:58:08 +0000] [218] [INFO] Waiting for application startup.
[2026-03-23 21:58:08 +0000] [218] [INFO] Application startup complete.
[2026-03-23 21:58:08 +0000] [223] [INFO] Booting worker with pid: 223
[2026-03-23 21:58:08 +0000] [219] [INFO] Started server process [219]
[2026-03-23 21:58:08 +0000] [219] [INFO] Waiting for application startup.
[2026-03-23 21:58:08 +0000] [219] [INFO] Application startup complete.
[2026-03-23 21:58:08 +0000] [224] [INFO] Booting worker with pid: 224
[2026-03-23 21:58:08 +0000] [223] [INFO] Started server process [223]
[2026-03-23 21:58:08 +0000] [223] [INFO] Waiting for application startup.
[2026-03-23 21:58:08 +0000] [223] [INFO] Application startup complete.
[2026-03-23 21:58:08 +0000] [224] [INFO] Started server process [224]
[2026-03-23 21:58:08 +0000] [224] [INFO] Waiting for application startup.
[2026-03-23 21:58:08 +0000] [224] [INFO] Application startup complete.
[2026-03-23 21:58:08 +0000] [227] [INFO] Booting worker with pid: 227
[2026-03-23 21:58:08 +0000] [228] [INFO] Booting worker with pid: 228
[2026-03-23 21:58:08 +0000] [229] [INFO] Booting worker with pid: 229
[2026-03-23 21:58:08 +0000] [227] [INFO] Started server process [227]
[2026-03-23 21:58:08 +0000] [227] [INFO] Waiting for application startup.
[2026-03-23 21:58:08 +0000] [227] [INFO] Application startup complete.
[2026-03-23 21:58:08 +0000] [228] [INFO] Started server process [228]
[2026-03-23 21:58:08 +0000] [228] [INFO] Waiting for application startup.
[2026-03-23 21:58:08 +0000] [228] [INFO] Application startup complete.
[2026-03-23 21:58:08 +0000] [232] [INFO] Booting worker with pid: 232
[2026-03-23 21:58:08 +0000] [229] [INFO] Started server process [229]
[2026-03-23 21:58:08 +0000] [229] [INFO] Waiting for application startup.
[2026-03-23 21:58:08 +0000] [229] [INFO] Application startup complete.
[2026-03-23 21:58:08 +0000] [232] [INFO] Started server process [232]
[2026-03-23 21:58:08 +0000] [232] [INFO] Waiting for application startup.
[2026-03-23 21:58:08 +0000] [232] [INFO] Application startup complete.
[2026-03-23 21:58:08 +0000] [235] [INFO] Booting worker with pid: 235
[2026-03-23 21:58:08 +0000] [236] [INFO] Booting worker with pid: 236
[2026-03-23 21:58:08 +0000] [238] [INFO] Booting worker with pid: 238
[2026-03-23 21:58:08 +0000] [235] [INFO] Started server process [235]
[2026-03-23 21:58:08 +0000] [235] [INFO] Waiting for application startup.
[2026-03-23 21:58:08 +0000] [235] [INFO] Application startup complete.
[2026-03-23 21:58:08 +0000] [236] [INFO] Started server process [236]
[2026-03-23 21:58:08 +0000] [236] [INFO] Waiting for application startup.
[2026-03-23 21:58:08 +0000] [236] [INFO] Application startup complete.
[2026-03-23 21:58:08 +0000] [238] [INFO] Started server process [238]
[2026-03-23 21:58:08 +0000] [238] [INFO] Waiting for application startup.
[2026-03-23 21:58:08 +0000] [238] [INFO] Application startup complete.
[2026-03-23 21:58:08 +0000] [241] [INFO] Booting worker with pid: 241
[2026-03-23 21:58:08 +0000] [241] [INFO] Started server process [241]
[2026-03-23 21:58:08 +0000] [241] [INFO] Waiting for application startup.
[2026-03-23 21:58:08 +0000] [241] [INFO] Application startup complete.
[2026-03-23 21:58:08 +0000] [243] [INFO] Booting worker with pid: 243
[2026-03-23 21:58:08 +0000] [243] [INFO] Started server process [243]
[2026-03-23 21:58:08 +0000] [243] [INFO] Waiting for application startup.
[2026-03-23 21:58:08 +0000] [243] [INFO] Application startup complete.
[2026-03-23 21:58:08 +0000] [245] [INFO] Booting worker with pid: 245
[2026-03-23 21:58:08 +0000] [246] [INFO] Booting worker with pid: 246
[2026-03-23 21:58:09 +0000] [247] [INFO] Booting worker with pid: 247
[2026-03-23 21:58:09 +0000] [245] [INFO] Started server process [245]
[2026-03-23 21:58:09 +0000] [245] [INFO] Waiting for application startup.
[2026-03-23 21:58:09 +0000] [245] [INFO] Application startup complete.
[2026-03-23 21:58:09 +0000] [246] [INFO] Started server process [246]
[2026-03-23 21:58:09 +0000] [246] [INFO] Waiting for application startup.
[2026-03-23 21:58:09 +0000] [246] [INFO] Application startup complete.
[2026-03-23 21:58:09 +0000] [250] [INFO] Booting worker with pid: 250
[2026-03-23 21:58:09 +0000] [247] [INFO] Started server process [247]
[2026-03-23 21:58:09 +0000] [247] [INFO] Waiting for application startup.
[2026-03-23 21:58:09 +0000] [247] [INFO] Application startup complete.
[2026-03-23 21:58:09 +0000] [250] [INFO] Started server process [250]
[2026-03-23 21:58:09 +0000] [250] [INFO] Waiting for application startup.
[2026-03-23 21:58:09 +0000] [250] [INFO] Application startup complete.
[2026-03-23 21:58:09 +0000] [253] [INFO] Booting worker with pid: 253
[2026-03-23 21:58:09 +0000] [254] [INFO] Booting worker with pid: 254
[2026-03-23 21:58:09 +0000] [253] [INFO] Started server process [253]
[2026-03-23 21:58:09 +0000] [253] [INFO] Waiting for application startup.
[2026-03-23 21:58:09 +0000] [253] [INFO] Application startup complete.
[2026-03-23 21:58:09 +0000] [254] [INFO] Started server process [254]
[2026-03-23 21:58:09 +0000] [254] [INFO] Waiting for application startup.
[2026-03-23 21:58:09 +0000] [254] [INFO] Application startup complete.
[2026-03-23 21:58:09 +0000] [257] [INFO] Booting worker with pid: 257
[2026-03-23 21:58:09 +0000] [258] [INFO] Booting worker with pid: 258
[2026-03-23 21:58:09 +0000] [257] [INFO] Started server process [257]
[2026-03-23 21:58:09 +0000] [257] [INFO] Waiting for application startup.
[2026-03-23 21:58:09 +0000] [257] [INFO] Application startup complete.
[2026-03-23 21:58:09 +0000] [258] [INFO] Started server process [258]
[2026-03-23 21:58:09 +0000] [258] [INFO] Waiting for application startup.
[2026-03-23 21:58:09 +0000] [258] [INFO] Application startup complete.
[2026-03-23 21:58:09 +0000] [261] [INFO] Booting worker with pid: 261
[2026-03-23 21:58:09 +0000] [262] [INFO] Booting worker with pid: 262
[2026-03-23 21:58:09 +0000] [261] [INFO] Started server process [261]
[2026-03-23 21:58:09 +0000] [261] [INFO] Waiting for application startup.
[2026-03-23 21:58:09 +0000] [261] [INFO] Application startup complete.
[2026-03-23 21:58:09 +0000] [264] [INFO] Booting worker with pid: 264
[2026-03-23 21:58:09 +0000] [262] [INFO] Started server process [262]
[2026-03-23 21:58:09 +0000] [262] [INFO] Waiting for application startup.
[2026-03-23 21:58:09 +0000] [262] [INFO] Application startup complete.
[2026-03-23 21:58:09 +0000] [267] [INFO] Booting worker with pid: 267
[2026-03-23 21:58:09 +0000] [264] [INFO] Started server process [264]
[2026-03-23 21:58:09 +0000] [264] [INFO] Waiting for application startup.
[2026-03-23 21:58:09 +0000] [264] [INFO] Application startup complete.
[2026-03-23 21:58:09 +0000] [268] [INFO] Booting worker with pid: 268
[2026-03-23 21:58:09 +0000] [269] [INFO] Booting worker with pid: 269
[2026-03-23 21:58:09 +0000] [267] [INFO] Started server process [267]
[2026-03-23 21:58:09 +0000] [267] [INFO] Waiting for application startup.
[2026-03-23 21:58:09 +0000] [267] [INFO] Application startup complete.
[2026-03-23 21:58:09 +0000] [268] [INFO] Started server process [268]
[2026-03-23 21:58:09 +0000] [268] [INFO] Waiting for application startup.
[2026-03-23 21:58:09 +0000] [268] [INFO] Application startup complete.
[2026-03-23 21:58:09 +0000] [269] [INFO] Started server process [269]
[2026-03-23 21:58:09 +0000] [269] [INFO] Waiting for application startup.
[2026-03-23 21:58:09 +0000] [269] [INFO] Application startup complete.
[2026-03-23 21:58:09 +0000] [273] [INFO] Booting worker with pid: 273
[2026-03-23 21:58:09 +0000] [273] [INFO] Started server process [273]
[2026-03-23 21:58:09 +0000] [273] [INFO] Waiting for application startup.
[2026-03-23 21:58:09 +0000] [273] [INFO] Application startup complete.
[2026-03-23 21:58:09 +0000] [275] [INFO] Booting worker with pid: 275
[2026-03-23 21:58:09 +0000] [276] [INFO] Booting worker with pid: 276
[2026-03-23 21:58:09 +0000] [277] [INFO] Booting worker with pid: 277
[2026-03-23 21:58:09 +0000] [275] [INFO] Started server process [275]
[2026-03-23 21:58:09 +0000] [275] [INFO] Waiting for application startup.
[2026-03-23 21:58:09 +0000] [275] [INFO] Application startup complete.
[2026-03-23 21:58:09 +0000] [276] [INFO] Started server process [276]
[2026-03-23 21:58:09 +0000] [276] [INFO] Waiting for application startup.
[2026-03-23 21:58:09 +0000] [276] [INFO] Application startup complete.
[2026-03-23 21:58:09 +0000] [281] [INFO] Booting worker with pid: 281
[2026-03-23 21:58:09 +0000] [277] [INFO] Started server process [277]
[2026-03-23 21:58:09 +0000] [277] [INFO] Waiting for application startup.
[2026-03-23 21:58:09 +0000] [277] [INFO] Application startup complete.
[2026-03-23 21:58:09 +0000] [282] [INFO] Booting worker with pid: 282
[2026-03-23 21:58:09 +0000] [281] [INFO] Started server process [281]
[2026-03-23 21:58:09 +0000] [281] [INFO] Waiting for application startup.
[2026-03-23 21:58:09 +0000] [281] [INFO] Application startup complete.
[2026-03-23 21:58:09 +0000] [285] [INFO] Booting worker with pid: 285
[2026-03-23 21:58:09 +0000] [282] [INFO] Started server process [282]
[2026-03-23 21:58:09 +0000] [282] [INFO] Waiting for application startup.
[2026-03-23 21:58:09 +0000] [282] [INFO] Application startup complete.
[2026-03-23 21:58:09 +0000] [285] [INFO] Started server process [285]
[2026-03-23 21:58:09 +0000] [285] [INFO] Waiting for application startup.
[2026-03-23 21:58:09 +0000] [285] [INFO] Application startup complete.
[2026-03-23 21:58:09 +0000] [287] [INFO] Booting worker with pid: 287
[2026-03-23 21:58:10 +0000] [287] [INFO] Started server process [287]
[2026-03-23 21:58:10 +0000] [287] [INFO] Waiting for application startup.
[2026-03-23 21:58:10 +0000] [287] [INFO] Application startup complete.
[2026-03-23 21:58:10 +0000] [289] [INFO] Booting worker with pid: 289
[2026-03-23 21:58:10 +0000] [289] [INFO] Started server process [289]
[2026-03-23 21:58:10 +0000] [289] [INFO] Waiting for application startup.
[2026-03-23 21:58:10 +0000] [289] [INFO] Application startup complete.
[2026-03-23 21:58:10 +0000] [291] [INFO] Booting worker with pid: 291
[2026-03-23 21:58:10 +0000] [292] [INFO] Booting worker with pid: 292
[2026-03-23 21:58:10 +0000] [291] [INFO] Started server process [291]
[2026-03-23 21:58:10 +0000] [291] [INFO] Waiting for application startup.
[2026-03-23 21:58:10 +0000] [291] [INFO] Application startup complete.
[2026-03-23 21:58:10 +0000] [292] [INFO] Started server process [292]
[2026-03-23 21:58:10 +0000] [292] [INFO] Waiting for application startup.
[2026-03-23 21:58:10 +0000] [292] [INFO] Application startup complete.
[2026-03-23 21:58:10 +0000] [295] [INFO] Booting worker with pid: 295
[2026-03-23 21:58:10 +0000] [296] [INFO] Booting worker with pid: 296
[2026-03-23 21:58:10 +0000] [295] [INFO] Started server process [295]
[2026-03-23 21:58:10 +0000] [295] [INFO] Waiting for application startup.
[2026-03-23 21:58:10 +0000] [295] [INFO] Application startup complete.
[2026-03-23 21:58:10 +0000] [296] [INFO] Started server process [296]
[2026-03-23 21:58:10 +0000] [296] [INFO] Waiting for application startup.
[2026-03-23 21:58:10 +0000] [296] [INFO] Application startup complete.
[2026-03-23 21:58:10 +0000] [299] [INFO] Booting worker with pid: 299
[2026-03-23 21:58:10 +0000] [299] [INFO] Started server process [299]
[2026-03-23 21:58:10 +0000] [299] [INFO] Waiting for application startup.
[2026-03-23 21:58:10 +0000] [299] [INFO] Application startup complete.
[2026-03-23 21:58:10 +0000] [301] [INFO] Booting worker with pid: 301
[2026-03-23 21:58:10 +0000] [302] [INFO] Booting worker with pid: 302
[2026-03-23 21:58:10 +0000] [303] [INFO] Booting worker with pid: 303
[2026-03-23 21:58:10 +0000] [305] [INFO] Booting worker with pid: 305
[2026-03-23 21:58:10 +0000] [301] [INFO] Started server process [301]
[2026-03-23 21:58:10 +0000] [301] [INFO] Waiting for application startup.
[2026-03-23 21:58:10 +0000] [301] [INFO] Application startup complete.
[2026-03-23 21:58:10 +0000] [302] [INFO] Started server process [302]
[2026-03-23 21:58:10 +0000] [302] [INFO] Waiting for application startup.
[2026-03-23 21:58:10 +0000] [302] [INFO] Application startup complete.
[2026-03-23 21:58:10 +0000] [307] [INFO] Booting worker with pid: 307
[2026-03-23 21:58:10 +0000] [303] [INFO] Started server process [303]
[2026-03-23 21:58:10 +0000] [303] [INFO] Waiting for application startup.
[2026-03-23 21:58:10 +0000] [303] [INFO] Application startup complete.
[2026-03-23 21:58:10 +0000] [305] [INFO] Started server process [305]
[2026-03-23 21:58:10 +0000] [305] [INFO] Waiting for application startup.
[2026-03-23 21:58:10 +0000] [305] [INFO] Application startup complete.
[2026-03-23 21:58:10 +0000] [307] [INFO] Started server process [307]
[2026-03-23 21:58:10 +0000] [307] [INFO] Waiting for application startup.
[2026-03-23 21:58:10 +0000] [307] [INFO] Application startup complete.
[2026-03-23 21:58:10 +0000] [311] [INFO] Booting worker with pid: 311
[2026-03-23 21:58:10 +0000] [312] [INFO] Booting worker with pid: 312
[2026-03-23 21:58:10 +0000] [311] [INFO] Started server process [311]
[2026-03-23 21:58:10 +0000] [311] [INFO] Waiting for application startup.
[2026-03-23 21:58:10 +0000] [311] [INFO] Application startup complete.
[2026-03-23 21:58:10 +0000] [312] [INFO] Started server process [312]
[2026-03-23 21:58:10 +0000] [312] [INFO] Waiting for application startup.
[2026-03-23 21:58:10 +0000] [312] [INFO] Application startup complete.
[2026-03-23 21:58:10 +0000] [315] [INFO] Booting worker with pid: 315
[2026-03-23 21:58:10 +0000] [317] [INFO] Booting worker with pid: 317
[2026-03-23 21:58:10 +0000] [315] [INFO] Started server process [315]
[2026-03-23 21:58:10 +0000] [315] [INFO] Waiting for application startup.
[2026-03-23 21:58:10 +0000] [315] [INFO] Application startup complete.
[2026-03-23 21:58:10 +0000] [318] [INFO] Booting worker with pid: 318
[2026-03-23 21:58:10 +0000] [319] [INFO] Booting worker with pid: 319
[2026-03-23 21:58:10 +0000] [317] [INFO] Started server process [317]
[2026-03-23 21:58:10 +0000] [317] [INFO] Waiting for application startup.
[2026-03-23 21:58:10 +0000] [317] [INFO] Application startup complete.
[2026-03-23 21:58:10 +0000] [319] [INFO] Started server process [319]
[2026-03-23 21:58:10 +0000] [319] [INFO] Waiting for application startup.
[2026-03-23 21:58:10 +0000] [319] [INFO] Application startup complete.
[2026-03-23 21:58:10 +0000] [318] [INFO] Started server process [318]
[2026-03-23 21:58:10 +0000] [318] [INFO] Waiting for application startup.
[2026-03-23 21:58:10 +0000] [318] [INFO] Application startup complete.
[2026-03-23 21:58:10 +0000] [323] [INFO] Booting worker with pid: 323
[2026-03-23 21:58:10 +0000] [324] [INFO] Booting worker with pid: 324
[2026-03-23 21:58:11 +0000] [323] [INFO] Started server process [323]
[2026-03-23 21:58:11 +0000] [323] [INFO] Waiting for application startup.
[2026-03-23 21:58:11 +0000] [323] [INFO] Application startup complete.
[2026-03-23 21:58:11 +0000] [326] [INFO] Booting worker with pid: 326
[2026-03-23 21:58:11 +0000] [327] [INFO] Booting worker with pid: 327
[2026-03-23 21:58:11 +0000] [324] [INFO] Started server process [324]
[2026-03-23 21:58:11 +0000] [324] [INFO] Waiting for application startup.
[2026-03-23 21:58:11 +0000] [324] [INFO] Application startup complete.
[2026-03-23 21:58:11 +0000] [330] [INFO] Booting worker with pid: 330
[2026-03-23 21:58:11 +0000] [326] [INFO] Started server process [326]
[2026-03-23 21:58:11 +0000] [326] [INFO] Waiting for application startup.
[2026-03-23 21:58:11 +0000] [326] [INFO] Application startup complete.
[2026-03-23 21:58:11 +0000] [327] [INFO] Started server process [327]
[2026-03-23 21:58:11 +0000] [327] [INFO] Waiting for application startup.
[2026-03-23 21:58:11 +0000] [327] [INFO] Application startup complete.
[2026-03-23 21:58:11 +0000] [332] [INFO] Booting worker with pid: 332
[2026-03-23 21:58:11 +0000] [330] [INFO] Started server process [330]
[2026-03-23 21:58:11 +0000] [330] [INFO] Waiting for application startup.
[2026-03-23 21:58:11 +0000] [330] [INFO] Application startup complete.
[2026-03-23 21:58:11 +0000] [334] [INFO] Booting worker with pid: 334
[2026-03-23 21:58:11 +0000] [336] [INFO] Booting worker with pid: 336
[2026-03-23 21:58:11 +0000] [332] [INFO] Started server process [332]
[2026-03-23 21:58:11 +0000] [332] [INFO] Waiting for application startup.
[2026-03-23 21:58:11 +0000] [332] [INFO] Application startup complete.
[2026-03-23 21:58:11 +0000] [338] [INFO] Booting worker with pid: 338
[2026-03-23 21:58:11 +0000] [334] [INFO] Started server process [334]
[2026-03-23 21:58:11 +0000] [334] [INFO] Waiting for application startup.
[2026-03-23 21:58:11 +0000] [334] [INFO] Application startup complete.
[2026-03-23 21:58:11 +0000] [339] [INFO] Booting worker with pid: 339
[2026-03-23 21:58:11 +0000] [338] [INFO] Started server process [338]
[2026-03-23 21:58:11 +0000] [338] [INFO] Waiting for application startup.
[2026-03-23 21:58:11 +0000] [338] [INFO] Application startup complete.
[2026-03-23 21:58:11 +0000] [336] [INFO] Started server process [336]
[2026-03-23 21:58:11 +0000] [336] [INFO] Waiting for application startup.
[2026-03-23 21:58:11 +0000] [336] [INFO] Application startup complete.
[2026-03-23 21:58:11 +0000] [342] [INFO] Booting worker with pid: 342
[2026-03-23 21:58:11 +0000] [343] [INFO] Booting worker with pid: 343
[2026-03-23 21:58:11 +0000] [344] [INFO] Booting worker with pid: 344
[2026-03-23 21:58:11 +0000] [345] [INFO] Booting worker with pid: 345
[2026-03-23 21:58:11 +0000] [339] [INFO] Started server process [339]
[2026-03-23 21:58:11 +0000] [339] [INFO] Waiting for application startup.
[2026-03-23 21:58:11 +0000] [339] [INFO] Application startup complete.
[2026-03-23 21:58:11 +0000] [347] [INFO] Booting worker with pid: 347
[2026-03-23 21:58:11 +0000] [342] [INFO] Started server process [342]
[2026-03-23 21:58:11 +0000] [342] [INFO] Waiting for application startup.
[2026-03-23 21:58:11 +0000] [342] [INFO] Application startup complete.
[2026-03-23 21:58:11 +0000] [349] [INFO] Booting worker with pid: 349
[2026-03-23 21:58:11 +0000] [345] [INFO] Started server process [345]
[2026-03-23 21:58:11 +0000] [345] [INFO] Waiting for application startup.
[2026-03-23 21:58:11 +0000] [345] [INFO] Application startup complete.
[2026-03-23 21:58:12 +0000] [343] [INFO] Started server process [343]
[2026-03-23 21:58:12 +0000] [343] [INFO] Waiting for application startup.
[2026-03-23 21:58:12 +0000] [343] [INFO] Application startup complete.
[2026-03-23 21:58:12 +0000] [352] [INFO] Booting worker with pid: 352
[2026-03-23 21:58:12 +0000] [347] [INFO] Started server process [347]
[2026-03-23 21:58:12 +0000] [347] [INFO] Waiting for application startup.
[2026-03-23 21:58:12 +0000] [347] [INFO] Application startup complete.
[2026-03-23 21:58:12 +0000] [355] [INFO] Booting worker with pid: 355
[2026-03-23 21:58:12 +0000] [344] [INFO] Started server process [344]
[2026-03-23 21:58:12 +0000] [344] [INFO] Waiting for application startup.
[2026-03-23 21:58:12 +0000] [344] [INFO] Application startup complete.
[2026-03-23 21:58:12 +0000] [357] [INFO] Booting worker with pid: 357
[2026-03-23 21:58:12 +0000] [359] [INFO] Booting worker with pid: 359
[2026-03-23 21:58:12 +0000] [352] [INFO] Started server process [352]
[2026-03-23 21:58:12 +0000] [352] [INFO] Waiting for application startup.
[2026-03-23 21:58:12 +0000] [352] [INFO] Application startup complete.
[2026-03-23 21:58:12 +0000] [349] [INFO] Started server process [349]
[2026-03-23 21:58:12 +0000] [349] [INFO] Waiting for application startup.
[2026-03-23 21:58:12 +0000] [349] [INFO] Application startup complete.
[2026-03-23 21:58:12 +0000] [355] [INFO] Started server process [355]
[2026-03-23 21:58:12 +0000] [355] [INFO] Waiting for application startup.
[2026-03-23 21:58:12 +0000] [355] [INFO] Application startup complete.
[2026-03-23 21:58:12 +0000] [361] [INFO] Booting worker with pid: 361
[2026-03-23 21:58:12 +0000] [363] [INFO] Booting worker with pid: 363
[2026-03-23 21:58:12 +0000] [359] [INFO] Started server process [359]
[2026-03-23 21:58:12 +0000] [359] [INFO] Waiting for application startup.
[2026-03-23 21:58:12 +0000] [359] [INFO] Application startup complete.
[2026-03-23 21:58:12 +0000] [365] [INFO] Booting worker with pid: 365
[2026-03-23 21:58:12 +0000] [366] [INFO] Booting worker with pid: 366
[2026-03-23 21:58:12 +0000] [357] [INFO] Started server process [357]
[2026-03-23 21:58:12 +0000] [357] [INFO] Waiting for application startup.
[2026-03-23 21:58:12 +0000] [357] [INFO] Application startup complete.
[2026-03-23 21:58:12 +0000] [367] [INFO] Booting worker with pid: 367
[2026-03-23 21:58:12 +0000] [370] [INFO] Booting worker with pid: 370
[2026-03-23 21:58:12 +0000] [363] [INFO] Started server process [363]
[2026-03-23 21:58:12 +0000] [363] [INFO] Waiting for application startup.
[2026-03-23 21:58:12 +0000] [363] [INFO] Application startup complete.
[2026-03-23 21:58:12 +0000] [361] [INFO] Started server process [361]
[2026-03-23 21:58:12 +0000] [361] [INFO] Waiting for application startup.
[2026-03-23 21:58:12 +0000] [361] [INFO] Application startup complete.
[2026-03-23 21:58:12 +0000] [371] [INFO] Booting worker with pid: 371
[2026-03-23 21:58:12 +0000] [373] [INFO] Booting worker with pid: 373
[2026-03-23 21:58:12 +0000] [367] [INFO] Started server process [367]
[2026-03-23 21:58:12 +0000] [367] [INFO] Waiting for application startup.
[2026-03-23 21:58:12 +0000] [367] [INFO] Application startup complete.
[2026-03-23 21:58:12 +0000] [375] [INFO] Booting worker with pid: 375
[2026-03-23 21:58:12 +0000] [365] [INFO] Started server process [365]
[2026-03-23 21:58:12 +0000] [365] [INFO] Waiting for application startup.
[2026-03-23 21:58:12 +0000] [365] [INFO] Application startup complete.
[2026-03-23 21:58:12 +0000] [378] [INFO] Booting worker with pid: 378
[2026-03-23 21:58:12 +0000] [373] [INFO] Started server process [373]
[2026-03-23 21:58:12 +0000] [373] [INFO] Waiting for application startup.
[2026-03-23 21:58:12 +0000] [373] [INFO] Application startup complete.
[2026-03-23 21:58:12 +0000] [380] [INFO] Booting worker with pid: 380
[2026-03-23 21:58:12 +0000] [370] [INFO] Started server process [370]
[2026-03-23 21:58:12 +0000] [370] [INFO] Waiting for application startup.
[2026-03-23 21:58:12 +0000] [370] [INFO] Application startup complete.
[2026-03-23 21:58:12 +0000] [366] [INFO] Started server process [366]
[2026-03-23 21:58:12 +0000] [366] [INFO] Waiting for application startup.
[2026-03-23 21:58:12 +0000] [366] [INFO] Application startup complete.
[2026-03-23 21:58:12 +0000] [375] [INFO] Started server process [375]
[2026-03-23 21:58:12 +0000] [375] [INFO] Waiting for application startup.
[2026-03-23 21:58:12 +0000] [375] [INFO] Application startup complete.
[2026-03-23 21:58:12 +0000] [383] [INFO] Booting worker with pid: 383
[2026-03-23 21:58:12 +0000] [384] [INFO] Booting worker with pid: 384
[2026-03-23 21:58:12 +0000] [371] [INFO] Started server process [371]
[2026-03-23 21:58:12 +0000] [371] [INFO] Waiting for application startup.
[2026-03-23 21:58:12 +0000] [371] [INFO] Application startup complete.
[2026-03-23 21:58:12 +0000] [380] [INFO] Started server process [380]
[2026-03-23 21:58:12 +0000] [380] [INFO] Waiting for application startup.
[2026-03-23 21:58:12 +0000] [380] [INFO] Application startup complete.
[2026-03-23 21:58:12 +0000] [386] [INFO] Booting worker with pid: 386
[2026-03-23 21:58:12 +0000] [387] [INFO] Booting worker with pid: 387
[2026-03-23 21:58:13 +0000] [378] [INFO] Started server process [378]
[2026-03-23 21:58:13 +0000] [378] [INFO] Waiting for application startup.
[2026-03-23 21:58:13 +0000] [378] [INFO] Application startup complete.
[2026-03-23 21:58:13 +0000] [384] [INFO] Started server process [384]
[2026-03-23 21:58:13 +0000] [384] [INFO] Waiting for application startup.
[2026-03-23 21:58:13 +0000] [384] [INFO] Application startup complete.
[2026-03-23 21:58:13 +0000] [383] [INFO] Started server process [383]
[2026-03-23 21:58:13 +0000] [383] [INFO] Waiting for application startup.
[2026-03-23 21:58:13 +0000] [383] [INFO] Application startup complete.
[2026-03-23 21:58:13 +0000] [391] [INFO] Booting worker with pid: 391
[2026-03-23 21:58:13 +0000] [393] [INFO] Booting worker with pid: 393
[2026-03-23 21:58:13 +0000] [395] [INFO] Booting worker with pid: 395
[2026-03-23 21:58:13 +0000] [387] [INFO] Started server process [387]
[2026-03-23 21:58:13 +0000] [387] [INFO] Waiting for application startup.
[2026-03-23 21:58:13 +0000] [387] [INFO] Application startup complete.
[2026-03-23 21:58:13 +0000] [396] [INFO] Booting worker with pid: 396
[2026-03-23 21:58:13 +0000] [386] [INFO] Started server process [386]
[2026-03-23 21:58:13 +0000] [386] [INFO] Waiting for application startup.
[2026-03-23 21:58:13 +0000] [386] [INFO] Application startup complete.
[2026-03-23 21:58:13 +0000] [398] [INFO] Booting worker with pid: 398
[2026-03-23 21:58:13 +0000] [391] [INFO] Started server process [391]
[2026-03-23 21:58:13 +0000] [391] [INFO] Waiting for application startup.
[2026-03-23 21:58:13 +0000] [391] [INFO] Application startup complete.
[2026-03-23 21:58:13 +0000] [399] [INFO] Booting worker with pid: 399
[2026-03-23 21:58:13 +0000] [396] [INFO] Started server process [396]
[2026-03-23 21:58:13 +0000] [396] [INFO] Waiting for application startup.
[2026-03-23 21:58:13 +0000] [396] [INFO] Application startup complete.
[2026-03-23 21:58:13 +0000] [403] [INFO] Booting worker with pid: 403
[2026-03-23 21:58:13 +0000] [404] [INFO] Booting worker with pid: 404
[2026-03-23 21:58:13 +0000] [393] [INFO] Started server process [393]
[2026-03-23 21:58:13 +0000] [393] [INFO] Waiting for application startup.
[2026-03-23 21:58:13 +0000] [393] [INFO] Application startup complete.
[2026-03-23 21:58:13 +0000] [395] [INFO] Started server process [395]
[2026-03-23 21:58:13 +0000] [395] [INFO] Waiting for application startup.
[2026-03-23 21:58:13 +0000] [395] [INFO] Application startup complete.
[2026-03-23 21:58:13 +0000] [405] [INFO] Booting worker with pid: 405
[2026-03-23 21:58:13 +0000] [398] [INFO] Started server process [398]
[2026-03-23 21:58:13 +0000] [398] [INFO] Waiting for application startup.
[2026-03-23 21:58:13 +0000] [398] [INFO] Application startup complete.
[2026-03-23 21:58:13 +0000] [408] [INFO] Booting worker with pid: 408
[2026-03-23 21:58:13 +0000] [399] [INFO] Started server process [399]
[2026-03-23 21:58:13 +0000] [399] [INFO] Waiting for application startup.
[2026-03-23 21:58:13 +0000] [399] [INFO] Application startup complete.
[2026-03-23 21:58:13 +0000] [411] [INFO] Booting worker with pid: 411
[2026-03-23 21:58:13 +0000] [403] [INFO] Started server process [403]
[2026-03-23 21:58:13 +0000] [403] [INFO] Waiting for application startup.
[2026-03-23 21:58:13 +0000] [403] [INFO] Application startup complete.
[2026-03-23 21:58:13 +0000] [404] [INFO] Started server process [404]
[2026-03-23 21:58:13 +0000] [404] [INFO] Waiting for application startup.
[2026-03-23 21:58:13 +0000] [404] [INFO] Application startup complete.
[2026-03-23 21:58:13 +0000] [413] [INFO] Booting worker with pid: 413
[2026-03-23 21:58:13 +0000] [405] [INFO] Started server process [405]
[2026-03-23 21:58:13 +0000] [405] [INFO] Waiting for application startup.
[2026-03-23 21:58:13 +0000] [405] [INFO] Application startup complete.
[2026-03-23 21:58:13 +0000] [415] [INFO] Booting worker with pid: 415
[2026-03-23 21:58:13 +0000] [417] [INFO] Booting worker with pid: 417
[2026-03-23 21:58:13 +0000] [408] [INFO] Started server process [408]
[2026-03-23 21:58:13 +0000] [408] [INFO] Waiting for application startup.
[2026-03-23 21:58:13 +0000] [408] [INFO] Application startup complete.
[2026-03-23 21:58:13 +0000] [411] [INFO] Started server process [411]
[2026-03-23 21:58:13 +0000] [411] [INFO] Waiting for application startup.
[2026-03-23 21:58:13 +0000] [411] [INFO] Application startup complete.
[2026-03-23 21:58:13 +0000] [418] [INFO] Booting worker with pid: 418
[2026-03-23 21:58:13 +0000] [415] [INFO] Started server process [415]
[2026-03-23 21:58:13 +0000] [415] [INFO] Waiting for application startup.
[2026-03-23 21:58:13 +0000] [421] [INFO] Booting worker with pid: 421
[2026-03-23 21:58:13 +0000] [415] [INFO] Application startup complete.
[2026-03-23 21:58:14 +0000] [422] [INFO] Booting worker with pid: 422
[2026-03-23 21:58:14 +0000] [413] [INFO] Started server process [413]
[2026-03-23 21:58:14 +0000] [413] [INFO] Waiting for application startup.
[2026-03-23 21:58:14 +0000] [413] [INFO] Application startup complete.
[2026-03-23 21:58:14 +0000] [418] [INFO] Started server process [418]
[2026-03-23 21:58:14 +0000] [418] [INFO] Waiting for application startup.
[2026-03-23 21:58:14 +0000] [418] [INFO] Application startup complete.
[2026-03-23 21:58:14 +0000] [424] [INFO] Booting worker with pid: 424
[2026-03-23 21:58:14 +0000] [417] [INFO] Started server process [417]
[2026-03-23 21:58:14 +0000] [417] [INFO] Waiting for application startup.
[2026-03-23 21:58:14 +0000] [417] [INFO] Application startup complete.
[2026-03-23 21:58:14 +0000] [426] [INFO] Booting worker with pid: 426
[2026-03-23 21:58:14 +0000] [422] [INFO] Started server process [422]
[2026-03-23 21:58:14 +0000] [422] [INFO] Waiting for application startup.
[2026-03-23 21:58:14 +0000] [428] [INFO] Booting worker with pid: 428
[2026-03-23 21:58:14 +0000] [422] [INFO] Application startup complete.
[2026-03-23 21:58:14 +0000] [430] [INFO] Booting worker with pid: 430
[2026-03-23 21:58:14 +0000] [421] [INFO] Started server process [421]
[2026-03-23 21:58:14 +0000] [421] [INFO] Waiting for application startup.
[2026-03-23 21:58:14 +0000] [421] [INFO] Application startup complete.
[2026-03-23 21:58:14 +0000] [426] [INFO] Started server process [426]
[2026-03-23 21:58:14 +0000] [426] [INFO] Waiting for application startup.
[2026-03-23 21:58:14 +0000] [426] [INFO] Application startup complete.
[2026-03-23 21:58:14 +0000] [424] [INFO] Started server process [424]
[2026-03-23 21:58:14 +0000] [424] [INFO] Waiting for application startup.
[2026-03-23 21:58:14 +0000] [424] [INFO] Application startup complete.
[2026-03-23 21:58:14 +0000] [433] [INFO] Booting worker with pid: 433
[2026-03-23 21:58:14 +0000] [428] [INFO] Started server process [428]
[2026-03-23 21:58:14 +0000] [428] [INFO] Waiting for application startup.
[2026-03-23 21:58:14 +0000] [428] [INFO] Application startup complete.
[2026-03-23 21:58:14 +0000] [430] [INFO] Started server process [430]
[2026-03-23 21:58:14 +0000] [430] [INFO] Waiting for application startup.
[2026-03-23 21:58:14 +0000] [430] [INFO] Application startup complete.
[2026-03-23 21:58:14 +0000] [436] [INFO] Booting worker with pid: 436
[2026-03-23 21:58:14 +0000] [437] [INFO] Booting worker with pid: 437
[2026-03-23 21:58:14 +0000] [433] [INFO] Started server process [433]
[2026-03-23 21:58:14 +0000] [433] [INFO] Waiting for application startup.
[2026-03-23 21:58:14 +0000] [433] [INFO] Application startup complete.
[2026-03-23 21:58:14 +0000] [439] [INFO] Booting worker with pid: 439
[2026-03-23 21:58:14 +0000] [436] [INFO] Started server process [436]
[2026-03-23 21:58:14 +0000] [436] [INFO] Waiting for application startup.
[2026-03-23 21:58:14 +0000] [436] [INFO] Application startup complete.
[2026-03-23 21:58:14 +0000] [441] [INFO] Booting worker with pid: 441
[2026-03-23 21:58:14 +0000] [437] [INFO] Started server process [437]
[2026-03-23 21:58:14 +0000] [437] [INFO] Waiting for application startup.
[2026-03-23 21:58:14 +0000] [437] [INFO] Application startup complete.
[2026-03-23 21:58:14 +0000] [444] [INFO] Booting worker with pid: 444
[2026-03-23 21:58:14 +0000] [439] [INFO] Started server process [439]
[2026-03-23 21:58:14 +0000] [439] [INFO] Waiting for application startup.
[2026-03-23 21:58:14 +0000] [439] [INFO] Application startup complete.
[2026-03-23 21:58:14 +0000] [445] [INFO] Booting worker with pid: 445
[2026-03-23 21:58:14 +0000] [446] [INFO] Booting worker with pid: 446
[2026-03-23 21:58:14 +0000] [444] [INFO] Started server process [444]
[2026-03-23 21:58:14 +0000] [444] [INFO] Waiting for application startup.
[2026-03-23 21:58:14 +0000] [444] [INFO] Application startup complete.
[2026-03-23 21:58:14 +0000] [441] [INFO] Started server process [441]
[2026-03-23 21:58:14 +0000] [441] [INFO] Waiting for application startup.
[2026-03-23 21:58:14 +0000] [441] [INFO] Application startup complete.
[2026-03-23 21:58:15 +0000] [449] [INFO] Booting worker with pid: 449
[2026-03-23 21:58:15 +0000] [451] [INFO] Booting worker with pid: 451
[2026-03-23 21:58:15 +0000] [446] [INFO] Started server process [446]
[2026-03-23 21:58:15 +0000] [446] [INFO] Waiting for application startup.
[2026-03-23 21:58:15 +0000] [446] [INFO] Application startup complete.
[2026-03-23 21:58:15 +0000] [453] [INFO] Booting worker with pid: 453
[2026-03-23 21:58:15 +0000] [454] [INFO] Booting worker with pid: 454
[2026-03-23 21:58:15 +0000] [445] [INFO] Started server process [445]
[2026-03-23 21:58:15 +0000] [445] [INFO] Waiting for application startup.
[2026-03-23 21:58:15 +0000] [445] [INFO] Application startup complete.
[2026-03-23 21:58:15 +0000] [455] [INFO] Booting worker with pid: 455
[2026-03-23 21:58:15 +0000] [456] [INFO] Booting worker with pid: 456
[2026-03-23 21:58:15 +0000] [451] [INFO] Started server process [451]
[2026-03-23 21:58:15 +0000] [451] [INFO] Waiting for application startup.
[2026-03-23 21:58:15 +0000] [451] [INFO] Application startup complete.
[2026-03-23 21:58:15 +0000] [459] [INFO] Booting worker with pid: 459
[2026-03-23 21:58:15 +0000] [455] [INFO] Started server process [455]
[2026-03-23 21:58:15 +0000] [455] [INFO] Waiting for application startup.
[2026-03-23 21:58:15 +0000] [455] [INFO] Application startup complete.
[2026-03-23 21:58:15 +0000] [454] [INFO] Started server process [454]
[2026-03-23 21:58:15 +0000] [454] [INFO] Waiting for application startup.
[2026-03-23 21:58:15 +0000] [454] [INFO] Application startup complete.
[2026-03-23 21:58:15 +0000] [449] [INFO] Started server process [449]
[2026-03-23 21:58:15 +0000] [449] [INFO] Waiting for application startup.
[2026-03-23 21:58:15 +0000] [449] [INFO] Application startup complete.
[2026-03-23 21:58:15 +0000] [463] [INFO] Booting worker with pid: 463
[2026-03-23 21:58:15 +0000] [456] [INFO] Started server process [456]
[2026-03-23 21:58:15 +0000] [456] [INFO] Waiting for application startup.
[2026-03-23 21:58:15 +0000] [456] [INFO] Application startup complete.
[2026-03-23 21:58:15 +0000] [465] [INFO] Booting worker with pid: 465
[2026-03-23 21:58:15 +0000] [453] [INFO] Started server process [453]
[2026-03-23 21:58:15 +0000] [453] [INFO] Waiting for application startup.
[2026-03-23 21:58:15 +0000] [453] [INFO] Application startup complete.
[2026-03-23 21:58:15 +0000] [467] [INFO] Booting worker with pid: 467
[2026-03-23 21:58:15 +0000] [459] [INFO] Started server process [459]
[2026-03-23 21:58:15 +0000] [459] [INFO] Waiting for application startup.
[2026-03-23 21:58:15 +0000] [459] [INFO] Application startup complete.
[2026-03-23 21:58:15 +0000] [468] [INFO] Booting worker with pid: 468
[2026-03-23 21:58:15 +0000] [467] [INFO] Started server process [467]
[2026-03-23 21:58:15 +0000] [467] [INFO] Waiting for application startup.
[2026-03-23 21:58:15 +0000] [467] [INFO] Application startup complete.
[2026-03-23 21:58:15 +0000] [472] [INFO] Booting worker with pid: 472
[2026-03-23 21:58:15 +0000] [473] [INFO] Booting worker with pid: 473
[2026-03-23 21:58:15 +0000] [465] [INFO] Started server process [465]
[2026-03-23 21:58:15 +0000] [465] [INFO] Waiting for application startup.
[2026-03-23 21:58:15 +0000] [465] [INFO] Application startup complete.
[2026-03-23 21:58:15 +0000] [463] [INFO] Started server process [463]
[2026-03-23 21:58:15 +0000] [463] [INFO] Waiting for application startup.
[2026-03-23 21:58:15 +0000] [463] [INFO] Application startup complete.
[2026-03-23 21:58:15 +0000] [474] [INFO] Booting worker with pid: 474
[2026-03-23 21:58:15 +0000] [475] [INFO] Booting worker with pid: 475
[2026-03-23 21:58:15 +0000] [468] [INFO] Started server process [468]
[2026-03-23 21:58:15 +0000] [468] [INFO] Waiting for application startup.
[2026-03-23 21:58:15 +0000] [468] [INFO] Application startup complete.
[2026-03-23 21:58:15 +0000] [473] [INFO] Started server process [473]
[2026-03-23 21:58:15 +0000] [473] [INFO] Waiting for application startup.
[2026-03-23 21:58:15 +0000] [473] [INFO] Application startup complete.
[2026-03-23 21:58:15 +0000] [478] [INFO] Booting worker with pid: 478
[2026-03-23 21:58:15 +0000] [472] [INFO] Started server process [472]
[2026-03-23 21:58:15 +0000] [472] [INFO] Waiting for application startup.
[2026-03-23 21:58:15 +0000] [472] [INFO] Application startup complete.
[2026-03-23 21:58:15 +0000] [475] [INFO] Started server process [475]
[2026-03-23 21:58:15 +0000] [475] [INFO] Waiting for application startup.
[2026-03-23 21:58:15 +0000] [475] [INFO] Application startup complete.
[2026-03-23 21:58:15 +0000] [474] [INFO] Started server process [474]
[2026-03-23 21:58:15 +0000] [474] [INFO] Waiting for application startup.
[2026-03-23 21:58:15 +0000] [474] [INFO] Application startup complete.
[2026-03-23 21:58:15 +0000] [482] [INFO] Booting worker with pid: 482
[2026-03-23 21:58:15 +0000] [478] [INFO] Started server process [478]
[2026-03-23 21:58:15 +0000] [478] [INFO] Waiting for application startup.
[2026-03-23 21:58:15 +0000] [478] [INFO] Application startup complete.
[2026-03-23 21:58:15 +0000] [484] [INFO] Booting worker with pid: 484
[2026-03-23 21:58:15 +0000] [482] [INFO] Started server process [482]
[2026-03-23 21:58:15 +0000] [482] [INFO] Waiting for application startup.
[2026-03-23 21:58:15 +0000] [482] [INFO] Application startup complete.
[2026-03-23 21:58:15 +0000] [487] [INFO] Booting worker with pid: 487
[2026-03-23 21:58:15 +0000] [484] [INFO] Started server process [484]
[2026-03-23 21:58:15 +0000] [484] [INFO] Waiting for application startup.
[2026-03-23 21:58:15 +0000] [484] [INFO] Application startup complete.
[2026-03-23 21:58:15 +0000] [488] [INFO] Booting worker with pid: 488
[2026-03-23 21:58:15 +0000] [487] [INFO] Started server process [487]
[2026-03-23 21:58:15 +0000] [487] [INFO] Waiting for application startup.
[2026-03-23 21:58:15 +0000] [487] [INFO] Application startup complete.
[2026-03-23 21:58:16 +0000] [488] [INFO] Started server process [488]
[2026-03-23 21:58:16 +0000] [488] [INFO] Waiting for application startup.
[2026-03-23 21:58:16 +0000] [488] [INFO] Application startup complete.
[2026-03-23 21:58:16 +0000] [491] [INFO] Booting worker with pid: 491
[2026-03-23 21:58:16 +0000] [492] [INFO] Booting worker with pid: 492
[2026-03-23 21:58:16 +0000] [491] [INFO] Started server process [491]
[2026-03-23 21:58:16 +0000] [491] [INFO] Waiting for application startup.
[2026-03-23 21:58:16 +0000] [491] [INFO] Application startup complete.
[2026-03-23 21:58:16 +0000] [494] [INFO] Booting worker with pid: 494
[2026-03-23 21:58:16 +0000] [492] [INFO] Started server process [492]
[2026-03-23 21:58:16 +0000] [492] [INFO] Waiting for application startup.
[2026-03-23 21:58:16 +0000] [492] [INFO] Application startup complete.
[2026-03-23 21:58:16 +0000] [494] [INFO] Started server process [494]
[2026-03-23 21:58:16 +0000] [494] [INFO] Waiting for application startup.
[2026-03-23 21:58:16 +0000] [494] [INFO] Application startup complete.
[2026-03-23 21:58:16 +0000] [497] [INFO] Booting worker with pid: 497
[2026-03-23 21:58:16 +0000] [498] [INFO] Booting worker with pid: 498
[2026-03-23 21:58:16 +0000] [497] [INFO] Started server process [497]
[2026-03-23 21:58:16 +0000] [497] [INFO] Waiting for application startup.
[2026-03-23 21:58:16 +0000] [497] [INFO] Application startup complete.
[2026-03-23 21:58:16 +0000] [498] [INFO] Started server process [498]
[2026-03-23 21:58:16 +0000] [498] [INFO] Waiting for application startup.
[2026-03-23 21:58:16 +0000] [498] [INFO] Application startup complete.
[2026-03-23 21:58:16 +0000] [501] [INFO] Booting worker with pid: 501
[2026-03-23 21:58:16 +0000] [502] [INFO] Booting worker with pid: 502
[2026-03-23 21:58:16 +0000] [501] [INFO] Started server process [501]
[2026-03-23 21:58:16 +0000] [501] [INFO] Waiting for application startup.
[2026-03-23 21:58:16 +0000] [501] [INFO] Application startup complete.
[2026-03-23 21:58:16 +0000] [504] [INFO] Booting worker with pid: 504
[2026-03-23 21:58:16 +0000] [505] [INFO] Booting worker with pid: 505
[2026-03-23 21:58:16 +0000] [507] [INFO] Booting worker with pid: 507
[2026-03-23 21:58:16 +0000] [502] [INFO] Started server process [502]
[2026-03-23 21:58:16 +0000] [502] [INFO] Waiting for application startup.
[2026-03-23 21:58:16 +0000] [502] [INFO] Application startup complete.
[2026-03-23 21:58:16 +0000] [504] [INFO] Started server process [504]
[2026-03-23 21:58:16 +0000] [504] [INFO] Waiting for application startup.
[2026-03-23 21:58:16 +0000] [504] [INFO] Application startup complete.
[2026-03-23 21:58:16 +0000] [505] [INFO] Started server process [505]
[2026-03-23 21:58:16 +0000] [505] [INFO] Waiting for application startup.
[2026-03-23 21:58:16 +0000] [505] [INFO] Application startup complete.
[2026-03-23 21:58:16 +0000] [507] [INFO] Started server process [507]
[2026-03-23 21:58:16 +0000] [507] [INFO] Waiting for application startup.
[2026-03-23 21:58:16 +0000] [507] [INFO] Application startup complete.
[2026-03-23 21:58:16 +0000] [511] [INFO] Booting worker with pid: 511
[2026-03-23 21:58:16 +0000] [513] [INFO] Booting worker with pid: 513
[2026-03-23 21:58:16 +0000] [511] [INFO] Started server process [511]
[2026-03-23 21:58:16 +0000] [511] [INFO] Waiting for application startup.
[2026-03-23 21:58:16 +0000] [511] [INFO] Application startup complete.
[2026-03-23 21:58:16 +0000] [514] [INFO] Booting worker with pid: 514
[2026-03-23 21:58:16 +0000] [515] [INFO] Booting worker with pid: 515
[2026-03-23 21:58:16 +0000] [513] [INFO] Started server process [513]
[2026-03-23 21:58:16 +0000] [513] [INFO] Waiting for application startup.
[2026-03-23 21:58:16 +0000] [513] [INFO] Application startup complete.
[2026-03-23 21:58:16 +0000] [514] [INFO] Started server process [514]
[2026-03-23 21:58:16 +0000] [514] [INFO] Waiting for application startup.
[2026-03-23 21:58:16 +0000] [514] [INFO] Application startup complete.
[2026-03-23 21:58:16 +0000] [515] [INFO] Started server process [515]
[2026-03-23 21:58:16 +0000] [515] [INFO] Waiting for application startup.
[2026-03-23 21:58:16 +0000] [515] [INFO] Application startup complete.
