[1] Puma starting in cluster mode...
[1] * Puma version: 7.2.0 ("On The Corner")
[1] * Ruby version: ruby 4.0.3 (2026-04-21 revision 85ddef263a) +YJIT +MN +PRISM [x86_64-linux]
[1] *  Min threads: 4
[1] *  Max threads: 4
[1] *  Environment: production
[1] *   Master PID: 1
[1] *      Workers: 64
[1] *     Restarts: (✔) hot (✖) phased (✖) refork
[1] * Preloading application
[1] * Listening on http://0.0.0.0:8080
[1] Use Ctrl-C to stop
[1] ! WARNING: Detected `RUBY_MN_THREADS=1`
[1] ! This setting is known to cause performance regressions with Puma.
[1] ! Consider disabling this environment variable: https://github.com/puma/puma/issues/3720
[1] - Worker 0 (PID: 8) booted in 0.11s, phase: 0
[1] - Worker 1 (PID: 11) booted in 0.11s, phase: 0
[1] - Worker 2 (PID: 14) booted in 0.1s, phase: 0
[1] - Worker 3 (PID: 18) booted in 0.1s, phase: 0
[1] - Worker 4 (PID: 22) booted in 0.1s, phase: 0
[1] - Worker 5 (PID: 27) booted in 0.1s, phase: 0
[1] - Worker 6 (PID: 31) booted in 0.1s, phase: 0
[1] - Worker 7 (PID: 34) booted in 0.1s, phase: 0
[1] - Worker 8 (PID: 39) booted in 0.1s, phase: 0
[1] - Worker 9 (PID: 44) booted in 0.1s, phase: 0
[1] - Worker 10 (PID: 51) booted in 0.09s, phase: 0
[1] - Worker 11 (PID: 55) booted in 0.09s, phase: 0
[1] - Worker 12 (PID: 59) booted in 0.09s, phase: 0
[1] - Worker 13 (PID: 63) booted in 0.09s, phase: 0
[1] - Worker 14 (PID: 74) booted in 0.09s, phase: 0
[1] - Worker 15 (PID: 80) booted in 0.09s, phase: 0
[1] - Worker 16 (PID: 84) booted in 0.09s, phase: 0
[1] - Worker 17 (PID: 88) booted in 0.09s, phase: 0
[1] - Worker 18 (PID: 94) booted in 0.09s, phase: 0
[1] - Worker 19 (PID: 100) booted in 0.09s, phase: 0
[1] - Worker 20 (PID: 106) booted in 0.1s, phase: 0
[1] - Worker 21 (PID: 112) booted in 0.09s, phase: 0
[1] - Worker 22 (PID: 117) booted in 0.09s, phase: 0
[1] - Worker 23 (PID: 122) booted in 0.09s, phase: 0
[1] - Worker 24 (PID: 127) booted in 0.09s, phase: 0
[1] - Worker 25 (PID: 133) booted in 0.09s, phase: 0
[1] - Worker 26 (PID: 139) booted in 0.09s, phase: 0
[1] - Worker 27 (PID: 145) booted in 0.09s, phase: 0
[1] - Worker 28 (PID: 151) booted in 0.09s, phase: 0
[1] - Worker 29 (PID: 161) booted in 0.08s, phase: 0
[1] - Worker 30 (PID: 171) booted in 0.08s, phase: 0
[1] - Worker 31 (PID: 176) booted in 0.08s, phase: 0
[1] - Worker 32 (PID: 181) booted in 0.08s, phase: 0
[1] - Worker 33 (PID: 187) booted in 0.08s, phase: 0
[1] - Worker 34 (PID: 191) booted in 0.08s, phase: 0
[1] - Worker 35 (PID: 197) booted in 0.07s, phase: 0
[1] - Worker 36 (PID: 202) booted in 0.07s, phase: 0
[1] - Worker 37 (PID: 208) booted in 0.07s, phase: 0
[1] - Worker 38 (PID: 213) booted in 0.07s, phase: 0
[1] - Worker 39 (PID: 218) booted in 0.07s, phase: 0
[1] - Worker 40 (PID: 223) booted in 0.07s, phase: 0
[1] - Worker 41 (PID: 230) booted in 0.07s, phase: 0
[1] - Worker 42 (PID: 236) booted in 0.07s, phase: 0
[1] - Worker 43 (PID: 240) booted in 0.06s, phase: 0
[1] - Worker 44 (PID: 248) booted in 0.06s, phase: 0
[1] - Worker 45 (PID: 254) booted in 0.06s, phase: 0
[1] - Worker 46 (PID: 258) booted in 0.06s, phase: 0
[1] - Worker 47 (PID: 265) booted in 0.06s, phase: 0
[1] - Worker 48 (PID: 271) booted in 0.06s, phase: 0
[1] - Worker 49 (PID: 276) booted in 0.06s, phase: 0
[1] - Worker 50 (PID: 283) booted in 0.05s, phase: 0
[1] - Worker 51 (PID: 289) booted in 0.05s, phase: 0
[1] - Worker 52 (PID: 295) booted in 0.05s, phase: 0
[1] - Worker 53 (PID: 300) booted in 0.05s, phase: 0
[1] - Worker 54 (PID: 306) booted in 0.05s, phase: 0
[1] - Worker 55 (PID: 312) booted in 0.05s, phase: 0
[1] - Worker 56 (PID: 318) booted in 0.05s, phase: 0
[1] - Worker 57 (PID: 324) booted in 0.04s, phase: 0
[1] - Worker 58 (PID: 329) booted in 0.04s, phase: 0
[1] - Worker 59 (PID: 335) booted in 0.04s, phase: 0
[1] - Worker 60 (PID: 340) booted in 0.04s, phase: 0
[1] - Worker 61 (PID: 346) booted in 0.04s, phase: 0
[1] - Worker 62 (PID: 353) booted in 0.04s, phase: 0
[1] - Worker 63 (PID: 358) booted in 0.04s, phase: 0
