{"level":"info","ts":1776204922.5471327,"msg":"maxprocs: Leaving GOMAXPROCS=64: CPU quota undefined"}
{"level":"info","ts":1776204922.5471542,"msg":"GOMEMLIMIT is updated","GOMEMLIMIT":243039541248,"previous":9223372036854775807}
{"level":"info","ts":1776204922.5471568,"msg":"using config from file","file":"/etc/caddy/Caddyfile"}
{"level":"info","ts":1776204922.5471585,"msg":"adapted config to JSON","adapter":"caddyfile"}
{"level":"warn","ts":1776204922.5471613,"logger":"admin","msg":"admin endpoint disabled"}
{"level":"info","ts":1776204922.5473952,"logger":"tls.cache.maintenance","msg":"started background certificate maintenance","cache":"0x12dea18b5b00"}
{"level":"info","ts":1776204922.5476172,"logger":"http.auto_https","msg":"automatic HTTPS is completely disabled for server","server_name":"srv0"}
{"level":"info","ts":1776204922.5476315,"logger":"http.auto_https","msg":"automatic HTTPS is completely disabled for server","server_name":"srv1"}
{"level":"info","ts":1776204922.6585684,"logger":"frankenphp","msg":"async worker thread started","worker":"m#/app/worker.php","thread":2}
{"level":"info","ts":1776204922.658636,"logger":"frankenphp","msg":"async worker thread started","worker":"m#/app/worker.php","thread":3}
{"level":"info","ts":1776204922.658648,"logger":"frankenphp","msg":"async worker thread started","worker":"m#/app/worker.php","thread":4}
{"level":"info","ts":1776204922.6585667,"logger":"frankenphp","msg":"async worker thread started","worker":"m#/app/worker.php","thread":1}
{"level":"info","ts":1776204922.658717,"logger":"frankenphp","msg":"async worker thread started","worker":"m#/app/worker.php","thread":6}
{"level":"info","ts":1776204922.6586702,"logger":"frankenphp","msg":"async worker thread started","worker":"m#/app/worker.php","thread":5}
{"level":"info","ts":1776204922.6587522,"logger":"frankenphp","msg":"async worker thread started","worker":"m#/app/worker.php","thread":7}
{"level":"info","ts":1776204922.6587932,"logger":"frankenphp","msg":"async worker thread started","worker":"m#/app/worker.php","thread":8}
{"level":"info","ts":1776204922.6588194,"logger":"frankenphp","msg":"async worker thread started","worker":"m#/app/worker.php","thread":9}
{"level":"info","ts":1776204922.6588979,"logger":"frankenphp","msg":"async worker thread started","worker":"m#/app/worker.php","thread":11}
{"level":"info","ts":1776204922.6588972,"logger":"frankenphp","msg":"async worker thread started","worker":"m#/app/worker.php","thread":10}
{"level":"info","ts":1776204922.658955,"logger":"frankenphp","msg":"async worker thread started","worker":"m#/app/worker.php","thread":12}
{"level":"info","ts":1776204922.6589792,"logger":"frankenphp","msg":"async worker thread started","worker":"m#/app/worker.php","thread":13}
{"level":"info","ts":1776204922.6590502,"logger":"frankenphp","msg":"async worker thread started","worker":"m#/app/worker.php","thread":15}
{"level":"info","ts":1776204922.6590514,"logger":"frankenphp","msg":"async worker thread started","worker":"m#/app/worker.php","thread":14}
{"level":"info","ts":1776204922.6591277,"logger":"frankenphp","msg":"async worker thread started","worker":"m#/app/worker.php","thread":16}
{"level":"info","ts":1776204922.6591666,"logger":"frankenphp","msg":"async worker thread started","worker":"m#/app/worker.php","thread":17}
{"level":"info","ts":1776204922.6592388,"logger":"frankenphp","msg":"async worker thread started","worker":"m#/app/worker.php","thread":18}
{"level":"info","ts":1776204922.6592643,"logger":"frankenphp","msg":"async worker thread started","worker":"m#/app/worker.php","thread":19}
{"level":"info","ts":1776204922.6593146,"logger":"frankenphp","msg":"async worker thread started","worker":"m#/app/worker.php","thread":20}
{"level":"info","ts":1776204922.6594071,"logger":"frankenphp","msg":"async worker thread started","worker":"m#/app/worker.php","thread":22}
{"level":"info","ts":1776204922.6594138,"logger":"frankenphp","msg":"async worker thread started","worker":"m#/app/worker.php","thread":21}
{"level":"info","ts":1776204922.6594532,"logger":"frankenphp","msg":"async worker thread started","worker":"m#/app/worker.php","thread":23}
{"level":"info","ts":1776204922.659543,"logger":"frankenphp","msg":"async worker thread started","worker":"m#/app/worker.php","thread":25}
{"level":"info","ts":1776204922.6595178,"logger":"frankenphp","msg":"async worker thread started","worker":"m#/app/worker.php","thread":24}
{"level":"info","ts":1776204922.6602137,"logger":"frankenphp","msg":"async worker thread started","worker":"m#/app/worker.php","thread":26}
{"level":"info","ts":1776204922.6603723,"logger":"frankenphp","msg":"async worker thread started","worker":"m#/app/worker.php","thread":27}
{"level":"info","ts":1776204922.6603792,"logger":"frankenphp","msg":"async worker thread started","worker":"m#/app/worker.php","thread":28}
{"level":"info","ts":1776204922.660417,"logger":"frankenphp","msg":"async worker thread started","worker":"m#/app/worker.php","thread":29}
{"level":"info","ts":1776204922.6763217,"logger":"frankenphp","msg":"async worker thread started","worker":"m#/app/worker.php","thread":30}
{"level":"info","ts":1776204922.676412,"logger":"frankenphp","msg":"async worker thread started","worker":"m#/app/worker.php","thread":31}
{"level":"info","ts":1776204922.682199,"logger":"frankenphp","msg":"async worker thread started","worker":"m#/app/worker.php","thread":32}
{"level":"info","ts":1776204922.6823235,"logger":"frankenphp","msg":"async worker thread started","worker":"m#/app/worker.php","thread":33}
{"level":"info","ts":1776204922.6823921,"logger":"frankenphp","msg":"async worker thread started","worker":"m#/app/worker.php","thread":34}
{"level":"info","ts":1776204922.6824389,"logger":"frankenphp","msg":"async worker thread started","worker":"m#/app/worker.php","thread":35}
{"level":"info","ts":1776204922.682535,"logger":"frankenphp","msg":"async worker thread started","worker":"m#/app/worker.php","thread":37}
{"level":"info","ts":1776204922.682563,"logger":"frankenphp","msg":"async worker thread started","worker":"m#/app/worker.php","thread":36}
{"level":"info","ts":1776204922.682652,"logger":"frankenphp","msg":"async worker thread started","worker":"m#/app/worker.php","thread":38}
{"level":"info","ts":1776204922.6827219,"logger":"frankenphp","msg":"async worker thread started","worker":"m#/app/worker.php","thread":39}
{"level":"info","ts":1776204922.6827931,"logger":"frankenphp","msg":"async worker thread started","worker":"m#/app/worker.php","thread":40}
{"level":"info","ts":1776204922.6828709,"logger":"frankenphp","msg":"async worker thread started","worker":"m#/app/worker.php","thread":41}
{"level":"info","ts":1776204922.6828907,"logger":"frankenphp","msg":"async worker thread started","worker":"m#/app/worker.php","thread":42}
{"level":"info","ts":1776204922.6829586,"logger":"frankenphp","msg":"async worker thread started","worker":"m#/app/worker.php","thread":43}
{"level":"info","ts":1776204922.6829946,"logger":"frankenphp","msg":"async worker thread started","worker":"m#/app/worker.php","thread":44}
{"level":"info","ts":1776204922.683062,"logger":"frankenphp","msg":"async worker thread started","worker":"m#/app/worker.php","thread":45}
{"level":"info","ts":1776204922.6831234,"logger":"frankenphp","msg":"async worker thread started","worker":"m#/app/worker.php","thread":46}
{"level":"info","ts":1776204922.68319,"logger":"frankenphp","msg":"async worker thread started","worker":"m#/app/worker.php","thread":47}
{"level":"info","ts":1776204922.6832159,"logger":"frankenphp","msg":"async worker thread started","worker":"m#/app/worker.php","thread":49}
{"level":"info","ts":1776204922.6831968,"logger":"frankenphp","msg":"async worker thread started","worker":"m#/app/worker.php","thread":48}
{"level":"info","ts":1776204922.70137,"logger":"frankenphp","msg":"async worker thread started","worker":"m#/app/worker.php","thread":50}
{"level":"info","ts":1776204922.7013776,"logger":"frankenphp","msg":"async worker thread started","worker":"m#/app/worker.php","thread":51}
{"level":"info","ts":1776204922.7013893,"logger":"frankenphp","msg":"async worker thread started","worker":"m#/app/worker.php","thread":52}
{"level":"info","ts":1776204922.7014697,"logger":"frankenphp","msg":"async worker thread started","worker":"m#/app/worker.php","thread":53}
{"level":"info","ts":1776204922.7015023,"logger":"frankenphp","msg":"async worker thread started","worker":"m#/app/worker.php","thread":54}
{"level":"info","ts":1776204922.7015793,"logger":"frankenphp","msg":"async worker thread started","worker":"m#/app/worker.php","thread":55}
{"level":"info","ts":1776204922.7015843,"logger":"frankenphp","msg":"async worker thread started","worker":"m#/app/worker.php","thread":56}
{"level":"info","ts":1776204922.7016764,"logger":"frankenphp","msg":"async worker thread started","worker":"m#/app/worker.php","thread":57}
{"level":"info","ts":1776204922.7017481,"logger":"frankenphp","msg":"async worker thread started","worker":"m#/app/worker.php","thread":58}
{"level":"info","ts":1776204922.7017825,"logger":"frankenphp","msg":"async worker thread started","worker":"m#/app/worker.php","thread":59}
{"level":"info","ts":1776204922.7018075,"logger":"frankenphp","msg":"async worker thread started","worker":"m#/app/worker.php","thread":60}
{"level":"info","ts":1776204922.7019007,"logger":"frankenphp","msg":"async worker thread started","worker":"m#/app/worker.php","thread":61}
{"level":"info","ts":1776204922.7019007,"logger":"frankenphp","msg":"async worker thread started","worker":"m#/app/worker.php","thread":62}
{"level":"info","ts":1776204922.7019303,"logger":"frankenphp","msg":"async worker thread started","worker":"m#/app/worker.php","thread":63}
{"level":"info","ts":1776204922.7019594,"logger":"frankenphp","msg":"async worker thread started","worker":"m#/app/worker.php","thread":64}
{"level":"info","ts":1776204922.7020476,"logger":"frankenphp","msg":"async worker thread started","worker":"m#/app/worker.php_0","thread":65}
{"level":"info","ts":1776204922.702204,"logger":"frankenphp","msg":"async worker thread started","worker":"m#/app/worker.php_0","thread":66}
{"level":"info","ts":1776204922.7022355,"logger":"frankenphp","msg":"async worker thread started","worker":"m#/app/worker.php_0","thread":67}
{"level":"info","ts":1776204922.7022862,"logger":"frankenphp","msg":"async worker thread started","worker":"m#/app/worker.php_0","thread":68}
{"level":"info","ts":1776204922.7023938,"logger":"frankenphp","msg":"async worker thread started","worker":"m#/app/worker.php_0","thread":69}
{"level":"info","ts":1776204922.7024581,"logger":"frankenphp","msg":"async worker thread started","worker":"m#/app/worker.php_0","thread":70}
{"level":"info","ts":1776204922.702528,"logger":"frankenphp","msg":"async worker thread started","worker":"m#/app/worker.php_0","thread":71}
{"level":"info","ts":1776204922.7025523,"logger":"frankenphp","msg":"async worker thread started","worker":"m#/app/worker.php_0","thread":72}
{"level":"info","ts":1776204922.7026167,"logger":"frankenphp","msg":"async worker thread started","worker":"m#/app/worker.php_0","thread":73}
{"level":"info","ts":1776204922.702689,"logger":"frankenphp","msg":"async worker thread started","worker":"m#/app/worker.php_0","thread":74}
{"level":"info","ts":1776204922.7027602,"logger":"frankenphp","msg":"async worker thread started","worker":"m#/app/worker.php_0","thread":75}
{"level":"info","ts":1776204922.7027621,"logger":"frankenphp","msg":"async worker thread started","worker":"m#/app/worker.php_0","thread":76}
{"level":"info","ts":1776204922.7028396,"logger":"frankenphp","msg":"async worker thread started","worker":"m#/app/worker.php_0","thread":77}
{"level":"info","ts":1776204922.7028484,"logger":"frankenphp","msg":"async worker thread started","worker":"m#/app/worker.php_0","thread":78}
{"level":"info","ts":1776204922.702919,"logger":"frankenphp","msg":"async worker thread started","worker":"m#/app/worker.php_0","thread":79}
{"level":"info","ts":1776204922.702926,"logger":"frankenphp","msg":"async worker thread started","worker":"m#/app/worker.php_0","thread":80}
{"level":"info","ts":1776204922.7033708,"logger":"frankenphp","msg":"async worker thread started","worker":"m#/app/worker.php_0","thread":86}
{"level":"info","ts":1776204922.7033978,"logger":"frankenphp","msg":"async worker thread started","worker":"m#/app/worker.php_0","thread":87}
{"level":"info","ts":1776204922.70305,"logger":"frankenphp","msg":"async worker thread started","worker":"m#/app/worker.php_0","thread":84}
{"level":"info","ts":1776204922.7030187,"logger":"frankenphp","msg":"async worker thread started","worker":"m#/app/worker.php_0","thread":83}
{"level":"info","ts":1776204922.7035131,"logger":"frankenphp","msg":"async worker thread started","worker":"m#/app/worker.php_0","thread":89}
{"level":"info","ts":1776204922.703013,"logger":"frankenphp","msg":"async worker thread started","worker":"m#/app/worker.php_0","thread":82}
{"level":"info","ts":1776204922.7031085,"logger":"frankenphp","msg":"async worker thread started","worker":"m#/app/worker.php_0","thread":85}
{"level":"info","ts":1776204922.7034645,"logger":"frankenphp","msg":"async worker thread started","worker":"m#/app/worker.php_0","thread":88}
{"level":"info","ts":1776204922.7029479,"logger":"frankenphp","msg":"async worker thread started","worker":"m#/app/worker.php_0","thread":81}
{"level":"info","ts":1776204922.7036285,"logger":"frankenphp","msg":"async worker thread started","worker":"m#/app/worker.php_0","thread":90}
{"level":"info","ts":1776204922.730282,"logger":"frankenphp","msg":"async worker thread started","worker":"m#/app/worker.php_0","thread":91}
{"level":"info","ts":1776204922.7303712,"logger":"frankenphp","msg":"async worker thread started","worker":"m#/app/worker.php_0","thread":92}
{"level":"info","ts":1776204922.7304635,"logger":"frankenphp","msg":"async worker thread started","worker":"m#/app/worker.php_0","thread":93}
{"level":"info","ts":1776204922.7305417,"logger":"frankenphp","msg":"async worker thread started","worker":"m#/app/worker.php_0","thread":94}
{"level":"info","ts":1776204922.7306921,"logger":"frankenphp","msg":"async worker thread started","worker":"m#/app/worker.php_0","thread":95}
{"level":"info","ts":1776204922.730752,"logger":"frankenphp","msg":"async worker thread started","worker":"m#/app/worker.php_0","thread":96}
{"level":"info","ts":1776204922.7309365,"logger":"frankenphp","msg":"async worker thread started","worker":"m#/app/worker.php_0","thread":97}
{"level":"info","ts":1776204922.7310226,"logger":"frankenphp","msg":"async worker thread started","worker":"m#/app/worker.php_0","thread":98}
{"level":"info","ts":1776204922.731156,"logger":"frankenphp","msg":"async worker thread started","worker":"m#/app/worker.php_0","thread":99}
{"level":"info","ts":1776204922.7312434,"logger":"frankenphp","msg":"async worker thread started","worker":"m#/app/worker.php_0","thread":100}
{"level":"info","ts":1776204922.73141,"logger":"frankenphp","msg":"async worker thread started","worker":"m#/app/worker.php_0","thread":101}
{"level":"info","ts":1776204922.731473,"logger":"frankenphp","msg":"async worker thread started","worker":"m#/app/worker.php_0","thread":102}
{"level":"info","ts":1776204922.7315135,"logger":"frankenphp","msg":"async worker thread started","worker":"m#/app/worker.php_0","thread":103}
{"level":"info","ts":1776204922.731564,"logger":"frankenphp","msg":"async worker thread started","worker":"m#/app/worker.php_0","thread":104}
{"level":"info","ts":1776204922.7315743,"logger":"frankenphp","msg":"async worker thread started","worker":"m#/app/worker.php_0","thread":105}
{"level":"info","ts":1776204922.7316322,"logger":"frankenphp","msg":"async worker thread started","worker":"m#/app/worker.php_0","thread":106}
{"level":"info","ts":1776204922.7318292,"logger":"frankenphp","msg":"async worker thread started","worker":"m#/app/worker.php_0","thread":108}
{"level":"info","ts":1776204922.731749,"logger":"frankenphp","msg":"async worker thread started","worker":"m#/app/worker.php_0","thread":107}
{"level":"info","ts":1776204922.7318482,"logger":"frankenphp","msg":"async worker thread started","worker":"m#/app/worker.php_0","thread":109}
{"level":"info","ts":1776204922.7319221,"logger":"frankenphp","msg":"async worker thread started","worker":"m#/app/worker.php_0","thread":110}
{"level":"info","ts":1776204922.7319403,"logger":"frankenphp","msg":"async worker thread started","worker":"m#/app/worker.php_0","thread":111}
{"level":"info","ts":1776204922.7319689,"logger":"frankenphp","msg":"async worker thread started","worker":"m#/app/worker.php_0","thread":112}
{"level":"info","ts":1776204922.7320151,"logger":"frankenphp","msg":"async worker thread started","worker":"m#/app/worker.php_0","thread":113}
{"level":"info","ts":1776204922.7320952,"logger":"frankenphp","msg":"async worker thread started","worker":"m#/app/worker.php_0","thread":114}
{"level":"info","ts":1776204922.732107,"logger":"frankenphp","msg":"async worker thread started","worker":"m#/app/worker.php_0","thread":115}
{"level":"info","ts":1776204922.7321875,"logger":"frankenphp","msg":"async worker thread started","worker":"m#/app/worker.php_0","thread":116}
{"level":"info","ts":1776204922.732193,"logger":"frankenphp","msg":"async worker thread started","worker":"m#/app/worker.php_0","thread":117}
{"level":"info","ts":1776204922.7322733,"logger":"frankenphp","msg":"async worker thread started","worker":"m#/app/worker.php_0","thread":118}
{"level":"info","ts":1776204922.7322886,"logger":"frankenphp","msg":"async worker thread started","worker":"m#/app/worker.php_0","thread":119}
{"level":"info","ts":1776204922.7323854,"logger":"frankenphp","msg":"async worker thread started","worker":"m#/app/worker.php_0","thread":120}
{"level":"info","ts":1776204922.732432,"logger":"frankenphp","msg":"async worker thread started","worker":"m#/app/worker.php_0","thread":121}
{"level":"info","ts":1776204922.7324848,"logger":"frankenphp","msg":"async worker thread started","worker":"m#/app/worker.php_0","thread":122}
{"level":"info","ts":1776204922.7325447,"logger":"frankenphp","msg":"async worker thread started","worker":"m#/app/worker.php_0","thread":123}
{"level":"info","ts":1776204922.732592,"logger":"frankenphp","msg":"async worker thread started","worker":"m#/app/worker.php_0","thread":124}
{"level":"info","ts":1776204922.7327716,"logger":"frankenphp","msg":"async worker thread started","worker":"m#/app/worker.php_0","thread":125}
{"level":"info","ts":1776204922.7328908,"logger":"frankenphp","msg":"async worker thread started","worker":"m#/app/worker.php_0","thread":126}
{"level":"info","ts":1776204922.7329042,"logger":"frankenphp","msg":"async worker thread started","worker":"m#/app/worker.php_0","thread":127}
{"level":"info","ts":1776204922.732954,"logger":"frankenphp","msg":"async worker thread started","worker":"m#/app/worker.php_0","thread":128}
{"level":"info","ts":1776204922.7330232,"logger":"frankenphp","msg":"FrankenPHP started 🐘","php_version":"8.6.0-dev","num_threads":129,"max_threads":129}
{"level":"warn","ts":1776204922.7334635,"logger":"http","msg":"HTTP/2 skipped because it requires TLS","network":"tcp","addr":":8080"}
{"level":"warn","ts":1776204922.733472,"logger":"http","msg":"HTTP/3 skipped because it requires TLS","network":"tcp","addr":":8080"}
{"level":"info","ts":1776204922.7334747,"logger":"http.log","msg":"server running","name":"srv0","protocols":["h1","h2","h3"]}
{"level":"info","ts":1776204922.733532,"logger":"http","msg":"enabling HTTP/3 listener","addr":":8443"}
{"level":"info","ts":1776204922.7336724,"logger":"http.log","msg":"server running","name":"srv1","protocols":["h1","h2","h3"]}
{"level":"info","ts":1776204922.7393937,"msg":"autosaved config (load with --resume flag)","file":"/root/.config/caddy/autosave.json"}
{"level":"info","ts":1776204922.7394016,"msg":"serving initial configuration"}
{"level":"info","ts":1776204922.742334,"logger":"tls","msg":"cleaning storage unit","storage":"FileStorage:/root/.local/share/caddy"}
{"level":"info","ts":1776204922.747474,"logger":"tls","msg":"finished cleaning storage units"}
