{"level":"info","ts":1776988910.2905977,"msg":"maxprocs: Leaving GOMAXPROCS=64: CPU quota undefined"}
{"level":"info","ts":1776988910.2906148,"msg":"GOMEMLIMIT is updated","GOMEMLIMIT":243039869337,"previous":9223372036854775807}
{"level":"info","ts":1776988910.2906172,"msg":"using config from file","file":"/etc/caddy/Caddyfile"}
{"level":"info","ts":1776988910.290619,"msg":"adapted config to JSON","adapter":"caddyfile"}
{"level":"warn","ts":1776988910.2906213,"logger":"admin","msg":"admin endpoint disabled"}
{"level":"info","ts":1776988910.2909093,"logger":"tls.cache.maintenance","msg":"started background certificate maintenance","cache":"0x2ba6afb84200"}
{"level":"info","ts":1776988910.2910361,"logger":"http.auto_https","msg":"automatic HTTPS is completely disabled for server","server_name":"srv0"}
{"level":"info","ts":1776988910.291049,"logger":"http.auto_https","msg":"automatic HTTPS is completely disabled for server","server_name":"srv1"}
{"level":"info","ts":1776988910.2977726,"logger":"tls","msg":"cleaning storage unit","storage":"FileStorage:/root/.local/share/caddy"}
{"level":"info","ts":1776988910.3008878,"logger":"tls","msg":"finished cleaning storage units"}
{"level":"info","ts":1776988910.3955176,"logger":"frankenphp","msg":"async worker thread started","worker":"m#/app/worker.php","thread":3}
{"level":"info","ts":1776988910.3954926,"logger":"frankenphp","msg":"async worker thread started","worker":"m#/app/worker.php","thread":2}
{"level":"info","ts":1776988910.395498,"logger":"frankenphp","msg":"async worker thread started","worker":"m#/app/worker.php","thread":1}
{"level":"info","ts":1776988910.3955936,"logger":"frankenphp","msg":"async worker thread started","worker":"m#/app/worker.php","thread":4}
{"level":"info","ts":1776988910.3956263,"logger":"frankenphp","msg":"async worker thread started","worker":"m#/app/worker.php","thread":5}
{"level":"info","ts":1776988910.3956683,"logger":"frankenphp","msg":"async worker thread started","worker":"m#/app/worker.php","thread":6}
{"level":"info","ts":1776988910.3957515,"logger":"frankenphp","msg":"async worker thread started","worker":"m#/app/worker.php","thread":8}
{"level":"info","ts":1776988910.3957546,"logger":"frankenphp","msg":"async worker thread started","worker":"m#/app/worker.php","thread":7}
{"level":"info","ts":1776988910.3958263,"logger":"frankenphp","msg":"async worker thread started","worker":"m#/app/worker.php","thread":10}
{"level":"info","ts":1776988910.395821,"logger":"frankenphp","msg":"async worker thread started","worker":"m#/app/worker.php","thread":9}
{"level":"info","ts":1776988910.395933,"logger":"frankenphp","msg":"async worker thread started","worker":"m#/app/worker.php","thread":11}
{"level":"info","ts":1776988910.3959782,"logger":"frankenphp","msg":"async worker thread started","worker":"m#/app/worker.php","thread":12}
{"level":"info","ts":1776988910.3960502,"logger":"frankenphp","msg":"async worker thread started","worker":"m#/app/worker.php","thread":14}
{"level":"info","ts":1776988910.3960342,"logger":"frankenphp","msg":"async worker thread started","worker":"m#/app/worker.php","thread":13}
{"level":"info","ts":1776988910.3961082,"logger":"frankenphp","msg":"async worker thread started","worker":"m#/app/worker.php","thread":15}
{"level":"info","ts":1776988910.3962107,"logger":"frankenphp","msg":"async worker thread started","worker":"m#/app/worker.php","thread":16}
{"level":"info","ts":1776988910.396261,"logger":"frankenphp","msg":"async worker thread started","worker":"m#/app/worker.php","thread":17}
{"level":"info","ts":1776988910.3964124,"logger":"frankenphp","msg":"async worker thread started","worker":"m#/app/worker.php","thread":20}
{"level":"info","ts":1776988910.3964345,"logger":"frankenphp","msg":"async worker thread started","worker":"m#/app/worker.php","thread":19}
{"level":"info","ts":1776988910.3966439,"logger":"frankenphp","msg":"async worker thread started","worker":"m#/app/worker.php","thread":18}
{"level":"info","ts":1776988910.3965979,"logger":"frankenphp","msg":"async worker thread started","worker":"m#/app/worker.php","thread":22}
{"level":"info","ts":1776988910.3968797,"logger":"frankenphp","msg":"async worker thread started","worker":"m#/app/worker.php","thread":24}
{"level":"info","ts":1776988910.3964171,"logger":"frankenphp","msg":"async worker thread started","worker":"m#/app/worker.php","thread":21}
{"level":"info","ts":1776988910.3968837,"logger":"frankenphp","msg":"async worker thread started","worker":"m#/app/worker.php","thread":23}
{"level":"info","ts":1776988910.3971007,"logger":"frankenphp","msg":"async worker thread started","worker":"m#/app/worker.php","thread":25}
{"level":"info","ts":1776988910.397289,"logger":"frankenphp","msg":"async worker thread started","worker":"m#/app/worker.php","thread":26}
{"level":"info","ts":1776988910.397419,"logger":"frankenphp","msg":"async worker thread started","worker":"m#/app/worker.php","thread":27}
{"level":"info","ts":1776988910.4147265,"logger":"frankenphp","msg":"async worker thread started","worker":"m#/app/worker.php","thread":28}
{"level":"info","ts":1776988910.414811,"logger":"frankenphp","msg":"async worker thread started","worker":"m#/app/worker.php","thread":29}
{"level":"info","ts":1776988910.4266374,"logger":"frankenphp","msg":"async worker thread started","worker":"m#/app/worker.php","thread":30}
{"level":"info","ts":1776988910.4267817,"logger":"frankenphp","msg":"async worker thread started","worker":"m#/app/worker.php","thread":31}
{"level":"info","ts":1776988910.4267962,"logger":"frankenphp","msg":"async worker thread started","worker":"m#/app/worker.php","thread":33}
{"level":"info","ts":1776988910.426986,"logger":"frankenphp","msg":"async worker thread started","worker":"m#/app/worker.php","thread":32}
{"level":"info","ts":1776988910.4271634,"logger":"frankenphp","msg":"async worker thread started","worker":"m#/app/worker.php","thread":34}
{"level":"info","ts":1776988910.4271986,"logger":"frankenphp","msg":"async worker thread started","worker":"m#/app/worker.php","thread":35}
{"level":"info","ts":1776988910.4273586,"logger":"frankenphp","msg":"async worker thread started","worker":"m#/app/worker.php","thread":36}
{"level":"info","ts":1776988910.4274514,"logger":"frankenphp","msg":"async worker thread started","worker":"m#/app/worker.php","thread":38}
{"level":"info","ts":1776988910.427437,"logger":"frankenphp","msg":"async worker thread started","worker":"m#/app/worker.php","thread":37}
{"level":"info","ts":1776988910.4276009,"logger":"frankenphp","msg":"async worker thread started","worker":"m#/app/worker.php","thread":39}
{"level":"info","ts":1776988910.42758,"logger":"frankenphp","msg":"async worker thread started","worker":"m#/app/worker.php","thread":40}
{"level":"info","ts":1776988910.427637,"logger":"frankenphp","msg":"async worker thread started","worker":"m#/app/worker.php","thread":41}
{"level":"info","ts":1776988910.4277515,"logger":"frankenphp","msg":"async worker thread started","worker":"m#/app/worker.php","thread":42}
{"level":"info","ts":1776988910.4278677,"logger":"frankenphp","msg":"async worker thread started","worker":"m#/app/worker.php","thread":44}
{"level":"info","ts":1776988910.4279902,"logger":"frankenphp","msg":"async worker thread started","worker":"m#/app/worker.php","thread":45}
{"level":"info","ts":1776988910.4280283,"logger":"frankenphp","msg":"async worker thread started","worker":"m#/app/worker.php","thread":43}
{"level":"info","ts":1776988910.4437118,"logger":"frankenphp","msg":"async worker thread started","worker":"m#/app/worker.php","thread":46}
{"level":"info","ts":1776988910.443719,"logger":"frankenphp","msg":"async worker thread started","worker":"m#/app/worker.php","thread":47}
{"level":"info","ts":1776988910.4438424,"logger":"frankenphp","msg":"async worker thread started","worker":"m#/app/worker.php","thread":48}
{"level":"info","ts":1776988910.4439387,"logger":"frankenphp","msg":"async worker thread started","worker":"m#/app/worker.php","thread":49}
{"level":"info","ts":1776988910.4439647,"logger":"frankenphp","msg":"async worker thread started","worker":"m#/app/worker.php","thread":50}
{"level":"info","ts":1776988910.4440203,"logger":"frankenphp","msg":"async worker thread started","worker":"m#/app/worker.php","thread":51}
{"level":"info","ts":1776988910.4441085,"logger":"frankenphp","msg":"async worker thread started","worker":"m#/app/worker.php","thread":52}
{"level":"info","ts":1776988910.4441323,"logger":"frankenphp","msg":"async worker thread started","worker":"m#/app/worker.php","thread":53}
{"level":"info","ts":1776988910.4441867,"logger":"frankenphp","msg":"async worker thread started","worker":"m#/app/worker.php","thread":54}
{"level":"info","ts":1776988910.44426,"logger":"frankenphp","msg":"async worker thread started","worker":"m#/app/worker.php","thread":55}
{"level":"info","ts":1776988910.4443514,"logger":"frankenphp","msg":"async worker thread started","worker":"m#/app/worker.php","thread":56}
{"level":"info","ts":1776988910.4444842,"logger":"frankenphp","msg":"async worker thread started","worker":"m#/app/worker.php","thread":57}
{"level":"info","ts":1776988910.4447296,"logger":"frankenphp","msg":"async worker thread started","worker":"m#/app/worker.php","thread":60}
{"level":"info","ts":1776988910.4447038,"logger":"frankenphp","msg":"async worker thread started","worker":"m#/app/worker.php","thread":58}
{"level":"info","ts":1776988910.4447906,"logger":"frankenphp","msg":"async worker thread started","worker":"m#/app/worker.php","thread":61}
{"level":"info","ts":1776988910.444708,"logger":"frankenphp","msg":"async worker thread started","worker":"m#/app/worker.php","thread":59}
{"level":"info","ts":1776988910.444941,"logger":"frankenphp","msg":"async worker thread started","worker":"m#/app/worker.php","thread":63}
{"level":"info","ts":1776988910.4448826,"logger":"frankenphp","msg":"async worker thread started","worker":"m#/app/worker.php","thread":62}
{"level":"info","ts":1776988910.4449813,"logger":"frankenphp","msg":"async worker thread started","worker":"m#/app/worker.php","thread":64}
{"level":"info","ts":1776988910.4450805,"logger":"frankenphp","msg":"async worker thread started","worker":"m#/app/worker.php_0","thread":65}
{"level":"info","ts":1776988910.4451354,"logger":"frankenphp","msg":"async worker thread started","worker":"m#/app/worker.php_0","thread":67}
{"level":"info","ts":1776988910.4451535,"logger":"frankenphp","msg":"async worker thread started","worker":"m#/app/worker.php_0","thread":66}
{"level":"info","ts":1776988910.4451895,"logger":"frankenphp","msg":"async worker thread started","worker":"m#/app/worker.php_0","thread":68}
{"level":"info","ts":1776988910.4453263,"logger":"frankenphp","msg":"async worker thread started","worker":"m#/app/worker.php_0","thread":70}
{"level":"info","ts":1776988910.4453347,"logger":"frankenphp","msg":"async worker thread started","worker":"m#/app/worker.php_0","thread":69}
{"level":"info","ts":1776988910.4454193,"logger":"frankenphp","msg":"async worker thread started","worker":"m#/app/worker.php_0","thread":72}
{"level":"info","ts":1776988910.4456575,"logger":"frankenphp","msg":"async worker thread started","worker":"m#/app/worker.php_0","thread":75}
{"level":"info","ts":1776988910.4455855,"logger":"frankenphp","msg":"async worker thread started","worker":"m#/app/worker.php_0","thread":73}
{"level":"info","ts":1776988910.4455776,"logger":"frankenphp","msg":"async worker thread started","worker":"m#/app/worker.php_0","thread":74}
{"level":"info","ts":1776988910.4454613,"logger":"frankenphp","msg":"async worker thread started","worker":"m#/app/worker.php_0","thread":71}
{"level":"info","ts":1776988910.446696,"logger":"frankenphp","msg":"async worker thread started","worker":"m#/app/worker.php_0","thread":84}
{"level":"info","ts":1776988910.4457343,"logger":"frankenphp","msg":"async worker thread started","worker":"m#/app/worker.php_0","thread":76}
{"level":"info","ts":1776988910.446624,"logger":"frankenphp","msg":"async worker thread started","worker":"m#/app/worker.php_0","thread":85}
{"level":"info","ts":1776988910.4466152,"logger":"frankenphp","msg":"async worker thread started","worker":"m#/app/worker.php_0","thread":86}
{"level":"info","ts":1776988910.446398,"logger":"frankenphp","msg":"async worker thread started","worker":"m#/app/worker.php_0","thread":83}
{"level":"info","ts":1776988910.446298,"logger":"frankenphp","msg":"async worker thread started","worker":"m#/app/worker.php_0","thread":82}
{"level":"info","ts":1776988910.4461086,"logger":"frankenphp","msg":"async worker thread started","worker":"m#/app/worker.php_0","thread":79}
{"level":"info","ts":1776988910.4462674,"logger":"frankenphp","msg":"async worker thread started","worker":"m#/app/worker.php_0","thread":81}
{"level":"info","ts":1776988910.4461496,"logger":"frankenphp","msg":"async worker thread started","worker":"m#/app/worker.php_0","thread":80}
{"level":"info","ts":1776988910.4459116,"logger":"frankenphp","msg":"async worker thread started","worker":"m#/app/worker.php_0","thread":78}
{"level":"info","ts":1776988910.4457755,"logger":"frankenphp","msg":"async worker thread started","worker":"m#/app/worker.php_0","thread":77}
{"level":"info","ts":1776988910.466797,"logger":"frankenphp","msg":"async worker thread started","worker":"m#/app/worker.php_0","thread":87}
{"level":"info","ts":1776988910.4668908,"logger":"frankenphp","msg":"async worker thread started","worker":"m#/app/worker.php_0","thread":88}
{"level":"info","ts":1776988910.466964,"logger":"frankenphp","msg":"async worker thread started","worker":"m#/app/worker.php_0","thread":89}
{"level":"info","ts":1776988910.4670978,"logger":"frankenphp","msg":"async worker thread started","worker":"m#/app/worker.php_0","thread":90}
{"level":"info","ts":1776988910.467171,"logger":"frankenphp","msg":"async worker thread started","worker":"m#/app/worker.php_0","thread":91}
{"level":"info","ts":1776988910.4672754,"logger":"frankenphp","msg":"async worker thread started","worker":"m#/app/worker.php_0","thread":93}
{"level":"info","ts":1776988910.4673057,"logger":"frankenphp","msg":"async worker thread started","worker":"m#/app/worker.php_0","thread":92}
{"level":"info","ts":1776988910.4674015,"logger":"frankenphp","msg":"async worker thread started","worker":"m#/app/worker.php_0","thread":94}
{"level":"info","ts":1776988910.4674613,"logger":"frankenphp","msg":"async worker thread started","worker":"m#/app/worker.php_0","thread":95}
{"level":"info","ts":1776988910.467533,"logger":"frankenphp","msg":"async worker thread started","worker":"m#/app/worker.php_0","thread":96}
{"level":"info","ts":1776988910.4676852,"logger":"frankenphp","msg":"async worker thread started","worker":"m#/app/worker.php_0","thread":97}
{"level":"info","ts":1776988910.467768,"logger":"frankenphp","msg":"async worker thread started","worker":"m#/app/worker.php_0","thread":98}
{"level":"info","ts":1776988910.467795,"logger":"frankenphp","msg":"async worker thread started","worker":"m#/app/worker.php_0","thread":99}
{"level":"info","ts":1776988910.4678736,"logger":"frankenphp","msg":"async worker thread started","worker":"m#/app/worker.php_0","thread":100}
{"level":"info","ts":1776988910.467999,"logger":"frankenphp","msg":"async worker thread started","worker":"m#/app/worker.php_0","thread":102}
{"level":"info","ts":1776988910.467996,"logger":"frankenphp","msg":"async worker thread started","worker":"m#/app/worker.php_0","thread":101}
{"level":"info","ts":1776988910.4681127,"logger":"frankenphp","msg":"async worker thread started","worker":"m#/app/worker.php_0","thread":103}
{"level":"info","ts":1776988910.4680405,"logger":"frankenphp","msg":"async worker thread started","worker":"m#/app/worker.php_0","thread":104}
{"level":"info","ts":1776988910.4681368,"logger":"frankenphp","msg":"async worker thread started","worker":"m#/app/worker.php_0","thread":105}
{"level":"info","ts":1776988910.468346,"logger":"frankenphp","msg":"async worker thread started","worker":"m#/app/worker.php_0","thread":107}
{"level":"info","ts":1776988910.468284,"logger":"frankenphp","msg":"async worker thread started","worker":"m#/app/worker.php_0","thread":106}
{"level":"info","ts":1776988910.468415,"logger":"frankenphp","msg":"async worker thread started","worker":"m#/app/worker.php_0","thread":108}
{"level":"info","ts":1776988910.468443,"logger":"frankenphp","msg":"async worker thread started","worker":"m#/app/worker.php_0","thread":109}
{"level":"info","ts":1776988910.4684618,"logger":"frankenphp","msg":"async worker thread started","worker":"m#/app/worker.php_0","thread":110}
{"level":"info","ts":1776988910.4685426,"logger":"frankenphp","msg":"async worker thread started","worker":"m#/app/worker.php_0","thread":111}
{"level":"info","ts":1776988910.4685948,"logger":"frankenphp","msg":"async worker thread started","worker":"m#/app/worker.php_0","thread":112}
{"level":"info","ts":1776988910.4686615,"logger":"frankenphp","msg":"async worker thread started","worker":"m#/app/worker.php_0","thread":113}
{"level":"info","ts":1776988910.4687114,"logger":"frankenphp","msg":"async worker thread started","worker":"m#/app/worker.php_0","thread":114}
{"level":"info","ts":1776988910.4687703,"logger":"frankenphp","msg":"async worker thread started","worker":"m#/app/worker.php_0","thread":115}
{"level":"info","ts":1776988910.4688118,"logger":"frankenphp","msg":"async worker thread started","worker":"m#/app/worker.php_0","thread":116}
{"level":"info","ts":1776988910.4689143,"logger":"frankenphp","msg":"async worker thread started","worker":"m#/app/worker.php_0","thread":117}
{"level":"info","ts":1776988910.4690683,"logger":"frankenphp","msg":"async worker thread started","worker":"m#/app/worker.php_0","thread":118}
{"level":"info","ts":1776988910.469074,"logger":"frankenphp","msg":"async worker thread started","worker":"m#/app/worker.php_0","thread":119}
{"level":"info","ts":1776988910.46913,"logger":"frankenphp","msg":"async worker thread started","worker":"m#/app/worker.php_0","thread":120}
{"level":"info","ts":1776988910.4692953,"logger":"frankenphp","msg":"async worker thread started","worker":"m#/app/worker.php_0","thread":121}
{"level":"info","ts":1776988910.4693155,"logger":"frankenphp","msg":"async worker thread started","worker":"m#/app/worker.php_0","thread":122}
{"level":"info","ts":1776988910.4693654,"logger":"frankenphp","msg":"async worker thread started","worker":"m#/app/worker.php_0","thread":123}
{"level":"info","ts":1776988910.46944,"logger":"frankenphp","msg":"async worker thread started","worker":"m#/app/worker.php_0","thread":124}
{"level":"info","ts":1776988910.4695418,"logger":"frankenphp","msg":"async worker thread started","worker":"m#/app/worker.php_0","thread":126}
{"level":"info","ts":1776988910.4694486,"logger":"frankenphp","msg":"async worker thread started","worker":"m#/app/worker.php_0","thread":125}
{"level":"info","ts":1776988910.4696443,"logger":"frankenphp","msg":"async worker thread started","worker":"m#/app/worker.php_0","thread":127}
{"level":"info","ts":1776988910.4696953,"logger":"frankenphp","msg":"async worker thread started","worker":"m#/app/worker.php_0","thread":128}
{"level":"info","ts":1776988910.4697778,"logger":"frankenphp","msg":"FrankenPHP started 🐘","php_version":"8.6.0-dev","num_threads":129,"max_threads":129}
{"level":"warn","ts":1776988910.4702146,"logger":"http","msg":"HTTP/2 skipped because it requires TLS","network":"tcp","addr":":8080"}
{"level":"warn","ts":1776988910.47022,"logger":"http","msg":"HTTP/3 skipped because it requires TLS","network":"tcp","addr":":8080"}
{"level":"info","ts":1776988910.470222,"logger":"http.log","msg":"server running","name":"srv0","protocols":["h1","h2","h3"]}
{"level":"info","ts":1776988910.4702508,"logger":"http","msg":"enabling HTTP/3 listener","addr":":8443"}
{"level":"info","ts":1776988910.4704287,"logger":"http.log","msg":"server running","name":"srv1","protocols":["h1","h2","h3"]}
{"level":"info","ts":1776988910.4707873,"msg":"autosaved config (load with --resume flag)","file":"/root/.config/caddy/autosave.json"}
{"level":"info","ts":1776988910.4707956,"msg":"serving initial configuration"}
