{"time":"2026-04-24T00:35:03.800126812Z","level":"INFO","msg":"Server started","http":":80"}
=> Booting Puma
=> Rails 8.1.3 application starting in production 
=> Run `bin/rails server --help` for more startup options
[13] Puma starting in cluster mode...
[13] * Puma version: 7.2.0 ("On The Corner")
[13] * Ruby version: ruby 4.0.3 (2026-04-21 revision 85ddef263a) +YJIT +MN +PRISM [x86_64-linux]
[13] *  Min threads: 3
[13] *  Max threads: 3
[13] *  Environment: production
[13] *   Master PID: 13
[13] *      Workers: 64
[13] *     Restarts: (✔) hot (✖) phased (✖) refork
[13] * Preloading application
[13] * Listening on http://0.0.0.0:8080
[13] Use Ctrl-C to stop
[13] ! WARNING: Detected `RUBY_MN_THREADS=1`
[13] ! This setting is known to cause performance regressions with Puma.
[13] ! Consider disabling this environment variable: https://github.com/puma/puma/issues/3720
[13] - Worker 0 (PID: 18) booted in 0.14s, phase: 0
[13] - Worker 1 (PID: 22) booted in 0.14s, phase: 0
[13] - Worker 2 (PID: 26) booted in 0.14s, phase: 0
[13] - Worker 3 (PID: 30) booted in 0.14s, phase: 0
[13] - Worker 4 (PID: 34) booted in 0.14s, phase: 0
[13] - Worker 5 (PID: 38) booted in 0.13s, phase: 0
[13] - Worker 6 (PID: 43) booted in 0.13s, phase: 0
[13] - Worker 7 (PID: 48) booted in 0.13s, phase: 0
[13] - Worker 8 (PID: 53) booted in 0.13s, phase: 0
[13] - Worker 9 (PID: 58) booted in 0.13s, phase: 0
[13] - Worker 10 (PID: 63) booted in 0.12s, phase: 0
[13] - Worker 11 (PID: 69) booted in 0.12s, phase: 0
[13] - Worker 12 (PID: 75) booted in 0.12s, phase: 0
[13] - Worker 13 (PID: 81) booted in 0.12s, phase: 0
[13] - Worker 14 (PID: 91) booted in 0.11s, phase: 0
[13] - Worker 15 (PID: 97) booted in 0.11s, phase: 0
[13] - Worker 16 (PID: 103) booted in 0.11s, phase: 0
[13] - Worker 17 (PID: 109) booted in 0.11s, phase: 0
[13] - Worker 18 (PID: 114) booted in 0.11s, phase: 0
[13] - Worker 19 (PID: 119) booted in 0.11s, phase: 0
[13] - Worker 20 (PID: 125) booted in 0.11s, phase: 0
[13] - Worker 21 (PID: 131) booted in 0.1s, phase: 0
[13] - Worker 22 (PID: 137) booted in 0.1s, phase: 0
[13] - Worker 23 (PID: 142) booted in 0.1s, phase: 0
[13] - Worker 24 (PID: 147) booted in 0.1s, phase: 0
[13] - Worker 25 (PID: 153) booted in 0.1s, phase: 0
[13] - Worker 26 (PID: 159) booted in 0.09s, phase: 0
[13] - Worker 27 (PID: 165) booted in 0.09s, phase: 0
[13] - Worker 28 (PID: 171) booted in 0.09s, phase: 0
[13] - Worker 29 (PID: 179) booted in 0.09s, phase: 0
[13] - Worker 30 (PID: 188) booted in 0.08s, phase: 0
[13] - Worker 31 (PID: 193) booted in 0.08s, phase: 0
[13] - Worker 32 (PID: 199) booted in 0.08s, phase: 0
[13] - Worker 33 (PID: 204) booted in 0.08s, phase: 0
[13] - Worker 34 (PID: 210) booted in 0.08s, phase: 0
[13] - Worker 35 (PID: 215) booted in 0.08s, phase: 0
[13] - Worker 36 (PID: 222) booted in 0.07s, phase: 0
[13] - Worker 37 (PID: 227) booted in 0.07s, phase: 0
[13] - Worker 38 (PID: 232) booted in 0.07s, phase: 0
[13] - Worker 39 (PID: 238) booted in 0.07s, phase: 0
[13] - Worker 40 (PID: 243) booted in 0.07s, phase: 0
[13] - Worker 41 (PID: 249) booted in 0.06s, phase: 0
[13] - Worker 42 (PID: 255) booted in 0.06s, phase: 0
[13] - Worker 43 (PID: 261) booted in 0.06s, phase: 0
[13] - Worker 44 (PID: 267) booted in 0.06s, phase: 0
[13] - Worker 45 (PID: 273) booted in 0.06s, phase: 0
[13] - Worker 46 (PID: 279) booted in 0.05s, phase: 0
[13] - Worker 47 (PID: 285) booted in 0.05s, phase: 0
[13] - Worker 48 (PID: 291) booted in 0.05s, phase: 0
[13] - Worker 49 (PID: 297) booted in 0.05s, phase: 0
[13] - Worker 50 (PID: 303) booted in 0.05s, phase: 0
[13] - Worker 51 (PID: 309) booted in 0.04s, phase: 0
[13] - Worker 52 (PID: 315) booted in 0.04s, phase: 0
[13] - Worker 53 (PID: 321) booted in 0.04s, phase: 0
[13] - Worker 54 (PID: 327) booted in 0.04s, phase: 0
[13] - Worker 55 (PID: 333) booted in 0.04s, phase: 0
[13] - Worker 56 (PID: 339) booted in 0.04s, phase: 0
[13] - Worker 57 (PID: 345) booted in 0.03s, phase: 0
[13] - Worker 58 (PID: 351) booted in 0.03s, phase: 0
[13] - Worker 59 (PID: 357) booted in 0.03s, phase: 0
[13] - Worker 60 (PID: 363) booted in 0.03s, phase: 0
[13] - Worker 61 (PID: 369) booted in 0.03s, phase: 0
[13] - Worker 62 (PID: 375) booted in 0.02s, phase: 0
[13] - Worker 63 (PID: 381) booted in 0.02s, phase: 0
