[1] Puma starting in cluster mode...
[1] * Puma version: 7.2.0 ("On The Corner")
[1] * Ruby version: ruby 4.0.2 (2026-03-17 revision d3da9fec82) +YJIT +MN +PRISM [x86_64-linux]
[1] *  Min threads: 4
[1] *  Max threads: 4
[1] *  Environment: production
[1] *   Master PID: 1
[1] *      Workers: 64
[1] *     Restarts: (✔) hot (✖) phased (✖) refork
[1] * Preloading application
[1] * Listening on http://0.0.0.0:8080
[1] Use Ctrl-C to stop
[1] ! WARNING: Detected `RUBY_MN_THREADS=1`
[1] ! This setting is known to cause performance regressions with Puma.
[1] ! Consider disabling this environment variable: https://github.com/puma/puma/issues/3720
[1] - Worker 0 (PID: 8) booted in 0.11s, phase: 0
[1] - Worker 1 (PID: 12) booted in 0.11s, phase: 0
[1] - Worker 2 (PID: 16) booted in 0.11s, phase: 0
[1] - Worker 3 (PID: 20) booted in 0.1s, phase: 0
[1] - Worker 4 (PID: 24) booted in 0.1s, phase: 0
[1] - Worker 5 (PID: 28) booted in 0.1s, phase: 0
[1] - Worker 6 (PID: 32) booted in 0.1s, phase: 0
[1] - Worker 7 (PID: 36) booted in 0.1s, phase: 0
[1] - Worker 8 (PID: 41) booted in 0.1s, phase: 0
[1] - Worker 9 (PID: 46) booted in 0.1s, phase: 0
[1] - Worker 10 (PID: 51) booted in 0.09s, phase: 0
[1] - Worker 11 (PID: 56) booted in 0.09s, phase: 0
[1] - Worker 12 (PID: 62) booted in 0.09s, phase: 0
[1] - Worker 13 (PID: 66) booted in 0.09s, phase: 0
[1] - Worker 14 (PID: 76) booted in 0.09s, phase: 0
[1] - Worker 15 (PID: 82) booted in 0.09s, phase: 0
[1] - Worker 16 (PID: 88) booted in 0.08s, phase: 0
[1] - Worker 17 (PID: 94) booted in 0.08s, phase: 0
[1] - Worker 18 (PID: 100) booted in 0.08s, phase: 0
[1] - Worker 19 (PID: 106) booted in 0.08s, phase: 0
[1] - Worker 20 (PID: 110) booted in 0.08s, phase: 0
[1] - Worker 21 (PID: 116) booted in 0.08s, phase: 0
[1] - Worker 22 (PID: 122) booted in 0.08s, phase: 0
[1] - Worker 23 (PID: 127) booted in 0.08s, phase: 0
[1] - Worker 24 (PID: 133) booted in 0.08s, phase: 0
[1] - Worker 25 (PID: 139) booted in 0.07s, phase: 0
[1] - Worker 26 (PID: 145) booted in 0.07s, phase: 0
[1] - Worker 27 (PID: 150) booted in 0.07s, phase: 0
[1] - Worker 28 (PID: 155) booted in 0.07s, phase: 0
[1] - Worker 29 (PID: 165) booted in 0.07s, phase: 0
[1] - Worker 30 (PID: 175) booted in 0.07s, phase: 0
[1] - Worker 31 (PID: 179) booted in 0.06s, phase: 0
[1] - Worker 32 (PID: 186) booted in 0.06s, phase: 0
[1] - Worker 33 (PID: 191) booted in 0.06s, phase: 0
[1] - Worker 34 (PID: 196) booted in 0.06s, phase: 0
[1] - Worker 35 (PID: 201) booted in 0.06s, phase: 0
[1] - Worker 36 (PID: 207) booted in 0.06s, phase: 0
[1] - Worker 37 (PID: 212) booted in 0.06s, phase: 0
[1] - Worker 38 (PID: 217) booted in 0.05s, phase: 0
[1] - Worker 39 (PID: 223) booted in 0.05s, phase: 0
[1] - Worker 40 (PID: 228) booted in 0.05s, phase: 0
[1] - Worker 41 (PID: 233) booted in 0.05s, phase: 0
[1] - Worker 42 (PID: 238) booted in 0.05s, phase: 0
[1] - Worker 43 (PID: 244) booted in 0.05s, phase: 0
[1] - Worker 44 (PID: 249) booted in 0.05s, phase: 0
[1] - Worker 45 (PID: 254) booted in 0.05s, phase: 0
[1] - Worker 46 (PID: 260) booted in 0.04s, phase: 0
[1] - Worker 47 (PID: 266) booted in 0.04s, phase: 0
[1] - Worker 48 (PID: 272) booted in 0.04s, phase: 0
[1] - Worker 49 (PID: 278) booted in 0.04s, phase: 0
[1] - Worker 50 (PID: 284) booted in 0.04s, phase: 0
[1] - Worker 51 (PID: 289) booted in 0.04s, phase: 0
[1] - Worker 52 (PID: 296) booted in 0.04s, phase: 0
[1] - Worker 53 (PID: 302) booted in 0.04s, phase: 0
[1] - Worker 54 (PID: 308) booted in 0.03s, phase: 0
[1] - Worker 55 (PID: 314) booted in 0.03s, phase: 0
[1] - Worker 56 (PID: 320) booted in 0.03s, phase: 0
[1] - Worker 57 (PID: 326) booted in 0.03s, phase: 0
[1] - Worker 58 (PID: 332) booted in 0.03s, phase: 0
[1] - Worker 59 (PID: 338) booted in 0.03s, phase: 0
[1] - Worker 60 (PID: 344) booted in 0.03s, phase: 0
[1] - Worker 61 (PID: 350) booted in 0.02s, phase: 0
[1] - Worker 62 (PID: 356) booted in 0.02s, phase: 0
[1] - Worker 63 (PID: 362) booted in 0.02s, phase: 0
