Apr 14, 2026 6:51:33 PM io.helidon.logging.jul.JulProvider doConfigureLogging
INFO: Logging at runtime configured using defaults
WARNING: A terminally deprecated method in sun.misc.Unsafe has been called
WARNING: sun.misc.Unsafe::arrayBaseOffset has been called by com.google.protobuf.UnsafeUtil$MemoryAccessor (file:/app/libs/protobuf-java-4.31.1.jar)
WARNING: Please consider reporting this to the maintainers of class com.google.protobuf.UnsafeUtil$MemoryAccessor
WARNING: sun.misc.Unsafe::arrayBaseOffset will be removed in a future release
Apr 14, 2026 6:51:33 PM io.helidon.common.features.HelidonFeatures features
INFO: Helidon SE 4.4.1 features: [Config, Encoding, JSON, Media, Registry, Tracing, WebServer]
Apr 14, 2026 6:51:33 PM io.helidon.webserver.ServerListener startIt
INFO: [0x1ed91c56] http://0.0.0.0:8080 bound for socket '@default'
Apr 14, 2026 6:51:33 PM io.helidon.common.features.HelidonFeatures features
WARNING: You are using incubating features. These APIs are not production ready!
Apr 14, 2026 6:51:33 PM io.helidon.common.features.HelidonFeatures lambda$features$8
INFO: 	Incubating feature: JSON Binding (JSON/Binding)
Apr 14, 2026 6:51:33 PM io.helidon.common.features.HelidonFeatures features
INFO: You are using preview features. These APIs are production ready, yet may change more frequently. Please follow Helidon release changelog!
Apr 14, 2026 6:51:33 PM io.helidon.common.features.HelidonFeatures lambda$features$11
INFO: 	Preview feature: GRPC (WebServer/GRPC)
Apr 14, 2026 6:51:33 PM io.helidon.webserver.ServerListener startIt
INFO: [0x50e49e5c] https://0.0.0.0:8081 bound for socket 'h1-tls'
Apr 14, 2026 6:51:33 PM io.helidon.webserver.ServerListener startIt
INFO: [0x76f1be53] https://0.0.0.0:8443 bound for socket 'h2-tls'
Apr 14, 2026 6:51:33 PM io.helidon.webserver.LoomServer startIt
INFO: Started all channels in 36 milliseconds. 949 milliseconds since JVM startup. Java 25.0.2+10-LTS
Helidon HttpArena server started on ports: 
plain (8080)
https (8443)
h1tls (8081)
Apr 14, 2026 6:51:39 PM io.helidon.common.socket.SocketContext log
WARNING: [0x76f1be53 0x6c8e8349] Request failed: HttpPrologue[protocol=HTTP, protocolVersion=2.0, method=GET, uriPath=/static/vendor.js, query=, fragment=], cannot send error response, as response already sent
io.helidon.http.RequestException: newPosition > limit: (16709 > 40)
	at io.helidon.http.RequestException$Builder.build(RequestException.java:157)
	at io.helidon.webserver.http.ErrorHandlers.unhandledError(ErrorHandlers.java:205)
	at io.helidon.webserver.http.ErrorHandlers.lambda$handleError$1(ErrorHandlers.java:180)
	at java.base/java.util.Optional.ifPresentOrElse(Unknown Source)
	at io.helidon.webserver.http.ErrorHandlers.handleError(ErrorHandlers.java:179)
	at io.helidon.webserver.http.ErrorHandlers.runWithErrorHandling(ErrorHandlers.java:113)
	at io.helidon.webserver.http.Filters.filter(Filters.java:83)
	at io.helidon.webserver.http.HttpRoutingImpl.route(HttpRoutingImpl.java:74)
	at io.helidon.webserver.http2.Http2ServerStream.handle(Http2ServerStream.java:603)
	at io.helidon.webserver.http2.Http2ServerStream.run(Http2ServerStream.java:318)
	at io.helidon.webserver.http2.Http2Connection$StreamRunnable.run(Http2Connection.java:906)
	at java.base/java.util.concurrent.Executors$RunnableAdapter.call(Unknown Source)
	at java.base/java.util.concurrent.FutureTask.run(Unknown Source)
	at java.base/java.util.concurrent.ThreadPerTaskExecutor$ThreadBoundFuture.run(Unknown Source)
	at java.base/java.lang.VirtualThread.run(Unknown Source)
Caused by: java.lang.IllegalArgumentException: newPosition > limit: (16709 > 40)
	at java.base/java.nio.Buffer.createPositionException(Unknown Source)
	at java.base/java.nio.Buffer.position(Unknown Source)
	at java.base/java.nio.ByteBuffer.position(Unknown Source)
	at java.base/java.nio.ByteBuffer.put(Unknown Source)
	at java.base/sun.nio.ch.IOUtil.write(Unknown Source)
	at java.base/sun.nio.ch.IOUtil.write(Unknown Source)
	at java.base/sun.nio.ch.SocketChannelImpl.implWrite(Unknown Source)
	at java.base/sun.nio.ch.SocketChannelImpl.write(Unknown Source)
	at io.helidon.common.socket.NioSocket.write(NioSocket.java:188)
	at io.helidon.common.socket.TlsNioSocket.wrapAndSend(TlsNioSocket.java:430)
	at io.helidon.common.socket.TlsNioSocket.doWrite(TlsNioSocket.java:389)
	at io.helidon.common.socket.TlsNioSocket.write(TlsNioSocket.java:192)
	at io.helidon.common.socket.SocketWriter.writeNow(SocketWriter.java:81)
	at io.helidon.http.http2.Http2ConnectionWriter.noLockWrite(Http2ConnectionWriter.java:200)
	at io.helidon.http.http2.Http2ConnectionWriter.lockedWrite(Http2ConnectionWriter.java:173)
	at io.helidon.http.http2.Http2ConnectionWriter.splitAndWrite(Http2ConnectionWriter.java:210)
	at io.helidon.http.http2.Http2ConnectionWriter.writeData(Http2ConnectionWriter.java:65)
	at io.helidon.http.http2.Http2ConnectionWriter.writeHeaders(Http2ConnectionWriter.java:148)
	at io.helidon.webserver.http2.Http2ServerStream.writeHeadersWithData(Http2ServerStream.java:424)
	at io.helidon.webserver.http2.Http2ServerResponse.send(Http2ServerResponse.java:156)
	at io.helidon.webserver.http2.Http2ServerResponse.send(Http2ServerResponse.java:99)
	at com.httparena.StaticHandler.handle(StaticHandler.java:72)
	at io.helidon.webserver.http.HttpRoutingImpl$RoutingExecutor.doRoute(HttpRoutingImpl.java:174)
	at io.helidon.webserver.http.HttpRoutingImpl$RoutingExecutor.call(HttpRoutingImpl.java:132)
	at io.helidon.webserver.http.HttpRoutingImpl$RoutingExecutor.call(HttpRoutingImpl.java:110)
	at io.helidon.webserver.http.ErrorHandlers.runWithErrorHandling(ErrorHandlers.java:76)
	... 9 more

Apr 14, 2026 6:51:39 PM io.helidon.common.socket.SocketContext log
WARNING: [0x76f1be53 0x043d160b] Request failed: HttpPrologue[protocol=HTTP, protocolVersion=2.0, method=GET, uriPath=/static/analytics.js, query=, fragment=], cannot send error response, as response already sent
io.helidon.http.RequestException: newPosition > limit: (83 > 40)
	at io.helidon.http.RequestException$Builder.build(RequestException.java:157)
	at io.helidon.webserver.http.ErrorHandlers.unhandledError(ErrorHandlers.java:205)
	at io.helidon.webserver.http.ErrorHandlers.lambda$handleError$1(ErrorHandlers.java:180)
	at java.base/java.util.Optional.ifPresentOrElse(Unknown Source)
	at io.helidon.webserver.http.ErrorHandlers.handleError(ErrorHandlers.java:179)
	at io.helidon.webserver.http.ErrorHandlers.runWithErrorHandling(ErrorHandlers.java:113)
	at io.helidon.webserver.http.Filters.filter(Filters.java:83)
	at io.helidon.webserver.http.HttpRoutingImpl.route(HttpRoutingImpl.java:74)
	at io.helidon.webserver.http2.Http2ServerStream.handle(Http2ServerStream.java:603)
	at io.helidon.webserver.http2.Http2ServerStream.run(Http2ServerStream.java:318)
	at io.helidon.webserver.http2.Http2Connection$StreamRunnable.run(Http2Connection.java:906)
	at java.base/java.util.concurrent.Executors$RunnableAdapter.call(Unknown Source)
	at java.base/java.util.concurrent.FutureTask.run(Unknown Source)
	at java.base/java.util.concurrent.ThreadPerTaskExecutor$ThreadBoundFuture.run(Unknown Source)
	at java.base/java.lang.VirtualThread.run(Unknown Source)
Caused by: java.lang.IllegalArgumentException: newPosition > limit: (83 > 40)
	at java.base/java.nio.Buffer.createPositionException(Unknown Source)
	at java.base/java.nio.Buffer.position(Unknown Source)
	at java.base/java.nio.ByteBuffer.position(Unknown Source)
	at java.base/sun.nio.ch.IOUtil.write(Unknown Source)
	at java.base/sun.nio.ch.IOUtil.write(Unknown Source)
	at java.base/sun.nio.ch.SocketChannelImpl.implWrite(Unknown Source)
	at java.base/sun.nio.ch.SocketChannelImpl.write(Unknown Source)
	at io.helidon.common.socket.NioSocket.write(NioSocket.java:188)
	at io.helidon.common.socket.TlsNioSocket.wrapAndSend(TlsNioSocket.java:430)
	at io.helidon.common.socket.TlsNioSocket.doWrite(TlsNioSocket.java:389)
	at io.helidon.common.socket.TlsNioSocket.write(TlsNioSocket.java:192)
	at io.helidon.common.socket.SocketWriter.writeNow(SocketWriter.java:81)
	at io.helidon.http.http2.Http2ConnectionWriter.noLockWrite(Http2ConnectionWriter.java:200)
	at io.helidon.http.http2.Http2ConnectionWriter.writeHeaders(Http2ConnectionWriter.java:93)
	at io.helidon.http.http2.Http2ConnectionWriter.writeHeaders(Http2ConnectionWriter.java:147)
	at io.helidon.webserver.http2.Http2ServerStream.writeHeadersWithData(Http2ServerStream.java:424)
	at io.helidon.webserver.http2.Http2ServerResponse.send(Http2ServerResponse.java:156)
	at io.helidon.webserver.http2.Http2ServerResponse.send(Http2ServerResponse.java:99)
	at com.httparena.StaticHandler.handle(StaticHandler.java:72)
	at io.helidon.webserver.http.HttpRoutingImpl$RoutingExecutor.doRoute(HttpRoutingImpl.java:174)
	at io.helidon.webserver.http.HttpRoutingImpl$RoutingExecutor.call(HttpRoutingImpl.java:132)
	at io.helidon.webserver.http.HttpRoutingImpl$RoutingExecutor.call(HttpRoutingImpl.java:110)
	at io.helidon.webserver.http.ErrorHandlers.runWithErrorHandling(ErrorHandlers.java:76)
	... 9 more

Apr 14, 2026 6:51:46 PM io.helidon.common.socket.SocketContext log
WARNING: [0x76f1be53 0x2257ca61] Request failed: HttpPrologue[protocol=HTTP, protocolVersion=2.0, method=GET, uriPath=/static/hero.webp, query=, fragment=], cannot send error response, as response already sent
io.helidon.http.RequestException: newPosition > limit: (13359 > 40)
	at io.helidon.http.RequestException$Builder.build(RequestException.java:157)
	at io.helidon.webserver.http.ErrorHandlers.unhandledError(ErrorHandlers.java:205)
	at io.helidon.webserver.http.ErrorHandlers.lambda$handleError$1(ErrorHandlers.java:180)
	at java.base/java.util.Optional.ifPresentOrElse(Unknown Source)
	at io.helidon.webserver.http.ErrorHandlers.handleError(ErrorHandlers.java:179)
	at io.helidon.webserver.http.ErrorHandlers.runWithErrorHandling(ErrorHandlers.java:113)
	at io.helidon.webserver.http.Filters.filter(Filters.java:83)
	at io.helidon.webserver.http.HttpRoutingImpl.route(HttpRoutingImpl.java:74)
	at io.helidon.webserver.http2.Http2ServerStream.handle(Http2ServerStream.java:603)
	at io.helidon.webserver.http2.Http2ServerStream.run(Http2ServerStream.java:318)
	at io.helidon.webserver.http2.Http2Connection$StreamRunnable.run(Http2Connection.java:906)
	at java.base/java.util.concurrent.Executors$RunnableAdapter.call(Unknown Source)
	at java.base/java.util.concurrent.FutureTask.run(Unknown Source)
	at java.base/java.util.concurrent.ThreadPerTaskExecutor$ThreadBoundFuture.run(Unknown Source)
	at java.base/java.lang.VirtualThread.run(Unknown Source)
Caused by: java.lang.IllegalArgumentException: newPosition > limit: (13359 > 40)
	at java.base/java.nio.Buffer.createPositionException(Unknown Source)
	at java.base/java.nio.Buffer.position(Unknown Source)
	at java.base/java.nio.ByteBuffer.position(Unknown Source)
	at java.base/sun.nio.ch.IOUtil.write(Unknown Source)
	at java.base/sun.nio.ch.IOUtil.write(Unknown Source)
	at java.base/sun.nio.ch.SocketChannelImpl.implWrite(Unknown Source)
	at java.base/sun.nio.ch.SocketChannelImpl.write(Unknown Source)
	at io.helidon.common.socket.NioSocket.write(NioSocket.java:188)
	at io.helidon.common.socket.TlsNioSocket.wrapAndSend(TlsNioSocket.java:430)
	at io.helidon.common.socket.TlsNioSocket.doWrite(TlsNioSocket.java:389)
	at io.helidon.common.socket.TlsNioSocket.write(TlsNioSocket.java:192)
	at io.helidon.common.socket.SocketWriter.writeNow(SocketWriter.java:81)
	at io.helidon.http.http2.Http2ConnectionWriter.noLockWrite(Http2ConnectionWriter.java:200)
	at io.helidon.http.http2.Http2ConnectionWriter.lockedWrite(Http2ConnectionWriter.java:173)
	at io.helidon.http.http2.Http2ConnectionWriter.splitAndWrite(Http2ConnectionWriter.java:210)
	at io.helidon.http.http2.Http2ConnectionWriter.writeData(Http2ConnectionWriter.java:65)
	at io.helidon.http.http2.Http2ConnectionWriter.writeHeaders(Http2ConnectionWriter.java:148)
	at io.helidon.webserver.http2.Http2ServerStream.writeHeadersWithData(Http2ServerStream.java:424)
	at io.helidon.webserver.http2.Http2ServerResponse.send(Http2ServerResponse.java:156)
	at io.helidon.webserver.http2.Http2ServerResponse.send(Http2ServerResponse.java:99)
	at com.httparena.StaticHandler.handle(StaticHandler.java:84)
	at io.helidon.webserver.http.HttpRoutingImpl$RoutingExecutor.doRoute(HttpRoutingImpl.java:174)
	at io.helidon.webserver.http.HttpRoutingImpl$RoutingExecutor.call(HttpRoutingImpl.java:132)
	at io.helidon.webserver.http.HttpRoutingImpl$RoutingExecutor.call(HttpRoutingImpl.java:110)
	at io.helidon.webserver.http.ErrorHandlers.runWithErrorHandling(ErrorHandlers.java:76)
	... 9 more

Apr 14, 2026 6:51:46 PM io.helidon.common.socket.SocketContext log
WARNING: [0x76f1be53 0x34c0b548] Request failed: HttpPrologue[protocol=HTTP, protocolVersion=2.0, method=GET, uriPath=/static/vendor.js, query=, fragment=], cannot send error response, as response already sent
io.helidon.http.RequestException: newPosition > limit: (16405 > 40)
	at io.helidon.http.RequestException$Builder.build(RequestException.java:157)
	at io.helidon.webserver.http.ErrorHandlers.unhandledError(ErrorHandlers.java:205)
	at io.helidon.webserver.http.ErrorHandlers.lambda$handleError$1(ErrorHandlers.java:180)
	at java.base/java.util.Optional.ifPresentOrElse(Unknown Source)
	at io.helidon.webserver.http.ErrorHandlers.handleError(ErrorHandlers.java:179)
	at io.helidon.webserver.http.ErrorHandlers.runWithErrorHandling(ErrorHandlers.java:113)
	at io.helidon.webserver.http.Filters.filter(Filters.java:83)
	at io.helidon.webserver.http.HttpRoutingImpl.route(HttpRoutingImpl.java:74)
	at io.helidon.webserver.http2.Http2ServerStream.handle(Http2ServerStream.java:603)
	at io.helidon.webserver.http2.Http2ServerStream.run(Http2ServerStream.java:318)
	at io.helidon.webserver.http2.Http2Connection$StreamRunnable.run(Http2Connection.java:906)
	at java.base/java.util.concurrent.Executors$RunnableAdapter.call(Unknown Source)
	at java.base/java.util.concurrent.FutureTask.run(Unknown Source)
	at java.base/java.util.concurrent.ThreadPerTaskExecutor$ThreadBoundFuture.run(Unknown Source)
	at java.base/java.lang.VirtualThread.run(Unknown Source)
Caused by: java.lang.IllegalArgumentException: newPosition > limit: (16405 > 40)
	at java.base/java.nio.Buffer.createPositionException(Unknown Source)
	at java.base/java.nio.Buffer.position(Unknown Source)
	at java.base/java.nio.ByteBuffer.position(Unknown Source)
	at java.base/sun.nio.ch.IOUtil.write(Unknown Source)
	at java.base/sun.nio.ch.IOUtil.write(Unknown Source)
	at java.base/sun.nio.ch.SocketChannelImpl.implWrite(Unknown Source)
	at java.base/sun.nio.ch.SocketChannelImpl.write(Unknown Source)
	at io.helidon.common.socket.NioSocket.write(NioSocket.java:188)
	at io.helidon.common.socket.TlsNioSocket.wrapAndSend(TlsNioSocket.java:430)
	at io.helidon.common.socket.TlsNioSocket.doWrite(TlsNioSocket.java:389)
	at io.helidon.common.socket.TlsNioSocket.write(TlsNioSocket.java:192)
	at io.helidon.common.socket.SocketWriter.writeNow(SocketWriter.java:81)
	at io.helidon.http.http2.Http2ConnectionWriter.noLockWrite(Http2ConnectionWriter.java:200)
	at io.helidon.http.http2.Http2ConnectionWriter.lockedWrite(Http2ConnectionWriter.java:173)
	at io.helidon.http.http2.Http2ConnectionWriter.splitAndWrite(Http2ConnectionWriter.java:210)
	at io.helidon.http.http2.Http2ConnectionWriter.writeData(Http2ConnectionWriter.java:65)
	at io.helidon.http.http2.Http2ConnectionWriter.writeHeaders(Http2ConnectionWriter.java:148)
	at io.helidon.webserver.http2.Http2ServerStream.writeHeadersWithData(Http2ServerStream.java:424)
	at io.helidon.webserver.http2.Http2ServerResponse.send(Http2ServerResponse.java:156)
	at io.helidon.webserver.http2.Http2ServerResponse.send(Http2ServerResponse.java:99)
	at com.httparena.StaticHandler.handle(StaticHandler.java:72)
	at io.helidon.webserver.http.HttpRoutingImpl$RoutingExecutor.doRoute(HttpRoutingImpl.java:174)
	at io.helidon.webserver.http.HttpRoutingImpl$RoutingExecutor.call(HttpRoutingImpl.java:132)
	at io.helidon.webserver.http.HttpRoutingImpl$RoutingExecutor.call(HttpRoutingImpl.java:110)
	at io.helidon.webserver.http.ErrorHandlers.runWithErrorHandling(ErrorHandlers.java:76)
	... 9 more

Apr 14, 2026 6:51:46 PM io.helidon.common.socket.SocketContext log
WARNING: [0x76f1be53 0x60073add] Request failed: HttpPrologue[protocol=HTTP, protocolVersion=2.0, method=GET, uriPath=/static/vendor.js, query=, fragment=], cannot send error response, as response already sent
io.helidon.http.RequestException: newPosition > limit: (16405 > 40)
	at io.helidon.http.RequestException$Builder.build(RequestException.java:157)
	at io.helidon.webserver.http.ErrorHandlers.unhandledError(ErrorHandlers.java:205)
	at io.helidon.webserver.http.ErrorHandlers.lambda$handleError$1(ErrorHandlers.java:180)
	at java.base/java.util.Optional.ifPresentOrElse(Unknown Source)
	at io.helidon.webserver.http.ErrorHandlers.handleError(ErrorHandlers.java:179)
	at io.helidon.webserver.http.ErrorHandlers.runWithErrorHandling(ErrorHandlers.java:113)
	at io.helidon.webserver.http.Filters.filter(Filters.java:83)
	at io.helidon.webserver.http.HttpRoutingImpl.route(HttpRoutingImpl.java:74)
	at io.helidon.webserver.http2.Http2ServerStream.handle(Http2ServerStream.java:603)
	at io.helidon.webserver.http2.Http2ServerStream.run(Http2ServerStream.java:318)
	at io.helidon.webserver.http2.Http2Connection$StreamRunnable.run(Http2Connection.java:906)
	at java.base/java.util.concurrent.Executors$RunnableAdapter.call(Unknown Source)
	at java.base/java.util.concurrent.FutureTask.run(Unknown Source)
	at java.base/java.util.concurrent.ThreadPerTaskExecutor$ThreadBoundFuture.run(Unknown Source)
	at java.base/java.lang.VirtualThread.run(Unknown Source)
Caused by: java.lang.IllegalArgumentException: newPosition > limit: (16405 > 40)
	at java.base/java.nio.Buffer.createPositionException(Unknown Source)
	at java.base/java.nio.Buffer.position(Unknown Source)
	at java.base/java.nio.ByteBuffer.position(Unknown Source)
	at java.base/sun.nio.ch.IOUtil.write(Unknown Source)
	at java.base/sun.nio.ch.IOUtil.write(Unknown Source)
	at java.base/sun.nio.ch.SocketChannelImpl.implWrite(Unknown Source)
	at java.base/sun.nio.ch.SocketChannelImpl.write(Unknown Source)
	at io.helidon.common.socket.NioSocket.write(NioSocket.java:188)
	at io.helidon.common.socket.TlsNioSocket.wrapAndSend(TlsNioSocket.java:430)
	at io.helidon.common.socket.TlsNioSocket.doWrite(TlsNioSocket.java:389)
	at io.helidon.common.socket.TlsNioSocket.write(TlsNioSocket.java:192)
	at io.helidon.common.socket.SocketWriter.writeNow(SocketWriter.java:81)
	at io.helidon.http.http2.Http2ConnectionWriter.noLockWrite(Http2ConnectionWriter.java:200)
	at io.helidon.http.http2.Http2ConnectionWriter.lockedWrite(Http2ConnectionWriter.java:173)
	at io.helidon.http.http2.Http2ConnectionWriter.splitAndWrite(Http2ConnectionWriter.java:210)
	at io.helidon.http.http2.Http2ConnectionWriter.writeData(Http2ConnectionWriter.java:65)
	at io.helidon.http.http2.Http2ConnectionWriter.writeHeaders(Http2ConnectionWriter.java:148)
	at io.helidon.webserver.http2.Http2ServerStream.writeHeadersWithData(Http2ServerStream.java:424)
	at io.helidon.webserver.http2.Http2ServerResponse.send(Http2ServerResponse.java:156)
	at io.helidon.webserver.http2.Http2ServerResponse.send(Http2ServerResponse.java:99)
	at com.httparena.StaticHandler.handle(StaticHandler.java:72)
	at io.helidon.webserver.http.HttpRoutingImpl$RoutingExecutor.doRoute(HttpRoutingImpl.java:174)
	at io.helidon.webserver.http.HttpRoutingImpl$RoutingExecutor.call(HttpRoutingImpl.java:132)
	at io.helidon.webserver.http.HttpRoutingImpl$RoutingExecutor.call(HttpRoutingImpl.java:110)
	at io.helidon.webserver.http.ErrorHandlers.runWithErrorHandling(ErrorHandlers.java:76)
	... 9 more

Apr 14, 2026 6:51:46 PM io.helidon.common.socket.SocketContext log
WARNING: [0x76f1be53 0x50659a2e] Request failed: HttpPrologue[protocol=HTTP, protocolVersion=2.0, method=GET, uriPath=/static/vendor.js, query=, fragment=], cannot send error response, as response already sent
io.helidon.http.RequestException: newPosition > limit: (16405 > 40)
	at io.helidon.http.RequestException$Builder.build(RequestException.java:157)
	at io.helidon.webserver.http.ErrorHandlers.unhandledError(ErrorHandlers.java:205)
	at io.helidon.webserver.http.ErrorHandlers.lambda$handleError$1(ErrorHandlers.java:180)
	at java.base/java.util.Optional.ifPresentOrElse(Unknown Source)
	at io.helidon.webserver.http.ErrorHandlers.handleError(ErrorHandlers.java:179)
	at io.helidon.webserver.http.ErrorHandlers.runWithErrorHandling(ErrorHandlers.java:113)
	at io.helidon.webserver.http.Filters.filter(Filters.java:83)
	at io.helidon.webserver.http.HttpRoutingImpl.route(HttpRoutingImpl.java:74)
	at io.helidon.webserver.http2.Http2ServerStream.handle(Http2ServerStream.java:603)
	at io.helidon.webserver.http2.Http2ServerStream.run(Http2ServerStream.java:318)
	at io.helidon.webserver.http2.Http2Connection$StreamRunnable.run(Http2Connection.java:906)
	at java.base/java.util.concurrent.Executors$RunnableAdapter.call(Unknown Source)
	at java.base/java.util.concurrent.FutureTask.run(Unknown Source)
	at java.base/java.util.concurrent.ThreadPerTaskExecutor$ThreadBoundFuture.run(Unknown Source)
	at java.base/java.lang.VirtualThread.run(Unknown Source)
Caused by: java.lang.IllegalArgumentException: newPosition > limit: (16405 > 40)
	at java.base/java.nio.Buffer.createPositionException(Unknown Source)
	at java.base/java.nio.Buffer.position(Unknown Source)
	at java.base/java.nio.ByteBuffer.position(Unknown Source)
	at java.base/sun.nio.ch.IOUtil.write(Unknown Source)
	at java.base/sun.nio.ch.IOUtil.write(Unknown Source)
	at java.base/sun.nio.ch.SocketChannelImpl.implWrite(Unknown Source)
	at java.base/sun.nio.ch.SocketChannelImpl.write(Unknown Source)
	at io.helidon.common.socket.NioSocket.write(NioSocket.java:188)
	at io.helidon.common.socket.TlsNioSocket.wrapAndSend(TlsNioSocket.java:430)
	at io.helidon.common.socket.TlsNioSocket.doWrite(TlsNioSocket.java:389)
	at io.helidon.common.socket.TlsNioSocket.write(TlsNioSocket.java:192)
	at io.helidon.common.socket.SocketWriter.writeNow(SocketWriter.java:81)
	at io.helidon.http.http2.Http2ConnectionWriter.noLockWrite(Http2ConnectionWriter.java:200)
	at io.helidon.http.http2.Http2ConnectionWriter.lockedWrite(Http2ConnectionWriter.java:173)
	at io.helidon.http.http2.Http2ConnectionWriter.splitAndWrite(Http2ConnectionWriter.java:210)
	at io.helidon.http.http2.Http2ConnectionWriter.writeData(Http2ConnectionWriter.java:65)
	at io.helidon.http.http2.Http2ConnectionWriter.writeHeaders(Http2ConnectionWriter.java:148)
	at io.helidon.webserver.http2.Http2ServerStream.writeHeadersWithData(Http2ServerStream.java:424)
	at io.helidon.webserver.http2.Http2ServerResponse.send(Http2ServerResponse.java:156)
	at io.helidon.webserver.http2.Http2ServerResponse.send(Http2ServerResponse.java:99)
	at com.httparena.StaticHandler.handle(StaticHandler.java:72)
	at io.helidon.webserver.http.HttpRoutingImpl$RoutingExecutor.doRoute(HttpRoutingImpl.java:174)
	at io.helidon.webserver.http.HttpRoutingImpl$RoutingExecutor.call(HttpRoutingImpl.java:132)
	at io.helidon.webserver.http.HttpRoutingImpl$RoutingExecutor.call(HttpRoutingImpl.java:110)
	at io.helidon.webserver.http.ErrorHandlers.runWithErrorHandling(ErrorHandlers.java:76)
	... 9 more

Apr 14, 2026 6:51:46 PM io.helidon.common.socket.SocketContext log
WARNING: [0x76f1be53 0x16472a1a] Request failed: HttpPrologue[protocol=HTTP, protocolVersion=2.0, method=GET, uriPath=/static/bold.woff2, query=, fragment=], cannot send error response, as response already sent
io.helidon.http.RequestException: newPosition > limit: (16405 > 40)
	at io.helidon.http.RequestException$Builder.build(RequestException.java:157)
	at io.helidon.webserver.http.ErrorHandlers.unhandledError(ErrorHandlers.java:205)
	at io.helidon.webserver.http.ErrorHandlers.lambda$handleError$1(ErrorHandlers.java:180)
	at java.base/java.util.Optional.ifPresentOrElse(Unknown Source)
	at io.helidon.webserver.http.ErrorHandlers.handleError(ErrorHandlers.java:179)
	at io.helidon.webserver.http.ErrorHandlers.runWithErrorHandling(ErrorHandlers.java:113)
	at io.helidon.webserver.http.Filters.filter(Filters.java:83)
	at io.helidon.webserver.http.HttpRoutingImpl.route(HttpRoutingImpl.java:74)
	at io.helidon.webserver.http2.Http2ServerStream.handle(Http2ServerStream.java:603)
	at io.helidon.webserver.http2.Http2ServerStream.run(Http2ServerStream.java:318)
	at io.helidon.webserver.http2.Http2Connection$StreamRunnable.run(Http2Connection.java:906)
	at java.base/java.util.concurrent.Executors$RunnableAdapter.call(Unknown Source)
	at java.base/java.util.concurrent.FutureTask.run(Unknown Source)
	at java.base/java.util.concurrent.ThreadPerTaskExecutor$ThreadBoundFuture.run(Unknown Source)
	at java.base/java.lang.VirtualThread.run(Unknown Source)
Caused by: java.lang.IllegalArgumentException: newPosition > limit: (16405 > 40)
	at java.base/java.nio.Buffer.createPositionException(Unknown Source)
	at java.base/java.nio.Buffer.position(Unknown Source)
	at java.base/java.nio.ByteBuffer.position(Unknown Source)
	at java.base/sun.nio.ch.IOUtil.write(Unknown Source)
	at java.base/sun.nio.ch.IOUtil.write(Unknown Source)
	at java.base/sun.nio.ch.SocketChannelImpl.implWrite(Unknown Source)
	at java.base/sun.nio.ch.SocketChannelImpl.write(Unknown Source)
	at io.helidon.common.socket.NioSocket.write(NioSocket.java:188)
	at io.helidon.common.socket.TlsNioSocket.wrapAndSend(TlsNioSocket.java:430)
	at io.helidon.common.socket.TlsNioSocket.doWrite(TlsNioSocket.java:389)
	at io.helidon.common.socket.TlsNioSocket.write(TlsNioSocket.java:192)
	at io.helidon.common.socket.SocketWriter.writeNow(SocketWriter.java:81)
	at io.helidon.http.http2.Http2ConnectionWriter.noLockWrite(Http2ConnectionWriter.java:200)
	at io.helidon.http.http2.Http2ConnectionWriter.lockedWrite(Http2ConnectionWriter.java:173)
	at io.helidon.http.http2.Http2ConnectionWriter.splitAndWrite(Http2ConnectionWriter.java:210)
	at io.helidon.http.http2.Http2ConnectionWriter.writeData(Http2ConnectionWriter.java:65)
	at io.helidon.http.http2.Http2ConnectionWriter.writeHeaders(Http2ConnectionWriter.java:148)
	at io.helidon.webserver.http2.Http2ServerStream.writeHeadersWithData(Http2ServerStream.java:424)
	at io.helidon.webserver.http2.Http2ServerResponse.send(Http2ServerResponse.java:156)
	at io.helidon.webserver.http2.Http2ServerResponse.send(Http2ServerResponse.java:99)
	at com.httparena.StaticHandler.handle(StaticHandler.java:84)
	at io.helidon.webserver.http.HttpRoutingImpl$RoutingExecutor.doRoute(HttpRoutingImpl.java:174)
	at io.helidon.webserver.http.HttpRoutingImpl$RoutingExecutor.call(HttpRoutingImpl.java:132)
	at io.helidon.webserver.http.HttpRoutingImpl$RoutingExecutor.call(HttpRoutingImpl.java:110)
	at io.helidon.webserver.http.ErrorHandlers.runWithErrorHandling(ErrorHandlers.java:76)
	... 9 more

Apr 14, 2026 6:51:53 PM io.helidon.common.socket.SocketContext log
WARNING: [0x76f1be53 0x2b8a80cc] Request failed: HttpPrologue[protocol=HTTP, protocolVersion=2.0, method=GET, uriPath=/static/header.html, query=, fragment=], cannot send error response, as response already sent
io.helidon.http.RequestException: newPosition > limit: (9437 > 40)
	at io.helidon.http.RequestException$Builder.build(RequestException.java:157)
	at io.helidon.webserver.http.ErrorHandlers.unhandledError(ErrorHandlers.java:205)
	at io.helidon.webserver.http.ErrorHandlers.lambda$handleError$1(ErrorHandlers.java:180)
	at java.base/java.util.Optional.ifPresentOrElse(Unknown Source)
	at io.helidon.webserver.http.ErrorHandlers.handleError(ErrorHandlers.java:179)
	at io.helidon.webserver.http.ErrorHandlers.runWithErrorHandling(ErrorHandlers.java:113)
	at io.helidon.webserver.http.Filters.filter(Filters.java:83)
	at io.helidon.webserver.http.HttpRoutingImpl.route(HttpRoutingImpl.java:74)
	at io.helidon.webserver.http2.Http2ServerStream.handle(Http2ServerStream.java:603)
	at io.helidon.webserver.http2.Http2ServerStream.run(Http2ServerStream.java:318)
	at io.helidon.webserver.http2.Http2Connection$StreamRunnable.run(Http2Connection.java:906)
	at java.base/java.util.concurrent.Executors$RunnableAdapter.call(Unknown Source)
	at java.base/java.util.concurrent.FutureTask.run(Unknown Source)
	at java.base/java.util.concurrent.ThreadPerTaskExecutor$ThreadBoundFuture.run(Unknown Source)
	at java.base/java.lang.VirtualThread.run(Unknown Source)
Caused by: java.lang.IllegalArgumentException: newPosition > limit: (9437 > 40)
	at java.base/java.nio.Buffer.createPositionException(Unknown Source)
	at java.base/java.nio.Buffer.position(Unknown Source)
	at java.base/java.nio.ByteBuffer.position(Unknown Source)
	at java.base/sun.nio.ch.IOUtil.write(Unknown Source)
	at java.base/sun.nio.ch.IOUtil.write(Unknown Source)
	at java.base/sun.nio.ch.SocketChannelImpl.implWrite(Unknown Source)
	at java.base/sun.nio.ch.SocketChannelImpl.write(Unknown Source)
	at io.helidon.common.socket.NioSocket.write(NioSocket.java:188)
	at io.helidon.common.socket.TlsNioSocket.wrapAndSend(TlsNioSocket.java:430)
	at io.helidon.common.socket.TlsNioSocket.doWrite(TlsNioSocket.java:389)
	at io.helidon.common.socket.TlsNioSocket.write(TlsNioSocket.java:192)
	at io.helidon.common.socket.SocketWriter.writeNow(SocketWriter.java:81)
	at io.helidon.http.http2.Http2ConnectionWriter.noLockWrite(Http2ConnectionWriter.java:200)
	at io.helidon.http.http2.Http2ConnectionWriter.lockedWrite(Http2ConnectionWriter.java:173)
	at io.helidon.http.http2.Http2ConnectionWriter.splitAndWrite(Http2ConnectionWriter.java:210)
	at io.helidon.http.http2.Http2ConnectionWriter.writeData(Http2ConnectionWriter.java:65)
	at io.helidon.http.http2.Http2ConnectionWriter.writeHeaders(Http2ConnectionWriter.java:148)
	at io.helidon.webserver.http2.Http2ServerStream.writeHeadersWithData(Http2ServerStream.java:424)
	at io.helidon.webserver.http2.Http2ServerResponse.send(Http2ServerResponse.java:156)
	at io.helidon.webserver.http2.Http2ServerResponse.send(Http2ServerResponse.java:99)
	at com.httparena.StaticHandler.handle(StaticHandler.java:72)
	at io.helidon.webserver.http.HttpRoutingImpl$RoutingExecutor.doRoute(HttpRoutingImpl.java:174)
	at io.helidon.webserver.http.HttpRoutingImpl$RoutingExecutor.call(HttpRoutingImpl.java:132)
	at io.helidon.webserver.http.HttpRoutingImpl$RoutingExecutor.call(HttpRoutingImpl.java:110)
	at io.helidon.webserver.http.ErrorHandlers.runWithErrorHandling(ErrorHandlers.java:76)
	... 9 more

Apr 14, 2026 6:51:53 PM io.helidon.common.socket.SocketContext log
WARNING: [0x76f1be53 0x42aebd19] Request failed: HttpPrologue[protocol=HTTP, protocolVersion=2.0, method=GET, uriPath=/static/thumb1.webp, query=, fragment=], cannot send error response, as response already sent
io.helidon.http.RequestException: newPosition > limit: (82 > 40)
	at io.helidon.http.RequestException$Builder.build(RequestException.java:157)
	at io.helidon.webserver.http.ErrorHandlers.unhandledError(ErrorHandlers.java:205)
	at io.helidon.webserver.http.ErrorHandlers.lambda$handleError$1(ErrorHandlers.java:180)
	at java.base/java.util.Optional.ifPresentOrElse(Unknown Source)
	at io.helidon.webserver.http.ErrorHandlers.handleError(ErrorHandlers.java:179)
	at io.helidon.webserver.http.ErrorHandlers.runWithErrorHandling(ErrorHandlers.java:113)
	at io.helidon.webserver.http.Filters.filter(Filters.java:83)
	at io.helidon.webserver.http.HttpRoutingImpl.route(HttpRoutingImpl.java:74)
	at io.helidon.webserver.http2.Http2ServerStream.handle(Http2ServerStream.java:603)
	at io.helidon.webserver.http2.Http2ServerStream.run(Http2ServerStream.java:318)
	at io.helidon.webserver.http2.Http2Connection$StreamRunnable.run(Http2Connection.java:906)
	at java.base/java.util.concurrent.Executors$RunnableAdapter.call(Unknown Source)
	at java.base/java.util.concurrent.FutureTask.run(Unknown Source)
	at java.base/java.util.concurrent.ThreadPerTaskExecutor$ThreadBoundFuture.run(Unknown Source)
	at java.base/java.lang.VirtualThread.run(Unknown Source)
Caused by: java.lang.IllegalArgumentException: newPosition > limit: (82 > 40)
	at java.base/java.nio.Buffer.createPositionException(Unknown Source)
	at java.base/java.nio.Buffer.position(Unknown Source)
	at java.base/java.nio.ByteBuffer.position(Unknown Source)
	at java.base/sun.nio.ch.IOUtil.write(Unknown Source)
	at java.base/sun.nio.ch.IOUtil.write(Unknown Source)
	at java.base/sun.nio.ch.SocketChannelImpl.implWrite(Unknown Source)
	at java.base/sun.nio.ch.SocketChannelImpl.write(Unknown Source)
	at io.helidon.common.socket.NioSocket.write(NioSocket.java:188)
	at io.helidon.common.socket.TlsNioSocket.wrapAndSend(TlsNioSocket.java:430)
	at io.helidon.common.socket.TlsNioSocket.doWrite(TlsNioSocket.java:389)
	at io.helidon.common.socket.TlsNioSocket.write(TlsNioSocket.java:192)
	at io.helidon.common.socket.SocketWriter.writeNow(SocketWriter.java:81)
	at io.helidon.http.http2.Http2ConnectionWriter.noLockWrite(Http2ConnectionWriter.java:200)
	at io.helidon.http.http2.Http2ConnectionWriter.writeHeaders(Http2ConnectionWriter.java:93)
	at io.helidon.http.http2.Http2ConnectionWriter.writeHeaders(Http2ConnectionWriter.java:147)
	at io.helidon.webserver.http2.Http2ServerStream.writeHeadersWithData(Http2ServerStream.java:424)
	at io.helidon.webserver.http2.Http2ServerResponse.send(Http2ServerResponse.java:156)
	at io.helidon.webserver.http2.Http2ServerResponse.send(Http2ServerResponse.java:99)
	at com.httparena.StaticHandler.handle(StaticHandler.java:84)
	at io.helidon.webserver.http.HttpRoutingImpl$RoutingExecutor.doRoute(HttpRoutingImpl.java:174)
	at io.helidon.webserver.http.HttpRoutingImpl$RoutingExecutor.call(HttpRoutingImpl.java:132)
	at io.helidon.webserver.http.HttpRoutingImpl$RoutingExecutor.call(HttpRoutingImpl.java:110)
	at io.helidon.webserver.http.ErrorHandlers.runWithErrorHandling(ErrorHandlers.java:76)
	... 9 more

Apr 14, 2026 6:51:53 PM io.helidon.common.socket.SocketContext log
WARNING: [0x76f1be53 0x587e1d13] Request failed: HttpPrologue[protocol=HTTP, protocolVersion=2.0, method=GET, uriPath=/static/analytics.js, query=, fragment=], cannot send error response, as response already sent
io.helidon.http.RequestException: newPosition > limit: (3946 > 40)
	at io.helidon.http.RequestException$Builder.build(RequestException.java:157)
	at io.helidon.webserver.http.ErrorHandlers.unhandledError(ErrorHandlers.java:205)
	at io.helidon.webserver.http.ErrorHandlers.lambda$handleError$1(ErrorHandlers.java:180)
	at java.base/java.util.Optional.ifPresentOrElse(Unknown Source)
	at io.helidon.webserver.http.ErrorHandlers.handleError(ErrorHandlers.java:179)
	at io.helidon.webserver.http.ErrorHandlers.runWithErrorHandling(ErrorHandlers.java:113)
	at io.helidon.webserver.http.Filters.filter(Filters.java:83)
	at io.helidon.webserver.http.HttpRoutingImpl.route(HttpRoutingImpl.java:74)
	at io.helidon.webserver.http2.Http2ServerStream.handle(Http2ServerStream.java:603)
	at io.helidon.webserver.http2.Http2ServerStream.run(Http2ServerStream.java:318)
	at io.helidon.webserver.http2.Http2Connection$StreamRunnable.run(Http2Connection.java:906)
	at java.base/java.util.concurrent.Executors$RunnableAdapter.call(Unknown Source)
	at java.base/java.util.concurrent.FutureTask.run(Unknown Source)
	at java.base/java.util.concurrent.ThreadPerTaskExecutor$ThreadBoundFuture.run(Unknown Source)
	at java.base/java.lang.VirtualThread.run(Unknown Source)
Caused by: java.lang.IllegalArgumentException: newPosition > limit: (3946 > 40)
	at java.base/java.nio.Buffer.createPositionException(Unknown Source)
	at java.base/java.nio.Buffer.position(Unknown Source)
	at java.base/java.nio.ByteBuffer.position(Unknown Source)
	at java.base/sun.nio.ch.IOUtil.write(Unknown Source)
	at java.base/sun.nio.ch.IOUtil.write(Unknown Source)
	at java.base/sun.nio.ch.SocketChannelImpl.implWrite(Unknown Source)
	at java.base/sun.nio.ch.SocketChannelImpl.write(Unknown Source)
	at io.helidon.common.socket.NioSocket.write(NioSocket.java:188)
	at io.helidon.common.socket.TlsNioSocket.wrapAndSend(TlsNioSocket.java:430)
	at io.helidon.common.socket.TlsNioSocket.doWrite(TlsNioSocket.java:389)
	at io.helidon.common.socket.TlsNioSocket.write(TlsNioSocket.java:192)
	at io.helidon.common.socket.SocketWriter.writeNow(SocketWriter.java:81)
	at io.helidon.http.http2.Http2ConnectionWriter.noLockWrite(Http2ConnectionWriter.java:200)
	at io.helidon.http.http2.Http2ConnectionWriter.lockedWrite(Http2ConnectionWriter.java:173)
	at io.helidon.http.http2.Http2ConnectionWriter.splitAndWrite(Http2ConnectionWriter.java:210)
	at io.helidon.http.http2.Http2ConnectionWriter.writeData(Http2ConnectionWriter.java:65)
	at io.helidon.http.http2.Http2ConnectionWriter.writeHeaders(Http2ConnectionWriter.java:148)
	at io.helidon.webserver.http2.Http2ServerStream.writeHeadersWithData(Http2ServerStream.java:424)
	at io.helidon.webserver.http2.Http2ServerResponse.send(Http2ServerResponse.java:156)
	at io.helidon.webserver.http2.Http2ServerResponse.send(Http2ServerResponse.java:99)
	at com.httparena.StaticHandler.handle(StaticHandler.java:72)
	at io.helidon.webserver.http.HttpRoutingImpl$RoutingExecutor.doRoute(HttpRoutingImpl.java:174)
	at io.helidon.webserver.http.HttpRoutingImpl$RoutingExecutor.call(HttpRoutingImpl.java:132)
	at io.helidon.webserver.http.HttpRoutingImpl$RoutingExecutor.call(HttpRoutingImpl.java:110)
	at io.helidon.webserver.http.ErrorHandlers.runWithErrorHandling(ErrorHandlers.java:76)
	... 9 more

Apr 14, 2026 6:51:53 PM io.helidon.common.socket.SocketContext log
WARNING: [0x76f1be53 0x74ed174d] Request failed: HttpPrologue[protocol=HTTP, protocolVersion=2.0, method=GET, uriPath=/static/vendor.js, query=, fragment=], cannot send error response, as response already sent
io.helidon.http.RequestException: newPosition > limit: (16405 > 40)
	at io.helidon.http.RequestException$Builder.build(RequestException.java:157)
	at io.helidon.webserver.http.ErrorHandlers.unhandledError(ErrorHandlers.java:205)
	at io.helidon.webserver.http.ErrorHandlers.lambda$handleError$1(ErrorHandlers.java:180)
	at java.base/java.util.Optional.ifPresentOrElse(Unknown Source)
	at io.helidon.webserver.http.ErrorHandlers.handleError(ErrorHandlers.java:179)
	at io.helidon.webserver.http.ErrorHandlers.runWithErrorHandling(ErrorHandlers.java:113)
	at io.helidon.webserver.http.Filters.filter(Filters.java:83)
	at io.helidon.webserver.http.HttpRoutingImpl.route(HttpRoutingImpl.java:74)
	at io.helidon.webserver.http2.Http2ServerStream.handle(Http2ServerStream.java:603)
	at io.helidon.webserver.http2.Http2ServerStream.run(Http2ServerStream.java:318)
	at io.helidon.webserver.http2.Http2Connection$StreamRunnable.run(Http2Connection.java:906)
	at java.base/java.util.concurrent.Executors$RunnableAdapter.call(Unknown Source)
	at java.base/java.util.concurrent.FutureTask.run(Unknown Source)
	at java.base/java.util.concurrent.ThreadPerTaskExecutor$ThreadBoundFuture.run(Unknown Source)
	at java.base/java.lang.VirtualThread.run(Unknown Source)
Caused by: java.lang.IllegalArgumentException: newPosition > limit: (16405 > 40)
	at java.base/java.nio.Buffer.createPositionException(Unknown Source)
	at java.base/java.nio.Buffer.position(Unknown Source)
	at java.base/java.nio.ByteBuffer.position(Unknown Source)
	at java.base/sun.nio.ch.IOUtil.write(Unknown Source)
	at java.base/sun.nio.ch.IOUtil.write(Unknown Source)
	at java.base/sun.nio.ch.SocketChannelImpl.implWrite(Unknown Source)
	at java.base/sun.nio.ch.SocketChannelImpl.write(Unknown Source)
	at io.helidon.common.socket.NioSocket.write(NioSocket.java:188)
	at io.helidon.common.socket.TlsNioSocket.wrapAndSend(TlsNioSocket.java:430)
	at io.helidon.common.socket.TlsNioSocket.doWrite(TlsNioSocket.java:389)
	at io.helidon.common.socket.TlsNioSocket.write(TlsNioSocket.java:192)
	at io.helidon.common.socket.SocketWriter.writeNow(SocketWriter.java:81)
	at io.helidon.http.http2.Http2ConnectionWriter.noLockWrite(Http2ConnectionWriter.java:200)
	at io.helidon.http.http2.Http2ConnectionWriter.lockedWrite(Http2ConnectionWriter.java:173)
	at io.helidon.http.http2.Http2ConnectionWriter.splitAndWrite(Http2ConnectionWriter.java:210)
	at io.helidon.http.http2.Http2ConnectionWriter.writeData(Http2ConnectionWriter.java:65)
	at io.helidon.http.http2.Http2ConnectionWriter.writeHeaders(Http2ConnectionWriter.java:148)
	at io.helidon.webserver.http2.Http2ServerStream.writeHeadersWithData(Http2ServerStream.java:424)
	at io.helidon.webserver.http2.Http2ServerResponse.send(Http2ServerResponse.java:156)
	at io.helidon.webserver.http2.Http2ServerResponse.send(Http2ServerResponse.java:99)
	at com.httparena.StaticHandler.handle(StaticHandler.java:72)
	at io.helidon.webserver.http.HttpRoutingImpl$RoutingExecutor.doRoute(HttpRoutingImpl.java:174)
	at io.helidon.webserver.http.HttpRoutingImpl$RoutingExecutor.call(HttpRoutingImpl.java:132)
	at io.helidon.webserver.http.HttpRoutingImpl$RoutingExecutor.call(HttpRoutingImpl.java:110)
	at io.helidon.webserver.http.ErrorHandlers.runWithErrorHandling(ErrorHandlers.java:76)
	... 9 more

Apr 14, 2026 6:51:53 PM io.helidon.common.socket.SocketContext log
WARNING: [0x76f1be53 0x46aa39ae] Request failed: HttpPrologue[protocol=HTTP, protocolVersion=2.0, method=GET, uriPath=/static/icon-sprite.svg, query=, fragment=], cannot send error response, as response already sent
io.helidon.http.RequestException: newPosition > limit: (11786 > 40)
	at io.helidon.http.RequestException$Builder.build(RequestException.java:157)
	at io.helidon.webserver.http.ErrorHandlers.unhandledError(ErrorHandlers.java:205)
	at io.helidon.webserver.http.ErrorHandlers.lambda$handleError$1(ErrorHandlers.java:180)
	at java.base/java.util.Optional.ifPresentOrElse(Unknown Source)
	at io.helidon.webserver.http.ErrorHandlers.handleError(ErrorHandlers.java:179)
	at io.helidon.webserver.http.ErrorHandlers.runWithErrorHandling(ErrorHandlers.java:113)
	at io.helidon.webserver.http.Filters.filter(Filters.java:83)
	at io.helidon.webserver.http.HttpRoutingImpl.route(HttpRoutingImpl.java:74)
	at io.helidon.webserver.http2.Http2ServerStream.handle(Http2ServerStream.java:603)
	at io.helidon.webserver.http2.Http2ServerStream.run(Http2ServerStream.java:318)
	at io.helidon.webserver.http2.Http2Connection$StreamRunnable.run(Http2Connection.java:906)
	at java.base/java.util.concurrent.Executors$RunnableAdapter.call(Unknown Source)
	at java.base/java.util.concurrent.FutureTask.run(Unknown Source)
	at java.base/java.util.concurrent.ThreadPerTaskExecutor$ThreadBoundFuture.run(Unknown Source)
	at java.base/java.lang.VirtualThread.run(Unknown Source)
Caused by: java.lang.IllegalArgumentException: newPosition > limit: (11786 > 40)
	at java.base/java.nio.Buffer.createPositionException(Unknown Source)
	at java.base/java.nio.Buffer.position(Unknown Source)
	at java.base/java.nio.ByteBuffer.position(Unknown Source)
	at java.base/sun.nio.ch.IOUtil.write(Unknown Source)
	at java.base/sun.nio.ch.IOUtil.write(Unknown Source)
	at java.base/sun.nio.ch.SocketChannelImpl.implWrite(Unknown Source)
	at java.base/sun.nio.ch.SocketChannelImpl.write(Unknown Source)
	at io.helidon.common.socket.NioSocket.write(NioSocket.java:188)
	at io.helidon.common.socket.TlsNioSocket.wrapAndSend(TlsNioSocket.java:430)
	at io.helidon.common.socket.TlsNioSocket.doWrite(TlsNioSocket.java:389)
	at io.helidon.common.socket.TlsNioSocket.write(TlsNioSocket.java:192)
	at io.helidon.common.socket.SocketWriter.writeNow(SocketWriter.java:81)
	at io.helidon.http.http2.Http2ConnectionWriter.noLockWrite(Http2ConnectionWriter.java:200)
	at io.helidon.http.http2.Http2ConnectionWriter.lockedWrite(Http2ConnectionWriter.java:173)
	at io.helidon.http.http2.Http2ConnectionWriter.splitAndWrite(Http2ConnectionWriter.java:210)
	at io.helidon.http.http2.Http2ConnectionWriter.writeData(Http2ConnectionWriter.java:65)
	at io.helidon.http.http2.Http2ConnectionWriter.writeHeaders(Http2ConnectionWriter.java:148)
	at io.helidon.webserver.http2.Http2ServerStream.writeHeadersWithData(Http2ServerStream.java:424)
	at io.helidon.webserver.http2.Http2ServerResponse.send(Http2ServerResponse.java:156)
	at io.helidon.webserver.http2.Http2ServerResponse.send(Http2ServerResponse.java:99)
	at com.httparena.StaticHandler.handle(StaticHandler.java:72)
	at io.helidon.webserver.http.HttpRoutingImpl$RoutingExecutor.doRoute(HttpRoutingImpl.java:174)
	at io.helidon.webserver.http.HttpRoutingImpl$RoutingExecutor.call(HttpRoutingImpl.java:132)
	at io.helidon.webserver.http.HttpRoutingImpl$RoutingExecutor.call(HttpRoutingImpl.java:110)
	at io.helidon.webserver.http.ErrorHandlers.runWithErrorHandling(ErrorHandlers.java:76)
	... 9 more

Apr 14, 2026 6:51:53 PM io.helidon.common.socket.SocketContext log
WARNING: [0x76f1be53 0x5fbcd6af] Request failed: HttpPrologue[protocol=HTTP, protocolVersion=2.0, method=GET, uriPath=/static/utilities.css, query=, fragment=], cannot send error response, as response already sent
io.helidon.http.RequestException: newPosition > limit: (84 > 40)
	at io.helidon.http.RequestException$Builder.build(RequestException.java:157)
	at io.helidon.webserver.http.ErrorHandlers.unhandledError(ErrorHandlers.java:205)
	at io.helidon.webserver.http.ErrorHandlers.lambda$handleError$1(ErrorHandlers.java:180)
	at java.base/java.util.Optional.ifPresentOrElse(Unknown Source)
	at io.helidon.webserver.http.ErrorHandlers.handleError(ErrorHandlers.java:179)
	at io.helidon.webserver.http.ErrorHandlers.runWithErrorHandling(ErrorHandlers.java:113)
	at io.helidon.webserver.http.Filters.filter(Filters.java:83)
	at io.helidon.webserver.http.HttpRoutingImpl.route(HttpRoutingImpl.java:74)
	at io.helidon.webserver.http2.Http2ServerStream.handle(Http2ServerStream.java:603)
	at io.helidon.webserver.http2.Http2ServerStream.run(Http2ServerStream.java:318)
	at io.helidon.webserver.http2.Http2Connection$StreamRunnable.run(Http2Connection.java:906)
	at java.base/java.util.concurrent.Executors$RunnableAdapter.call(Unknown Source)
	at java.base/java.util.concurrent.FutureTask.run(Unknown Source)
	at java.base/java.util.concurrent.ThreadPerTaskExecutor$ThreadBoundFuture.run(Unknown Source)
	at java.base/java.lang.VirtualThread.run(Unknown Source)
Caused by: java.lang.IllegalArgumentException: newPosition > limit: (84 > 40)
	at java.base/java.nio.Buffer.createPositionException(Unknown Source)
	at java.base/java.nio.Buffer.position(Unknown Source)
	at java.base/java.nio.ByteBuffer.position(Unknown Source)
	at java.base/sun.nio.ch.IOUtil.write(Unknown Source)
	at java.base/sun.nio.ch.IOUtil.write(Unknown Source)
	at java.base/sun.nio.ch.SocketChannelImpl.implWrite(Unknown Source)
	at java.base/sun.nio.ch.SocketChannelImpl.write(Unknown Source)
	at io.helidon.common.socket.NioSocket.write(NioSocket.java:188)
	at io.helidon.common.socket.TlsNioSocket.wrapAndSend(TlsNioSocket.java:430)
	at io.helidon.common.socket.TlsNioSocket.doWrite(TlsNioSocket.java:389)
	at io.helidon.common.socket.TlsNioSocket.write(TlsNioSocket.java:192)
	at io.helidon.common.socket.SocketWriter.writeNow(SocketWriter.java:81)
	at io.helidon.http.http2.Http2ConnectionWriter.noLockWrite(Http2ConnectionWriter.java:200)
	at io.helidon.http.http2.Http2ConnectionWriter.writeHeaders(Http2ConnectionWriter.java:93)
	at io.helidon.http.http2.Http2ConnectionWriter.writeHeaders(Http2ConnectionWriter.java:147)
	at io.helidon.webserver.http2.Http2ServerStream.writeHeadersWithData(Http2ServerStream.java:424)
	at io.helidon.webserver.http2.Http2ServerResponse.send(Http2ServerResponse.java:156)
	at io.helidon.webserver.http2.Http2ServerResponse.send(Http2ServerResponse.java:99)
	at com.httparena.StaticHandler.handle(StaticHandler.java:72)
	at io.helidon.webserver.http.HttpRoutingImpl$RoutingExecutor.doRoute(HttpRoutingImpl.java:174)
	at io.helidon.webserver.http.HttpRoutingImpl$RoutingExecutor.call(HttpRoutingImpl.java:132)
	at io.helidon.webserver.http.HttpRoutingImpl$RoutingExecutor.call(HttpRoutingImpl.java:110)
	at io.helidon.webserver.http.ErrorHandlers.runWithErrorHandling(ErrorHandlers.java:76)
	... 9 more

Apr 14, 2026 6:51:53 PM io.helidon.common.socket.SocketContext log
WARNING: [0x76f1be53 0x1932b8c2] Request failed: HttpPrologue[protocol=HTTP, protocolVersion=2.0, method=GET, uriPath=/static/components.css, query=, fragment=], cannot send error response, as response already sent
io.helidon.http.RequestException: newPosition > limit: (84 > 40)
	at io.helidon.http.RequestException$Builder.build(RequestException.java:157)
	at io.helidon.webserver.http.ErrorHandlers.unhandledError(ErrorHandlers.java:205)
	at io.helidon.webserver.http.ErrorHandlers.lambda$handleError$1(ErrorHandlers.java:180)
	at java.base/java.util.Optional.ifPresentOrElse(Unknown Source)
	at io.helidon.webserver.http.ErrorHandlers.handleError(ErrorHandlers.java:179)
	at io.helidon.webserver.http.ErrorHandlers.runWithErrorHandling(ErrorHandlers.java:113)
	at io.helidon.webserver.http.Filters.filter(Filters.java:83)
	at io.helidon.webserver.http.HttpRoutingImpl.route(HttpRoutingImpl.java:74)
	at io.helidon.webserver.http2.Http2ServerStream.handle(Http2ServerStream.java:603)
	at io.helidon.webserver.http2.Http2ServerStream.run(Http2ServerStream.java:318)
	at io.helidon.webserver.http2.Http2Connection$StreamRunnable.run(Http2Connection.java:906)
	at java.base/java.util.concurrent.Executors$RunnableAdapter.call(Unknown Source)
	at java.base/java.util.concurrent.FutureTask.run(Unknown Source)
	at java.base/java.util.concurrent.ThreadPerTaskExecutor$ThreadBoundFuture.run(Unknown Source)
	at java.base/java.lang.VirtualThread.run(Unknown Source)
Caused by: java.lang.IllegalArgumentException: newPosition > limit: (84 > 40)
	at java.base/java.nio.Buffer.createPositionException(Unknown Source)
	at java.base/java.nio.Buffer.position(Unknown Source)
	at java.base/java.nio.ByteBuffer.position(Unknown Source)
	at java.base/sun.nio.ch.IOUtil.write(Unknown Source)
	at java.base/sun.nio.ch.IOUtil.write(Unknown Source)
	at java.base/sun.nio.ch.SocketChannelImpl.implWrite(Unknown Source)
	at java.base/sun.nio.ch.SocketChannelImpl.write(Unknown Source)
	at io.helidon.common.socket.NioSocket.write(NioSocket.java:188)
	at io.helidon.common.socket.TlsNioSocket.wrapAndSend(TlsNioSocket.java:430)
	at io.helidon.common.socket.TlsNioSocket.doWrite(TlsNioSocket.java:389)
	at io.helidon.common.socket.TlsNioSocket.write(TlsNioSocket.java:192)
	at io.helidon.common.socket.SocketWriter.writeNow(SocketWriter.java:81)
	at io.helidon.http.http2.Http2ConnectionWriter.noLockWrite(Http2ConnectionWriter.java:200)
	at io.helidon.http.http2.Http2ConnectionWriter.writeHeaders(Http2ConnectionWriter.java:93)
	at io.helidon.http.http2.Http2ConnectionWriter.writeHeaders(Http2ConnectionWriter.java:147)
	at io.helidon.webserver.http2.Http2ServerStream.writeHeadersWithData(Http2ServerStream.java:424)
	at io.helidon.webserver.http2.Http2ServerResponse.send(Http2ServerResponse.java:156)
	at io.helidon.webserver.http2.Http2ServerResponse.send(Http2ServerResponse.java:99)
	at com.httparena.StaticHandler.handle(StaticHandler.java:72)
	at io.helidon.webserver.http.HttpRoutingImpl$RoutingExecutor.doRoute(HttpRoutingImpl.java:174)
	at io.helidon.webserver.http.HttpRoutingImpl$RoutingExecutor.call(HttpRoutingImpl.java:132)
	at io.helidon.webserver.http.HttpRoutingImpl$RoutingExecutor.call(HttpRoutingImpl.java:110)
	at io.helidon.webserver.http.ErrorHandlers.runWithErrorHandling(ErrorHandlers.java:76)
	... 9 more

Apr 14, 2026 6:51:53 PM io.helidon.common.socket.SocketContext log
WARNING: [0x76f1be53 0x0aa3aabb] Request failed: HttpPrologue[protocol=HTTP, protocolVersion=2.0, method=GET, uriPath=/static/app.js, query=, fragment=], cannot send error response, as response already sent
io.helidon.http.RequestException: newPosition > limit: (64 > 24)
	at io.helidon.http.RequestException$Builder.build(RequestException.java:157)
	at io.helidon.webserver.http.ErrorHandlers.unhandledError(ErrorHandlers.java:205)
	at io.helidon.webserver.http.ErrorHandlers.lambda$handleError$1(ErrorHandlers.java:180)
	at java.base/java.util.Optional.ifPresentOrElse(Unknown Source)
	at io.helidon.webserver.http.ErrorHandlers.handleError(ErrorHandlers.java:179)
	at io.helidon.webserver.http.ErrorHandlers.runWithErrorHandling(ErrorHandlers.java:113)
	at io.helidon.webserver.http.Filters.filter(Filters.java:83)
	at io.helidon.webserver.http.HttpRoutingImpl.route(HttpRoutingImpl.java:74)
	at io.helidon.webserver.http2.Http2ServerStream.handle(Http2ServerStream.java:603)
	at io.helidon.webserver.http2.Http2ServerStream.run(Http2ServerStream.java:318)
	at io.helidon.webserver.http2.Http2Connection$StreamRunnable.run(Http2Connection.java:906)
	at java.base/java.util.concurrent.Executors$RunnableAdapter.call(Unknown Source)
	at java.base/java.util.concurrent.FutureTask.run(Unknown Source)
	at java.base/java.util.concurrent.ThreadPerTaskExecutor$ThreadBoundFuture.run(Unknown Source)
	at java.base/java.lang.VirtualThread.run(Unknown Source)
Caused by: java.lang.IllegalArgumentException: newPosition > limit: (64 > 24)
	at java.base/java.nio.Buffer.createPositionException(Unknown Source)
	at java.base/java.nio.Buffer.position(Unknown Source)
	at java.base/java.nio.ByteBuffer.position(Unknown Source)
	at java.base/sun.nio.ch.IOUtil.write(Unknown Source)
	at java.base/sun.nio.ch.IOUtil.write(Unknown Source)
	at java.base/sun.nio.ch.SocketChannelImpl.implWrite(Unknown Source)
	at java.base/sun.nio.ch.SocketChannelImpl.write(Unknown Source)
	at io.helidon.common.socket.NioSocket.write(NioSocket.java:188)
	at io.helidon.common.socket.TlsNioSocket.wrapAndSend(TlsNioSocket.java:430)
	at io.helidon.common.socket.TlsNioSocket.doWrite(TlsNioSocket.java:389)
	at io.helidon.common.socket.TlsNioSocket.write(TlsNioSocket.java:192)
	at io.helidon.common.socket.SocketWriter.writeNow(SocketWriter.java:81)
	at io.helidon.http.http2.Http2ConnectionWriter.noLockWrite(Http2ConnectionWriter.java:200)
	at io.helidon.http.http2.Http2ConnectionWriter.lockedWrite(Http2ConnectionWriter.java:173)
	at io.helidon.http.http2.Http2ConnectionWriter.splitAndWrite(Http2ConnectionWriter.java:210)
	at io.helidon.http.http2.Http2ConnectionWriter.writeData(Http2ConnectionWriter.java:65)
	at io.helidon.http.http2.Http2ConnectionWriter.writeHeaders(Http2ConnectionWriter.java:148)
	at io.helidon.webserver.http2.Http2ServerStream.writeHeadersWithData(Http2ServerStream.java:424)
	at io.helidon.webserver.http2.Http2ServerResponse.send(Http2ServerResponse.java:156)
	at io.helidon.webserver.http2.Http2ServerResponse.send(Http2ServerResponse.java:99)
	at com.httparena.StaticHandler.handle(StaticHandler.java:72)
	at io.helidon.webserver.http.HttpRoutingImpl$RoutingExecutor.doRoute(HttpRoutingImpl.java:174)
	at io.helidon.webserver.http.HttpRoutingImpl$RoutingExecutor.call(HttpRoutingImpl.java:132)
	at io.helidon.webserver.http.HttpRoutingImpl$RoutingExecutor.call(HttpRoutingImpl.java:110)
	at io.helidon.webserver.http.ErrorHandlers.runWithErrorHandling(ErrorHandlers.java:76)
	... 9 more

Apr 14, 2026 6:51:53 PM io.helidon.common.socket.SocketContext log
WARNING: [0x76f1be53 0x664c8a25] Request failed: HttpPrologue[protocol=HTTP, protocolVersion=2.0, method=GET, uriPath=/static/bold.woff2, query=, fragment=], cannot send error response, as response already sent
io.helidon.http.RequestException: newPosition > limit: (6191 > 40)
	at io.helidon.http.RequestException$Builder.build(RequestException.java:157)
	at io.helidon.webserver.http.ErrorHandlers.unhandledError(ErrorHandlers.java:205)
	at io.helidon.webserver.http.ErrorHandlers.lambda$handleError$1(ErrorHandlers.java:180)
	at java.base/java.util.Optional.ifPresentOrElse(Unknown Source)
	at io.helidon.webserver.http.ErrorHandlers.handleError(ErrorHandlers.java:179)
	at io.helidon.webserver.http.ErrorHandlers.runWithErrorHandling(ErrorHandlers.java:113)
	at io.helidon.webserver.http.Filters.filter(Filters.java:83)
	at io.helidon.webserver.http.HttpRoutingImpl.route(HttpRoutingImpl.java:74)
	at io.helidon.webserver.http2.Http2ServerStream.handle(Http2ServerStream.java:603)
	at io.helidon.webserver.http2.Http2ServerStream.run(Http2ServerStream.java:318)
	at io.helidon.webserver.http2.Http2Connection$StreamRunnable.run(Http2Connection.java:906)
	at java.base/java.util.concurrent.Executors$RunnableAdapter.call(Unknown Source)
	at java.base/java.util.concurrent.FutureTask.run(Unknown Source)
	at java.base/java.util.concurrent.ThreadPerTaskExecutor$ThreadBoundFuture.run(Unknown Source)
	at java.base/java.lang.VirtualThread.run(Unknown Source)
Caused by: java.lang.IllegalArgumentException: newPosition > limit: (6191 > 40)
	at java.base/java.nio.Buffer.createPositionException(Unknown Source)
	at java.base/java.nio.Buffer.position(Unknown Source)
	at java.base/java.nio.ByteBuffer.position(Unknown Source)
	at java.base/sun.nio.ch.IOUtil.write(Unknown Source)
	at java.base/sun.nio.ch.IOUtil.write(Unknown Source)
	at java.base/sun.nio.ch.SocketChannelImpl.implWrite(Unknown Source)
	at java.base/sun.nio.ch.SocketChannelImpl.write(Unknown Source)
	at io.helidon.common.socket.NioSocket.write(NioSocket.java:188)
	at io.helidon.common.socket.TlsNioSocket.wrapAndSend(TlsNioSocket.java:430)
	at io.helidon.common.socket.TlsNioSocket.doWrite(TlsNioSocket.java:389)
	at io.helidon.common.socket.TlsNioSocket.write(TlsNioSocket.java:192)
	at io.helidon.common.socket.SocketWriter.writeNow(SocketWriter.java:81)
	at io.helidon.http.http2.Http2ConnectionWriter.noLockWrite(Http2ConnectionWriter.java:200)
	at io.helidon.http.http2.Http2ConnectionWriter.lockedWrite(Http2ConnectionWriter.java:173)
	at io.helidon.http.http2.Http2ConnectionWriter.splitAndWrite(Http2ConnectionWriter.java:210)
	at io.helidon.http.http2.Http2ConnectionWriter.writeData(Http2ConnectionWriter.java:65)
	at io.helidon.http.http2.Http2ConnectionWriter.writeHeaders(Http2ConnectionWriter.java:148)
	at io.helidon.webserver.http2.Http2ServerStream.writeHeadersWithData(Http2ServerStream.java:424)
	at io.helidon.webserver.http2.Http2ServerResponse.send(Http2ServerResponse.java:156)
	at io.helidon.webserver.http2.Http2ServerResponse.send(Http2ServerResponse.java:99)
	at com.httparena.StaticHandler.handle(StaticHandler.java:84)
	at io.helidon.webserver.http.HttpRoutingImpl$RoutingExecutor.doRoute(HttpRoutingImpl.java:174)
	at io.helidon.webserver.http.HttpRoutingImpl$RoutingExecutor.call(HttpRoutingImpl.java:132)
	at io.helidon.webserver.http.HttpRoutingImpl$RoutingExecutor.call(HttpRoutingImpl.java:110)
	at io.helidon.webserver.http.ErrorHandlers.runWithErrorHandling(ErrorHandlers.java:76)
	... 9 more

Apr 14, 2026 6:51:53 PM io.helidon.common.socket.SocketContext log
WARNING: [0x76f1be53 0x4abbb995] Request failed: HttpPrologue[protocol=HTTP, protocolVersion=2.0, method=GET, uriPath=/static/vendor.js, query=, fragment=], cannot send error response, as response already sent
io.helidon.http.RequestException: newPosition > limit: (16405 > 40)
	at io.helidon.http.RequestException$Builder.build(RequestException.java:157)
	at io.helidon.webserver.http.ErrorHandlers.unhandledError(ErrorHandlers.java:205)
	at io.helidon.webserver.http.ErrorHandlers.lambda$handleError$1(ErrorHandlers.java:180)
	at java.base/java.util.Optional.ifPresentOrElse(Unknown Source)
	at io.helidon.webserver.http.ErrorHandlers.handleError(ErrorHandlers.java:179)
	at io.helidon.webserver.http.ErrorHandlers.runWithErrorHandling(ErrorHandlers.java:113)
	at io.helidon.webserver.http.Filters.filter(Filters.java:83)
	at io.helidon.webserver.http.HttpRoutingImpl.route(HttpRoutingImpl.java:74)
	at io.helidon.webserver.http2.Http2ServerStream.handle(Http2ServerStream.java:603)
	at io.helidon.webserver.http2.Http2ServerStream.run(Http2ServerStream.java:318)
	at io.helidon.webserver.http2.Http2Connection$StreamRunnable.run(Http2Connection.java:906)
	at java.base/java.util.concurrent.Executors$RunnableAdapter.call(Unknown Source)
	at java.base/java.util.concurrent.FutureTask.run(Unknown Source)
	at java.base/java.util.concurrent.ThreadPerTaskExecutor$ThreadBoundFuture.run(Unknown Source)
	at java.base/java.lang.VirtualThread.run(Unknown Source)
Caused by: java.lang.IllegalArgumentException: newPosition > limit: (16405 > 40)
	at java.base/java.nio.Buffer.createPositionException(Unknown Source)
	at java.base/java.nio.Buffer.position(Unknown Source)
	at java.base/java.nio.ByteBuffer.position(Unknown Source)
	at java.base/sun.nio.ch.IOUtil.write(Unknown Source)
	at java.base/sun.nio.ch.IOUtil.write(Unknown Source)
	at java.base/sun.nio.ch.SocketChannelImpl.implWrite(Unknown Source)
	at java.base/sun.nio.ch.SocketChannelImpl.write(Unknown Source)
	at io.helidon.common.socket.NioSocket.write(NioSocket.java:188)
	at io.helidon.common.socket.TlsNioSocket.wrapAndSend(TlsNioSocket.java:430)
	at io.helidon.common.socket.TlsNioSocket.doWrite(TlsNioSocket.java:389)
	at io.helidon.common.socket.TlsNioSocket.write(TlsNioSocket.java:192)
	at io.helidon.common.socket.SocketWriter.writeNow(SocketWriter.java:81)
	at io.helidon.http.http2.Http2ConnectionWriter.noLockWrite(Http2ConnectionWriter.java:200)
	at io.helidon.http.http2.Http2ConnectionWriter.lockedWrite(Http2ConnectionWriter.java:173)
	at io.helidon.http.http2.Http2ConnectionWriter.splitAndWrite(Http2ConnectionWriter.java:210)
	at io.helidon.http.http2.Http2ConnectionWriter.writeData(Http2ConnectionWriter.java:65)
	at io.helidon.http.http2.Http2ConnectionWriter.writeHeaders(Http2ConnectionWriter.java:148)
	at io.helidon.webserver.http2.Http2ServerStream.writeHeadersWithData(Http2ServerStream.java:424)
	at io.helidon.webserver.http2.Http2ServerResponse.send(Http2ServerResponse.java:156)
	at io.helidon.webserver.http2.Http2ServerResponse.send(Http2ServerResponse.java:99)
	at com.httparena.StaticHandler.handle(StaticHandler.java:72)
	at io.helidon.webserver.http.HttpRoutingImpl$RoutingExecutor.doRoute(HttpRoutingImpl.java:174)
	at io.helidon.webserver.http.HttpRoutingImpl$RoutingExecutor.call(HttpRoutingImpl.java:132)
	at io.helidon.webserver.http.HttpRoutingImpl$RoutingExecutor.call(HttpRoutingImpl.java:110)
	at io.helidon.webserver.http.ErrorHandlers.runWithErrorHandling(ErrorHandlers.java:76)
	... 9 more

