2026-03-11T23:11:50.121Z  WARN 1 --- [p1940737740-171] o.e.jetty.ee10.servlet.ServletChannel    : /static/app.js

java.util.NoSuchElementException: 0
	at org.eclipse.jetty.http.MutableHttpFields$Listerator.next(MutableHttpFields.java:541) ~[jetty-http-12.0.16.jar!/:12.0.16]
	at org.eclipse.jetty.http.MutableHttpFields$Listerator.next(MutableHttpFields.java:499) ~[jetty-http-12.0.16.jar!/:12.0.16]
	at org.eclipse.jetty.server.internal.ResponseHttpFields$2.next(ResponseHttpFields.java:181) ~[jetty-server-12.0.16.jar!/:12.0.16]
	at org.eclipse.jetty.server.internal.ResponseHttpFields$2.next(ResponseHttpFields.java:169) ~[jetty-server-12.0.16.jar!/:12.0.16]
	at org.eclipse.jetty.http.HttpFields$Mutable$Wrapper.put(HttpFields.java:1778) ~[jetty-http-12.0.16.jar!/:12.0.16]
	at org.eclipse.jetty.http.HttpFields$Mutable.put(HttpFields.java:1257) ~[jetty-http-12.0.16.jar!/:12.0.16]
	at org.eclipse.jetty.ee10.servlet.ServletApiResponse.setHeader(ServletApiResponse.java:216) ~[jetty-ee10-servlet-12.0.16.jar!/:12.0.16]
	at com.httparena.ServerHeaderFilter.doFilter(ServerHeaderFilter.java:14) ~[!/:1.0.0]
	at org.eclipse.jetty.ee10.servlet.FilterHolder.doFilter(FilterHolder.java:205) ~[jetty-ee10-servlet-12.0.16.jar!/:12.0.16]
	at org.eclipse.jetty.ee10.servlet.ServletHandler$Chain.doFilter(ServletHandler.java:1591) ~[jetty-ee10-servlet-12.0.16.jar!/:12.0.16]
	at org.springframework.web.filter.RequestContextFilter.doFilterInternal(RequestContextFilter.java:100) ~[spring-web-6.2.3.jar!/:6.2.3]
	at org.springframework.web.filter.OncePerRequestFilter.doFilter(OncePerRequestFilter.java:116) ~[spring-web-6.2.3.jar!/:6.2.3]
	at org.eclipse.jetty.ee10.servlet.FilterHolder.doFilter(FilterHolder.java:205) ~[jetty-ee10-servlet-12.0.16.jar!/:12.0.16]
	at org.eclipse.jetty.ee10.servlet.ServletHandler$Chain.doFilter(ServletHandler.java:1591) ~[jetty-ee10-servlet-12.0.16.jar!/:12.0.16]
	at org.springframework.web.filter.FormContentFilter.doFilterInternal(FormContentFilter.java:93) ~[spring-web-6.2.3.jar!/:6.2.3]
	at org.springframework.web.filter.OncePerRequestFilter.doFilter(OncePerRequestFilter.java:116) ~[spring-web-6.2.3.jar!/:6.2.3]
	at org.eclipse.jetty.ee10.servlet.FilterHolder.doFilter(FilterHolder.java:205) ~[jetty-ee10-servlet-12.0.16.jar!/:12.0.16]
	at org.eclipse.jetty.ee10.servlet.ServletHandler$Chain.doFilter(ServletHandler.java:1591) ~[jetty-ee10-servlet-12.0.16.jar!/:12.0.16]
	at org.springframework.web.filter.CharacterEncodingFilter.doFilterInternal(CharacterEncodingFilter.java:201) ~[spring-web-6.2.3.jar!/:6.2.3]
	at org.springframework.web.filter.OncePerRequestFilter.doFilter(OncePerRequestFilter.java:116) ~[spring-web-6.2.3.jar!/:6.2.3]
	at org.eclipse.jetty.ee10.servlet.FilterHolder.doFilter(FilterHolder.java:205) ~[jetty-ee10-servlet-12.0.16.jar!/:12.0.16]
	at org.eclipse.jetty.ee10.servlet.ServletHandler$Chain.doFilter(ServletHandler.java:1591) ~[jetty-ee10-servlet-12.0.16.jar!/:12.0.16]
	at org.eclipse.jetty.ee10.servlet.ServletHandler$MappedServlet.handle(ServletHandler.java:1552) ~[jetty-ee10-servlet-12.0.16.jar!/:12.0.16]
	at org.eclipse.jetty.ee10.servlet.ServletChannel.dispatch(ServletChannel.java:819) ~[jetty-ee10-servlet-12.0.16.jar!/:12.0.16]
	at org.eclipse.jetty.ee10.servlet.ServletChannel.handle(ServletChannel.java:436) ~[jetty-ee10-servlet-12.0.16.jar!/:12.0.16]
	at org.eclipse.jetty.ee10.servlet.ServletHandler.handle(ServletHandler.java:469) ~[jetty-ee10-servlet-12.0.16.jar!/:12.0.16]
	at org.eclipse.jetty.security.SecurityHandler.handle(SecurityHandler.java:575) ~[jetty-security-12.0.16.jar!/:12.0.16]
	at org.eclipse.jetty.ee10.servlet.SessionHandler.handle(SessionHandler.java:717) ~[jetty-ee10-servlet-12.0.16.jar!/:12.0.16]
	at org.eclipse.jetty.server.handler.ContextHandler.handle(ContextHandler.java:1060) ~[jetty-server-12.0.16.jar!/:12.0.16]
	at org.eclipse.jetty.server.handler.gzip.GzipHandler.handle(GzipHandler.java:563) ~[jetty-server-12.0.16.jar!/:12.0.16]
	at org.eclipse.jetty.server.Handler$Wrapper.handle(Handler.java:740) ~[jetty-server-12.0.16.jar!/:12.0.16]
	at org.eclipse.jetty.server.handler.EventsHandler.handle(EventsHandler.java:81) ~[jetty-server-12.0.16.jar!/:12.0.16]
	at org.eclipse.jetty.server.Server.handle(Server.java:182) ~[jetty-server-12.0.16.jar!/:12.0.16]
	at org.eclipse.jetty.server.internal.HttpChannelState$HandlerInvoker.run(HttpChannelState.java:662) ~[jetty-server-12.0.16.jar!/:12.0.16]
	at org.eclipse.jetty.util.thread.Invocable$ReadyTask.run(Invocable.java:175) ~[jetty-util-12.0.16.jar!/:12.0.16]
	at org.eclipse.jetty.http2.server.internal.HttpStreamOverHTTP2$1.run(HttpStreamOverHTTP2.java:135) ~[jetty-http2-server-12.0.16.jar!/:12.0.16]
	at org.eclipse.jetty.util.thread.QueuedThreadPool.runJob(QueuedThreadPool.java:979) ~[jetty-util-12.0.16.jar!/:12.0.16]
	at org.eclipse.jetty.util.thread.QueuedThreadPool$Runner.doRunJob(QueuedThreadPool.java:1209) ~[jetty-util-12.0.16.jar!/:12.0.16]
	at org.eclipse.jetty.util.thread.QueuedThreadPool$Runner.run(QueuedThreadPool.java:1164) ~[jetty-util-12.0.16.jar!/:12.0.16]
	at java.base/java.lang.Thread.run(Unknown Source) ~[na:na]

2026-03-11T23:11:50.121Z  WARN 1 --- [p1940737740-213] o.e.jetty.ee10.servlet.ServletChannel    : /static/header.html

java.util.NoSuchElementException: 0
	at org.eclipse.jetty.http.MutableHttpFields$Listerator.next(MutableHttpFields.java:541) ~[jetty-http-12.0.16.jar!/:12.0.16]
	at org.eclipse.jetty.http.MutableHttpFields$Listerator.next(MutableHttpFields.java:499) ~[jetty-http-12.0.16.jar!/:12.0.16]
	at org.eclipse.jetty.server.internal.ResponseHttpFields$2.next(ResponseHttpFields.java:181) ~[jetty-server-12.0.16.jar!/:12.0.16]
	at org.eclipse.jetty.server.internal.ResponseHttpFields$2.next(ResponseHttpFields.java:169) ~[jetty-server-12.0.16.jar!/:12.0.16]
	at org.eclipse.jetty.http.HttpFields$Mutable$Wrapper.put(HttpFields.java:1778) ~[jetty-http-12.0.16.jar!/:12.0.16]
	at org.eclipse.jetty.http.HttpFields$Mutable.put(HttpFields.java:1257) ~[jetty-http-12.0.16.jar!/:12.0.16]
	at org.eclipse.jetty.ee10.servlet.ServletApiResponse.setHeader(ServletApiResponse.java:216) ~[jetty-ee10-servlet-12.0.16.jar!/:12.0.16]
	at com.httparena.ServerHeaderFilter.doFilter(ServerHeaderFilter.java:14) ~[!/:1.0.0]
	at org.eclipse.jetty.ee10.servlet.FilterHolder.doFilter(FilterHolder.java:205) ~[jetty-ee10-servlet-12.0.16.jar!/:12.0.16]
	at org.eclipse.jetty.ee10.servlet.ServletHandler$Chain.doFilter(ServletHandler.java:1591) ~[jetty-ee10-servlet-12.0.16.jar!/:12.0.16]
	at org.springframework.web.filter.RequestContextFilter.doFilterInternal(RequestContextFilter.java:100) ~[spring-web-6.2.3.jar!/:6.2.3]
	at org.springframework.web.filter.OncePerRequestFilter.doFilter(OncePerRequestFilter.java:116) ~[spring-web-6.2.3.jar!/:6.2.3]
	at org.eclipse.jetty.ee10.servlet.FilterHolder.doFilter(FilterHolder.java:205) ~[jetty-ee10-servlet-12.0.16.jar!/:12.0.16]
	at org.eclipse.jetty.ee10.servlet.ServletHandler$Chain.doFilter(ServletHandler.java:1591) ~[jetty-ee10-servlet-12.0.16.jar!/:12.0.16]
	at org.springframework.web.filter.FormContentFilter.doFilterInternal(FormContentFilter.java:93) ~[spring-web-6.2.3.jar!/:6.2.3]
	at org.springframework.web.filter.OncePerRequestFilter.doFilter(OncePerRequestFilter.java:116) ~[spring-web-6.2.3.jar!/:6.2.3]
	at org.eclipse.jetty.ee10.servlet.FilterHolder.doFilter(FilterHolder.java:205) ~[jetty-ee10-servlet-12.0.16.jar!/:12.0.16]
	at org.eclipse.jetty.ee10.servlet.ServletHandler$Chain.doFilter(ServletHandler.java:1591) ~[jetty-ee10-servlet-12.0.16.jar!/:12.0.16]
	at org.springframework.web.filter.CharacterEncodingFilter.doFilterInternal(CharacterEncodingFilter.java:201) ~[spring-web-6.2.3.jar!/:6.2.3]
	at org.springframework.web.filter.OncePerRequestFilter.doFilter(OncePerRequestFilter.java:116) ~[spring-web-6.2.3.jar!/:6.2.3]
	at org.eclipse.jetty.ee10.servlet.FilterHolder.doFilter(FilterHolder.java:205) ~[jetty-ee10-servlet-12.0.16.jar!/:12.0.16]
	at org.eclipse.jetty.ee10.servlet.ServletHandler$Chain.doFilter(ServletHandler.java:1591) ~[jetty-ee10-servlet-12.0.16.jar!/:12.0.16]
	at org.eclipse.jetty.ee10.servlet.ServletHandler$MappedServlet.handle(ServletHandler.java:1552) ~[jetty-ee10-servlet-12.0.16.jar!/:12.0.16]
	at org.eclipse.jetty.ee10.servlet.ServletChannel.dispatch(ServletChannel.java:819) ~[jetty-ee10-servlet-12.0.16.jar!/:12.0.16]
	at org.eclipse.jetty.ee10.servlet.ServletChannel.handle(ServletChannel.java:436) ~[jetty-ee10-servlet-12.0.16.jar!/:12.0.16]
	at org.eclipse.jetty.ee10.servlet.ServletHandler.handle(ServletHandler.java:469) ~[jetty-ee10-servlet-12.0.16.jar!/:12.0.16]
	at org.eclipse.jetty.security.SecurityHandler.handle(SecurityHandler.java:575) ~[jetty-security-12.0.16.jar!/:12.0.16]
	at org.eclipse.jetty.ee10.servlet.SessionHandler.handle(SessionHandler.java:717) ~[jetty-ee10-servlet-12.0.16.jar!/:12.0.16]
	at org.eclipse.jetty.server.handler.ContextHandler.handle(ContextHandler.java:1060) ~[jetty-server-12.0.16.jar!/:12.0.16]
	at org.eclipse.jetty.server.handler.gzip.GzipHandler.handle(GzipHandler.java:563) ~[jetty-server-12.0.16.jar!/:12.0.16]
	at org.eclipse.jetty.server.Handler$Wrapper.handle(Handler.java:740) ~[jetty-server-12.0.16.jar!/:12.0.16]
	at org.eclipse.jetty.server.handler.EventsHandler.handle(EventsHandler.java:81) ~[jetty-server-12.0.16.jar!/:12.0.16]
	at org.eclipse.jetty.server.Server.handle(Server.java:182) ~[jetty-server-12.0.16.jar!/:12.0.16]
	at org.eclipse.jetty.server.internal.HttpChannelState$HandlerInvoker.run(HttpChannelState.java:662) ~[jetty-server-12.0.16.jar!/:12.0.16]
	at org.eclipse.jetty.util.thread.Invocable$ReadyTask.run(Invocable.java:175) ~[jetty-util-12.0.16.jar!/:12.0.16]
	at org.eclipse.jetty.http2.server.internal.HttpStreamOverHTTP2$1.run(HttpStreamOverHTTP2.java:135) ~[jetty-http2-server-12.0.16.jar!/:12.0.16]
	at org.eclipse.jetty.util.thread.QueuedThreadPool.runJob(QueuedThreadPool.java:979) ~[jetty-util-12.0.16.jar!/:12.0.16]
	at org.eclipse.jetty.util.thread.QueuedThreadPool$Runner.doRunJob(QueuedThreadPool.java:1209) ~[jetty-util-12.0.16.jar!/:12.0.16]
	at org.eclipse.jetty.util.thread.QueuedThreadPool$Runner.run(QueuedThreadPool.java:1164) ~[jetty-util-12.0.16.jar!/:12.0.16]
	at java.base/java.lang.Thread.run(Unknown Source) ~[na:na]

