{"level":"info","ts":1776204810.6723526,"msg":"maxprocs: Leaving GOMAXPROCS=4: CPU quota undefined"}
{"level":"info","ts":1776204810.67237,"msg":"GOMEMLIMIT is updated","GOMEMLIMIT":15461882265,"previous":9223372036854775807}
{"level":"info","ts":1776204810.6723726,"msg":"using config from file","file":"/etc/caddy/Caddyfile"}
{"level":"info","ts":1776204810.672374,"msg":"adapted config to JSON","adapter":"caddyfile"}
{"level":"warn","ts":1776204810.6723764,"logger":"admin","msg":"admin endpoint disabled"}
{"level":"info","ts":1776204810.6725779,"logger":"tls.cache.maintenance","msg":"started background certificate maintenance","cache":"0x250cff9a7e80"}
{"level":"info","ts":1776204810.6727798,"logger":"http.auto_https","msg":"automatic HTTPS is completely disabled for server","server_name":"srv0"}
{"level":"info","ts":1776204810.67279,"logger":"http.auto_https","msg":"automatic HTTPS is completely disabled for server","server_name":"srv1"}
{"level":"info","ts":1776204810.6926134,"logger":"frankenphp","msg":"async worker thread started","worker":"m#/app/worker.php","thread":4}
{"level":"info","ts":1776204810.6926138,"logger":"frankenphp","msg":"async worker thread started","worker":"m#/app/worker.php","thread":1}
{"level":"info","ts":1776204810.6926918,"logger":"frankenphp","msg":"async worker thread started","worker":"m#/app/worker.php_0","thread":5}
{"level":"info","ts":1776204810.6926231,"logger":"frankenphp","msg":"async worker thread started","worker":"m#/app/worker.php","thread":3}
{"level":"info","ts":1776204810.6937091,"logger":"frankenphp","msg":"async worker thread started","worker":"m#/app/worker.php_0","thread":6}
{"level":"info","ts":1776204810.6937203,"logger":"frankenphp","msg":"async worker thread started","worker":"m#/app/worker.php","thread":2}
{"level":"info","ts":1776204810.6947367,"logger":"frankenphp","msg":"async worker thread started","worker":"m#/app/worker.php_0","thread":7}
{"level":"info","ts":1776204810.6948097,"logger":"frankenphp","msg":"async worker thread started","worker":"m#/app/worker.php_0","thread":8}
{"level":"info","ts":1776204810.6948764,"logger":"frankenphp","msg":"FrankenPHP started 🐘","php_version":"8.6.0-dev","num_threads":9,"max_threads":9}
{"level":"warn","ts":1776204810.711309,"logger":"http","msg":"HTTP/2 skipped because it requires TLS","network":"tcp","addr":":8080"}
{"level":"warn","ts":1776204810.7113245,"logger":"http","msg":"HTTP/3 skipped because it requires TLS","network":"tcp","addr":":8080"}
{"level":"info","ts":1776204810.7113276,"logger":"http.log","msg":"server running","name":"srv0","protocols":["h1","h2","h3"]}
{"level":"info","ts":1776204810.7113736,"logger":"http","msg":"enabling HTTP/3 listener","addr":":8443"}
{"level":"info","ts":1776204810.7114973,"logger":"http.log","msg":"server running","name":"srv1","protocols":["h1","h2","h3"]}
{"level":"info","ts":1776204810.715338,"msg":"autosaved config (load with --resume flag)","file":"/root/.config/caddy/autosave.json"}
{"level":"info","ts":1776204810.7153487,"msg":"serving initial configuration"}
{"level":"info","ts":1776204810.7182252,"logger":"tls","msg":"cleaning storage unit","storage":"FileStorage:/root/.local/share/caddy"}
{"level":"info","ts":1776204810.7211757,"logger":"tls","msg":"finished cleaning storage units"}
