Exception in callback Task.task_wakeup()
handle: <Handle Task.task_wakeup()>
Traceback (most recent call last):
  File "/usr/local/lib/python3.13/asyncio/events.py", line 89, in _run
    self._context.run(self._callback, *self._args)
    ~~~~~~~~~~~~~~~~~^^^^^^^^^^^^^^^^^^^^^^^^^^^^^
TypeError: 'builtin_function_or_method' object does not support vectorcall
BufferError: Existing exports of data: object cannot be re-sized
BufferError: Existing exports of data: object cannot be re-sized
BufferError: Existing exports of data: object cannot be re-sized
BufferError: Existing exports of data: object cannot be re-sized
BufferError: Existing exports of data: object cannot be re-sized
BufferError: Existing exports of data: object cannot be re-sized
BufferError: Existing exports of data: object cannot be re-sized
BufferError: Existing exports of data: object cannot be re-sized
BufferError: Existing exports of data: object cannot be re-sized
BufferError: Existing exports of data: object cannot be re-sized
BufferError: Existing exports of data: object cannot be re-sized
BufferError: Existing exports of data: object cannot be re-sized
BufferError: Existing exports of data: object cannot be re-sized
BufferError: Existing exports of data: object cannot be re-sized
BufferError: Existing exports of data: object cannot be re-sized
BufferError: Existing exports of data: object cannot be re-sized
BufferError: Existing exports of data: object cannot be re-sized
BufferError: Existing exports of data: object cannot be re-sized
BufferError: Existing exports of data: object cannot be re-sized
BufferError: Existing exports of data: object cannot be re-sized
BufferError: Existing exports of data: object cannot be re-sized
BufferError: Existing exports of data: object cannot be re-sized
BufferError: Existing exports of data: object cannot be re-sized
BufferError: Existing exports of data: object cannot be re-sized
BufferError: Existing exports of data: object cannot be re-sized
BufferError: Existing exports of data: object cannot be re-sized
BufferError: Existing exports of data: object cannot be re-sized
BufferError: Existing exports of data: object cannot be re-sized
BufferError: Existing exports of data: object cannot be re-sized
BufferError: Existing exports of data: object cannot be re-sized
BufferError: Existing exports of data: object cannot be re-sized
BufferError: Existing exports of data: object cannot be re-sized
BufferError: Existing exports of data: object cannot be re-sized
BufferError: Existing exports of data: object cannot be re-sized
BufferError: Existing exports of data: object cannot be re-sized
BufferError: Existing exports of data: object cannot be re-sized
BufferError: Existing exports of data: object cannot be re-sized
BufferError: Existing exports of data: object cannot be re-sized
BufferError: Existing exports of data: object cannot be re-sized
BufferError: Existing exports of data: object cannot be re-sized
BufferError: Existing exports of data: object cannot be re-sized
BufferError: Existing exports of data: object cannot be re-sized
BufferError: Existing exports of data: object cannot be re-sized
BufferError: Existing exports of data: object cannot be re-sized
BufferError: Existing exports of data: object cannot be re-sized
BufferError: Existing exports of data: object cannot be re-sized
BufferError: Existing exports of data: object cannot be re-sized
BufferError: Existing exports of data: object cannot be re-sized
Python/gc.c:1767: PyObject_GC_Track: Assertion failed: object already tracked by the garbage collector
Enable tracemalloc to get the memory block allocation traceback

object address  : 0x7a8f7d8c6b00
object refcount : 1
object type     : 0x5f1c1de00da0
object type name: _asyncio.FutureIter
object repr     : <_asyncio.FutureIter object at 0x7a8f7d8c6b00>

Fatal Python error: _PyObject_AssertFailed: _PyObject_AssertFailed
Python runtime state: initialized

Current thread 0x00007a8f7f83f340 (most recent call first):
  File "/app/./app.py", line 359 in app
  File "/usr/local/lib/python3.13/asyncio/events.py", line 89 in _run
  File "/usr/local/lib/python3.13/asyncio/base_events.py", line 2050 in _run_once
  File "/usr/local/lib/python3.13/asyncio/base_events.py", line 683 in run_forever
  File "/usr/local/lib/python3.13/site-packages/fastpysgi.py", line 90 in multi_run
  File "/usr/local/lib/python3.13/site-packages/fastpysgi.py", line 71 in run
  File "/usr/local/lib/python3.13/site-packages/fastpysgi.py", line 193 in run
  File "/app/./app.py", line 372 in <module>

Extension modules: asyncpg.pgproto.pgproto, asyncpg.protocol.protocol, _fastpysgi (total: 3)
FastPySGI server multiple workers listening at http://0.0.0.0:8080
FastPySGI server running on PID: 1
Worker process added with PID: 7
Worker process added with PID: 8
Worker process added with PID: 9
Worker process added with PID: 10
Worker process added with PID: 11
Worker process added with PID: 12
Worker process added with PID: 13
Worker process added with PID: 14
Worker process added with PID: 15
Worker process added with PID: 16
Worker process added with PID: 17
Worker process added with PID: 18
Worker process added with PID: 19
Worker process added with PID: 20
Worker process added with PID: 21
Worker process added with PID: 22
Worker process added with PID: 23
Worker process added with PID: 24
Worker process added with PID: 25
Worker process added with PID: 26
Worker process added with PID: 27
Worker process added with PID: 28
Worker process added with PID: 29
Worker process added with PID: 30
Worker process added with PID: 31
Worker process added with PID: 32
Worker process added with PID: 33
Worker process added with PID: 34
Worker process added with PID: 35
Worker process added with PID: 36
Worker process added with PID: 37
Worker process added with PID: 38
Worker process added with PID: 39
Worker process added with PID: 40
Worker process added with PID: 41
Worker process added with PID: 42
Worker process added with PID: 43
Worker process added with PID: 44
Worker process added with PID: 45
Worker process added with PID: 46
Worker process added with PID: 47
Worker process added with PID: 48
Worker process added with PID: 49
Worker process added with PID: 50
Worker process added with PID: 51
Worker process added with PID: 52
Worker process added with PID: 53
Worker process added with PID: 54
Worker process added with PID: 55
Worker process added with PID: 56
Worker process added with PID: 57
Worker process added with PID: 58
Worker process added with PID: 59
Worker process added with PID: 60
Worker process added with PID: 61
Worker process added with PID: 62
Worker process added with PID: 63
Worker process added with PID: 64
Worker process added with PID: 65
Worker process added with PID: 66
Worker process added with PID: 67
Worker process added with PID: 68
Worker process added with PID: 69
Worker process added with PID: 70
Worker process added with PID: 71
Worker process added with PID: 72
Worker process added with PID: 73
Worker process added with PID: 74
Worker process added with PID: 75
Worker process added with PID: 76
Worker process added with PID: 77
Worker process added with PID: 78
Worker process added with PID: 79
Worker process added with PID: 80
Worker process added with PID: 81
Worker process added with PID: 82
Worker process added with PID: 83
Worker process added with PID: 84
Worker process added with PID: 85
Worker process added with PID: 86
Worker process added with PID: 87
Worker process added with PID: 88
Worker process added with PID: 89
Worker process added with PID: 90
Worker process added with PID: 91
Worker process added with PID: 92
Worker process added with PID: 93
Worker process added with PID: 94
Worker process added with PID: 95
Worker process added with PID: 96
Worker process added with PID: 97
Worker process added with PID: 98
Worker process added with PID: 99
Worker process added with PID: 100
Worker process added with PID: 101
Worker process added with PID: 102
Worker process added with PID: 103
Worker process added with PID: 104
Worker process added with PID: 105
Worker process added with PID: 106
Worker process added with PID: 107
Worker process added with PID: 108
Worker process added with PID: 109
Worker process added with PID: 110
Worker process added with PID: 111
Worker process added with PID: 112
Worker process added with PID: 113
Worker process added with PID: 114
Worker process added with PID: 115
BufferError: Existing exports of data: object cannot be re-sized
BufferError: Existing exports of data: object cannot be re-sized
BufferError: Existing exports of data: object cannot be re-sized
BufferError: Existing exports of data: object cannot be re-sized
BufferError: Existing exports of data: object cannot be re-sized
BufferError: Existing exports of data: object cannot be re-sized
BufferError: Existing exports of data: object cannot be re-sized
BufferError: Existing exports of data: object cannot be re-sized
BufferError: Existing exports of data: object cannot be re-sized
BufferError: Existing exports of data: object cannot be re-sized
BufferError: Existing exports of data: object cannot be re-sized
BufferError: Existing exports of data: object cannot be re-sized
BufferError: Existing exports of data: object cannot be re-sized
BufferError: Existing exports of data: object cannot be re-sized
BufferError: Existing exports of data: object cannot be re-sized
BufferError: Existing exports of data: object cannot be re-sized
BufferError: Existing exports of data: object cannot be re-sized
BufferError: Existing exports of data: object cannot be re-sized
BufferError: Existing exports of data: object cannot be re-sized
BufferError: Existing exports of data: object cannot be re-sized
BufferError: Existing exports of data: object cannot be re-sized
BufferError: Existing exports of data: object cannot be re-sized
BufferError: Existing exports of data: object cannot be re-sized
BufferError: Existing exports of data: object cannot be re-sized
FastPySGI server multiple workers listening at http://0.0.0.0:8080
FastPySGI server running on PID: 1
Worker process added with PID: 7
Worker process added with PID: 8
Worker process added with PID: 9
Worker process added with PID: 10
Worker process added with PID: 11
Worker process added with PID: 12
Worker process added with PID: 13
Worker process added with PID: 14
Worker process added with PID: 15
Worker process added with PID: 16
Worker process added with PID: 17
Worker process added with PID: 18
Worker process added with PID: 19
Worker process added with PID: 20
Worker process added with PID: 21
Worker process added with PID: 22
Worker process added with PID: 23
Worker process added with PID: 24
Worker process added with PID: 25
Worker process added with PID: 26
Worker process added with PID: 27
Worker process added with PID: 28
Worker process added with PID: 29
Worker process added with PID: 30
Worker process added with PID: 31
Worker process added with PID: 32
Worker process added with PID: 33
Worker process added with PID: 34
Worker process added with PID: 35
Worker process added with PID: 36
Worker process added with PID: 37
Worker process added with PID: 38
Worker process added with PID: 39
Worker process added with PID: 40
Worker process added with PID: 41
Worker process added with PID: 42
Worker process added with PID: 43
Worker process added with PID: 44
Worker process added with PID: 45
Worker process added with PID: 46
Worker process added with PID: 47
Worker process added with PID: 48
Worker process added with PID: 49
Worker process added with PID: 50
Worker process added with PID: 51
Worker process added with PID: 52
Worker process added with PID: 53
Worker process added with PID: 54
Worker process added with PID: 55
Worker process added with PID: 56
Worker process added with PID: 57
Worker process added with PID: 58
Worker process added with PID: 59
Worker process added with PID: 60
Worker process added with PID: 61
Worker process added with PID: 62
Worker process added with PID: 63
Worker process added with PID: 64
Worker process added with PID: 65
Worker process added with PID: 66
Worker process added with PID: 67
Worker process added with PID: 68
Worker process added with PID: 69
Worker process added with PID: 70
Worker process added with PID: 71
Worker process added with PID: 72
Worker process added with PID: 73
Worker process added with PID: 74
Worker process added with PID: 75
Worker process added with PID: 76
Worker process added with PID: 77
Worker process added with PID: 78
Worker process added with PID: 79
Worker process added with PID: 80
Worker process added with PID: 81
Worker process added with PID: 82
Worker process added with PID: 83
Worker process added with PID: 84
Worker process added with PID: 85
Worker process added with PID: 86
Worker process added with PID: 87
Worker process added with PID: 88
Worker process added with PID: 89
Worker process added with PID: 90
Worker process added with PID: 91
Worker process added with PID: 92
Worker process added with PID: 93
Worker process added with PID: 94
Worker process added with PID: 95
Worker process added with PID: 96
Worker process added with PID: 97
Worker process added with PID: 98
Worker process added with PID: 99
Worker process added with PID: 100
Worker process added with PID: 101
Worker process added with PID: 102
Worker process added with PID: 103
Worker process added with PID: 104
Worker process added with PID: 105
Worker process added with PID: 106
Worker process added with PID: 107
Worker process added with PID: 108
Worker process added with PID: 109
Worker process added with PID: 110
Worker process added with PID: 111
Worker process added with PID: 112
Worker process added with PID: 113
Worker process added with PID: 114
Worker process added with PID: 115
Worker process added with PID: 116
Worker process added with PID: 117
Worker process added with PID: 118
Worker process added with PID: 119
Worker process added with PID: 120
Worker process added with PID: 121
Worker process added with PID: 122
Worker process added with PID: 123
Worker process added with PID: 124
Worker process added with PID: 125
Worker process added with PID: 126
Worker process added with PID: 127
Worker process added with PID: 128
Worker process added with PID: 129
Worker process added with PID: 130
Worker process added with PID: 131
Worker process added with PID: 132
Worker process added with PID: 133
Worker process added with PID: 134
