{"level":"info","ts":1776204642.7740524,"msg":"maxprocs: Leaving GOMAXPROCS=64: CPU quota undefined"}
{"level":"info","ts":1776204642.7740705,"msg":"GOMEMLIMIT is updated","GOMEMLIMIT":243039541248,"previous":9223372036854775807}
{"level":"info","ts":1776204642.7741058,"msg":"using config from file","file":"/etc/caddy/Caddyfile"}
{"level":"info","ts":1776204642.7741077,"msg":"adapted config to JSON","adapter":"caddyfile"}
{"level":"warn","ts":1776204642.7741108,"logger":"admin","msg":"admin endpoint disabled"}
{"level":"info","ts":1776204642.7743611,"logger":"tls.cache.maintenance","msg":"started background certificate maintenance","cache":"0x3801737af680"}
{"level":"info","ts":1776204642.7745678,"logger":"http.auto_https","msg":"automatic HTTPS is completely disabled for server","server_name":"srv0"}
{"level":"info","ts":1776204642.7745845,"logger":"http.auto_https","msg":"automatic HTTPS is completely disabled for server","server_name":"srv1"}
{"level":"info","ts":1776204642.7790484,"logger":"tls","msg":"cleaning storage unit","storage":"FileStorage:/root/.local/share/caddy"}
{"level":"info","ts":1776204642.7811565,"logger":"tls","msg":"finished cleaning storage units"}
{"level":"info","ts":1776204642.886451,"logger":"frankenphp","msg":"async worker thread started","worker":"m#/app/worker.php","thread":2}
{"level":"info","ts":1776204642.8865252,"logger":"frankenphp","msg":"async worker thread started","worker":"m#/app/worker.php","thread":4}
{"level":"info","ts":1776204642.8864508,"logger":"frankenphp","msg":"async worker thread started","worker":"m#/app/worker.php","thread":1}
{"level":"info","ts":1776204642.8865464,"logger":"frankenphp","msg":"async worker thread started","worker":"m#/app/worker.php","thread":5}
{"level":"info","ts":1776204642.886613,"logger":"frankenphp","msg":"async worker thread started","worker":"m#/app/worker.php","thread":7}
{"level":"info","ts":1776204642.8866055,"logger":"frankenphp","msg":"async worker thread started","worker":"m#/app/worker.php","thread":6}
{"level":"info","ts":1776204642.8865244,"logger":"frankenphp","msg":"async worker thread started","worker":"m#/app/worker.php","thread":3}
{"level":"info","ts":1776204642.8866823,"logger":"frankenphp","msg":"async worker thread started","worker":"m#/app/worker.php","thread":8}
{"level":"info","ts":1776204642.8867595,"logger":"frankenphp","msg":"async worker thread started","worker":"m#/app/worker.php","thread":10}
{"level":"info","ts":1776204642.8867595,"logger":"frankenphp","msg":"async worker thread started","worker":"m#/app/worker.php","thread":9}
{"level":"info","ts":1776204642.8868384,"logger":"frankenphp","msg":"async worker thread started","worker":"m#/app/worker.php","thread":11}
{"level":"info","ts":1776204642.886865,"logger":"frankenphp","msg":"async worker thread started","worker":"m#/app/worker.php","thread":12}
{"level":"info","ts":1776204642.886988,"logger":"frankenphp","msg":"async worker thread started","worker":"m#/app/worker.php","thread":14}
{"level":"info","ts":1776204642.8869681,"logger":"frankenphp","msg":"async worker thread started","worker":"m#/app/worker.php","thread":13}
{"level":"info","ts":1776204642.8871095,"logger":"frankenphp","msg":"async worker thread started","worker":"m#/app/worker.php","thread":15}
{"level":"info","ts":1776204642.8872004,"logger":"frankenphp","msg":"async worker thread started","worker":"m#/app/worker.php","thread":16}
{"level":"info","ts":1776204642.8873174,"logger":"frankenphp","msg":"async worker thread started","worker":"m#/app/worker.php","thread":18}
{"level":"info","ts":1776204642.887375,"logger":"frankenphp","msg":"async worker thread started","worker":"m#/app/worker.php","thread":19}
{"level":"info","ts":1776204642.887424,"logger":"frankenphp","msg":"async worker thread started","worker":"m#/app/worker.php","thread":20}
{"level":"info","ts":1776204642.8873005,"logger":"frankenphp","msg":"async worker thread started","worker":"m#/app/worker.php","thread":17}
{"level":"info","ts":1776204642.8875012,"logger":"frankenphp","msg":"async worker thread started","worker":"m#/app/worker.php","thread":21}
{"level":"info","ts":1776204642.8877342,"logger":"frankenphp","msg":"async worker thread started","worker":"m#/app/worker.php","thread":22}
{"level":"info","ts":1776204642.8877327,"logger":"frankenphp","msg":"async worker thread started","worker":"m#/app/worker.php","thread":23}
{"level":"info","ts":1776204642.8878837,"logger":"frankenphp","msg":"async worker thread started","worker":"m#/app/worker.php","thread":24}
{"level":"info","ts":1776204642.8879263,"logger":"frankenphp","msg":"async worker thread started","worker":"m#/app/worker.php","thread":25}
{"level":"info","ts":1776204642.8879614,"logger":"frankenphp","msg":"async worker thread started","worker":"m#/app/worker.php","thread":26}
{"level":"info","ts":1776204642.8880398,"logger":"frankenphp","msg":"async worker thread started","worker":"m#/app/worker.php","thread":27}
{"level":"info","ts":1776204642.8881104,"logger":"frankenphp","msg":"async worker thread started","worker":"m#/app/worker.php","thread":31}
{"level":"info","ts":1776204642.888131,"logger":"frankenphp","msg":"async worker thread started","worker":"m#/app/worker.php","thread":32}
{"level":"info","ts":1776204642.8881454,"logger":"frankenphp","msg":"async worker thread started","worker":"m#/app/worker.php","thread":29}
{"level":"info","ts":1776204642.8881884,"logger":"frankenphp","msg":"async worker thread started","worker":"m#/app/worker.php","thread":30}
{"level":"info","ts":1776204642.888091,"logger":"frankenphp","msg":"async worker thread started","worker":"m#/app/worker.php","thread":28}
{"level":"info","ts":1776204642.8881724,"logger":"frankenphp","msg":"async worker thread started","worker":"m#/app/worker.php","thread":33}
{"level":"info","ts":1776204642.903668,"logger":"frankenphp","msg":"async worker thread started","worker":"m#/app/worker.php","thread":34}
{"level":"info","ts":1776204642.9222903,"logger":"frankenphp","msg":"async worker thread started","worker":"m#/app/worker.php","thread":35}
{"level":"info","ts":1776204642.9223304,"logger":"frankenphp","msg":"async worker thread started","worker":"m#/app/worker.php","thread":36}
{"level":"info","ts":1776204642.9223683,"logger":"frankenphp","msg":"async worker thread started","worker":"m#/app/worker.php","thread":37}
{"level":"info","ts":1776204642.922444,"logger":"frankenphp","msg":"async worker thread started","worker":"m#/app/worker.php","thread":38}
{"level":"info","ts":1776204642.9224555,"logger":"frankenphp","msg":"async worker thread started","worker":"m#/app/worker.php","thread":39}
{"level":"info","ts":1776204642.9225206,"logger":"frankenphp","msg":"async worker thread started","worker":"m#/app/worker.php","thread":40}
{"level":"info","ts":1776204642.9226043,"logger":"frankenphp","msg":"async worker thread started","worker":"m#/app/worker.php","thread":41}
{"level":"info","ts":1776204642.9226801,"logger":"frankenphp","msg":"async worker thread started","worker":"m#/app/worker.php","thread":43}
{"level":"info","ts":1776204642.9226844,"logger":"frankenphp","msg":"async worker thread started","worker":"m#/app/worker.php","thread":42}
{"level":"info","ts":1776204642.9227643,"logger":"frankenphp","msg":"async worker thread started","worker":"m#/app/worker.php","thread":44}
{"level":"info","ts":1776204642.922778,"logger":"frankenphp","msg":"async worker thread started","worker":"m#/app/worker.php","thread":46}
{"level":"info","ts":1776204642.922768,"logger":"frankenphp","msg":"async worker thread started","worker":"m#/app/worker.php","thread":45}
{"level":"info","ts":1776204642.922839,"logger":"frankenphp","msg":"async worker thread started","worker":"m#/app/worker.php","thread":47}
{"level":"info","ts":1776204642.9229126,"logger":"frankenphp","msg":"async worker thread started","worker":"m#/app/worker.php","thread":49}
{"level":"info","ts":1776204642.9229157,"logger":"frankenphp","msg":"async worker thread started","worker":"m#/app/worker.php","thread":48}
{"level":"info","ts":1776204642.922989,"logger":"frankenphp","msg":"async worker thread started","worker":"m#/app/worker.php","thread":50}
{"level":"info","ts":1776204642.9231038,"logger":"frankenphp","msg":"async worker thread started","worker":"m#/app/worker.php","thread":51}
{"level":"info","ts":1776204642.923201,"logger":"frankenphp","msg":"async worker thread started","worker":"m#/app/worker.php","thread":52}
{"level":"info","ts":1776204642.9396977,"logger":"frankenphp","msg":"async worker thread started","worker":"m#/app/worker.php","thread":53}
{"level":"info","ts":1776204642.9397335,"logger":"frankenphp","msg":"async worker thread started","worker":"m#/app/worker.php","thread":54}
{"level":"info","ts":1776204642.9397795,"logger":"frankenphp","msg":"async worker thread started","worker":"m#/app/worker.php","thread":55}
{"level":"info","ts":1776204642.9398236,"logger":"frankenphp","msg":"async worker thread started","worker":"m#/app/worker.php","thread":56}
{"level":"info","ts":1776204642.9398978,"logger":"frankenphp","msg":"async worker thread started","worker":"m#/app/worker.php","thread":57}
{"level":"info","ts":1776204642.940015,"logger":"frankenphp","msg":"async worker thread started","worker":"m#/app/worker.php","thread":58}
{"level":"info","ts":1776204642.9400406,"logger":"frankenphp","msg":"async worker thread started","worker":"m#/app/worker.php","thread":59}
{"level":"info","ts":1776204642.9401126,"logger":"frankenphp","msg":"async worker thread started","worker":"m#/app/worker.php","thread":60}
{"level":"info","ts":1776204642.940198,"logger":"frankenphp","msg":"async worker thread started","worker":"m#/app/worker.php","thread":61}
{"level":"info","ts":1776204642.9402711,"logger":"frankenphp","msg":"async worker thread started","worker":"m#/app/worker.php","thread":63}
{"level":"info","ts":1776204642.9402251,"logger":"frankenphp","msg":"async worker thread started","worker":"m#/app/worker.php","thread":62}
{"level":"info","ts":1776204642.940338,"logger":"frankenphp","msg":"async worker thread started","worker":"m#/app/worker.php","thread":64}
{"level":"info","ts":1776204642.9404001,"logger":"frankenphp","msg":"async worker thread started","worker":"m#/app/worker.php_0","thread":65}
{"level":"info","ts":1776204642.940462,"logger":"frankenphp","msg":"async worker thread started","worker":"m#/app/worker.php_0","thread":66}
{"level":"info","ts":1776204642.9404783,"logger":"frankenphp","msg":"async worker thread started","worker":"m#/app/worker.php_0","thread":67}
{"level":"info","ts":1776204642.940538,"logger":"frankenphp","msg":"async worker thread started","worker":"m#/app/worker.php_0","thread":68}
{"level":"info","ts":1776204642.940548,"logger":"frankenphp","msg":"async worker thread started","worker":"m#/app/worker.php_0","thread":69}
{"level":"info","ts":1776204642.9406228,"logger":"frankenphp","msg":"async worker thread started","worker":"m#/app/worker.php_0","thread":70}
{"level":"info","ts":1776204642.94063,"logger":"frankenphp","msg":"async worker thread started","worker":"m#/app/worker.php_0","thread":71}
{"level":"info","ts":1776204642.9406776,"logger":"frankenphp","msg":"async worker thread started","worker":"m#/app/worker.php_0","thread":72}
{"level":"info","ts":1776204642.9407175,"logger":"frankenphp","msg":"async worker thread started","worker":"m#/app/worker.php_0","thread":73}
{"level":"info","ts":1776204642.9407706,"logger":"frankenphp","msg":"async worker thread started","worker":"m#/app/worker.php_0","thread":75}
{"level":"info","ts":1776204642.940821,"logger":"frankenphp","msg":"async worker thread started","worker":"m#/app/worker.php_0","thread":76}
{"level":"info","ts":1776204642.9408822,"logger":"frankenphp","msg":"async worker thread started","worker":"m#/app/worker.php_0","thread":78}
{"level":"info","ts":1776204642.9408486,"logger":"frankenphp","msg":"async worker thread started","worker":"m#/app/worker.php_0","thread":77}
{"level":"info","ts":1776204642.940964,"logger":"frankenphp","msg":"async worker thread started","worker":"m#/app/worker.php_0","thread":79}
{"level":"info","ts":1776204642.940866,"logger":"frankenphp","msg":"async worker thread started","worker":"m#/app/worker.php_0","thread":74}
{"level":"info","ts":1776204642.9410455,"logger":"frankenphp","msg":"async worker thread started","worker":"m#/app/worker.php_0","thread":80}
{"level":"info","ts":1776204642.941467,"logger":"frankenphp","msg":"async worker thread started","worker":"m#/app/worker.php_0","thread":81}
{"level":"info","ts":1776204642.9414737,"logger":"frankenphp","msg":"async worker thread started","worker":"m#/app/worker.php_0","thread":82}
{"level":"info","ts":1776204642.9414835,"logger":"frankenphp","msg":"async worker thread started","worker":"m#/app/worker.php_0","thread":83}
{"level":"info","ts":1776204642.941549,"logger":"frankenphp","msg":"async worker thread started","worker":"m#/app/worker.php_0","thread":84}
{"level":"info","ts":1776204642.9416242,"logger":"frankenphp","msg":"async worker thread started","worker":"m#/app/worker.php_0","thread":85}
{"level":"info","ts":1776204642.9593134,"logger":"frankenphp","msg":"async worker thread started","worker":"m#/app/worker.php_0","thread":86}
{"level":"info","ts":1776204642.9594116,"logger":"frankenphp","msg":"async worker thread started","worker":"m#/app/worker.php_0","thread":88}
{"level":"info","ts":1776204642.9593792,"logger":"frankenphp","msg":"async worker thread started","worker":"m#/app/worker.php_0","thread":87}
{"level":"info","ts":1776204642.95948,"logger":"frankenphp","msg":"async worker thread started","worker":"m#/app/worker.php_0","thread":89}
{"level":"info","ts":1776204642.9595,"logger":"frankenphp","msg":"async worker thread started","worker":"m#/app/worker.php_0","thread":90}
{"level":"info","ts":1776204642.9595606,"logger":"frankenphp","msg":"async worker thread started","worker":"m#/app/worker.php_0","thread":91}
{"level":"info","ts":1776204642.959563,"logger":"frankenphp","msg":"async worker thread started","worker":"m#/app/worker.php_0","thread":92}
{"level":"info","ts":1776204642.959583,"logger":"frankenphp","msg":"async worker thread started","worker":"m#/app/worker.php_0","thread":93}
{"level":"info","ts":1776204642.9596374,"logger":"frankenphp","msg":"async worker thread started","worker":"m#/app/worker.php_0","thread":94}
{"level":"info","ts":1776204642.9596944,"logger":"frankenphp","msg":"async worker thread started","worker":"m#/app/worker.php_0","thread":95}
{"level":"info","ts":1776204642.9597118,"logger":"frankenphp","msg":"async worker thread started","worker":"m#/app/worker.php_0","thread":96}
{"level":"info","ts":1776204642.9597504,"logger":"frankenphp","msg":"async worker thread started","worker":"m#/app/worker.php_0","thread":97}
{"level":"info","ts":1776204642.9598439,"logger":"frankenphp","msg":"async worker thread started","worker":"m#/app/worker.php_0","thread":98}
{"level":"info","ts":1776204642.9599166,"logger":"frankenphp","msg":"async worker thread started","worker":"m#/app/worker.php_0","thread":99}
{"level":"info","ts":1776204642.9599223,"logger":"frankenphp","msg":"async worker thread started","worker":"m#/app/worker.php_0","thread":100}
{"level":"info","ts":1776204642.959932,"logger":"frankenphp","msg":"async worker thread started","worker":"m#/app/worker.php_0","thread":101}
{"level":"info","ts":1776204642.9600098,"logger":"frankenphp","msg":"async worker thread started","worker":"m#/app/worker.php_0","thread":102}
{"level":"info","ts":1776204642.9601839,"logger":"frankenphp","msg":"async worker thread started","worker":"m#/app/worker.php_0","thread":103}
{"level":"info","ts":1776204642.9602637,"logger":"frankenphp","msg":"async worker thread started","worker":"m#/app/worker.php_0","thread":105}
{"level":"info","ts":1776204642.960276,"logger":"frankenphp","msg":"async worker thread started","worker":"m#/app/worker.php_0","thread":104}
{"level":"info","ts":1776204642.96034,"logger":"frankenphp","msg":"async worker thread started","worker":"m#/app/worker.php_0","thread":106}
{"level":"info","ts":1776204642.9603534,"logger":"frankenphp","msg":"async worker thread started","worker":"m#/app/worker.php_0","thread":107}
{"level":"info","ts":1776204642.9604304,"logger":"frankenphp","msg":"async worker thread started","worker":"m#/app/worker.php_0","thread":108}
{"level":"info","ts":1776204642.9605,"logger":"frankenphp","msg":"async worker thread started","worker":"m#/app/worker.php_0","thread":109}
{"level":"info","ts":1776204642.9605765,"logger":"frankenphp","msg":"async worker thread started","worker":"m#/app/worker.php_0","thread":110}
{"level":"info","ts":1776204642.9605992,"logger":"frankenphp","msg":"async worker thread started","worker":"m#/app/worker.php_0","thread":112}
{"level":"info","ts":1776204642.960611,"logger":"frankenphp","msg":"async worker thread started","worker":"m#/app/worker.php_0","thread":111}
{"level":"info","ts":1776204642.960674,"logger":"frankenphp","msg":"async worker thread started","worker":"m#/app/worker.php_0","thread":113}
{"level":"info","ts":1776204642.9607303,"logger":"frankenphp","msg":"async worker thread started","worker":"m#/app/worker.php_0","thread":115}
{"level":"info","ts":1776204642.9606864,"logger":"frankenphp","msg":"async worker thread started","worker":"m#/app/worker.php_0","thread":114}
{"level":"info","ts":1776204642.960783,"logger":"frankenphp","msg":"async worker thread started","worker":"m#/app/worker.php_0","thread":116}
{"level":"info","ts":1776204642.9608607,"logger":"frankenphp","msg":"async worker thread started","worker":"m#/app/worker.php_0","thread":117}
{"level":"info","ts":1776204642.96088,"logger":"frankenphp","msg":"async worker thread started","worker":"m#/app/worker.php_0","thread":118}
{"level":"info","ts":1776204642.9608858,"logger":"frankenphp","msg":"async worker thread started","worker":"m#/app/worker.php_0","thread":119}
{"level":"info","ts":1776204642.9609687,"logger":"frankenphp","msg":"async worker thread started","worker":"m#/app/worker.php_0","thread":121}
{"level":"info","ts":1776204642.96097,"logger":"frankenphp","msg":"async worker thread started","worker":"m#/app/worker.php_0","thread":120}
{"level":"info","ts":1776204642.9609854,"logger":"frankenphp","msg":"async worker thread started","worker":"m#/app/worker.php_0","thread":122}
{"level":"info","ts":1776204642.9610598,"logger":"frankenphp","msg":"async worker thread started","worker":"m#/app/worker.php_0","thread":123}
{"level":"info","ts":1776204642.9610636,"logger":"frankenphp","msg":"async worker thread started","worker":"m#/app/worker.php_0","thread":124}
{"level":"info","ts":1776204642.9611952,"logger":"frankenphp","msg":"async worker thread started","worker":"m#/app/worker.php_0","thread":126}
{"level":"info","ts":1776204642.9611952,"logger":"frankenphp","msg":"async worker thread started","worker":"m#/app/worker.php_0","thread":127}
{"level":"info","ts":1776204642.9610891,"logger":"frankenphp","msg":"async worker thread started","worker":"m#/app/worker.php_0","thread":125}
{"level":"info","ts":1776204642.961226,"logger":"frankenphp","msg":"async worker thread started","worker":"m#/app/worker.php_0","thread":128}
{"level":"info","ts":1776204642.9622684,"logger":"frankenphp","msg":"FrankenPHP started 🐘","php_version":"8.6.0-dev","num_threads":129,"max_threads":129}
{"level":"warn","ts":1776204642.9626396,"logger":"http","msg":"HTTP/2 skipped because it requires TLS","network":"tcp","addr":":8080"}
{"level":"warn","ts":1776204642.9626443,"logger":"http","msg":"HTTP/3 skipped because it requires TLS","network":"tcp","addr":":8080"}
{"level":"info","ts":1776204642.9626462,"logger":"http.log","msg":"server running","name":"srv0","protocols":["h1","h2","h3"]}
{"level":"info","ts":1776204642.9626749,"logger":"http","msg":"enabling HTTP/3 listener","addr":":8443"}
{"level":"info","ts":1776204642.9628344,"logger":"http.log","msg":"server running","name":"srv1","protocols":["h1","h2","h3"]}
{"level":"info","ts":1776204642.963018,"msg":"autosaved config (load with --resume flag)","file":"/root/.config/caddy/autosave.json"}
{"level":"info","ts":1776204642.9630268,"msg":"serving initial configuration"}
{"level":"error","ts":1776204663.4342194,"logger":"http.log.error","msg":"context canceled","request":{"remote_ip":"127.0.0.1","remote_port":"43706","client_ip":"127.0.0.1","proto":"HTTP/1.1","method":"GET","host":"localhost:8080","uri":"/json/50?m=6","headers":{}},"duration":0.161733972,"status":500,"err_id":"9zmqyr0hd","err_trace":"caddy.(*FrankenPHPModule).ServeHTTP (module.go:252)"}
