[1] Puma starting in cluster mode...
[1] * Puma version: 6.6.1 ("Return to Forever")
[1] * Ruby version: ruby 3.4.9 (2026-03-11 revision 76cca827ab) +PRISM [x86_64-linux]
[1] *  Min threads: 4
[1] *  Max threads: 4
[1] *  Environment: development
[1] *   Master PID: 1
[1] *      Workers: 128
[1] *     Restarts: (✔) hot (✖) phased (✖) refork
[1] * Preloading application
[1] * Listening on http://0.0.0.0:8080
[1] Use Ctrl-C to stop
[1] - Worker 0 (PID: 8) booted in 0.29s, phase: 0
[1] - Worker 1 (PID: 11) booted in 0.29s, phase: 0
[1] - Worker 2 (PID: 15) booted in 0.29s, phase: 0
[1] - Worker 3 (PID: 23) booted in 0.29s, phase: 0
[1] - Worker 4 (PID: 33) booted in 0.29s, phase: 0
[1] - Worker 5 (PID: 48) booted in 0.29s, phase: 0
[1] - Worker 6 (PID: 61) booted in 0.28s, phase: 0
[1] - Worker 7 (PID: 72) booted in 0.28s, phase: 0
[1] - Worker 8 (PID: 94) booted in 0.28s, phase: 0
[1] - Worker 9 (PID: 103) booted in 0.28s, phase: 0
[1] - Worker 10 (PID: 115) booted in 0.28s, phase: 0
[1] - Worker 11 (PID: 124) booted in 0.28s, phase: 0
[1] - Worker 12 (PID: 136) booted in 0.28s, phase: 0
[1] - Worker 13 (PID: 150) booted in 0.28s, phase: 0
[1] - Worker 14 (PID: 168) booted in 0.27s, phase: 0
[1] - Worker 15 (PID: 180) booted in 0.27s, phase: 0
[1] - Worker 16 (PID: 187) booted in 0.27s, phase: 0
[1] - Worker 17 (PID: 195) booted in 0.27s, phase: 0
[1] - Worker 18 (PID: 207) booted in 0.26s, phase: 0
[1] - Worker 19 (PID: 219) booted in 0.26s, phase: 0
[1] - Worker 20 (PID: 231) booted in 0.26s, phase: 0
[1] - Worker 21 (PID: 243) booted in 0.26s, phase: 0
[1] - Worker 22 (PID: 256) booted in 0.26s, phase: 0
[1] - Worker 23 (PID: 267) booted in 0.26s, phase: 0
[1] - Worker 24 (PID: 279) booted in 0.25s, phase: 0
[1] - Worker 25 (PID: 291) booted in 0.25s, phase: 0
[1] - Worker 26 (PID: 303) booted in 0.25s, phase: 0
[1] - Worker 27 (PID: 315) booted in 0.25s, phase: 0
[1] - Worker 28 (PID: 327) booted in 0.25s, phase: 0
[1] - Worker 29 (PID: 353) booted in 0.24s, phase: 0
[1] - Worker 30 (PID: 364) booted in 0.24s, phase: 0
[1] - Worker 31 (PID: 367) booted in 0.24s, phase: 0
[1] - Worker 32 (PID: 380) booted in 0.24s, phase: 0
[1] - Worker 33 (PID: 391) booted in 0.23s, phase: 0
[1] - Worker 34 (PID: 403) booted in 0.23s, phase: 0
[1] - Worker 35 (PID: 411) booted in 0.23s, phase: 0
[1] - Worker 36 (PID: 421) booted in 0.23s, phase: 0
[1] - Worker 37 (PID: 431) booted in 0.23s, phase: 0
[1] - Worker 38 (PID: 447) booted in 0.23s, phase: 0
[1] - Worker 39 (PID: 455) booted in 0.22s, phase: 0
[1] - Worker 40 (PID: 467) booted in 0.22s, phase: 0
[1] - Worker 41 (PID: 482) booted in 0.22s, phase: 0
[1] - Worker 42 (PID: 500) booted in 0.22s, phase: 0
[1] - Worker 43 (PID: 511) booted in 0.21s, phase: 0
[1] - Worker 44 (PID: 523) booted in 0.21s, phase: 0
[1] - Worker 45 (PID: 530) booted in 0.21s, phase: 0
[1] - Worker 46 (PID: 539) booted in 0.21s, phase: 0
[1] - Worker 47 (PID: 555) booted in 0.21s, phase: 0
[1] - Worker 48 (PID: 567) booted in 0.21s, phase: 0
[1] - Worker 49 (PID: 579) booted in 0.2s, phase: 0
[1] - Worker 50 (PID: 591) booted in 0.2s, phase: 0
[1] - Worker 51 (PID: 601) booted in 0.2s, phase: 0
[1] - Worker 52 (PID: 615) booted in 0.2s, phase: 0
[1] - Worker 53 (PID: 627) booted in 0.2s, phase: 0
[1] - Worker 54 (PID: 639) booted in 0.2s, phase: 0
[1] - Worker 55 (PID: 649) booted in 0.19s, phase: 0
[1] - Worker 56 (PID: 661) booted in 0.19s, phase: 0
[1] - Worker 57 (PID: 675) booted in 0.19s, phase: 0
[1] - Worker 58 (PID: 686) booted in 0.19s, phase: 0
[1] - Worker 59 (PID: 699) booted in 0.19s, phase: 0
[1] - Worker 60 (PID: 711) booted in 0.19s, phase: 0
[1] - Worker 61 (PID: 724) booted in 0.18s, phase: 0
[1] - Worker 62 (PID: 735) booted in 0.18s, phase: 0
[1] - Worker 63 (PID: 746) booted in 0.18s, phase: 0
[1] - Worker 64 (PID: 758) booted in 0.18s, phase: 0
[1] - Worker 65 (PID: 771) booted in 0.18s, phase: 0
[1] - Worker 66 (PID: 783) booted in 0.18s, phase: 0
[1] - Worker 67 (PID: 794) booted in 0.17s, phase: 0
[1] - Worker 68 (PID: 807) booted in 0.17s, phase: 0
[1] - Worker 69 (PID: 818) booted in 0.17s, phase: 0
[1] - Worker 70 (PID: 829) booted in 0.17s, phase: 0
[1] - Worker 71 (PID: 843) booted in 0.17s, phase: 0
[1] - Worker 72 (PID: 853) booted in 0.17s, phase: 0
[1] - Worker 73 (PID: 866) booted in 0.16s, phase: 0
[1] - Worker 74 (PID: 877) booted in 0.16s, phase: 0
[1] - Worker 75 (PID: 891) booted in 0.16s, phase: 0
[1] - Worker 76 (PID: 900) booted in 0.16s, phase: 0
[1] - Worker 77 (PID: 915) booted in 0.16s, phase: 0
[1] - Worker 78 (PID: 923) booted in 0.16s, phase: 0
[1] - Worker 79 (PID: 939) booted in 0.15s, phase: 0
[1] - Worker 80 (PID: 951) booted in 0.15s, phase: 0
[1] - Worker 81 (PID: 963) booted in 0.15s, phase: 0
[1] - Worker 82 (PID: 975) booted in 0.15s, phase: 0
[1] - Worker 83 (PID: 987) booted in 0.15s, phase: 0
[1] - Worker 84 (PID: 998) booted in 0.14s, phase: 0
[1] - Worker 85 (PID: 1007) booted in 0.14s, phase: 0
[1] - Worker 86 (PID: 1019) booted in 0.14s, phase: 0
[1] - Worker 87 (PID: 1025) booted in 0.14s, phase: 0
[1] - Worker 88 (PID: 1042) booted in 0.14s, phase: 0
[1] - Worker 89 (PID: 1072) booted in 0.13s, phase: 0
[1] - Worker 90 (PID: 1079) booted in 0.13s, phase: 0
[1] - Worker 91 (PID: 1087) booted in 0.13s, phase: 0
[1] - Worker 92 (PID: 1092) booted in 0.12s, phase: 0
[1] - Worker 93 (PID: 1107) booted in 0.12s, phase: 0
[1] - Worker 94 (PID: 1118) booted in 0.12s, phase: 0
[1] - Worker 95 (PID: 1127) booted in 0.12s, phase: 0
[1] - Worker 96 (PID: 1142) booted in 0.12s, phase: 0
[1] - Worker 97 (PID: 1154) booted in 0.11s, phase: 0
[1] - Worker 98 (PID: 1164) booted in 0.11s, phase: 0
[1] - Worker 99 (PID: 1178) booted in 0.11s, phase: 0
[1] - Worker 100 (PID: 1190) booted in 0.11s, phase: 0
[1] - Worker 101 (PID: 1201) booted in 0.11s, phase: 0
[1] - Worker 102 (PID: 1215) booted in 0.11s, phase: 0
[1] - Worker 103 (PID: 1227) booted in 0.1s, phase: 0
[1] - Worker 104 (PID: 1238) booted in 0.1s, phase: 0
[1] - Worker 105 (PID: 1250) booted in 0.1s, phase: 0
[1] - Worker 106 (PID: 1263) booted in 0.1s, phase: 0
[1] - Worker 107 (PID: 1274) booted in 0.1s, phase: 0
[1] - Worker 108 (PID: 1287) booted in 0.1s, phase: 0
[1] - Worker 109 (PID: 1299) booted in 0.1s, phase: 0
[1] - Worker 110 (PID: 1310) booted in 0.09s, phase: 0
[1] - Worker 111 (PID: 1320) booted in 0.09s, phase: 0
[1] - Worker 112 (PID: 1335) booted in 0.09s, phase: 0
[1] - Worker 113 (PID: 1347) booted in 0.09s, phase: 0
[1] - Worker 114 (PID: 1359) booted in 0.09s, phase: 0
[1] - Worker 115 (PID: 1371) booted in 0.08s, phase: 0
[1] - Worker 116 (PID: 1383) booted in 0.08s, phase: 0
[1] - Worker 117 (PID: 1392) booted in 0.08s, phase: 0
[1] - Worker 118 (PID: 1406) booted in 0.08s, phase: 0
[1] - Worker 119 (PID: 1419) booted in 0.08s, phase: 0
[1] - Worker 120 (PID: 1427) booted in 0.08s, phase: 0
[1] - Worker 121 (PID: 1443) booted in 0.08s, phase: 0
[1] - Worker 122 (PID: 1454) booted in 0.07s, phase: 0
[1] - Worker 123 (PID: 1465) booted in 0.07s, phase: 0
[1] - Worker 124 (PID: 1477) booted in 0.07s, phase: 0
[1] - Worker 125 (PID: 1490) booted in 0.07s, phase: 0
[1] - Worker 126 (PID: 1503) booted in 0.07s, phase: 0
[1] - Worker 127 (PID: 1515) booted in 0.06s, phase: 0
