[2026-03-23 22:00:53 +0000] [1] [INFO] Starting gunicorn 23.0.0
[2026-03-23 22:00:53 +0000] [1] [INFO] Listening at: http://0.0.0.0:8080 (1)
[2026-03-23 22:00:53 +0000] [1] [INFO] Using worker: uvicorn.workers.UvicornWorker
[2026-03-23 22:00:53 +0000] [7] [INFO] Booting worker with pid: 7
[2026-03-23 22:00:53 +0000] [8] [INFO] Booting worker with pid: 8
[2026-03-23 22:00:54 +0000] [7] [INFO] Started server process [7]
[2026-03-23 22:00:54 +0000] [7] [INFO] Waiting for application startup.
[2026-03-23 22:00:54 +0000] [7] [INFO] Application startup complete.
[2026-03-23 22:00:54 +0000] [8] [INFO] Started server process [8]
[2026-03-23 22:00:54 +0000] [8] [INFO] Waiting for application startup.
[2026-03-23 22:00:54 +0000] [8] [INFO] Application startup complete.
[2026-03-23 22:00:54 +0000] [11] [INFO] Booting worker with pid: 11
[2026-03-23 22:00:54 +0000] [11] [INFO] Started server process [11]
[2026-03-23 22:00:54 +0000] [11] [INFO] Waiting for application startup.
[2026-03-23 22:00:54 +0000] [11] [INFO] Application startup complete.
[2026-03-23 22:00:54 +0000] [13] [INFO] Booting worker with pid: 13
[2026-03-23 22:00:54 +0000] [14] [INFO] Booting worker with pid: 14
[2026-03-23 22:00:54 +0000] [15] [INFO] Booting worker with pid: 15
[2026-03-23 22:00:54 +0000] [13] [INFO] Started server process [13]
[2026-03-23 22:00:54 +0000] [13] [INFO] Waiting for application startup.
[2026-03-23 22:00:54 +0000] [13] [INFO] Application startup complete.
[2026-03-23 22:00:54 +0000] [14] [INFO] Started server process [14]
[2026-03-23 22:00:54 +0000] [14] [INFO] Waiting for application startup.
[2026-03-23 22:00:54 +0000] [14] [INFO] Application startup complete.
[2026-03-23 22:00:54 +0000] [15] [INFO] Started server process [15]
[2026-03-23 22:00:54 +0000] [15] [INFO] Waiting for application startup.
[2026-03-23 22:00:54 +0000] [15] [INFO] Application startup complete.
[2026-03-23 22:00:54 +0000] [19] [INFO] Booting worker with pid: 19
[2026-03-23 22:00:54 +0000] [20] [INFO] Booting worker with pid: 20
[2026-03-23 22:00:54 +0000] [19] [INFO] Started server process [19]
[2026-03-23 22:00:54 +0000] [19] [INFO] Waiting for application startup.
[2026-03-23 22:00:54 +0000] [19] [INFO] Application startup complete.
[2026-03-23 22:00:54 +0000] [22] [INFO] Booting worker with pid: 22
[2026-03-23 22:00:54 +0000] [20] [INFO] Started server process [20]
[2026-03-23 22:00:54 +0000] [20] [INFO] Waiting for application startup.
[2026-03-23 22:00:54 +0000] [20] [INFO] Application startup complete.
[2026-03-23 22:00:54 +0000] [22] [INFO] Started server process [22]
[2026-03-23 22:00:54 +0000] [22] [INFO] Waiting for application startup.
[2026-03-23 22:00:54 +0000] [22] [INFO] Application startup complete.
[2026-03-23 22:00:54 +0000] [25] [INFO] Booting worker with pid: 25
[2026-03-23 22:00:54 +0000] [25] [INFO] Started server process [25]
[2026-03-23 22:00:54 +0000] [25] [INFO] Waiting for application startup.
[2026-03-23 22:00:54 +0000] [25] [INFO] Application startup complete.
[2026-03-23 22:00:54 +0000] [27] [INFO] Booting worker with pid: 27
[2026-03-23 22:00:54 +0000] [27] [INFO] Started server process [27]
[2026-03-23 22:00:54 +0000] [27] [INFO] Waiting for application startup.
[2026-03-23 22:00:54 +0000] [27] [INFO] Application startup complete.
[2026-03-23 22:00:54 +0000] [29] [INFO] Booting worker with pid: 29
[2026-03-23 22:00:54 +0000] [29] [INFO] Started server process [29]
[2026-03-23 22:00:54 +0000] [29] [INFO] Waiting for application startup.
[2026-03-23 22:00:54 +0000] [29] [INFO] Application startup complete.
[2026-03-23 22:00:54 +0000] [31] [INFO] Booting worker with pid: 31
[2026-03-23 22:00:54 +0000] [33] [INFO] Booting worker with pid: 33
[2026-03-23 22:00:54 +0000] [31] [INFO] Started server process [31]
[2026-03-23 22:00:54 +0000] [31] [INFO] Waiting for application startup.
[2026-03-23 22:00:54 +0000] [31] [INFO] Application startup complete.
[2026-03-23 22:00:54 +0000] [33] [INFO] Started server process [33]
[2026-03-23 22:00:54 +0000] [33] [INFO] Waiting for application startup.
[2026-03-23 22:00:54 +0000] [33] [INFO] Application startup complete.
[2026-03-23 22:00:54 +0000] [35] [INFO] Booting worker with pid: 35
[2026-03-23 22:00:54 +0000] [35] [INFO] Started server process [35]
[2026-03-23 22:00:54 +0000] [35] [INFO] Waiting for application startup.
[2026-03-23 22:00:54 +0000] [35] [INFO] Application startup complete.
[2026-03-23 22:00:54 +0000] [37] [INFO] Booting worker with pid: 37
[2026-03-23 22:00:55 +0000] [38] [INFO] Booting worker with pid: 38
[2026-03-23 22:00:55 +0000] [37] [INFO] Started server process [37]
[2026-03-23 22:00:55 +0000] [37] [INFO] Waiting for application startup.
[2026-03-23 22:00:55 +0000] [37] [INFO] Application startup complete.
[2026-03-23 22:00:55 +0000] [40] [INFO] Booting worker with pid: 40
[2026-03-23 22:00:55 +0000] [38] [INFO] Started server process [38]
[2026-03-23 22:00:55 +0000] [38] [INFO] Waiting for application startup.
[2026-03-23 22:00:55 +0000] [38] [INFO] Application startup complete.
[2026-03-23 22:00:55 +0000] [40] [INFO] Started server process [40]
[2026-03-23 22:00:55 +0000] [40] [INFO] Waiting for application startup.
[2026-03-23 22:00:55 +0000] [40] [INFO] Application startup complete.
[2026-03-23 22:00:55 +0000] [43] [INFO] Booting worker with pid: 43
[2026-03-23 22:00:55 +0000] [44] [INFO] Booting worker with pid: 44
[2026-03-23 22:00:55 +0000] [43] [INFO] Started server process [43]
[2026-03-23 22:00:55 +0000] [43] [INFO] Waiting for application startup.
[2026-03-23 22:00:55 +0000] [43] [INFO] Application startup complete.
[2026-03-23 22:00:55 +0000] [46] [INFO] Booting worker with pid: 46
[2026-03-23 22:00:55 +0000] [44] [INFO] Started server process [44]
[2026-03-23 22:00:55 +0000] [44] [INFO] Waiting for application startup.
[2026-03-23 22:00:55 +0000] [44] [INFO] Application startup complete.
[2026-03-23 22:00:55 +0000] [46] [INFO] Started server process [46]
[2026-03-23 22:00:55 +0000] [46] [INFO] Waiting for application startup.
[2026-03-23 22:00:55 +0000] [46] [INFO] Application startup complete.
[2026-03-23 22:00:55 +0000] [49] [INFO] Booting worker with pid: 49
[2026-03-23 22:00:55 +0000] [50] [INFO] Booting worker with pid: 50
[2026-03-23 22:00:55 +0000] [51] [INFO] Booting worker with pid: 51
[2026-03-23 22:00:55 +0000] [53] [INFO] Booting worker with pid: 53
[2026-03-23 22:00:55 +0000] [49] [INFO] Started server process [49]
[2026-03-23 22:00:55 +0000] [49] [INFO] Waiting for application startup.
[2026-03-23 22:00:55 +0000] [49] [INFO] Application startup complete.
[2026-03-23 22:00:55 +0000] [50] [INFO] Started server process [50]
[2026-03-23 22:00:55 +0000] [50] [INFO] Waiting for application startup.
[2026-03-23 22:00:55 +0000] [50] [INFO] Application startup complete.
[2026-03-23 22:00:55 +0000] [56] [INFO] Booting worker with pid: 56
[2026-03-23 22:00:55 +0000] [51] [INFO] Started server process [51]
[2026-03-23 22:00:55 +0000] [51] [INFO] Waiting for application startup.
[2026-03-23 22:00:55 +0000] [51] [INFO] Application startup complete.
[2026-03-23 22:00:55 +0000] [53] [INFO] Started server process [53]
[2026-03-23 22:00:55 +0000] [53] [INFO] Waiting for application startup.
[2026-03-23 22:00:55 +0000] [53] [INFO] Application startup complete.
[2026-03-23 22:00:55 +0000] [56] [INFO] Started server process [56]
[2026-03-23 22:00:55 +0000] [56] [INFO] Waiting for application startup.
[2026-03-23 22:00:55 +0000] [59] [INFO] Booting worker with pid: 59
[2026-03-23 22:00:55 +0000] [56] [INFO] Application startup complete.
[2026-03-23 22:00:55 +0000] [59] [INFO] Started server process [59]
[2026-03-23 22:00:55 +0000] [59] [INFO] Waiting for application startup.
[2026-03-23 22:00:55 +0000] [59] [INFO] Application startup complete.
[2026-03-23 22:00:55 +0000] [61] [INFO] Booting worker with pid: 61
[2026-03-23 22:00:55 +0000] [61] [INFO] Started server process [61]
[2026-03-23 22:00:55 +0000] [61] [INFO] Waiting for application startup.
[2026-03-23 22:00:55 +0000] [61] [INFO] Application startup complete.
[2026-03-23 22:00:55 +0000] [63] [INFO] Booting worker with pid: 63
[2026-03-23 22:00:55 +0000] [64] [INFO] Booting worker with pid: 64
[2026-03-23 22:00:55 +0000] [66] [INFO] Booting worker with pid: 66
[2026-03-23 22:00:55 +0000] [63] [INFO] Started server process [63]
[2026-03-23 22:00:55 +0000] [63] [INFO] Waiting for application startup.
[2026-03-23 22:00:55 +0000] [63] [INFO] Application startup complete.
[2026-03-23 22:00:55 +0000] [67] [INFO] Booting worker with pid: 67
[2026-03-23 22:00:55 +0000] [64] [INFO] Started server process [64]
[2026-03-23 22:00:55 +0000] [64] [INFO] Waiting for application startup.
[2026-03-23 22:00:55 +0000] [64] [INFO] Application startup complete.
[2026-03-23 22:00:55 +0000] [70] [INFO] Booting worker with pid: 70
[2026-03-23 22:00:55 +0000] [66] [INFO] Started server process [66]
[2026-03-23 22:00:55 +0000] [66] [INFO] Waiting for application startup.
[2026-03-23 22:00:55 +0000] [66] [INFO] Application startup complete.
[2026-03-23 22:00:55 +0000] [67] [INFO] Started server process [67]
[2026-03-23 22:00:55 +0000] [67] [INFO] Waiting for application startup.
[2026-03-23 22:00:55 +0000] [67] [INFO] Application startup complete.
[2026-03-23 22:00:55 +0000] [72] [INFO] Booting worker with pid: 72
[2026-03-23 22:00:55 +0000] [70] [INFO] Started server process [70]
[2026-03-23 22:00:55 +0000] [70] [INFO] Waiting for application startup.
[2026-03-23 22:00:55 +0000] [70] [INFO] Application startup complete.
[2026-03-23 22:00:55 +0000] [72] [INFO] Started server process [72]
[2026-03-23 22:00:55 +0000] [72] [INFO] Waiting for application startup.
[2026-03-23 22:00:55 +0000] [72] [INFO] Application startup complete.
[2026-03-23 22:00:56 +0000] [75] [INFO] Booting worker with pid: 75
[2026-03-23 22:00:56 +0000] [77] [INFO] Booting worker with pid: 77
[2026-03-23 22:00:56 +0000] [75] [INFO] Started server process [75]
[2026-03-23 22:00:56 +0000] [75] [INFO] Waiting for application startup.
[2026-03-23 22:00:56 +0000] [75] [INFO] Application startup complete.
[2026-03-23 22:00:56 +0000] [78] [INFO] Booting worker with pid: 78
[2026-03-23 22:00:56 +0000] [80] [INFO] Booting worker with pid: 80
[2026-03-23 22:00:56 +0000] [77] [INFO] Started server process [77]
[2026-03-23 22:00:56 +0000] [77] [INFO] Waiting for application startup.
[2026-03-23 22:00:56 +0000] [77] [INFO] Application startup complete.
[2026-03-23 22:00:56 +0000] [81] [INFO] Booting worker with pid: 81
[2026-03-23 22:00:56 +0000] [83] [INFO] Booting worker with pid: 83
[2026-03-23 22:00:56 +0000] [78] [INFO] Started server process [78]
[2026-03-23 22:00:56 +0000] [78] [INFO] Waiting for application startup.
[2026-03-23 22:00:56 +0000] [78] [INFO] Application startup complete.
[2026-03-23 22:00:56 +0000] [80] [INFO] Started server process [80]
[2026-03-23 22:00:56 +0000] [80] [INFO] Waiting for application startup.
[2026-03-23 22:00:56 +0000] [80] [INFO] Application startup complete.
[2026-03-23 22:00:56 +0000] [81] [INFO] Started server process [81]
[2026-03-23 22:00:56 +0000] [81] [INFO] Waiting for application startup.
[2026-03-23 22:00:56 +0000] [81] [INFO] Application startup complete.
[2026-03-23 22:00:56 +0000] [83] [INFO] Started server process [83]
[2026-03-23 22:00:56 +0000] [83] [INFO] Waiting for application startup.
[2026-03-23 22:00:56 +0000] [83] [INFO] Application startup complete.
[2026-03-23 22:00:56 +0000] [87] [INFO] Booting worker with pid: 87
[2026-03-23 22:00:56 +0000] [88] [INFO] Booting worker with pid: 88
[2026-03-23 22:00:56 +0000] [89] [INFO] Booting worker with pid: 89
[2026-03-23 22:00:56 +0000] [87] [INFO] Started server process [87]
[2026-03-23 22:00:56 +0000] [87] [INFO] Waiting for application startup.
[2026-03-23 22:00:56 +0000] [87] [INFO] Application startup complete.
[2026-03-23 22:00:56 +0000] [92] [INFO] Booting worker with pid: 92
[2026-03-23 22:00:56 +0000] [88] [INFO] Started server process [88]
[2026-03-23 22:00:56 +0000] [88] [INFO] Waiting for application startup.
[2026-03-23 22:00:56 +0000] [88] [INFO] Application startup complete.
[2026-03-23 22:00:56 +0000] [89] [INFO] Started server process [89]
[2026-03-23 22:00:56 +0000] [89] [INFO] Waiting for application startup.
[2026-03-23 22:00:56 +0000] [89] [INFO] Application startup complete.
[2026-03-23 22:00:56 +0000] [92] [INFO] Started server process [92]
[2026-03-23 22:00:56 +0000] [92] [INFO] Waiting for application startup.
[2026-03-23 22:00:56 +0000] [92] [INFO] Application startup complete.
[2026-03-23 22:00:56 +0000] [95] [INFO] Booting worker with pid: 95
[2026-03-23 22:00:56 +0000] [97] [INFO] Booting worker with pid: 97
[2026-03-23 22:00:56 +0000] [95] [INFO] Started server process [95]
[2026-03-23 22:00:56 +0000] [95] [INFO] Waiting for application startup.
[2026-03-23 22:00:56 +0000] [95] [INFO] Application startup complete.
[2026-03-23 22:00:56 +0000] [98] [INFO] Booting worker with pid: 98
[2026-03-23 22:00:56 +0000] [100] [INFO] Booting worker with pid: 100
[2026-03-23 22:00:56 +0000] [97] [INFO] Started server process [97]
[2026-03-23 22:00:56 +0000] [97] [INFO] Waiting for application startup.
[2026-03-23 22:00:56 +0000] [97] [INFO] Application startup complete.
[2026-03-23 22:00:56 +0000] [102] [INFO] Booting worker with pid: 102
[2026-03-23 22:00:56 +0000] [98] [INFO] Started server process [98]
[2026-03-23 22:00:56 +0000] [98] [INFO] Waiting for application startup.
[2026-03-23 22:00:56 +0000] [98] [INFO] Application startup complete.
[2026-03-23 22:00:56 +0000] [103] [INFO] Booting worker with pid: 103
[2026-03-23 22:00:56 +0000] [105] [INFO] Booting worker with pid: 105
[2026-03-23 22:00:56 +0000] [100] [INFO] Started server process [100]
[2026-03-23 22:00:56 +0000] [100] [INFO] Waiting for application startup.
[2026-03-23 22:00:56 +0000] [100] [INFO] Application startup complete.
[2026-03-23 22:00:56 +0000] [102] [INFO] Started server process [102]
[2026-03-23 22:00:56 +0000] [102] [INFO] Waiting for application startup.
[2026-03-23 22:00:56 +0000] [102] [INFO] Application startup complete.
[2026-03-23 22:00:56 +0000] [107] [INFO] Booting worker with pid: 107
[2026-03-23 22:00:56 +0000] [105] [INFO] Started server process [105]
[2026-03-23 22:00:56 +0000] [105] [INFO] Waiting for application startup.
[2026-03-23 22:00:56 +0000] [105] [INFO] Application startup complete.
[2026-03-23 22:00:56 +0000] [103] [INFO] Started server process [103]
[2026-03-23 22:00:56 +0000] [103] [INFO] Waiting for application startup.
[2026-03-23 22:00:56 +0000] [103] [INFO] Application startup complete.
[2026-03-23 22:00:56 +0000] [107] [INFO] Started server process [107]
[2026-03-23 22:00:56 +0000] [107] [INFO] Waiting for application startup.
[2026-03-23 22:00:56 +0000] [107] [INFO] Application startup complete.
[2026-03-23 22:00:56 +0000] [111] [INFO] Booting worker with pid: 111
[2026-03-23 22:00:56 +0000] [112] [INFO] Booting worker with pid: 112
[2026-03-23 22:00:56 +0000] [111] [INFO] Started server process [111]
[2026-03-23 22:00:56 +0000] [111] [INFO] Waiting for application startup.
[2026-03-23 22:00:56 +0000] [111] [INFO] Application startup complete.
[2026-03-23 22:00:56 +0000] [114] [INFO] Booting worker with pid: 114
[2026-03-23 22:00:56 +0000] [112] [INFO] Started server process [112]
[2026-03-23 22:00:56 +0000] [112] [INFO] Waiting for application startup.
[2026-03-23 22:00:56 +0000] [112] [INFO] Application startup complete.
[2026-03-23 22:00:56 +0000] [116] [INFO] Booting worker with pid: 116
[2026-03-23 22:00:57 +0000] [114] [INFO] Started server process [114]
[2026-03-23 22:00:57 +0000] [114] [INFO] Waiting for application startup.
[2026-03-23 22:00:57 +0000] [114] [INFO] Application startup complete.
[2026-03-23 22:00:57 +0000] [116] [INFO] Started server process [116]
[2026-03-23 22:00:57 +0000] [116] [INFO] Waiting for application startup.
[2026-03-23 22:00:57 +0000] [116] [INFO] Application startup complete.
[2026-03-23 22:00:57 +0000] [119] [INFO] Booting worker with pid: 119
[2026-03-23 22:00:57 +0000] [120] [INFO] Booting worker with pid: 120
[2026-03-23 22:00:57 +0000] [121] [INFO] Booting worker with pid: 121
[2026-03-23 22:00:57 +0000] [119] [INFO] Started server process [119]
[2026-03-23 22:00:57 +0000] [119] [INFO] Waiting for application startup.
[2026-03-23 22:00:57 +0000] [119] [INFO] Application startup complete.
[2026-03-23 22:00:57 +0000] [123] [INFO] Booting worker with pid: 123
[2026-03-23 22:00:57 +0000] [120] [INFO] Started server process [120]
[2026-03-23 22:00:57 +0000] [120] [INFO] Waiting for application startup.
[2026-03-23 22:00:57 +0000] [120] [INFO] Application startup complete.
[2026-03-23 22:00:57 +0000] [125] [INFO] Booting worker with pid: 125
[2026-03-23 22:00:57 +0000] [121] [INFO] Started server process [121]
[2026-03-23 22:00:57 +0000] [121] [INFO] Waiting for application startup.
[2026-03-23 22:00:57 +0000] [121] [INFO] Application startup complete.
[2026-03-23 22:00:57 +0000] [123] [INFO] Started server process [123]
[2026-03-23 22:00:57 +0000] [123] [INFO] Waiting for application startup.
[2026-03-23 22:00:57 +0000] [123] [INFO] Application startup complete.
[2026-03-23 22:00:57 +0000] [128] [INFO] Booting worker with pid: 128
[2026-03-23 22:00:57 +0000] [125] [INFO] Started server process [125]
[2026-03-23 22:00:57 +0000] [125] [INFO] Waiting for application startup.
[2026-03-23 22:00:57 +0000] [125] [INFO] Application startup complete.
[2026-03-23 22:00:57 +0000] [130] [INFO] Booting worker with pid: 130
[2026-03-23 22:00:57 +0000] [128] [INFO] Started server process [128]
[2026-03-23 22:00:57 +0000] [128] [INFO] Waiting for application startup.
[2026-03-23 22:00:57 +0000] [128] [INFO] Application startup complete.
[2026-03-23 22:00:57 +0000] [132] [INFO] Booting worker with pid: 132
[2026-03-23 22:00:57 +0000] [130] [INFO] Started server process [130]
[2026-03-23 22:00:57 +0000] [130] [INFO] Waiting for application startup.
[2026-03-23 22:00:57 +0000] [130] [INFO] Application startup complete.
[2026-03-23 22:00:57 +0000] [132] [INFO] Started server process [132]
[2026-03-23 22:00:57 +0000] [132] [INFO] Waiting for application startup.
[2026-03-23 22:00:57 +0000] [132] [INFO] Application startup complete.
[2026-03-23 22:00:57 +0000] [135] [INFO] Booting worker with pid: 135
[2026-03-23 22:00:57 +0000] [136] [INFO] Booting worker with pid: 136
[2026-03-23 22:00:57 +0000] [137] [INFO] Booting worker with pid: 137
[2026-03-23 22:00:57 +0000] [135] [INFO] Started server process [135]
[2026-03-23 22:00:57 +0000] [135] [INFO] Waiting for application startup.
[2026-03-23 22:00:57 +0000] [135] [INFO] Application startup complete.
[2026-03-23 22:00:57 +0000] [136] [INFO] Started server process [136]
[2026-03-23 22:00:57 +0000] [136] [INFO] Waiting for application startup.
[2026-03-23 22:00:57 +0000] [136] [INFO] Application startup complete.
[2026-03-23 22:00:57 +0000] [137] [INFO] Started server process [137]
[2026-03-23 22:00:57 +0000] [137] [INFO] Waiting for application startup.
[2026-03-23 22:00:57 +0000] [137] [INFO] Application startup complete.
[2026-03-23 22:00:57 +0000] [141] [INFO] Booting worker with pid: 141
[2026-03-23 22:00:57 +0000] [142] [INFO] Booting worker with pid: 142
[2026-03-23 22:00:57 +0000] [141] [INFO] Started server process [141]
[2026-03-23 22:00:57 +0000] [141] [INFO] Waiting for application startup.
[2026-03-23 22:00:57 +0000] [141] [INFO] Application startup complete.
[2026-03-23 22:00:57 +0000] [145] [INFO] Booting worker with pid: 145
[2026-03-23 22:00:57 +0000] [142] [INFO] Started server process [142]
[2026-03-23 22:00:57 +0000] [142] [INFO] Waiting for application startup.
[2026-03-23 22:00:57 +0000] [142] [INFO] Application startup complete.
[2026-03-23 22:00:57 +0000] [146] [INFO] Booting worker with pid: 146
[2026-03-23 22:00:57 +0000] [145] [INFO] Started server process [145]
[2026-03-23 22:00:57 +0000] [145] [INFO] Waiting for application startup.
[2026-03-23 22:00:57 +0000] [145] [INFO] Application startup complete.
[2026-03-23 22:00:57 +0000] [146] [INFO] Started server process [146]
[2026-03-23 22:00:57 +0000] [146] [INFO] Waiting for application startup.
[2026-03-23 22:00:57 +0000] [146] [INFO] Application startup complete.
[2026-03-23 22:00:57 +0000] [149] [INFO] Booting worker with pid: 149
[2026-03-23 22:00:57 +0000] [149] [INFO] Started server process [149]
[2026-03-23 22:00:57 +0000] [149] [INFO] Waiting for application startup.
[2026-03-23 22:00:57 +0000] [149] [INFO] Application startup complete.
[2026-03-23 22:00:57 +0000] [151] [INFO] Booting worker with pid: 151
[2026-03-23 22:00:58 +0000] [152] [INFO] Booting worker with pid: 152
[2026-03-23 22:00:58 +0000] [151] [INFO] Started server process [151]
[2026-03-23 22:00:58 +0000] [151] [INFO] Waiting for application startup.
[2026-03-23 22:00:58 +0000] [151] [INFO] Application startup complete.
[2026-03-23 22:00:58 +0000] [155] [INFO] Booting worker with pid: 155
[2026-03-23 22:00:58 +0000] [152] [INFO] Started server process [152]
[2026-03-23 22:00:58 +0000] [152] [INFO] Waiting for application startup.
[2026-03-23 22:00:58 +0000] [152] [INFO] Application startup complete.
[2026-03-23 22:00:58 +0000] [155] [INFO] Started server process [155]
[2026-03-23 22:00:58 +0000] [155] [INFO] Waiting for application startup.
[2026-03-23 22:00:58 +0000] [155] [INFO] Application startup complete.
[2026-03-23 22:00:58 +0000] [157] [INFO] Booting worker with pid: 157
[2026-03-23 22:00:58 +0000] [158] [INFO] Booting worker with pid: 158
[2026-03-23 22:00:58 +0000] [161] [INFO] Booting worker with pid: 161
[2026-03-23 22:00:58 +0000] [157] [INFO] Started server process [157]
[2026-03-23 22:00:58 +0000] [157] [INFO] Waiting for application startup.
[2026-03-23 22:00:58 +0000] [157] [INFO] Application startup complete.
[2026-03-23 22:00:58 +0000] [158] [INFO] Started server process [158]
[2026-03-23 22:00:58 +0000] [158] [INFO] Waiting for application startup.
[2026-03-23 22:00:58 +0000] [158] [INFO] Application startup complete.
[2026-03-23 22:00:58 +0000] [161] [INFO] Started server process [161]
[2026-03-23 22:00:58 +0000] [161] [INFO] Waiting for application startup.
[2026-03-23 22:00:58 +0000] [161] [INFO] Application startup complete.
[2026-03-23 22:00:58 +0000] [163] [INFO] Booting worker with pid: 163
[2026-03-23 22:00:58 +0000] [164] [INFO] Booting worker with pid: 164
[2026-03-23 22:00:58 +0000] [163] [INFO] Started server process [163]
[2026-03-23 22:00:58 +0000] [163] [INFO] Waiting for application startup.
[2026-03-23 22:00:58 +0000] [163] [INFO] Application startup complete.
[2026-03-23 22:00:58 +0000] [164] [INFO] Started server process [164]
[2026-03-23 22:00:58 +0000] [164] [INFO] Waiting for application startup.
[2026-03-23 22:00:58 +0000] [164] [INFO] Application startup complete.
[2026-03-23 22:00:58 +0000] [167] [INFO] Booting worker with pid: 167
[2026-03-23 22:00:58 +0000] [168] [INFO] Booting worker with pid: 168
[2026-03-23 22:00:58 +0000] [167] [INFO] Started server process [167]
[2026-03-23 22:00:58 +0000] [167] [INFO] Waiting for application startup.
[2026-03-23 22:00:58 +0000] [167] [INFO] Application startup complete.
[2026-03-23 22:00:58 +0000] [171] [INFO] Booting worker with pid: 171
[2026-03-23 22:00:58 +0000] [168] [INFO] Started server process [168]
[2026-03-23 22:00:58 +0000] [168] [INFO] Waiting for application startup.
[2026-03-23 22:00:58 +0000] [168] [INFO] Application startup complete.
[2026-03-23 22:00:58 +0000] [173] [INFO] Booting worker with pid: 173
[2026-03-23 22:00:58 +0000] [171] [INFO] Started server process [171]
[2026-03-23 22:00:58 +0000] [171] [INFO] Waiting for application startup.
[2026-03-23 22:00:58 +0000] [171] [INFO] Application startup complete.
[2026-03-23 22:00:58 +0000] [174] [INFO] Booting worker with pid: 174
[2026-03-23 22:00:58 +0000] [176] [INFO] Booting worker with pid: 176
[2026-03-23 22:00:58 +0000] [173] [INFO] Started server process [173]
[2026-03-23 22:00:58 +0000] [173] [INFO] Waiting for application startup.
[2026-03-23 22:00:58 +0000] [173] [INFO] Application startup complete.
[2026-03-23 22:00:58 +0000] [174] [INFO] Started server process [174]
[2026-03-23 22:00:58 +0000] [174] [INFO] Waiting for application startup.
[2026-03-23 22:00:58 +0000] [174] [INFO] Application startup complete.
[2026-03-23 22:00:58 +0000] [176] [INFO] Started server process [176]
[2026-03-23 22:00:58 +0000] [176] [INFO] Waiting for application startup.
[2026-03-23 22:00:58 +0000] [176] [INFO] Application startup complete.
[2026-03-23 22:00:58 +0000] [179] [INFO] Booting worker with pid: 179
[2026-03-23 22:00:58 +0000] [180] [INFO] Booting worker with pid: 180
[2026-03-23 22:00:58 +0000] [179] [INFO] Started server process [179]
[2026-03-23 22:00:58 +0000] [179] [INFO] Waiting for application startup.
[2026-03-23 22:00:58 +0000] [179] [INFO] Application startup complete.
[2026-03-23 22:00:58 +0000] [183] [INFO] Booting worker with pid: 183
[2026-03-23 22:00:58 +0000] [180] [INFO] Started server process [180]
[2026-03-23 22:00:58 +0000] [180] [INFO] Waiting for application startup.
[2026-03-23 22:00:58 +0000] [180] [INFO] Application startup complete.
[2026-03-23 22:00:59 +0000] [184] [INFO] Booting worker with pid: 184
[2026-03-23 22:00:59 +0000] [183] [INFO] Started server process [183]
[2026-03-23 22:00:59 +0000] [183] [INFO] Waiting for application startup.
[2026-03-23 22:00:59 +0000] [183] [INFO] Application startup complete.
[2026-03-23 22:00:59 +0000] [186] [INFO] Booting worker with pid: 186
[2026-03-23 22:00:59 +0000] [184] [INFO] Started server process [184]
[2026-03-23 22:00:59 +0000] [184] [INFO] Waiting for application startup.
[2026-03-23 22:00:59 +0000] [184] [INFO] Application startup complete.
[2026-03-23 22:00:59 +0000] [186] [INFO] Started server process [186]
[2026-03-23 22:00:59 +0000] [186] [INFO] Waiting for application startup.
[2026-03-23 22:00:59 +0000] [186] [INFO] Application startup complete.
[2026-03-23 22:00:59 +0000] [189] [INFO] Booting worker with pid: 189
[2026-03-23 22:00:59 +0000] [189] [INFO] Started server process [189]
[2026-03-23 22:00:59 +0000] [189] [INFO] Waiting for application startup.
[2026-03-23 22:00:59 +0000] [189] [INFO] Application startup complete.
[2026-03-23 22:00:59 +0000] [191] [INFO] Booting worker with pid: 191
[2026-03-23 22:00:59 +0000] [192] [INFO] Booting worker with pid: 192
[2026-03-23 22:00:59 +0000] [194] [INFO] Booting worker with pid: 194
[2026-03-23 22:00:59 +0000] [191] [INFO] Started server process [191]
[2026-03-23 22:00:59 +0000] [191] [INFO] Waiting for application startup.
[2026-03-23 22:00:59 +0000] [191] [INFO] Application startup complete.
[2026-03-23 22:00:59 +0000] [195] [INFO] Booting worker with pid: 195
[2026-03-23 22:00:59 +0000] [192] [INFO] Started server process [192]
[2026-03-23 22:00:59 +0000] [192] [INFO] Waiting for application startup.
[2026-03-23 22:00:59 +0000] [192] [INFO] Application startup complete.
[2026-03-23 22:00:59 +0000] [194] [INFO] Started server process [194]
[2026-03-23 22:00:59 +0000] [194] [INFO] Waiting for application startup.
[2026-03-23 22:00:59 +0000] [194] [INFO] Application startup complete.
[2026-03-23 22:00:59 +0000] [199] [INFO] Booting worker with pid: 199
[2026-03-23 22:00:59 +0000] [195] [INFO] Started server process [195]
[2026-03-23 22:00:59 +0000] [195] [INFO] Waiting for application startup.
[2026-03-23 22:00:59 +0000] [195] [INFO] Application startup complete.
[2026-03-23 22:00:59 +0000] [200] [INFO] Booting worker with pid: 200
[2026-03-23 22:00:59 +0000] [199] [INFO] Started server process [199]
[2026-03-23 22:00:59 +0000] [199] [INFO] Waiting for application startup.
[2026-03-23 22:00:59 +0000] [199] [INFO] Application startup complete.
[2026-03-23 22:00:59 +0000] [202] [INFO] Booting worker with pid: 202
[2026-03-23 22:00:59 +0000] [203] [INFO] Booting worker with pid: 203
[2026-03-23 22:00:59 +0000] [205] [INFO] Booting worker with pid: 205
[2026-03-23 22:00:59 +0000] [200] [INFO] Started server process [200]
[2026-03-23 22:00:59 +0000] [200] [INFO] Waiting for application startup.
[2026-03-23 22:00:59 +0000] [200] [INFO] Application startup complete.
[2026-03-23 22:00:59 +0000] [202] [INFO] Started server process [202]
[2026-03-23 22:00:59 +0000] [202] [INFO] Waiting for application startup.
[2026-03-23 22:00:59 +0000] [202] [INFO] Application startup complete.
[2026-03-23 22:00:59 +0000] [207] [INFO] Booting worker with pid: 207
[2026-03-23 22:00:59 +0000] [208] [INFO] Booting worker with pid: 208
[2026-03-23 22:00:59 +0000] [203] [INFO] Started server process [203]
[2026-03-23 22:00:59 +0000] [203] [INFO] Waiting for application startup.
[2026-03-23 22:00:59 +0000] [203] [INFO] Application startup complete.
[2026-03-23 22:00:59 +0000] [205] [INFO] Started server process [205]
[2026-03-23 22:00:59 +0000] [205] [INFO] Waiting for application startup.
[2026-03-23 22:00:59 +0000] [205] [INFO] Application startup complete.
[2026-03-23 22:00:59 +0000] [212] [INFO] Booting worker with pid: 212
[2026-03-23 22:00:59 +0000] [207] [INFO] Started server process [207]
[2026-03-23 22:00:59 +0000] [207] [INFO] Waiting for application startup.
[2026-03-23 22:00:59 +0000] [207] [INFO] Application startup complete.
[2026-03-23 22:00:59 +0000] [208] [INFO] Started server process [208]
[2026-03-23 22:00:59 +0000] [208] [INFO] Waiting for application startup.
[2026-03-23 22:00:59 +0000] [208] [INFO] Application startup complete.
[2026-03-23 22:00:59 +0000] [214] [INFO] Booting worker with pid: 214
[2026-03-23 22:00:59 +0000] [212] [INFO] Started server process [212]
[2026-03-23 22:00:59 +0000] [212] [INFO] Waiting for application startup.
[2026-03-23 22:00:59 +0000] [216] [INFO] Booting worker with pid: 216
[2026-03-23 22:00:59 +0000] [212] [INFO] Application startup complete.
[2026-03-23 22:00:59 +0000] [218] [INFO] Booting worker with pid: 218
[2026-03-23 22:00:59 +0000] [214] [INFO] Started server process [214]
[2026-03-23 22:00:59 +0000] [214] [INFO] Waiting for application startup.
[2026-03-23 22:00:59 +0000] [214] [INFO] Application startup complete.
[2026-03-23 22:00:59 +0000] [216] [INFO] Started server process [216]
[2026-03-23 22:00:59 +0000] [216] [INFO] Waiting for application startup.
[2026-03-23 22:00:59 +0000] [216] [INFO] Application startup complete.
[2026-03-23 22:00:59 +0000] [220] [INFO] Booting worker with pid: 220
[2026-03-23 22:00:59 +0000] [218] [INFO] Started server process [218]
[2026-03-23 22:00:59 +0000] [218] [INFO] Waiting for application startup.
[2026-03-23 22:00:59 +0000] [218] [INFO] Application startup complete.
[2026-03-23 22:00:59 +0000] [220] [INFO] Started server process [220]
[2026-03-23 22:00:59 +0000] [220] [INFO] Waiting for application startup.
[2026-03-23 22:00:59 +0000] [220] [INFO] Application startup complete.
[2026-03-23 22:00:59 +0000] [223] [INFO] Booting worker with pid: 223
[2026-03-23 22:01:00 +0000] [223] [INFO] Started server process [223]
[2026-03-23 22:01:00 +0000] [223] [INFO] Waiting for application startup.
[2026-03-23 22:01:00 +0000] [223] [INFO] Application startup complete.
[2026-03-23 22:01:00 +0000] [225] [INFO] Booting worker with pid: 225
[2026-03-23 22:01:00 +0000] [226] [INFO] Booting worker with pid: 226
[2026-03-23 22:01:00 +0000] [225] [INFO] Started server process [225]
[2026-03-23 22:01:00 +0000] [225] [INFO] Waiting for application startup.
[2026-03-23 22:01:00 +0000] [225] [INFO] Application startup complete.
[2026-03-23 22:01:00 +0000] [228] [INFO] Booting worker with pid: 228
[2026-03-23 22:01:00 +0000] [226] [INFO] Started server process [226]
[2026-03-23 22:01:00 +0000] [226] [INFO] Waiting for application startup.
[2026-03-23 22:01:00 +0000] [226] [INFO] Application startup complete.
[2026-03-23 22:01:00 +0000] [228] [INFO] Started server process [228]
[2026-03-23 22:01:00 +0000] [228] [INFO] Waiting for application startup.
[2026-03-23 22:01:00 +0000] [228] [INFO] Application startup complete.
[2026-03-23 22:01:00 +0000] [231] [INFO] Booting worker with pid: 231
[2026-03-23 22:01:00 +0000] [233] [INFO] Booting worker with pid: 233
[2026-03-23 22:01:00 +0000] [231] [INFO] Started server process [231]
[2026-03-23 22:01:00 +0000] [231] [INFO] Waiting for application startup.
[2026-03-23 22:01:00 +0000] [231] [INFO] Application startup complete.
[2026-03-23 22:01:00 +0000] [233] [INFO] Started server process [233]
[2026-03-23 22:01:00 +0000] [233] [INFO] Waiting for application startup.
[2026-03-23 22:01:00 +0000] [233] [INFO] Application startup complete.
[2026-03-23 22:01:00 +0000] [235] [INFO] Booting worker with pid: 235
[2026-03-23 22:01:00 +0000] [236] [INFO] Booting worker with pid: 236
[2026-03-23 22:01:00 +0000] [235] [INFO] Started server process [235]
[2026-03-23 22:01:00 +0000] [235] [INFO] Waiting for application startup.
[2026-03-23 22:01:00 +0000] [235] [INFO] Application startup complete.
[2026-03-23 22:01:00 +0000] [236] [INFO] Started server process [236]
[2026-03-23 22:01:00 +0000] [236] [INFO] Waiting for application startup.
[2026-03-23 22:01:00 +0000] [236] [INFO] Application startup complete.
[2026-03-23 22:01:00 +0000] [239] [INFO] Booting worker with pid: 239
[2026-03-23 22:01:00 +0000] [240] [INFO] Booting worker with pid: 240
[2026-03-23 22:01:00 +0000] [239] [INFO] Started server process [239]
[2026-03-23 22:01:00 +0000] [239] [INFO] Waiting for application startup.
[2026-03-23 22:01:00 +0000] [239] [INFO] Application startup complete.
[2026-03-23 22:01:00 +0000] [242] [INFO] Booting worker with pid: 242
[2026-03-23 22:01:00 +0000] [243] [INFO] Booting worker with pid: 243
[2026-03-23 22:01:00 +0000] [240] [INFO] Started server process [240]
[2026-03-23 22:01:00 +0000] [240] [INFO] Waiting for application startup.
[2026-03-23 22:01:00 +0000] [240] [INFO] Application startup complete.
[2026-03-23 22:01:00 +0000] [242] [INFO] Started server process [242]
[2026-03-23 22:01:00 +0000] [242] [INFO] Waiting for application startup.
[2026-03-23 22:01:00 +0000] [242] [INFO] Application startup complete.
[2026-03-23 22:01:00 +0000] [243] [INFO] Started server process [243]
[2026-03-23 22:01:00 +0000] [243] [INFO] Waiting for application startup.
[2026-03-23 22:01:00 +0000] [243] [INFO] Application startup complete.
[2026-03-23 22:01:00 +0000] [247] [INFO] Booting worker with pid: 247
[2026-03-23 22:01:00 +0000] [249] [INFO] Booting worker with pid: 249
[2026-03-23 22:01:00 +0000] [247] [INFO] Started server process [247]
[2026-03-23 22:01:00 +0000] [247] [INFO] Waiting for application startup.
[2026-03-23 22:01:00 +0000] [247] [INFO] Application startup complete.
[2026-03-23 22:01:00 +0000] [249] [INFO] Started server process [249]
[2026-03-23 22:01:00 +0000] [249] [INFO] Waiting for application startup.
[2026-03-23 22:01:00 +0000] [249] [INFO] Application startup complete.
[2026-03-23 22:01:00 +0000] [251] [INFO] Booting worker with pid: 251
[2026-03-23 22:01:00 +0000] [252] [INFO] Booting worker with pid: 252
[2026-03-23 22:01:00 +0000] [251] [INFO] Started server process [251]
[2026-03-23 22:01:00 +0000] [251] [INFO] Waiting for application startup.
[2026-03-23 22:01:00 +0000] [251] [INFO] Application startup complete.
[2026-03-23 22:01:00 +0000] [252] [INFO] Started server process [252]
[2026-03-23 22:01:00 +0000] [252] [INFO] Waiting for application startup.
[2026-03-23 22:01:00 +0000] [252] [INFO] Application startup complete.
[2026-03-23 22:01:00 +0000] [255] [INFO] Booting worker with pid: 255
[2026-03-23 22:01:00 +0000] [256] [INFO] Booting worker with pid: 256
[2026-03-23 22:01:00 +0000] [257] [INFO] Booting worker with pid: 257
[2026-03-23 22:01:01 +0000] [255] [INFO] Started server process [255]
[2026-03-23 22:01:01 +0000] [255] [INFO] Waiting for application startup.
[2026-03-23 22:01:01 +0000] [255] [INFO] Application startup complete.
[2026-03-23 22:01:01 +0000] [256] [INFO] Started server process [256]
[2026-03-23 22:01:01 +0000] [256] [INFO] Waiting for application startup.
[2026-03-23 22:01:01 +0000] [256] [INFO] Application startup complete.
[2026-03-23 22:01:01 +0000] [260] [INFO] Booting worker with pid: 260
[2026-03-23 22:01:01 +0000] [257] [INFO] Started server process [257]
[2026-03-23 22:01:01 +0000] [257] [INFO] Waiting for application startup.
[2026-03-23 22:01:01 +0000] [257] [INFO] Application startup complete.
[2026-03-23 22:01:01 +0000] [263] [INFO] Booting worker with pid: 263
[2026-03-23 22:01:01 +0000] [260] [INFO] Started server process [260]
[2026-03-23 22:01:01 +0000] [260] [INFO] Waiting for application startup.
[2026-03-23 22:01:01 +0000] [260] [INFO] Application startup complete.
[2026-03-23 22:01:01 +0000] [264] [INFO] Booting worker with pid: 264
[2026-03-23 22:01:01 +0000] [263] [INFO] Started server process [263]
[2026-03-23 22:01:01 +0000] [263] [INFO] Waiting for application startup.
[2026-03-23 22:01:01 +0000] [263] [INFO] Application startup complete.
[2026-03-23 22:01:01 +0000] [264] [INFO] Started server process [264]
[2026-03-23 22:01:01 +0000] [264] [INFO] Waiting for application startup.
[2026-03-23 22:01:01 +0000] [264] [INFO] Application startup complete.
[2026-03-23 22:01:01 +0000] [267] [INFO] Booting worker with pid: 267
[2026-03-23 22:01:01 +0000] [269] [INFO] Booting worker with pid: 269
[2026-03-23 22:01:01 +0000] [267] [INFO] Started server process [267]
[2026-03-23 22:01:01 +0000] [267] [INFO] Waiting for application startup.
[2026-03-23 22:01:01 +0000] [267] [INFO] Application startup complete.
[2026-03-23 22:01:01 +0000] [270] [INFO] Booting worker with pid: 270
[2026-03-23 22:01:01 +0000] [271] [INFO] Booting worker with pid: 271
[2026-03-23 22:01:01 +0000] [273] [INFO] Booting worker with pid: 273
[2026-03-23 22:01:01 +0000] [269] [INFO] Started server process [269]
[2026-03-23 22:01:01 +0000] [269] [INFO] Waiting for application startup.
[2026-03-23 22:01:01 +0000] [269] [INFO] Application startup complete.
[2026-03-23 22:01:01 +0000] [270] [INFO] Started server process [270]
[2026-03-23 22:01:01 +0000] [270] [INFO] Waiting for application startup.
[2026-03-23 22:01:01 +0000] [270] [INFO] Application startup complete.
[2026-03-23 22:01:01 +0000] [271] [INFO] Started server process [271]
[2026-03-23 22:01:01 +0000] [271] [INFO] Waiting for application startup.
[2026-03-23 22:01:01 +0000] [271] [INFO] Application startup complete.
[2026-03-23 22:01:01 +0000] [273] [INFO] Started server process [273]
[2026-03-23 22:01:01 +0000] [273] [INFO] Waiting for application startup.
[2026-03-23 22:01:01 +0000] [273] [INFO] Application startup complete.
[2026-03-23 22:01:01 +0000] [277] [INFO] Booting worker with pid: 277
[2026-03-23 22:01:01 +0000] [279] [INFO] Booting worker with pid: 279
[2026-03-23 22:01:01 +0000] [277] [INFO] Started server process [277]
[2026-03-23 22:01:01 +0000] [277] [INFO] Waiting for application startup.
[2026-03-23 22:01:01 +0000] [277] [INFO] Application startup complete.
[2026-03-23 22:01:01 +0000] [280] [INFO] Booting worker with pid: 280
[2026-03-23 22:01:01 +0000] [279] [INFO] Started server process [279]
[2026-03-23 22:01:01 +0000] [279] [INFO] Waiting for application startup.
[2026-03-23 22:01:01 +0000] [279] [INFO] Application startup complete.
[2026-03-23 22:01:01 +0000] [280] [INFO] Started server process [280]
[2026-03-23 22:01:01 +0000] [280] [INFO] Waiting for application startup.
[2026-03-23 22:01:01 +0000] [280] [INFO] Application startup complete.
[2026-03-23 22:01:01 +0000] [283] [INFO] Booting worker with pid: 283
[2026-03-23 22:01:01 +0000] [283] [INFO] Started server process [283]
[2026-03-23 22:01:01 +0000] [283] [INFO] Waiting for application startup.
[2026-03-23 22:01:01 +0000] [283] [INFO] Application startup complete.
[2026-03-23 22:01:01 +0000] [285] [INFO] Booting worker with pid: 285
[2026-03-23 22:01:01 +0000] [285] [INFO] Started server process [285]
[2026-03-23 22:01:01 +0000] [285] [INFO] Waiting for application startup.
[2026-03-23 22:01:01 +0000] [285] [INFO] Application startup complete.
[2026-03-23 22:01:01 +0000] [287] [INFO] Booting worker with pid: 287
[2026-03-23 22:01:01 +0000] [287] [INFO] Started server process [287]
[2026-03-23 22:01:01 +0000] [287] [INFO] Waiting for application startup.
[2026-03-23 22:01:01 +0000] [287] [INFO] Application startup complete.
[2026-03-23 22:01:01 +0000] [289] [INFO] Booting worker with pid: 289
[2026-03-23 22:01:01 +0000] [291] [INFO] Booting worker with pid: 291
[2026-03-23 22:01:01 +0000] [289] [INFO] Started server process [289]
[2026-03-23 22:01:01 +0000] [289] [INFO] Waiting for application startup.
[2026-03-23 22:01:01 +0000] [289] [INFO] Application startup complete.
[2026-03-23 22:01:01 +0000] [292] [INFO] Booting worker with pid: 292
[2026-03-23 22:01:01 +0000] [291] [INFO] Started server process [291]
[2026-03-23 22:01:01 +0000] [291] [INFO] Waiting for application startup.
[2026-03-23 22:01:01 +0000] [291] [INFO] Application startup complete.
[2026-03-23 22:01:01 +0000] [294] [INFO] Booting worker with pid: 294
[2026-03-23 22:01:01 +0000] [292] [INFO] Started server process [292]
[2026-03-23 22:01:01 +0000] [292] [INFO] Waiting for application startup.
[2026-03-23 22:01:01 +0000] [292] [INFO] Application startup complete.
[2026-03-23 22:01:02 +0000] [294] [INFO] Started server process [294]
[2026-03-23 22:01:02 +0000] [294] [INFO] Waiting for application startup.
[2026-03-23 22:01:02 +0000] [294] [INFO] Application startup complete.
[2026-03-23 22:01:02 +0000] [297] [INFO] Booting worker with pid: 297
[2026-03-23 22:01:02 +0000] [298] [INFO] Booting worker with pid: 298
[2026-03-23 22:01:02 +0000] [297] [INFO] Started server process [297]
[2026-03-23 22:01:02 +0000] [297] [INFO] Waiting for application startup.
[2026-03-23 22:01:02 +0000] [297] [INFO] Application startup complete.
[2026-03-23 22:01:02 +0000] [298] [INFO] Started server process [298]
[2026-03-23 22:01:02 +0000] [298] [INFO] Waiting for application startup.
[2026-03-23 22:01:02 +0000] [298] [INFO] Application startup complete.
[2026-03-23 22:01:02 +0000] [301] [INFO] Booting worker with pid: 301
[2026-03-23 22:01:02 +0000] [301] [INFO] Started server process [301]
[2026-03-23 22:01:02 +0000] [301] [INFO] Waiting for application startup.
[2026-03-23 22:01:02 +0000] [301] [INFO] Application startup complete.
[2026-03-23 22:01:02 +0000] [303] [INFO] Booting worker with pid: 303
[2026-03-23 22:01:02 +0000] [304] [INFO] Booting worker with pid: 304
[2026-03-23 22:01:02 +0000] [305] [INFO] Booting worker with pid: 305
[2026-03-23 22:01:02 +0000] [303] [INFO] Started server process [303]
[2026-03-23 22:01:02 +0000] [303] [INFO] Waiting for application startup.
[2026-03-23 22:01:02 +0000] [303] [INFO] Application startup complete.
[2026-03-23 22:01:02 +0000] [308] [INFO] Booting worker with pid: 308
[2026-03-23 22:01:02 +0000] [304] [INFO] Started server process [304]
[2026-03-23 22:01:02 +0000] [304] [INFO] Waiting for application startup.
[2026-03-23 22:01:02 +0000] [304] [INFO] Application startup complete.
[2026-03-23 22:01:02 +0000] [305] [INFO] Started server process [305]
[2026-03-23 22:01:02 +0000] [305] [INFO] Waiting for application startup.
[2026-03-23 22:01:02 +0000] [305] [INFO] Application startup complete.
[2026-03-23 22:01:02 +0000] [310] [INFO] Booting worker with pid: 310
[2026-03-23 22:01:02 +0000] [312] [INFO] Booting worker with pid: 312
[2026-03-23 22:01:02 +0000] [310] [INFO] Started server process [310]
[2026-03-23 22:01:02 +0000] [310] [INFO] Waiting for application startup.
[2026-03-23 22:01:02 +0000] [310] [INFO] Application startup complete.
[2026-03-23 22:01:02 +0000] [313] [INFO] Booting worker with pid: 313
[2026-03-23 22:01:02 +0000] [314] [INFO] Booting worker with pid: 314
[2026-03-23 22:01:02 +0000] [315] [INFO] Booting worker with pid: 315
[2026-03-23 22:01:02 +0000] [316] [INFO] Booting worker with pid: 316
[2026-03-23 22:01:02 +0000] [318] [INFO] Booting worker with pid: 318
[2026-03-23 22:01:02 +0000] [320] [INFO] Booting worker with pid: 320
[2026-03-23 22:01:02 +0000] [314] [INFO] Started server process [314]
[2026-03-23 22:01:02 +0000] [314] [INFO] Waiting for application startup.
[2026-03-23 22:01:02 +0000] [314] [INFO] Application startup complete.
[2026-03-23 22:01:02 +0000] [321] [INFO] Booting worker with pid: 321
[2026-03-23 22:01:02 +0000] [322] [INFO] Booting worker with pid: 322
[2026-03-23 22:01:02 +0000] [308] [INFO] Started server process [308]
[2026-03-23 22:01:02 +0000] [308] [INFO] Waiting for application startup.
[2026-03-23 22:01:02 +0000] [308] [INFO] Application startup complete.
[2026-03-23 22:01:02 +0000] [316] [INFO] Started server process [316]
[2026-03-23 22:01:02 +0000] [316] [INFO] Waiting for application startup.
[2026-03-23 22:01:02 +0000] [316] [INFO] Application startup complete.
[2026-03-23 22:01:02 +0000] [312] [INFO] Started server process [312]
[2026-03-23 22:01:02 +0000] [312] [INFO] Waiting for application startup.
[2026-03-23 22:01:02 +0000] [312] [INFO] Application startup complete.
[2026-03-23 22:01:02 +0000] [318] [INFO] Started server process [318]
[2026-03-23 22:01:02 +0000] [318] [INFO] Waiting for application startup.
[2026-03-23 22:01:02 +0000] [318] [INFO] Application startup complete.
[2026-03-23 22:01:02 +0000] [313] [INFO] Started server process [313]
[2026-03-23 22:01:02 +0000] [328] [INFO] Booting worker with pid: 328
[2026-03-23 22:01:02 +0000] [313] [INFO] Waiting for application startup.
[2026-03-23 22:01:02 +0000] [313] [INFO] Application startup complete.
[2026-03-23 22:01:03 +0000] [315] [INFO] Started server process [315]
[2026-03-23 22:01:03 +0000] [315] [INFO] Waiting for application startup.
[2026-03-23 22:01:03 +0000] [315] [INFO] Application startup complete.
[2026-03-23 22:01:03 +0000] [322] [INFO] Started server process [322]
[2026-03-23 22:01:03 +0000] [322] [INFO] Waiting for application startup.
[2026-03-23 22:01:03 +0000] [322] [INFO] Application startup complete.
[2026-03-23 22:01:03 +0000] [330] [INFO] Booting worker with pid: 330
[2026-03-23 22:01:03 +0000] [333] [INFO] Booting worker with pid: 333
[2026-03-23 22:01:03 +0000] [328] [INFO] Started server process [328]
[2026-03-23 22:01:03 +0000] [328] [INFO] Waiting for application startup.
[2026-03-23 22:01:03 +0000] [328] [INFO] Application startup complete.
[2026-03-23 22:01:03 +0000] [320] [INFO] Started server process [320]
[2026-03-23 22:01:03 +0000] [320] [INFO] Waiting for application startup.
[2026-03-23 22:01:03 +0000] [320] [INFO] Application startup complete.
[2026-03-23 22:01:03 +0000] [335] [INFO] Booting worker with pid: 335
[2026-03-23 22:01:03 +0000] [321] [INFO] Started server process [321]
[2026-03-23 22:01:03 +0000] [321] [INFO] Waiting for application startup.
[2026-03-23 22:01:03 +0000] [321] [INFO] Application startup complete.
[2026-03-23 22:01:03 +0000] [336] [INFO] Booting worker with pid: 336
[2026-03-23 22:01:03 +0000] [338] [INFO] Booting worker with pid: 338
[2026-03-23 22:01:03 +0000] [330] [INFO] Started server process [330]
[2026-03-23 22:01:03 +0000] [330] [INFO] Waiting for application startup.
[2026-03-23 22:01:03 +0000] [330] [INFO] Application startup complete.
[2026-03-23 22:01:03 +0000] [333] [INFO] Started server process [333]
[2026-03-23 22:01:03 +0000] [333] [INFO] Waiting for application startup.
[2026-03-23 22:01:03 +0000] [333] [INFO] Application startup complete.
[2026-03-23 22:01:03 +0000] [341] [INFO] Booting worker with pid: 341
[2026-03-23 22:01:03 +0000] [335] [INFO] Started server process [335]
[2026-03-23 22:01:03 +0000] [335] [INFO] Waiting for application startup.
[2026-03-23 22:01:03 +0000] [335] [INFO] Application startup complete.
[2026-03-23 22:01:03 +0000] [342] [INFO] Booting worker with pid: 342
[2026-03-23 22:01:03 +0000] [344] [INFO] Booting worker with pid: 344
[2026-03-23 22:01:03 +0000] [338] [INFO] Started server process [338]
[2026-03-23 22:01:03 +0000] [338] [INFO] Waiting for application startup.
[2026-03-23 22:01:03 +0000] [338] [INFO] Application startup complete.
[2026-03-23 22:01:03 +0000] [346] [INFO] Booting worker with pid: 346
[2026-03-23 22:01:03 +0000] [341] [INFO] Started server process [341]
[2026-03-23 22:01:03 +0000] [341] [INFO] Waiting for application startup.
[2026-03-23 22:01:03 +0000] [341] [INFO] Application startup complete.
[2026-03-23 22:01:03 +0000] [336] [INFO] Started server process [336]
[2026-03-23 22:01:03 +0000] [336] [INFO] Waiting for application startup.
[2026-03-23 22:01:03 +0000] [336] [INFO] Application startup complete.
[2026-03-23 22:01:03 +0000] [342] [INFO] Started server process [342]
[2026-03-23 22:01:03 +0000] [342] [INFO] Waiting for application startup.
[2026-03-23 22:01:03 +0000] [342] [INFO] Application startup complete.
[2026-03-23 22:01:03 +0000] [350] [INFO] Booting worker with pid: 350
[2026-03-23 22:01:03 +0000] [344] [INFO] Started server process [344]
[2026-03-23 22:01:03 +0000] [344] [INFO] Waiting for application startup.
[2026-03-23 22:01:03 +0000] [344] [INFO] Application startup complete.
[2026-03-23 22:01:03 +0000] [351] [INFO] Booting worker with pid: 351
[2026-03-23 22:01:03 +0000] [352] [INFO] Booting worker with pid: 352
[2026-03-23 22:01:03 +0000] [350] [INFO] Started server process [350]
[2026-03-23 22:01:03 +0000] [350] [INFO] Waiting for application startup.
[2026-03-23 22:01:03 +0000] [350] [INFO] Application startup complete.
[2026-03-23 22:01:03 +0000] [355] [INFO] Booting worker with pid: 355
[2026-03-23 22:01:03 +0000] [346] [INFO] Started server process [346]
[2026-03-23 22:01:03 +0000] [346] [INFO] Waiting for application startup.
[2026-03-23 22:01:03 +0000] [346] [INFO] Application startup complete.
[2026-03-23 22:01:03 +0000] [356] [INFO] Booting worker with pid: 356
[2026-03-23 22:01:03 +0000] [357] [INFO] Booting worker with pid: 357
[2026-03-23 22:01:04 +0000] [359] [INFO] Booting worker with pid: 359
[2026-03-23 22:01:04 +0000] [352] [INFO] Started server process [352]
[2026-03-23 22:01:04 +0000] [352] [INFO] Waiting for application startup.
[2026-03-23 22:01:04 +0000] [352] [INFO] Application startup complete.
[2026-03-23 22:01:04 +0000] [351] [INFO] Started server process [351]
[2026-03-23 22:01:04 +0000] [351] [INFO] Waiting for application startup.
[2026-03-23 22:01:04 +0000] [351] [INFO] Application startup complete.
[2026-03-23 22:01:04 +0000] [362] [INFO] Booting worker with pid: 362
[2026-03-23 22:01:04 +0000] [355] [INFO] Started server process [355]
[2026-03-23 22:01:04 +0000] [355] [INFO] Waiting for application startup.
[2026-03-23 22:01:04 +0000] [355] [INFO] Application startup complete.
[2026-03-23 22:01:04 +0000] [357] [INFO] Started server process [357]
[2026-03-23 22:01:04 +0000] [357] [INFO] Waiting for application startup.
[2026-03-23 22:01:04 +0000] [357] [INFO] Application startup complete.
[2026-03-23 22:01:04 +0000] [356] [INFO] Started server process [356]
[2026-03-23 22:01:04 +0000] [356] [INFO] Waiting for application startup.
[2026-03-23 22:01:04 +0000] [356] [INFO] Application startup complete.
[2026-03-23 22:01:04 +0000] [365] [INFO] Booting worker with pid: 365
[2026-03-23 22:01:04 +0000] [359] [INFO] Started server process [359]
[2026-03-23 22:01:04 +0000] [359] [INFO] Waiting for application startup.
[2026-03-23 22:01:04 +0000] [359] [INFO] Application startup complete.
[2026-03-23 22:01:04 +0000] [362] [INFO] Started server process [362]
[2026-03-23 22:01:04 +0000] [362] [INFO] Waiting for application startup.
[2026-03-23 22:01:04 +0000] [362] [INFO] Application startup complete.
[2026-03-23 22:01:04 +0000] [368] [INFO] Booting worker with pid: 368
[2026-03-23 22:01:04 +0000] [365] [INFO] Started server process [365]
[2026-03-23 22:01:04 +0000] [365] [INFO] Waiting for application startup.
[2026-03-23 22:01:04 +0000] [365] [INFO] Application startup complete.
[2026-03-23 22:01:04 +0000] [370] [INFO] Booting worker with pid: 370
[2026-03-23 22:01:04 +0000] [371] [INFO] Booting worker with pid: 371
[2026-03-23 22:01:04 +0000] [373] [INFO] Booting worker with pid: 373
[2026-03-23 22:01:04 +0000] [368] [INFO] Started server process [368]
[2026-03-23 22:01:04 +0000] [368] [INFO] Waiting for application startup.
[2026-03-23 22:01:04 +0000] [368] [INFO] Application startup complete.
[2026-03-23 22:01:04 +0000] [375] [INFO] Booting worker with pid: 375
[2026-03-23 22:01:04 +0000] [370] [INFO] Started server process [370]
[2026-03-23 22:01:04 +0000] [370] [INFO] Waiting for application startup.
[2026-03-23 22:01:04 +0000] [370] [INFO] Application startup complete.
[2026-03-23 22:01:04 +0000] [377] [INFO] Booting worker with pid: 377
[2026-03-23 22:01:04 +0000] [373] [INFO] Started server process [373]
[2026-03-23 22:01:04 +0000] [373] [INFO] Waiting for application startup.
[2026-03-23 22:01:04 +0000] [373] [INFO] Application startup complete.
[2026-03-23 22:01:04 +0000] [379] [INFO] Booting worker with pid: 379
[2026-03-23 22:01:04 +0000] [371] [INFO] Started server process [371]
[2026-03-23 22:01:04 +0000] [371] [INFO] Waiting for application startup.
[2026-03-23 22:01:04 +0000] [371] [INFO] Application startup complete.
[2026-03-23 22:01:04 +0000] [380] [INFO] Booting worker with pid: 380
[2026-03-23 22:01:04 +0000] [381] [INFO] Booting worker with pid: 381
[2026-03-23 22:01:04 +0000] [383] [INFO] Booting worker with pid: 383
[2026-03-23 22:01:04 +0000] [377] [INFO] Started server process [377]
[2026-03-23 22:01:04 +0000] [377] [INFO] Waiting for application startup.
[2026-03-23 22:01:04 +0000] [377] [INFO] Application startup complete.
[2026-03-23 22:01:04 +0000] [375] [INFO] Started server process [375]
[2026-03-23 22:01:04 +0000] [385] [INFO] Booting worker with pid: 385
[2026-03-23 22:01:04 +0000] [375] [INFO] Waiting for application startup.
[2026-03-23 22:01:04 +0000] [375] [INFO] Application startup complete.
[2026-03-23 22:01:04 +0000] [386] [INFO] Booting worker with pid: 386
[2026-03-23 22:01:04 +0000] [388] [INFO] Booting worker with pid: 388
[2026-03-23 22:01:04 +0000] [381] [INFO] Started server process [381]
[2026-03-23 22:01:04 +0000] [381] [INFO] Waiting for application startup.
[2026-03-23 22:01:04 +0000] [381] [INFO] Application startup complete.
[2026-03-23 22:01:05 +0000] [379] [INFO] Started server process [379]
[2026-03-23 22:01:05 +0000] [379] [INFO] Waiting for application startup.
[2026-03-23 22:01:05 +0000] [379] [INFO] Application startup complete.
[2026-03-23 22:01:05 +0000] [380] [INFO] Started server process [380]
[2026-03-23 22:01:05 +0000] [380] [INFO] Waiting for application startup.
[2026-03-23 22:01:05 +0000] [380] [INFO] Application startup complete.
[2026-03-23 22:01:05 +0000] [392] [INFO] Booting worker with pid: 392
[2026-03-23 22:01:05 +0000] [383] [INFO] Started server process [383]
[2026-03-23 22:01:05 +0000] [383] [INFO] Waiting for application startup.
[2026-03-23 22:01:05 +0000] [383] [INFO] Application startup complete.
[2026-03-23 22:01:05 +0000] [388] [INFO] Started server process [388]
[2026-03-23 22:01:05 +0000] [388] [INFO] Waiting for application startup.
[2026-03-23 22:01:05 +0000] [388] [INFO] Application startup complete.
[2026-03-23 22:01:05 +0000] [385] [INFO] Started server process [385]
[2026-03-23 22:01:05 +0000] [385] [INFO] Waiting for application startup.
[2026-03-23 22:01:05 +0000] [385] [INFO] Application startup complete.
[2026-03-23 22:01:05 +0000] [386] [INFO] Started server process [386]
[2026-03-23 22:01:05 +0000] [386] [INFO] Waiting for application startup.
[2026-03-23 22:01:05 +0000] [386] [INFO] Application startup complete.
[2026-03-23 22:01:05 +0000] [397] [INFO] Booting worker with pid: 397
[2026-03-23 22:01:05 +0000] [392] [INFO] Started server process [392]
[2026-03-23 22:01:05 +0000] [392] [INFO] Waiting for application startup.
[2026-03-23 22:01:05 +0000] [392] [INFO] Application startup complete.
[2026-03-23 22:01:05 +0000] [398] [INFO] Booting worker with pid: 398
[2026-03-23 22:01:05 +0000] [397] [INFO] Started server process [397]
[2026-03-23 22:01:05 +0000] [397] [INFO] Waiting for application startup.
[2026-03-23 22:01:05 +0000] [397] [INFO] Application startup complete.
[2026-03-23 22:01:05 +0000] [401] [INFO] Booting worker with pid: 401
[2026-03-23 22:01:05 +0000] [402] [INFO] Booting worker with pid: 402
[2026-03-23 22:01:05 +0000] [398] [INFO] Started server process [398]
[2026-03-23 22:01:05 +0000] [398] [INFO] Waiting for application startup.
[2026-03-23 22:01:05 +0000] [398] [INFO] Application startup complete.
[2026-03-23 22:01:05 +0000] [403] [INFO] Booting worker with pid: 403
[2026-03-23 22:01:05 +0000] [405] [INFO] Booting worker with pid: 405
[2026-03-23 22:01:05 +0000] [406] [INFO] Booting worker with pid: 406
[2026-03-23 22:01:05 +0000] [402] [INFO] Started server process [402]
[2026-03-23 22:01:05 +0000] [402] [INFO] Waiting for application startup.
[2026-03-23 22:01:05 +0000] [402] [INFO] Application startup complete.
[2026-03-23 22:01:05 +0000] [408] [INFO] Booting worker with pid: 408
[2026-03-23 22:01:05 +0000] [403] [INFO] Started server process [403]
[2026-03-23 22:01:05 +0000] [403] [INFO] Waiting for application startup.
[2026-03-23 22:01:05 +0000] [403] [INFO] Application startup complete.
[2026-03-23 22:01:05 +0000] [406] [INFO] Started server process [406]
[2026-03-23 22:01:05 +0000] [406] [INFO] Waiting for application startup.
[2026-03-23 22:01:05 +0000] [406] [INFO] Application startup complete.
[2026-03-23 22:01:05 +0000] [401] [INFO] Started server process [401]
[2026-03-23 22:01:05 +0000] [401] [INFO] Waiting for application startup.
[2026-03-23 22:01:05 +0000] [401] [INFO] Application startup complete.
[2026-03-23 22:01:05 +0000] [405] [INFO] Started server process [405]
[2026-03-23 22:01:05 +0000] [405] [INFO] Waiting for application startup.
[2026-03-23 22:01:05 +0000] [405] [INFO] Application startup complete.
[2026-03-23 22:01:05 +0000] [412] [INFO] Booting worker with pid: 412
[2026-03-23 22:01:05 +0000] [414] [INFO] Booting worker with pid: 414
[2026-03-23 22:01:05 +0000] [408] [INFO] Started server process [408]
[2026-03-23 22:01:05 +0000] [408] [INFO] Waiting for application startup.
[2026-03-23 22:01:05 +0000] [408] [INFO] Application startup complete.
[2026-03-23 22:01:05 +0000] [415] [INFO] Booting worker with pid: 415
[2026-03-23 22:01:05 +0000] [412] [INFO] Started server process [412]
[2026-03-23 22:01:05 +0000] [412] [INFO] Waiting for application startup.
[2026-03-23 22:01:05 +0000] [412] [INFO] Application startup complete.
[2026-03-23 22:01:05 +0000] [418] [INFO] Booting worker with pid: 418
[2026-03-23 22:01:05 +0000] [419] [INFO] Booting worker with pid: 419
[2026-03-23 22:01:05 +0000] [414] [INFO] Started server process [414]
[2026-03-23 22:01:05 +0000] [414] [INFO] Waiting for application startup.
[2026-03-23 22:01:05 +0000] [414] [INFO] Application startup complete.
[2026-03-23 22:01:05 +0000] [415] [INFO] Started server process [415]
[2026-03-23 22:01:05 +0000] [415] [INFO] Waiting for application startup.
[2026-03-23 22:01:05 +0000] [415] [INFO] Application startup complete.
[2026-03-23 22:01:05 +0000] [421] [INFO] Booting worker with pid: 421
[2026-03-23 22:01:06 +0000] [419] [INFO] Started server process [419]
[2026-03-23 22:01:06 +0000] [419] [INFO] Waiting for application startup.
[2026-03-23 22:01:06 +0000] [419] [INFO] Application startup complete.
[2026-03-23 22:01:06 +0000] [423] [INFO] Booting worker with pid: 423
[2026-03-23 22:01:06 +0000] [418] [INFO] Started server process [418]
[2026-03-23 22:01:06 +0000] [418] [INFO] Waiting for application startup.
[2026-03-23 22:01:06 +0000] [418] [INFO] Application startup complete.
[2026-03-23 22:01:06 +0000] [421] [INFO] Started server process [421]
[2026-03-23 22:01:06 +0000] [421] [INFO] Waiting for application startup.
[2026-03-23 22:01:06 +0000] [421] [INFO] Application startup complete.
[2026-03-23 22:01:06 +0000] [426] [INFO] Booting worker with pid: 426
[2026-03-23 22:01:06 +0000] [427] [INFO] Booting worker with pid: 427
[2026-03-23 22:01:06 +0000] [423] [INFO] Started server process [423]
[2026-03-23 22:01:06 +0000] [423] [INFO] Waiting for application startup.
[2026-03-23 22:01:06 +0000] [423] [INFO] Application startup complete.
[2026-03-23 22:01:06 +0000] [429] [INFO] Booting worker with pid: 429
[2026-03-23 22:01:06 +0000] [431] [INFO] Booting worker with pid: 431
[2026-03-23 22:01:06 +0000] [426] [INFO] Started server process [426]
[2026-03-23 22:01:06 +0000] [426] [INFO] Waiting for application startup.
[2026-03-23 22:01:06 +0000] [426] [INFO] Application startup complete.
[2026-03-23 22:01:06 +0000] [427] [INFO] Started server process [427]
[2026-03-23 22:01:06 +0000] [427] [INFO] Waiting for application startup.
[2026-03-23 22:01:06 +0000] [427] [INFO] Application startup complete.
[2026-03-23 22:01:06 +0000] [429] [INFO] Started server process [429]
[2026-03-23 22:01:06 +0000] [429] [INFO] Waiting for application startup.
[2026-03-23 22:01:06 +0000] [429] [INFO] Application startup complete.
[2026-03-23 22:01:06 +0000] [434] [INFO] Booting worker with pid: 434
[2026-03-23 22:01:06 +0000] [436] [INFO] Booting worker with pid: 436
[2026-03-23 22:01:06 +0000] [431] [INFO] Started server process [431]
[2026-03-23 22:01:06 +0000] [431] [INFO] Waiting for application startup.
[2026-03-23 22:01:06 +0000] [431] [INFO] Application startup complete.
[2026-03-23 22:01:06 +0000] [437] [INFO] Booting worker with pid: 437
[2026-03-23 22:01:06 +0000] [438] [INFO] Booting worker with pid: 438
[2026-03-23 22:01:06 +0000] [441] [INFO] Booting worker with pid: 441
[2026-03-23 22:01:06 +0000] [436] [INFO] Started server process [436]
[2026-03-23 22:01:06 +0000] [436] [INFO] Waiting for application startup.
[2026-03-23 22:01:06 +0000] [436] [INFO] Application startup complete.
[2026-03-23 22:01:06 +0000] [434] [INFO] Started server process [434]
[2026-03-23 22:01:06 +0000] [434] [INFO] Waiting for application startup.
[2026-03-23 22:01:06 +0000] [434] [INFO] Application startup complete.
[2026-03-23 22:01:06 +0000] [437] [INFO] Started server process [437]
[2026-03-23 22:01:06 +0000] [437] [INFO] Waiting for application startup.
[2026-03-23 22:01:06 +0000] [437] [INFO] Application startup complete.
[2026-03-23 22:01:06 +0000] [438] [INFO] Started server process [438]
[2026-03-23 22:01:06 +0000] [438] [INFO] Waiting for application startup.
[2026-03-23 22:01:06 +0000] [438] [INFO] Application startup complete.
[2026-03-23 22:01:06 +0000] [441] [INFO] Started server process [441]
[2026-03-23 22:01:06 +0000] [441] [INFO] Waiting for application startup.
[2026-03-23 22:01:06 +0000] [441] [INFO] Application startup complete.
[2026-03-23 22:01:06 +0000] [445] [INFO] Booting worker with pid: 445
[2026-03-23 22:01:06 +0000] [446] [INFO] Booting worker with pid: 446
[2026-03-23 22:01:06 +0000] [445] [INFO] Started server process [445]
[2026-03-23 22:01:06 +0000] [445] [INFO] Waiting for application startup.
[2026-03-23 22:01:06 +0000] [445] [INFO] Application startup complete.
[2026-03-23 22:01:06 +0000] [446] [INFO] Started server process [446]
[2026-03-23 22:01:06 +0000] [446] [INFO] Waiting for application startup.
[2026-03-23 22:01:06 +0000] [446] [INFO] Application startup complete.
[2026-03-23 22:01:06 +0000] [449] [INFO] Booting worker with pid: 449
[2026-03-23 22:01:07 +0000] [449] [INFO] Started server process [449]
[2026-03-23 22:01:07 +0000] [449] [INFO] Waiting for application startup.
[2026-03-23 22:01:07 +0000] [449] [INFO] Application startup complete.
[2026-03-23 22:01:07 +0000] [451] [INFO] Booting worker with pid: 451
[2026-03-23 22:01:07 +0000] [452] [INFO] Booting worker with pid: 452
[2026-03-23 22:01:07 +0000] [453] [INFO] Booting worker with pid: 453
[2026-03-23 22:01:07 +0000] [451] [INFO] Started server process [451]
[2026-03-23 22:01:07 +0000] [451] [INFO] Waiting for application startup.
[2026-03-23 22:01:07 +0000] [451] [INFO] Application startup complete.
[2026-03-23 22:01:07 +0000] [452] [INFO] Started server process [452]
[2026-03-23 22:01:07 +0000] [452] [INFO] Waiting for application startup.
[2026-03-23 22:01:07 +0000] [452] [INFO] Application startup complete.
[2026-03-23 22:01:07 +0000] [453] [INFO] Started server process [453]
[2026-03-23 22:01:07 +0000] [453] [INFO] Waiting for application startup.
[2026-03-23 22:01:07 +0000] [453] [INFO] Application startup complete.
[2026-03-23 22:01:07 +0000] [457] [INFO] Booting worker with pid: 457
[2026-03-23 22:01:07 +0000] [458] [INFO] Booting worker with pid: 458
[2026-03-23 22:01:07 +0000] [457] [INFO] Started server process [457]
[2026-03-23 22:01:07 +0000] [457] [INFO] Waiting for application startup.
[2026-03-23 22:01:07 +0000] [457] [INFO] Application startup complete.
[2026-03-23 22:01:07 +0000] [460] [INFO] Booting worker with pid: 460
[2026-03-23 22:01:07 +0000] [458] [INFO] Started server process [458]
[2026-03-23 22:01:07 +0000] [458] [INFO] Waiting for application startup.
[2026-03-23 22:01:07 +0000] [458] [INFO] Application startup complete.
[2026-03-23 22:01:07 +0000] [460] [INFO] Started server process [460]
[2026-03-23 22:01:07 +0000] [460] [INFO] Waiting for application startup.
[2026-03-23 22:01:07 +0000] [460] [INFO] Application startup complete.
[2026-03-23 22:01:07 +0000] [463] [INFO] Booting worker with pid: 463
[2026-03-23 22:01:07 +0000] [463] [INFO] Started server process [463]
[2026-03-23 22:01:07 +0000] [463] [INFO] Waiting for application startup.
[2026-03-23 22:01:07 +0000] [463] [INFO] Application startup complete.
[2026-03-23 22:01:07 +0000] [465] [INFO] Booting worker with pid: 465
[2026-03-23 22:01:07 +0000] [466] [INFO] Booting worker with pid: 466
[2026-03-23 22:01:07 +0000] [467] [INFO] Booting worker with pid: 467
[2026-03-23 22:01:07 +0000] [469] [INFO] Booting worker with pid: 469
[2026-03-23 22:01:07 +0000] [465] [INFO] Started server process [465]
[2026-03-23 22:01:07 +0000] [465] [INFO] Waiting for application startup.
[2026-03-23 22:01:07 +0000] [465] [INFO] Application startup complete.
[2026-03-23 22:01:07 +0000] [470] [INFO] Booting worker with pid: 470
[2026-03-23 22:01:07 +0000] [466] [INFO] Started server process [466]
[2026-03-23 22:01:07 +0000] [466] [INFO] Waiting for application startup.
[2026-03-23 22:01:07 +0000] [466] [INFO] Application startup complete.
[2026-03-23 22:01:07 +0000] [467] [INFO] Started server process [467]
[2026-03-23 22:01:07 +0000] [467] [INFO] Waiting for application startup.
[2026-03-23 22:01:07 +0000] [467] [INFO] Application startup complete.
[2026-03-23 22:01:07 +0000] [474] [INFO] Booting worker with pid: 474
[2026-03-23 22:01:07 +0000] [469] [INFO] Started server process [469]
[2026-03-23 22:01:07 +0000] [469] [INFO] Waiting for application startup.
[2026-03-23 22:01:07 +0000] [469] [INFO] Application startup complete.
[2026-03-23 22:01:07 +0000] [470] [INFO] Started server process [470]
[2026-03-23 22:01:07 +0000] [470] [INFO] Waiting for application startup.
[2026-03-23 22:01:07 +0000] [470] [INFO] Application startup complete.
[2026-03-23 22:01:07 +0000] [474] [INFO] Started server process [474]
[2026-03-23 22:01:07 +0000] [474] [INFO] Waiting for application startup.
[2026-03-23 22:01:07 +0000] [474] [INFO] Application startup complete.
[2026-03-23 22:01:07 +0000] [477] [INFO] Booting worker with pid: 477
[2026-03-23 22:01:07 +0000] [478] [INFO] Booting worker with pid: 478
[2026-03-23 22:01:07 +0000] [480] [INFO] Booting worker with pid: 480
[2026-03-23 22:01:07 +0000] [477] [INFO] Started server process [477]
[2026-03-23 22:01:07 +0000] [477] [INFO] Waiting for application startup.
[2026-03-23 22:01:07 +0000] [477] [INFO] Application startup complete.
[2026-03-23 22:01:07 +0000] [478] [INFO] Started server process [478]
[2026-03-23 22:01:07 +0000] [478] [INFO] Waiting for application startup.
[2026-03-23 22:01:07 +0000] [478] [INFO] Application startup complete.
[2026-03-23 22:01:07 +0000] [483] [INFO] Booting worker with pid: 483
[2026-03-23 22:01:07 +0000] [480] [INFO] Started server process [480]
[2026-03-23 22:01:07 +0000] [480] [INFO] Waiting for application startup.
[2026-03-23 22:01:07 +0000] [480] [INFO] Application startup complete.
[2026-03-23 22:01:07 +0000] [483] [INFO] Started server process [483]
[2026-03-23 22:01:07 +0000] [483] [INFO] Waiting for application startup.
[2026-03-23 22:01:07 +0000] [483] [INFO] Application startup complete.
[2026-03-23 22:01:07 +0000] [485] [INFO] Booting worker with pid: 485
[2026-03-23 22:01:07 +0000] [487] [INFO] Booting worker with pid: 487
[2026-03-23 22:01:07 +0000] [485] [INFO] Started server process [485]
[2026-03-23 22:01:07 +0000] [485] [INFO] Waiting for application startup.
[2026-03-23 22:01:07 +0000] [485] [INFO] Application startup complete.
[2026-03-23 22:01:07 +0000] [488] [INFO] Booting worker with pid: 488
[2026-03-23 22:01:07 +0000] [489] [INFO] Booting worker with pid: 489
[2026-03-23 22:01:07 +0000] [487] [INFO] Started server process [487]
[2026-03-23 22:01:07 +0000] [487] [INFO] Waiting for application startup.
[2026-03-23 22:01:07 +0000] [487] [INFO] Application startup complete.
[2026-03-23 22:01:08 +0000] [488] [INFO] Started server process [488]
[2026-03-23 22:01:08 +0000] [488] [INFO] Waiting for application startup.
[2026-03-23 22:01:08 +0000] [488] [INFO] Application startup complete.
[2026-03-23 22:01:08 +0000] [492] [INFO] Booting worker with pid: 492
[2026-03-23 22:01:08 +0000] [489] [INFO] Started server process [489]
[2026-03-23 22:01:08 +0000] [489] [INFO] Waiting for application startup.
[2026-03-23 22:01:08 +0000] [489] [INFO] Application startup complete.
[2026-03-23 22:01:08 +0000] [492] [INFO] Started server process [492]
[2026-03-23 22:01:08 +0000] [492] [INFO] Waiting for application startup.
[2026-03-23 22:01:08 +0000] [492] [INFO] Application startup complete.
[2026-03-23 22:01:08 +0000] [495] [INFO] Booting worker with pid: 495
[2026-03-23 22:01:08 +0000] [496] [INFO] Booting worker with pid: 496
[2026-03-23 22:01:08 +0000] [497] [INFO] Booting worker with pid: 497
[2026-03-23 22:01:08 +0000] [495] [INFO] Started server process [495]
[2026-03-23 22:01:08 +0000] [495] [INFO] Waiting for application startup.
[2026-03-23 22:01:08 +0000] [495] [INFO] Application startup complete.
[2026-03-23 22:01:08 +0000] [496] [INFO] Started server process [496]
[2026-03-23 22:01:08 +0000] [496] [INFO] Waiting for application startup.
[2026-03-23 22:01:08 +0000] [496] [INFO] Application startup complete.
[2026-03-23 22:01:08 +0000] [497] [INFO] Started server process [497]
[2026-03-23 22:01:08 +0000] [497] [INFO] Waiting for application startup.
[2026-03-23 22:01:08 +0000] [497] [INFO] Application startup complete.
[2026-03-23 22:01:08 +0000] [501] [INFO] Booting worker with pid: 501
[2026-03-23 22:01:08 +0000] [501] [INFO] Started server process [501]
[2026-03-23 22:01:08 +0000] [501] [INFO] Waiting for application startup.
[2026-03-23 22:01:08 +0000] [501] [INFO] Application startup complete.
[2026-03-23 22:01:08 +0000] [503] [INFO] Booting worker with pid: 503
[2026-03-23 22:01:08 +0000] [504] [INFO] Booting worker with pid: 504
[2026-03-23 22:01:08 +0000] [505] [INFO] Booting worker with pid: 505
[2026-03-23 22:01:08 +0000] [506] [INFO] Booting worker with pid: 506
[2026-03-23 22:01:08 +0000] [508] [INFO] Booting worker with pid: 508
[2026-03-23 22:01:08 +0000] [503] [INFO] Started server process [503]
[2026-03-23 22:01:08 +0000] [503] [INFO] Waiting for application startup.
[2026-03-23 22:01:08 +0000] [503] [INFO] Application startup complete.
[2026-03-23 22:01:08 +0000] [509] [INFO] Booting worker with pid: 509
[2026-03-23 22:01:08 +0000] [504] [INFO] Started server process [504]
[2026-03-23 22:01:08 +0000] [504] [INFO] Waiting for application startup.
[2026-03-23 22:01:08 +0000] [504] [INFO] Application startup complete.
[2026-03-23 22:01:08 +0000] [505] [INFO] Started server process [505]
[2026-03-23 22:01:08 +0000] [505] [INFO] Waiting for application startup.
[2026-03-23 22:01:08 +0000] [505] [INFO] Application startup complete.
[2026-03-23 22:01:08 +0000] [506] [INFO] Started server process [506]
[2026-03-23 22:01:08 +0000] [506] [INFO] Waiting for application startup.
[2026-03-23 22:01:08 +0000] [506] [INFO] Application startup complete.
[2026-03-23 22:01:08 +0000] [508] [INFO] Started server process [508]
[2026-03-23 22:01:08 +0000] [508] [INFO] Waiting for application startup.
[2026-03-23 22:01:08 +0000] [508] [INFO] Application startup complete.
[2026-03-23 22:01:08 +0000] [509] [INFO] Started server process [509]
[2026-03-23 22:01:08 +0000] [509] [INFO] Waiting for application startup.
[2026-03-23 22:01:08 +0000] [509] [INFO] Application startup complete.
[2026-03-23 22:01:08 +0000] [515] [INFO] Booting worker with pid: 515
[2026-03-23 22:01:08 +0000] [516] [INFO] Booting worker with pid: 516
[2026-03-23 22:01:08 +0000] [515] [INFO] Started server process [515]
[2026-03-23 22:01:08 +0000] [515] [INFO] Waiting for application startup.
[2026-03-23 22:01:08 +0000] [515] [INFO] Application startup complete.
[2026-03-23 22:01:08 +0000] [516] [INFO] Started server process [516]
[2026-03-23 22:01:08 +0000] [516] [INFO] Waiting for application startup.
[2026-03-23 22:01:08 +0000] [516] [INFO] Application startup complete.
